[2022-12-31T20:51:04.105+0700] {processor.py:153} INFO - Started process (PID=10466) to work on /home/dmk/anaconda3/lib/python3.9/site-packages/airflow/example_dags/example_short_circuit_decorator.py
[2022-12-31T20:51:04.107+0700] {processor.py:743} INFO - Processing file /home/dmk/anaconda3/lib/python3.9/site-packages/airflow/example_dags/example_short_circuit_decorator.py for tasks to queue
[2022-12-31T20:51:04.107+0700] {logging_mixin.py:137} INFO - [2022-12-31T20:51:04.107+0700] {dagbag.py:538} INFO - Filling up the DagBag from /home/dmk/anaconda3/lib/python3.9/site-packages/airflow/example_dags/example_short_circuit_decorator.py
[2022-12-31T20:51:04.145+0700] {processor.py:753} INFO - DAG(s) dict_keys(['example_short_circuit_decorator']) retrieved from /home/dmk/anaconda3/lib/python3.9/site-packages/airflow/example_dags/example_short_circuit_decorator.py
[2022-12-31T20:51:04.307+0700] {logging_mixin.py:137} INFO - [2022-12-31T20:51:04.307+0700] {dag.py:2676} INFO - Sync 1 DAGs
[2022-12-31T20:51:04.324+0700] {logging_mixin.py:137} INFO - [2022-12-31T20:51:04.324+0700] {dag.py:3423} INFO - Setting next_dagrun for example_short_circuit_decorator to 2022-12-30T13:51:04.324275+00:00, run_after=2022-12-31T13:51:04.324275+00:00
[2022-12-31T20:51:04.350+0700] {processor.py:175} INFO - Processing /home/dmk/anaconda3/lib/python3.9/site-packages/airflow/example_dags/example_short_circuit_decorator.py took 0.248 seconds
[2022-12-31T20:55:12.585+0700] {processor.py:153} INFO - Started process (PID=11931) to work on /home/dmk/anaconda3/lib/python3.9/site-packages/airflow/example_dags/example_short_circuit_decorator.py
[2022-12-31T20:55:12.589+0700] {processor.py:743} INFO - Processing file /home/dmk/anaconda3/lib/python3.9/site-packages/airflow/example_dags/example_short_circuit_decorator.py for tasks to queue
[2022-12-31T20:55:12.590+0700] {logging_mixin.py:137} INFO - [2022-12-31T20:55:12.590+0700] {dagbag.py:538} INFO - Filling up the DagBag from /home/dmk/anaconda3/lib/python3.9/site-packages/airflow/example_dags/example_short_circuit_decorator.py
[2022-12-31T20:55:12.630+0700] {processor.py:753} INFO - DAG(s) dict_keys(['example_short_circuit_decorator']) retrieved from /home/dmk/anaconda3/lib/python3.9/site-packages/airflow/example_dags/example_short_circuit_decorator.py
[2022-12-31T20:55:12.672+0700] {logging_mixin.py:137} INFO - [2022-12-31T20:55:12.672+0700] {dag.py:2676} INFO - Sync 1 DAGs
[2022-12-31T20:55:12.799+0700] {logging_mixin.py:137} INFO - [2022-12-31T20:55:12.799+0700] {dag.py:3423} INFO - Setting next_dagrun for example_short_circuit_decorator to 2022-12-30T13:55:12.799420+00:00, run_after=2022-12-31T13:55:12.799420+00:00
[2022-12-31T20:55:12.827+0700] {processor.py:175} INFO - Processing /home/dmk/anaconda3/lib/python3.9/site-packages/airflow/example_dags/example_short_circuit_decorator.py took 0.245 seconds
[2022-12-31T20:56:05.638+0700] {processor.py:153} INFO - Started process (PID=12135) to work on /home/dmk/anaconda3/lib/python3.9/site-packages/airflow/example_dags/example_short_circuit_decorator.py
[2022-12-31T20:56:05.642+0700] {processor.py:743} INFO - Processing file /home/dmk/anaconda3/lib/python3.9/site-packages/airflow/example_dags/example_short_circuit_decorator.py for tasks to queue
[2022-12-31T20:56:05.643+0700] {logging_mixin.py:137} INFO - [2022-12-31T20:56:05.642+0700] {dagbag.py:538} INFO - Filling up the DagBag from /home/dmk/anaconda3/lib/python3.9/site-packages/airflow/example_dags/example_short_circuit_decorator.py
[2022-12-31T20:56:05.679+0700] {processor.py:753} INFO - DAG(s) dict_keys(['example_short_circuit_decorator']) retrieved from /home/dmk/anaconda3/lib/python3.9/site-packages/airflow/example_dags/example_short_circuit_decorator.py
[2022-12-31T20:56:05.855+0700] {logging_mixin.py:137} INFO - [2022-12-31T20:56:05.855+0700] {dag.py:2676} INFO - Sync 1 DAGs
[2022-12-31T20:56:05.880+0700] {logging_mixin.py:137} INFO - [2022-12-31T20:56:05.879+0700] {dag.py:3423} INFO - Setting next_dagrun for example_short_circuit_decorator to 2022-12-30T13:56:05.879612+00:00, run_after=2022-12-31T13:56:05.879612+00:00
[2022-12-31T20:56:05.912+0700] {processor.py:175} INFO - Processing /home/dmk/anaconda3/lib/python3.9/site-packages/airflow/example_dags/example_short_circuit_decorator.py took 0.277 seconds
[2022-12-31T20:56:55.934+0700] {processor.py:153} INFO - Started process (PID=12354) to work on /home/dmk/anaconda3/lib/python3.9/site-packages/airflow/example_dags/example_short_circuit_decorator.py
[2022-12-31T20:56:55.935+0700] {processor.py:743} INFO - Processing file /home/dmk/anaconda3/lib/python3.9/site-packages/airflow/example_dags/example_short_circuit_decorator.py for tasks to queue
[2022-12-31T20:56:55.936+0700] {logging_mixin.py:137} INFO - [2022-12-31T20:56:55.936+0700] {dagbag.py:538} INFO - Filling up the DagBag from /home/dmk/anaconda3/lib/python3.9/site-packages/airflow/example_dags/example_short_circuit_decorator.py
[2022-12-31T20:56:55.979+0700] {processor.py:753} INFO - DAG(s) dict_keys(['example_short_circuit_decorator']) retrieved from /home/dmk/anaconda3/lib/python3.9/site-packages/airflow/example_dags/example_short_circuit_decorator.py
[2022-12-31T20:56:56.136+0700] {logging_mixin.py:137} INFO - [2022-12-31T20:56:56.135+0700] {dag.py:2676} INFO - Sync 1 DAGs
[2022-12-31T20:56:56.161+0700] {logging_mixin.py:137} INFO - [2022-12-31T20:56:56.161+0700] {dag.py:3423} INFO - Setting next_dagrun for example_short_circuit_decorator to 2022-12-30T13:56:56.161437+00:00, run_after=2022-12-31T13:56:56.161437+00:00
[2022-12-31T20:56:56.187+0700] {processor.py:175} INFO - Processing /home/dmk/anaconda3/lib/python3.9/site-packages/airflow/example_dags/example_short_circuit_decorator.py took 0.255 seconds
[2022-12-31T20:58:00.019+0700] {processor.py:153} INFO - Started process (PID=12819) to work on /home/dmk/anaconda3/lib/python3.9/site-packages/airflow/example_dags/example_short_circuit_decorator.py
[2022-12-31T20:58:00.026+0700] {processor.py:743} INFO - Processing file /home/dmk/anaconda3/lib/python3.9/site-packages/airflow/example_dags/example_short_circuit_decorator.py for tasks to queue
[2022-12-31T20:58:00.029+0700] {logging_mixin.py:137} INFO - [2022-12-31T20:58:00.028+0700] {dagbag.py:538} INFO - Filling up the DagBag from /home/dmk/anaconda3/lib/python3.9/site-packages/airflow/example_dags/example_short_circuit_decorator.py
[2022-12-31T20:58:00.221+0700] {processor.py:753} INFO - DAG(s) dict_keys(['example_short_circuit_decorator']) retrieved from /home/dmk/anaconda3/lib/python3.9/site-packages/airflow/example_dags/example_short_circuit_decorator.py
[2022-12-31T20:58:00.254+0700] {logging_mixin.py:137} INFO - [2022-12-31T20:58:00.253+0700] {dag.py:2676} INFO - Sync 1 DAGs
[2022-12-31T20:58:00.284+0700] {logging_mixin.py:137} INFO - [2022-12-31T20:58:00.284+0700] {dag.py:3423} INFO - Setting next_dagrun for example_short_circuit_decorator to 2022-12-30T13:58:00.283880+00:00, run_after=2022-12-31T13:58:00.283880+00:00
[2022-12-31T20:58:00.312+0700] {processor.py:175} INFO - Processing /home/dmk/anaconda3/lib/python3.9/site-packages/airflow/example_dags/example_short_circuit_decorator.py took 0.303 seconds
[2022-12-31T20:58:51.331+0700] {processor.py:153} INFO - Started process (PID=13024) to work on /home/dmk/anaconda3/lib/python3.9/site-packages/airflow/example_dags/example_short_circuit_decorator.py
[2022-12-31T20:58:51.334+0700] {processor.py:743} INFO - Processing file /home/dmk/anaconda3/lib/python3.9/site-packages/airflow/example_dags/example_short_circuit_decorator.py for tasks to queue
[2022-12-31T20:58:51.336+0700] {logging_mixin.py:137} INFO - [2022-12-31T20:58:51.335+0700] {dagbag.py:538} INFO - Filling up the DagBag from /home/dmk/anaconda3/lib/python3.9/site-packages/airflow/example_dags/example_short_circuit_decorator.py
[2022-12-31T20:58:51.473+0700] {processor.py:753} INFO - DAG(s) dict_keys(['example_short_circuit_decorator']) retrieved from /home/dmk/anaconda3/lib/python3.9/site-packages/airflow/example_dags/example_short_circuit_decorator.py
[2022-12-31T20:58:51.497+0700] {logging_mixin.py:137} INFO - [2022-12-31T20:58:51.497+0700] {dag.py:2676} INFO - Sync 1 DAGs
[2022-12-31T20:58:51.513+0700] {logging_mixin.py:137} INFO - [2022-12-31T20:58:51.513+0700] {dag.py:3423} INFO - Setting next_dagrun for example_short_circuit_decorator to 2022-12-30T13:58:51.513436+00:00, run_after=2022-12-31T13:58:51.513436+00:00
[2022-12-31T20:58:51.534+0700] {processor.py:175} INFO - Processing /home/dmk/anaconda3/lib/python3.9/site-packages/airflow/example_dags/example_short_circuit_decorator.py took 0.210 seconds
[2022-12-31T20:59:40.801+0700] {processor.py:153} INFO - Started process (PID=14163) to work on /home/dmk/anaconda3/lib/python3.9/site-packages/airflow/example_dags/example_short_circuit_decorator.py
[2022-12-31T20:59:40.803+0700] {processor.py:743} INFO - Processing file /home/dmk/anaconda3/lib/python3.9/site-packages/airflow/example_dags/example_short_circuit_decorator.py for tasks to queue
[2022-12-31T20:59:40.804+0700] {logging_mixin.py:137} INFO - [2022-12-31T20:59:40.804+0700] {dagbag.py:538} INFO - Filling up the DagBag from /home/dmk/anaconda3/lib/python3.9/site-packages/airflow/example_dags/example_short_circuit_decorator.py
[2022-12-31T20:59:40.831+0700] {processor.py:753} INFO - DAG(s) dict_keys(['example_short_circuit_decorator']) retrieved from /home/dmk/anaconda3/lib/python3.9/site-packages/airflow/example_dags/example_short_circuit_decorator.py
[2022-12-31T20:59:40.861+0700] {logging_mixin.py:137} INFO - [2022-12-31T20:59:40.860+0700] {dag.py:2676} INFO - Sync 1 DAGs
[2022-12-31T20:59:40.883+0700] {logging_mixin.py:137} INFO - [2022-12-31T20:59:40.883+0700] {dag.py:3423} INFO - Setting next_dagrun for example_short_circuit_decorator to 2022-12-30T13:59:40.883256+00:00, run_after=2022-12-31T13:59:40.883256+00:00
[2022-12-31T20:59:40.914+0700] {processor.py:175} INFO - Processing /home/dmk/anaconda3/lib/python3.9/site-packages/airflow/example_dags/example_short_circuit_decorator.py took 0.116 seconds
[2022-12-31T21:00:33.167+0700] {processor.py:153} INFO - Started process (PID=15416) to work on /home/dmk/anaconda3/lib/python3.9/site-packages/airflow/example_dags/example_short_circuit_decorator.py
[2022-12-31T21:00:33.171+0700] {processor.py:743} INFO - Processing file /home/dmk/anaconda3/lib/python3.9/site-packages/airflow/example_dags/example_short_circuit_decorator.py for tasks to queue
[2022-12-31T21:00:33.172+0700] {logging_mixin.py:137} INFO - [2022-12-31T21:00:33.172+0700] {dagbag.py:538} INFO - Filling up the DagBag from /home/dmk/anaconda3/lib/python3.9/site-packages/airflow/example_dags/example_short_circuit_decorator.py
[2022-12-31T21:00:33.197+0700] {processor.py:753} INFO - DAG(s) dict_keys(['example_short_circuit_decorator']) retrieved from /home/dmk/anaconda3/lib/python3.9/site-packages/airflow/example_dags/example_short_circuit_decorator.py
[2022-12-31T21:00:33.222+0700] {logging_mixin.py:137} INFO - [2022-12-31T21:00:33.222+0700] {dag.py:2676} INFO - Sync 1 DAGs
[2022-12-31T21:00:33.244+0700] {logging_mixin.py:137} INFO - [2022-12-31T21:00:33.243+0700] {dag.py:3423} INFO - Setting next_dagrun for example_short_circuit_decorator to 2022-12-30T14:00:33.243739+00:00, run_after=2022-12-31T14:00:33.243739+00:00
[2022-12-31T21:00:33.268+0700] {processor.py:175} INFO - Processing /home/dmk/anaconda3/lib/python3.9/site-packages/airflow/example_dags/example_short_circuit_decorator.py took 0.104 seconds
[2022-12-31T21:01:28.072+0700] {processor.py:153} INFO - Started process (PID=16199) to work on /home/dmk/anaconda3/lib/python3.9/site-packages/airflow/example_dags/example_short_circuit_decorator.py
[2022-12-31T21:01:28.074+0700] {processor.py:743} INFO - Processing file /home/dmk/anaconda3/lib/python3.9/site-packages/airflow/example_dags/example_short_circuit_decorator.py for tasks to queue
[2022-12-31T21:01:28.075+0700] {logging_mixin.py:137} INFO - [2022-12-31T21:01:28.075+0700] {dagbag.py:538} INFO - Filling up the DagBag from /home/dmk/anaconda3/lib/python3.9/site-packages/airflow/example_dags/example_short_circuit_decorator.py
[2022-12-31T21:01:28.106+0700] {processor.py:753} INFO - DAG(s) dict_keys(['example_short_circuit_decorator']) retrieved from /home/dmk/anaconda3/lib/python3.9/site-packages/airflow/example_dags/example_short_circuit_decorator.py
[2022-12-31T21:01:28.142+0700] {logging_mixin.py:137} INFO - [2022-12-31T21:01:28.142+0700] {dag.py:2676} INFO - Sync 1 DAGs
[2022-12-31T21:01:28.171+0700] {logging_mixin.py:137} INFO - [2022-12-31T21:01:28.171+0700] {dag.py:3423} INFO - Setting next_dagrun for example_short_circuit_decorator to 2022-12-30T14:01:28.171150+00:00, run_after=2022-12-31T14:01:28.171150+00:00
[2022-12-31T21:01:28.199+0700] {processor.py:175} INFO - Processing /home/dmk/anaconda3/lib/python3.9/site-packages/airflow/example_dags/example_short_circuit_decorator.py took 0.130 seconds
[2022-12-31T21:02:20.031+0700] {processor.py:153} INFO - Started process (PID=16318) to work on /home/dmk/anaconda3/lib/python3.9/site-packages/airflow/example_dags/example_short_circuit_decorator.py
[2022-12-31T21:02:20.032+0700] {processor.py:743} INFO - Processing file /home/dmk/anaconda3/lib/python3.9/site-packages/airflow/example_dags/example_short_circuit_decorator.py for tasks to queue
[2022-12-31T21:02:20.033+0700] {logging_mixin.py:137} INFO - [2022-12-31T21:02:20.033+0700] {dagbag.py:538} INFO - Filling up the DagBag from /home/dmk/anaconda3/lib/python3.9/site-packages/airflow/example_dags/example_short_circuit_decorator.py
[2022-12-31T21:02:20.076+0700] {processor.py:753} INFO - DAG(s) dict_keys(['example_short_circuit_decorator']) retrieved from /home/dmk/anaconda3/lib/python3.9/site-packages/airflow/example_dags/example_short_circuit_decorator.py
[2022-12-31T21:02:20.111+0700] {logging_mixin.py:137} INFO - [2022-12-31T21:02:20.111+0700] {dag.py:2676} INFO - Sync 1 DAGs
[2022-12-31T21:02:20.145+0700] {logging_mixin.py:137} INFO - [2022-12-31T21:02:20.145+0700] {dag.py:3423} INFO - Setting next_dagrun for example_short_circuit_decorator to 2022-12-30T14:02:20.144931+00:00, run_after=2022-12-31T14:02:20.144931+00:00
[2022-12-31T21:02:20.185+0700] {processor.py:175} INFO - Processing /home/dmk/anaconda3/lib/python3.9/site-packages/airflow/example_dags/example_short_circuit_decorator.py took 0.158 seconds
[2022-12-31T21:03:49.829+0700] {processor.py:153} INFO - Started process (PID=17057) to work on /home/dmk/anaconda3/lib/python3.9/site-packages/airflow/example_dags/example_short_circuit_decorator.py
[2022-12-31T21:03:49.830+0700] {processor.py:743} INFO - Processing file /home/dmk/anaconda3/lib/python3.9/site-packages/airflow/example_dags/example_short_circuit_decorator.py for tasks to queue
[2022-12-31T21:03:49.831+0700] {logging_mixin.py:137} INFO - [2022-12-31T21:03:49.831+0700] {dagbag.py:538} INFO - Filling up the DagBag from /home/dmk/anaconda3/lib/python3.9/site-packages/airflow/example_dags/example_short_circuit_decorator.py
[2022-12-31T21:03:49.859+0700] {processor.py:753} INFO - DAG(s) dict_keys(['example_short_circuit_decorator']) retrieved from /home/dmk/anaconda3/lib/python3.9/site-packages/airflow/example_dags/example_short_circuit_decorator.py
[2022-12-31T21:03:50.039+0700] {logging_mixin.py:137} INFO - [2022-12-31T21:03:50.039+0700] {dag.py:2676} INFO - Sync 1 DAGs
[2022-12-31T21:03:50.064+0700] {logging_mixin.py:137} INFO - [2022-12-31T21:03:50.063+0700] {dag.py:3423} INFO - Setting next_dagrun for example_short_circuit_decorator to 2022-12-30T14:03:50.063373+00:00, run_after=2022-12-31T14:03:50.063373+00:00
[2022-12-31T21:03:50.094+0700] {processor.py:175} INFO - Processing /home/dmk/anaconda3/lib/python3.9/site-packages/airflow/example_dags/example_short_circuit_decorator.py took 0.268 seconds
[2022-12-31T21:04:47.398+0700] {processor.py:153} INFO - Started process (PID=17585) to work on /home/dmk/anaconda3/lib/python3.9/site-packages/airflow/example_dags/example_short_circuit_decorator.py
[2022-12-31T21:04:47.399+0700] {processor.py:743} INFO - Processing file /home/dmk/anaconda3/lib/python3.9/site-packages/airflow/example_dags/example_short_circuit_decorator.py for tasks to queue
[2022-12-31T21:04:47.399+0700] {logging_mixin.py:137} INFO - [2022-12-31T21:04:47.399+0700] {dagbag.py:538} INFO - Filling up the DagBag from /home/dmk/anaconda3/lib/python3.9/site-packages/airflow/example_dags/example_short_circuit_decorator.py
[2022-12-31T21:04:47.423+0700] {processor.py:753} INFO - DAG(s) dict_keys(['example_short_circuit_decorator']) retrieved from /home/dmk/anaconda3/lib/python3.9/site-packages/airflow/example_dags/example_short_circuit_decorator.py
[2022-12-31T21:04:47.637+0700] {logging_mixin.py:137} INFO - [2022-12-31T21:04:47.637+0700] {dag.py:2676} INFO - Sync 1 DAGs
[2022-12-31T21:04:47.677+0700] {logging_mixin.py:137} INFO - [2022-12-31T21:04:47.677+0700] {dag.py:3423} INFO - Setting next_dagrun for example_short_circuit_decorator to 2022-12-30T14:04:47.677012+00:00, run_after=2022-12-31T14:04:47.677012+00:00
[2022-12-31T21:04:47.710+0700] {processor.py:175} INFO - Processing /home/dmk/anaconda3/lib/python3.9/site-packages/airflow/example_dags/example_short_circuit_decorator.py took 0.314 seconds
[2022-12-31T21:05:40.737+0700] {processor.py:153} INFO - Started process (PID=18296) to work on /home/dmk/anaconda3/lib/python3.9/site-packages/airflow/example_dags/example_short_circuit_decorator.py
[2022-12-31T21:05:40.740+0700] {processor.py:743} INFO - Processing file /home/dmk/anaconda3/lib/python3.9/site-packages/airflow/example_dags/example_short_circuit_decorator.py for tasks to queue
[2022-12-31T21:05:40.741+0700] {logging_mixin.py:137} INFO - [2022-12-31T21:05:40.740+0700] {dagbag.py:538} INFO - Filling up the DagBag from /home/dmk/anaconda3/lib/python3.9/site-packages/airflow/example_dags/example_short_circuit_decorator.py
[2022-12-31T21:05:40.773+0700] {processor.py:753} INFO - DAG(s) dict_keys(['example_short_circuit_decorator']) retrieved from /home/dmk/anaconda3/lib/python3.9/site-packages/airflow/example_dags/example_short_circuit_decorator.py
[2022-12-31T21:05:40.918+0700] {logging_mixin.py:137} INFO - [2022-12-31T21:05:40.918+0700] {dag.py:2676} INFO - Sync 1 DAGs
[2022-12-31T21:05:40.935+0700] {logging_mixin.py:137} INFO - [2022-12-31T21:05:40.934+0700] {dag.py:3423} INFO - Setting next_dagrun for example_short_circuit_decorator to 2022-12-30T14:05:40.934801+00:00, run_after=2022-12-31T14:05:40.934801+00:00
[2022-12-31T21:05:40.956+0700] {processor.py:175} INFO - Processing /home/dmk/anaconda3/lib/python3.9/site-packages/airflow/example_dags/example_short_circuit_decorator.py took 0.223 seconds
[2022-12-31T21:06:42.477+0700] {processor.py:153} INFO - Started process (PID=18476) to work on /home/dmk/anaconda3/lib/python3.9/site-packages/airflow/example_dags/example_short_circuit_decorator.py
[2022-12-31T21:06:42.481+0700] {processor.py:743} INFO - Processing file /home/dmk/anaconda3/lib/python3.9/site-packages/airflow/example_dags/example_short_circuit_decorator.py for tasks to queue
[2022-12-31T21:06:42.481+0700] {logging_mixin.py:137} INFO - [2022-12-31T21:06:42.481+0700] {dagbag.py:538} INFO - Filling up the DagBag from /home/dmk/anaconda3/lib/python3.9/site-packages/airflow/example_dags/example_short_circuit_decorator.py
[2022-12-31T21:06:42.506+0700] {processor.py:753} INFO - DAG(s) dict_keys(['example_short_circuit_decorator']) retrieved from /home/dmk/anaconda3/lib/python3.9/site-packages/airflow/example_dags/example_short_circuit_decorator.py
[2022-12-31T21:06:42.622+0700] {logging_mixin.py:137} INFO - [2022-12-31T21:06:42.622+0700] {dag.py:2676} INFO - Sync 1 DAGs
[2022-12-31T21:06:42.637+0700] {logging_mixin.py:137} INFO - [2022-12-31T21:06:42.637+0700] {dag.py:3423} INFO - Setting next_dagrun for example_short_circuit_decorator to 2022-12-30T14:06:42.636965+00:00, run_after=2022-12-31T14:06:42.636965+00:00
[2022-12-31T21:06:42.659+0700] {processor.py:175} INFO - Processing /home/dmk/anaconda3/lib/python3.9/site-packages/airflow/example_dags/example_short_circuit_decorator.py took 0.185 seconds
[2022-12-31T21:07:34.548+0700] {processor.py:153} INFO - Started process (PID=18677) to work on /home/dmk/anaconda3/lib/python3.9/site-packages/airflow/example_dags/example_short_circuit_decorator.py
[2022-12-31T21:07:34.551+0700] {processor.py:743} INFO - Processing file /home/dmk/anaconda3/lib/python3.9/site-packages/airflow/example_dags/example_short_circuit_decorator.py for tasks to queue
[2022-12-31T21:07:34.552+0700] {logging_mixin.py:137} INFO - [2022-12-31T21:07:34.552+0700] {dagbag.py:538} INFO - Filling up the DagBag from /home/dmk/anaconda3/lib/python3.9/site-packages/airflow/example_dags/example_short_circuit_decorator.py
[2022-12-31T21:07:34.669+0700] {processor.py:753} INFO - DAG(s) dict_keys(['example_short_circuit_decorator']) retrieved from /home/dmk/anaconda3/lib/python3.9/site-packages/airflow/example_dags/example_short_circuit_decorator.py
[2022-12-31T21:07:34.691+0700] {logging_mixin.py:137} INFO - [2022-12-31T21:07:34.691+0700] {dag.py:2676} INFO - Sync 1 DAGs
[2022-12-31T21:07:34.708+0700] {logging_mixin.py:137} INFO - [2022-12-31T21:07:34.708+0700] {dag.py:3423} INFO - Setting next_dagrun for example_short_circuit_decorator to 2022-12-30T14:07:34.707857+00:00, run_after=2022-12-31T14:07:34.707857+00:00
[2022-12-31T21:07:34.729+0700] {processor.py:175} INFO - Processing /home/dmk/anaconda3/lib/python3.9/site-packages/airflow/example_dags/example_short_circuit_decorator.py took 0.183 seconds
[2022-12-31T21:08:27.397+0700] {processor.py:153} INFO - Started process (PID=18888) to work on /home/dmk/anaconda3/lib/python3.9/site-packages/airflow/example_dags/example_short_circuit_decorator.py
[2022-12-31T21:08:27.398+0700] {processor.py:743} INFO - Processing file /home/dmk/anaconda3/lib/python3.9/site-packages/airflow/example_dags/example_short_circuit_decorator.py for tasks to queue
[2022-12-31T21:08:27.399+0700] {logging_mixin.py:137} INFO - [2022-12-31T21:08:27.399+0700] {dagbag.py:538} INFO - Filling up the DagBag from /home/dmk/anaconda3/lib/python3.9/site-packages/airflow/example_dags/example_short_circuit_decorator.py
[2022-12-31T21:08:27.427+0700] {processor.py:753} INFO - DAG(s) dict_keys(['example_short_circuit_decorator']) retrieved from /home/dmk/anaconda3/lib/python3.9/site-packages/airflow/example_dags/example_short_circuit_decorator.py
[2022-12-31T21:08:27.463+0700] {logging_mixin.py:137} INFO - [2022-12-31T21:08:27.463+0700] {dag.py:2676} INFO - Sync 1 DAGs
[2022-12-31T21:08:27.483+0700] {logging_mixin.py:137} INFO - [2022-12-31T21:08:27.483+0700] {dag.py:3423} INFO - Setting next_dagrun for example_short_circuit_decorator to 2022-12-30T14:08:27.483226+00:00, run_after=2022-12-31T14:08:27.483226+00:00
[2022-12-31T21:08:27.511+0700] {processor.py:175} INFO - Processing /home/dmk/anaconda3/lib/python3.9/site-packages/airflow/example_dags/example_short_circuit_decorator.py took 0.116 seconds
[2022-12-31T21:09:37.437+0700] {processor.py:153} INFO - Started process (PID=19800) to work on /home/dmk/anaconda3/lib/python3.9/site-packages/airflow/example_dags/example_short_circuit_decorator.py
[2022-12-31T21:09:37.440+0700] {processor.py:743} INFO - Processing file /home/dmk/anaconda3/lib/python3.9/site-packages/airflow/example_dags/example_short_circuit_decorator.py for tasks to queue
[2022-12-31T21:09:37.441+0700] {logging_mixin.py:137} INFO - [2022-12-31T21:09:37.441+0700] {dagbag.py:538} INFO - Filling up the DagBag from /home/dmk/anaconda3/lib/python3.9/site-packages/airflow/example_dags/example_short_circuit_decorator.py
[2022-12-31T21:09:37.470+0700] {processor.py:753} INFO - DAG(s) dict_keys(['example_short_circuit_decorator']) retrieved from /home/dmk/anaconda3/lib/python3.9/site-packages/airflow/example_dags/example_short_circuit_decorator.py
[2022-12-31T21:09:37.514+0700] {logging_mixin.py:137} INFO - [2022-12-31T21:09:37.514+0700] {dag.py:2676} INFO - Sync 1 DAGs
[2022-12-31T21:09:37.542+0700] {logging_mixin.py:137} INFO - [2022-12-31T21:09:37.541+0700] {dag.py:3423} INFO - Setting next_dagrun for example_short_circuit_decorator to 2022-12-30T14:09:37.541756+00:00, run_after=2022-12-31T14:09:37.541756+00:00
[2022-12-31T21:09:37.570+0700] {processor.py:175} INFO - Processing /home/dmk/anaconda3/lib/python3.9/site-packages/airflow/example_dags/example_short_circuit_decorator.py took 0.136 seconds
[2022-12-31T21:10:25.825+0700] {processor.py:153} INFO - Started process (PID=19912) to work on /home/dmk/anaconda3/lib/python3.9/site-packages/airflow/example_dags/example_short_circuit_decorator.py
[2022-12-31T21:10:25.829+0700] {processor.py:743} INFO - Processing file /home/dmk/anaconda3/lib/python3.9/site-packages/airflow/example_dags/example_short_circuit_decorator.py for tasks to queue
[2022-12-31T21:10:25.830+0700] {logging_mixin.py:137} INFO - [2022-12-31T21:10:25.830+0700] {dagbag.py:538} INFO - Filling up the DagBag from /home/dmk/anaconda3/lib/python3.9/site-packages/airflow/example_dags/example_short_circuit_decorator.py
[2022-12-31T21:10:25.863+0700] {processor.py:753} INFO - DAG(s) dict_keys(['example_short_circuit_decorator']) retrieved from /home/dmk/anaconda3/lib/python3.9/site-packages/airflow/example_dags/example_short_circuit_decorator.py
[2022-12-31T21:10:25.902+0700] {logging_mixin.py:137} INFO - [2022-12-31T21:10:25.902+0700] {dag.py:2676} INFO - Sync 1 DAGs
[2022-12-31T21:10:25.930+0700] {logging_mixin.py:137} INFO - [2022-12-31T21:10:25.929+0700] {dag.py:3423} INFO - Setting next_dagrun for example_short_circuit_decorator to 2022-12-30T14:10:25.929553+00:00, run_after=2022-12-31T14:10:25.929553+00:00
[2022-12-31T21:10:25.963+0700] {processor.py:175} INFO - Processing /home/dmk/anaconda3/lib/python3.9/site-packages/airflow/example_dags/example_short_circuit_decorator.py took 0.142 seconds
[2022-12-31T21:11:15.919+0700] {processor.py:153} INFO - Started process (PID=20186) to work on /home/dmk/anaconda3/lib/python3.9/site-packages/airflow/example_dags/example_short_circuit_decorator.py
[2022-12-31T21:11:15.924+0700] {processor.py:743} INFO - Processing file /home/dmk/anaconda3/lib/python3.9/site-packages/airflow/example_dags/example_short_circuit_decorator.py for tasks to queue
[2022-12-31T21:11:15.925+0700] {logging_mixin.py:137} INFO - [2022-12-31T21:11:15.925+0700] {dagbag.py:538} INFO - Filling up the DagBag from /home/dmk/anaconda3/lib/python3.9/site-packages/airflow/example_dags/example_short_circuit_decorator.py
[2022-12-31T21:11:15.961+0700] {processor.py:753} INFO - DAG(s) dict_keys(['example_short_circuit_decorator']) retrieved from /home/dmk/anaconda3/lib/python3.9/site-packages/airflow/example_dags/example_short_circuit_decorator.py
[2022-12-31T21:11:15.995+0700] {logging_mixin.py:137} INFO - [2022-12-31T21:11:15.995+0700] {dag.py:2676} INFO - Sync 1 DAGs
[2022-12-31T21:11:16.017+0700] {logging_mixin.py:137} INFO - [2022-12-31T21:11:16.017+0700] {dag.py:3423} INFO - Setting next_dagrun for example_short_circuit_decorator to 2022-12-30T14:11:16.017531+00:00, run_after=2022-12-31T14:11:16.017531+00:00
[2022-12-31T21:11:16.044+0700] {processor.py:175} INFO - Processing /home/dmk/anaconda3/lib/python3.9/site-packages/airflow/example_dags/example_short_circuit_decorator.py took 0.133 seconds
[2022-12-31T21:12:01.741+0700] {processor.py:153} INFO - Started process (PID=20356) to work on /home/dmk/anaconda3/lib/python3.9/site-packages/airflow/example_dags/example_short_circuit_decorator.py
[2022-12-31T21:12:01.745+0700] {processor.py:743} INFO - Processing file /home/dmk/anaconda3/lib/python3.9/site-packages/airflow/example_dags/example_short_circuit_decorator.py for tasks to queue
[2022-12-31T21:12:01.746+0700] {logging_mixin.py:137} INFO - [2022-12-31T21:12:01.746+0700] {dagbag.py:538} INFO - Filling up the DagBag from /home/dmk/anaconda3/lib/python3.9/site-packages/airflow/example_dags/example_short_circuit_decorator.py
[2022-12-31T21:12:01.780+0700] {processor.py:753} INFO - DAG(s) dict_keys(['example_short_circuit_decorator']) retrieved from /home/dmk/anaconda3/lib/python3.9/site-packages/airflow/example_dags/example_short_circuit_decorator.py
[2022-12-31T21:12:01.818+0700] {logging_mixin.py:137} INFO - [2022-12-31T21:12:01.817+0700] {dag.py:2676} INFO - Sync 1 DAGs
[2022-12-31T21:12:01.847+0700] {logging_mixin.py:137} INFO - [2022-12-31T21:12:01.847+0700] {dag.py:3423} INFO - Setting next_dagrun for example_short_circuit_decorator to 2022-12-30T14:12:01.847551+00:00, run_after=2022-12-31T14:12:01.847551+00:00
[2022-12-31T21:12:01.878+0700] {processor.py:175} INFO - Processing /home/dmk/anaconda3/lib/python3.9/site-packages/airflow/example_dags/example_short_circuit_decorator.py took 0.141 seconds
[2022-12-31T21:12:59.803+0700] {processor.py:153} INFO - Started process (PID=20495) to work on /home/dmk/anaconda3/lib/python3.9/site-packages/airflow/example_dags/example_short_circuit_decorator.py
[2022-12-31T21:12:59.808+0700] {processor.py:743} INFO - Processing file /home/dmk/anaconda3/lib/python3.9/site-packages/airflow/example_dags/example_short_circuit_decorator.py for tasks to queue
[2022-12-31T21:12:59.809+0700] {logging_mixin.py:137} INFO - [2022-12-31T21:12:59.809+0700] {dagbag.py:538} INFO - Filling up the DagBag from /home/dmk/anaconda3/lib/python3.9/site-packages/airflow/example_dags/example_short_circuit_decorator.py
[2022-12-31T21:12:59.847+0700] {processor.py:753} INFO - DAG(s) dict_keys(['example_short_circuit_decorator']) retrieved from /home/dmk/anaconda3/lib/python3.9/site-packages/airflow/example_dags/example_short_circuit_decorator.py
[2022-12-31T21:12:59.873+0700] {logging_mixin.py:137} INFO - [2022-12-31T21:12:59.873+0700] {dag.py:2676} INFO - Sync 1 DAGs
[2022-12-31T21:12:59.892+0700] {logging_mixin.py:137} INFO - [2022-12-31T21:12:59.892+0700] {dag.py:3423} INFO - Setting next_dagrun for example_short_circuit_decorator to 2022-12-30T14:12:59.891869+00:00, run_after=2022-12-31T14:12:59.891869+00:00
[2022-12-31T21:12:59.925+0700] {processor.py:175} INFO - Processing /home/dmk/anaconda3/lib/python3.9/site-packages/airflow/example_dags/example_short_circuit_decorator.py took 0.128 seconds
[2022-12-31T21:13:47.163+0700] {processor.py:153} INFO - Started process (PID=20704) to work on /home/dmk/anaconda3/lib/python3.9/site-packages/airflow/example_dags/example_short_circuit_decorator.py
[2022-12-31T21:13:47.166+0700] {processor.py:743} INFO - Processing file /home/dmk/anaconda3/lib/python3.9/site-packages/airflow/example_dags/example_short_circuit_decorator.py for tasks to queue
[2022-12-31T21:13:47.167+0700] {logging_mixin.py:137} INFO - [2022-12-31T21:13:47.167+0700] {dagbag.py:538} INFO - Filling up the DagBag from /home/dmk/anaconda3/lib/python3.9/site-packages/airflow/example_dags/example_short_circuit_decorator.py
[2022-12-31T21:13:47.203+0700] {processor.py:753} INFO - DAG(s) dict_keys(['example_short_circuit_decorator']) retrieved from /home/dmk/anaconda3/lib/python3.9/site-packages/airflow/example_dags/example_short_circuit_decorator.py
[2022-12-31T21:13:47.229+0700] {logging_mixin.py:137} INFO - [2022-12-31T21:13:47.229+0700] {dag.py:2676} INFO - Sync 1 DAGs
[2022-12-31T21:13:47.250+0700] {logging_mixin.py:137} INFO - [2022-12-31T21:13:47.250+0700] {dag.py:3423} INFO - Setting next_dagrun for example_short_circuit_decorator to 2022-12-30T14:13:47.249830+00:00, run_after=2022-12-31T14:13:47.249830+00:00
[2022-12-31T21:13:47.274+0700] {processor.py:175} INFO - Processing /home/dmk/anaconda3/lib/python3.9/site-packages/airflow/example_dags/example_short_circuit_decorator.py took 0.117 seconds
[2022-12-31T21:14:38.875+0700] {processor.py:153} INFO - Started process (PID=21697) to work on /home/dmk/anaconda3/lib/python3.9/site-packages/airflow/example_dags/example_short_circuit_decorator.py
[2022-12-31T21:14:38.879+0700] {processor.py:743} INFO - Processing file /home/dmk/anaconda3/lib/python3.9/site-packages/airflow/example_dags/example_short_circuit_decorator.py for tasks to queue
[2022-12-31T21:14:38.880+0700] {logging_mixin.py:137} INFO - [2022-12-31T21:14:38.880+0700] {dagbag.py:538} INFO - Filling up the DagBag from /home/dmk/anaconda3/lib/python3.9/site-packages/airflow/example_dags/example_short_circuit_decorator.py
[2022-12-31T21:14:38.906+0700] {processor.py:753} INFO - DAG(s) dict_keys(['example_short_circuit_decorator']) retrieved from /home/dmk/anaconda3/lib/python3.9/site-packages/airflow/example_dags/example_short_circuit_decorator.py
[2022-12-31T21:14:38.931+0700] {logging_mixin.py:137} INFO - [2022-12-31T21:14:38.931+0700] {dag.py:2676} INFO - Sync 1 DAGs
[2022-12-31T21:14:38.948+0700] {logging_mixin.py:137} INFO - [2022-12-31T21:14:38.948+0700] {dag.py:3423} INFO - Setting next_dagrun for example_short_circuit_decorator to 2022-12-30T14:14:38.948162+00:00, run_after=2022-12-31T14:14:38.948162+00:00
[2022-12-31T21:14:38.972+0700] {processor.py:175} INFO - Processing /home/dmk/anaconda3/lib/python3.9/site-packages/airflow/example_dags/example_short_circuit_decorator.py took 0.102 seconds
[2022-12-31T21:15:48.747+0700] {processor.py:153} INFO - Started process (PID=22359) to work on /home/dmk/anaconda3/lib/python3.9/site-packages/airflow/example_dags/example_short_circuit_decorator.py
[2022-12-31T21:15:48.751+0700] {processor.py:743} INFO - Processing file /home/dmk/anaconda3/lib/python3.9/site-packages/airflow/example_dags/example_short_circuit_decorator.py for tasks to queue
[2022-12-31T21:15:48.752+0700] {logging_mixin.py:137} INFO - [2022-12-31T21:15:48.752+0700] {dagbag.py:538} INFO - Filling up the DagBag from /home/dmk/anaconda3/lib/python3.9/site-packages/airflow/example_dags/example_short_circuit_decorator.py
[2022-12-31T21:15:48.777+0700] {processor.py:753} INFO - DAG(s) dict_keys(['example_short_circuit_decorator']) retrieved from /home/dmk/anaconda3/lib/python3.9/site-packages/airflow/example_dags/example_short_circuit_decorator.py
[2022-12-31T21:15:48.802+0700] {logging_mixin.py:137} INFO - [2022-12-31T21:15:48.802+0700] {dag.py:2676} INFO - Sync 1 DAGs
[2022-12-31T21:15:48.820+0700] {logging_mixin.py:137} INFO - [2022-12-31T21:15:48.820+0700] {dag.py:3423} INFO - Setting next_dagrun for example_short_circuit_decorator to 2022-12-30T14:15:48.820400+00:00, run_after=2022-12-31T14:15:48.820400+00:00
[2022-12-31T21:15:48.850+0700] {processor.py:175} INFO - Processing /home/dmk/anaconda3/lib/python3.9/site-packages/airflow/example_dags/example_short_circuit_decorator.py took 0.108 seconds
[2022-12-31T21:16:34.685+0700] {processor.py:153} INFO - Started process (PID=22716) to work on /home/dmk/anaconda3/lib/python3.9/site-packages/airflow/example_dags/example_short_circuit_decorator.py
[2022-12-31T21:16:34.688+0700] {processor.py:743} INFO - Processing file /home/dmk/anaconda3/lib/python3.9/site-packages/airflow/example_dags/example_short_circuit_decorator.py for tasks to queue
[2022-12-31T21:16:34.689+0700] {logging_mixin.py:137} INFO - [2022-12-31T21:16:34.689+0700] {dagbag.py:538} INFO - Filling up the DagBag from /home/dmk/anaconda3/lib/python3.9/site-packages/airflow/example_dags/example_short_circuit_decorator.py
[2022-12-31T21:16:34.711+0700] {processor.py:753} INFO - DAG(s) dict_keys(['example_short_circuit_decorator']) retrieved from /home/dmk/anaconda3/lib/python3.9/site-packages/airflow/example_dags/example_short_circuit_decorator.py
[2022-12-31T21:16:34.738+0700] {logging_mixin.py:137} INFO - [2022-12-31T21:16:34.737+0700] {dag.py:2676} INFO - Sync 1 DAGs
[2022-12-31T21:16:34.755+0700] {logging_mixin.py:137} INFO - [2022-12-31T21:16:34.754+0700] {dag.py:3423} INFO - Setting next_dagrun for example_short_circuit_decorator to 2022-12-30T14:16:34.754716+00:00, run_after=2022-12-31T14:16:34.754716+00:00
[2022-12-31T21:16:34.785+0700] {processor.py:175} INFO - Processing /home/dmk/anaconda3/lib/python3.9/site-packages/airflow/example_dags/example_short_circuit_decorator.py took 0.103 seconds
[2022-12-31T21:17:22.316+0700] {processor.py:153} INFO - Started process (PID=23591) to work on /home/dmk/anaconda3/lib/python3.9/site-packages/airflow/example_dags/example_short_circuit_decorator.py
[2022-12-31T21:17:22.322+0700] {processor.py:743} INFO - Processing file /home/dmk/anaconda3/lib/python3.9/site-packages/airflow/example_dags/example_short_circuit_decorator.py for tasks to queue
[2022-12-31T21:17:22.323+0700] {logging_mixin.py:137} INFO - [2022-12-31T21:17:22.323+0700] {dagbag.py:538} INFO - Filling up the DagBag from /home/dmk/anaconda3/lib/python3.9/site-packages/airflow/example_dags/example_short_circuit_decorator.py
[2022-12-31T21:17:22.360+0700] {processor.py:753} INFO - DAG(s) dict_keys(['example_short_circuit_decorator']) retrieved from /home/dmk/anaconda3/lib/python3.9/site-packages/airflow/example_dags/example_short_circuit_decorator.py
[2022-12-31T21:17:22.386+0700] {logging_mixin.py:137} INFO - [2022-12-31T21:17:22.385+0700] {dag.py:2676} INFO - Sync 1 DAGs
[2022-12-31T21:17:22.403+0700] {logging_mixin.py:137} INFO - [2022-12-31T21:17:22.402+0700] {dag.py:3423} INFO - Setting next_dagrun for example_short_circuit_decorator to 2022-12-30T14:17:22.402742+00:00, run_after=2022-12-31T14:17:22.402742+00:00
[2022-12-31T21:17:22.440+0700] {processor.py:175} INFO - Processing /home/dmk/anaconda3/lib/python3.9/site-packages/airflow/example_dags/example_short_circuit_decorator.py took 0.131 seconds
[2022-12-31T21:18:23.909+0700] {processor.py:153} INFO - Started process (PID=23709) to work on /home/dmk/anaconda3/lib/python3.9/site-packages/airflow/example_dags/example_short_circuit_decorator.py
[2022-12-31T21:18:23.914+0700] {processor.py:743} INFO - Processing file /home/dmk/anaconda3/lib/python3.9/site-packages/airflow/example_dags/example_short_circuit_decorator.py for tasks to queue
[2022-12-31T21:18:23.916+0700] {logging_mixin.py:137} INFO - [2022-12-31T21:18:23.916+0700] {dagbag.py:538} INFO - Filling up the DagBag from /home/dmk/anaconda3/lib/python3.9/site-packages/airflow/example_dags/example_short_circuit_decorator.py
[2022-12-31T21:18:23.952+0700] {processor.py:753} INFO - DAG(s) dict_keys(['example_short_circuit_decorator']) retrieved from /home/dmk/anaconda3/lib/python3.9/site-packages/airflow/example_dags/example_short_circuit_decorator.py
[2022-12-31T21:18:23.979+0700] {logging_mixin.py:137} INFO - [2022-12-31T21:18:23.979+0700] {dag.py:2676} INFO - Sync 1 DAGs
[2022-12-31T21:18:23.996+0700] {logging_mixin.py:137} INFO - [2022-12-31T21:18:23.996+0700] {dag.py:3423} INFO - Setting next_dagrun for example_short_circuit_decorator to 2022-12-30T14:18:23.996154+00:00, run_after=2022-12-31T14:18:23.996154+00:00
[2022-12-31T21:18:24.035+0700] {processor.py:175} INFO - Processing /home/dmk/anaconda3/lib/python3.9/site-packages/airflow/example_dags/example_short_circuit_decorator.py took 0.132 seconds
[2022-12-31T21:19:15.287+0700] {processor.py:153} INFO - Started process (PID=24116) to work on /home/dmk/anaconda3/lib/python3.9/site-packages/airflow/example_dags/example_short_circuit_decorator.py
[2022-12-31T21:19:15.291+0700] {processor.py:743} INFO - Processing file /home/dmk/anaconda3/lib/python3.9/site-packages/airflow/example_dags/example_short_circuit_decorator.py for tasks to queue
[2022-12-31T21:19:15.291+0700] {logging_mixin.py:137} INFO - [2022-12-31T21:19:15.291+0700] {dagbag.py:538} INFO - Filling up the DagBag from /home/dmk/anaconda3/lib/python3.9/site-packages/airflow/example_dags/example_short_circuit_decorator.py
[2022-12-31T21:19:15.319+0700] {processor.py:753} INFO - DAG(s) dict_keys(['example_short_circuit_decorator']) retrieved from /home/dmk/anaconda3/lib/python3.9/site-packages/airflow/example_dags/example_short_circuit_decorator.py
[2022-12-31T21:19:15.349+0700] {logging_mixin.py:137} INFO - [2022-12-31T21:19:15.349+0700] {dag.py:2676} INFO - Sync 1 DAGs
[2022-12-31T21:19:15.480+0700] {logging_mixin.py:137} INFO - [2022-12-31T21:19:15.480+0700] {dag.py:3423} INFO - Setting next_dagrun for example_short_circuit_decorator to 2022-12-30T14:19:15.480148+00:00, run_after=2022-12-31T14:19:15.480148+00:00
[2022-12-31T21:19:15.512+0700] {processor.py:175} INFO - Processing /home/dmk/anaconda3/lib/python3.9/site-packages/airflow/example_dags/example_short_circuit_decorator.py took 0.228 seconds
[2022-12-31T21:20:08.627+0700] {processor.py:153} INFO - Started process (PID=24339) to work on /home/dmk/anaconda3/lib/python3.9/site-packages/airflow/example_dags/example_short_circuit_decorator.py
[2022-12-31T21:20:08.631+0700] {processor.py:743} INFO - Processing file /home/dmk/anaconda3/lib/python3.9/site-packages/airflow/example_dags/example_short_circuit_decorator.py for tasks to queue
[2022-12-31T21:20:08.632+0700] {logging_mixin.py:137} INFO - [2022-12-31T21:20:08.632+0700] {dagbag.py:538} INFO - Filling up the DagBag from /home/dmk/anaconda3/lib/python3.9/site-packages/airflow/example_dags/example_short_circuit_decorator.py
[2022-12-31T21:20:08.672+0700] {processor.py:753} INFO - DAG(s) dict_keys(['example_short_circuit_decorator']) retrieved from /home/dmk/anaconda3/lib/python3.9/site-packages/airflow/example_dags/example_short_circuit_decorator.py
[2022-12-31T21:20:08.834+0700] {logging_mixin.py:137} INFO - [2022-12-31T21:20:08.834+0700] {dag.py:2676} INFO - Sync 1 DAGs
[2022-12-31T21:20:08.859+0700] {logging_mixin.py:137} INFO - [2022-12-31T21:20:08.859+0700] {dag.py:3423} INFO - Setting next_dagrun for example_short_circuit_decorator to 2022-12-30T14:20:08.859541+00:00, run_after=2022-12-31T14:20:08.859541+00:00
[2022-12-31T21:20:08.897+0700] {processor.py:175} INFO - Processing /home/dmk/anaconda3/lib/python3.9/site-packages/airflow/example_dags/example_short_circuit_decorator.py took 0.273 seconds
[2022-12-31T21:21:00.436+0700] {processor.py:153} INFO - Started process (PID=24500) to work on /home/dmk/anaconda3/lib/python3.9/site-packages/airflow/example_dags/example_short_circuit_decorator.py
[2022-12-31T21:21:00.440+0700] {processor.py:743} INFO - Processing file /home/dmk/anaconda3/lib/python3.9/site-packages/airflow/example_dags/example_short_circuit_decorator.py for tasks to queue
[2022-12-31T21:21:00.441+0700] {logging_mixin.py:137} INFO - [2022-12-31T21:21:00.441+0700] {dagbag.py:538} INFO - Filling up the DagBag from /home/dmk/anaconda3/lib/python3.9/site-packages/airflow/example_dags/example_short_circuit_decorator.py
[2022-12-31T21:21:00.465+0700] {processor.py:753} INFO - DAG(s) dict_keys(['example_short_circuit_decorator']) retrieved from /home/dmk/anaconda3/lib/python3.9/site-packages/airflow/example_dags/example_short_circuit_decorator.py
[2022-12-31T21:21:00.589+0700] {logging_mixin.py:137} INFO - [2022-12-31T21:21:00.589+0700] {dag.py:2676} INFO - Sync 1 DAGs
[2022-12-31T21:21:00.607+0700] {logging_mixin.py:137} INFO - [2022-12-31T21:21:00.607+0700] {dag.py:3423} INFO - Setting next_dagrun for example_short_circuit_decorator to 2022-12-30T14:21:00.607471+00:00, run_after=2022-12-31T14:21:00.607471+00:00
[2022-12-31T21:21:00.650+0700] {processor.py:175} INFO - Processing /home/dmk/anaconda3/lib/python3.9/site-packages/airflow/example_dags/example_short_circuit_decorator.py took 0.217 seconds
[2022-12-31T21:22:38.666+0700] {processor.py:153} INFO - Started process (PID=25308) to work on /home/dmk/anaconda3/lib/python3.9/site-packages/airflow/example_dags/example_short_circuit_decorator.py
[2022-12-31T21:22:38.671+0700] {processor.py:743} INFO - Processing file /home/dmk/anaconda3/lib/python3.9/site-packages/airflow/example_dags/example_short_circuit_decorator.py for tasks to queue
[2022-12-31T21:22:38.672+0700] {logging_mixin.py:137} INFO - [2022-12-31T21:22:38.672+0700] {dagbag.py:538} INFO - Filling up the DagBag from /home/dmk/anaconda3/lib/python3.9/site-packages/airflow/example_dags/example_short_circuit_decorator.py
[2022-12-31T21:22:38.708+0700] {processor.py:753} INFO - DAG(s) dict_keys(['example_short_circuit_decorator']) retrieved from /home/dmk/anaconda3/lib/python3.9/site-packages/airflow/example_dags/example_short_circuit_decorator.py
[2022-12-31T21:22:38.733+0700] {logging_mixin.py:137} INFO - [2022-12-31T21:22:38.733+0700] {dag.py:2676} INFO - Sync 1 DAGs
[2022-12-31T21:22:38.842+0700] {logging_mixin.py:137} INFO - [2022-12-31T21:22:38.842+0700] {dag.py:3423} INFO - Setting next_dagrun for example_short_circuit_decorator to 2022-12-30T14:22:38.842451+00:00, run_after=2022-12-31T14:22:38.842451+00:00
[2022-12-31T21:22:38.872+0700] {processor.py:175} INFO - Processing /home/dmk/anaconda3/lib/python3.9/site-packages/airflow/example_dags/example_short_circuit_decorator.py took 0.211 seconds
[2022-12-31T21:23:31.677+0700] {processor.py:153} INFO - Started process (PID=25434) to work on /home/dmk/anaconda3/lib/python3.9/site-packages/airflow/example_dags/example_short_circuit_decorator.py
[2022-12-31T21:23:31.681+0700] {processor.py:743} INFO - Processing file /home/dmk/anaconda3/lib/python3.9/site-packages/airflow/example_dags/example_short_circuit_decorator.py for tasks to queue
[2022-12-31T21:23:31.682+0700] {logging_mixin.py:137} INFO - [2022-12-31T21:23:31.681+0700] {dagbag.py:538} INFO - Filling up the DagBag from /home/dmk/anaconda3/lib/python3.9/site-packages/airflow/example_dags/example_short_circuit_decorator.py
[2022-12-31T21:23:31.706+0700] {processor.py:753} INFO - DAG(s) dict_keys(['example_short_circuit_decorator']) retrieved from /home/dmk/anaconda3/lib/python3.9/site-packages/airflow/example_dags/example_short_circuit_decorator.py
[2022-12-31T21:23:31.823+0700] {logging_mixin.py:137} INFO - [2022-12-31T21:23:31.822+0700] {dag.py:2676} INFO - Sync 1 DAGs
[2022-12-31T21:23:31.839+0700] {logging_mixin.py:137} INFO - [2022-12-31T21:23:31.839+0700] {dag.py:3423} INFO - Setting next_dagrun for example_short_circuit_decorator to 2022-12-30T14:23:31.839066+00:00, run_after=2022-12-31T14:23:31.839066+00:00
[2022-12-31T21:23:31.868+0700] {processor.py:175} INFO - Processing /home/dmk/anaconda3/lib/python3.9/site-packages/airflow/example_dags/example_short_circuit_decorator.py took 0.193 seconds
[2022-12-31T21:24:33.759+0700] {processor.py:153} INFO - Started process (PID=25642) to work on /home/dmk/anaconda3/lib/python3.9/site-packages/airflow/example_dags/example_short_circuit_decorator.py
[2022-12-31T21:24:33.762+0700] {processor.py:743} INFO - Processing file /home/dmk/anaconda3/lib/python3.9/site-packages/airflow/example_dags/example_short_circuit_decorator.py for tasks to queue
[2022-12-31T21:24:33.763+0700] {logging_mixin.py:137} INFO - [2022-12-31T21:24:33.763+0700] {dagbag.py:538} INFO - Filling up the DagBag from /home/dmk/anaconda3/lib/python3.9/site-packages/airflow/example_dags/example_short_circuit_decorator.py
[2022-12-31T21:24:33.796+0700] {processor.py:753} INFO - DAG(s) dict_keys(['example_short_circuit_decorator']) retrieved from /home/dmk/anaconda3/lib/python3.9/site-packages/airflow/example_dags/example_short_circuit_decorator.py
[2022-12-31T21:24:33.914+0700] {logging_mixin.py:137} INFO - [2022-12-31T21:24:33.914+0700] {dag.py:2676} INFO - Sync 1 DAGs
[2022-12-31T21:24:33.930+0700] {logging_mixin.py:137} INFO - [2022-12-31T21:24:33.930+0700] {dag.py:3423} INFO - Setting next_dagrun for example_short_circuit_decorator to 2022-12-30T14:24:33.929873+00:00, run_after=2022-12-31T14:24:33.929873+00:00
[2022-12-31T21:24:33.963+0700] {processor.py:175} INFO - Processing /home/dmk/anaconda3/lib/python3.9/site-packages/airflow/example_dags/example_short_circuit_decorator.py took 0.211 seconds
[2022-12-31T21:25:21.125+0700] {processor.py:153} INFO - Started process (PID=25791) to work on /home/dmk/anaconda3/lib/python3.9/site-packages/airflow/example_dags/example_short_circuit_decorator.py
[2022-12-31T21:25:21.130+0700] {processor.py:743} INFO - Processing file /home/dmk/anaconda3/lib/python3.9/site-packages/airflow/example_dags/example_short_circuit_decorator.py for tasks to queue
[2022-12-31T21:25:21.131+0700] {logging_mixin.py:137} INFO - [2022-12-31T21:25:21.131+0700] {dagbag.py:538} INFO - Filling up the DagBag from /home/dmk/anaconda3/lib/python3.9/site-packages/airflow/example_dags/example_short_circuit_decorator.py
[2022-12-31T21:25:21.167+0700] {processor.py:753} INFO - DAG(s) dict_keys(['example_short_circuit_decorator']) retrieved from /home/dmk/anaconda3/lib/python3.9/site-packages/airflow/example_dags/example_short_circuit_decorator.py
[2022-12-31T21:25:21.287+0700] {logging_mixin.py:137} INFO - [2022-12-31T21:25:21.287+0700] {dag.py:2676} INFO - Sync 1 DAGs
[2022-12-31T21:25:21.307+0700] {logging_mixin.py:137} INFO - [2022-12-31T21:25:21.307+0700] {dag.py:3423} INFO - Setting next_dagrun for example_short_circuit_decorator to 2022-12-30T14:25:21.307018+00:00, run_after=2022-12-31T14:25:21.307018+00:00
[2022-12-31T21:25:21.338+0700] {processor.py:175} INFO - Processing /home/dmk/anaconda3/lib/python3.9/site-packages/airflow/example_dags/example_short_circuit_decorator.py took 0.223 seconds
[2022-12-31T21:26:27.855+0700] {processor.py:153} INFO - Started process (PID=25960) to work on /home/dmk/anaconda3/lib/python3.9/site-packages/airflow/example_dags/example_short_circuit_decorator.py
[2022-12-31T21:26:27.857+0700] {processor.py:743} INFO - Processing file /home/dmk/anaconda3/lib/python3.9/site-packages/airflow/example_dags/example_short_circuit_decorator.py for tasks to queue
[2022-12-31T21:26:27.859+0700] {logging_mixin.py:137} INFO - [2022-12-31T21:26:27.858+0700] {dagbag.py:538} INFO - Filling up the DagBag from /home/dmk/anaconda3/lib/python3.9/site-packages/airflow/example_dags/example_short_circuit_decorator.py
[2022-12-31T21:26:28.059+0700] {processor.py:753} INFO - DAG(s) dict_keys(['example_short_circuit_decorator']) retrieved from /home/dmk/anaconda3/lib/python3.9/site-packages/airflow/example_dags/example_short_circuit_decorator.py
[2022-12-31T21:26:28.086+0700] {logging_mixin.py:137} INFO - [2022-12-31T21:26:28.086+0700] {dag.py:2676} INFO - Sync 1 DAGs
[2022-12-31T21:26:28.105+0700] {logging_mixin.py:137} INFO - [2022-12-31T21:26:28.105+0700] {dag.py:3423} INFO - Setting next_dagrun for example_short_circuit_decorator to 2022-12-30T14:26:28.105617+00:00, run_after=2022-12-31T14:26:28.105617+00:00
[2022-12-31T21:26:28.151+0700] {processor.py:175} INFO - Processing /home/dmk/anaconda3/lib/python3.9/site-packages/airflow/example_dags/example_short_circuit_decorator.py took 0.301 seconds
[2022-12-31T21:27:30.625+0700] {processor.py:153} INFO - Started process (PID=26071) to work on /home/dmk/anaconda3/lib/python3.9/site-packages/airflow/example_dags/example_short_circuit_decorator.py
[2022-12-31T21:27:30.630+0700] {processor.py:743} INFO - Processing file /home/dmk/anaconda3/lib/python3.9/site-packages/airflow/example_dags/example_short_circuit_decorator.py for tasks to queue
[2022-12-31T21:27:30.633+0700] {logging_mixin.py:137} INFO - [2022-12-31T21:27:30.633+0700] {dagbag.py:538} INFO - Filling up the DagBag from /home/dmk/anaconda3/lib/python3.9/site-packages/airflow/example_dags/example_short_circuit_decorator.py
[2022-12-31T21:27:30.711+0700] {processor.py:753} INFO - DAG(s) dict_keys(['example_short_circuit_decorator']) retrieved from /home/dmk/anaconda3/lib/python3.9/site-packages/airflow/example_dags/example_short_circuit_decorator.py
[2022-12-31T21:27:30.746+0700] {logging_mixin.py:137} INFO - [2022-12-31T21:27:30.746+0700] {dag.py:2676} INFO - Sync 1 DAGs
[2022-12-31T21:27:30.767+0700] {logging_mixin.py:137} INFO - [2022-12-31T21:27:30.767+0700] {dag.py:3423} INFO - Setting next_dagrun for example_short_circuit_decorator to 2022-12-30T14:27:30.766977+00:00, run_after=2022-12-31T14:27:30.766977+00:00
[2022-12-31T21:27:30.843+0700] {processor.py:175} INFO - Processing /home/dmk/anaconda3/lib/python3.9/site-packages/airflow/example_dags/example_short_circuit_decorator.py took 0.230 seconds
[2022-12-31T21:28:20.206+0700] {processor.py:153} INFO - Started process (PID=26155) to work on /home/dmk/anaconda3/lib/python3.9/site-packages/airflow/example_dags/example_short_circuit_decorator.py
[2022-12-31T21:28:20.210+0700] {processor.py:743} INFO - Processing file /home/dmk/anaconda3/lib/python3.9/site-packages/airflow/example_dags/example_short_circuit_decorator.py for tasks to queue
[2022-12-31T21:28:20.212+0700] {logging_mixin.py:137} INFO - [2022-12-31T21:28:20.211+0700] {dagbag.py:538} INFO - Filling up the DagBag from /home/dmk/anaconda3/lib/python3.9/site-packages/airflow/example_dags/example_short_circuit_decorator.py
[2022-12-31T21:28:20.282+0700] {processor.py:753} INFO - DAG(s) dict_keys(['example_short_circuit_decorator']) retrieved from /home/dmk/anaconda3/lib/python3.9/site-packages/airflow/example_dags/example_short_circuit_decorator.py
[2022-12-31T21:28:20.312+0700] {logging_mixin.py:137} INFO - [2022-12-31T21:28:20.312+0700] {dag.py:2676} INFO - Sync 1 DAGs
[2022-12-31T21:28:20.331+0700] {logging_mixin.py:137} INFO - [2022-12-31T21:28:20.331+0700] {dag.py:3423} INFO - Setting next_dagrun for example_short_circuit_decorator to 2022-12-30T14:28:20.331459+00:00, run_after=2022-12-31T14:28:20.331459+00:00
[2022-12-31T21:28:20.365+0700] {processor.py:175} INFO - Processing /home/dmk/anaconda3/lib/python3.9/site-packages/airflow/example_dags/example_short_circuit_decorator.py took 0.169 seconds
[2022-12-31T21:29:22.120+0700] {processor.py:153} INFO - Started process (PID=26289) to work on /home/dmk/anaconda3/lib/python3.9/site-packages/airflow/example_dags/example_short_circuit_decorator.py
[2022-12-31T21:29:22.124+0700] {processor.py:743} INFO - Processing file /home/dmk/anaconda3/lib/python3.9/site-packages/airflow/example_dags/example_short_circuit_decorator.py for tasks to queue
[2022-12-31T21:29:22.127+0700] {logging_mixin.py:137} INFO - [2022-12-31T21:29:22.127+0700] {dagbag.py:538} INFO - Filling up the DagBag from /home/dmk/anaconda3/lib/python3.9/site-packages/airflow/example_dags/example_short_circuit_decorator.py
[2022-12-31T21:29:22.176+0700] {processor.py:753} INFO - DAG(s) dict_keys(['example_short_circuit_decorator']) retrieved from /home/dmk/anaconda3/lib/python3.9/site-packages/airflow/example_dags/example_short_circuit_decorator.py
[2022-12-31T21:29:22.207+0700] {logging_mixin.py:137} INFO - [2022-12-31T21:29:22.207+0700] {dag.py:2676} INFO - Sync 1 DAGs
[2022-12-31T21:29:22.228+0700] {logging_mixin.py:137} INFO - [2022-12-31T21:29:22.228+0700] {dag.py:3423} INFO - Setting next_dagrun for example_short_circuit_decorator to 2022-12-30T14:29:22.227913+00:00, run_after=2022-12-31T14:29:22.227913+00:00
[2022-12-31T21:29:22.262+0700] {processor.py:175} INFO - Processing /home/dmk/anaconda3/lib/python3.9/site-packages/airflow/example_dags/example_short_circuit_decorator.py took 0.155 seconds
[2022-12-31T21:30:45.033+0700] {processor.py:153} INFO - Started process (PID=26484) to work on /home/dmk/anaconda3/lib/python3.9/site-packages/airflow/example_dags/example_short_circuit_decorator.py
[2022-12-31T21:30:45.037+0700] {processor.py:743} INFO - Processing file /home/dmk/anaconda3/lib/python3.9/site-packages/airflow/example_dags/example_short_circuit_decorator.py for tasks to queue
[2022-12-31T21:30:45.039+0700] {logging_mixin.py:137} INFO - [2022-12-31T21:30:45.038+0700] {dagbag.py:538} INFO - Filling up the DagBag from /home/dmk/anaconda3/lib/python3.9/site-packages/airflow/example_dags/example_short_circuit_decorator.py
[2022-12-31T21:30:45.090+0700] {processor.py:753} INFO - DAG(s) dict_keys(['example_short_circuit_decorator']) retrieved from /home/dmk/anaconda3/lib/python3.9/site-packages/airflow/example_dags/example_short_circuit_decorator.py
[2022-12-31T21:30:45.122+0700] {logging_mixin.py:137} INFO - [2022-12-31T21:30:45.122+0700] {dag.py:2676} INFO - Sync 1 DAGs
[2022-12-31T21:30:45.145+0700] {logging_mixin.py:137} INFO - [2022-12-31T21:30:45.144+0700] {dag.py:3423} INFO - Setting next_dagrun for example_short_circuit_decorator to 2022-12-30T14:30:45.144556+00:00, run_after=2022-12-31T14:30:45.144556+00:00
[2022-12-31T21:30:45.178+0700] {processor.py:175} INFO - Processing /home/dmk/anaconda3/lib/python3.9/site-packages/airflow/example_dags/example_short_circuit_decorator.py took 0.150 seconds
[2022-12-31T21:31:38.736+0700] {processor.py:153} INFO - Started process (PID=26583) to work on /home/dmk/anaconda3/lib/python3.9/site-packages/airflow/example_dags/example_short_circuit_decorator.py
[2022-12-31T21:31:38.744+0700] {processor.py:743} INFO - Processing file /home/dmk/anaconda3/lib/python3.9/site-packages/airflow/example_dags/example_short_circuit_decorator.py for tasks to queue
[2022-12-31T21:31:38.745+0700] {logging_mixin.py:137} INFO - [2022-12-31T21:31:38.745+0700] {dagbag.py:538} INFO - Filling up the DagBag from /home/dmk/anaconda3/lib/python3.9/site-packages/airflow/example_dags/example_short_circuit_decorator.py
[2022-12-31T21:31:38.815+0700] {processor.py:753} INFO - DAG(s) dict_keys(['example_short_circuit_decorator']) retrieved from /home/dmk/anaconda3/lib/python3.9/site-packages/airflow/example_dags/example_short_circuit_decorator.py
[2022-12-31T21:31:38.876+0700] {logging_mixin.py:137} INFO - [2022-12-31T21:31:38.876+0700] {dag.py:2676} INFO - Sync 1 DAGs
[2022-12-31T21:31:38.909+0700] {logging_mixin.py:137} INFO - [2022-12-31T21:31:38.908+0700] {dag.py:3423} INFO - Setting next_dagrun for example_short_circuit_decorator to 2022-12-30T14:31:38.908533+00:00, run_after=2022-12-31T14:31:38.908533+00:00
[2022-12-31T21:31:38.946+0700] {processor.py:175} INFO - Processing /home/dmk/anaconda3/lib/python3.9/site-packages/airflow/example_dags/example_short_circuit_decorator.py took 0.213 seconds
[2022-12-31T21:32:43.126+0700] {processor.py:153} INFO - Started process (PID=26706) to work on /home/dmk/anaconda3/lib/python3.9/site-packages/airflow/example_dags/example_short_circuit_decorator.py
[2022-12-31T21:32:43.132+0700] {processor.py:743} INFO - Processing file /home/dmk/anaconda3/lib/python3.9/site-packages/airflow/example_dags/example_short_circuit_decorator.py for tasks to queue
[2022-12-31T21:32:43.134+0700] {logging_mixin.py:137} INFO - [2022-12-31T21:32:43.133+0700] {dagbag.py:538} INFO - Filling up the DagBag from /home/dmk/anaconda3/lib/python3.9/site-packages/airflow/example_dags/example_short_circuit_decorator.py
[2022-12-31T21:32:43.197+0700] {processor.py:753} INFO - DAG(s) dict_keys(['example_short_circuit_decorator']) retrieved from /home/dmk/anaconda3/lib/python3.9/site-packages/airflow/example_dags/example_short_circuit_decorator.py
[2022-12-31T21:32:43.228+0700] {logging_mixin.py:137} INFO - [2022-12-31T21:32:43.228+0700] {dag.py:2676} INFO - Sync 1 DAGs
[2022-12-31T21:32:43.248+0700] {logging_mixin.py:137} INFO - [2022-12-31T21:32:43.248+0700] {dag.py:3423} INFO - Setting next_dagrun for example_short_circuit_decorator to 2022-12-30T14:32:43.248162+00:00, run_after=2022-12-31T14:32:43.248162+00:00
[2022-12-31T21:32:43.282+0700] {processor.py:175} INFO - Processing /home/dmk/anaconda3/lib/python3.9/site-packages/airflow/example_dags/example_short_circuit_decorator.py took 0.167 seconds
[2022-12-31T21:33:44.229+0700] {processor.py:153} INFO - Started process (PID=26827) to work on /home/dmk/anaconda3/lib/python3.9/site-packages/airflow/example_dags/example_short_circuit_decorator.py
[2022-12-31T21:33:44.232+0700] {processor.py:743} INFO - Processing file /home/dmk/anaconda3/lib/python3.9/site-packages/airflow/example_dags/example_short_circuit_decorator.py for tasks to queue
[2022-12-31T21:33:44.233+0700] {logging_mixin.py:137} INFO - [2022-12-31T21:33:44.233+0700] {dagbag.py:538} INFO - Filling up the DagBag from /home/dmk/anaconda3/lib/python3.9/site-packages/airflow/example_dags/example_short_circuit_decorator.py
[2022-12-31T21:33:44.260+0700] {processor.py:753} INFO - DAG(s) dict_keys(['example_short_circuit_decorator']) retrieved from /home/dmk/anaconda3/lib/python3.9/site-packages/airflow/example_dags/example_short_circuit_decorator.py
[2022-12-31T21:33:44.286+0700] {logging_mixin.py:137} INFO - [2022-12-31T21:33:44.286+0700] {dag.py:2676} INFO - Sync 1 DAGs
[2022-12-31T21:33:44.303+0700] {logging_mixin.py:137} INFO - [2022-12-31T21:33:44.303+0700] {dag.py:3423} INFO - Setting next_dagrun for example_short_circuit_decorator to 2022-12-30T14:33:44.302937+00:00, run_after=2022-12-31T14:33:44.302937+00:00
[2022-12-31T21:33:44.337+0700] {processor.py:175} INFO - Processing /home/dmk/anaconda3/lib/python3.9/site-packages/airflow/example_dags/example_short_circuit_decorator.py took 0.110 seconds
[2022-12-31T21:34:46.363+0700] {processor.py:153} INFO - Started process (PID=27673) to work on /home/dmk/anaconda3/lib/python3.9/site-packages/airflow/example_dags/example_short_circuit_decorator.py
[2022-12-31T21:34:46.365+0700] {processor.py:743} INFO - Processing file /home/dmk/anaconda3/lib/python3.9/site-packages/airflow/example_dags/example_short_circuit_decorator.py for tasks to queue
[2022-12-31T21:34:46.367+0700] {logging_mixin.py:137} INFO - [2022-12-31T21:34:46.366+0700] {dagbag.py:538} INFO - Filling up the DagBag from /home/dmk/anaconda3/lib/python3.9/site-packages/airflow/example_dags/example_short_circuit_decorator.py
[2022-12-31T21:34:46.395+0700] {processor.py:753} INFO - DAG(s) dict_keys(['example_short_circuit_decorator']) retrieved from /home/dmk/anaconda3/lib/python3.9/site-packages/airflow/example_dags/example_short_circuit_decorator.py
[2022-12-31T21:34:46.424+0700] {logging_mixin.py:137} INFO - [2022-12-31T21:34:46.424+0700] {dag.py:2676} INFO - Sync 1 DAGs
[2022-12-31T21:34:46.536+0700] {logging_mixin.py:137} INFO - [2022-12-31T21:34:46.536+0700] {dag.py:3423} INFO - Setting next_dagrun for example_short_circuit_decorator to 2022-12-30T14:34:46.536499+00:00, run_after=2022-12-31T14:34:46.536499+00:00
[2022-12-31T21:34:46.570+0700] {processor.py:175} INFO - Processing /home/dmk/anaconda3/lib/python3.9/site-packages/airflow/example_dags/example_short_circuit_decorator.py took 0.211 seconds
[2022-12-31T21:35:37.475+0700] {processor.py:153} INFO - Started process (PID=27886) to work on /home/dmk/anaconda3/lib/python3.9/site-packages/airflow/example_dags/example_short_circuit_decorator.py
[2022-12-31T21:35:37.480+0700] {processor.py:743} INFO - Processing file /home/dmk/anaconda3/lib/python3.9/site-packages/airflow/example_dags/example_short_circuit_decorator.py for tasks to queue
[2022-12-31T21:35:37.482+0700] {logging_mixin.py:137} INFO - [2022-12-31T21:35:37.482+0700] {dagbag.py:538} INFO - Filling up the DagBag from /home/dmk/anaconda3/lib/python3.9/site-packages/airflow/example_dags/example_short_circuit_decorator.py
[2022-12-31T21:35:37.525+0700] {processor.py:753} INFO - DAG(s) dict_keys(['example_short_circuit_decorator']) retrieved from /home/dmk/anaconda3/lib/python3.9/site-packages/airflow/example_dags/example_short_circuit_decorator.py
[2022-12-31T21:35:37.541+0700] {logging_mixin.py:137} INFO - [2022-12-31T21:35:37.541+0700] {dag.py:2676} INFO - Sync 1 DAGs
[2022-12-31T21:35:37.651+0700] {logging_mixin.py:137} INFO - [2022-12-31T21:35:37.651+0700] {dag.py:3423} INFO - Setting next_dagrun for example_short_circuit_decorator to 2022-12-30T14:35:37.651607+00:00, run_after=2022-12-31T14:35:37.651607+00:00
[2022-12-31T21:35:37.680+0700] {processor.py:175} INFO - Processing /home/dmk/anaconda3/lib/python3.9/site-packages/airflow/example_dags/example_short_circuit_decorator.py took 0.212 seconds
[2022-12-31T21:38:20.800+0700] {processor.py:153} INFO - Started process (PID=28825) to work on /home/dmk/anaconda3/lib/python3.9/site-packages/airflow/example_dags/example_short_circuit_decorator.py
[2022-12-31T21:38:20.803+0700] {processor.py:743} INFO - Processing file /home/dmk/anaconda3/lib/python3.9/site-packages/airflow/example_dags/example_short_circuit_decorator.py for tasks to queue
[2022-12-31T21:38:20.803+0700] {logging_mixin.py:137} INFO - [2022-12-31T21:38:20.803+0700] {dagbag.py:538} INFO - Filling up the DagBag from /home/dmk/anaconda3/lib/python3.9/site-packages/airflow/example_dags/example_short_circuit_decorator.py
[2022-12-31T21:38:20.827+0700] {processor.py:753} INFO - DAG(s) dict_keys(['example_short_circuit_decorator']) retrieved from /home/dmk/anaconda3/lib/python3.9/site-packages/airflow/example_dags/example_short_circuit_decorator.py
[2022-12-31T21:38:21.071+0700] {logging_mixin.py:137} INFO - [2022-12-31T21:38:21.071+0700] {manager.py:504} INFO - Created Permission View: can delete on DAG:example_short_circuit_decorator
[2022-12-31T21:38:21.094+0700] {logging_mixin.py:137} INFO - [2022-12-31T21:38:21.094+0700] {manager.py:504} INFO - Created Permission View: can read on DAG:example_short_circuit_decorator
[2022-12-31T21:38:21.115+0700] {logging_mixin.py:137} INFO - [2022-12-31T21:38:21.115+0700] {manager.py:504} INFO - Created Permission View: can edit on DAG:example_short_circuit_decorator
[2022-12-31T21:38:21.115+0700] {logging_mixin.py:137} INFO - [2022-12-31T21:38:21.115+0700] {dag.py:2676} INFO - Sync 1 DAGs
[2022-12-31T21:38:21.131+0700] {logging_mixin.py:137} INFO - [2022-12-31T21:38:21.131+0700] {dag.py:2697} INFO - Creating ORM DAG for example_short_circuit_decorator
[2022-12-31T21:38:21.143+0700] {logging_mixin.py:137} INFO - [2022-12-31T21:38:21.143+0700] {dag.py:3423} INFO - Setting next_dagrun for example_short_circuit_decorator to 2022-12-30T14:38:21.143355+00:00, run_after=2022-12-31T14:38:21.143355+00:00
[2022-12-31T21:38:21.178+0700] {processor.py:175} INFO - Processing /home/dmk/anaconda3/lib/python3.9/site-packages/airflow/example_dags/example_short_circuit_decorator.py took 0.380 seconds
[2022-12-31T21:39:15.688+0700] {processor.py:153} INFO - Started process (PID=29104) to work on /home/dmk/anaconda3/lib/python3.9/site-packages/airflow/example_dags/example_short_circuit_decorator.py
[2022-12-31T21:39:15.690+0700] {processor.py:743} INFO - Processing file /home/dmk/anaconda3/lib/python3.9/site-packages/airflow/example_dags/example_short_circuit_decorator.py for tasks to queue
[2022-12-31T21:39:15.691+0700] {logging_mixin.py:137} INFO - [2022-12-31T21:39:15.691+0700] {dagbag.py:538} INFO - Filling up the DagBag from /home/dmk/anaconda3/lib/python3.9/site-packages/airflow/example_dags/example_short_circuit_decorator.py
[2022-12-31T21:39:15.722+0700] {processor.py:753} INFO - DAG(s) dict_keys(['example_short_circuit_decorator']) retrieved from /home/dmk/anaconda3/lib/python3.9/site-packages/airflow/example_dags/example_short_circuit_decorator.py
[2022-12-31T21:39:15.768+0700] {logging_mixin.py:137} INFO - [2022-12-31T21:39:15.768+0700] {dag.py:2676} INFO - Sync 1 DAGs
[2022-12-31T21:39:15.897+0700] {logging_mixin.py:137} INFO - [2022-12-31T21:39:15.897+0700] {dag.py:3423} INFO - Setting next_dagrun for example_short_circuit_decorator to 2022-12-30T14:39:15.897393+00:00, run_after=2022-12-31T14:39:15.897393+00:00
[2022-12-31T21:39:15.939+0700] {processor.py:175} INFO - Processing /home/dmk/anaconda3/lib/python3.9/site-packages/airflow/example_dags/example_short_circuit_decorator.py took 0.254 seconds
[2022-12-31T21:40:09.210+0700] {processor.py:153} INFO - Started process (PID=29270) to work on /home/dmk/anaconda3/lib/python3.9/site-packages/airflow/example_dags/example_short_circuit_decorator.py
[2022-12-31T21:40:09.213+0700] {processor.py:743} INFO - Processing file /home/dmk/anaconda3/lib/python3.9/site-packages/airflow/example_dags/example_short_circuit_decorator.py for tasks to queue
[2022-12-31T21:40:09.213+0700] {logging_mixin.py:137} INFO - [2022-12-31T21:40:09.213+0700] {dagbag.py:538} INFO - Filling up the DagBag from /home/dmk/anaconda3/lib/python3.9/site-packages/airflow/example_dags/example_short_circuit_decorator.py
[2022-12-31T21:40:09.240+0700] {processor.py:753} INFO - DAG(s) dict_keys(['example_short_circuit_decorator']) retrieved from /home/dmk/anaconda3/lib/python3.9/site-packages/airflow/example_dags/example_short_circuit_decorator.py
[2022-12-31T21:40:09.359+0700] {logging_mixin.py:137} INFO - [2022-12-31T21:40:09.359+0700] {dag.py:2676} INFO - Sync 1 DAGs
[2022-12-31T21:40:09.374+0700] {logging_mixin.py:137} INFO - [2022-12-31T21:40:09.374+0700] {dag.py:3423} INFO - Setting next_dagrun for example_short_circuit_decorator to 2022-12-30T14:40:09.374476+00:00, run_after=2022-12-31T14:40:09.374476+00:00
[2022-12-31T21:40:09.404+0700] {processor.py:175} INFO - Processing /home/dmk/anaconda3/lib/python3.9/site-packages/airflow/example_dags/example_short_circuit_decorator.py took 0.196 seconds
[2022-12-31T21:40:55.105+0700] {processor.py:153} INFO - Started process (PID=29493) to work on /home/dmk/anaconda3/lib/python3.9/site-packages/airflow/example_dags/example_short_circuit_decorator.py
[2022-12-31T21:40:55.107+0700] {processor.py:743} INFO - Processing file /home/dmk/anaconda3/lib/python3.9/site-packages/airflow/example_dags/example_short_circuit_decorator.py for tasks to queue
[2022-12-31T21:40:55.109+0700] {logging_mixin.py:137} INFO - [2022-12-31T21:40:55.108+0700] {dagbag.py:538} INFO - Filling up the DagBag from /home/dmk/anaconda3/lib/python3.9/site-packages/airflow/example_dags/example_short_circuit_decorator.py
[2022-12-31T21:40:55.141+0700] {processor.py:753} INFO - DAG(s) dict_keys(['example_short_circuit_decorator']) retrieved from /home/dmk/anaconda3/lib/python3.9/site-packages/airflow/example_dags/example_short_circuit_decorator.py
[2022-12-31T21:40:55.262+0700] {logging_mixin.py:137} INFO - [2022-12-31T21:40:55.262+0700] {dag.py:2676} INFO - Sync 1 DAGs
[2022-12-31T21:40:55.278+0700] {logging_mixin.py:137} INFO - [2022-12-31T21:40:55.278+0700] {dag.py:3423} INFO - Setting next_dagrun for example_short_circuit_decorator to 2022-12-30T14:40:55.278149+00:00, run_after=2022-12-31T14:40:55.278149+00:00
[2022-12-31T21:40:55.309+0700] {processor.py:175} INFO - Processing /home/dmk/anaconda3/lib/python3.9/site-packages/airflow/example_dags/example_short_circuit_decorator.py took 0.211 seconds
[2022-12-31T21:41:39.627+0700] {processor.py:153} INFO - Started process (PID=29561) to work on /home/dmk/anaconda3/lib/python3.9/site-packages/airflow/example_dags/example_short_circuit_decorator.py
[2022-12-31T21:41:39.630+0700] {processor.py:743} INFO - Processing file /home/dmk/anaconda3/lib/python3.9/site-packages/airflow/example_dags/example_short_circuit_decorator.py for tasks to queue
[2022-12-31T21:41:39.632+0700] {logging_mixin.py:137} INFO - [2022-12-31T21:41:39.632+0700] {dagbag.py:538} INFO - Filling up the DagBag from /home/dmk/anaconda3/lib/python3.9/site-packages/airflow/example_dags/example_short_circuit_decorator.py
[2022-12-31T21:41:39.763+0700] {processor.py:753} INFO - DAG(s) dict_keys(['example_short_circuit_decorator']) retrieved from /home/dmk/anaconda3/lib/python3.9/site-packages/airflow/example_dags/example_short_circuit_decorator.py
[2022-12-31T21:41:39.785+0700] {logging_mixin.py:137} INFO - [2022-12-31T21:41:39.785+0700] {dag.py:2676} INFO - Sync 1 DAGs
[2022-12-31T21:41:39.801+0700] {logging_mixin.py:137} INFO - [2022-12-31T21:41:39.801+0700] {dag.py:3423} INFO - Setting next_dagrun for example_short_circuit_decorator to 2022-12-30T14:41:39.801623+00:00, run_after=2022-12-31T14:41:39.801623+00:00
[2022-12-31T21:41:39.839+0700] {processor.py:175} INFO - Processing /home/dmk/anaconda3/lib/python3.9/site-packages/airflow/example_dags/example_short_circuit_decorator.py took 0.219 seconds
[2022-12-31T21:42:18.219+0700] {processor.py:153} INFO - Started process (PID=29769) to work on /home/dmk/anaconda3/lib/python3.9/site-packages/airflow/example_dags/example_short_circuit_decorator.py
[2022-12-31T21:42:18.223+0700] {processor.py:743} INFO - Processing file /home/dmk/anaconda3/lib/python3.9/site-packages/airflow/example_dags/example_short_circuit_decorator.py for tasks to queue
[2022-12-31T21:42:18.224+0700] {logging_mixin.py:137} INFO - [2022-12-31T21:42:18.224+0700] {dagbag.py:538} INFO - Filling up the DagBag from /home/dmk/anaconda3/lib/python3.9/site-packages/airflow/example_dags/example_short_circuit_decorator.py
[2022-12-31T21:42:18.257+0700] {processor.py:753} INFO - DAG(s) dict_keys(['example_short_circuit_decorator']) retrieved from /home/dmk/anaconda3/lib/python3.9/site-packages/airflow/example_dags/example_short_circuit_decorator.py
[2022-12-31T21:42:18.285+0700] {logging_mixin.py:137} INFO - [2022-12-31T21:42:18.285+0700] {dag.py:2676} INFO - Sync 1 DAGs
[2022-12-31T21:42:18.405+0700] {logging_mixin.py:137} INFO - [2022-12-31T21:42:18.405+0700] {dag.py:3423} INFO - Setting next_dagrun for example_short_circuit_decorator to 2022-12-30T14:42:18.405151+00:00, run_after=2022-12-31T14:42:18.405151+00:00
[2022-12-31T21:42:18.435+0700] {processor.py:175} INFO - Processing /home/dmk/anaconda3/lib/python3.9/site-packages/airflow/example_dags/example_short_circuit_decorator.py took 0.225 seconds
[2022-12-31T21:43:08.148+0700] {processor.py:153} INFO - Started process (PID=29916) to work on /home/dmk/anaconda3/lib/python3.9/site-packages/airflow/example_dags/example_short_circuit_decorator.py
[2022-12-31T21:43:08.153+0700] {processor.py:743} INFO - Processing file /home/dmk/anaconda3/lib/python3.9/site-packages/airflow/example_dags/example_short_circuit_decorator.py for tasks to queue
[2022-12-31T21:43:08.156+0700] {logging_mixin.py:137} INFO - [2022-12-31T21:43:08.155+0700] {dagbag.py:538} INFO - Filling up the DagBag from /home/dmk/anaconda3/lib/python3.9/site-packages/airflow/example_dags/example_short_circuit_decorator.py
[2022-12-31T21:43:08.195+0700] {processor.py:753} INFO - DAG(s) dict_keys(['example_short_circuit_decorator']) retrieved from /home/dmk/anaconda3/lib/python3.9/site-packages/airflow/example_dags/example_short_circuit_decorator.py
[2022-12-31T21:43:08.324+0700] {logging_mixin.py:137} INFO - [2022-12-31T21:43:08.324+0700] {dag.py:2676} INFO - Sync 1 DAGs
[2022-12-31T21:43:08.342+0700] {logging_mixin.py:137} INFO - [2022-12-31T21:43:08.342+0700] {dag.py:3423} INFO - Setting next_dagrun for example_short_circuit_decorator to 2022-12-30T14:43:08.342318+00:00, run_after=2022-12-31T14:43:08.342318+00:00
[2022-12-31T21:43:08.379+0700] {processor.py:175} INFO - Processing /home/dmk/anaconda3/lib/python3.9/site-packages/airflow/example_dags/example_short_circuit_decorator.py took 0.239 seconds
[2022-12-31T22:23:16.887+0700] {processor.py:153} INFO - Started process (PID=47573) to work on /home/dmk/anaconda3/lib/python3.9/site-packages/airflow/example_dags/example_short_circuit_decorator.py
[2022-12-31T22:23:16.890+0700] {processor.py:743} INFO - Processing file /home/dmk/anaconda3/lib/python3.9/site-packages/airflow/example_dags/example_short_circuit_decorator.py for tasks to queue
[2022-12-31T22:23:16.891+0700] {logging_mixin.py:137} INFO - [2022-12-31T22:23:16.890+0700] {dagbag.py:538} INFO - Filling up the DagBag from /home/dmk/anaconda3/lib/python3.9/site-packages/airflow/example_dags/example_short_circuit_decorator.py
[2022-12-31T22:23:16.921+0700] {processor.py:753} INFO - DAG(s) dict_keys(['example_short_circuit_decorator']) retrieved from /home/dmk/anaconda3/lib/python3.9/site-packages/airflow/example_dags/example_short_circuit_decorator.py
[2022-12-31T22:23:16.957+0700] {logging_mixin.py:137} INFO - [2022-12-31T22:23:16.957+0700] {dag.py:2676} INFO - Sync 1 DAGs
[2022-12-31T22:23:17.101+0700] {logging_mixin.py:137} INFO - [2022-12-31T22:23:17.101+0700] {dag.py:3423} INFO - Setting next_dagrun for example_short_circuit_decorator to 2022-12-30T15:23:17.100750+00:00, run_after=2022-12-31T15:23:17.100750+00:00
[2022-12-31T22:23:17.136+0700] {processor.py:175} INFO - Processing /home/dmk/anaconda3/lib/python3.9/site-packages/airflow/example_dags/example_short_circuit_decorator.py took 0.255 seconds
[2022-12-31T22:24:08.813+0700] {processor.py:153} INFO - Started process (PID=48146) to work on /home/dmk/anaconda3/lib/python3.9/site-packages/airflow/example_dags/example_short_circuit_decorator.py
[2022-12-31T22:24:08.821+0700] {processor.py:743} INFO - Processing file /home/dmk/anaconda3/lib/python3.9/site-packages/airflow/example_dags/example_short_circuit_decorator.py for tasks to queue
[2022-12-31T22:24:08.825+0700] {logging_mixin.py:137} INFO - [2022-12-31T22:24:08.824+0700] {dagbag.py:538} INFO - Filling up the DagBag from /home/dmk/anaconda3/lib/python3.9/site-packages/airflow/example_dags/example_short_circuit_decorator.py
[2022-12-31T22:24:08.885+0700] {processor.py:753} INFO - DAG(s) dict_keys(['example_short_circuit_decorator']) retrieved from /home/dmk/anaconda3/lib/python3.9/site-packages/airflow/example_dags/example_short_circuit_decorator.py
[2022-12-31T22:24:09.020+0700] {logging_mixin.py:137} INFO - [2022-12-31T22:24:09.019+0700] {dag.py:2676} INFO - Sync 1 DAGs
[2022-12-31T22:24:09.039+0700] {logging_mixin.py:137} INFO - [2022-12-31T22:24:09.039+0700] {dag.py:3423} INFO - Setting next_dagrun for example_short_circuit_decorator to 2022-12-30T15:24:09.038998+00:00, run_after=2022-12-31T15:24:09.038998+00:00
[2022-12-31T22:24:09.077+0700] {processor.py:175} INFO - Processing /home/dmk/anaconda3/lib/python3.9/site-packages/airflow/example_dags/example_short_circuit_decorator.py took 0.277 seconds
[2022-12-31T22:25:25.095+0700] {processor.py:153} INFO - Started process (PID=48889) to work on /home/dmk/anaconda3/envs/airflow/lib/python3.7/site-packages/airflow/example_dags/example_short_circuit_decorator.py
[2022-12-31T22:25:25.101+0700] {processor.py:743} INFO - Processing file /home/dmk/anaconda3/envs/airflow/lib/python3.7/site-packages/airflow/example_dags/example_short_circuit_decorator.py for tasks to queue
[2022-12-31T22:25:25.103+0700] {logging_mixin.py:137} INFO - [2022-12-31T22:25:25.103+0700] {dagbag.py:538} INFO - Filling up the DagBag from /home/dmk/anaconda3/envs/airflow/lib/python3.7/site-packages/airflow/example_dags/example_short_circuit_decorator.py
[2022-12-31T22:25:25.213+0700] {processor.py:753} INFO - DAG(s) dict_keys(['example_short_circuit_decorator']) retrieved from /home/dmk/anaconda3/envs/airflow/lib/python3.7/site-packages/airflow/example_dags/example_short_circuit_decorator.py
[2022-12-31T22:25:25.425+0700] {logging_mixin.py:137} INFO - [2022-12-31T22:25:25.425+0700] {dag.py:2676} INFO - Sync 1 DAGs
[2022-12-31T22:25:25.448+0700] {logging_mixin.py:137} INFO - [2022-12-31T22:25:25.448+0700] {dag.py:3427} INFO - Setting next_dagrun for example_short_circuit_decorator to 2022-12-30T15:25:25.447948+00:00, run_after=2022-12-31T15:25:25.447948+00:00
[2022-12-31T22:25:25.498+0700] {processor.py:175} INFO - Processing /home/dmk/anaconda3/envs/airflow/lib/python3.7/site-packages/airflow/example_dags/example_short_circuit_decorator.py took 0.412 seconds
[2022-12-31T22:26:15.387+0700] {processor.py:153} INFO - Started process (PID=49811) to work on /home/dmk/anaconda3/envs/airflow/lib/python3.7/site-packages/airflow/example_dags/example_short_circuit_decorator.py
[2022-12-31T22:26:15.391+0700] {processor.py:743} INFO - Processing file /home/dmk/anaconda3/envs/airflow/lib/python3.7/site-packages/airflow/example_dags/example_short_circuit_decorator.py for tasks to queue
[2022-12-31T22:26:15.392+0700] {logging_mixin.py:137} INFO - [2022-12-31T22:26:15.392+0700] {dagbag.py:538} INFO - Filling up the DagBag from /home/dmk/anaconda3/envs/airflow/lib/python3.7/site-packages/airflow/example_dags/example_short_circuit_decorator.py
[2022-12-31T22:26:15.427+0700] {processor.py:753} INFO - DAG(s) dict_keys(['example_short_circuit_decorator']) retrieved from /home/dmk/anaconda3/envs/airflow/lib/python3.7/site-packages/airflow/example_dags/example_short_circuit_decorator.py
[2022-12-31T22:26:15.589+0700] {logging_mixin.py:137} INFO - [2022-12-31T22:26:15.588+0700] {dag.py:2676} INFO - Sync 1 DAGs
[2022-12-31T22:26:15.608+0700] {logging_mixin.py:137} INFO - [2022-12-31T22:26:15.607+0700] {dag.py:3427} INFO - Setting next_dagrun for example_short_circuit_decorator to 2022-12-30T15:26:15.607736+00:00, run_after=2022-12-31T15:26:15.607736+00:00
[2022-12-31T22:26:15.639+0700] {processor.py:175} INFO - Processing /home/dmk/anaconda3/envs/airflow/lib/python3.7/site-packages/airflow/example_dags/example_short_circuit_decorator.py took 0.254 seconds
[2022-12-31T22:27:05.572+0700] {processor.py:153} INFO - Started process (PID=50159) to work on /home/dmk/anaconda3/envs/airflow/lib/python3.7/site-packages/airflow/example_dags/example_short_circuit_decorator.py
[2022-12-31T22:27:05.578+0700] {processor.py:743} INFO - Processing file /home/dmk/anaconda3/envs/airflow/lib/python3.7/site-packages/airflow/example_dags/example_short_circuit_decorator.py for tasks to queue
[2022-12-31T22:27:05.580+0700] {logging_mixin.py:137} INFO - [2022-12-31T22:27:05.579+0700] {dagbag.py:538} INFO - Filling up the DagBag from /home/dmk/anaconda3/envs/airflow/lib/python3.7/site-packages/airflow/example_dags/example_short_circuit_decorator.py
[2022-12-31T22:27:05.725+0700] {processor.py:753} INFO - DAG(s) dict_keys(['example_short_circuit_decorator']) retrieved from /home/dmk/anaconda3/envs/airflow/lib/python3.7/site-packages/airflow/example_dags/example_short_circuit_decorator.py
[2022-12-31T22:27:05.745+0700] {logging_mixin.py:137} INFO - [2022-12-31T22:27:05.745+0700] {dag.py:2676} INFO - Sync 1 DAGs
[2022-12-31T22:27:05.772+0700] {logging_mixin.py:137} INFO - [2022-12-31T22:27:05.772+0700] {dag.py:3427} INFO - Setting next_dagrun for example_short_circuit_decorator to 2022-12-30T15:27:05.772270+00:00, run_after=2022-12-31T15:27:05.772270+00:00
[2022-12-31T22:27:05.805+0700] {processor.py:175} INFO - Processing /home/dmk/anaconda3/envs/airflow/lib/python3.7/site-packages/airflow/example_dags/example_short_circuit_decorator.py took 0.240 seconds
[2022-12-31T22:27:55.981+0700] {processor.py:153} INFO - Started process (PID=50527) to work on /home/dmk/anaconda3/envs/airflow/lib/python3.7/site-packages/airflow/example_dags/example_short_circuit_decorator.py
[2022-12-31T22:27:55.987+0700] {processor.py:743} INFO - Processing file /home/dmk/anaconda3/envs/airflow/lib/python3.7/site-packages/airflow/example_dags/example_short_circuit_decorator.py for tasks to queue
[2022-12-31T22:27:55.989+0700] {logging_mixin.py:137} INFO - [2022-12-31T22:27:55.989+0700] {dagbag.py:538} INFO - Filling up the DagBag from /home/dmk/anaconda3/envs/airflow/lib/python3.7/site-packages/airflow/example_dags/example_short_circuit_decorator.py
[2022-12-31T22:27:56.134+0700] {processor.py:753} INFO - DAG(s) dict_keys(['example_short_circuit_decorator']) retrieved from /home/dmk/anaconda3/envs/airflow/lib/python3.7/site-packages/airflow/example_dags/example_short_circuit_decorator.py
[2022-12-31T22:27:56.153+0700] {logging_mixin.py:137} INFO - [2022-12-31T22:27:56.153+0700] {dag.py:2676} INFO - Sync 1 DAGs
[2022-12-31T22:27:56.173+0700] {logging_mixin.py:137} INFO - [2022-12-31T22:27:56.173+0700] {dag.py:3427} INFO - Setting next_dagrun for example_short_circuit_decorator to 2022-12-30T15:27:56.172889+00:00, run_after=2022-12-31T15:27:56.172889+00:00
[2022-12-31T22:27:56.203+0700] {processor.py:175} INFO - Processing /home/dmk/anaconda3/envs/airflow/lib/python3.7/site-packages/airflow/example_dags/example_short_circuit_decorator.py took 0.230 seconds
[2022-12-31T22:28:46.149+0700] {processor.py:153} INFO - Started process (PID=50626) to work on /home/dmk/anaconda3/envs/airflow/lib/python3.7/site-packages/airflow/example_dags/example_short_circuit_decorator.py
[2022-12-31T22:28:46.152+0700] {processor.py:743} INFO - Processing file /home/dmk/anaconda3/envs/airflow/lib/python3.7/site-packages/airflow/example_dags/example_short_circuit_decorator.py for tasks to queue
[2022-12-31T22:28:46.154+0700] {logging_mixin.py:137} INFO - [2022-12-31T22:28:46.153+0700] {dagbag.py:538} INFO - Filling up the DagBag from /home/dmk/anaconda3/envs/airflow/lib/python3.7/site-packages/airflow/example_dags/example_short_circuit_decorator.py
[2022-12-31T22:28:46.296+0700] {processor.py:753} INFO - DAG(s) dict_keys(['example_short_circuit_decorator']) retrieved from /home/dmk/anaconda3/envs/airflow/lib/python3.7/site-packages/airflow/example_dags/example_short_circuit_decorator.py
[2022-12-31T22:28:46.318+0700] {logging_mixin.py:137} INFO - [2022-12-31T22:28:46.318+0700] {dag.py:2676} INFO - Sync 1 DAGs
[2022-12-31T22:28:46.339+0700] {logging_mixin.py:137} INFO - [2022-12-31T22:28:46.339+0700] {dag.py:3427} INFO - Setting next_dagrun for example_short_circuit_decorator to 2022-12-30T15:28:46.339171+00:00, run_after=2022-12-31T15:28:46.339171+00:00
[2022-12-31T22:28:46.390+0700] {processor.py:175} INFO - Processing /home/dmk/anaconda3/envs/airflow/lib/python3.7/site-packages/airflow/example_dags/example_short_circuit_decorator.py took 0.249 seconds
[2022-12-31T22:29:32.210+0700] {processor.py:153} INFO - Started process (PID=51186) to work on /home/dmk/anaconda3/envs/airflow/lib/python3.7/site-packages/airflow/example_dags/example_short_circuit_decorator.py
[2022-12-31T22:29:32.211+0700] {processor.py:743} INFO - Processing file /home/dmk/anaconda3/envs/airflow/lib/python3.7/site-packages/airflow/example_dags/example_short_circuit_decorator.py for tasks to queue
[2022-12-31T22:29:32.213+0700] {logging_mixin.py:137} INFO - [2022-12-31T22:29:32.212+0700] {dagbag.py:538} INFO - Filling up the DagBag from /home/dmk/anaconda3/envs/airflow/lib/python3.7/site-packages/airflow/example_dags/example_short_circuit_decorator.py
[2022-12-31T22:29:32.237+0700] {processor.py:753} INFO - DAG(s) dict_keys(['example_short_circuit_decorator']) retrieved from /home/dmk/anaconda3/envs/airflow/lib/python3.7/site-packages/airflow/example_dags/example_short_circuit_decorator.py
[2022-12-31T22:29:32.261+0700] {logging_mixin.py:137} INFO - [2022-12-31T22:29:32.261+0700] {dag.py:2676} INFO - Sync 1 DAGs
[2022-12-31T22:29:32.282+0700] {logging_mixin.py:137} INFO - [2022-12-31T22:29:32.282+0700] {dag.py:3427} INFO - Setting next_dagrun for example_short_circuit_decorator to 2022-12-30T15:29:32.281933+00:00, run_after=2022-12-31T15:29:32.281933+00:00
[2022-12-31T22:29:32.314+0700] {processor.py:175} INFO - Processing /home/dmk/anaconda3/envs/airflow/lib/python3.7/site-packages/airflow/example_dags/example_short_circuit_decorator.py took 0.108 seconds
[2022-12-31T22:30:19.333+0700] {processor.py:153} INFO - Started process (PID=51461) to work on /home/dmk/anaconda3/envs/airflow/lib/python3.7/site-packages/airflow/example_dags/example_short_circuit_decorator.py
[2022-12-31T22:30:19.336+0700] {processor.py:743} INFO - Processing file /home/dmk/anaconda3/envs/airflow/lib/python3.7/site-packages/airflow/example_dags/example_short_circuit_decorator.py for tasks to queue
[2022-12-31T22:30:19.338+0700] {logging_mixin.py:137} INFO - [2022-12-31T22:30:19.338+0700] {dagbag.py:538} INFO - Filling up the DagBag from /home/dmk/anaconda3/envs/airflow/lib/python3.7/site-packages/airflow/example_dags/example_short_circuit_decorator.py
[2022-12-31T22:30:19.369+0700] {processor.py:753} INFO - DAG(s) dict_keys(['example_short_circuit_decorator']) retrieved from /home/dmk/anaconda3/envs/airflow/lib/python3.7/site-packages/airflow/example_dags/example_short_circuit_decorator.py
[2022-12-31T22:30:19.395+0700] {logging_mixin.py:137} INFO - [2022-12-31T22:30:19.395+0700] {dag.py:2676} INFO - Sync 1 DAGs
[2022-12-31T22:30:19.420+0700] {logging_mixin.py:137} INFO - [2022-12-31T22:30:19.420+0700] {dag.py:3427} INFO - Setting next_dagrun for example_short_circuit_decorator to 2022-12-30T15:30:19.419836+00:00, run_after=2022-12-31T15:30:19.419836+00:00
[2022-12-31T22:30:19.452+0700] {processor.py:175} INFO - Processing /home/dmk/anaconda3/envs/airflow/lib/python3.7/site-packages/airflow/example_dags/example_short_circuit_decorator.py took 0.127 seconds
[2022-12-31T22:31:05.661+0700] {processor.py:153} INFO - Started process (PID=51631) to work on /home/dmk/anaconda3/envs/airflow/lib/python3.7/site-packages/airflow/example_dags/example_short_circuit_decorator.py
[2022-12-31T22:31:05.666+0700] {processor.py:743} INFO - Processing file /home/dmk/anaconda3/envs/airflow/lib/python3.7/site-packages/airflow/example_dags/example_short_circuit_decorator.py for tasks to queue
[2022-12-31T22:31:05.668+0700] {logging_mixin.py:137} INFO - [2022-12-31T22:31:05.668+0700] {dagbag.py:538} INFO - Filling up the DagBag from /home/dmk/anaconda3/envs/airflow/lib/python3.7/site-packages/airflow/example_dags/example_short_circuit_decorator.py
[2022-12-31T22:31:05.712+0700] {processor.py:753} INFO - DAG(s) dict_keys(['example_short_circuit_decorator']) retrieved from /home/dmk/anaconda3/envs/airflow/lib/python3.7/site-packages/airflow/example_dags/example_short_circuit_decorator.py
[2022-12-31T22:31:05.742+0700] {logging_mixin.py:137} INFO - [2022-12-31T22:31:05.742+0700] {dag.py:2676} INFO - Sync 1 DAGs
[2022-12-31T22:31:05.769+0700] {logging_mixin.py:137} INFO - [2022-12-31T22:31:05.769+0700] {dag.py:3427} INFO - Setting next_dagrun for example_short_circuit_decorator to 2022-12-30T15:31:05.769446+00:00, run_after=2022-12-31T15:31:05.769446+00:00
[2022-12-31T22:31:05.814+0700] {processor.py:175} INFO - Processing /home/dmk/anaconda3/envs/airflow/lib/python3.7/site-packages/airflow/example_dags/example_short_circuit_decorator.py took 0.162 seconds
[2022-12-31T22:31:55.277+0700] {processor.py:153} INFO - Started process (PID=51824) to work on /home/dmk/anaconda3/envs/airflow/lib/python3.7/site-packages/airflow/example_dags/example_short_circuit_decorator.py
[2022-12-31T22:31:55.289+0700] {processor.py:743} INFO - Processing file /home/dmk/anaconda3/envs/airflow/lib/python3.7/site-packages/airflow/example_dags/example_short_circuit_decorator.py for tasks to queue
[2022-12-31T22:31:55.292+0700] {logging_mixin.py:137} INFO - [2022-12-31T22:31:55.291+0700] {dagbag.py:538} INFO - Filling up the DagBag from /home/dmk/anaconda3/envs/airflow/lib/python3.7/site-packages/airflow/example_dags/example_short_circuit_decorator.py
[2022-12-31T22:31:55.367+0700] {processor.py:753} INFO - DAG(s) dict_keys(['example_short_circuit_decorator']) retrieved from /home/dmk/anaconda3/envs/airflow/lib/python3.7/site-packages/airflow/example_dags/example_short_circuit_decorator.py
[2022-12-31T22:31:55.396+0700] {logging_mixin.py:137} INFO - [2022-12-31T22:31:55.396+0700] {dag.py:2676} INFO - Sync 1 DAGs
[2022-12-31T22:31:55.423+0700] {logging_mixin.py:137} INFO - [2022-12-31T22:31:55.423+0700] {dag.py:3427} INFO - Setting next_dagrun for example_short_circuit_decorator to 2022-12-30T15:31:55.422795+00:00, run_after=2022-12-31T15:31:55.422795+00:00
[2022-12-31T22:31:55.457+0700] {processor.py:175} INFO - Processing /home/dmk/anaconda3/envs/airflow/lib/python3.7/site-packages/airflow/example_dags/example_short_circuit_decorator.py took 0.190 seconds
[2022-12-31T22:32:44.674+0700] {processor.py:153} INFO - Started process (PID=51920) to work on /home/dmk/anaconda3/envs/airflow/lib/python3.7/site-packages/airflow/example_dags/example_short_circuit_decorator.py
[2022-12-31T22:32:44.680+0700] {processor.py:743} INFO - Processing file /home/dmk/anaconda3/envs/airflow/lib/python3.7/site-packages/airflow/example_dags/example_short_circuit_decorator.py for tasks to queue
[2022-12-31T22:32:44.683+0700] {logging_mixin.py:137} INFO - [2022-12-31T22:32:44.682+0700] {dagbag.py:538} INFO - Filling up the DagBag from /home/dmk/anaconda3/envs/airflow/lib/python3.7/site-packages/airflow/example_dags/example_short_circuit_decorator.py
[2022-12-31T22:32:44.778+0700] {processor.py:753} INFO - DAG(s) dict_keys(['example_short_circuit_decorator']) retrieved from /home/dmk/anaconda3/envs/airflow/lib/python3.7/site-packages/airflow/example_dags/example_short_circuit_decorator.py
[2022-12-31T22:32:44.824+0700] {logging_mixin.py:137} INFO - [2022-12-31T22:32:44.823+0700] {dag.py:2676} INFO - Sync 1 DAGs
[2022-12-31T22:32:44.874+0700] {logging_mixin.py:137} INFO - [2022-12-31T22:32:44.874+0700] {dag.py:3427} INFO - Setting next_dagrun for example_short_circuit_decorator to 2022-12-30T15:32:44.873404+00:00, run_after=2022-12-31T15:32:44.873404+00:00
[2022-12-31T22:32:44.945+0700] {processor.py:175} INFO - Processing /home/dmk/anaconda3/envs/airflow/lib/python3.7/site-packages/airflow/example_dags/example_short_circuit_decorator.py took 0.284 seconds
