[2022-12-31T20:53:54.954+0700] {processor.py:153} INFO - Started process (PID=11519) to work on /home/dmk/anaconda3/lib/python3.9/site-packages/airflow/example_dags/example_branch_day_of_week_operator.py
[2022-12-31T20:53:54.955+0700] {processor.py:743} INFO - Processing file /home/dmk/anaconda3/lib/python3.9/site-packages/airflow/example_dags/example_branch_day_of_week_operator.py for tasks to queue
[2022-12-31T20:53:54.956+0700] {logging_mixin.py:137} INFO - [2022-12-31T20:53:54.956+0700] {dagbag.py:538} INFO - Filling up the DagBag from /home/dmk/anaconda3/lib/python3.9/site-packages/airflow/example_dags/example_branch_day_of_week_operator.py
[2022-12-31T20:53:54.973+0700] {processor.py:753} INFO - DAG(s) dict_keys(['example_weekday_branch_operator']) retrieved from /home/dmk/anaconda3/lib/python3.9/site-packages/airflow/example_dags/example_branch_day_of_week_operator.py
[2022-12-31T20:53:55.152+0700] {logging_mixin.py:137} INFO - [2022-12-31T20:53:55.152+0700] {dag.py:2676} INFO - Sync 1 DAGs
[2022-12-31T20:53:55.171+0700] {logging_mixin.py:137} INFO - [2022-12-31T20:53:55.171+0700] {dag.py:3423} INFO - Setting next_dagrun for example_weekday_branch_operator to 2022-12-30T00:00:00+00:00, run_after=2022-12-31T00:00:00+00:00
[2022-12-31T20:53:55.198+0700] {processor.py:175} INFO - Processing /home/dmk/anaconda3/lib/python3.9/site-packages/airflow/example_dags/example_branch_day_of_week_operator.py took 0.247 seconds
[2022-12-31T20:55:45.861+0700] {processor.py:153} INFO - Started process (PID=12071) to work on /home/dmk/anaconda3/lib/python3.9/site-packages/airflow/example_dags/example_branch_day_of_week_operator.py
[2022-12-31T20:55:45.868+0700] {processor.py:743} INFO - Processing file /home/dmk/anaconda3/lib/python3.9/site-packages/airflow/example_dags/example_branch_day_of_week_operator.py for tasks to queue
[2022-12-31T20:55:45.869+0700] {logging_mixin.py:137} INFO - [2022-12-31T20:55:45.868+0700] {dagbag.py:538} INFO - Filling up the DagBag from /home/dmk/anaconda3/lib/python3.9/site-packages/airflow/example_dags/example_branch_day_of_week_operator.py
[2022-12-31T20:55:45.890+0700] {processor.py:753} INFO - DAG(s) dict_keys(['example_weekday_branch_operator']) retrieved from /home/dmk/anaconda3/lib/python3.9/site-packages/airflow/example_dags/example_branch_day_of_week_operator.py
[2022-12-31T20:55:45.932+0700] {logging_mixin.py:137} INFO - [2022-12-31T20:55:45.931+0700] {dag.py:2676} INFO - Sync 1 DAGs
[2022-12-31T20:55:46.086+0700] {logging_mixin.py:137} INFO - [2022-12-31T20:55:46.086+0700] {dag.py:3423} INFO - Setting next_dagrun for example_weekday_branch_operator to 2022-12-30T00:00:00+00:00, run_after=2022-12-31T00:00:00+00:00
[2022-12-31T20:55:46.114+0700] {processor.py:175} INFO - Processing /home/dmk/anaconda3/lib/python3.9/site-packages/airflow/example_dags/example_branch_day_of_week_operator.py took 0.255 seconds
[2022-12-31T20:57:01.309+0700] {processor.py:153} INFO - Started process (PID=12423) to work on /home/dmk/anaconda3/lib/python3.9/site-packages/airflow/example_dags/example_branch_day_of_week_operator.py
[2022-12-31T20:57:01.314+0700] {processor.py:743} INFO - Processing file /home/dmk/anaconda3/lib/python3.9/site-packages/airflow/example_dags/example_branch_day_of_week_operator.py for tasks to queue
[2022-12-31T20:57:01.315+0700] {logging_mixin.py:137} INFO - [2022-12-31T20:57:01.315+0700] {dagbag.py:538} INFO - Filling up the DagBag from /home/dmk/anaconda3/lib/python3.9/site-packages/airflow/example_dags/example_branch_day_of_week_operator.py
[2022-12-31T20:57:01.355+0700] {processor.py:753} INFO - DAG(s) dict_keys(['example_weekday_branch_operator']) retrieved from /home/dmk/anaconda3/lib/python3.9/site-packages/airflow/example_dags/example_branch_day_of_week_operator.py
[2022-12-31T20:57:01.502+0700] {logging_mixin.py:137} INFO - [2022-12-31T20:57:01.502+0700] {dag.py:2676} INFO - Sync 1 DAGs
[2022-12-31T20:57:01.524+0700] {logging_mixin.py:137} INFO - [2022-12-31T20:57:01.524+0700] {dag.py:3423} INFO - Setting next_dagrun for example_weekday_branch_operator to 2022-12-30T00:00:00+00:00, run_after=2022-12-31T00:00:00+00:00
[2022-12-31T20:57:01.547+0700] {processor.py:175} INFO - Processing /home/dmk/anaconda3/lib/python3.9/site-packages/airflow/example_dags/example_branch_day_of_week_operator.py took 0.245 seconds
[2022-12-31T20:58:05.920+0700] {processor.py:153} INFO - Started process (PID=12831) to work on /home/dmk/anaconda3/lib/python3.9/site-packages/airflow/example_dags/example_branch_day_of_week_operator.py
[2022-12-31T20:58:05.924+0700] {processor.py:743} INFO - Processing file /home/dmk/anaconda3/lib/python3.9/site-packages/airflow/example_dags/example_branch_day_of_week_operator.py for tasks to queue
[2022-12-31T20:58:05.926+0700] {logging_mixin.py:137} INFO - [2022-12-31T20:58:05.925+0700] {dagbag.py:538} INFO - Filling up the DagBag from /home/dmk/anaconda3/lib/python3.9/site-packages/airflow/example_dags/example_branch_day_of_week_operator.py
[2022-12-31T20:58:06.046+0700] {processor.py:753} INFO - DAG(s) dict_keys(['example_weekday_branch_operator']) retrieved from /home/dmk/anaconda3/lib/python3.9/site-packages/airflow/example_dags/example_branch_day_of_week_operator.py
[2022-12-31T20:58:06.069+0700] {logging_mixin.py:137} INFO - [2022-12-31T20:58:06.069+0700] {dag.py:2676} INFO - Sync 1 DAGs
[2022-12-31T20:58:06.086+0700] {logging_mixin.py:137} INFO - [2022-12-31T20:58:06.086+0700] {dag.py:3423} INFO - Setting next_dagrun for example_weekday_branch_operator to 2022-12-30T00:00:00+00:00, run_after=2022-12-31T00:00:00+00:00
[2022-12-31T20:58:06.108+0700] {processor.py:175} INFO - Processing /home/dmk/anaconda3/lib/python3.9/site-packages/airflow/example_dags/example_branch_day_of_week_operator.py took 0.195 seconds
[2022-12-31T20:59:21.597+0700] {processor.py:153} INFO - Started process (PID=13173) to work on /home/dmk/anaconda3/lib/python3.9/site-packages/airflow/example_dags/example_branch_day_of_week_operator.py
[2022-12-31T20:59:21.598+0700] {processor.py:743} INFO - Processing file /home/dmk/anaconda3/lib/python3.9/site-packages/airflow/example_dags/example_branch_day_of_week_operator.py for tasks to queue
[2022-12-31T20:59:21.599+0700] {logging_mixin.py:137} INFO - [2022-12-31T20:59:21.599+0700] {dagbag.py:538} INFO - Filling up the DagBag from /home/dmk/anaconda3/lib/python3.9/site-packages/airflow/example_dags/example_branch_day_of_week_operator.py
[2022-12-31T20:59:21.624+0700] {processor.py:753} INFO - DAG(s) dict_keys(['example_weekday_branch_operator']) retrieved from /home/dmk/anaconda3/lib/python3.9/site-packages/airflow/example_dags/example_branch_day_of_week_operator.py
[2022-12-31T20:59:21.656+0700] {logging_mixin.py:137} INFO - [2022-12-31T20:59:21.656+0700] {dag.py:2676} INFO - Sync 1 DAGs
[2022-12-31T20:59:21.682+0700] {logging_mixin.py:137} INFO - [2022-12-31T20:59:21.682+0700] {dag.py:3423} INFO - Setting next_dagrun for example_weekday_branch_operator to 2022-12-30T00:00:00+00:00, run_after=2022-12-31T00:00:00+00:00
[2022-12-31T20:59:21.709+0700] {processor.py:175} INFO - Processing /home/dmk/anaconda3/lib/python3.9/site-packages/airflow/example_dags/example_branch_day_of_week_operator.py took 0.114 seconds
[2022-12-31T21:00:42.493+0700] {processor.py:153} INFO - Started process (PID=15437) to work on /home/dmk/anaconda3/lib/python3.9/site-packages/airflow/example_dags/example_branch_day_of_week_operator.py
[2022-12-31T21:00:42.498+0700] {processor.py:743} INFO - Processing file /home/dmk/anaconda3/lib/python3.9/site-packages/airflow/example_dags/example_branch_day_of_week_operator.py for tasks to queue
[2022-12-31T21:00:42.498+0700] {logging_mixin.py:137} INFO - [2022-12-31T21:00:42.498+0700] {dagbag.py:538} INFO - Filling up the DagBag from /home/dmk/anaconda3/lib/python3.9/site-packages/airflow/example_dags/example_branch_day_of_week_operator.py
[2022-12-31T21:00:42.516+0700] {processor.py:753} INFO - DAG(s) dict_keys(['example_weekday_branch_operator']) retrieved from /home/dmk/anaconda3/lib/python3.9/site-packages/airflow/example_dags/example_branch_day_of_week_operator.py
[2022-12-31T21:00:42.542+0700] {logging_mixin.py:137} INFO - [2022-12-31T21:00:42.542+0700] {dag.py:2676} INFO - Sync 1 DAGs
[2022-12-31T21:00:42.560+0700] {logging_mixin.py:137} INFO - [2022-12-31T21:00:42.560+0700] {dag.py:3423} INFO - Setting next_dagrun for example_weekday_branch_operator to 2022-12-30T00:00:00+00:00, run_after=2022-12-31T00:00:00+00:00
[2022-12-31T21:00:42.589+0700] {processor.py:175} INFO - Processing /home/dmk/anaconda3/lib/python3.9/site-packages/airflow/example_dags/example_branch_day_of_week_operator.py took 0.101 seconds
[2022-12-31T21:01:38.437+0700] {processor.py:153} INFO - Started process (PID=16222) to work on /home/dmk/anaconda3/lib/python3.9/site-packages/airflow/example_dags/example_branch_day_of_week_operator.py
[2022-12-31T21:01:38.438+0700] {processor.py:743} INFO - Processing file /home/dmk/anaconda3/lib/python3.9/site-packages/airflow/example_dags/example_branch_day_of_week_operator.py for tasks to queue
[2022-12-31T21:01:38.439+0700] {logging_mixin.py:137} INFO - [2022-12-31T21:01:38.439+0700] {dagbag.py:538} INFO - Filling up the DagBag from /home/dmk/anaconda3/lib/python3.9/site-packages/airflow/example_dags/example_branch_day_of_week_operator.py
[2022-12-31T21:01:38.456+0700] {processor.py:753} INFO - DAG(s) dict_keys(['example_weekday_branch_operator']) retrieved from /home/dmk/anaconda3/lib/python3.9/site-packages/airflow/example_dags/example_branch_day_of_week_operator.py
[2022-12-31T21:01:38.481+0700] {logging_mixin.py:137} INFO - [2022-12-31T21:01:38.481+0700] {dag.py:2676} INFO - Sync 1 DAGs
[2022-12-31T21:01:38.500+0700] {logging_mixin.py:137} INFO - [2022-12-31T21:01:38.500+0700] {dag.py:3423} INFO - Setting next_dagrun for example_weekday_branch_operator to 2022-12-30T00:00:00+00:00, run_after=2022-12-31T00:00:00+00:00
[2022-12-31T21:01:38.523+0700] {processor.py:175} INFO - Processing /home/dmk/anaconda3/lib/python3.9/site-packages/airflow/example_dags/example_branch_day_of_week_operator.py took 0.089 seconds
[2022-12-31T21:02:30.692+0700] {processor.py:153} INFO - Started process (PID=16337) to work on /home/dmk/anaconda3/lib/python3.9/site-packages/airflow/example_dags/example_branch_day_of_week_operator.py
[2022-12-31T21:02:30.697+0700] {processor.py:743} INFO - Processing file /home/dmk/anaconda3/lib/python3.9/site-packages/airflow/example_dags/example_branch_day_of_week_operator.py for tasks to queue
[2022-12-31T21:02:30.698+0700] {logging_mixin.py:137} INFO - [2022-12-31T21:02:30.698+0700] {dagbag.py:538} INFO - Filling up the DagBag from /home/dmk/anaconda3/lib/python3.9/site-packages/airflow/example_dags/example_branch_day_of_week_operator.py
[2022-12-31T21:02:30.726+0700] {processor.py:753} INFO - DAG(s) dict_keys(['example_weekday_branch_operator']) retrieved from /home/dmk/anaconda3/lib/python3.9/site-packages/airflow/example_dags/example_branch_day_of_week_operator.py
[2022-12-31T21:02:30.754+0700] {logging_mixin.py:137} INFO - [2022-12-31T21:02:30.754+0700] {dag.py:2676} INFO - Sync 1 DAGs
[2022-12-31T21:02:30.774+0700] {logging_mixin.py:137} INFO - [2022-12-31T21:02:30.774+0700] {dag.py:3423} INFO - Setting next_dagrun for example_weekday_branch_operator to 2022-12-30T00:00:00+00:00, run_after=2022-12-31T00:00:00+00:00
[2022-12-31T21:02:30.807+0700] {processor.py:175} INFO - Processing /home/dmk/anaconda3/lib/python3.9/site-packages/airflow/example_dags/example_branch_day_of_week_operator.py took 0.124 seconds
[2022-12-31T21:04:12.616+0700] {processor.py:153} INFO - Started process (PID=17098) to work on /home/dmk/anaconda3/lib/python3.9/site-packages/airflow/example_dags/example_branch_day_of_week_operator.py
[2022-12-31T21:04:12.617+0700] {processor.py:743} INFO - Processing file /home/dmk/anaconda3/lib/python3.9/site-packages/airflow/example_dags/example_branch_day_of_week_operator.py for tasks to queue
[2022-12-31T21:04:12.618+0700] {logging_mixin.py:137} INFO - [2022-12-31T21:04:12.618+0700] {dagbag.py:538} INFO - Filling up the DagBag from /home/dmk/anaconda3/lib/python3.9/site-packages/airflow/example_dags/example_branch_day_of_week_operator.py
[2022-12-31T21:04:12.648+0700] {processor.py:753} INFO - DAG(s) dict_keys(['example_weekday_branch_operator']) retrieved from /home/dmk/anaconda3/lib/python3.9/site-packages/airflow/example_dags/example_branch_day_of_week_operator.py
[2022-12-31T21:04:12.879+0700] {logging_mixin.py:137} INFO - [2022-12-31T21:04:12.879+0700] {dag.py:2676} INFO - Sync 1 DAGs
[2022-12-31T21:04:12.910+0700] {logging_mixin.py:137} INFO - [2022-12-31T21:04:12.909+0700] {dag.py:3423} INFO - Setting next_dagrun for example_weekday_branch_operator to 2022-12-30T00:00:00+00:00, run_after=2022-12-31T00:00:00+00:00
[2022-12-31T21:04:12.950+0700] {processor.py:175} INFO - Processing /home/dmk/anaconda3/lib/python3.9/site-packages/airflow/example_dags/example_branch_day_of_week_operator.py took 0.337 seconds
[2022-12-31T21:05:28.803+0700] {processor.py:153} INFO - Started process (PID=18227) to work on /home/dmk/anaconda3/lib/python3.9/site-packages/airflow/example_dags/example_branch_day_of_week_operator.py
[2022-12-31T21:05:28.806+0700] {processor.py:743} INFO - Processing file /home/dmk/anaconda3/lib/python3.9/site-packages/airflow/example_dags/example_branch_day_of_week_operator.py for tasks to queue
[2022-12-31T21:05:28.807+0700] {logging_mixin.py:137} INFO - [2022-12-31T21:05:28.807+0700] {dagbag.py:538} INFO - Filling up the DagBag from /home/dmk/anaconda3/lib/python3.9/site-packages/airflow/example_dags/example_branch_day_of_week_operator.py
[2022-12-31T21:05:28.821+0700] {processor.py:753} INFO - DAG(s) dict_keys(['example_weekday_branch_operator']) retrieved from /home/dmk/anaconda3/lib/python3.9/site-packages/airflow/example_dags/example_branch_day_of_week_operator.py
[2022-12-31T21:05:28.963+0700] {logging_mixin.py:137} INFO - [2022-12-31T21:05:28.963+0700] {dag.py:2676} INFO - Sync 1 DAGs
[2022-12-31T21:05:28.978+0700] {logging_mixin.py:137} INFO - [2022-12-31T21:05:28.978+0700] {dag.py:3423} INFO - Setting next_dagrun for example_weekday_branch_operator to 2022-12-30T00:00:00+00:00, run_after=2022-12-31T00:00:00+00:00
[2022-12-31T21:05:29.005+0700] {processor.py:175} INFO - Processing /home/dmk/anaconda3/lib/python3.9/site-packages/airflow/example_dags/example_branch_day_of_week_operator.py took 0.204 seconds
[2022-12-31T21:06:58.308+0700] {processor.py:153} INFO - Started process (PID=18529) to work on /home/dmk/anaconda3/lib/python3.9/site-packages/airflow/example_dags/example_branch_day_of_week_operator.py
[2022-12-31T21:06:58.311+0700] {processor.py:743} INFO - Processing file /home/dmk/anaconda3/lib/python3.9/site-packages/airflow/example_dags/example_branch_day_of_week_operator.py for tasks to queue
[2022-12-31T21:06:58.312+0700] {logging_mixin.py:137} INFO - [2022-12-31T21:06:58.312+0700] {dagbag.py:538} INFO - Filling up the DagBag from /home/dmk/anaconda3/lib/python3.9/site-packages/airflow/example_dags/example_branch_day_of_week_operator.py
[2022-12-31T21:06:58.326+0700] {processor.py:753} INFO - DAG(s) dict_keys(['example_weekday_branch_operator']) retrieved from /home/dmk/anaconda3/lib/python3.9/site-packages/airflow/example_dags/example_branch_day_of_week_operator.py
[2022-12-31T21:06:58.443+0700] {logging_mixin.py:137} INFO - [2022-12-31T21:06:58.443+0700] {dag.py:2676} INFO - Sync 1 DAGs
[2022-12-31T21:06:58.460+0700] {logging_mixin.py:137} INFO - [2022-12-31T21:06:58.460+0700] {dag.py:3423} INFO - Setting next_dagrun for example_weekday_branch_operator to 2022-12-30T00:00:00+00:00, run_after=2022-12-31T00:00:00+00:00
[2022-12-31T21:06:58.480+0700] {processor.py:175} INFO - Processing /home/dmk/anaconda3/lib/python3.9/site-packages/airflow/example_dags/example_branch_day_of_week_operator.py took 0.175 seconds
[2022-12-31T21:08:05.190+0700] {processor.py:153} INFO - Started process (PID=18787) to work on /home/dmk/anaconda3/lib/python3.9/site-packages/airflow/example_dags/example_branch_day_of_week_operator.py
[2022-12-31T21:08:05.195+0700] {processor.py:743} INFO - Processing file /home/dmk/anaconda3/lib/python3.9/site-packages/airflow/example_dags/example_branch_day_of_week_operator.py for tasks to queue
[2022-12-31T21:08:05.197+0700] {logging_mixin.py:137} INFO - [2022-12-31T21:08:05.197+0700] {dagbag.py:538} INFO - Filling up the DagBag from /home/dmk/anaconda3/lib/python3.9/site-packages/airflow/example_dags/example_branch_day_of_week_operator.py
[2022-12-31T21:08:05.331+0700] {processor.py:753} INFO - DAG(s) dict_keys(['example_weekday_branch_operator']) retrieved from /home/dmk/anaconda3/lib/python3.9/site-packages/airflow/example_dags/example_branch_day_of_week_operator.py
[2022-12-31T21:08:05.352+0700] {logging_mixin.py:137} INFO - [2022-12-31T21:08:05.352+0700] {dag.py:2676} INFO - Sync 1 DAGs
[2022-12-31T21:08:05.370+0700] {logging_mixin.py:137} INFO - [2022-12-31T21:08:05.370+0700] {dag.py:3423} INFO - Setting next_dagrun for example_weekday_branch_operator to 2022-12-30T00:00:00+00:00, run_after=2022-12-31T00:00:00+00:00
[2022-12-31T21:08:05.397+0700] {processor.py:175} INFO - Processing /home/dmk/anaconda3/lib/python3.9/site-packages/airflow/example_dags/example_branch_day_of_week_operator.py took 0.214 seconds
[2022-12-31T21:09:23.366+0700] {processor.py:153} INFO - Started process (PID=19724) to work on /home/dmk/anaconda3/lib/python3.9/site-packages/airflow/example_dags/example_branch_day_of_week_operator.py
[2022-12-31T21:09:23.370+0700] {processor.py:743} INFO - Processing file /home/dmk/anaconda3/lib/python3.9/site-packages/airflow/example_dags/example_branch_day_of_week_operator.py for tasks to queue
[2022-12-31T21:09:23.370+0700] {logging_mixin.py:137} INFO - [2022-12-31T21:09:23.370+0700] {dagbag.py:538} INFO - Filling up the DagBag from /home/dmk/anaconda3/lib/python3.9/site-packages/airflow/example_dags/example_branch_day_of_week_operator.py
[2022-12-31T21:09:23.387+0700] {processor.py:753} INFO - DAG(s) dict_keys(['example_weekday_branch_operator']) retrieved from /home/dmk/anaconda3/lib/python3.9/site-packages/airflow/example_dags/example_branch_day_of_week_operator.py
[2022-12-31T21:09:23.416+0700] {logging_mixin.py:137} INFO - [2022-12-31T21:09:23.415+0700] {dag.py:2676} INFO - Sync 1 DAGs
[2022-12-31T21:09:23.435+0700] {logging_mixin.py:137} INFO - [2022-12-31T21:09:23.435+0700] {dag.py:3423} INFO - Setting next_dagrun for example_weekday_branch_operator to 2022-12-30T00:00:00+00:00, run_after=2022-12-31T00:00:00+00:00
[2022-12-31T21:09:23.457+0700] {processor.py:175} INFO - Processing /home/dmk/anaconda3/lib/python3.9/site-packages/airflow/example_dags/example_branch_day_of_week_operator.py took 0.094 seconds
[2022-12-31T21:10:20.556+0700] {processor.py:153} INFO - Started process (PID=19901) to work on /home/dmk/anaconda3/lib/python3.9/site-packages/airflow/example_dags/example_branch_day_of_week_operator.py
[2022-12-31T21:10:20.561+0700] {processor.py:743} INFO - Processing file /home/dmk/anaconda3/lib/python3.9/site-packages/airflow/example_dags/example_branch_day_of_week_operator.py for tasks to queue
[2022-12-31T21:10:20.562+0700] {logging_mixin.py:137} INFO - [2022-12-31T21:10:20.561+0700] {dagbag.py:538} INFO - Filling up the DagBag from /home/dmk/anaconda3/lib/python3.9/site-packages/airflow/example_dags/example_branch_day_of_week_operator.py
[2022-12-31T21:10:20.582+0700] {processor.py:753} INFO - DAG(s) dict_keys(['example_weekday_branch_operator']) retrieved from /home/dmk/anaconda3/lib/python3.9/site-packages/airflow/example_dags/example_branch_day_of_week_operator.py
[2022-12-31T21:10:20.613+0700] {logging_mixin.py:137} INFO - [2022-12-31T21:10:20.613+0700] {dag.py:2676} INFO - Sync 1 DAGs
[2022-12-31T21:10:20.635+0700] {logging_mixin.py:137} INFO - [2022-12-31T21:10:20.635+0700] {dag.py:3423} INFO - Setting next_dagrun for example_weekday_branch_operator to 2022-12-30T00:00:00+00:00, run_after=2022-12-31T00:00:00+00:00
[2022-12-31T21:10:20.658+0700] {processor.py:175} INFO - Processing /home/dmk/anaconda3/lib/python3.9/site-packages/airflow/example_dags/example_branch_day_of_week_operator.py took 0.107 seconds
[2022-12-31T21:11:11.742+0700] {processor.py:153} INFO - Started process (PID=20179) to work on /home/dmk/anaconda3/lib/python3.9/site-packages/airflow/example_dags/example_branch_day_of_week_operator.py
[2022-12-31T21:11:11.745+0700] {processor.py:743} INFO - Processing file /home/dmk/anaconda3/lib/python3.9/site-packages/airflow/example_dags/example_branch_day_of_week_operator.py for tasks to queue
[2022-12-31T21:11:11.746+0700] {logging_mixin.py:137} INFO - [2022-12-31T21:11:11.746+0700] {dagbag.py:538} INFO - Filling up the DagBag from /home/dmk/anaconda3/lib/python3.9/site-packages/airflow/example_dags/example_branch_day_of_week_operator.py
[2022-12-31T21:11:11.762+0700] {processor.py:753} INFO - DAG(s) dict_keys(['example_weekday_branch_operator']) retrieved from /home/dmk/anaconda3/lib/python3.9/site-packages/airflow/example_dags/example_branch_day_of_week_operator.py
[2022-12-31T21:11:11.787+0700] {logging_mixin.py:137} INFO - [2022-12-31T21:11:11.787+0700] {dag.py:2676} INFO - Sync 1 DAGs
[2022-12-31T21:11:11.806+0700] {logging_mixin.py:137} INFO - [2022-12-31T21:11:11.806+0700] {dag.py:3423} INFO - Setting next_dagrun for example_weekday_branch_operator to 2022-12-30T00:00:00+00:00, run_after=2022-12-31T00:00:00+00:00
[2022-12-31T21:11:11.829+0700] {processor.py:175} INFO - Processing /home/dmk/anaconda3/lib/python3.9/site-packages/airflow/example_dags/example_branch_day_of_week_operator.py took 0.089 seconds
[2022-12-31T21:12:13.806+0700] {processor.py:153} INFO - Started process (PID=20383) to work on /home/dmk/anaconda3/lib/python3.9/site-packages/airflow/example_dags/example_branch_day_of_week_operator.py
[2022-12-31T21:12:13.807+0700] {processor.py:743} INFO - Processing file /home/dmk/anaconda3/lib/python3.9/site-packages/airflow/example_dags/example_branch_day_of_week_operator.py for tasks to queue
[2022-12-31T21:12:13.808+0700] {logging_mixin.py:137} INFO - [2022-12-31T21:12:13.808+0700] {dagbag.py:538} INFO - Filling up the DagBag from /home/dmk/anaconda3/lib/python3.9/site-packages/airflow/example_dags/example_branch_day_of_week_operator.py
[2022-12-31T21:12:13.824+0700] {processor.py:753} INFO - DAG(s) dict_keys(['example_weekday_branch_operator']) retrieved from /home/dmk/anaconda3/lib/python3.9/site-packages/airflow/example_dags/example_branch_day_of_week_operator.py
[2022-12-31T21:12:13.851+0700] {logging_mixin.py:137} INFO - [2022-12-31T21:12:13.851+0700] {dag.py:2676} INFO - Sync 1 DAGs
[2022-12-31T21:12:13.875+0700] {logging_mixin.py:137} INFO - [2022-12-31T21:12:13.875+0700] {dag.py:3423} INFO - Setting next_dagrun for example_weekday_branch_operator to 2022-12-30T00:00:00+00:00, run_after=2022-12-31T00:00:00+00:00
[2022-12-31T21:12:13.904+0700] {processor.py:175} INFO - Processing /home/dmk/anaconda3/lib/python3.9/site-packages/airflow/example_dags/example_branch_day_of_week_operator.py took 0.101 seconds
[2022-12-31T21:13:02.710+0700] {processor.py:153} INFO - Started process (PID=20503) to work on /home/dmk/anaconda3/lib/python3.9/site-packages/airflow/example_dags/example_branch_day_of_week_operator.py
[2022-12-31T21:13:02.714+0700] {processor.py:743} INFO - Processing file /home/dmk/anaconda3/lib/python3.9/site-packages/airflow/example_dags/example_branch_day_of_week_operator.py for tasks to queue
[2022-12-31T21:13:02.714+0700] {logging_mixin.py:137} INFO - [2022-12-31T21:13:02.714+0700] {dagbag.py:538} INFO - Filling up the DagBag from /home/dmk/anaconda3/lib/python3.9/site-packages/airflow/example_dags/example_branch_day_of_week_operator.py
[2022-12-31T21:13:02.730+0700] {processor.py:753} INFO - DAG(s) dict_keys(['example_weekday_branch_operator']) retrieved from /home/dmk/anaconda3/lib/python3.9/site-packages/airflow/example_dags/example_branch_day_of_week_operator.py
[2022-12-31T21:13:02.758+0700] {logging_mixin.py:137} INFO - [2022-12-31T21:13:02.758+0700] {dag.py:2676} INFO - Sync 1 DAGs
[2022-12-31T21:13:02.790+0700] {logging_mixin.py:137} INFO - [2022-12-31T21:13:02.790+0700] {dag.py:3423} INFO - Setting next_dagrun for example_weekday_branch_operator to 2022-12-30T00:00:00+00:00, run_after=2022-12-31T00:00:00+00:00
[2022-12-31T21:13:02.817+0700] {processor.py:175} INFO - Processing /home/dmk/anaconda3/lib/python3.9/site-packages/airflow/example_dags/example_branch_day_of_week_operator.py took 0.110 seconds
[2022-12-31T21:13:50.986+0700] {processor.py:153} INFO - Started process (PID=20710) to work on /home/dmk/anaconda3/lib/python3.9/site-packages/airflow/example_dags/example_branch_day_of_week_operator.py
[2022-12-31T21:13:50.992+0700] {processor.py:743} INFO - Processing file /home/dmk/anaconda3/lib/python3.9/site-packages/airflow/example_dags/example_branch_day_of_week_operator.py for tasks to queue
[2022-12-31T21:13:50.994+0700] {logging_mixin.py:137} INFO - [2022-12-31T21:13:50.993+0700] {dagbag.py:538} INFO - Filling up the DagBag from /home/dmk/anaconda3/lib/python3.9/site-packages/airflow/example_dags/example_branch_day_of_week_operator.py
[2022-12-31T21:13:51.065+0700] {processor.py:753} INFO - DAG(s) dict_keys(['example_weekday_branch_operator']) retrieved from /home/dmk/anaconda3/lib/python3.9/site-packages/airflow/example_dags/example_branch_day_of_week_operator.py
[2022-12-31T21:13:51.109+0700] {logging_mixin.py:137} INFO - [2022-12-31T21:13:51.108+0700] {dag.py:2676} INFO - Sync 1 DAGs
[2022-12-31T21:13:51.131+0700] {logging_mixin.py:137} INFO - [2022-12-31T21:13:51.131+0700] {dag.py:3423} INFO - Setting next_dagrun for example_weekday_branch_operator to 2022-12-30T00:00:00+00:00, run_after=2022-12-31T00:00:00+00:00
[2022-12-31T21:13:51.156+0700] {processor.py:175} INFO - Processing /home/dmk/anaconda3/lib/python3.9/site-packages/airflow/example_dags/example_branch_day_of_week_operator.py took 0.177 seconds
[2022-12-31T21:14:42.672+0700] {processor.py:153} INFO - Started process (PID=21733) to work on /home/dmk/anaconda3/lib/python3.9/site-packages/airflow/example_dags/example_branch_day_of_week_operator.py
[2022-12-31T21:14:42.676+0700] {processor.py:743} INFO - Processing file /home/dmk/anaconda3/lib/python3.9/site-packages/airflow/example_dags/example_branch_day_of_week_operator.py for tasks to queue
[2022-12-31T21:14:42.676+0700] {logging_mixin.py:137} INFO - [2022-12-31T21:14:42.676+0700] {dagbag.py:538} INFO - Filling up the DagBag from /home/dmk/anaconda3/lib/python3.9/site-packages/airflow/example_dags/example_branch_day_of_week_operator.py
[2022-12-31T21:14:42.691+0700] {processor.py:753} INFO - DAG(s) dict_keys(['example_weekday_branch_operator']) retrieved from /home/dmk/anaconda3/lib/python3.9/site-packages/airflow/example_dags/example_branch_day_of_week_operator.py
[2022-12-31T21:14:42.717+0700] {logging_mixin.py:137} INFO - [2022-12-31T21:14:42.717+0700] {dag.py:2676} INFO - Sync 1 DAGs
[2022-12-31T21:14:42.736+0700] {logging_mixin.py:137} INFO - [2022-12-31T21:14:42.736+0700] {dag.py:3423} INFO - Setting next_dagrun for example_weekday_branch_operator to 2022-12-30T00:00:00+00:00, run_after=2022-12-31T00:00:00+00:00
[2022-12-31T21:14:42.758+0700] {processor.py:175} INFO - Processing /home/dmk/anaconda3/lib/python3.9/site-packages/airflow/example_dags/example_branch_day_of_week_operator.py took 0.088 seconds
[2022-12-31T21:15:56.787+0700] {processor.py:153} INFO - Started process (PID=22442) to work on /home/dmk/anaconda3/lib/python3.9/site-packages/airflow/example_dags/example_branch_day_of_week_operator.py
[2022-12-31T21:15:56.791+0700] {processor.py:743} INFO - Processing file /home/dmk/anaconda3/lib/python3.9/site-packages/airflow/example_dags/example_branch_day_of_week_operator.py for tasks to queue
[2022-12-31T21:15:56.791+0700] {logging_mixin.py:137} INFO - [2022-12-31T21:15:56.791+0700] {dagbag.py:538} INFO - Filling up the DagBag from /home/dmk/anaconda3/lib/python3.9/site-packages/airflow/example_dags/example_branch_day_of_week_operator.py
[2022-12-31T21:15:56.806+0700] {processor.py:753} INFO - DAG(s) dict_keys(['example_weekday_branch_operator']) retrieved from /home/dmk/anaconda3/lib/python3.9/site-packages/airflow/example_dags/example_branch_day_of_week_operator.py
[2022-12-31T21:15:56.832+0700] {logging_mixin.py:137} INFO - [2022-12-31T21:15:56.832+0700] {dag.py:2676} INFO - Sync 1 DAGs
[2022-12-31T21:15:56.851+0700] {logging_mixin.py:137} INFO - [2022-12-31T21:15:56.851+0700] {dag.py:3423} INFO - Setting next_dagrun for example_weekday_branch_operator to 2022-12-30T00:00:00+00:00, run_after=2022-12-31T00:00:00+00:00
[2022-12-31T21:15:56.873+0700] {processor.py:175} INFO - Processing /home/dmk/anaconda3/lib/python3.9/site-packages/airflow/example_dags/example_branch_day_of_week_operator.py took 0.089 seconds
[2022-12-31T21:16:57.272+0700] {processor.py:153} INFO - Started process (PID=23489) to work on /home/dmk/anaconda3/lib/python3.9/site-packages/airflow/example_dags/example_branch_day_of_week_operator.py
[2022-12-31T21:16:57.273+0700] {processor.py:743} INFO - Processing file /home/dmk/anaconda3/lib/python3.9/site-packages/airflow/example_dags/example_branch_day_of_week_operator.py for tasks to queue
[2022-12-31T21:16:57.273+0700] {logging_mixin.py:137} INFO - [2022-12-31T21:16:57.273+0700] {dagbag.py:538} INFO - Filling up the DagBag from /home/dmk/anaconda3/lib/python3.9/site-packages/airflow/example_dags/example_branch_day_of_week_operator.py
[2022-12-31T21:16:57.288+0700] {processor.py:753} INFO - DAG(s) dict_keys(['example_weekday_branch_operator']) retrieved from /home/dmk/anaconda3/lib/python3.9/site-packages/airflow/example_dags/example_branch_day_of_week_operator.py
[2022-12-31T21:16:57.313+0700] {logging_mixin.py:137} INFO - [2022-12-31T21:16:57.313+0700] {dag.py:2676} INFO - Sync 1 DAGs
[2022-12-31T21:16:57.332+0700] {logging_mixin.py:137} INFO - [2022-12-31T21:16:57.332+0700] {dag.py:3423} INFO - Setting next_dagrun for example_weekday_branch_operator to 2022-12-30T00:00:00+00:00, run_after=2022-12-31T00:00:00+00:00
[2022-12-31T21:16:57.376+0700] {processor.py:175} INFO - Processing /home/dmk/anaconda3/lib/python3.9/site-packages/airflow/example_dags/example_branch_day_of_week_operator.py took 0.107 seconds
[2022-12-31T21:17:45.958+0700] {processor.py:153} INFO - Started process (PID=23642) to work on /home/dmk/anaconda3/lib/python3.9/site-packages/airflow/example_dags/example_branch_day_of_week_operator.py
[2022-12-31T21:17:45.964+0700] {processor.py:743} INFO - Processing file /home/dmk/anaconda3/lib/python3.9/site-packages/airflow/example_dags/example_branch_day_of_week_operator.py for tasks to queue
[2022-12-31T21:17:45.965+0700] {logging_mixin.py:137} INFO - [2022-12-31T21:17:45.965+0700] {dagbag.py:538} INFO - Filling up the DagBag from /home/dmk/anaconda3/lib/python3.9/site-packages/airflow/example_dags/example_branch_day_of_week_operator.py
[2022-12-31T21:17:45.994+0700] {processor.py:753} INFO - DAG(s) dict_keys(['example_weekday_branch_operator']) retrieved from /home/dmk/anaconda3/lib/python3.9/site-packages/airflow/example_dags/example_branch_day_of_week_operator.py
[2022-12-31T21:17:46.021+0700] {logging_mixin.py:137} INFO - [2022-12-31T21:17:46.021+0700] {dag.py:2676} INFO - Sync 1 DAGs
[2022-12-31T21:17:46.040+0700] {logging_mixin.py:137} INFO - [2022-12-31T21:17:46.039+0700] {dag.py:3423} INFO - Setting next_dagrun for example_weekday_branch_operator to 2022-12-30T00:00:00+00:00, run_after=2022-12-31T00:00:00+00:00
[2022-12-31T21:17:46.075+0700] {processor.py:175} INFO - Processing /home/dmk/anaconda3/lib/python3.9/site-packages/airflow/example_dags/example_branch_day_of_week_operator.py took 0.124 seconds
[2022-12-31T21:19:35.401+0700] {processor.py:153} INFO - Started process (PID=24144) to work on /home/dmk/anaconda3/lib/python3.9/site-packages/airflow/example_dags/example_branch_day_of_week_operator.py
[2022-12-31T21:19:35.407+0700] {processor.py:743} INFO - Processing file /home/dmk/anaconda3/lib/python3.9/site-packages/airflow/example_dags/example_branch_day_of_week_operator.py for tasks to queue
[2022-12-31T21:19:35.409+0700] {logging_mixin.py:137} INFO - [2022-12-31T21:19:35.408+0700] {dagbag.py:538} INFO - Filling up the DagBag from /home/dmk/anaconda3/lib/python3.9/site-packages/airflow/example_dags/example_branch_day_of_week_operator.py
[2022-12-31T21:19:35.450+0700] {processor.py:753} INFO - DAG(s) dict_keys(['example_weekday_branch_operator']) retrieved from /home/dmk/anaconda3/lib/python3.9/site-packages/airflow/example_dags/example_branch_day_of_week_operator.py
[2022-12-31T21:19:35.483+0700] {logging_mixin.py:137} INFO - [2022-12-31T21:19:35.483+0700] {dag.py:2676} INFO - Sync 1 DAGs
[2022-12-31T21:19:35.597+0700] {logging_mixin.py:137} INFO - [2022-12-31T21:19:35.597+0700] {dag.py:3423} INFO - Setting next_dagrun for example_weekday_branch_operator to 2022-12-30T00:00:00+00:00, run_after=2022-12-31T00:00:00+00:00
[2022-12-31T21:19:35.630+0700] {processor.py:175} INFO - Processing /home/dmk/anaconda3/lib/python3.9/site-packages/airflow/example_dags/example_branch_day_of_week_operator.py took 0.237 seconds
[2022-12-31T21:20:41.116+0700] {processor.py:153} INFO - Started process (PID=24465) to work on /home/dmk/anaconda3/lib/python3.9/site-packages/airflow/example_dags/example_branch_day_of_week_operator.py
[2022-12-31T21:20:41.120+0700] {processor.py:743} INFO - Processing file /home/dmk/anaconda3/lib/python3.9/site-packages/airflow/example_dags/example_branch_day_of_week_operator.py for tasks to queue
[2022-12-31T21:20:41.120+0700] {logging_mixin.py:137} INFO - [2022-12-31T21:20:41.120+0700] {dagbag.py:538} INFO - Filling up the DagBag from /home/dmk/anaconda3/lib/python3.9/site-packages/airflow/example_dags/example_branch_day_of_week_operator.py
[2022-12-31T21:20:41.138+0700] {processor.py:753} INFO - DAG(s) dict_keys(['example_weekday_branch_operator']) retrieved from /home/dmk/anaconda3/lib/python3.9/site-packages/airflow/example_dags/example_branch_day_of_week_operator.py
[2022-12-31T21:20:41.173+0700] {logging_mixin.py:137} INFO - [2022-12-31T21:20:41.173+0700] {dag.py:2676} INFO - Sync 1 DAGs
[2022-12-31T21:20:41.302+0700] {logging_mixin.py:137} INFO - [2022-12-31T21:20:41.302+0700] {dag.py:3423} INFO - Setting next_dagrun for example_weekday_branch_operator to 2022-12-30T00:00:00+00:00, run_after=2022-12-31T00:00:00+00:00
[2022-12-31T21:20:41.340+0700] {processor.py:175} INFO - Processing /home/dmk/anaconda3/lib/python3.9/site-packages/airflow/example_dags/example_branch_day_of_week_operator.py took 0.226 seconds
[2022-12-31T21:22:58.789+0700] {processor.py:153} INFO - Started process (PID=25358) to work on /home/dmk/anaconda3/lib/python3.9/site-packages/airflow/example_dags/example_branch_day_of_week_operator.py
[2022-12-31T21:22:58.793+0700] {processor.py:743} INFO - Processing file /home/dmk/anaconda3/lib/python3.9/site-packages/airflow/example_dags/example_branch_day_of_week_operator.py for tasks to queue
[2022-12-31T21:22:58.795+0700] {logging_mixin.py:137} INFO - [2022-12-31T21:22:58.795+0700] {dagbag.py:538} INFO - Filling up the DagBag from /home/dmk/anaconda3/lib/python3.9/site-packages/airflow/example_dags/example_branch_day_of_week_operator.py
[2022-12-31T21:22:58.819+0700] {processor.py:753} INFO - DAG(s) dict_keys(['example_weekday_branch_operator']) retrieved from /home/dmk/anaconda3/lib/python3.9/site-packages/airflow/example_dags/example_branch_day_of_week_operator.py
[2022-12-31T21:22:58.850+0700] {logging_mixin.py:137} INFO - [2022-12-31T21:22:58.850+0700] {dag.py:2676} INFO - Sync 1 DAGs
[2022-12-31T21:22:58.982+0700] {logging_mixin.py:137} INFO - [2022-12-31T21:22:58.981+0700] {dag.py:3423} INFO - Setting next_dagrun for example_weekday_branch_operator to 2022-12-30T00:00:00+00:00, run_after=2022-12-31T00:00:00+00:00
[2022-12-31T21:22:59.016+0700] {processor.py:175} INFO - Processing /home/dmk/anaconda3/lib/python3.9/site-packages/airflow/example_dags/example_branch_day_of_week_operator.py took 0.235 seconds
[2022-12-31T21:24:15.338+0700] {processor.py:153} INFO - Started process (PID=25518) to work on /home/dmk/anaconda3/lib/python3.9/site-packages/airflow/example_dags/example_branch_day_of_week_operator.py
[2022-12-31T21:24:15.339+0700] {processor.py:743} INFO - Processing file /home/dmk/anaconda3/lib/python3.9/site-packages/airflow/example_dags/example_branch_day_of_week_operator.py for tasks to queue
[2022-12-31T21:24:15.340+0700] {logging_mixin.py:137} INFO - [2022-12-31T21:24:15.340+0700] {dagbag.py:538} INFO - Filling up the DagBag from /home/dmk/anaconda3/lib/python3.9/site-packages/airflow/example_dags/example_branch_day_of_week_operator.py
[2022-12-31T21:24:15.356+0700] {processor.py:753} INFO - DAG(s) dict_keys(['example_weekday_branch_operator']) retrieved from /home/dmk/anaconda3/lib/python3.9/site-packages/airflow/example_dags/example_branch_day_of_week_operator.py
[2022-12-31T21:24:15.385+0700] {logging_mixin.py:137} INFO - [2022-12-31T21:24:15.385+0700] {dag.py:2676} INFO - Sync 1 DAGs
[2022-12-31T21:24:15.503+0700] {logging_mixin.py:137} INFO - [2022-12-31T21:24:15.503+0700] {dag.py:3423} INFO - Setting next_dagrun for example_weekday_branch_operator to 2022-12-30T00:00:00+00:00, run_after=2022-12-31T00:00:00+00:00
[2022-12-31T21:24:15.535+0700] {processor.py:175} INFO - Processing /home/dmk/anaconda3/lib/python3.9/site-packages/airflow/example_dags/example_branch_day_of_week_operator.py took 0.199 seconds
[2022-12-31T21:25:23.902+0700] {processor.py:153} INFO - Started process (PID=25830) to work on /home/dmk/anaconda3/lib/python3.9/site-packages/airflow/example_dags/example_branch_day_of_week_operator.py
[2022-12-31T21:25:23.914+0700] {processor.py:743} INFO - Processing file /home/dmk/anaconda3/lib/python3.9/site-packages/airflow/example_dags/example_branch_day_of_week_operator.py for tasks to queue
[2022-12-31T21:25:23.917+0700] {logging_mixin.py:137} INFO - [2022-12-31T21:25:23.917+0700] {dagbag.py:538} INFO - Filling up the DagBag from /home/dmk/anaconda3/lib/python3.9/site-packages/airflow/example_dags/example_branch_day_of_week_operator.py
[2022-12-31T21:25:23.975+0700] {processor.py:753} INFO - DAG(s) dict_keys(['example_weekday_branch_operator']) retrieved from /home/dmk/anaconda3/lib/python3.9/site-packages/airflow/example_dags/example_branch_day_of_week_operator.py
[2022-12-31T21:25:24.167+0700] {logging_mixin.py:137} INFO - [2022-12-31T21:25:24.167+0700] {dag.py:2676} INFO - Sync 1 DAGs
[2022-12-31T21:25:24.194+0700] {logging_mixin.py:137} INFO - [2022-12-31T21:25:24.193+0700] {dag.py:3423} INFO - Setting next_dagrun for example_weekday_branch_operator to 2022-12-30T00:00:00+00:00, run_after=2022-12-31T00:00:00+00:00
[2022-12-31T21:25:24.226+0700] {processor.py:175} INFO - Processing /home/dmk/anaconda3/lib/python3.9/site-packages/airflow/example_dags/example_branch_day_of_week_operator.py took 0.335 seconds
[2022-12-31T21:26:33.737+0700] {processor.py:153} INFO - Started process (PID=25969) to work on /home/dmk/anaconda3/lib/python3.9/site-packages/airflow/example_dags/example_branch_day_of_week_operator.py
[2022-12-31T21:26:33.741+0700] {processor.py:743} INFO - Processing file /home/dmk/anaconda3/lib/python3.9/site-packages/airflow/example_dags/example_branch_day_of_week_operator.py for tasks to queue
[2022-12-31T21:26:33.744+0700] {logging_mixin.py:137} INFO - [2022-12-31T21:26:33.743+0700] {dagbag.py:538} INFO - Filling up the DagBag from /home/dmk/anaconda3/lib/python3.9/site-packages/airflow/example_dags/example_branch_day_of_week_operator.py
[2022-12-31T21:26:33.927+0700] {processor.py:753} INFO - DAG(s) dict_keys(['example_weekday_branch_operator']) retrieved from /home/dmk/anaconda3/lib/python3.9/site-packages/airflow/example_dags/example_branch_day_of_week_operator.py
[2022-12-31T21:26:33.955+0700] {logging_mixin.py:137} INFO - [2022-12-31T21:26:33.955+0700] {dag.py:2676} INFO - Sync 1 DAGs
[2022-12-31T21:26:33.975+0700] {logging_mixin.py:137} INFO - [2022-12-31T21:26:33.975+0700] {dag.py:3423} INFO - Setting next_dagrun for example_weekday_branch_operator to 2022-12-30T00:00:00+00:00, run_after=2022-12-31T00:00:00+00:00
[2022-12-31T21:26:34.009+0700] {processor.py:175} INFO - Processing /home/dmk/anaconda3/lib/python3.9/site-packages/airflow/example_dags/example_branch_day_of_week_operator.py took 0.285 seconds
[2022-12-31T21:28:04.324+0700] {processor.py:153} INFO - Started process (PID=26126) to work on /home/dmk/anaconda3/lib/python3.9/site-packages/airflow/example_dags/example_branch_day_of_week_operator.py
[2022-12-31T21:28:04.328+0700] {processor.py:743} INFO - Processing file /home/dmk/anaconda3/lib/python3.9/site-packages/airflow/example_dags/example_branch_day_of_week_operator.py for tasks to queue
[2022-12-31T21:28:04.329+0700] {logging_mixin.py:137} INFO - [2022-12-31T21:28:04.329+0700] {dagbag.py:538} INFO - Filling up the DagBag from /home/dmk/anaconda3/lib/python3.9/site-packages/airflow/example_dags/example_branch_day_of_week_operator.py
[2022-12-31T21:28:04.357+0700] {processor.py:753} INFO - DAG(s) dict_keys(['example_weekday_branch_operator']) retrieved from /home/dmk/anaconda3/lib/python3.9/site-packages/airflow/example_dags/example_branch_day_of_week_operator.py
[2022-12-31T21:28:04.387+0700] {logging_mixin.py:137} INFO - [2022-12-31T21:28:04.387+0700] {dag.py:2676} INFO - Sync 1 DAGs
[2022-12-31T21:28:04.410+0700] {logging_mixin.py:137} INFO - [2022-12-31T21:28:04.410+0700] {dag.py:3423} INFO - Setting next_dagrun for example_weekday_branch_operator to 2022-12-30T00:00:00+00:00, run_after=2022-12-31T00:00:00+00:00
[2022-12-31T21:28:04.443+0700] {processor.py:175} INFO - Processing /home/dmk/anaconda3/lib/python3.9/site-packages/airflow/example_dags/example_branch_day_of_week_operator.py took 0.129 seconds
[2022-12-31T21:29:05.469+0700] {processor.py:153} INFO - Started process (PID=26256) to work on /home/dmk/anaconda3/lib/python3.9/site-packages/airflow/example_dags/example_branch_day_of_week_operator.py
[2022-12-31T21:29:05.474+0700] {processor.py:743} INFO - Processing file /home/dmk/anaconda3/lib/python3.9/site-packages/airflow/example_dags/example_branch_day_of_week_operator.py for tasks to queue
[2022-12-31T21:29:05.476+0700] {logging_mixin.py:137} INFO - [2022-12-31T21:29:05.475+0700] {dagbag.py:538} INFO - Filling up the DagBag from /home/dmk/anaconda3/lib/python3.9/site-packages/airflow/example_dags/example_branch_day_of_week_operator.py
[2022-12-31T21:29:05.505+0700] {processor.py:753} INFO - DAG(s) dict_keys(['example_weekday_branch_operator']) retrieved from /home/dmk/anaconda3/lib/python3.9/site-packages/airflow/example_dags/example_branch_day_of_week_operator.py
[2022-12-31T21:29:05.554+0700] {logging_mixin.py:137} INFO - [2022-12-31T21:29:05.553+0700] {dag.py:2676} INFO - Sync 1 DAGs
[2022-12-31T21:29:05.590+0700] {logging_mixin.py:137} INFO - [2022-12-31T21:29:05.590+0700] {dag.py:3423} INFO - Setting next_dagrun for example_weekday_branch_operator to 2022-12-30T00:00:00+00:00, run_after=2022-12-31T00:00:00+00:00
[2022-12-31T21:29:05.628+0700] {processor.py:175} INFO - Processing /home/dmk/anaconda3/lib/python3.9/site-packages/airflow/example_dags/example_branch_day_of_week_operator.py took 0.167 seconds
[2022-12-31T21:30:24.297+0700] {processor.py:153} INFO - Started process (PID=26447) to work on /home/dmk/anaconda3/lib/python3.9/site-packages/airflow/example_dags/example_branch_day_of_week_operator.py
[2022-12-31T21:30:24.302+0700] {processor.py:743} INFO - Processing file /home/dmk/anaconda3/lib/python3.9/site-packages/airflow/example_dags/example_branch_day_of_week_operator.py for tasks to queue
[2022-12-31T21:30:24.305+0700] {logging_mixin.py:137} INFO - [2022-12-31T21:30:24.304+0700] {dagbag.py:538} INFO - Filling up the DagBag from /home/dmk/anaconda3/lib/python3.9/site-packages/airflow/example_dags/example_branch_day_of_week_operator.py
[2022-12-31T21:30:24.352+0700] {processor.py:753} INFO - DAG(s) dict_keys(['example_weekday_branch_operator']) retrieved from /home/dmk/anaconda3/lib/python3.9/site-packages/airflow/example_dags/example_branch_day_of_week_operator.py
[2022-12-31T21:30:24.396+0700] {logging_mixin.py:137} INFO - [2022-12-31T21:30:24.395+0700] {dag.py:2676} INFO - Sync 1 DAGs
[2022-12-31T21:30:24.418+0700] {logging_mixin.py:137} INFO - [2022-12-31T21:30:24.418+0700] {dag.py:3423} INFO - Setting next_dagrun for example_weekday_branch_operator to 2022-12-30T00:00:00+00:00, run_after=2022-12-31T00:00:00+00:00
[2022-12-31T21:30:24.456+0700] {processor.py:175} INFO - Processing /home/dmk/anaconda3/lib/python3.9/site-packages/airflow/example_dags/example_branch_day_of_week_operator.py took 0.167 seconds
[2022-12-31T21:31:19.477+0700] {processor.py:153} INFO - Started process (PID=26549) to work on /home/dmk/anaconda3/lib/python3.9/site-packages/airflow/example_dags/example_branch_day_of_week_operator.py
[2022-12-31T21:31:19.481+0700] {processor.py:743} INFO - Processing file /home/dmk/anaconda3/lib/python3.9/site-packages/airflow/example_dags/example_branch_day_of_week_operator.py for tasks to queue
[2022-12-31T21:31:19.483+0700] {logging_mixin.py:137} INFO - [2022-12-31T21:31:19.482+0700] {dagbag.py:538} INFO - Filling up the DagBag from /home/dmk/anaconda3/lib/python3.9/site-packages/airflow/example_dags/example_branch_day_of_week_operator.py
[2022-12-31T21:31:19.512+0700] {processor.py:753} INFO - DAG(s) dict_keys(['example_weekday_branch_operator']) retrieved from /home/dmk/anaconda3/lib/python3.9/site-packages/airflow/example_dags/example_branch_day_of_week_operator.py
[2022-12-31T21:31:19.552+0700] {logging_mixin.py:137} INFO - [2022-12-31T21:31:19.552+0700] {dag.py:2676} INFO - Sync 1 DAGs
[2022-12-31T21:31:19.575+0700] {logging_mixin.py:137} INFO - [2022-12-31T21:31:19.575+0700] {dag.py:3423} INFO - Setting next_dagrun for example_weekday_branch_operator to 2022-12-30T00:00:00+00:00, run_after=2022-12-31T00:00:00+00:00
[2022-12-31T21:31:19.608+0700] {processor.py:175} INFO - Processing /home/dmk/anaconda3/lib/python3.9/site-packages/airflow/example_dags/example_branch_day_of_week_operator.py took 0.146 seconds
[2022-12-31T21:32:25.298+0700] {processor.py:153} INFO - Started process (PID=26665) to work on /home/dmk/anaconda3/lib/python3.9/site-packages/airflow/example_dags/example_branch_day_of_week_operator.py
[2022-12-31T21:32:25.313+0700] {processor.py:743} INFO - Processing file /home/dmk/anaconda3/lib/python3.9/site-packages/airflow/example_dags/example_branch_day_of_week_operator.py for tasks to queue
[2022-12-31T21:32:25.315+0700] {logging_mixin.py:137} INFO - [2022-12-31T21:32:25.314+0700] {dagbag.py:538} INFO - Filling up the DagBag from /home/dmk/anaconda3/lib/python3.9/site-packages/airflow/example_dags/example_branch_day_of_week_operator.py
[2022-12-31T21:32:25.346+0700] {processor.py:753} INFO - DAG(s) dict_keys(['example_weekday_branch_operator']) retrieved from /home/dmk/anaconda3/lib/python3.9/site-packages/airflow/example_dags/example_branch_day_of_week_operator.py
[2022-12-31T21:32:25.375+0700] {logging_mixin.py:137} INFO - [2022-12-31T21:32:25.375+0700] {dag.py:2676} INFO - Sync 1 DAGs
[2022-12-31T21:32:25.398+0700] {logging_mixin.py:137} INFO - [2022-12-31T21:32:25.398+0700] {dag.py:3423} INFO - Setting next_dagrun for example_weekday_branch_operator to 2022-12-30T00:00:00+00:00, run_after=2022-12-31T00:00:00+00:00
[2022-12-31T21:32:25.432+0700] {processor.py:175} INFO - Processing /home/dmk/anaconda3/lib/python3.9/site-packages/airflow/example_dags/example_branch_day_of_week_operator.py took 0.148 seconds
[2022-12-31T21:33:53.214+0700] {processor.py:153} INFO - Started process (PID=26841) to work on /home/dmk/anaconda3/lib/python3.9/site-packages/airflow/example_dags/example_branch_day_of_week_operator.py
[2022-12-31T21:33:53.217+0700] {processor.py:743} INFO - Processing file /home/dmk/anaconda3/lib/python3.9/site-packages/airflow/example_dags/example_branch_day_of_week_operator.py for tasks to queue
[2022-12-31T21:33:53.218+0700] {logging_mixin.py:137} INFO - [2022-12-31T21:33:53.218+0700] {dagbag.py:538} INFO - Filling up the DagBag from /home/dmk/anaconda3/lib/python3.9/site-packages/airflow/example_dags/example_branch_day_of_week_operator.py
[2022-12-31T21:33:53.233+0700] {processor.py:753} INFO - DAG(s) dict_keys(['example_weekday_branch_operator']) retrieved from /home/dmk/anaconda3/lib/python3.9/site-packages/airflow/example_dags/example_branch_day_of_week_operator.py
[2022-12-31T21:33:53.263+0700] {logging_mixin.py:137} INFO - [2022-12-31T21:33:53.262+0700] {dag.py:2676} INFO - Sync 1 DAGs
[2022-12-31T21:33:53.281+0700] {logging_mixin.py:137} INFO - [2022-12-31T21:33:53.281+0700] {dag.py:3423} INFO - Setting next_dagrun for example_weekday_branch_operator to 2022-12-30T00:00:00+00:00, run_after=2022-12-31T00:00:00+00:00
[2022-12-31T21:33:53.311+0700] {processor.py:175} INFO - Processing /home/dmk/anaconda3/lib/python3.9/site-packages/airflow/example_dags/example_branch_day_of_week_operator.py took 0.100 seconds
[2022-12-31T21:35:06.832+0700] {processor.py:153} INFO - Started process (PID=27706) to work on /home/dmk/anaconda3/lib/python3.9/site-packages/airflow/example_dags/example_branch_day_of_week_operator.py
[2022-12-31T21:35:06.837+0700] {processor.py:743} INFO - Processing file /home/dmk/anaconda3/lib/python3.9/site-packages/airflow/example_dags/example_branch_day_of_week_operator.py for tasks to queue
[2022-12-31T21:35:06.839+0700] {logging_mixin.py:137} INFO - [2022-12-31T21:35:06.838+0700] {dagbag.py:538} INFO - Filling up the DagBag from /home/dmk/anaconda3/lib/python3.9/site-packages/airflow/example_dags/example_branch_day_of_week_operator.py
[2022-12-31T21:35:06.865+0700] {processor.py:753} INFO - DAG(s) dict_keys(['example_weekday_branch_operator']) retrieved from /home/dmk/anaconda3/lib/python3.9/site-packages/airflow/example_dags/example_branch_day_of_week_operator.py
[2022-12-31T21:35:06.891+0700] {logging_mixin.py:137} INFO - [2022-12-31T21:35:06.891+0700] {dag.py:2676} INFO - Sync 1 DAGs
[2022-12-31T21:35:07.005+0700] {logging_mixin.py:137} INFO - [2022-12-31T21:35:07.005+0700] {dag.py:3423} INFO - Setting next_dagrun for example_weekday_branch_operator to 2022-12-30T00:00:00+00:00, run_after=2022-12-31T00:00:00+00:00
[2022-12-31T21:35:07.036+0700] {processor.py:175} INFO - Processing /home/dmk/anaconda3/lib/python3.9/site-packages/airflow/example_dags/example_branch_day_of_week_operator.py took 0.212 seconds
[2022-12-31T21:38:43.417+0700] {processor.py:153} INFO - Started process (PID=28989) to work on /home/dmk/anaconda3/lib/python3.9/site-packages/airflow/example_dags/example_branch_day_of_week_operator.py
[2022-12-31T21:38:43.420+0700] {processor.py:743} INFO - Processing file /home/dmk/anaconda3/lib/python3.9/site-packages/airflow/example_dags/example_branch_day_of_week_operator.py for tasks to queue
[2022-12-31T21:38:43.421+0700] {logging_mixin.py:137} INFO - [2022-12-31T21:38:43.420+0700] {dagbag.py:538} INFO - Filling up the DagBag from /home/dmk/anaconda3/lib/python3.9/site-packages/airflow/example_dags/example_branch_day_of_week_operator.py
[2022-12-31T21:38:43.438+0700] {processor.py:753} INFO - DAG(s) dict_keys(['example_weekday_branch_operator']) retrieved from /home/dmk/anaconda3/lib/python3.9/site-packages/airflow/example_dags/example_branch_day_of_week_operator.py
[2022-12-31T21:38:43.691+0700] {logging_mixin.py:137} INFO - [2022-12-31T21:38:43.691+0700] {manager.py:504} INFO - Created Permission View: can delete on DAG:example_weekday_branch_operator
[2022-12-31T21:38:43.715+0700] {logging_mixin.py:137} INFO - [2022-12-31T21:38:43.714+0700] {manager.py:504} INFO - Created Permission View: can read on DAG:example_weekday_branch_operator
[2022-12-31T21:38:43.735+0700] {logging_mixin.py:137} INFO - [2022-12-31T21:38:43.735+0700] {manager.py:504} INFO - Created Permission View: can edit on DAG:example_weekday_branch_operator
[2022-12-31T21:38:43.736+0700] {logging_mixin.py:137} INFO - [2022-12-31T21:38:43.736+0700] {dag.py:2676} INFO - Sync 1 DAGs
[2022-12-31T21:38:43.750+0700] {logging_mixin.py:137} INFO - [2022-12-31T21:38:43.750+0700] {dag.py:2697} INFO - Creating ORM DAG for example_weekday_branch_operator
[2022-12-31T21:38:43.760+0700] {logging_mixin.py:137} INFO - [2022-12-31T21:38:43.760+0700] {dag.py:3423} INFO - Setting next_dagrun for example_weekday_branch_operator to 2022-12-30T00:00:00+00:00, run_after=2022-12-31T00:00:00+00:00
[2022-12-31T21:38:43.790+0700] {processor.py:175} INFO - Processing /home/dmk/anaconda3/lib/python3.9/site-packages/airflow/example_dags/example_branch_day_of_week_operator.py took 0.378 seconds
[2022-12-31T21:39:53.138+0700] {processor.py:153} INFO - Started process (PID=29237) to work on /home/dmk/anaconda3/lib/python3.9/site-packages/airflow/example_dags/example_branch_day_of_week_operator.py
[2022-12-31T21:39:53.141+0700] {processor.py:743} INFO - Processing file /home/dmk/anaconda3/lib/python3.9/site-packages/airflow/example_dags/example_branch_day_of_week_operator.py for tasks to queue
[2022-12-31T21:39:53.141+0700] {logging_mixin.py:137} INFO - [2022-12-31T21:39:53.141+0700] {dagbag.py:538} INFO - Filling up the DagBag from /home/dmk/anaconda3/lib/python3.9/site-packages/airflow/example_dags/example_branch_day_of_week_operator.py
[2022-12-31T21:39:53.157+0700] {processor.py:753} INFO - DAG(s) dict_keys(['example_weekday_branch_operator']) retrieved from /home/dmk/anaconda3/lib/python3.9/site-packages/airflow/example_dags/example_branch_day_of_week_operator.py
[2022-12-31T21:39:53.185+0700] {logging_mixin.py:137} INFO - [2022-12-31T21:39:53.185+0700] {dag.py:2676} INFO - Sync 1 DAGs
[2022-12-31T21:39:53.308+0700] {logging_mixin.py:137} INFO - [2022-12-31T21:39:53.308+0700] {dag.py:3423} INFO - Setting next_dagrun for example_weekday_branch_operator to 2022-12-30T00:00:00+00:00, run_after=2022-12-31T00:00:00+00:00
[2022-12-31T21:39:53.339+0700] {processor.py:175} INFO - Processing /home/dmk/anaconda3/lib/python3.9/site-packages/airflow/example_dags/example_branch_day_of_week_operator.py took 0.204 seconds
[2022-12-31T21:41:03.296+0700] {processor.py:153} INFO - Started process (PID=29507) to work on /home/dmk/anaconda3/lib/python3.9/site-packages/airflow/example_dags/example_branch_day_of_week_operator.py
[2022-12-31T21:41:03.301+0700] {processor.py:743} INFO - Processing file /home/dmk/anaconda3/lib/python3.9/site-packages/airflow/example_dags/example_branch_day_of_week_operator.py for tasks to queue
[2022-12-31T21:41:03.303+0700] {logging_mixin.py:137} INFO - [2022-12-31T21:41:03.303+0700] {dagbag.py:538} INFO - Filling up the DagBag from /home/dmk/anaconda3/lib/python3.9/site-packages/airflow/example_dags/example_branch_day_of_week_operator.py
[2022-12-31T21:41:03.331+0700] {processor.py:753} INFO - DAG(s) dict_keys(['example_weekday_branch_operator']) retrieved from /home/dmk/anaconda3/lib/python3.9/site-packages/airflow/example_dags/example_branch_day_of_week_operator.py
[2022-12-31T21:41:03.450+0700] {logging_mixin.py:137} INFO - [2022-12-31T21:41:03.450+0700] {dag.py:2676} INFO - Sync 1 DAGs
[2022-12-31T21:41:03.467+0700] {logging_mixin.py:137} INFO - [2022-12-31T21:41:03.466+0700] {dag.py:3423} INFO - Setting next_dagrun for example_weekday_branch_operator to 2022-12-30T00:00:00+00:00, run_after=2022-12-31T00:00:00+00:00
[2022-12-31T21:41:03.497+0700] {processor.py:175} INFO - Processing /home/dmk/anaconda3/lib/python3.9/site-packages/airflow/example_dags/example_branch_day_of_week_operator.py took 0.207 seconds
[2022-12-31T21:42:39.228+0700] {processor.py:153} INFO - Started process (PID=29861) to work on /home/dmk/anaconda3/lib/python3.9/site-packages/airflow/example_dags/example_branch_day_of_week_operator.py
[2022-12-31T21:42:39.233+0700] {processor.py:743} INFO - Processing file /home/dmk/anaconda3/lib/python3.9/site-packages/airflow/example_dags/example_branch_day_of_week_operator.py for tasks to queue
[2022-12-31T21:42:39.235+0700] {logging_mixin.py:137} INFO - [2022-12-31T21:42:39.234+0700] {dagbag.py:538} INFO - Filling up the DagBag from /home/dmk/anaconda3/lib/python3.9/site-packages/airflow/example_dags/example_branch_day_of_week_operator.py
[2022-12-31T21:42:39.264+0700] {processor.py:753} INFO - DAG(s) dict_keys(['example_weekday_branch_operator']) retrieved from /home/dmk/anaconda3/lib/python3.9/site-packages/airflow/example_dags/example_branch_day_of_week_operator.py
[2022-12-31T21:42:39.292+0700] {logging_mixin.py:137} INFO - [2022-12-31T21:42:39.291+0700] {dag.py:2676} INFO - Sync 1 DAGs
[2022-12-31T21:42:39.402+0700] {logging_mixin.py:137} INFO - [2022-12-31T21:42:39.402+0700] {dag.py:3423} INFO - Setting next_dagrun for example_weekday_branch_operator to 2022-12-30T00:00:00+00:00, run_after=2022-12-31T00:00:00+00:00
[2022-12-31T21:42:39.432+0700] {processor.py:175} INFO - Processing /home/dmk/anaconda3/lib/python3.9/site-packages/airflow/example_dags/example_branch_day_of_week_operator.py took 0.211 seconds
[2022-12-31T21:43:37.512+0700] {processor.py:153} INFO - Started process (PID=30198) to work on /home/dmk/anaconda3/lib/python3.9/site-packages/airflow/example_dags/example_branch_day_of_week_operator.py
[2022-12-31T21:43:37.514+0700] {processor.py:743} INFO - Processing file /home/dmk/anaconda3/lib/python3.9/site-packages/airflow/example_dags/example_branch_day_of_week_operator.py for tasks to queue
[2022-12-31T21:43:37.514+0700] {logging_mixin.py:137} INFO - [2022-12-31T21:43:37.514+0700] {dagbag.py:538} INFO - Filling up the DagBag from /home/dmk/anaconda3/lib/python3.9/site-packages/airflow/example_dags/example_branch_day_of_week_operator.py
[2022-12-31T21:43:37.530+0700] {processor.py:753} INFO - DAG(s) dict_keys(['example_weekday_branch_operator']) retrieved from /home/dmk/anaconda3/lib/python3.9/site-packages/airflow/example_dags/example_branch_day_of_week_operator.py
[2022-12-31T21:43:37.557+0700] {logging_mixin.py:137} INFO - [2022-12-31T21:43:37.557+0700] {dag.py:2676} INFO - Sync 1 DAGs
[2022-12-31T21:43:37.674+0700] {logging_mixin.py:137} INFO - [2022-12-31T21:43:37.674+0700] {dag.py:3423} INFO - Setting next_dagrun for example_weekday_branch_operator to 2022-12-30T00:00:00+00:00, run_after=2022-12-31T00:00:00+00:00
[2022-12-31T21:43:37.723+0700] {processor.py:175} INFO - Processing /home/dmk/anaconda3/lib/python3.9/site-packages/airflow/example_dags/example_branch_day_of_week_operator.py took 0.214 seconds
[2022-12-31T22:23:36.502+0700] {processor.py:153} INFO - Started process (PID=47766) to work on /home/dmk/anaconda3/lib/python3.9/site-packages/airflow/example_dags/example_branch_day_of_week_operator.py
[2022-12-31T22:23:36.506+0700] {processor.py:743} INFO - Processing file /home/dmk/anaconda3/lib/python3.9/site-packages/airflow/example_dags/example_branch_day_of_week_operator.py for tasks to queue
[2022-12-31T22:23:36.507+0700] {logging_mixin.py:137} INFO - [2022-12-31T22:23:36.507+0700] {dagbag.py:538} INFO - Filling up the DagBag from /home/dmk/anaconda3/lib/python3.9/site-packages/airflow/example_dags/example_branch_day_of_week_operator.py
[2022-12-31T22:23:36.539+0700] {processor.py:753} INFO - DAG(s) dict_keys(['example_weekday_branch_operator']) retrieved from /home/dmk/anaconda3/lib/python3.9/site-packages/airflow/example_dags/example_branch_day_of_week_operator.py
[2022-12-31T22:23:36.576+0700] {logging_mixin.py:137} INFO - [2022-12-31T22:23:36.576+0700] {dag.py:2676} INFO - Sync 1 DAGs
[2022-12-31T22:23:36.718+0700] {logging_mixin.py:137} INFO - [2022-12-31T22:23:36.718+0700] {dag.py:3423} INFO - Setting next_dagrun for example_weekday_branch_operator to 2022-12-30T00:00:00+00:00, run_after=2022-12-31T00:00:00+00:00
[2022-12-31T22:23:36.768+0700] {processor.py:175} INFO - Processing /home/dmk/anaconda3/lib/python3.9/site-packages/airflow/example_dags/example_branch_day_of_week_operator.py took 0.276 seconds
[2022-12-31T22:24:45.235+0700] {processor.py:153} INFO - Started process (PID=48497) to work on /home/dmk/anaconda3/lib/python3.9/site-packages/airflow/example_dags/example_branch_day_of_week_operator.py
[2022-12-31T22:24:45.237+0700] {processor.py:743} INFO - Processing file /home/dmk/anaconda3/lib/python3.9/site-packages/airflow/example_dags/example_branch_day_of_week_operator.py for tasks to queue
[2022-12-31T22:24:45.238+0700] {logging_mixin.py:137} INFO - [2022-12-31T22:24:45.238+0700] {dagbag.py:538} INFO - Filling up the DagBag from /home/dmk/anaconda3/lib/python3.9/site-packages/airflow/example_dags/example_branch_day_of_week_operator.py
[2022-12-31T22:24:45.261+0700] {processor.py:753} INFO - DAG(s) dict_keys(['example_weekday_branch_operator']) retrieved from /home/dmk/anaconda3/lib/python3.9/site-packages/airflow/example_dags/example_branch_day_of_week_operator.py
[2022-12-31T22:24:45.307+0700] {logging_mixin.py:137} INFO - [2022-12-31T22:24:45.307+0700] {dag.py:2676} INFO - Sync 1 DAGs
[2022-12-31T22:24:45.490+0700] {logging_mixin.py:137} INFO - [2022-12-31T22:24:45.490+0700] {dag.py:3423} INFO - Setting next_dagrun for example_weekday_branch_operator to 2022-12-30T00:00:00+00:00, run_after=2022-12-31T00:00:00+00:00
[2022-12-31T22:24:45.539+0700] {processor.py:175} INFO - Processing /home/dmk/anaconda3/lib/python3.9/site-packages/airflow/example_dags/example_branch_day_of_week_operator.py took 0.310 seconds
[2022-12-31T22:25:48.251+0700] {processor.py:153} INFO - Started process (PID=49580) to work on /home/dmk/anaconda3/envs/airflow/lib/python3.7/site-packages/airflow/example_dags/example_branch_day_of_week_operator.py
[2022-12-31T22:25:48.255+0700] {processor.py:743} INFO - Processing file /home/dmk/anaconda3/envs/airflow/lib/python3.7/site-packages/airflow/example_dags/example_branch_day_of_week_operator.py for tasks to queue
[2022-12-31T22:25:48.256+0700] {logging_mixin.py:137} INFO - [2022-12-31T22:25:48.256+0700] {dagbag.py:538} INFO - Filling up the DagBag from /home/dmk/anaconda3/envs/airflow/lib/python3.7/site-packages/airflow/example_dags/example_branch_day_of_week_operator.py
[2022-12-31T22:25:48.272+0700] {processor.py:753} INFO - DAG(s) dict_keys(['example_weekday_branch_operator']) retrieved from /home/dmk/anaconda3/envs/airflow/lib/python3.7/site-packages/airflow/example_dags/example_branch_day_of_week_operator.py
[2022-12-31T22:25:48.438+0700] {logging_mixin.py:137} INFO - [2022-12-31T22:25:48.438+0700] {dag.py:2676} INFO - Sync 1 DAGs
[2022-12-31T22:25:48.459+0700] {logging_mixin.py:137} INFO - [2022-12-31T22:25:48.458+0700] {dag.py:3427} INFO - Setting next_dagrun for example_weekday_branch_operator to 2022-12-30T00:00:00+00:00, run_after=2022-12-31T00:00:00+00:00
[2022-12-31T22:25:48.491+0700] {processor.py:175} INFO - Processing /home/dmk/anaconda3/envs/airflow/lib/python3.7/site-packages/airflow/example_dags/example_branch_day_of_week_operator.py took 0.243 seconds
[2022-12-31T22:26:37.855+0700] {processor.py:153} INFO - Started process (PID=49851) to work on /home/dmk/anaconda3/envs/airflow/lib/python3.7/site-packages/airflow/example_dags/example_branch_day_of_week_operator.py
[2022-12-31T22:26:37.856+0700] {processor.py:743} INFO - Processing file /home/dmk/anaconda3/envs/airflow/lib/python3.7/site-packages/airflow/example_dags/example_branch_day_of_week_operator.py for tasks to queue
[2022-12-31T22:26:37.857+0700] {logging_mixin.py:137} INFO - [2022-12-31T22:26:37.857+0700] {dagbag.py:538} INFO - Filling up the DagBag from /home/dmk/anaconda3/envs/airflow/lib/python3.7/site-packages/airflow/example_dags/example_branch_day_of_week_operator.py
[2022-12-31T22:26:37.873+0700] {processor.py:753} INFO - DAG(s) dict_keys(['example_weekday_branch_operator']) retrieved from /home/dmk/anaconda3/envs/airflow/lib/python3.7/site-packages/airflow/example_dags/example_branch_day_of_week_operator.py
[2022-12-31T22:26:38.005+0700] {logging_mixin.py:137} INFO - [2022-12-31T22:26:38.005+0700] {dag.py:2676} INFO - Sync 1 DAGs
[2022-12-31T22:26:38.027+0700] {logging_mixin.py:137} INFO - [2022-12-31T22:26:38.027+0700] {dag.py:3427} INFO - Setting next_dagrun for example_weekday_branch_operator to 2022-12-30T00:00:00+00:00, run_after=2022-12-31T00:00:00+00:00
[2022-12-31T22:26:38.065+0700] {processor.py:175} INFO - Processing /home/dmk/anaconda3/envs/airflow/lib/python3.7/site-packages/airflow/example_dags/example_branch_day_of_week_operator.py took 0.214 seconds
[2022-12-31T22:27:26.409+0700] {processor.py:153} INFO - Started process (PID=50204) to work on /home/dmk/anaconda3/envs/airflow/lib/python3.7/site-packages/airflow/example_dags/example_branch_day_of_week_operator.py
[2022-12-31T22:27:26.412+0700] {processor.py:743} INFO - Processing file /home/dmk/anaconda3/envs/airflow/lib/python3.7/site-packages/airflow/example_dags/example_branch_day_of_week_operator.py for tasks to queue
[2022-12-31T22:27:26.413+0700] {logging_mixin.py:137} INFO - [2022-12-31T22:27:26.413+0700] {dagbag.py:538} INFO - Filling up the DagBag from /home/dmk/anaconda3/envs/airflow/lib/python3.7/site-packages/airflow/example_dags/example_branch_day_of_week_operator.py
[2022-12-31T22:27:26.437+0700] {processor.py:753} INFO - DAG(s) dict_keys(['example_weekday_branch_operator']) retrieved from /home/dmk/anaconda3/envs/airflow/lib/python3.7/site-packages/airflow/example_dags/example_branch_day_of_week_operator.py
[2022-12-31T22:27:26.575+0700] {logging_mixin.py:137} INFO - [2022-12-31T22:27:26.575+0700] {dag.py:2676} INFO - Sync 1 DAGs
[2022-12-31T22:27:26.595+0700] {logging_mixin.py:137} INFO - [2022-12-31T22:27:26.595+0700] {dag.py:3427} INFO - Setting next_dagrun for example_weekday_branch_operator to 2022-12-30T00:00:00+00:00, run_after=2022-12-31T00:00:00+00:00
[2022-12-31T22:27:26.625+0700] {processor.py:175} INFO - Processing /home/dmk/anaconda3/envs/airflow/lib/python3.7/site-packages/airflow/example_dags/example_branch_day_of_week_operator.py took 0.221 seconds
[2022-12-31T22:28:19.034+0700] {processor.py:153} INFO - Started process (PID=50577) to work on /home/dmk/anaconda3/envs/airflow/lib/python3.7/site-packages/airflow/example_dags/example_branch_day_of_week_operator.py
[2022-12-31T22:28:19.039+0700] {processor.py:743} INFO - Processing file /home/dmk/anaconda3/envs/airflow/lib/python3.7/site-packages/airflow/example_dags/example_branch_day_of_week_operator.py for tasks to queue
[2022-12-31T22:28:19.041+0700] {logging_mixin.py:137} INFO - [2022-12-31T22:28:19.041+0700] {dagbag.py:538} INFO - Filling up the DagBag from /home/dmk/anaconda3/envs/airflow/lib/python3.7/site-packages/airflow/example_dags/example_branch_day_of_week_operator.py
[2022-12-31T22:28:19.217+0700] {processor.py:753} INFO - DAG(s) dict_keys(['example_weekday_branch_operator']) retrieved from /home/dmk/anaconda3/envs/airflow/lib/python3.7/site-packages/airflow/example_dags/example_branch_day_of_week_operator.py
[2022-12-31T22:28:19.235+0700] {logging_mixin.py:137} INFO - [2022-12-31T22:28:19.235+0700] {dag.py:2676} INFO - Sync 1 DAGs
[2022-12-31T22:28:19.256+0700] {logging_mixin.py:137} INFO - [2022-12-31T22:28:19.256+0700] {dag.py:3427} INFO - Setting next_dagrun for example_weekday_branch_operator to 2022-12-30T00:00:00+00:00, run_after=2022-12-31T00:00:00+00:00
[2022-12-31T22:28:19.292+0700] {processor.py:175} INFO - Processing /home/dmk/anaconda3/envs/airflow/lib/python3.7/site-packages/airflow/example_dags/example_branch_day_of_week_operator.py took 0.267 seconds
[2022-12-31T22:29:06.140+0700] {processor.py:153} INFO - Started process (PID=50661) to work on /home/dmk/anaconda3/envs/airflow/lib/python3.7/site-packages/airflow/example_dags/example_branch_day_of_week_operator.py
[2022-12-31T22:29:06.146+0700] {processor.py:743} INFO - Processing file /home/dmk/anaconda3/envs/airflow/lib/python3.7/site-packages/airflow/example_dags/example_branch_day_of_week_operator.py for tasks to queue
[2022-12-31T22:29:06.151+0700] {logging_mixin.py:137} INFO - [2022-12-31T22:29:06.150+0700] {dagbag.py:538} INFO - Filling up the DagBag from /home/dmk/anaconda3/envs/airflow/lib/python3.7/site-packages/airflow/example_dags/example_branch_day_of_week_operator.py
[2022-12-31T22:29:06.219+0700] {processor.py:753} INFO - DAG(s) dict_keys(['example_weekday_branch_operator']) retrieved from /home/dmk/anaconda3/envs/airflow/lib/python3.7/site-packages/airflow/example_dags/example_branch_day_of_week_operator.py
[2022-12-31T22:29:06.258+0700] {logging_mixin.py:137} INFO - [2022-12-31T22:29:06.258+0700] {dag.py:2676} INFO - Sync 1 DAGs
[2022-12-31T22:29:06.306+0700] {logging_mixin.py:137} INFO - [2022-12-31T22:29:06.306+0700] {dag.py:3427} INFO - Setting next_dagrun for example_weekday_branch_operator to 2022-12-30T00:00:00+00:00, run_after=2022-12-31T00:00:00+00:00
[2022-12-31T22:29:06.352+0700] {processor.py:175} INFO - Processing /home/dmk/anaconda3/envs/airflow/lib/python3.7/site-packages/airflow/example_dags/example_branch_day_of_week_operator.py took 0.228 seconds
[2022-12-31T22:29:52.038+0700] {processor.py:153} INFO - Started process (PID=51272) to work on /home/dmk/anaconda3/envs/airflow/lib/python3.7/site-packages/airflow/example_dags/example_branch_day_of_week_operator.py
[2022-12-31T22:29:52.042+0700] {processor.py:743} INFO - Processing file /home/dmk/anaconda3/envs/airflow/lib/python3.7/site-packages/airflow/example_dags/example_branch_day_of_week_operator.py for tasks to queue
[2022-12-31T22:29:52.043+0700] {logging_mixin.py:137} INFO - [2022-12-31T22:29:52.043+0700] {dagbag.py:538} INFO - Filling up the DagBag from /home/dmk/anaconda3/envs/airflow/lib/python3.7/site-packages/airflow/example_dags/example_branch_day_of_week_operator.py
[2022-12-31T22:29:52.058+0700] {processor.py:753} INFO - DAG(s) dict_keys(['example_weekday_branch_operator']) retrieved from /home/dmk/anaconda3/envs/airflow/lib/python3.7/site-packages/airflow/example_dags/example_branch_day_of_week_operator.py
[2022-12-31T22:29:52.080+0700] {logging_mixin.py:137} INFO - [2022-12-31T22:29:52.080+0700] {dag.py:2676} INFO - Sync 1 DAGs
[2022-12-31T22:29:52.102+0700] {logging_mixin.py:137} INFO - [2022-12-31T22:29:52.102+0700] {dag.py:3427} INFO - Setting next_dagrun for example_weekday_branch_operator to 2022-12-30T00:00:00+00:00, run_after=2022-12-31T00:00:00+00:00
[2022-12-31T22:29:52.132+0700] {processor.py:175} INFO - Processing /home/dmk/anaconda3/envs/airflow/lib/python3.7/site-packages/airflow/example_dags/example_branch_day_of_week_operator.py took 0.098 seconds
[2022-12-31T22:30:40.246+0700] {processor.py:153} INFO - Started process (PID=51588) to work on /home/dmk/anaconda3/envs/airflow/lib/python3.7/site-packages/airflow/example_dags/example_branch_day_of_week_operator.py
[2022-12-31T22:30:40.250+0700] {processor.py:743} INFO - Processing file /home/dmk/anaconda3/envs/airflow/lib/python3.7/site-packages/airflow/example_dags/example_branch_day_of_week_operator.py for tasks to queue
[2022-12-31T22:30:40.251+0700] {logging_mixin.py:137} INFO - [2022-12-31T22:30:40.251+0700] {dagbag.py:538} INFO - Filling up the DagBag from /home/dmk/anaconda3/envs/airflow/lib/python3.7/site-packages/airflow/example_dags/example_branch_day_of_week_operator.py
[2022-12-31T22:30:40.269+0700] {processor.py:753} INFO - DAG(s) dict_keys(['example_weekday_branch_operator']) retrieved from /home/dmk/anaconda3/envs/airflow/lib/python3.7/site-packages/airflow/example_dags/example_branch_day_of_week_operator.py
[2022-12-31T22:30:40.294+0700] {logging_mixin.py:137} INFO - [2022-12-31T22:30:40.294+0700] {dag.py:2676} INFO - Sync 1 DAGs
[2022-12-31T22:30:40.322+0700] {logging_mixin.py:137} INFO - [2022-12-31T22:30:40.321+0700] {dag.py:3427} INFO - Setting next_dagrun for example_weekday_branch_operator to 2022-12-30T00:00:00+00:00, run_after=2022-12-31T00:00:00+00:00
[2022-12-31T22:30:40.363+0700] {processor.py:175} INFO - Processing /home/dmk/anaconda3/envs/airflow/lib/python3.7/site-packages/airflow/example_dags/example_branch_day_of_week_operator.py took 0.121 seconds
[2022-12-31T22:31:27.927+0700] {processor.py:153} INFO - Started process (PID=51763) to work on /home/dmk/anaconda3/envs/airflow/lib/python3.7/site-packages/airflow/example_dags/example_branch_day_of_week_operator.py
[2022-12-31T22:31:27.932+0700] {processor.py:743} INFO - Processing file /home/dmk/anaconda3/envs/airflow/lib/python3.7/site-packages/airflow/example_dags/example_branch_day_of_week_operator.py for tasks to queue
[2022-12-31T22:31:27.933+0700] {logging_mixin.py:137} INFO - [2022-12-31T22:31:27.932+0700] {dagbag.py:538} INFO - Filling up the DagBag from /home/dmk/anaconda3/envs/airflow/lib/python3.7/site-packages/airflow/example_dags/example_branch_day_of_week_operator.py
[2022-12-31T22:31:27.957+0700] {processor.py:753} INFO - DAG(s) dict_keys(['example_weekday_branch_operator']) retrieved from /home/dmk/anaconda3/envs/airflow/lib/python3.7/site-packages/airflow/example_dags/example_branch_day_of_week_operator.py
[2022-12-31T22:31:27.994+0700] {logging_mixin.py:137} INFO - [2022-12-31T22:31:27.993+0700] {dag.py:2676} INFO - Sync 1 DAGs
[2022-12-31T22:31:28.026+0700] {logging_mixin.py:137} INFO - [2022-12-31T22:31:28.026+0700] {dag.py:3427} INFO - Setting next_dagrun for example_weekday_branch_operator to 2022-12-30T00:00:00+00:00, run_after=2022-12-31T00:00:00+00:00
[2022-12-31T22:31:28.076+0700] {processor.py:175} INFO - Processing /home/dmk/anaconda3/envs/airflow/lib/python3.7/site-packages/airflow/example_dags/example_branch_day_of_week_operator.py took 0.153 seconds
[2022-12-31T22:32:16.296+0700] {processor.py:153} INFO - Started process (PID=51856) to work on /home/dmk/anaconda3/envs/airflow/lib/python3.7/site-packages/airflow/example_dags/example_branch_day_of_week_operator.py
[2022-12-31T22:32:16.299+0700] {processor.py:743} INFO - Processing file /home/dmk/anaconda3/envs/airflow/lib/python3.7/site-packages/airflow/example_dags/example_branch_day_of_week_operator.py for tasks to queue
[2022-12-31T22:32:16.300+0700] {logging_mixin.py:137} INFO - [2022-12-31T22:32:16.300+0700] {dagbag.py:538} INFO - Filling up the DagBag from /home/dmk/anaconda3/envs/airflow/lib/python3.7/site-packages/airflow/example_dags/example_branch_day_of_week_operator.py
[2022-12-31T22:32:16.333+0700] {processor.py:753} INFO - DAG(s) dict_keys(['example_weekday_branch_operator']) retrieved from /home/dmk/anaconda3/envs/airflow/lib/python3.7/site-packages/airflow/example_dags/example_branch_day_of_week_operator.py
[2022-12-31T22:32:16.381+0700] {logging_mixin.py:137} INFO - [2022-12-31T22:32:16.381+0700] {dag.py:2676} INFO - Sync 1 DAGs
[2022-12-31T22:32:16.415+0700] {logging_mixin.py:137} INFO - [2022-12-31T22:32:16.415+0700] {dag.py:3427} INFO - Setting next_dagrun for example_weekday_branch_operator to 2022-12-30T00:00:00+00:00, run_after=2022-12-31T00:00:00+00:00
[2022-12-31T22:32:16.458+0700] {processor.py:175} INFO - Processing /home/dmk/anaconda3/envs/airflow/lib/python3.7/site-packages/airflow/example_dags/example_branch_day_of_week_operator.py took 0.166 seconds
