[2022-12-31T20:53:51.966+0700] {processor.py:153} INFO - Started process (PID=11510) to work on /home/dmk/anaconda3/lib/python3.9/site-packages/airflow/example_dags/example_branch_operator_decorator.py
[2022-12-31T20:53:51.967+0700] {processor.py:743} INFO - Processing file /home/dmk/anaconda3/lib/python3.9/site-packages/airflow/example_dags/example_branch_operator_decorator.py for tasks to queue
[2022-12-31T20:53:51.968+0700] {logging_mixin.py:137} INFO - [2022-12-31T20:53:51.968+0700] {dagbag.py:538} INFO - Filling up the DagBag from /home/dmk/anaconda3/lib/python3.9/site-packages/airflow/example_dags/example_branch_operator_decorator.py
[2022-12-31T20:53:51.996+0700] {processor.py:753} INFO - DAG(s) dict_keys(['example_branch_python_operator_decorator']) retrieved from /home/dmk/anaconda3/lib/python3.9/site-packages/airflow/example_dags/example_branch_operator_decorator.py
[2022-12-31T20:53:52.173+0700] {logging_mixin.py:137} INFO - [2022-12-31T20:53:52.173+0700] {dag.py:2676} INFO - Sync 1 DAGs
[2022-12-31T20:53:52.195+0700] {logging_mixin.py:137} INFO - [2022-12-31T20:53:52.195+0700] {dag.py:3423} INFO - Setting next_dagrun for example_branch_python_operator_decorator to 2022-12-30T00:00:00+00:00, run_after=2022-12-31T00:00:00+00:00
[2022-12-31T20:53:52.224+0700] {processor.py:175} INFO - Processing /home/dmk/anaconda3/lib/python3.9/site-packages/airflow/example_dags/example_branch_operator_decorator.py took 0.262 seconds
[2022-12-31T20:55:44.520+0700] {processor.py:153} INFO - Started process (PID=12060) to work on /home/dmk/anaconda3/lib/python3.9/site-packages/airflow/example_dags/example_branch_operator_decorator.py
[2022-12-31T20:55:44.524+0700] {processor.py:743} INFO - Processing file /home/dmk/anaconda3/lib/python3.9/site-packages/airflow/example_dags/example_branch_operator_decorator.py for tasks to queue
[2022-12-31T20:55:44.525+0700] {logging_mixin.py:137} INFO - [2022-12-31T20:55:44.524+0700] {dagbag.py:538} INFO - Filling up the DagBag from /home/dmk/anaconda3/lib/python3.9/site-packages/airflow/example_dags/example_branch_operator_decorator.py
[2022-12-31T20:55:44.552+0700] {processor.py:753} INFO - DAG(s) dict_keys(['example_branch_python_operator_decorator']) retrieved from /home/dmk/anaconda3/lib/python3.9/site-packages/airflow/example_dags/example_branch_operator_decorator.py
[2022-12-31T20:55:44.688+0700] {logging_mixin.py:137} INFO - [2022-12-31T20:55:44.687+0700] {dag.py:2676} INFO - Sync 1 DAGs
[2022-12-31T20:55:44.707+0700] {logging_mixin.py:137} INFO - [2022-12-31T20:55:44.706+0700] {dag.py:3423} INFO - Setting next_dagrun for example_branch_python_operator_decorator to 2022-12-30T00:00:00+00:00, run_after=2022-12-31T00:00:00+00:00
[2022-12-31T20:55:44.729+0700] {processor.py:175} INFO - Processing /home/dmk/anaconda3/lib/python3.9/site-packages/airflow/example_dags/example_branch_operator_decorator.py took 0.213 seconds
[2022-12-31T20:57:00.049+0700] {processor.py:153} INFO - Started process (PID=12422) to work on /home/dmk/anaconda3/lib/python3.9/site-packages/airflow/example_dags/example_branch_operator_decorator.py
[2022-12-31T20:57:00.053+0700] {processor.py:743} INFO - Processing file /home/dmk/anaconda3/lib/python3.9/site-packages/airflow/example_dags/example_branch_operator_decorator.py for tasks to queue
[2022-12-31T20:57:00.054+0700] {logging_mixin.py:137} INFO - [2022-12-31T20:57:00.054+0700] {dagbag.py:538} INFO - Filling up the DagBag from /home/dmk/anaconda3/lib/python3.9/site-packages/airflow/example_dags/example_branch_operator_decorator.py
[2022-12-31T20:57:00.094+0700] {processor.py:753} INFO - DAG(s) dict_keys(['example_branch_python_operator_decorator']) retrieved from /home/dmk/anaconda3/lib/python3.9/site-packages/airflow/example_dags/example_branch_operator_decorator.py
[2022-12-31T20:57:00.227+0700] {logging_mixin.py:137} INFO - [2022-12-31T20:57:00.227+0700] {dag.py:2676} INFO - Sync 1 DAGs
[2022-12-31T20:57:00.247+0700] {logging_mixin.py:137} INFO - [2022-12-31T20:57:00.247+0700] {dag.py:3423} INFO - Setting next_dagrun for example_branch_python_operator_decorator to 2022-12-30T00:00:00+00:00, run_after=2022-12-31T00:00:00+00:00
[2022-12-31T20:57:00.273+0700] {processor.py:175} INFO - Processing /home/dmk/anaconda3/lib/python3.9/site-packages/airflow/example_dags/example_branch_operator_decorator.py took 0.228 seconds
[2022-12-31T20:58:05.443+0700] {processor.py:153} INFO - Started process (PID=12830) to work on /home/dmk/anaconda3/lib/python3.9/site-packages/airflow/example_dags/example_branch_operator_decorator.py
[2022-12-31T20:58:05.448+0700] {processor.py:743} INFO - Processing file /home/dmk/anaconda3/lib/python3.9/site-packages/airflow/example_dags/example_branch_operator_decorator.py for tasks to queue
[2022-12-31T20:58:05.449+0700] {logging_mixin.py:137} INFO - [2022-12-31T20:58:05.449+0700] {dagbag.py:538} INFO - Filling up the DagBag from /home/dmk/anaconda3/lib/python3.9/site-packages/airflow/example_dags/example_branch_operator_decorator.py
[2022-12-31T20:58:05.579+0700] {processor.py:753} INFO - DAG(s) dict_keys(['example_branch_python_operator_decorator']) retrieved from /home/dmk/anaconda3/lib/python3.9/site-packages/airflow/example_dags/example_branch_operator_decorator.py
[2022-12-31T20:58:05.600+0700] {logging_mixin.py:137} INFO - [2022-12-31T20:58:05.600+0700] {dag.py:2676} INFO - Sync 1 DAGs
[2022-12-31T20:58:05.618+0700] {logging_mixin.py:137} INFO - [2022-12-31T20:58:05.618+0700] {dag.py:3423} INFO - Setting next_dagrun for example_branch_python_operator_decorator to 2022-12-30T00:00:00+00:00, run_after=2022-12-31T00:00:00+00:00
[2022-12-31T20:58:05.638+0700] {processor.py:175} INFO - Processing /home/dmk/anaconda3/lib/python3.9/site-packages/airflow/example_dags/example_branch_operator_decorator.py took 0.202 seconds
[2022-12-31T20:59:20.457+0700] {processor.py:153} INFO - Started process (PID=13134) to work on /home/dmk/anaconda3/lib/python3.9/site-packages/airflow/example_dags/example_branch_operator_decorator.py
[2022-12-31T20:59:20.458+0700] {processor.py:743} INFO - Processing file /home/dmk/anaconda3/lib/python3.9/site-packages/airflow/example_dags/example_branch_operator_decorator.py for tasks to queue
[2022-12-31T20:59:20.459+0700] {logging_mixin.py:137} INFO - [2022-12-31T20:59:20.458+0700] {dagbag.py:538} INFO - Filling up the DagBag from /home/dmk/anaconda3/lib/python3.9/site-packages/airflow/example_dags/example_branch_operator_decorator.py
[2022-12-31T20:59:20.494+0700] {processor.py:753} INFO - DAG(s) dict_keys(['example_branch_python_operator_decorator']) retrieved from /home/dmk/anaconda3/lib/python3.9/site-packages/airflow/example_dags/example_branch_operator_decorator.py
[2022-12-31T20:59:20.528+0700] {logging_mixin.py:137} INFO - [2022-12-31T20:59:20.528+0700] {dag.py:2676} INFO - Sync 1 DAGs
[2022-12-31T20:59:20.555+0700] {logging_mixin.py:137} INFO - [2022-12-31T20:59:20.555+0700] {dag.py:3423} INFO - Setting next_dagrun for example_branch_python_operator_decorator to 2022-12-30T00:00:00+00:00, run_after=2022-12-31T00:00:00+00:00
[2022-12-31T20:59:20.581+0700] {processor.py:175} INFO - Processing /home/dmk/anaconda3/lib/python3.9/site-packages/airflow/example_dags/example_branch_operator_decorator.py took 0.128 seconds
[2022-12-31T21:00:41.203+0700] {processor.py:153} INFO - Started process (PID=15434) to work on /home/dmk/anaconda3/lib/python3.9/site-packages/airflow/example_dags/example_branch_operator_decorator.py
[2022-12-31T21:00:41.207+0700] {processor.py:743} INFO - Processing file /home/dmk/anaconda3/lib/python3.9/site-packages/airflow/example_dags/example_branch_operator_decorator.py for tasks to queue
[2022-12-31T21:00:41.208+0700] {logging_mixin.py:137} INFO - [2022-12-31T21:00:41.207+0700] {dagbag.py:538} INFO - Filling up the DagBag from /home/dmk/anaconda3/lib/python3.9/site-packages/airflow/example_dags/example_branch_operator_decorator.py
[2022-12-31T21:00:41.235+0700] {processor.py:753} INFO - DAG(s) dict_keys(['example_branch_python_operator_decorator']) retrieved from /home/dmk/anaconda3/lib/python3.9/site-packages/airflow/example_dags/example_branch_operator_decorator.py
[2022-12-31T21:00:41.264+0700] {logging_mixin.py:137} INFO - [2022-12-31T21:00:41.264+0700] {dag.py:2676} INFO - Sync 1 DAGs
[2022-12-31T21:00:41.283+0700] {logging_mixin.py:137} INFO - [2022-12-31T21:00:41.283+0700] {dag.py:3423} INFO - Setting next_dagrun for example_branch_python_operator_decorator to 2022-12-30T00:00:00+00:00, run_after=2022-12-31T00:00:00+00:00
[2022-12-31T21:00:41.312+0700] {processor.py:175} INFO - Processing /home/dmk/anaconda3/lib/python3.9/site-packages/airflow/example_dags/example_branch_operator_decorator.py took 0.113 seconds
[2022-12-31T21:01:37.168+0700] {processor.py:153} INFO - Started process (PID=16216) to work on /home/dmk/anaconda3/lib/python3.9/site-packages/airflow/example_dags/example_branch_operator_decorator.py
[2022-12-31T21:01:37.169+0700] {processor.py:743} INFO - Processing file /home/dmk/anaconda3/lib/python3.9/site-packages/airflow/example_dags/example_branch_operator_decorator.py for tasks to queue
[2022-12-31T21:01:37.170+0700] {logging_mixin.py:137} INFO - [2022-12-31T21:01:37.170+0700] {dagbag.py:538} INFO - Filling up the DagBag from /home/dmk/anaconda3/lib/python3.9/site-packages/airflow/example_dags/example_branch_operator_decorator.py
[2022-12-31T21:01:37.198+0700] {processor.py:753} INFO - DAG(s) dict_keys(['example_branch_python_operator_decorator']) retrieved from /home/dmk/anaconda3/lib/python3.9/site-packages/airflow/example_dags/example_branch_operator_decorator.py
[2022-12-31T21:01:37.225+0700] {logging_mixin.py:137} INFO - [2022-12-31T21:01:37.225+0700] {dag.py:2676} INFO - Sync 1 DAGs
[2022-12-31T21:01:37.248+0700] {logging_mixin.py:137} INFO - [2022-12-31T21:01:37.248+0700] {dag.py:3423} INFO - Setting next_dagrun for example_branch_python_operator_decorator to 2022-12-30T00:00:00+00:00, run_after=2022-12-31T00:00:00+00:00
[2022-12-31T21:01:37.280+0700] {processor.py:175} INFO - Processing /home/dmk/anaconda3/lib/python3.9/site-packages/airflow/example_dags/example_branch_operator_decorator.py took 0.115 seconds
[2022-12-31T21:02:29.381+0700] {processor.py:153} INFO - Started process (PID=16334) to work on /home/dmk/anaconda3/lib/python3.9/site-packages/airflow/example_dags/example_branch_operator_decorator.py
[2022-12-31T21:02:29.383+0700] {processor.py:743} INFO - Processing file /home/dmk/anaconda3/lib/python3.9/site-packages/airflow/example_dags/example_branch_operator_decorator.py for tasks to queue
[2022-12-31T21:02:29.384+0700] {logging_mixin.py:137} INFO - [2022-12-31T21:02:29.384+0700] {dagbag.py:538} INFO - Filling up the DagBag from /home/dmk/anaconda3/lib/python3.9/site-packages/airflow/example_dags/example_branch_operator_decorator.py
[2022-12-31T21:02:29.416+0700] {processor.py:753} INFO - DAG(s) dict_keys(['example_branch_python_operator_decorator']) retrieved from /home/dmk/anaconda3/lib/python3.9/site-packages/airflow/example_dags/example_branch_operator_decorator.py
[2022-12-31T21:02:29.448+0700] {logging_mixin.py:137} INFO - [2022-12-31T21:02:29.447+0700] {dag.py:2676} INFO - Sync 1 DAGs
[2022-12-31T21:02:29.475+0700] {logging_mixin.py:137} INFO - [2022-12-31T21:02:29.474+0700] {dag.py:3423} INFO - Setting next_dagrun for example_branch_python_operator_decorator to 2022-12-30T00:00:00+00:00, run_after=2022-12-31T00:00:00+00:00
[2022-12-31T21:02:29.505+0700] {processor.py:175} INFO - Processing /home/dmk/anaconda3/lib/python3.9/site-packages/airflow/example_dags/example_branch_operator_decorator.py took 0.131 seconds
[2022-12-31T21:04:11.395+0700] {processor.py:153} INFO - Started process (PID=17097) to work on /home/dmk/anaconda3/lib/python3.9/site-packages/airflow/example_dags/example_branch_operator_decorator.py
[2022-12-31T21:04:11.399+0700] {processor.py:743} INFO - Processing file /home/dmk/anaconda3/lib/python3.9/site-packages/airflow/example_dags/example_branch_operator_decorator.py for tasks to queue
[2022-12-31T21:04:11.401+0700] {logging_mixin.py:137} INFO - [2022-12-31T21:04:11.401+0700] {dagbag.py:538} INFO - Filling up the DagBag from /home/dmk/anaconda3/lib/python3.9/site-packages/airflow/example_dags/example_branch_operator_decorator.py
[2022-12-31T21:04:11.459+0700] {processor.py:753} INFO - DAG(s) dict_keys(['example_branch_python_operator_decorator']) retrieved from /home/dmk/anaconda3/lib/python3.9/site-packages/airflow/example_dags/example_branch_operator_decorator.py
[2022-12-31T21:04:11.618+0700] {logging_mixin.py:137} INFO - [2022-12-31T21:04:11.618+0700] {dag.py:2676} INFO - Sync 1 DAGs
[2022-12-31T21:04:11.636+0700] {logging_mixin.py:137} INFO - [2022-12-31T21:04:11.636+0700] {dag.py:3423} INFO - Setting next_dagrun for example_branch_python_operator_decorator to 2022-12-30T00:00:00+00:00, run_after=2022-12-31T00:00:00+00:00
[2022-12-31T21:04:11.665+0700] {processor.py:175} INFO - Processing /home/dmk/anaconda3/lib/python3.9/site-packages/airflow/example_dags/example_branch_operator_decorator.py took 0.279 seconds
[2022-12-31T21:05:27.466+0700] {processor.py:153} INFO - Started process (PID=18226) to work on /home/dmk/anaconda3/lib/python3.9/site-packages/airflow/example_dags/example_branch_operator_decorator.py
[2022-12-31T21:05:27.471+0700] {processor.py:743} INFO - Processing file /home/dmk/anaconda3/lib/python3.9/site-packages/airflow/example_dags/example_branch_operator_decorator.py for tasks to queue
[2022-12-31T21:05:27.473+0700] {logging_mixin.py:137} INFO - [2022-12-31T21:05:27.473+0700] {dagbag.py:538} INFO - Filling up the DagBag from /home/dmk/anaconda3/lib/python3.9/site-packages/airflow/example_dags/example_branch_operator_decorator.py
[2022-12-31T21:05:27.522+0700] {processor.py:753} INFO - DAG(s) dict_keys(['example_branch_python_operator_decorator']) retrieved from /home/dmk/anaconda3/lib/python3.9/site-packages/airflow/example_dags/example_branch_operator_decorator.py
[2022-12-31T21:05:27.663+0700] {logging_mixin.py:137} INFO - [2022-12-31T21:05:27.663+0700] {dag.py:2676} INFO - Sync 1 DAGs
[2022-12-31T21:05:27.680+0700] {logging_mixin.py:137} INFO - [2022-12-31T21:05:27.680+0700] {dag.py:3423} INFO - Setting next_dagrun for example_branch_python_operator_decorator to 2022-12-30T00:00:00+00:00, run_after=2022-12-31T00:00:00+00:00
[2022-12-31T21:05:27.701+0700] {processor.py:175} INFO - Processing /home/dmk/anaconda3/lib/python3.9/site-packages/airflow/example_dags/example_branch_operator_decorator.py took 0.243 seconds
[2022-12-31T21:06:56.943+0700] {processor.py:153} INFO - Started process (PID=18515) to work on /home/dmk/anaconda3/lib/python3.9/site-packages/airflow/example_dags/example_branch_operator_decorator.py
[2022-12-31T21:06:56.947+0700] {processor.py:743} INFO - Processing file /home/dmk/anaconda3/lib/python3.9/site-packages/airflow/example_dags/example_branch_operator_decorator.py for tasks to queue
[2022-12-31T21:06:56.947+0700] {logging_mixin.py:137} INFO - [2022-12-31T21:06:56.947+0700] {dagbag.py:538} INFO - Filling up the DagBag from /home/dmk/anaconda3/lib/python3.9/site-packages/airflow/example_dags/example_branch_operator_decorator.py
[2022-12-31T21:06:56.975+0700] {processor.py:753} INFO - DAG(s) dict_keys(['example_branch_python_operator_decorator']) retrieved from /home/dmk/anaconda3/lib/python3.9/site-packages/airflow/example_dags/example_branch_operator_decorator.py
[2022-12-31T21:06:57.100+0700] {logging_mixin.py:137} INFO - [2022-12-31T21:06:57.099+0700] {dag.py:2676} INFO - Sync 1 DAGs
[2022-12-31T21:06:57.120+0700] {logging_mixin.py:137} INFO - [2022-12-31T21:06:57.120+0700] {dag.py:3423} INFO - Setting next_dagrun for example_branch_python_operator_decorator to 2022-12-30T00:00:00+00:00, run_after=2022-12-31T00:00:00+00:00
[2022-12-31T21:06:57.142+0700] {processor.py:175} INFO - Processing /home/dmk/anaconda3/lib/python3.9/site-packages/airflow/example_dags/example_branch_operator_decorator.py took 0.205 seconds
[2022-12-31T21:08:03.818+0700] {processor.py:153} INFO - Started process (PID=18777) to work on /home/dmk/anaconda3/lib/python3.9/site-packages/airflow/example_dags/example_branch_operator_decorator.py
[2022-12-31T21:08:03.824+0700] {processor.py:743} INFO - Processing file /home/dmk/anaconda3/lib/python3.9/site-packages/airflow/example_dags/example_branch_operator_decorator.py for tasks to queue
[2022-12-31T21:08:03.825+0700] {logging_mixin.py:137} INFO - [2022-12-31T21:08:03.825+0700] {dagbag.py:538} INFO - Filling up the DagBag from /home/dmk/anaconda3/lib/python3.9/site-packages/airflow/example_dags/example_branch_operator_decorator.py
[2022-12-31T21:08:03.968+0700] {processor.py:753} INFO - DAG(s) dict_keys(['example_branch_python_operator_decorator']) retrieved from /home/dmk/anaconda3/lib/python3.9/site-packages/airflow/example_dags/example_branch_operator_decorator.py
[2022-12-31T21:08:03.989+0700] {logging_mixin.py:137} INFO - [2022-12-31T21:08:03.989+0700] {dag.py:2676} INFO - Sync 1 DAGs
[2022-12-31T21:08:04.008+0700] {logging_mixin.py:137} INFO - [2022-12-31T21:08:04.007+0700] {dag.py:3423} INFO - Setting next_dagrun for example_branch_python_operator_decorator to 2022-12-30T00:00:00+00:00, run_after=2022-12-31T00:00:00+00:00
[2022-12-31T21:08:04.035+0700] {processor.py:175} INFO - Processing /home/dmk/anaconda3/lib/python3.9/site-packages/airflow/example_dags/example_branch_operator_decorator.py took 0.224 seconds
[2022-12-31T21:09:22.204+0700] {processor.py:153} INFO - Started process (PID=19723) to work on /home/dmk/anaconda3/lib/python3.9/site-packages/airflow/example_dags/example_branch_operator_decorator.py
[2022-12-31T21:09:22.208+0700] {processor.py:743} INFO - Processing file /home/dmk/anaconda3/lib/python3.9/site-packages/airflow/example_dags/example_branch_operator_decorator.py for tasks to queue
[2022-12-31T21:09:22.210+0700] {logging_mixin.py:137} INFO - [2022-12-31T21:09:22.209+0700] {dagbag.py:538} INFO - Filling up the DagBag from /home/dmk/anaconda3/lib/python3.9/site-packages/airflow/example_dags/example_branch_operator_decorator.py
[2022-12-31T21:09:22.245+0700] {processor.py:753} INFO - DAG(s) dict_keys(['example_branch_python_operator_decorator']) retrieved from /home/dmk/anaconda3/lib/python3.9/site-packages/airflow/example_dags/example_branch_operator_decorator.py
[2022-12-31T21:09:22.271+0700] {logging_mixin.py:137} INFO - [2022-12-31T21:09:22.271+0700] {dag.py:2676} INFO - Sync 1 DAGs
[2022-12-31T21:09:22.289+0700] {logging_mixin.py:137} INFO - [2022-12-31T21:09:22.289+0700] {dag.py:3423} INFO - Setting next_dagrun for example_branch_python_operator_decorator to 2022-12-30T00:00:00+00:00, run_after=2022-12-31T00:00:00+00:00
[2022-12-31T21:09:22.311+0700] {processor.py:175} INFO - Processing /home/dmk/anaconda3/lib/python3.9/site-packages/airflow/example_dags/example_branch_operator_decorator.py took 0.114 seconds
[2022-12-31T21:10:19.296+0700] {processor.py:153} INFO - Started process (PID=19900) to work on /home/dmk/anaconda3/lib/python3.9/site-packages/airflow/example_dags/example_branch_operator_decorator.py
[2022-12-31T21:10:19.298+0700] {processor.py:743} INFO - Processing file /home/dmk/anaconda3/lib/python3.9/site-packages/airflow/example_dags/example_branch_operator_decorator.py for tasks to queue
[2022-12-31T21:10:19.299+0700] {logging_mixin.py:137} INFO - [2022-12-31T21:10:19.299+0700] {dagbag.py:538} INFO - Filling up the DagBag from /home/dmk/anaconda3/lib/python3.9/site-packages/airflow/example_dags/example_branch_operator_decorator.py
[2022-12-31T21:10:19.327+0700] {processor.py:753} INFO - DAG(s) dict_keys(['example_branch_python_operator_decorator']) retrieved from /home/dmk/anaconda3/lib/python3.9/site-packages/airflow/example_dags/example_branch_operator_decorator.py
[2022-12-31T21:10:19.362+0700] {logging_mixin.py:137} INFO - [2022-12-31T21:10:19.362+0700] {dag.py:2676} INFO - Sync 1 DAGs
[2022-12-31T21:10:19.386+0700] {logging_mixin.py:137} INFO - [2022-12-31T21:10:19.386+0700] {dag.py:3423} INFO - Setting next_dagrun for example_branch_python_operator_decorator to 2022-12-30T00:00:00+00:00, run_after=2022-12-31T00:00:00+00:00
[2022-12-31T21:10:19.419+0700] {processor.py:175} INFO - Processing /home/dmk/anaconda3/lib/python3.9/site-packages/airflow/example_dags/example_branch_operator_decorator.py took 0.128 seconds
[2022-12-31T21:11:10.481+0700] {processor.py:153} INFO - Started process (PID=20177) to work on /home/dmk/anaconda3/lib/python3.9/site-packages/airflow/example_dags/example_branch_operator_decorator.py
[2022-12-31T21:11:10.486+0700] {processor.py:743} INFO - Processing file /home/dmk/anaconda3/lib/python3.9/site-packages/airflow/example_dags/example_branch_operator_decorator.py for tasks to queue
[2022-12-31T21:11:10.487+0700] {logging_mixin.py:137} INFO - [2022-12-31T21:11:10.487+0700] {dagbag.py:538} INFO - Filling up the DagBag from /home/dmk/anaconda3/lib/python3.9/site-packages/airflow/example_dags/example_branch_operator_decorator.py
[2022-12-31T21:11:10.530+0700] {processor.py:753} INFO - DAG(s) dict_keys(['example_branch_python_operator_decorator']) retrieved from /home/dmk/anaconda3/lib/python3.9/site-packages/airflow/example_dags/example_branch_operator_decorator.py
[2022-12-31T21:11:10.555+0700] {logging_mixin.py:137} INFO - [2022-12-31T21:11:10.555+0700] {dag.py:2676} INFO - Sync 1 DAGs
[2022-12-31T21:11:10.574+0700] {logging_mixin.py:137} INFO - [2022-12-31T21:11:10.574+0700] {dag.py:3423} INFO - Setting next_dagrun for example_branch_python_operator_decorator to 2022-12-30T00:00:00+00:00, run_after=2022-12-31T00:00:00+00:00
[2022-12-31T21:11:10.596+0700] {processor.py:175} INFO - Processing /home/dmk/anaconda3/lib/python3.9/site-packages/airflow/example_dags/example_branch_operator_decorator.py took 0.117 seconds
[2022-12-31T21:12:04.211+0700] {processor.py:153} INFO - Started process (PID=20363) to work on /home/dmk/anaconda3/lib/python3.9/site-packages/airflow/example_dags/example_branch_operator_decorator.py
[2022-12-31T21:12:04.214+0700] {processor.py:743} INFO - Processing file /home/dmk/anaconda3/lib/python3.9/site-packages/airflow/example_dags/example_branch_operator_decorator.py for tasks to queue
[2022-12-31T21:12:04.214+0700] {logging_mixin.py:137} INFO - [2022-12-31T21:12:04.214+0700] {dagbag.py:538} INFO - Filling up the DagBag from /home/dmk/anaconda3/lib/python3.9/site-packages/airflow/example_dags/example_branch_operator_decorator.py
[2022-12-31T21:12:04.237+0700] {processor.py:753} INFO - DAG(s) dict_keys(['example_branch_python_operator_decorator']) retrieved from /home/dmk/anaconda3/lib/python3.9/site-packages/airflow/example_dags/example_branch_operator_decorator.py
[2022-12-31T21:12:04.265+0700] {logging_mixin.py:137} INFO - [2022-12-31T21:12:04.265+0700] {dag.py:2676} INFO - Sync 1 DAGs
[2022-12-31T21:12:04.285+0700] {logging_mixin.py:137} INFO - [2022-12-31T21:12:04.285+0700] {dag.py:3423} INFO - Setting next_dagrun for example_branch_python_operator_decorator to 2022-12-30T00:00:00+00:00, run_after=2022-12-31T00:00:00+00:00
[2022-12-31T21:12:04.306+0700] {processor.py:175} INFO - Processing /home/dmk/anaconda3/lib/python3.9/site-packages/airflow/example_dags/example_branch_operator_decorator.py took 0.097 seconds
[2022-12-31T21:13:01.472+0700] {processor.py:153} INFO - Started process (PID=20499) to work on /home/dmk/anaconda3/lib/python3.9/site-packages/airflow/example_dags/example_branch_operator_decorator.py
[2022-12-31T21:13:01.476+0700] {processor.py:743} INFO - Processing file /home/dmk/anaconda3/lib/python3.9/site-packages/airflow/example_dags/example_branch_operator_decorator.py for tasks to queue
[2022-12-31T21:13:01.477+0700] {logging_mixin.py:137} INFO - [2022-12-31T21:13:01.477+0700] {dagbag.py:538} INFO - Filling up the DagBag from /home/dmk/anaconda3/lib/python3.9/site-packages/airflow/example_dags/example_branch_operator_decorator.py
[2022-12-31T21:13:01.508+0700] {processor.py:753} INFO - DAG(s) dict_keys(['example_branch_python_operator_decorator']) retrieved from /home/dmk/anaconda3/lib/python3.9/site-packages/airflow/example_dags/example_branch_operator_decorator.py
[2022-12-31T21:13:01.535+0700] {logging_mixin.py:137} INFO - [2022-12-31T21:13:01.534+0700] {dag.py:2676} INFO - Sync 1 DAGs
[2022-12-31T21:13:01.554+0700] {logging_mixin.py:137} INFO - [2022-12-31T21:13:01.554+0700] {dag.py:3423} INFO - Setting next_dagrun for example_branch_python_operator_decorator to 2022-12-30T00:00:00+00:00, run_after=2022-12-31T00:00:00+00:00
[2022-12-31T21:13:01.576+0700] {processor.py:175} INFO - Processing /home/dmk/anaconda3/lib/python3.9/site-packages/airflow/example_dags/example_branch_operator_decorator.py took 0.111 seconds
[2022-12-31T21:13:49.712+0700] {processor.py:153} INFO - Started process (PID=20707) to work on /home/dmk/anaconda3/lib/python3.9/site-packages/airflow/example_dags/example_branch_operator_decorator.py
[2022-12-31T21:13:49.716+0700] {processor.py:743} INFO - Processing file /home/dmk/anaconda3/lib/python3.9/site-packages/airflow/example_dags/example_branch_operator_decorator.py for tasks to queue
[2022-12-31T21:13:49.717+0700] {logging_mixin.py:137} INFO - [2022-12-31T21:13:49.717+0700] {dagbag.py:538} INFO - Filling up the DagBag from /home/dmk/anaconda3/lib/python3.9/site-packages/airflow/example_dags/example_branch_operator_decorator.py
[2022-12-31T21:13:49.745+0700] {processor.py:753} INFO - DAG(s) dict_keys(['example_branch_python_operator_decorator']) retrieved from /home/dmk/anaconda3/lib/python3.9/site-packages/airflow/example_dags/example_branch_operator_decorator.py
[2022-12-31T21:13:49.775+0700] {logging_mixin.py:137} INFO - [2022-12-31T21:13:49.775+0700] {dag.py:2676} INFO - Sync 1 DAGs
[2022-12-31T21:13:49.797+0700] {logging_mixin.py:137} INFO - [2022-12-31T21:13:49.797+0700] {dag.py:3423} INFO - Setting next_dagrun for example_branch_python_operator_decorator to 2022-12-30T00:00:00+00:00, run_after=2022-12-31T00:00:00+00:00
[2022-12-31T21:13:49.827+0700] {processor.py:175} INFO - Processing /home/dmk/anaconda3/lib/python3.9/site-packages/airflow/example_dags/example_branch_operator_decorator.py took 0.119 seconds
[2022-12-31T21:14:41.445+0700] {processor.py:153} INFO - Started process (PID=21731) to work on /home/dmk/anaconda3/lib/python3.9/site-packages/airflow/example_dags/example_branch_operator_decorator.py
[2022-12-31T21:14:41.450+0700] {processor.py:743} INFO - Processing file /home/dmk/anaconda3/lib/python3.9/site-packages/airflow/example_dags/example_branch_operator_decorator.py for tasks to queue
[2022-12-31T21:14:41.452+0700] {logging_mixin.py:137} INFO - [2022-12-31T21:14:41.452+0700] {dagbag.py:538} INFO - Filling up the DagBag from /home/dmk/anaconda3/lib/python3.9/site-packages/airflow/example_dags/example_branch_operator_decorator.py
[2022-12-31T21:14:41.489+0700] {processor.py:753} INFO - DAG(s) dict_keys(['example_branch_python_operator_decorator']) retrieved from /home/dmk/anaconda3/lib/python3.9/site-packages/airflow/example_dags/example_branch_operator_decorator.py
[2022-12-31T21:14:41.514+0700] {logging_mixin.py:137} INFO - [2022-12-31T21:14:41.514+0700] {dag.py:2676} INFO - Sync 1 DAGs
[2022-12-31T21:14:41.537+0700] {logging_mixin.py:137} INFO - [2022-12-31T21:14:41.537+0700] {dag.py:3423} INFO - Setting next_dagrun for example_branch_python_operator_decorator to 2022-12-30T00:00:00+00:00, run_after=2022-12-31T00:00:00+00:00
[2022-12-31T21:14:41.559+0700] {processor.py:175} INFO - Processing /home/dmk/anaconda3/lib/python3.9/site-packages/airflow/example_dags/example_branch_operator_decorator.py took 0.122 seconds
[2022-12-31T21:15:55.522+0700] {processor.py:153} INFO - Started process (PID=22439) to work on /home/dmk/anaconda3/lib/python3.9/site-packages/airflow/example_dags/example_branch_operator_decorator.py
[2022-12-31T21:15:55.527+0700] {processor.py:743} INFO - Processing file /home/dmk/anaconda3/lib/python3.9/site-packages/airflow/example_dags/example_branch_operator_decorator.py for tasks to queue
[2022-12-31T21:15:55.529+0700] {logging_mixin.py:137} INFO - [2022-12-31T21:15:55.528+0700] {dagbag.py:538} INFO - Filling up the DagBag from /home/dmk/anaconda3/lib/python3.9/site-packages/airflow/example_dags/example_branch_operator_decorator.py
[2022-12-31T21:15:55.572+0700] {processor.py:753} INFO - DAG(s) dict_keys(['example_branch_python_operator_decorator']) retrieved from /home/dmk/anaconda3/lib/python3.9/site-packages/airflow/example_dags/example_branch_operator_decorator.py
[2022-12-31T21:15:55.597+0700] {logging_mixin.py:137} INFO - [2022-12-31T21:15:55.597+0700] {dag.py:2676} INFO - Sync 1 DAGs
[2022-12-31T21:15:55.617+0700] {logging_mixin.py:137} INFO - [2022-12-31T21:15:55.617+0700] {dag.py:3423} INFO - Setting next_dagrun for example_branch_python_operator_decorator to 2022-12-30T00:00:00+00:00, run_after=2022-12-31T00:00:00+00:00
[2022-12-31T21:15:55.638+0700] {processor.py:175} INFO - Processing /home/dmk/anaconda3/lib/python3.9/site-packages/airflow/example_dags/example_branch_operator_decorator.py took 0.124 seconds
[2022-12-31T21:16:41.232+0700] {processor.py:153} INFO - Started process (PID=23234) to work on /home/dmk/anaconda3/lib/python3.9/site-packages/airflow/example_dags/example_branch_operator_decorator.py
[2022-12-31T21:16:41.236+0700] {processor.py:743} INFO - Processing file /home/dmk/anaconda3/lib/python3.9/site-packages/airflow/example_dags/example_branch_operator_decorator.py for tasks to queue
[2022-12-31T21:16:41.238+0700] {logging_mixin.py:137} INFO - [2022-12-31T21:16:41.237+0700] {dagbag.py:538} INFO - Filling up the DagBag from /home/dmk/anaconda3/lib/python3.9/site-packages/airflow/example_dags/example_branch_operator_decorator.py
[2022-12-31T21:16:41.279+0700] {processor.py:753} INFO - DAG(s) dict_keys(['example_branch_python_operator_decorator']) retrieved from /home/dmk/anaconda3/lib/python3.9/site-packages/airflow/example_dags/example_branch_operator_decorator.py
[2022-12-31T21:16:41.311+0700] {logging_mixin.py:137} INFO - [2022-12-31T21:16:41.311+0700] {dag.py:2676} INFO - Sync 1 DAGs
[2022-12-31T21:16:41.333+0700] {logging_mixin.py:137} INFO - [2022-12-31T21:16:41.333+0700] {dag.py:3423} INFO - Setting next_dagrun for example_branch_python_operator_decorator to 2022-12-30T00:00:00+00:00, run_after=2022-12-31T00:00:00+00:00
[2022-12-31T21:16:41.372+0700] {processor.py:175} INFO - Processing /home/dmk/anaconda3/lib/python3.9/site-packages/airflow/example_dags/example_branch_operator_decorator.py took 0.148 seconds
[2022-12-31T21:17:29.140+0700] {processor.py:153} INFO - Started process (PID=23602) to work on /home/dmk/anaconda3/lib/python3.9/site-packages/airflow/example_dags/example_branch_operator_decorator.py
[2022-12-31T21:17:29.143+0700] {processor.py:743} INFO - Processing file /home/dmk/anaconda3/lib/python3.9/site-packages/airflow/example_dags/example_branch_operator_decorator.py for tasks to queue
[2022-12-31T21:17:29.145+0700] {logging_mixin.py:137} INFO - [2022-12-31T21:17:29.145+0700] {dagbag.py:538} INFO - Filling up the DagBag from /home/dmk/anaconda3/lib/python3.9/site-packages/airflow/example_dags/example_branch_operator_decorator.py
[2022-12-31T21:17:29.181+0700] {processor.py:753} INFO - DAG(s) dict_keys(['example_branch_python_operator_decorator']) retrieved from /home/dmk/anaconda3/lib/python3.9/site-packages/airflow/example_dags/example_branch_operator_decorator.py
[2022-12-31T21:17:29.208+0700] {logging_mixin.py:137} INFO - [2022-12-31T21:17:29.208+0700] {dag.py:2676} INFO - Sync 1 DAGs
[2022-12-31T21:17:29.227+0700] {logging_mixin.py:137} INFO - [2022-12-31T21:17:29.226+0700] {dag.py:3423} INFO - Setting next_dagrun for example_branch_python_operator_decorator to 2022-12-30T00:00:00+00:00, run_after=2022-12-31T00:00:00+00:00
[2022-12-31T21:17:29.274+0700] {processor.py:175} INFO - Processing /home/dmk/anaconda3/lib/python3.9/site-packages/airflow/example_dags/example_branch_operator_decorator.py took 0.142 seconds
[2022-12-31T21:19:34.013+0700] {processor.py:153} INFO - Started process (PID=24143) to work on /home/dmk/anaconda3/lib/python3.9/site-packages/airflow/example_dags/example_branch_operator_decorator.py
[2022-12-31T21:19:34.019+0700] {processor.py:743} INFO - Processing file /home/dmk/anaconda3/lib/python3.9/site-packages/airflow/example_dags/example_branch_operator_decorator.py for tasks to queue
[2022-12-31T21:19:34.021+0700] {logging_mixin.py:137} INFO - [2022-12-31T21:19:34.020+0700] {dagbag.py:538} INFO - Filling up the DagBag from /home/dmk/anaconda3/lib/python3.9/site-packages/airflow/example_dags/example_branch_operator_decorator.py
[2022-12-31T21:19:34.062+0700] {processor.py:753} INFO - DAG(s) dict_keys(['example_branch_python_operator_decorator']) retrieved from /home/dmk/anaconda3/lib/python3.9/site-packages/airflow/example_dags/example_branch_operator_decorator.py
[2022-12-31T21:19:34.087+0700] {logging_mixin.py:137} INFO - [2022-12-31T21:19:34.087+0700] {dag.py:2676} INFO - Sync 1 DAGs
[2022-12-31T21:19:34.224+0700] {logging_mixin.py:137} INFO - [2022-12-31T21:19:34.223+0700] {dag.py:3423} INFO - Setting next_dagrun for example_branch_python_operator_decorator to 2022-12-30T00:00:00+00:00, run_after=2022-12-31T00:00:00+00:00
[2022-12-31T21:19:34.260+0700] {processor.py:175} INFO - Processing /home/dmk/anaconda3/lib/python3.9/site-packages/airflow/example_dags/example_branch_operator_decorator.py took 0.257 seconds
[2022-12-31T21:20:39.789+0700] {processor.py:153} INFO - Started process (PID=24464) to work on /home/dmk/anaconda3/lib/python3.9/site-packages/airflow/example_dags/example_branch_operator_decorator.py
[2022-12-31T21:20:39.795+0700] {processor.py:743} INFO - Processing file /home/dmk/anaconda3/lib/python3.9/site-packages/airflow/example_dags/example_branch_operator_decorator.py for tasks to queue
[2022-12-31T21:20:39.798+0700] {logging_mixin.py:137} INFO - [2022-12-31T21:20:39.797+0700] {dagbag.py:538} INFO - Filling up the DagBag from /home/dmk/anaconda3/lib/python3.9/site-packages/airflow/example_dags/example_branch_operator_decorator.py
[2022-12-31T21:20:39.834+0700] {processor.py:753} INFO - DAG(s) dict_keys(['example_branch_python_operator_decorator']) retrieved from /home/dmk/anaconda3/lib/python3.9/site-packages/airflow/example_dags/example_branch_operator_decorator.py
[2022-12-31T21:20:39.953+0700] {logging_mixin.py:137} INFO - [2022-12-31T21:20:39.953+0700] {dag.py:2676} INFO - Sync 1 DAGs
[2022-12-31T21:20:39.970+0700] {logging_mixin.py:137} INFO - [2022-12-31T21:20:39.970+0700] {dag.py:3423} INFO - Setting next_dagrun for example_branch_python_operator_decorator to 2022-12-30T00:00:00+00:00, run_after=2022-12-31T00:00:00+00:00
[2022-12-31T21:20:39.999+0700] {processor.py:175} INFO - Processing /home/dmk/anaconda3/lib/python3.9/site-packages/airflow/example_dags/example_branch_operator_decorator.py took 0.221 seconds
[2022-12-31T21:22:57.415+0700] {processor.py:153} INFO - Started process (PID=25357) to work on /home/dmk/anaconda3/lib/python3.9/site-packages/airflow/example_dags/example_branch_operator_decorator.py
[2022-12-31T21:22:57.419+0700] {processor.py:743} INFO - Processing file /home/dmk/anaconda3/lib/python3.9/site-packages/airflow/example_dags/example_branch_operator_decorator.py for tasks to queue
[2022-12-31T21:22:57.420+0700] {logging_mixin.py:137} INFO - [2022-12-31T21:22:57.420+0700] {dagbag.py:538} INFO - Filling up the DagBag from /home/dmk/anaconda3/lib/python3.9/site-packages/airflow/example_dags/example_branch_operator_decorator.py
[2022-12-31T21:22:57.453+0700] {processor.py:753} INFO - DAG(s) dict_keys(['example_branch_python_operator_decorator']) retrieved from /home/dmk/anaconda3/lib/python3.9/site-packages/airflow/example_dags/example_branch_operator_decorator.py
[2022-12-31T21:22:57.483+0700] {logging_mixin.py:137} INFO - [2022-12-31T21:22:57.482+0700] {dag.py:2676} INFO - Sync 1 DAGs
[2022-12-31T21:22:57.619+0700] {logging_mixin.py:137} INFO - [2022-12-31T21:22:57.618+0700] {dag.py:3423} INFO - Setting next_dagrun for example_branch_python_operator_decorator to 2022-12-30T00:00:00+00:00, run_after=2022-12-31T00:00:00+00:00
[2022-12-31T21:22:57.660+0700] {processor.py:175} INFO - Processing /home/dmk/anaconda3/lib/python3.9/site-packages/airflow/example_dags/example_branch_operator_decorator.py took 0.250 seconds
[2022-12-31T21:24:04.791+0700] {processor.py:153} INFO - Started process (PID=25491) to work on /home/dmk/anaconda3/lib/python3.9/site-packages/airflow/example_dags/example_branch_operator_decorator.py
[2022-12-31T21:24:04.791+0700] {processor.py:743} INFO - Processing file /home/dmk/anaconda3/lib/python3.9/site-packages/airflow/example_dags/example_branch_operator_decorator.py for tasks to queue
[2022-12-31T21:24:04.792+0700] {logging_mixin.py:137} INFO - [2022-12-31T21:24:04.792+0700] {dagbag.py:538} INFO - Filling up the DagBag from /home/dmk/anaconda3/lib/python3.9/site-packages/airflow/example_dags/example_branch_operator_decorator.py
[2022-12-31T21:24:04.815+0700] {processor.py:753} INFO - DAG(s) dict_keys(['example_branch_python_operator_decorator']) retrieved from /home/dmk/anaconda3/lib/python3.9/site-packages/airflow/example_dags/example_branch_operator_decorator.py
[2022-12-31T21:24:04.935+0700] {logging_mixin.py:137} INFO - [2022-12-31T21:24:04.935+0700] {dag.py:2676} INFO - Sync 1 DAGs
[2022-12-31T21:24:04.954+0700] {logging_mixin.py:137} INFO - [2022-12-31T21:24:04.954+0700] {dag.py:3423} INFO - Setting next_dagrun for example_branch_python_operator_decorator to 2022-12-30T00:00:00+00:00, run_after=2022-12-31T00:00:00+00:00
[2022-12-31T21:24:05.000+0700] {processor.py:175} INFO - Processing /home/dmk/anaconda3/lib/python3.9/site-packages/airflow/example_dags/example_branch_operator_decorator.py took 0.212 seconds
[2022-12-31T21:25:04.218+0700] {processor.py:153} INFO - Started process (PID=25733) to work on /home/dmk/anaconda3/lib/python3.9/site-packages/airflow/example_dags/example_branch_operator_decorator.py
[2022-12-31T21:25:04.222+0700] {processor.py:743} INFO - Processing file /home/dmk/anaconda3/lib/python3.9/site-packages/airflow/example_dags/example_branch_operator_decorator.py for tasks to queue
[2022-12-31T21:25:04.223+0700] {logging_mixin.py:137} INFO - [2022-12-31T21:25:04.222+0700] {dagbag.py:538} INFO - Filling up the DagBag from /home/dmk/anaconda3/lib/python3.9/site-packages/airflow/example_dags/example_branch_operator_decorator.py
[2022-12-31T21:25:04.250+0700] {processor.py:753} INFO - DAG(s) dict_keys(['example_branch_python_operator_decorator']) retrieved from /home/dmk/anaconda3/lib/python3.9/site-packages/airflow/example_dags/example_branch_operator_decorator.py
[2022-12-31T21:25:04.373+0700] {logging_mixin.py:137} INFO - [2022-12-31T21:25:04.373+0700] {dag.py:2676} INFO - Sync 1 DAGs
[2022-12-31T21:25:04.389+0700] {logging_mixin.py:137} INFO - [2022-12-31T21:25:04.389+0700] {dag.py:3423} INFO - Setting next_dagrun for example_branch_python_operator_decorator to 2022-12-30T00:00:00+00:00, run_after=2022-12-31T00:00:00+00:00
[2022-12-31T21:25:04.422+0700] {processor.py:175} INFO - Processing /home/dmk/anaconda3/lib/python3.9/site-packages/airflow/example_dags/example_branch_operator_decorator.py took 0.206 seconds
[2022-12-31T21:26:06.684+0700] {processor.py:153} INFO - Started process (PID=25914) to work on /home/dmk/anaconda3/lib/python3.9/site-packages/airflow/example_dags/example_branch_operator_decorator.py
[2022-12-31T21:26:06.687+0700] {processor.py:743} INFO - Processing file /home/dmk/anaconda3/lib/python3.9/site-packages/airflow/example_dags/example_branch_operator_decorator.py for tasks to queue
[2022-12-31T21:26:06.688+0700] {logging_mixin.py:137} INFO - [2022-12-31T21:26:06.688+0700] {dagbag.py:538} INFO - Filling up the DagBag from /home/dmk/anaconda3/lib/python3.9/site-packages/airflow/example_dags/example_branch_operator_decorator.py
[2022-12-31T21:26:06.862+0700] {processor.py:753} INFO - DAG(s) dict_keys(['example_branch_python_operator_decorator']) retrieved from /home/dmk/anaconda3/lib/python3.9/site-packages/airflow/example_dags/example_branch_operator_decorator.py
[2022-12-31T21:26:06.888+0700] {logging_mixin.py:137} INFO - [2022-12-31T21:26:06.888+0700] {dag.py:2676} INFO - Sync 1 DAGs
[2022-12-31T21:26:06.910+0700] {logging_mixin.py:137} INFO - [2022-12-31T21:26:06.910+0700] {dag.py:3423} INFO - Setting next_dagrun for example_branch_python_operator_decorator to 2022-12-30T00:00:00+00:00, run_after=2022-12-31T00:00:00+00:00
[2022-12-31T21:26:06.952+0700] {processor.py:175} INFO - Processing /home/dmk/anaconda3/lib/python3.9/site-packages/airflow/example_dags/example_branch_operator_decorator.py took 0.277 seconds
[2022-12-31T21:27:34.572+0700] {processor.py:153} INFO - Started process (PID=26077) to work on /home/dmk/anaconda3/lib/python3.9/site-packages/airflow/example_dags/example_branch_operator_decorator.py
[2022-12-31T21:27:34.576+0700] {processor.py:743} INFO - Processing file /home/dmk/anaconda3/lib/python3.9/site-packages/airflow/example_dags/example_branch_operator_decorator.py for tasks to queue
[2022-12-31T21:27:34.579+0700] {logging_mixin.py:137} INFO - [2022-12-31T21:27:34.578+0700] {dagbag.py:538} INFO - Filling up the DagBag from /home/dmk/anaconda3/lib/python3.9/site-packages/airflow/example_dags/example_branch_operator_decorator.py
[2022-12-31T21:27:34.649+0700] {processor.py:753} INFO - DAG(s) dict_keys(['example_branch_python_operator_decorator']) retrieved from /home/dmk/anaconda3/lib/python3.9/site-packages/airflow/example_dags/example_branch_operator_decorator.py
[2022-12-31T21:27:34.682+0700] {logging_mixin.py:137} INFO - [2022-12-31T21:27:34.682+0700] {dag.py:2676} INFO - Sync 1 DAGs
[2022-12-31T21:27:34.706+0700] {logging_mixin.py:137} INFO - [2022-12-31T21:27:34.706+0700] {dag.py:3423} INFO - Setting next_dagrun for example_branch_python_operator_decorator to 2022-12-30T00:00:00+00:00, run_after=2022-12-31T00:00:00+00:00
[2022-12-31T21:27:34.760+0700] {processor.py:175} INFO - Processing /home/dmk/anaconda3/lib/python3.9/site-packages/airflow/example_dags/example_branch_operator_decorator.py took 0.199 seconds
[2022-12-31T21:28:25.301+0700] {processor.py:153} INFO - Started process (PID=26164) to work on /home/dmk/anaconda3/lib/python3.9/site-packages/airflow/example_dags/example_branch_operator_decorator.py
[2022-12-31T21:28:25.306+0700] {processor.py:743} INFO - Processing file /home/dmk/anaconda3/lib/python3.9/site-packages/airflow/example_dags/example_branch_operator_decorator.py for tasks to queue
[2022-12-31T21:28:25.309+0700] {logging_mixin.py:137} INFO - [2022-12-31T21:28:25.308+0700] {dagbag.py:538} INFO - Filling up the DagBag from /home/dmk/anaconda3/lib/python3.9/site-packages/airflow/example_dags/example_branch_operator_decorator.py
[2022-12-31T21:28:25.372+0700] {processor.py:753} INFO - DAG(s) dict_keys(['example_branch_python_operator_decorator']) retrieved from /home/dmk/anaconda3/lib/python3.9/site-packages/airflow/example_dags/example_branch_operator_decorator.py
[2022-12-31T21:28:25.403+0700] {logging_mixin.py:137} INFO - [2022-12-31T21:28:25.403+0700] {dag.py:2676} INFO - Sync 1 DAGs
[2022-12-31T21:28:25.424+0700] {logging_mixin.py:137} INFO - [2022-12-31T21:28:25.424+0700] {dag.py:3423} INFO - Setting next_dagrun for example_branch_python_operator_decorator to 2022-12-30T00:00:00+00:00, run_after=2022-12-31T00:00:00+00:00
[2022-12-31T21:28:25.457+0700] {processor.py:175} INFO - Processing /home/dmk/anaconda3/lib/python3.9/site-packages/airflow/example_dags/example_branch_operator_decorator.py took 0.165 seconds
[2022-12-31T21:29:27.335+0700] {processor.py:153} INFO - Started process (PID=26302) to work on /home/dmk/anaconda3/lib/python3.9/site-packages/airflow/example_dags/example_branch_operator_decorator.py
[2022-12-31T21:29:27.339+0700] {processor.py:743} INFO - Processing file /home/dmk/anaconda3/lib/python3.9/site-packages/airflow/example_dags/example_branch_operator_decorator.py for tasks to queue
[2022-12-31T21:29:27.340+0700] {logging_mixin.py:137} INFO - [2022-12-31T21:29:27.340+0700] {dagbag.py:538} INFO - Filling up the DagBag from /home/dmk/anaconda3/lib/python3.9/site-packages/airflow/example_dags/example_branch_operator_decorator.py
[2022-12-31T21:29:27.380+0700] {processor.py:753} INFO - DAG(s) dict_keys(['example_branch_python_operator_decorator']) retrieved from /home/dmk/anaconda3/lib/python3.9/site-packages/airflow/example_dags/example_branch_operator_decorator.py
[2022-12-31T21:29:27.413+0700] {logging_mixin.py:137} INFO - [2022-12-31T21:29:27.413+0700] {dag.py:2676} INFO - Sync 1 DAGs
[2022-12-31T21:29:27.438+0700] {logging_mixin.py:137} INFO - [2022-12-31T21:29:27.437+0700] {dag.py:3423} INFO - Setting next_dagrun for example_branch_python_operator_decorator to 2022-12-30T00:00:00+00:00, run_after=2022-12-31T00:00:00+00:00
[2022-12-31T21:29:27.469+0700] {processor.py:175} INFO - Processing /home/dmk/anaconda3/lib/python3.9/site-packages/airflow/example_dags/example_branch_operator_decorator.py took 0.140 seconds
[2022-12-31T21:30:57.924+0700] {processor.py:153} INFO - Started process (PID=26514) to work on /home/dmk/anaconda3/lib/python3.9/site-packages/airflow/example_dags/example_branch_operator_decorator.py
[2022-12-31T21:30:57.930+0700] {processor.py:743} INFO - Processing file /home/dmk/anaconda3/lib/python3.9/site-packages/airflow/example_dags/example_branch_operator_decorator.py for tasks to queue
[2022-12-31T21:30:57.932+0700] {logging_mixin.py:137} INFO - [2022-12-31T21:30:57.932+0700] {dagbag.py:538} INFO - Filling up the DagBag from /home/dmk/anaconda3/lib/python3.9/site-packages/airflow/example_dags/example_branch_operator_decorator.py
[2022-12-31T21:30:58.014+0700] {processor.py:753} INFO - DAG(s) dict_keys(['example_branch_python_operator_decorator']) retrieved from /home/dmk/anaconda3/lib/python3.9/site-packages/airflow/example_dags/example_branch_operator_decorator.py
[2022-12-31T21:30:58.048+0700] {logging_mixin.py:137} INFO - [2022-12-31T21:30:58.048+0700] {dag.py:2676} INFO - Sync 1 DAGs
[2022-12-31T21:30:58.073+0700] {logging_mixin.py:137} INFO - [2022-12-31T21:30:58.073+0700] {dag.py:3423} INFO - Setting next_dagrun for example_branch_python_operator_decorator to 2022-12-30T00:00:00+00:00, run_after=2022-12-31T00:00:00+00:00
[2022-12-31T21:30:58.112+0700] {processor.py:175} INFO - Processing /home/dmk/anaconda3/lib/python3.9/site-packages/airflow/example_dags/example_branch_operator_decorator.py took 0.202 seconds
[2022-12-31T21:32:04.298+0700] {processor.py:153} INFO - Started process (PID=26626) to work on /home/dmk/anaconda3/lib/python3.9/site-packages/airflow/example_dags/example_branch_operator_decorator.py
[2022-12-31T21:32:04.305+0700] {processor.py:743} INFO - Processing file /home/dmk/anaconda3/lib/python3.9/site-packages/airflow/example_dags/example_branch_operator_decorator.py for tasks to queue
[2022-12-31T21:32:04.309+0700] {logging_mixin.py:137} INFO - [2022-12-31T21:32:04.308+0700] {dagbag.py:538} INFO - Filling up the DagBag from /home/dmk/anaconda3/lib/python3.9/site-packages/airflow/example_dags/example_branch_operator_decorator.py
[2022-12-31T21:32:04.392+0700] {processor.py:753} INFO - DAG(s) dict_keys(['example_branch_python_operator_decorator']) retrieved from /home/dmk/anaconda3/lib/python3.9/site-packages/airflow/example_dags/example_branch_operator_decorator.py
[2022-12-31T21:32:04.426+0700] {logging_mixin.py:137} INFO - [2022-12-31T21:32:04.426+0700] {dag.py:2676} INFO - Sync 1 DAGs
[2022-12-31T21:32:04.448+0700] {logging_mixin.py:137} INFO - [2022-12-31T21:32:04.448+0700] {dag.py:3423} INFO - Setting next_dagrun for example_branch_python_operator_decorator to 2022-12-30T00:00:00+00:00, run_after=2022-12-31T00:00:00+00:00
[2022-12-31T21:32:04.482+0700] {processor.py:175} INFO - Processing /home/dmk/anaconda3/lib/python3.9/site-packages/airflow/example_dags/example_branch_operator_decorator.py took 0.195 seconds
[2022-12-31T21:33:24.703+0700] {processor.py:153} INFO - Started process (PID=26791) to work on /home/dmk/anaconda3/lib/python3.9/site-packages/airflow/example_dags/example_branch_operator_decorator.py
[2022-12-31T21:33:24.708+0700] {processor.py:743} INFO - Processing file /home/dmk/anaconda3/lib/python3.9/site-packages/airflow/example_dags/example_branch_operator_decorator.py for tasks to queue
[2022-12-31T21:33:24.712+0700] {logging_mixin.py:137} INFO - [2022-12-31T21:33:24.711+0700] {dagbag.py:538} INFO - Filling up the DagBag from /home/dmk/anaconda3/lib/python3.9/site-packages/airflow/example_dags/example_branch_operator_decorator.py
[2022-12-31T21:33:24.812+0700] {processor.py:753} INFO - DAG(s) dict_keys(['example_branch_python_operator_decorator']) retrieved from /home/dmk/anaconda3/lib/python3.9/site-packages/airflow/example_dags/example_branch_operator_decorator.py
[2022-12-31T21:33:24.848+0700] {logging_mixin.py:137} INFO - [2022-12-31T21:33:24.848+0700] {dag.py:2676} INFO - Sync 1 DAGs
[2022-12-31T21:33:24.870+0700] {logging_mixin.py:137} INFO - [2022-12-31T21:33:24.869+0700] {dag.py:3423} INFO - Setting next_dagrun for example_branch_python_operator_decorator to 2022-12-30T00:00:00+00:00, run_after=2022-12-31T00:00:00+00:00
[2022-12-31T21:33:24.903+0700] {processor.py:175} INFO - Processing /home/dmk/anaconda3/lib/python3.9/site-packages/airflow/example_dags/example_branch_operator_decorator.py took 0.211 seconds
[2022-12-31T21:35:05.447+0700] {processor.py:153} INFO - Started process (PID=27703) to work on /home/dmk/anaconda3/lib/python3.9/site-packages/airflow/example_dags/example_branch_operator_decorator.py
[2022-12-31T21:35:05.451+0700] {processor.py:743} INFO - Processing file /home/dmk/anaconda3/lib/python3.9/site-packages/airflow/example_dags/example_branch_operator_decorator.py for tasks to queue
[2022-12-31T21:35:05.452+0700] {logging_mixin.py:137} INFO - [2022-12-31T21:35:05.452+0700] {dagbag.py:538} INFO - Filling up the DagBag from /home/dmk/anaconda3/lib/python3.9/site-packages/airflow/example_dags/example_branch_operator_decorator.py
[2022-12-31T21:35:05.477+0700] {processor.py:753} INFO - DAG(s) dict_keys(['example_branch_python_operator_decorator']) retrieved from /home/dmk/anaconda3/lib/python3.9/site-packages/airflow/example_dags/example_branch_operator_decorator.py
[2022-12-31T21:35:05.503+0700] {logging_mixin.py:137} INFO - [2022-12-31T21:35:05.503+0700] {dag.py:2676} INFO - Sync 1 DAGs
[2022-12-31T21:35:05.623+0700] {logging_mixin.py:137} INFO - [2022-12-31T21:35:05.623+0700] {dag.py:3423} INFO - Setting next_dagrun for example_branch_python_operator_decorator to 2022-12-30T00:00:00+00:00, run_after=2022-12-31T00:00:00+00:00
[2022-12-31T21:35:05.653+0700] {processor.py:175} INFO - Processing /home/dmk/anaconda3/lib/python3.9/site-packages/airflow/example_dags/example_branch_operator_decorator.py took 0.210 seconds
[2022-12-31T21:38:41.961+0700] {processor.py:153} INFO - Started process (PID=28985) to work on /home/dmk/anaconda3/lib/python3.9/site-packages/airflow/example_dags/example_branch_operator_decorator.py
[2022-12-31T21:38:41.963+0700] {processor.py:743} INFO - Processing file /home/dmk/anaconda3/lib/python3.9/site-packages/airflow/example_dags/example_branch_operator_decorator.py for tasks to queue
[2022-12-31T21:38:41.964+0700] {logging_mixin.py:137} INFO - [2022-12-31T21:38:41.964+0700] {dagbag.py:538} INFO - Filling up the DagBag from /home/dmk/anaconda3/lib/python3.9/site-packages/airflow/example_dags/example_branch_operator_decorator.py
[2022-12-31T21:38:41.997+0700] {processor.py:753} INFO - DAG(s) dict_keys(['example_branch_python_operator_decorator']) retrieved from /home/dmk/anaconda3/lib/python3.9/site-packages/airflow/example_dags/example_branch_operator_decorator.py
[2022-12-31T21:38:42.219+0700] {logging_mixin.py:137} INFO - [2022-12-31T21:38:42.219+0700] {manager.py:504} INFO - Created Permission View: can delete on DAG:example_branch_python_operator_decorator
[2022-12-31T21:38:42.243+0700] {logging_mixin.py:137} INFO - [2022-12-31T21:38:42.243+0700] {manager.py:504} INFO - Created Permission View: can read on DAG:example_branch_python_operator_decorator
[2022-12-31T21:38:42.265+0700] {logging_mixin.py:137} INFO - [2022-12-31T21:38:42.264+0700] {manager.py:504} INFO - Created Permission View: can edit on DAG:example_branch_python_operator_decorator
[2022-12-31T21:38:42.265+0700] {logging_mixin.py:137} INFO - [2022-12-31T21:38:42.265+0700] {dag.py:2676} INFO - Sync 1 DAGs
[2022-12-31T21:38:42.276+0700] {logging_mixin.py:137} INFO - [2022-12-31T21:38:42.276+0700] {dag.py:2697} INFO - Creating ORM DAG for example_branch_python_operator_decorator
[2022-12-31T21:38:42.290+0700] {logging_mixin.py:137} INFO - [2022-12-31T21:38:42.290+0700] {dag.py:3423} INFO - Setting next_dagrun for example_branch_python_operator_decorator to 2022-12-30T00:00:00+00:00, run_after=2022-12-31T00:00:00+00:00
[2022-12-31T21:38:42.323+0700] {processor.py:175} INFO - Processing /home/dmk/anaconda3/lib/python3.9/site-packages/airflow/example_dags/example_branch_operator_decorator.py took 0.367 seconds
[2022-12-31T21:39:52.471+0700] {processor.py:153} INFO - Started process (PID=29236) to work on /home/dmk/anaconda3/lib/python3.9/site-packages/airflow/example_dags/example_branch_operator_decorator.py
[2022-12-31T21:39:52.474+0700] {processor.py:743} INFO - Processing file /home/dmk/anaconda3/lib/python3.9/site-packages/airflow/example_dags/example_branch_operator_decorator.py for tasks to queue
[2022-12-31T21:39:52.476+0700] {logging_mixin.py:137} INFO - [2022-12-31T21:39:52.475+0700] {dagbag.py:538} INFO - Filling up the DagBag from /home/dmk/anaconda3/lib/python3.9/site-packages/airflow/example_dags/example_branch_operator_decorator.py
[2022-12-31T21:39:52.506+0700] {processor.py:753} INFO - DAG(s) dict_keys(['example_branch_python_operator_decorator']) retrieved from /home/dmk/anaconda3/lib/python3.9/site-packages/airflow/example_dags/example_branch_operator_decorator.py
[2022-12-31T21:39:52.634+0700] {logging_mixin.py:137} INFO - [2022-12-31T21:39:52.633+0700] {dag.py:2676} INFO - Sync 1 DAGs
[2022-12-31T21:39:52.653+0700] {logging_mixin.py:137} INFO - [2022-12-31T21:39:52.653+0700] {dag.py:3423} INFO - Setting next_dagrun for example_branch_python_operator_decorator to 2022-12-30T00:00:00+00:00, run_after=2022-12-31T00:00:00+00:00
[2022-12-31T21:39:52.685+0700] {processor.py:175} INFO - Processing /home/dmk/anaconda3/lib/python3.9/site-packages/airflow/example_dags/example_branch_operator_decorator.py took 0.221 seconds
[2022-12-31T21:41:01.876+0700] {processor.py:153} INFO - Started process (PID=29502) to work on /home/dmk/anaconda3/lib/python3.9/site-packages/airflow/example_dags/example_branch_operator_decorator.py
[2022-12-31T21:41:01.880+0700] {processor.py:743} INFO - Processing file /home/dmk/anaconda3/lib/python3.9/site-packages/airflow/example_dags/example_branch_operator_decorator.py for tasks to queue
[2022-12-31T21:41:01.882+0700] {logging_mixin.py:137} INFO - [2022-12-31T21:41:01.882+0700] {dagbag.py:538} INFO - Filling up the DagBag from /home/dmk/anaconda3/lib/python3.9/site-packages/airflow/example_dags/example_branch_operator_decorator.py
[2022-12-31T21:41:01.926+0700] {processor.py:753} INFO - DAG(s) dict_keys(['example_branch_python_operator_decorator']) retrieved from /home/dmk/anaconda3/lib/python3.9/site-packages/airflow/example_dags/example_branch_operator_decorator.py
[2022-12-31T21:41:02.044+0700] {logging_mixin.py:137} INFO - [2022-12-31T21:41:02.044+0700] {dag.py:2676} INFO - Sync 1 DAGs
[2022-12-31T21:41:02.061+0700] {logging_mixin.py:137} INFO - [2022-12-31T21:41:02.061+0700] {dag.py:3423} INFO - Setting next_dagrun for example_branch_python_operator_decorator to 2022-12-30T00:00:00+00:00, run_after=2022-12-31T00:00:00+00:00
[2022-12-31T21:41:02.094+0700] {processor.py:175} INFO - Processing /home/dmk/anaconda3/lib/python3.9/site-packages/airflow/example_dags/example_branch_operator_decorator.py took 0.221 seconds
[2022-12-31T21:42:37.840+0700] {processor.py:153} INFO - Started process (PID=29860) to work on /home/dmk/anaconda3/lib/python3.9/site-packages/airflow/example_dags/example_branch_operator_decorator.py
[2022-12-31T21:42:37.843+0700] {processor.py:743} INFO - Processing file /home/dmk/anaconda3/lib/python3.9/site-packages/airflow/example_dags/example_branch_operator_decorator.py for tasks to queue
[2022-12-31T21:42:37.844+0700] {logging_mixin.py:137} INFO - [2022-12-31T21:42:37.844+0700] {dagbag.py:538} INFO - Filling up the DagBag from /home/dmk/anaconda3/lib/python3.9/site-packages/airflow/example_dags/example_branch_operator_decorator.py
[2022-12-31T21:42:37.905+0700] {processor.py:753} INFO - DAG(s) dict_keys(['example_branch_python_operator_decorator']) retrieved from /home/dmk/anaconda3/lib/python3.9/site-packages/airflow/example_dags/example_branch_operator_decorator.py
[2022-12-31T21:42:37.934+0700] {logging_mixin.py:137} INFO - [2022-12-31T21:42:37.934+0700] {dag.py:2676} INFO - Sync 1 DAGs
[2022-12-31T21:42:38.054+0700] {logging_mixin.py:137} INFO - [2022-12-31T21:42:38.054+0700] {dag.py:3423} INFO - Setting next_dagrun for example_branch_python_operator_decorator to 2022-12-30T00:00:00+00:00, run_after=2022-12-31T00:00:00+00:00
[2022-12-31T21:42:38.083+0700] {processor.py:175} INFO - Processing /home/dmk/anaconda3/lib/python3.9/site-packages/airflow/example_dags/example_branch_operator_decorator.py took 0.251 seconds
[2022-12-31T21:43:37.123+0700] {processor.py:153} INFO - Started process (PID=30195) to work on /home/dmk/anaconda3/lib/python3.9/site-packages/airflow/example_dags/example_branch_operator_decorator.py
[2022-12-31T21:43:37.127+0700] {processor.py:743} INFO - Processing file /home/dmk/anaconda3/lib/python3.9/site-packages/airflow/example_dags/example_branch_operator_decorator.py for tasks to queue
[2022-12-31T21:43:37.128+0700] {logging_mixin.py:137} INFO - [2022-12-31T21:43:37.127+0700] {dagbag.py:538} INFO - Filling up the DagBag from /home/dmk/anaconda3/lib/python3.9/site-packages/airflow/example_dags/example_branch_operator_decorator.py
[2022-12-31T21:43:37.152+0700] {processor.py:753} INFO - DAG(s) dict_keys(['example_branch_python_operator_decorator']) retrieved from /home/dmk/anaconda3/lib/python3.9/site-packages/airflow/example_dags/example_branch_operator_decorator.py
[2022-12-31T21:43:37.272+0700] {logging_mixin.py:137} INFO - [2022-12-31T21:43:37.272+0700] {dag.py:2676} INFO - Sync 1 DAGs
[2022-12-31T21:43:37.289+0700] {logging_mixin.py:137} INFO - [2022-12-31T21:43:37.289+0700] {dag.py:3423} INFO - Setting next_dagrun for example_branch_python_operator_decorator to 2022-12-30T00:00:00+00:00, run_after=2022-12-31T00:00:00+00:00
[2022-12-31T21:43:37.324+0700] {processor.py:175} INFO - Processing /home/dmk/anaconda3/lib/python3.9/site-packages/airflow/example_dags/example_branch_operator_decorator.py took 0.203 seconds
[2022-12-31T22:23:35.129+0700] {processor.py:153} INFO - Started process (PID=47764) to work on /home/dmk/anaconda3/lib/python3.9/site-packages/airflow/example_dags/example_branch_operator_decorator.py
[2022-12-31T22:23:35.134+0700] {processor.py:743} INFO - Processing file /home/dmk/anaconda3/lib/python3.9/site-packages/airflow/example_dags/example_branch_operator_decorator.py for tasks to queue
[2022-12-31T22:23:35.138+0700] {logging_mixin.py:137} INFO - [2022-12-31T22:23:35.137+0700] {dagbag.py:538} INFO - Filling up the DagBag from /home/dmk/anaconda3/lib/python3.9/site-packages/airflow/example_dags/example_branch_operator_decorator.py
[2022-12-31T22:23:35.185+0700] {processor.py:753} INFO - DAG(s) dict_keys(['example_branch_python_operator_decorator']) retrieved from /home/dmk/anaconda3/lib/python3.9/site-packages/airflow/example_dags/example_branch_operator_decorator.py
[2022-12-31T22:23:35.217+0700] {logging_mixin.py:137} INFO - [2022-12-31T22:23:35.216+0700] {dag.py:2676} INFO - Sync 1 DAGs
[2022-12-31T22:23:35.345+0700] {logging_mixin.py:137} INFO - [2022-12-31T22:23:35.344+0700] {dag.py:3423} INFO - Setting next_dagrun for example_branch_python_operator_decorator to 2022-12-30T00:00:00+00:00, run_after=2022-12-31T00:00:00+00:00
[2022-12-31T22:23:35.394+0700] {processor.py:175} INFO - Processing /home/dmk/anaconda3/lib/python3.9/site-packages/airflow/example_dags/example_branch_operator_decorator.py took 0.278 seconds
[2022-12-31T22:24:43.888+0700] {processor.py:153} INFO - Started process (PID=48493) to work on /home/dmk/anaconda3/lib/python3.9/site-packages/airflow/example_dags/example_branch_operator_decorator.py
[2022-12-31T22:24:43.890+0700] {processor.py:743} INFO - Processing file /home/dmk/anaconda3/lib/python3.9/site-packages/airflow/example_dags/example_branch_operator_decorator.py for tasks to queue
[2022-12-31T22:24:43.891+0700] {logging_mixin.py:137} INFO - [2022-12-31T22:24:43.891+0700] {dagbag.py:538} INFO - Filling up the DagBag from /home/dmk/anaconda3/lib/python3.9/site-packages/airflow/example_dags/example_branch_operator_decorator.py
[2022-12-31T22:24:43.924+0700] {processor.py:753} INFO - DAG(s) dict_keys(['example_branch_python_operator_decorator']) retrieved from /home/dmk/anaconda3/lib/python3.9/site-packages/airflow/example_dags/example_branch_operator_decorator.py
[2022-12-31T22:24:44.085+0700] {logging_mixin.py:137} INFO - [2022-12-31T22:24:44.085+0700] {dag.py:2676} INFO - Sync 1 DAGs
[2022-12-31T22:24:44.107+0700] {logging_mixin.py:137} INFO - [2022-12-31T22:24:44.107+0700] {dag.py:3423} INFO - Setting next_dagrun for example_branch_python_operator_decorator to 2022-12-30T00:00:00+00:00, run_after=2022-12-31T00:00:00+00:00
[2022-12-31T22:24:44.146+0700] {processor.py:175} INFO - Processing /home/dmk/anaconda3/lib/python3.9/site-packages/airflow/example_dags/example_branch_operator_decorator.py took 0.261 seconds
[2022-12-31T22:25:46.885+0700] {processor.py:153} INFO - Started process (PID=49577) to work on /home/dmk/anaconda3/envs/airflow/lib/python3.7/site-packages/airflow/example_dags/example_branch_operator_decorator.py
[2022-12-31T22:25:46.889+0700] {processor.py:743} INFO - Processing file /home/dmk/anaconda3/envs/airflow/lib/python3.7/site-packages/airflow/example_dags/example_branch_operator_decorator.py for tasks to queue
[2022-12-31T22:25:46.890+0700] {logging_mixin.py:137} INFO - [2022-12-31T22:25:46.890+0700] {dagbag.py:538} INFO - Filling up the DagBag from /home/dmk/anaconda3/envs/airflow/lib/python3.7/site-packages/airflow/example_dags/example_branch_operator_decorator.py
[2022-12-31T22:25:46.924+0700] {processor.py:753} INFO - DAG(s) dict_keys(['example_branch_python_operator_decorator']) retrieved from /home/dmk/anaconda3/envs/airflow/lib/python3.7/site-packages/airflow/example_dags/example_branch_operator_decorator.py
[2022-12-31T22:25:47.094+0700] {logging_mixin.py:137} INFO - [2022-12-31T22:25:47.094+0700] {dag.py:2676} INFO - Sync 1 DAGs
[2022-12-31T22:25:47.115+0700] {logging_mixin.py:137} INFO - [2022-12-31T22:25:47.115+0700] {dag.py:3427} INFO - Setting next_dagrun for example_branch_python_operator_decorator to 2022-12-30T00:00:00+00:00, run_after=2022-12-31T00:00:00+00:00
[2022-12-31T22:25:47.148+0700] {processor.py:175} INFO - Processing /home/dmk/anaconda3/envs/airflow/lib/python3.7/site-packages/airflow/example_dags/example_branch_operator_decorator.py took 0.268 seconds
[2022-12-31T22:26:37.214+0700] {processor.py:153} INFO - Started process (PID=49846) to work on /home/dmk/anaconda3/envs/airflow/lib/python3.7/site-packages/airflow/example_dags/example_branch_operator_decorator.py
[2022-12-31T22:26:37.216+0700] {processor.py:743} INFO - Processing file /home/dmk/anaconda3/envs/airflow/lib/python3.7/site-packages/airflow/example_dags/example_branch_operator_decorator.py for tasks to queue
[2022-12-31T22:26:37.217+0700] {logging_mixin.py:137} INFO - [2022-12-31T22:26:37.217+0700] {dagbag.py:538} INFO - Filling up the DagBag from /home/dmk/anaconda3/envs/airflow/lib/python3.7/site-packages/airflow/example_dags/example_branch_operator_decorator.py
[2022-12-31T22:26:37.245+0700] {processor.py:753} INFO - DAG(s) dict_keys(['example_branch_python_operator_decorator']) retrieved from /home/dmk/anaconda3/envs/airflow/lib/python3.7/site-packages/airflow/example_dags/example_branch_operator_decorator.py
[2022-12-31T22:26:37.373+0700] {logging_mixin.py:137} INFO - [2022-12-31T22:26:37.373+0700] {dag.py:2676} INFO - Sync 1 DAGs
[2022-12-31T22:26:37.393+0700] {logging_mixin.py:137} INFO - [2022-12-31T22:26:37.393+0700] {dag.py:3427} INFO - Setting next_dagrun for example_branch_python_operator_decorator to 2022-12-30T00:00:00+00:00, run_after=2022-12-31T00:00:00+00:00
[2022-12-31T22:26:37.431+0700] {processor.py:175} INFO - Processing /home/dmk/anaconda3/envs/airflow/lib/python3.7/site-packages/airflow/example_dags/example_branch_operator_decorator.py took 0.223 seconds
[2022-12-31T22:27:26.017+0700] {processor.py:153} INFO - Started process (PID=50203) to work on /home/dmk/anaconda3/envs/airflow/lib/python3.7/site-packages/airflow/example_dags/example_branch_operator_decorator.py
[2022-12-31T22:27:26.021+0700] {processor.py:743} INFO - Processing file /home/dmk/anaconda3/envs/airflow/lib/python3.7/site-packages/airflow/example_dags/example_branch_operator_decorator.py for tasks to queue
[2022-12-31T22:27:26.023+0700] {logging_mixin.py:137} INFO - [2022-12-31T22:27:26.022+0700] {dagbag.py:538} INFO - Filling up the DagBag from /home/dmk/anaconda3/envs/airflow/lib/python3.7/site-packages/airflow/example_dags/example_branch_operator_decorator.py
[2022-12-31T22:27:26.179+0700] {processor.py:753} INFO - DAG(s) dict_keys(['example_branch_python_operator_decorator']) retrieved from /home/dmk/anaconda3/envs/airflow/lib/python3.7/site-packages/airflow/example_dags/example_branch_operator_decorator.py
[2022-12-31T22:27:26.204+0700] {logging_mixin.py:137} INFO - [2022-12-31T22:27:26.204+0700] {dag.py:2676} INFO - Sync 1 DAGs
[2022-12-31T22:27:26.228+0700] {logging_mixin.py:137} INFO - [2022-12-31T22:27:26.228+0700] {dag.py:3427} INFO - Setting next_dagrun for example_branch_python_operator_decorator to 2022-12-30T00:00:00+00:00, run_after=2022-12-31T00:00:00+00:00
[2022-12-31T22:27:26.259+0700] {processor.py:175} INFO - Processing /home/dmk/anaconda3/envs/airflow/lib/python3.7/site-packages/airflow/example_dags/example_branch_operator_decorator.py took 0.247 seconds
[2022-12-31T22:28:17.663+0700] {processor.py:153} INFO - Started process (PID=50574) to work on /home/dmk/anaconda3/envs/airflow/lib/python3.7/site-packages/airflow/example_dags/example_branch_operator_decorator.py
[2022-12-31T22:28:17.669+0700] {processor.py:743} INFO - Processing file /home/dmk/anaconda3/envs/airflow/lib/python3.7/site-packages/airflow/example_dags/example_branch_operator_decorator.py for tasks to queue
[2022-12-31T22:28:17.671+0700] {logging_mixin.py:137} INFO - [2022-12-31T22:28:17.671+0700] {dagbag.py:538} INFO - Filling up the DagBag from /home/dmk/anaconda3/envs/airflow/lib/python3.7/site-packages/airflow/example_dags/example_branch_operator_decorator.py
[2022-12-31T22:28:17.831+0700] {processor.py:753} INFO - DAG(s) dict_keys(['example_branch_python_operator_decorator']) retrieved from /home/dmk/anaconda3/envs/airflow/lib/python3.7/site-packages/airflow/example_dags/example_branch_operator_decorator.py
[2022-12-31T22:28:17.850+0700] {logging_mixin.py:137} INFO - [2022-12-31T22:28:17.850+0700] {dag.py:2676} INFO - Sync 1 DAGs
[2022-12-31T22:28:17.885+0700] {logging_mixin.py:137} INFO - [2022-12-31T22:28:17.885+0700] {dag.py:3427} INFO - Setting next_dagrun for example_branch_python_operator_decorator to 2022-12-30T00:00:00+00:00, run_after=2022-12-31T00:00:00+00:00
[2022-12-31T22:28:17.921+0700] {processor.py:175} INFO - Processing /home/dmk/anaconda3/envs/airflow/lib/python3.7/site-packages/airflow/example_dags/example_branch_operator_decorator.py took 0.268 seconds
[2022-12-31T22:29:05.070+0700] {processor.py:153} INFO - Started process (PID=50660) to work on /home/dmk/anaconda3/envs/airflow/lib/python3.7/site-packages/airflow/example_dags/example_branch_operator_decorator.py
[2022-12-31T22:29:05.074+0700] {processor.py:743} INFO - Processing file /home/dmk/anaconda3/envs/airflow/lib/python3.7/site-packages/airflow/example_dags/example_branch_operator_decorator.py for tasks to queue
[2022-12-31T22:29:05.075+0700] {logging_mixin.py:137} INFO - [2022-12-31T22:29:05.075+0700] {dagbag.py:538} INFO - Filling up the DagBag from /home/dmk/anaconda3/envs/airflow/lib/python3.7/site-packages/airflow/example_dags/example_branch_operator_decorator.py
[2022-12-31T22:29:05.100+0700] {processor.py:753} INFO - DAG(s) dict_keys(['example_branch_python_operator_decorator']) retrieved from /home/dmk/anaconda3/envs/airflow/lib/python3.7/site-packages/airflow/example_dags/example_branch_operator_decorator.py
[2022-12-31T22:29:05.122+0700] {logging_mixin.py:137} INFO - [2022-12-31T22:29:05.122+0700] {dag.py:2676} INFO - Sync 1 DAGs
[2022-12-31T22:29:05.146+0700] {logging_mixin.py:137} INFO - [2022-12-31T22:29:05.145+0700] {dag.py:3427} INFO - Setting next_dagrun for example_branch_python_operator_decorator to 2022-12-30T00:00:00+00:00, run_after=2022-12-31T00:00:00+00:00
[2022-12-31T22:29:05.176+0700] {processor.py:175} INFO - Processing /home/dmk/anaconda3/envs/airflow/lib/python3.7/site-packages/airflow/example_dags/example_branch_operator_decorator.py took 0.109 seconds
[2022-12-31T22:29:51.372+0700] {processor.py:153} INFO - Started process (PID=51271) to work on /home/dmk/anaconda3/envs/airflow/lib/python3.7/site-packages/airflow/example_dags/example_branch_operator_decorator.py
[2022-12-31T22:29:51.375+0700] {processor.py:743} INFO - Processing file /home/dmk/anaconda3/envs/airflow/lib/python3.7/site-packages/airflow/example_dags/example_branch_operator_decorator.py for tasks to queue
[2022-12-31T22:29:51.376+0700] {logging_mixin.py:137} INFO - [2022-12-31T22:29:51.376+0700] {dagbag.py:538} INFO - Filling up the DagBag from /home/dmk/anaconda3/envs/airflow/lib/python3.7/site-packages/airflow/example_dags/example_branch_operator_decorator.py
[2022-12-31T22:29:51.412+0700] {processor.py:753} INFO - DAG(s) dict_keys(['example_branch_python_operator_decorator']) retrieved from /home/dmk/anaconda3/envs/airflow/lib/python3.7/site-packages/airflow/example_dags/example_branch_operator_decorator.py
[2022-12-31T22:29:51.435+0700] {logging_mixin.py:137} INFO - [2022-12-31T22:29:51.434+0700] {dag.py:2676} INFO - Sync 1 DAGs
[2022-12-31T22:29:51.457+0700] {logging_mixin.py:137} INFO - [2022-12-31T22:29:51.457+0700] {dag.py:3427} INFO - Setting next_dagrun for example_branch_python_operator_decorator to 2022-12-30T00:00:00+00:00, run_after=2022-12-31T00:00:00+00:00
[2022-12-31T22:29:51.493+0700] {processor.py:175} INFO - Processing /home/dmk/anaconda3/envs/airflow/lib/python3.7/site-packages/airflow/example_dags/example_branch_operator_decorator.py took 0.126 seconds
[2022-12-31T22:30:38.941+0700] {processor.py:153} INFO - Started process (PID=51587) to work on /home/dmk/anaconda3/envs/airflow/lib/python3.7/site-packages/airflow/example_dags/example_branch_operator_decorator.py
[2022-12-31T22:30:38.945+0700] {processor.py:743} INFO - Processing file /home/dmk/anaconda3/envs/airflow/lib/python3.7/site-packages/airflow/example_dags/example_branch_operator_decorator.py for tasks to queue
[2022-12-31T22:30:38.946+0700] {logging_mixin.py:137} INFO - [2022-12-31T22:30:38.946+0700] {dagbag.py:538} INFO - Filling up the DagBag from /home/dmk/anaconda3/envs/airflow/lib/python3.7/site-packages/airflow/example_dags/example_branch_operator_decorator.py
[2022-12-31T22:30:38.973+0700] {processor.py:753} INFO - DAG(s) dict_keys(['example_branch_python_operator_decorator']) retrieved from /home/dmk/anaconda3/envs/airflow/lib/python3.7/site-packages/airflow/example_dags/example_branch_operator_decorator.py
[2022-12-31T22:30:38.995+0700] {logging_mixin.py:137} INFO - [2022-12-31T22:30:38.994+0700] {dag.py:2676} INFO - Sync 1 DAGs
[2022-12-31T22:30:39.019+0700] {logging_mixin.py:137} INFO - [2022-12-31T22:30:39.018+0700] {dag.py:3427} INFO - Setting next_dagrun for example_branch_python_operator_decorator to 2022-12-30T00:00:00+00:00, run_after=2022-12-31T00:00:00+00:00
[2022-12-31T22:30:39.049+0700] {processor.py:175} INFO - Processing /home/dmk/anaconda3/envs/airflow/lib/python3.7/site-packages/airflow/example_dags/example_branch_operator_decorator.py took 0.113 seconds
[2022-12-31T22:31:26.664+0700] {processor.py:153} INFO - Started process (PID=51762) to work on /home/dmk/anaconda3/envs/airflow/lib/python3.7/site-packages/airflow/example_dags/example_branch_operator_decorator.py
[2022-12-31T22:31:26.666+0700] {processor.py:743} INFO - Processing file /home/dmk/anaconda3/envs/airflow/lib/python3.7/site-packages/airflow/example_dags/example_branch_operator_decorator.py for tasks to queue
[2022-12-31T22:31:26.667+0700] {logging_mixin.py:137} INFO - [2022-12-31T22:31:26.667+0700] {dagbag.py:538} INFO - Filling up the DagBag from /home/dmk/anaconda3/envs/airflow/lib/python3.7/site-packages/airflow/example_dags/example_branch_operator_decorator.py
[2022-12-31T22:31:26.699+0700] {processor.py:753} INFO - DAG(s) dict_keys(['example_branch_python_operator_decorator']) retrieved from /home/dmk/anaconda3/envs/airflow/lib/python3.7/site-packages/airflow/example_dags/example_branch_operator_decorator.py
[2022-12-31T22:31:26.730+0700] {logging_mixin.py:137} INFO - [2022-12-31T22:31:26.730+0700] {dag.py:2676} INFO - Sync 1 DAGs
[2022-12-31T22:31:26.758+0700] {logging_mixin.py:137} INFO - [2022-12-31T22:31:26.758+0700] {dag.py:3427} INFO - Setting next_dagrun for example_branch_python_operator_decorator to 2022-12-30T00:00:00+00:00, run_after=2022-12-31T00:00:00+00:00
[2022-12-31T22:31:26.812+0700] {processor.py:175} INFO - Processing /home/dmk/anaconda3/envs/airflow/lib/python3.7/site-packages/airflow/example_dags/example_branch_operator_decorator.py took 0.152 seconds
[2022-12-31T22:32:15.074+0700] {processor.py:153} INFO - Started process (PID=51855) to work on /home/dmk/anaconda3/envs/airflow/lib/python3.7/site-packages/airflow/example_dags/example_branch_operator_decorator.py
[2022-12-31T22:32:15.079+0700] {processor.py:743} INFO - Processing file /home/dmk/anaconda3/envs/airflow/lib/python3.7/site-packages/airflow/example_dags/example_branch_operator_decorator.py for tasks to queue
[2022-12-31T22:32:15.081+0700] {logging_mixin.py:137} INFO - [2022-12-31T22:32:15.080+0700] {dagbag.py:538} INFO - Filling up the DagBag from /home/dmk/anaconda3/envs/airflow/lib/python3.7/site-packages/airflow/example_dags/example_branch_operator_decorator.py
[2022-12-31T22:32:15.121+0700] {processor.py:753} INFO - DAG(s) dict_keys(['example_branch_python_operator_decorator']) retrieved from /home/dmk/anaconda3/envs/airflow/lib/python3.7/site-packages/airflow/example_dags/example_branch_operator_decorator.py
[2022-12-31T22:32:15.152+0700] {logging_mixin.py:137} INFO - [2022-12-31T22:32:15.152+0700] {dag.py:2676} INFO - Sync 1 DAGs
[2022-12-31T22:32:15.185+0700] {logging_mixin.py:137} INFO - [2022-12-31T22:32:15.185+0700] {dag.py:3427} INFO - Setting next_dagrun for example_branch_python_operator_decorator to 2022-12-30T00:00:00+00:00, run_after=2022-12-31T00:00:00+00:00
[2022-12-31T22:32:15.216+0700] {processor.py:175} INFO - Processing /home/dmk/anaconda3/envs/airflow/lib/python3.7/site-packages/airflow/example_dags/example_branch_operator_decorator.py took 0.151 seconds
