[2022-12-31T20:48:52.660+0700] {processor.py:153} INFO - Started process (PID=9507) to work on /home/dmk/anaconda3/lib/python3.9/site-packages/airflow/example_dags/example_nested_branch_dag.py
[2022-12-31T20:48:52.660+0700] {processor.py:743} INFO - Processing file /home/dmk/anaconda3/lib/python3.9/site-packages/airflow/example_dags/example_nested_branch_dag.py for tasks to queue
[2022-12-31T20:48:52.661+0700] {logging_mixin.py:137} INFO - [2022-12-31T20:48:52.661+0700] {dagbag.py:538} INFO - Filling up the DagBag from /home/dmk/anaconda3/lib/python3.9/site-packages/airflow/example_dags/example_nested_branch_dag.py
[2022-12-31T20:48:52.691+0700] {processor.py:753} INFO - DAG(s) dict_keys(['example_nested_branch_dag']) retrieved from /home/dmk/anaconda3/lib/python3.9/site-packages/airflow/example_dags/example_nested_branch_dag.py
[2022-12-31T20:48:52.856+0700] {logging_mixin.py:137} INFO - [2022-12-31T20:48:52.855+0700] {dag.py:2676} INFO - Sync 1 DAGs
[2022-12-31T20:48:52.874+0700] {logging_mixin.py:137} INFO - [2022-12-31T20:48:52.874+0700] {dag.py:3423} INFO - Setting next_dagrun for example_nested_branch_dag to 2022-12-30T00:00:00+00:00, run_after=2022-12-31T00:00:00+00:00
[2022-12-31T20:48:52.898+0700] {processor.py:175} INFO - Processing /home/dmk/anaconda3/lib/python3.9/site-packages/airflow/example_dags/example_nested_branch_dag.py took 0.241 seconds
[2022-12-31T20:54:58.158+0700] {processor.py:153} INFO - Started process (PID=11844) to work on /home/dmk/anaconda3/lib/python3.9/site-packages/airflow/example_dags/example_nested_branch_dag.py
[2022-12-31T20:54:58.160+0700] {processor.py:743} INFO - Processing file /home/dmk/anaconda3/lib/python3.9/site-packages/airflow/example_dags/example_nested_branch_dag.py for tasks to queue
[2022-12-31T20:54:58.161+0700] {logging_mixin.py:137} INFO - [2022-12-31T20:54:58.161+0700] {dagbag.py:538} INFO - Filling up the DagBag from /home/dmk/anaconda3/lib/python3.9/site-packages/airflow/example_dags/example_nested_branch_dag.py
[2022-12-31T20:54:58.190+0700] {processor.py:753} INFO - DAG(s) dict_keys(['example_nested_branch_dag']) retrieved from /home/dmk/anaconda3/lib/python3.9/site-packages/airflow/example_dags/example_nested_branch_dag.py
[2022-12-31T20:54:58.220+0700] {logging_mixin.py:137} INFO - [2022-12-31T20:54:58.220+0700] {dag.py:2676} INFO - Sync 1 DAGs
[2022-12-31T20:54:58.349+0700] {logging_mixin.py:137} INFO - [2022-12-31T20:54:58.349+0700] {dag.py:3423} INFO - Setting next_dagrun for example_nested_branch_dag to 2022-12-30T00:00:00+00:00, run_after=2022-12-31T00:00:00+00:00
[2022-12-31T20:54:58.374+0700] {processor.py:175} INFO - Processing /home/dmk/anaconda3/lib/python3.9/site-packages/airflow/example_dags/example_nested_branch_dag.py took 0.217 seconds
[2022-12-31T20:55:40.719+0700] {processor.py:153} INFO - Started process (PID=12049) to work on /home/dmk/anaconda3/lib/python3.9/site-packages/airflow/example_dags/example_nested_branch_dag.py
[2022-12-31T20:55:40.723+0700] {processor.py:743} INFO - Processing file /home/dmk/anaconda3/lib/python3.9/site-packages/airflow/example_dags/example_nested_branch_dag.py for tasks to queue
[2022-12-31T20:55:40.724+0700] {logging_mixin.py:137} INFO - [2022-12-31T20:55:40.723+0700] {dagbag.py:538} INFO - Filling up the DagBag from /home/dmk/anaconda3/lib/python3.9/site-packages/airflow/example_dags/example_nested_branch_dag.py
[2022-12-31T20:55:40.753+0700] {processor.py:753} INFO - DAG(s) dict_keys(['example_nested_branch_dag']) retrieved from /home/dmk/anaconda3/lib/python3.9/site-packages/airflow/example_dags/example_nested_branch_dag.py
[2022-12-31T20:55:40.897+0700] {logging_mixin.py:137} INFO - [2022-12-31T20:55:40.896+0700] {dag.py:2676} INFO - Sync 1 DAGs
[2022-12-31T20:55:40.919+0700] {logging_mixin.py:137} INFO - [2022-12-31T20:55:40.919+0700] {dag.py:3423} INFO - Setting next_dagrun for example_nested_branch_dag to 2022-12-30T00:00:00+00:00, run_after=2022-12-31T00:00:00+00:00
[2022-12-31T20:55:40.946+0700] {processor.py:175} INFO - Processing /home/dmk/anaconda3/lib/python3.9/site-packages/airflow/example_dags/example_nested_branch_dag.py took 0.230 seconds
[2022-12-31T20:56:24.127+0700] {processor.py:153} INFO - Started process (PID=12201) to work on /home/dmk/anaconda3/lib/python3.9/site-packages/airflow/example_dags/example_nested_branch_dag.py
[2022-12-31T20:56:24.131+0700] {processor.py:743} INFO - Processing file /home/dmk/anaconda3/lib/python3.9/site-packages/airflow/example_dags/example_nested_branch_dag.py for tasks to queue
[2022-12-31T20:56:24.131+0700] {logging_mixin.py:137} INFO - [2022-12-31T20:56:24.131+0700] {dagbag.py:538} INFO - Filling up the DagBag from /home/dmk/anaconda3/lib/python3.9/site-packages/airflow/example_dags/example_nested_branch_dag.py
[2022-12-31T20:56:24.163+0700] {processor.py:753} INFO - DAG(s) dict_keys(['example_nested_branch_dag']) retrieved from /home/dmk/anaconda3/lib/python3.9/site-packages/airflow/example_dags/example_nested_branch_dag.py
[2022-12-31T20:56:24.300+0700] {logging_mixin.py:137} INFO - [2022-12-31T20:56:24.300+0700] {dag.py:2676} INFO - Sync 1 DAGs
[2022-12-31T20:56:24.319+0700] {logging_mixin.py:137} INFO - [2022-12-31T20:56:24.319+0700] {dag.py:3423} INFO - Setting next_dagrun for example_nested_branch_dag to 2022-12-30T00:00:00+00:00, run_after=2022-12-31T00:00:00+00:00
[2022-12-31T20:56:24.345+0700] {processor.py:175} INFO - Processing /home/dmk/anaconda3/lib/python3.9/site-packages/airflow/example_dags/example_nested_branch_dag.py took 0.222 seconds
[2022-12-31T20:57:27.953+0700] {processor.py:153} INFO - Started process (PID=12566) to work on /home/dmk/anaconda3/lib/python3.9/site-packages/airflow/example_dags/example_nested_branch_dag.py
[2022-12-31T20:57:27.958+0700] {processor.py:743} INFO - Processing file /home/dmk/anaconda3/lib/python3.9/site-packages/airflow/example_dags/example_nested_branch_dag.py for tasks to queue
[2022-12-31T20:57:27.960+0700] {logging_mixin.py:137} INFO - [2022-12-31T20:57:27.959+0700] {dagbag.py:538} INFO - Filling up the DagBag from /home/dmk/anaconda3/lib/python3.9/site-packages/airflow/example_dags/example_nested_branch_dag.py
[2022-12-31T20:57:28.160+0700] {processor.py:753} INFO - DAG(s) dict_keys(['example_nested_branch_dag']) retrieved from /home/dmk/anaconda3/lib/python3.9/site-packages/airflow/example_dags/example_nested_branch_dag.py
[2022-12-31T20:57:28.186+0700] {logging_mixin.py:137} INFO - [2022-12-31T20:57:28.186+0700] {dag.py:2676} INFO - Sync 1 DAGs
[2022-12-31T20:57:28.205+0700] {logging_mixin.py:137} INFO - [2022-12-31T20:57:28.205+0700] {dag.py:3423} INFO - Setting next_dagrun for example_nested_branch_dag to 2022-12-30T00:00:00+00:00, run_after=2022-12-31T00:00:00+00:00
[2022-12-31T20:57:28.228+0700] {processor.py:175} INFO - Processing /home/dmk/anaconda3/lib/python3.9/site-packages/airflow/example_dags/example_nested_branch_dag.py took 0.286 seconds
[2022-12-31T20:58:21.274+0700] {processor.py:153} INFO - Started process (PID=12944) to work on /home/dmk/anaconda3/lib/python3.9/site-packages/airflow/example_dags/example_nested_branch_dag.py
[2022-12-31T20:58:21.277+0700] {processor.py:743} INFO - Processing file /home/dmk/anaconda3/lib/python3.9/site-packages/airflow/example_dags/example_nested_branch_dag.py for tasks to queue
[2022-12-31T20:58:21.278+0700] {logging_mixin.py:137} INFO - [2022-12-31T20:58:21.278+0700] {dagbag.py:538} INFO - Filling up the DagBag from /home/dmk/anaconda3/lib/python3.9/site-packages/airflow/example_dags/example_nested_branch_dag.py
[2022-12-31T20:58:21.405+0700] {processor.py:753} INFO - DAG(s) dict_keys(['example_nested_branch_dag']) retrieved from /home/dmk/anaconda3/lib/python3.9/site-packages/airflow/example_dags/example_nested_branch_dag.py
[2022-12-31T20:58:21.430+0700] {logging_mixin.py:137} INFO - [2022-12-31T20:58:21.430+0700] {dag.py:2676} INFO - Sync 1 DAGs
[2022-12-31T20:58:21.451+0700] {logging_mixin.py:137} INFO - [2022-12-31T20:58:21.450+0700] {dag.py:3423} INFO - Setting next_dagrun for example_nested_branch_dag to 2022-12-30T00:00:00+00:00, run_after=2022-12-31T00:00:00+00:00
[2022-12-31T20:58:21.471+0700] {processor.py:175} INFO - Processing /home/dmk/anaconda3/lib/python3.9/site-packages/airflow/example_dags/example_nested_branch_dag.py took 0.200 seconds
[2022-12-31T20:59:11.168+0700] {processor.py:153} INFO - Started process (PID=13109) to work on /home/dmk/anaconda3/lib/python3.9/site-packages/airflow/example_dags/example_nested_branch_dag.py
[2022-12-31T20:59:11.172+0700] {processor.py:743} INFO - Processing file /home/dmk/anaconda3/lib/python3.9/site-packages/airflow/example_dags/example_nested_branch_dag.py for tasks to queue
[2022-12-31T20:59:11.173+0700] {logging_mixin.py:137} INFO - [2022-12-31T20:59:11.172+0700] {dagbag.py:538} INFO - Filling up the DagBag from /home/dmk/anaconda3/lib/python3.9/site-packages/airflow/example_dags/example_nested_branch_dag.py
[2022-12-31T20:59:11.210+0700] {processor.py:753} INFO - DAG(s) dict_keys(['example_nested_branch_dag']) retrieved from /home/dmk/anaconda3/lib/python3.9/site-packages/airflow/example_dags/example_nested_branch_dag.py
[2022-12-31T20:59:11.240+0700] {logging_mixin.py:137} INFO - [2022-12-31T20:59:11.240+0700] {dag.py:2676} INFO - Sync 1 DAGs
[2022-12-31T20:59:11.261+0700] {logging_mixin.py:137} INFO - [2022-12-31T20:59:11.261+0700] {dag.py:3423} INFO - Setting next_dagrun for example_nested_branch_dag to 2022-12-30T00:00:00+00:00, run_after=2022-12-31T00:00:00+00:00
[2022-12-31T20:59:11.285+0700] {processor.py:175} INFO - Processing /home/dmk/anaconda3/lib/python3.9/site-packages/airflow/example_dags/example_nested_branch_dag.py took 0.121 seconds
[2022-12-31T20:59:57.658+0700] {processor.py:153} INFO - Started process (PID=14521) to work on /home/dmk/anaconda3/lib/python3.9/site-packages/airflow/example_dags/example_nested_branch_dag.py
[2022-12-31T20:59:57.661+0700] {processor.py:743} INFO - Processing file /home/dmk/anaconda3/lib/python3.9/site-packages/airflow/example_dags/example_nested_branch_dag.py for tasks to queue
[2022-12-31T20:59:57.662+0700] {logging_mixin.py:137} INFO - [2022-12-31T20:59:57.662+0700] {dagbag.py:538} INFO - Filling up the DagBag from /home/dmk/anaconda3/lib/python3.9/site-packages/airflow/example_dags/example_nested_branch_dag.py
[2022-12-31T20:59:57.692+0700] {processor.py:753} INFO - DAG(s) dict_keys(['example_nested_branch_dag']) retrieved from /home/dmk/anaconda3/lib/python3.9/site-packages/airflow/example_dags/example_nested_branch_dag.py
[2022-12-31T20:59:57.720+0700] {logging_mixin.py:137} INFO - [2022-12-31T20:59:57.720+0700] {dag.py:2676} INFO - Sync 1 DAGs
[2022-12-31T20:59:57.742+0700] {logging_mixin.py:137} INFO - [2022-12-31T20:59:57.742+0700] {dag.py:3423} INFO - Setting next_dagrun for example_nested_branch_dag to 2022-12-30T00:00:00+00:00, run_after=2022-12-31T00:00:00+00:00
[2022-12-31T20:59:57.764+0700] {processor.py:175} INFO - Processing /home/dmk/anaconda3/lib/python3.9/site-packages/airflow/example_dags/example_nested_branch_dag.py took 0.113 seconds
[2022-12-31T21:00:55.537+0700] {processor.py:153} INFO - Started process (PID=15590) to work on /home/dmk/anaconda3/lib/python3.9/site-packages/airflow/example_dags/example_nested_branch_dag.py
[2022-12-31T21:00:55.541+0700] {processor.py:743} INFO - Processing file /home/dmk/anaconda3/lib/python3.9/site-packages/airflow/example_dags/example_nested_branch_dag.py for tasks to queue
[2022-12-31T21:00:55.541+0700] {logging_mixin.py:137} INFO - [2022-12-31T21:00:55.541+0700] {dagbag.py:538} INFO - Filling up the DagBag from /home/dmk/anaconda3/lib/python3.9/site-packages/airflow/example_dags/example_nested_branch_dag.py
[2022-12-31T21:00:55.567+0700] {processor.py:753} INFO - DAG(s) dict_keys(['example_nested_branch_dag']) retrieved from /home/dmk/anaconda3/lib/python3.9/site-packages/airflow/example_dags/example_nested_branch_dag.py
[2022-12-31T21:00:55.595+0700] {logging_mixin.py:137} INFO - [2022-12-31T21:00:55.595+0700] {dag.py:2676} INFO - Sync 1 DAGs
[2022-12-31T21:00:55.614+0700] {logging_mixin.py:137} INFO - [2022-12-31T21:00:55.614+0700] {dag.py:3423} INFO - Setting next_dagrun for example_nested_branch_dag to 2022-12-30T00:00:00+00:00, run_after=2022-12-31T00:00:00+00:00
[2022-12-31T21:00:55.638+0700] {processor.py:175} INFO - Processing /home/dmk/anaconda3/lib/python3.9/site-packages/airflow/example_dags/example_nested_branch_dag.py took 0.105 seconds
[2022-12-31T21:01:47.062+0700] {processor.py:153} INFO - Started process (PID=16240) to work on /home/dmk/anaconda3/lib/python3.9/site-packages/airflow/example_dags/example_nested_branch_dag.py
[2022-12-31T21:01:47.067+0700] {processor.py:743} INFO - Processing file /home/dmk/anaconda3/lib/python3.9/site-packages/airflow/example_dags/example_nested_branch_dag.py for tasks to queue
[2022-12-31T21:01:47.068+0700] {logging_mixin.py:137} INFO - [2022-12-31T21:01:47.067+0700] {dagbag.py:538} INFO - Filling up the DagBag from /home/dmk/anaconda3/lib/python3.9/site-packages/airflow/example_dags/example_nested_branch_dag.py
[2022-12-31T21:01:47.098+0700] {processor.py:753} INFO - DAG(s) dict_keys(['example_nested_branch_dag']) retrieved from /home/dmk/anaconda3/lib/python3.9/site-packages/airflow/example_dags/example_nested_branch_dag.py
[2022-12-31T21:01:47.128+0700] {logging_mixin.py:137} INFO - [2022-12-31T21:01:47.128+0700] {dag.py:2676} INFO - Sync 1 DAGs
[2022-12-31T21:01:47.157+0700] {logging_mixin.py:137} INFO - [2022-12-31T21:01:47.156+0700] {dag.py:3423} INFO - Setting next_dagrun for example_nested_branch_dag to 2022-12-30T00:00:00+00:00, run_after=2022-12-31T00:00:00+00:00
[2022-12-31T21:01:47.178+0700] {processor.py:175} INFO - Processing /home/dmk/anaconda3/lib/python3.9/site-packages/airflow/example_dags/example_nested_branch_dag.py took 0.121 seconds
[2022-12-31T21:02:39.917+0700] {processor.py:153} INFO - Started process (PID=16377) to work on /home/dmk/anaconda3/lib/python3.9/site-packages/airflow/example_dags/example_nested_branch_dag.py
[2022-12-31T21:02:39.921+0700] {processor.py:743} INFO - Processing file /home/dmk/anaconda3/lib/python3.9/site-packages/airflow/example_dags/example_nested_branch_dag.py for tasks to queue
[2022-12-31T21:02:39.922+0700] {logging_mixin.py:137} INFO - [2022-12-31T21:02:39.922+0700] {dagbag.py:538} INFO - Filling up the DagBag from /home/dmk/anaconda3/lib/python3.9/site-packages/airflow/example_dags/example_nested_branch_dag.py
[2022-12-31T21:02:39.951+0700] {processor.py:753} INFO - DAG(s) dict_keys(['example_nested_branch_dag']) retrieved from /home/dmk/anaconda3/lib/python3.9/site-packages/airflow/example_dags/example_nested_branch_dag.py
[2022-12-31T21:02:39.984+0700] {logging_mixin.py:137} INFO - [2022-12-31T21:02:39.983+0700] {dag.py:2676} INFO - Sync 1 DAGs
[2022-12-31T21:02:40.007+0700] {logging_mixin.py:137} INFO - [2022-12-31T21:02:40.007+0700] {dag.py:3423} INFO - Setting next_dagrun for example_nested_branch_dag to 2022-12-30T00:00:00+00:00, run_after=2022-12-31T00:00:00+00:00
[2022-12-31T21:02:40.038+0700] {processor.py:175} INFO - Processing /home/dmk/anaconda3/lib/python3.9/site-packages/airflow/example_dags/example_nested_branch_dag.py took 0.124 seconds
[2022-12-31T21:03:34.951+0700] {processor.py:153} INFO - Started process (PID=16854) to work on /home/dmk/anaconda3/lib/python3.9/site-packages/airflow/example_dags/example_nested_branch_dag.py
[2022-12-31T21:03:34.955+0700] {processor.py:743} INFO - Processing file /home/dmk/anaconda3/lib/python3.9/site-packages/airflow/example_dags/example_nested_branch_dag.py for tasks to queue
[2022-12-31T21:03:34.956+0700] {logging_mixin.py:137} INFO - [2022-12-31T21:03:34.956+0700] {dagbag.py:538} INFO - Filling up the DagBag from /home/dmk/anaconda3/lib/python3.9/site-packages/airflow/example_dags/example_nested_branch_dag.py
[2022-12-31T21:03:34.983+0700] {processor.py:753} INFO - DAG(s) dict_keys(['example_nested_branch_dag']) retrieved from /home/dmk/anaconda3/lib/python3.9/site-packages/airflow/example_dags/example_nested_branch_dag.py
[2022-12-31T21:03:35.011+0700] {logging_mixin.py:137} INFO - [2022-12-31T21:03:35.010+0700] {dag.py:2676} INFO - Sync 1 DAGs
[2022-12-31T21:03:35.126+0700] {logging_mixin.py:137} INFO - [2022-12-31T21:03:35.126+0700] {dag.py:3423} INFO - Setting next_dagrun for example_nested_branch_dag to 2022-12-30T00:00:00+00:00, run_after=2022-12-31T00:00:00+00:00
[2022-12-31T21:03:35.156+0700] {processor.py:175} INFO - Processing /home/dmk/anaconda3/lib/python3.9/site-packages/airflow/example_dags/example_nested_branch_dag.py took 0.211 seconds
[2022-12-31T21:04:27.501+0700] {processor.py:153} INFO - Started process (PID=17362) to work on /home/dmk/anaconda3/lib/python3.9/site-packages/airflow/example_dags/example_nested_branch_dag.py
[2022-12-31T21:04:27.505+0700] {processor.py:743} INFO - Processing file /home/dmk/anaconda3/lib/python3.9/site-packages/airflow/example_dags/example_nested_branch_dag.py for tasks to queue
[2022-12-31T21:04:27.506+0700] {logging_mixin.py:137} INFO - [2022-12-31T21:04:27.506+0700] {dagbag.py:538} INFO - Filling up the DagBag from /home/dmk/anaconda3/lib/python3.9/site-packages/airflow/example_dags/example_nested_branch_dag.py
[2022-12-31T21:04:27.531+0700] {processor.py:753} INFO - DAG(s) dict_keys(['example_nested_branch_dag']) retrieved from /home/dmk/anaconda3/lib/python3.9/site-packages/airflow/example_dags/example_nested_branch_dag.py
[2022-12-31T21:04:27.680+0700] {logging_mixin.py:137} INFO - [2022-12-31T21:04:27.680+0700] {dag.py:2676} INFO - Sync 1 DAGs
[2022-12-31T21:04:27.696+0700] {logging_mixin.py:137} INFO - [2022-12-31T21:04:27.696+0700] {dag.py:3423} INFO - Setting next_dagrun for example_nested_branch_dag to 2022-12-30T00:00:00+00:00, run_after=2022-12-31T00:00:00+00:00
[2022-12-31T21:04:27.719+0700] {processor.py:175} INFO - Processing /home/dmk/anaconda3/lib/python3.9/site-packages/airflow/example_dags/example_nested_branch_dag.py took 0.222 seconds
[2022-12-31T21:05:17.942+0700] {processor.py:153} INFO - Started process (PID=17868) to work on /home/dmk/anaconda3/lib/python3.9/site-packages/airflow/example_dags/example_nested_branch_dag.py
[2022-12-31T21:05:17.944+0700] {processor.py:743} INFO - Processing file /home/dmk/anaconda3/lib/python3.9/site-packages/airflow/example_dags/example_nested_branch_dag.py for tasks to queue
[2022-12-31T21:05:17.946+0700] {logging_mixin.py:137} INFO - [2022-12-31T21:05:17.946+0700] {dagbag.py:538} INFO - Filling up the DagBag from /home/dmk/anaconda3/lib/python3.9/site-packages/airflow/example_dags/example_nested_branch_dag.py
[2022-12-31T21:05:17.978+0700] {processor.py:753} INFO - DAG(s) dict_keys(['example_nested_branch_dag']) retrieved from /home/dmk/anaconda3/lib/python3.9/site-packages/airflow/example_dags/example_nested_branch_dag.py
[2022-12-31T21:05:18.135+0700] {logging_mixin.py:137} INFO - [2022-12-31T21:05:18.135+0700] {dag.py:2676} INFO - Sync 1 DAGs
[2022-12-31T21:05:18.155+0700] {logging_mixin.py:137} INFO - [2022-12-31T21:05:18.155+0700] {dag.py:3423} INFO - Setting next_dagrun for example_nested_branch_dag to 2022-12-30T00:00:00+00:00, run_after=2022-12-31T00:00:00+00:00
[2022-12-31T21:05:18.189+0700] {processor.py:175} INFO - Processing /home/dmk/anaconda3/lib/python3.9/site-packages/airflow/example_dags/example_nested_branch_dag.py took 0.254 seconds
[2022-12-31T21:06:18.416+0700] {processor.py:153} INFO - Started process (PID=18423) to work on /home/dmk/anaconda3/lib/python3.9/site-packages/airflow/example_dags/example_nested_branch_dag.py
[2022-12-31T21:06:18.421+0700] {processor.py:743} INFO - Processing file /home/dmk/anaconda3/lib/python3.9/site-packages/airflow/example_dags/example_nested_branch_dag.py for tasks to queue
[2022-12-31T21:06:18.423+0700] {logging_mixin.py:137} INFO - [2022-12-31T21:06:18.422+0700] {dagbag.py:538} INFO - Filling up the DagBag from /home/dmk/anaconda3/lib/python3.9/site-packages/airflow/example_dags/example_nested_branch_dag.py
[2022-12-31T21:06:18.455+0700] {processor.py:753} INFO - DAG(s) dict_keys(['example_nested_branch_dag']) retrieved from /home/dmk/anaconda3/lib/python3.9/site-packages/airflow/example_dags/example_nested_branch_dag.py
[2022-12-31T21:06:18.625+0700] {logging_mixin.py:137} INFO - [2022-12-31T21:06:18.625+0700] {dag.py:2676} INFO - Sync 1 DAGs
[2022-12-31T21:06:18.654+0700] {logging_mixin.py:137} INFO - [2022-12-31T21:06:18.654+0700] {dag.py:3423} INFO - Setting next_dagrun for example_nested_branch_dag to 2022-12-30T00:00:00+00:00, run_after=2022-12-31T00:00:00+00:00
[2022-12-31T21:06:18.676+0700] {processor.py:175} INFO - Processing /home/dmk/anaconda3/lib/python3.9/site-packages/airflow/example_dags/example_nested_branch_dag.py took 0.264 seconds
[2022-12-31T21:07:09.103+0700] {processor.py:153} INFO - Started process (PID=18641) to work on /home/dmk/anaconda3/lib/python3.9/site-packages/airflow/example_dags/example_nested_branch_dag.py
[2022-12-31T21:07:09.107+0700] {processor.py:743} INFO - Processing file /home/dmk/anaconda3/lib/python3.9/site-packages/airflow/example_dags/example_nested_branch_dag.py for tasks to queue
[2022-12-31T21:07:09.108+0700] {logging_mixin.py:137} INFO - [2022-12-31T21:07:09.108+0700] {dagbag.py:538} INFO - Filling up the DagBag from /home/dmk/anaconda3/lib/python3.9/site-packages/airflow/example_dags/example_nested_branch_dag.py
[2022-12-31T21:07:09.225+0700] {processor.py:753} INFO - DAG(s) dict_keys(['example_nested_branch_dag']) retrieved from /home/dmk/anaconda3/lib/python3.9/site-packages/airflow/example_dags/example_nested_branch_dag.py
[2022-12-31T21:07:09.247+0700] {logging_mixin.py:137} INFO - [2022-12-31T21:07:09.247+0700] {dag.py:2676} INFO - Sync 1 DAGs
[2022-12-31T21:07:09.265+0700] {logging_mixin.py:137} INFO - [2022-12-31T21:07:09.265+0700] {dag.py:3423} INFO - Setting next_dagrun for example_nested_branch_dag to 2022-12-30T00:00:00+00:00, run_after=2022-12-31T00:00:00+00:00
[2022-12-31T21:07:09.286+0700] {processor.py:175} INFO - Processing /home/dmk/anaconda3/lib/python3.9/site-packages/airflow/example_dags/example_nested_branch_dag.py took 0.185 seconds
[2022-12-31T21:07:53.995+0700] {processor.py:153} INFO - Started process (PID=18760) to work on /home/dmk/anaconda3/lib/python3.9/site-packages/airflow/example_dags/example_nested_branch_dag.py
[2022-12-31T21:07:54.000+0700] {processor.py:743} INFO - Processing file /home/dmk/anaconda3/lib/python3.9/site-packages/airflow/example_dags/example_nested_branch_dag.py for tasks to queue
[2022-12-31T21:07:54.002+0700] {logging_mixin.py:137} INFO - [2022-12-31T21:07:54.002+0700] {dagbag.py:538} INFO - Filling up the DagBag from /home/dmk/anaconda3/lib/python3.9/site-packages/airflow/example_dags/example_nested_branch_dag.py
[2022-12-31T21:07:54.139+0700] {processor.py:753} INFO - DAG(s) dict_keys(['example_nested_branch_dag']) retrieved from /home/dmk/anaconda3/lib/python3.9/site-packages/airflow/example_dags/example_nested_branch_dag.py
[2022-12-31T21:07:54.160+0700] {logging_mixin.py:137} INFO - [2022-12-31T21:07:54.160+0700] {dag.py:2676} INFO - Sync 1 DAGs
[2022-12-31T21:07:54.177+0700] {logging_mixin.py:137} INFO - [2022-12-31T21:07:54.177+0700] {dag.py:3423} INFO - Setting next_dagrun for example_nested_branch_dag to 2022-12-30T00:00:00+00:00, run_after=2022-12-31T00:00:00+00:00
[2022-12-31T21:07:54.198+0700] {processor.py:175} INFO - Processing /home/dmk/anaconda3/lib/python3.9/site-packages/airflow/example_dags/example_nested_branch_dag.py took 0.207 seconds
[2022-12-31T21:08:42.705+0700] {processor.py:153} INFO - Started process (PID=19087) to work on /home/dmk/anaconda3/lib/python3.9/site-packages/airflow/example_dags/example_nested_branch_dag.py
[2022-12-31T21:08:42.708+0700] {processor.py:743} INFO - Processing file /home/dmk/anaconda3/lib/python3.9/site-packages/airflow/example_dags/example_nested_branch_dag.py for tasks to queue
[2022-12-31T21:08:42.709+0700] {logging_mixin.py:137} INFO - [2022-12-31T21:08:42.709+0700] {dagbag.py:538} INFO - Filling up the DagBag from /home/dmk/anaconda3/lib/python3.9/site-packages/airflow/example_dags/example_nested_branch_dag.py
[2022-12-31T21:08:42.732+0700] {processor.py:753} INFO - DAG(s) dict_keys(['example_nested_branch_dag']) retrieved from /home/dmk/anaconda3/lib/python3.9/site-packages/airflow/example_dags/example_nested_branch_dag.py
[2022-12-31T21:08:42.759+0700] {logging_mixin.py:137} INFO - [2022-12-31T21:08:42.759+0700] {dag.py:2676} INFO - Sync 1 DAGs
[2022-12-31T21:08:42.779+0700] {logging_mixin.py:137} INFO - [2022-12-31T21:08:42.778+0700] {dag.py:3423} INFO - Setting next_dagrun for example_nested_branch_dag to 2022-12-30T00:00:00+00:00, run_after=2022-12-31T00:00:00+00:00
[2022-12-31T21:08:42.801+0700] {processor.py:175} INFO - Processing /home/dmk/anaconda3/lib/python3.9/site-packages/airflow/example_dags/example_nested_branch_dag.py took 0.099 seconds
[2022-12-31T21:09:33.227+0700] {processor.py:153} INFO - Started process (PID=19764) to work on /home/dmk/anaconda3/lib/python3.9/site-packages/airflow/example_dags/example_nested_branch_dag.py
[2022-12-31T21:09:33.228+0700] {processor.py:743} INFO - Processing file /home/dmk/anaconda3/lib/python3.9/site-packages/airflow/example_dags/example_nested_branch_dag.py for tasks to queue
[2022-12-31T21:09:33.229+0700] {logging_mixin.py:137} INFO - [2022-12-31T21:09:33.229+0700] {dagbag.py:538} INFO - Filling up the DagBag from /home/dmk/anaconda3/lib/python3.9/site-packages/airflow/example_dags/example_nested_branch_dag.py
[2022-12-31T21:09:33.262+0700] {processor.py:753} INFO - DAG(s) dict_keys(['example_nested_branch_dag']) retrieved from /home/dmk/anaconda3/lib/python3.9/site-packages/airflow/example_dags/example_nested_branch_dag.py
[2022-12-31T21:09:33.297+0700] {logging_mixin.py:137} INFO - [2022-12-31T21:09:33.297+0700] {dag.py:2676} INFO - Sync 1 DAGs
[2022-12-31T21:09:33.318+0700] {logging_mixin.py:137} INFO - [2022-12-31T21:09:33.318+0700] {dag.py:3423} INFO - Setting next_dagrun for example_nested_branch_dag to 2022-12-30T00:00:00+00:00, run_after=2022-12-31T00:00:00+00:00
[2022-12-31T21:09:33.343+0700] {processor.py:175} INFO - Processing /home/dmk/anaconda3/lib/python3.9/site-packages/airflow/example_dags/example_nested_branch_dag.py took 0.120 seconds
[2022-12-31T21:10:14.162+0700] {processor.py:153} INFO - Started process (PID=19891) to work on /home/dmk/anaconda3/lib/python3.9/site-packages/airflow/example_dags/example_nested_branch_dag.py
[2022-12-31T21:10:14.164+0700] {processor.py:743} INFO - Processing file /home/dmk/anaconda3/lib/python3.9/site-packages/airflow/example_dags/example_nested_branch_dag.py for tasks to queue
[2022-12-31T21:10:14.164+0700] {logging_mixin.py:137} INFO - [2022-12-31T21:10:14.164+0700] {dagbag.py:538} INFO - Filling up the DagBag from /home/dmk/anaconda3/lib/python3.9/site-packages/airflow/example_dags/example_nested_branch_dag.py
[2022-12-31T21:10:14.194+0700] {processor.py:753} INFO - DAG(s) dict_keys(['example_nested_branch_dag']) retrieved from /home/dmk/anaconda3/lib/python3.9/site-packages/airflow/example_dags/example_nested_branch_dag.py
[2022-12-31T21:10:14.227+0700] {logging_mixin.py:137} INFO - [2022-12-31T21:10:14.227+0700] {dag.py:2676} INFO - Sync 1 DAGs
[2022-12-31T21:10:14.249+0700] {logging_mixin.py:137} INFO - [2022-12-31T21:10:14.249+0700] {dag.py:3423} INFO - Setting next_dagrun for example_nested_branch_dag to 2022-12-30T00:00:00+00:00, run_after=2022-12-31T00:00:00+00:00
[2022-12-31T21:10:14.275+0700] {processor.py:175} INFO - Processing /home/dmk/anaconda3/lib/python3.9/site-packages/airflow/example_dags/example_nested_branch_dag.py took 0.117 seconds
[2022-12-31T21:11:03.943+0700] {processor.py:153} INFO - Started process (PID=20159) to work on /home/dmk/anaconda3/lib/python3.9/site-packages/airflow/example_dags/example_nested_branch_dag.py
[2022-12-31T21:11:03.947+0700] {processor.py:743} INFO - Processing file /home/dmk/anaconda3/lib/python3.9/site-packages/airflow/example_dags/example_nested_branch_dag.py for tasks to queue
[2022-12-31T21:11:03.949+0700] {logging_mixin.py:137} INFO - [2022-12-31T21:11:03.948+0700] {dagbag.py:538} INFO - Filling up the DagBag from /home/dmk/anaconda3/lib/python3.9/site-packages/airflow/example_dags/example_nested_branch_dag.py
[2022-12-31T21:11:03.994+0700] {processor.py:753} INFO - DAG(s) dict_keys(['example_nested_branch_dag']) retrieved from /home/dmk/anaconda3/lib/python3.9/site-packages/airflow/example_dags/example_nested_branch_dag.py
[2022-12-31T21:11:04.020+0700] {logging_mixin.py:137} INFO - [2022-12-31T21:11:04.019+0700] {dag.py:2676} INFO - Sync 1 DAGs
[2022-12-31T21:11:04.039+0700] {logging_mixin.py:137} INFO - [2022-12-31T21:11:04.039+0700] {dag.py:3423} INFO - Setting next_dagrun for example_nested_branch_dag to 2022-12-30T00:00:00+00:00, run_after=2022-12-31T00:00:00+00:00
[2022-12-31T21:11:04.061+0700] {processor.py:175} INFO - Processing /home/dmk/anaconda3/lib/python3.9/site-packages/airflow/example_dags/example_nested_branch_dag.py took 0.121 seconds
[2022-12-31T21:11:55.197+0700] {processor.py:153} INFO - Started process (PID=20344) to work on /home/dmk/anaconda3/lib/python3.9/site-packages/airflow/example_dags/example_nested_branch_dag.py
[2022-12-31T21:11:55.200+0700] {processor.py:743} INFO - Processing file /home/dmk/anaconda3/lib/python3.9/site-packages/airflow/example_dags/example_nested_branch_dag.py for tasks to queue
[2022-12-31T21:11:55.202+0700] {logging_mixin.py:137} INFO - [2022-12-31T21:11:55.202+0700] {dagbag.py:538} INFO - Filling up the DagBag from /home/dmk/anaconda3/lib/python3.9/site-packages/airflow/example_dags/example_nested_branch_dag.py
[2022-12-31T21:11:55.249+0700] {processor.py:753} INFO - DAG(s) dict_keys(['example_nested_branch_dag']) retrieved from /home/dmk/anaconda3/lib/python3.9/site-packages/airflow/example_dags/example_nested_branch_dag.py
[2022-12-31T21:11:55.279+0700] {logging_mixin.py:137} INFO - [2022-12-31T21:11:55.279+0700] {dag.py:2676} INFO - Sync 1 DAGs
[2022-12-31T21:11:55.305+0700] {logging_mixin.py:137} INFO - [2022-12-31T21:11:55.305+0700] {dag.py:3423} INFO - Setting next_dagrun for example_nested_branch_dag to 2022-12-30T00:00:00+00:00, run_after=2022-12-31T00:00:00+00:00
[2022-12-31T21:11:55.336+0700] {processor.py:175} INFO - Processing /home/dmk/anaconda3/lib/python3.9/site-packages/airflow/example_dags/example_nested_branch_dag.py took 0.145 seconds
[2022-12-31T21:12:53.168+0700] {processor.py:153} INFO - Started process (PID=20482) to work on /home/dmk/anaconda3/lib/python3.9/site-packages/airflow/example_dags/example_nested_branch_dag.py
[2022-12-31T21:12:53.174+0700] {processor.py:743} INFO - Processing file /home/dmk/anaconda3/lib/python3.9/site-packages/airflow/example_dags/example_nested_branch_dag.py for tasks to queue
[2022-12-31T21:12:53.176+0700] {logging_mixin.py:137} INFO - [2022-12-31T21:12:53.175+0700] {dagbag.py:538} INFO - Filling up the DagBag from /home/dmk/anaconda3/lib/python3.9/site-packages/airflow/example_dags/example_nested_branch_dag.py
[2022-12-31T21:12:53.211+0700] {processor.py:753} INFO - DAG(s) dict_keys(['example_nested_branch_dag']) retrieved from /home/dmk/anaconda3/lib/python3.9/site-packages/airflow/example_dags/example_nested_branch_dag.py
[2022-12-31T21:12:53.237+0700] {logging_mixin.py:137} INFO - [2022-12-31T21:12:53.237+0700] {dag.py:2676} INFO - Sync 1 DAGs
[2022-12-31T21:12:53.259+0700] {logging_mixin.py:137} INFO - [2022-12-31T21:12:53.259+0700] {dag.py:3423} INFO - Setting next_dagrun for example_nested_branch_dag to 2022-12-30T00:00:00+00:00, run_after=2022-12-31T00:00:00+00:00
[2022-12-31T21:12:53.280+0700] {processor.py:175} INFO - Processing /home/dmk/anaconda3/lib/python3.9/site-packages/airflow/example_dags/example_nested_branch_dag.py took 0.120 seconds
[2022-12-31T21:13:41.599+0700] {processor.py:153} INFO - Started process (PID=20693) to work on /home/dmk/anaconda3/lib/python3.9/site-packages/airflow/example_dags/example_nested_branch_dag.py
[2022-12-31T21:13:41.603+0700] {processor.py:743} INFO - Processing file /home/dmk/anaconda3/lib/python3.9/site-packages/airflow/example_dags/example_nested_branch_dag.py for tasks to queue
[2022-12-31T21:13:41.603+0700] {logging_mixin.py:137} INFO - [2022-12-31T21:13:41.603+0700] {dagbag.py:538} INFO - Filling up the DagBag from /home/dmk/anaconda3/lib/python3.9/site-packages/airflow/example_dags/example_nested_branch_dag.py
[2022-12-31T21:13:41.630+0700] {processor.py:753} INFO - DAG(s) dict_keys(['example_nested_branch_dag']) retrieved from /home/dmk/anaconda3/lib/python3.9/site-packages/airflow/example_dags/example_nested_branch_dag.py
[2022-12-31T21:13:41.656+0700] {logging_mixin.py:137} INFO - [2022-12-31T21:13:41.656+0700] {dag.py:2676} INFO - Sync 1 DAGs
[2022-12-31T21:13:41.674+0700] {logging_mixin.py:137} INFO - [2022-12-31T21:13:41.674+0700] {dag.py:3423} INFO - Setting next_dagrun for example_nested_branch_dag to 2022-12-30T00:00:00+00:00, run_after=2022-12-31T00:00:00+00:00
[2022-12-31T21:13:41.702+0700] {processor.py:175} INFO - Processing /home/dmk/anaconda3/lib/python3.9/site-packages/airflow/example_dags/example_nested_branch_dag.py took 0.106 seconds
[2022-12-31T21:14:32.167+0700] {processor.py:153} INFO - Started process (PID=21621) to work on /home/dmk/anaconda3/lib/python3.9/site-packages/airflow/example_dags/example_nested_branch_dag.py
[2022-12-31T21:14:32.171+0700] {processor.py:743} INFO - Processing file /home/dmk/anaconda3/lib/python3.9/site-packages/airflow/example_dags/example_nested_branch_dag.py for tasks to queue
[2022-12-31T21:14:32.172+0700] {logging_mixin.py:137} INFO - [2022-12-31T21:14:32.172+0700] {dagbag.py:538} INFO - Filling up the DagBag from /home/dmk/anaconda3/lib/python3.9/site-packages/airflow/example_dags/example_nested_branch_dag.py
[2022-12-31T21:14:32.199+0700] {processor.py:753} INFO - DAG(s) dict_keys(['example_nested_branch_dag']) retrieved from /home/dmk/anaconda3/lib/python3.9/site-packages/airflow/example_dags/example_nested_branch_dag.py
[2022-12-31T21:14:32.224+0700] {logging_mixin.py:137} INFO - [2022-12-31T21:14:32.224+0700] {dag.py:2676} INFO - Sync 1 DAGs
[2022-12-31T21:14:32.243+0700] {logging_mixin.py:137} INFO - [2022-12-31T21:14:32.243+0700] {dag.py:3423} INFO - Setting next_dagrun for example_nested_branch_dag to 2022-12-30T00:00:00+00:00, run_after=2022-12-31T00:00:00+00:00
[2022-12-31T21:14:32.282+0700] {processor.py:175} INFO - Processing /home/dmk/anaconda3/lib/python3.9/site-packages/airflow/example_dags/example_nested_branch_dag.py took 0.118 seconds
[2022-12-31T21:15:20.513+0700] {processor.py:153} INFO - Started process (PID=22091) to work on /home/dmk/anaconda3/lib/python3.9/site-packages/airflow/example_dags/example_nested_branch_dag.py
[2022-12-31T21:15:20.518+0700] {processor.py:743} INFO - Processing file /home/dmk/anaconda3/lib/python3.9/site-packages/airflow/example_dags/example_nested_branch_dag.py for tasks to queue
[2022-12-31T21:15:20.520+0700] {logging_mixin.py:137} INFO - [2022-12-31T21:15:20.520+0700] {dagbag.py:538} INFO - Filling up the DagBag from /home/dmk/anaconda3/lib/python3.9/site-packages/airflow/example_dags/example_nested_branch_dag.py
[2022-12-31T21:15:20.557+0700] {processor.py:753} INFO - DAG(s) dict_keys(['example_nested_branch_dag']) retrieved from /home/dmk/anaconda3/lib/python3.9/site-packages/airflow/example_dags/example_nested_branch_dag.py
[2022-12-31T21:15:20.582+0700] {logging_mixin.py:137} INFO - [2022-12-31T21:15:20.581+0700] {dag.py:2676} INFO - Sync 1 DAGs
[2022-12-31T21:15:20.601+0700] {logging_mixin.py:137} INFO - [2022-12-31T21:15:20.601+0700] {dag.py:3423} INFO - Setting next_dagrun for example_nested_branch_dag to 2022-12-30T00:00:00+00:00, run_after=2022-12-31T00:00:00+00:00
[2022-12-31T21:15:20.622+0700] {processor.py:175} INFO - Processing /home/dmk/anaconda3/lib/python3.9/site-packages/airflow/example_dags/example_nested_branch_dag.py took 0.118 seconds
[2022-12-31T21:16:04.757+0700] {processor.py:153} INFO - Started process (PID=22598) to work on /home/dmk/anaconda3/lib/python3.9/site-packages/airflow/example_dags/example_nested_branch_dag.py
[2022-12-31T21:16:04.762+0700] {processor.py:743} INFO - Processing file /home/dmk/anaconda3/lib/python3.9/site-packages/airflow/example_dags/example_nested_branch_dag.py for tasks to queue
[2022-12-31T21:16:04.764+0700] {logging_mixin.py:137} INFO - [2022-12-31T21:16:04.764+0700] {dagbag.py:538} INFO - Filling up the DagBag from /home/dmk/anaconda3/lib/python3.9/site-packages/airflow/example_dags/example_nested_branch_dag.py
[2022-12-31T21:16:04.797+0700] {processor.py:753} INFO - DAG(s) dict_keys(['example_nested_branch_dag']) retrieved from /home/dmk/anaconda3/lib/python3.9/site-packages/airflow/example_dags/example_nested_branch_dag.py
[2022-12-31T21:16:04.822+0700] {logging_mixin.py:137} INFO - [2022-12-31T21:16:04.822+0700] {dag.py:2676} INFO - Sync 1 DAGs
[2022-12-31T21:16:04.841+0700] {logging_mixin.py:137} INFO - [2022-12-31T21:16:04.841+0700] {dag.py:3423} INFO - Setting next_dagrun for example_nested_branch_dag to 2022-12-30T00:00:00+00:00, run_after=2022-12-31T00:00:00+00:00
[2022-12-31T21:16:04.863+0700] {processor.py:175} INFO - Processing /home/dmk/anaconda3/lib/python3.9/site-packages/airflow/example_dags/example_nested_branch_dag.py took 0.113 seconds
[2022-12-31T21:16:50.226+0700] {processor.py:153} INFO - Started process (PID=23250) to work on /home/dmk/anaconda3/lib/python3.9/site-packages/airflow/example_dags/example_nested_branch_dag.py
[2022-12-31T21:16:50.232+0700] {processor.py:743} INFO - Processing file /home/dmk/anaconda3/lib/python3.9/site-packages/airflow/example_dags/example_nested_branch_dag.py for tasks to queue
[2022-12-31T21:16:50.234+0700] {logging_mixin.py:137} INFO - [2022-12-31T21:16:50.233+0700] {dagbag.py:538} INFO - Filling up the DagBag from /home/dmk/anaconda3/lib/python3.9/site-packages/airflow/example_dags/example_nested_branch_dag.py
[2022-12-31T21:16:50.268+0700] {processor.py:753} INFO - DAG(s) dict_keys(['example_nested_branch_dag']) retrieved from /home/dmk/anaconda3/lib/python3.9/site-packages/airflow/example_dags/example_nested_branch_dag.py
[2022-12-31T21:16:50.297+0700] {logging_mixin.py:137} INFO - [2022-12-31T21:16:50.297+0700] {dag.py:2676} INFO - Sync 1 DAGs
[2022-12-31T21:16:50.319+0700] {logging_mixin.py:137} INFO - [2022-12-31T21:16:50.318+0700] {dag.py:3423} INFO - Setting next_dagrun for example_nested_branch_dag to 2022-12-30T00:00:00+00:00, run_after=2022-12-31T00:00:00+00:00
[2022-12-31T21:16:50.355+0700] {processor.py:175} INFO - Processing /home/dmk/anaconda3/lib/python3.9/site-packages/airflow/example_dags/example_nested_branch_dag.py took 0.140 seconds
[2022-12-31T21:17:38.096+0700] {processor.py:153} INFO - Started process (PID=23623) to work on /home/dmk/anaconda3/lib/python3.9/site-packages/airflow/example_dags/example_nested_branch_dag.py
[2022-12-31T21:17:38.099+0700] {processor.py:743} INFO - Processing file /home/dmk/anaconda3/lib/python3.9/site-packages/airflow/example_dags/example_nested_branch_dag.py for tasks to queue
[2022-12-31T21:17:38.100+0700] {logging_mixin.py:137} INFO - [2022-12-31T21:17:38.100+0700] {dagbag.py:538} INFO - Filling up the DagBag from /home/dmk/anaconda3/lib/python3.9/site-packages/airflow/example_dags/example_nested_branch_dag.py
[2022-12-31T21:17:38.127+0700] {processor.py:753} INFO - DAG(s) dict_keys(['example_nested_branch_dag']) retrieved from /home/dmk/anaconda3/lib/python3.9/site-packages/airflow/example_dags/example_nested_branch_dag.py
[2022-12-31T21:17:38.154+0700] {logging_mixin.py:137} INFO - [2022-12-31T21:17:38.154+0700] {dag.py:2676} INFO - Sync 1 DAGs
[2022-12-31T21:17:38.173+0700] {logging_mixin.py:137} INFO - [2022-12-31T21:17:38.173+0700] {dag.py:3423} INFO - Setting next_dagrun for example_nested_branch_dag to 2022-12-30T00:00:00+00:00, run_after=2022-12-31T00:00:00+00:00
[2022-12-31T21:17:38.204+0700] {processor.py:175} INFO - Processing /home/dmk/anaconda3/lib/python3.9/site-packages/airflow/example_dags/example_nested_branch_dag.py took 0.111 seconds
[2022-12-31T21:18:59.613+0700] {processor.py:153} INFO - Started process (PID=24075) to work on /home/dmk/anaconda3/lib/python3.9/site-packages/airflow/example_dags/example_nested_branch_dag.py
[2022-12-31T21:18:59.615+0700] {processor.py:743} INFO - Processing file /home/dmk/anaconda3/lib/python3.9/site-packages/airflow/example_dags/example_nested_branch_dag.py for tasks to queue
[2022-12-31T21:18:59.615+0700] {logging_mixin.py:137} INFO - [2022-12-31T21:18:59.615+0700] {dagbag.py:538} INFO - Filling up the DagBag from /home/dmk/anaconda3/lib/python3.9/site-packages/airflow/example_dags/example_nested_branch_dag.py
[2022-12-31T21:18:59.652+0700] {processor.py:753} INFO - DAG(s) dict_keys(['example_nested_branch_dag']) retrieved from /home/dmk/anaconda3/lib/python3.9/site-packages/airflow/example_dags/example_nested_branch_dag.py
[2022-12-31T21:18:59.677+0700] {logging_mixin.py:137} INFO - [2022-12-31T21:18:59.677+0700] {dag.py:2676} INFO - Sync 1 DAGs
[2022-12-31T21:18:59.721+0700] {logging_mixin.py:137} INFO - [2022-12-31T21:18:59.721+0700] {dag.py:3423} INFO - Setting next_dagrun for example_nested_branch_dag to 2022-12-30T00:00:00+00:00, run_after=2022-12-31T00:00:00+00:00
[2022-12-31T21:18:59.882+0700] {processor.py:175} INFO - Processing /home/dmk/anaconda3/lib/python3.9/site-packages/airflow/example_dags/example_nested_branch_dag.py took 0.272 seconds
[2022-12-31T21:19:49.699+0700] {processor.py:153} INFO - Started process (PID=24217) to work on /home/dmk/anaconda3/lib/python3.9/site-packages/airflow/example_dags/example_nested_branch_dag.py
[2022-12-31T21:19:49.700+0700] {processor.py:743} INFO - Processing file /home/dmk/anaconda3/lib/python3.9/site-packages/airflow/example_dags/example_nested_branch_dag.py for tasks to queue
[2022-12-31T21:19:49.700+0700] {logging_mixin.py:137} INFO - [2022-12-31T21:19:49.700+0700] {dagbag.py:538} INFO - Filling up the DagBag from /home/dmk/anaconda3/lib/python3.9/site-packages/airflow/example_dags/example_nested_branch_dag.py
[2022-12-31T21:19:49.725+0700] {processor.py:753} INFO - DAG(s) dict_keys(['example_nested_branch_dag']) retrieved from /home/dmk/anaconda3/lib/python3.9/site-packages/airflow/example_dags/example_nested_branch_dag.py
[2022-12-31T21:19:49.753+0700] {logging_mixin.py:137} INFO - [2022-12-31T21:19:49.753+0700] {dag.py:2676} INFO - Sync 1 DAGs
[2022-12-31T21:19:49.885+0700] {logging_mixin.py:137} INFO - [2022-12-31T21:19:49.885+0700] {dag.py:3423} INFO - Setting next_dagrun for example_nested_branch_dag to 2022-12-30T00:00:00+00:00, run_after=2022-12-31T00:00:00+00:00
[2022-12-31T21:19:49.925+0700] {processor.py:175} INFO - Processing /home/dmk/anaconda3/lib/python3.9/site-packages/airflow/example_dags/example_nested_branch_dag.py took 0.231 seconds
[2022-12-31T21:20:45.662+0700] {processor.py:153} INFO - Started process (PID=24473) to work on /home/dmk/anaconda3/lib/python3.9/site-packages/airflow/example_dags/example_nested_branch_dag.py
[2022-12-31T21:20:45.667+0700] {processor.py:743} INFO - Processing file /home/dmk/anaconda3/lib/python3.9/site-packages/airflow/example_dags/example_nested_branch_dag.py for tasks to queue
[2022-12-31T21:20:45.667+0700] {logging_mixin.py:137} INFO - [2022-12-31T21:20:45.667+0700] {dagbag.py:538} INFO - Filling up the DagBag from /home/dmk/anaconda3/lib/python3.9/site-packages/airflow/example_dags/example_nested_branch_dag.py
[2022-12-31T21:20:45.694+0700] {processor.py:753} INFO - DAG(s) dict_keys(['example_nested_branch_dag']) retrieved from /home/dmk/anaconda3/lib/python3.9/site-packages/airflow/example_dags/example_nested_branch_dag.py
[2022-12-31T21:20:45.812+0700] {logging_mixin.py:137} INFO - [2022-12-31T21:20:45.812+0700] {dag.py:2676} INFO - Sync 1 DAGs
[2022-12-31T21:20:45.829+0700] {logging_mixin.py:137} INFO - [2022-12-31T21:20:45.829+0700] {dag.py:3423} INFO - Setting next_dagrun for example_nested_branch_dag to 2022-12-30T00:00:00+00:00, run_after=2022-12-31T00:00:00+00:00
[2022-12-31T21:20:45.863+0700] {processor.py:175} INFO - Processing /home/dmk/anaconda3/lib/python3.9/site-packages/airflow/example_dags/example_nested_branch_dag.py took 0.207 seconds
[2022-12-31T21:22:22.887+0700] {processor.py:153} INFO - Started process (PID=25171) to work on /home/dmk/anaconda3/lib/python3.9/site-packages/airflow/example_dags/example_nested_branch_dag.py
[2022-12-31T21:22:22.889+0700] {processor.py:743} INFO - Processing file /home/dmk/anaconda3/lib/python3.9/site-packages/airflow/example_dags/example_nested_branch_dag.py for tasks to queue
[2022-12-31T21:22:22.889+0700] {logging_mixin.py:137} INFO - [2022-12-31T21:22:22.889+0700] {dagbag.py:538} INFO - Filling up the DagBag from /home/dmk/anaconda3/lib/python3.9/site-packages/airflow/example_dags/example_nested_branch_dag.py
[2022-12-31T21:22:22.916+0700] {processor.py:753} INFO - DAG(s) dict_keys(['example_nested_branch_dag']) retrieved from /home/dmk/anaconda3/lib/python3.9/site-packages/airflow/example_dags/example_nested_branch_dag.py
[2022-12-31T21:22:22.941+0700] {logging_mixin.py:137} INFO - [2022-12-31T21:22:22.941+0700] {dag.py:2676} INFO - Sync 1 DAGs
[2022-12-31T21:22:23.053+0700] {logging_mixin.py:137} INFO - [2022-12-31T21:22:23.053+0700] {dag.py:3423} INFO - Setting next_dagrun for example_nested_branch_dag to 2022-12-30T00:00:00+00:00, run_after=2022-12-31T00:00:00+00:00
[2022-12-31T21:22:23.083+0700] {processor.py:175} INFO - Processing /home/dmk/anaconda3/lib/python3.9/site-packages/airflow/example_dags/example_nested_branch_dag.py took 0.199 seconds
[2022-12-31T21:23:12.318+0700] {processor.py:153} INFO - Started process (PID=25404) to work on /home/dmk/anaconda3/lib/python3.9/site-packages/airflow/example_dags/example_nested_branch_dag.py
[2022-12-31T21:23:12.322+0700] {processor.py:743} INFO - Processing file /home/dmk/anaconda3/lib/python3.9/site-packages/airflow/example_dags/example_nested_branch_dag.py for tasks to queue
[2022-12-31T21:23:12.325+0700] {logging_mixin.py:137} INFO - [2022-12-31T21:23:12.325+0700] {dagbag.py:538} INFO - Filling up the DagBag from /home/dmk/anaconda3/lib/python3.9/site-packages/airflow/example_dags/example_nested_branch_dag.py
[2022-12-31T21:23:12.370+0700] {processor.py:753} INFO - DAG(s) dict_keys(['example_nested_branch_dag']) retrieved from /home/dmk/anaconda3/lib/python3.9/site-packages/airflow/example_dags/example_nested_branch_dag.py
[2022-12-31T21:23:12.402+0700] {logging_mixin.py:137} INFO - [2022-12-31T21:23:12.402+0700] {dag.py:2676} INFO - Sync 1 DAGs
[2022-12-31T21:23:12.531+0700] {logging_mixin.py:137} INFO - [2022-12-31T21:23:12.531+0700] {dag.py:3423} INFO - Setting next_dagrun for example_nested_branch_dag to 2022-12-30T00:00:00+00:00, run_after=2022-12-31T00:00:00+00:00
[2022-12-31T21:23:12.566+0700] {processor.py:175} INFO - Processing /home/dmk/anaconda3/lib/python3.9/site-packages/airflow/example_dags/example_nested_branch_dag.py took 0.259 seconds
[2022-12-31T21:23:55.530+0700] {processor.py:153} INFO - Started process (PID=25471) to work on /home/dmk/anaconda3/lib/python3.9/site-packages/airflow/example_dags/example_nested_branch_dag.py
[2022-12-31T21:23:55.535+0700] {processor.py:743} INFO - Processing file /home/dmk/anaconda3/lib/python3.9/site-packages/airflow/example_dags/example_nested_branch_dag.py for tasks to queue
[2022-12-31T21:23:55.537+0700] {logging_mixin.py:137} INFO - [2022-12-31T21:23:55.537+0700] {dagbag.py:538} INFO - Filling up the DagBag from /home/dmk/anaconda3/lib/python3.9/site-packages/airflow/example_dags/example_nested_branch_dag.py
[2022-12-31T21:23:55.574+0700] {processor.py:753} INFO - DAG(s) dict_keys(['example_nested_branch_dag']) retrieved from /home/dmk/anaconda3/lib/python3.9/site-packages/airflow/example_dags/example_nested_branch_dag.py
[2022-12-31T21:23:55.705+0700] {logging_mixin.py:137} INFO - [2022-12-31T21:23:55.705+0700] {dag.py:2676} INFO - Sync 1 DAGs
[2022-12-31T21:23:55.728+0700] {logging_mixin.py:137} INFO - [2022-12-31T21:23:55.728+0700] {dag.py:3423} INFO - Setting next_dagrun for example_nested_branch_dag to 2022-12-30T00:00:00+00:00, run_after=2022-12-31T00:00:00+00:00
[2022-12-31T21:23:55.760+0700] {processor.py:175} INFO - Processing /home/dmk/anaconda3/lib/python3.9/site-packages/airflow/example_dags/example_nested_branch_dag.py took 0.238 seconds
[2022-12-31T21:24:56.695+0700] {processor.py:153} INFO - Started process (PID=25713) to work on /home/dmk/anaconda3/lib/python3.9/site-packages/airflow/example_dags/example_nested_branch_dag.py
[2022-12-31T21:24:56.699+0700] {processor.py:743} INFO - Processing file /home/dmk/anaconda3/lib/python3.9/site-packages/airflow/example_dags/example_nested_branch_dag.py for tasks to queue
[2022-12-31T21:24:56.700+0700] {logging_mixin.py:137} INFO - [2022-12-31T21:24:56.700+0700] {dagbag.py:538} INFO - Filling up the DagBag from /home/dmk/anaconda3/lib/python3.9/site-packages/airflow/example_dags/example_nested_branch_dag.py
[2022-12-31T21:24:56.724+0700] {processor.py:753} INFO - DAG(s) dict_keys(['example_nested_branch_dag']) retrieved from /home/dmk/anaconda3/lib/python3.9/site-packages/airflow/example_dags/example_nested_branch_dag.py
[2022-12-31T21:24:56.842+0700] {logging_mixin.py:137} INFO - [2022-12-31T21:24:56.842+0700] {dag.py:2676} INFO - Sync 1 DAGs
[2022-12-31T21:24:56.859+0700] {logging_mixin.py:137} INFO - [2022-12-31T21:24:56.859+0700] {dag.py:3423} INFO - Setting next_dagrun for example_nested_branch_dag to 2022-12-30T00:00:00+00:00, run_after=2022-12-31T00:00:00+00:00
[2022-12-31T21:24:56.888+0700] {processor.py:175} INFO - Processing /home/dmk/anaconda3/lib/python3.9/site-packages/airflow/example_dags/example_nested_branch_dag.py took 0.195 seconds
[2022-12-31T21:25:50.985+0700] {processor.py:153} INFO - Started process (PID=25882) to work on /home/dmk/anaconda3/lib/python3.9/site-packages/airflow/example_dags/example_nested_branch_dag.py
[2022-12-31T21:25:50.990+0700] {processor.py:743} INFO - Processing file /home/dmk/anaconda3/lib/python3.9/site-packages/airflow/example_dags/example_nested_branch_dag.py for tasks to queue
[2022-12-31T21:25:50.992+0700] {logging_mixin.py:137} INFO - [2022-12-31T21:25:50.991+0700] {dagbag.py:538} INFO - Filling up the DagBag from /home/dmk/anaconda3/lib/python3.9/site-packages/airflow/example_dags/example_nested_branch_dag.py
[2022-12-31T21:25:51.197+0700] {processor.py:753} INFO - DAG(s) dict_keys(['example_nested_branch_dag']) retrieved from /home/dmk/anaconda3/lib/python3.9/site-packages/airflow/example_dags/example_nested_branch_dag.py
[2022-12-31T21:25:51.223+0700] {logging_mixin.py:137} INFO - [2022-12-31T21:25:51.222+0700] {dag.py:2676} INFO - Sync 1 DAGs
[2022-12-31T21:25:51.244+0700] {logging_mixin.py:137} INFO - [2022-12-31T21:25:51.244+0700] {dag.py:3423} INFO - Setting next_dagrun for example_nested_branch_dag to 2022-12-30T00:00:00+00:00, run_after=2022-12-31T00:00:00+00:00
[2022-12-31T21:25:51.280+0700] {processor.py:175} INFO - Processing /home/dmk/anaconda3/lib/python3.9/site-packages/airflow/example_dags/example_nested_branch_dag.py took 0.306 seconds
[2022-12-31T21:26:41.234+0700] {processor.py:153} INFO - Started process (PID=25980) to work on /home/dmk/anaconda3/lib/python3.9/site-packages/airflow/example_dags/example_nested_branch_dag.py
[2022-12-31T21:26:41.239+0700] {processor.py:743} INFO - Processing file /home/dmk/anaconda3/lib/python3.9/site-packages/airflow/example_dags/example_nested_branch_dag.py for tasks to queue
[2022-12-31T21:26:41.242+0700] {logging_mixin.py:137} INFO - [2022-12-31T21:26:41.241+0700] {dagbag.py:538} INFO - Filling up the DagBag from /home/dmk/anaconda3/lib/python3.9/site-packages/airflow/example_dags/example_nested_branch_dag.py
[2022-12-31T21:26:41.437+0700] {processor.py:753} INFO - DAG(s) dict_keys(['example_nested_branch_dag']) retrieved from /home/dmk/anaconda3/lib/python3.9/site-packages/airflow/example_dags/example_nested_branch_dag.py
[2022-12-31T21:26:41.463+0700] {logging_mixin.py:137} INFO - [2022-12-31T21:26:41.463+0700] {dag.py:2676} INFO - Sync 1 DAGs
[2022-12-31T21:26:41.485+0700] {logging_mixin.py:137} INFO - [2022-12-31T21:26:41.485+0700] {dag.py:3423} INFO - Setting next_dagrun for example_nested_branch_dag to 2022-12-30T00:00:00+00:00, run_after=2022-12-31T00:00:00+00:00
[2022-12-31T21:26:41.520+0700] {processor.py:175} INFO - Processing /home/dmk/anaconda3/lib/python3.9/site-packages/airflow/example_dags/example_nested_branch_dag.py took 0.298 seconds
[2022-12-31T21:27:43.644+0700] {processor.py:153} INFO - Started process (PID=26092) to work on /home/dmk/anaconda3/lib/python3.9/site-packages/airflow/example_dags/example_nested_branch_dag.py
[2022-12-31T21:27:43.649+0700] {processor.py:743} INFO - Processing file /home/dmk/anaconda3/lib/python3.9/site-packages/airflow/example_dags/example_nested_branch_dag.py for tasks to queue
[2022-12-31T21:27:43.652+0700] {logging_mixin.py:137} INFO - [2022-12-31T21:27:43.651+0700] {dagbag.py:538} INFO - Filling up the DagBag from /home/dmk/anaconda3/lib/python3.9/site-packages/airflow/example_dags/example_nested_branch_dag.py
[2022-12-31T21:27:43.724+0700] {processor.py:753} INFO - DAG(s) dict_keys(['example_nested_branch_dag']) retrieved from /home/dmk/anaconda3/lib/python3.9/site-packages/airflow/example_dags/example_nested_branch_dag.py
[2022-12-31T21:27:43.775+0700] {logging_mixin.py:137} INFO - [2022-12-31T21:27:43.775+0700] {dag.py:2676} INFO - Sync 1 DAGs
[2022-12-31T21:27:43.809+0700] {logging_mixin.py:137} INFO - [2022-12-31T21:27:43.809+0700] {dag.py:3423} INFO - Setting next_dagrun for example_nested_branch_dag to 2022-12-30T00:00:00+00:00, run_after=2022-12-31T00:00:00+00:00
[2022-12-31T21:27:43.845+0700] {processor.py:175} INFO - Processing /home/dmk/anaconda3/lib/python3.9/site-packages/airflow/example_dags/example_nested_branch_dag.py took 0.213 seconds
[2022-12-31T21:28:32.816+0700] {processor.py:153} INFO - Started process (PID=26175) to work on /home/dmk/anaconda3/lib/python3.9/site-packages/airflow/example_dags/example_nested_branch_dag.py
[2022-12-31T21:28:32.819+0700] {processor.py:743} INFO - Processing file /home/dmk/anaconda3/lib/python3.9/site-packages/airflow/example_dags/example_nested_branch_dag.py for tasks to queue
[2022-12-31T21:28:32.820+0700] {logging_mixin.py:137} INFO - [2022-12-31T21:28:32.820+0700] {dagbag.py:538} INFO - Filling up the DagBag from /home/dmk/anaconda3/lib/python3.9/site-packages/airflow/example_dags/example_nested_branch_dag.py
[2022-12-31T21:28:32.859+0700] {processor.py:753} INFO - DAG(s) dict_keys(['example_nested_branch_dag']) retrieved from /home/dmk/anaconda3/lib/python3.9/site-packages/airflow/example_dags/example_nested_branch_dag.py
[2022-12-31T21:28:32.893+0700] {logging_mixin.py:137} INFO - [2022-12-31T21:28:32.893+0700] {dag.py:2676} INFO - Sync 1 DAGs
[2022-12-31T21:28:32.916+0700] {logging_mixin.py:137} INFO - [2022-12-31T21:28:32.916+0700] {dag.py:3423} INFO - Setting next_dagrun for example_nested_branch_dag to 2022-12-30T00:00:00+00:00, run_after=2022-12-31T00:00:00+00:00
[2022-12-31T21:28:32.953+0700] {processor.py:175} INFO - Processing /home/dmk/anaconda3/lib/python3.9/site-packages/airflow/example_dags/example_nested_branch_dag.py took 0.144 seconds
[2022-12-31T21:29:12.686+0700] {processor.py:153} INFO - Started process (PID=26274) to work on /home/dmk/anaconda3/lib/python3.9/site-packages/airflow/example_dags/example_nested_branch_dag.py
[2022-12-31T21:29:12.690+0700] {processor.py:743} INFO - Processing file /home/dmk/anaconda3/lib/python3.9/site-packages/airflow/example_dags/example_nested_branch_dag.py for tasks to queue
[2022-12-31T21:29:12.694+0700] {logging_mixin.py:137} INFO - [2022-12-31T21:29:12.693+0700] {dagbag.py:538} INFO - Filling up the DagBag from /home/dmk/anaconda3/lib/python3.9/site-packages/airflow/example_dags/example_nested_branch_dag.py
[2022-12-31T21:29:12.773+0700] {processor.py:753} INFO - DAG(s) dict_keys(['example_nested_branch_dag']) retrieved from /home/dmk/anaconda3/lib/python3.9/site-packages/airflow/example_dags/example_nested_branch_dag.py
[2022-12-31T21:29:12.806+0700] {logging_mixin.py:137} INFO - [2022-12-31T21:29:12.806+0700] {dag.py:2676} INFO - Sync 1 DAGs
[2022-12-31T21:29:12.828+0700] {logging_mixin.py:137} INFO - [2022-12-31T21:29:12.827+0700] {dag.py:3423} INFO - Setting next_dagrun for example_nested_branch_dag to 2022-12-30T00:00:00+00:00, run_after=2022-12-31T00:00:00+00:00
[2022-12-31T21:29:12.863+0700] {processor.py:175} INFO - Processing /home/dmk/anaconda3/lib/python3.9/site-packages/airflow/example_dags/example_nested_branch_dag.py took 0.188 seconds
[2022-12-31T21:29:57.561+0700] {processor.py:153} INFO - Started process (PID=26386) to work on /home/dmk/anaconda3/lib/python3.9/site-packages/airflow/example_dags/example_nested_branch_dag.py
[2022-12-31T21:29:57.567+0700] {processor.py:743} INFO - Processing file /home/dmk/anaconda3/lib/python3.9/site-packages/airflow/example_dags/example_nested_branch_dag.py for tasks to queue
[2022-12-31T21:29:57.571+0700] {logging_mixin.py:137} INFO - [2022-12-31T21:29:57.570+0700] {dagbag.py:538} INFO - Filling up the DagBag from /home/dmk/anaconda3/lib/python3.9/site-packages/airflow/example_dags/example_nested_branch_dag.py
[2022-12-31T21:29:57.651+0700] {processor.py:753} INFO - DAG(s) dict_keys(['example_nested_branch_dag']) retrieved from /home/dmk/anaconda3/lib/python3.9/site-packages/airflow/example_dags/example_nested_branch_dag.py
[2022-12-31T21:29:57.682+0700] {logging_mixin.py:137} INFO - [2022-12-31T21:29:57.682+0700] {dag.py:2676} INFO - Sync 1 DAGs
[2022-12-31T21:29:57.707+0700] {logging_mixin.py:137} INFO - [2022-12-31T21:29:57.707+0700] {dag.py:3423} INFO - Setting next_dagrun for example_nested_branch_dag to 2022-12-30T00:00:00+00:00, run_after=2022-12-31T00:00:00+00:00
[2022-12-31T21:29:57.740+0700] {processor.py:175} INFO - Processing /home/dmk/anaconda3/lib/python3.9/site-packages/airflow/example_dags/example_nested_branch_dag.py took 0.192 seconds
[2022-12-31T21:31:04.765+0700] {processor.py:153} INFO - Started process (PID=26525) to work on /home/dmk/anaconda3/lib/python3.9/site-packages/airflow/example_dags/example_nested_branch_dag.py
[2022-12-31T21:31:04.771+0700] {processor.py:743} INFO - Processing file /home/dmk/anaconda3/lib/python3.9/site-packages/airflow/example_dags/example_nested_branch_dag.py for tasks to queue
[2022-12-31T21:31:04.775+0700] {logging_mixin.py:137} INFO - [2022-12-31T21:31:04.774+0700] {dagbag.py:538} INFO - Filling up the DagBag from /home/dmk/anaconda3/lib/python3.9/site-packages/airflow/example_dags/example_nested_branch_dag.py
[2022-12-31T21:31:04.864+0700] {processor.py:753} INFO - DAG(s) dict_keys(['example_nested_branch_dag']) retrieved from /home/dmk/anaconda3/lib/python3.9/site-packages/airflow/example_dags/example_nested_branch_dag.py
[2022-12-31T21:31:04.900+0700] {logging_mixin.py:137} INFO - [2022-12-31T21:31:04.899+0700] {dag.py:2676} INFO - Sync 1 DAGs
[2022-12-31T21:31:04.923+0700] {logging_mixin.py:137} INFO - [2022-12-31T21:31:04.923+0700] {dag.py:3423} INFO - Setting next_dagrun for example_nested_branch_dag to 2022-12-30T00:00:00+00:00, run_after=2022-12-31T00:00:00+00:00
[2022-12-31T21:31:04.972+0700] {processor.py:175} INFO - Processing /home/dmk/anaconda3/lib/python3.9/site-packages/airflow/example_dags/example_nested_branch_dag.py took 0.219 seconds
[2022-12-31T21:31:49.107+0700] {processor.py:153} INFO - Started process (PID=26603) to work on /home/dmk/anaconda3/lib/python3.9/site-packages/airflow/example_dags/example_nested_branch_dag.py
[2022-12-31T21:31:49.112+0700] {processor.py:743} INFO - Processing file /home/dmk/anaconda3/lib/python3.9/site-packages/airflow/example_dags/example_nested_branch_dag.py for tasks to queue
[2022-12-31T21:31:49.114+0700] {logging_mixin.py:137} INFO - [2022-12-31T21:31:49.114+0700] {dagbag.py:538} INFO - Filling up the DagBag from /home/dmk/anaconda3/lib/python3.9/site-packages/airflow/example_dags/example_nested_branch_dag.py
[2022-12-31T21:31:49.173+0700] {processor.py:753} INFO - DAG(s) dict_keys(['example_nested_branch_dag']) retrieved from /home/dmk/anaconda3/lib/python3.9/site-packages/airflow/example_dags/example_nested_branch_dag.py
[2022-12-31T21:31:49.210+0700] {logging_mixin.py:137} INFO - [2022-12-31T21:31:49.210+0700] {dag.py:2676} INFO - Sync 1 DAGs
[2022-12-31T21:31:49.232+0700] {logging_mixin.py:137} INFO - [2022-12-31T21:31:49.231+0700] {dag.py:3423} INFO - Setting next_dagrun for example_nested_branch_dag to 2022-12-30T00:00:00+00:00, run_after=2022-12-31T00:00:00+00:00
[2022-12-31T21:31:49.272+0700] {processor.py:175} INFO - Processing /home/dmk/anaconda3/lib/python3.9/site-packages/airflow/example_dags/example_nested_branch_dag.py took 0.172 seconds
[2022-12-31T21:32:31.593+0700] {processor.py:153} INFO - Started process (PID=26682) to work on /home/dmk/anaconda3/lib/python3.9/site-packages/airflow/example_dags/example_nested_branch_dag.py
[2022-12-31T21:32:31.599+0700] {processor.py:743} INFO - Processing file /home/dmk/anaconda3/lib/python3.9/site-packages/airflow/example_dags/example_nested_branch_dag.py for tasks to queue
[2022-12-31T21:32:31.601+0700] {logging_mixin.py:137} INFO - [2022-12-31T21:32:31.600+0700] {dagbag.py:538} INFO - Filling up the DagBag from /home/dmk/anaconda3/lib/python3.9/site-packages/airflow/example_dags/example_nested_branch_dag.py
[2022-12-31T21:32:31.668+0700] {processor.py:753} INFO - DAG(s) dict_keys(['example_nested_branch_dag']) retrieved from /home/dmk/anaconda3/lib/python3.9/site-packages/airflow/example_dags/example_nested_branch_dag.py
[2022-12-31T21:32:31.699+0700] {logging_mixin.py:137} INFO - [2022-12-31T21:32:31.699+0700] {dag.py:2676} INFO - Sync 1 DAGs
[2022-12-31T21:32:31.723+0700] {logging_mixin.py:137} INFO - [2022-12-31T21:32:31.723+0700] {dag.py:3423} INFO - Setting next_dagrun for example_nested_branch_dag to 2022-12-30T00:00:00+00:00, run_after=2022-12-31T00:00:00+00:00
[2022-12-31T21:32:31.757+0700] {processor.py:175} INFO - Processing /home/dmk/anaconda3/lib/python3.9/site-packages/airflow/example_dags/example_nested_branch_dag.py took 0.175 seconds
[2022-12-31T21:33:32.684+0700] {processor.py:153} INFO - Started process (PID=26804) to work on /home/dmk/anaconda3/lib/python3.9/site-packages/airflow/example_dags/example_nested_branch_dag.py
[2022-12-31T21:33:32.690+0700] {processor.py:743} INFO - Processing file /home/dmk/anaconda3/lib/python3.9/site-packages/airflow/example_dags/example_nested_branch_dag.py for tasks to queue
[2022-12-31T21:33:32.691+0700] {logging_mixin.py:137} INFO - [2022-12-31T21:33:32.691+0700] {dagbag.py:538} INFO - Filling up the DagBag from /home/dmk/anaconda3/lib/python3.9/site-packages/airflow/example_dags/example_nested_branch_dag.py
[2022-12-31T21:33:32.734+0700] {processor.py:753} INFO - DAG(s) dict_keys(['example_nested_branch_dag']) retrieved from /home/dmk/anaconda3/lib/python3.9/site-packages/airflow/example_dags/example_nested_branch_dag.py
[2022-12-31T21:33:32.774+0700] {logging_mixin.py:137} INFO - [2022-12-31T21:33:32.774+0700] {dag.py:2676} INFO - Sync 1 DAGs
[2022-12-31T21:33:32.804+0700] {logging_mixin.py:137} INFO - [2022-12-31T21:33:32.804+0700] {dag.py:3423} INFO - Setting next_dagrun for example_nested_branch_dag to 2022-12-30T00:00:00+00:00, run_after=2022-12-31T00:00:00+00:00
[2022-12-31T21:33:32.841+0700] {processor.py:175} INFO - Processing /home/dmk/anaconda3/lib/python3.9/site-packages/airflow/example_dags/example_nested_branch_dag.py took 0.160 seconds
[2022-12-31T21:34:31.651+0700] {processor.py:153} INFO - Started process (PID=27506) to work on /home/dmk/anaconda3/lib/python3.9/site-packages/airflow/example_dags/example_nested_branch_dag.py
[2022-12-31T21:34:31.656+0700] {processor.py:743} INFO - Processing file /home/dmk/anaconda3/lib/python3.9/site-packages/airflow/example_dags/example_nested_branch_dag.py for tasks to queue
[2022-12-31T21:34:31.658+0700] {logging_mixin.py:137} INFO - [2022-12-31T21:34:31.658+0700] {dagbag.py:538} INFO - Filling up the DagBag from /home/dmk/anaconda3/lib/python3.9/site-packages/airflow/example_dags/example_nested_branch_dag.py
[2022-12-31T21:34:31.695+0700] {processor.py:753} INFO - DAG(s) dict_keys(['example_nested_branch_dag']) retrieved from /home/dmk/anaconda3/lib/python3.9/site-packages/airflow/example_dags/example_nested_branch_dag.py
[2022-12-31T21:34:31.713+0700] {logging_mixin.py:137} INFO - [2022-12-31T21:34:31.713+0700] {dag.py:2676} INFO - Sync 1 DAGs
[2022-12-31T21:34:31.736+0700] {logging_mixin.py:137} INFO - [2022-12-31T21:34:31.736+0700] {dag.py:3423} INFO - Setting next_dagrun for example_nested_branch_dag to 2022-12-30T00:00:00+00:00, run_after=2022-12-31T00:00:00+00:00
[2022-12-31T21:34:31.874+0700] {processor.py:175} INFO - Processing /home/dmk/anaconda3/lib/python3.9/site-packages/airflow/example_dags/example_nested_branch_dag.py took 0.226 seconds
[2022-12-31T21:35:19.911+0700] {processor.py:153} INFO - Started process (PID=27860) to work on /home/dmk/anaconda3/lib/python3.9/site-packages/airflow/example_dags/example_nested_branch_dag.py
[2022-12-31T21:35:19.914+0700] {processor.py:743} INFO - Processing file /home/dmk/anaconda3/lib/python3.9/site-packages/airflow/example_dags/example_nested_branch_dag.py for tasks to queue
[2022-12-31T21:35:19.915+0700] {logging_mixin.py:137} INFO - [2022-12-31T21:35:19.915+0700] {dagbag.py:538} INFO - Filling up the DagBag from /home/dmk/anaconda3/lib/python3.9/site-packages/airflow/example_dags/example_nested_branch_dag.py
[2022-12-31T21:35:19.940+0700] {processor.py:753} INFO - DAG(s) dict_keys(['example_nested_branch_dag']) retrieved from /home/dmk/anaconda3/lib/python3.9/site-packages/airflow/example_dags/example_nested_branch_dag.py
[2022-12-31T21:35:19.956+0700] {logging_mixin.py:137} INFO - [2022-12-31T21:35:19.956+0700] {dag.py:2676} INFO - Sync 1 DAGs
[2022-12-31T21:35:20.070+0700] {logging_mixin.py:137} INFO - [2022-12-31T21:35:20.070+0700] {dag.py:3423} INFO - Setting next_dagrun for example_nested_branch_dag to 2022-12-30T00:00:00+00:00, run_after=2022-12-31T00:00:00+00:00
[2022-12-31T21:35:20.099+0700] {processor.py:175} INFO - Processing /home/dmk/anaconda3/lib/python3.9/site-packages/airflow/example_dags/example_nested_branch_dag.py took 0.190 seconds
[2022-12-31T21:38:04.148+0700] {processor.py:153} INFO - Started process (PID=28796) to work on /home/dmk/anaconda3/lib/python3.9/site-packages/airflow/example_dags/example_nested_branch_dag.py
[2022-12-31T21:38:04.151+0700] {processor.py:743} INFO - Processing file /home/dmk/anaconda3/lib/python3.9/site-packages/airflow/example_dags/example_nested_branch_dag.py for tasks to queue
[2022-12-31T21:38:04.153+0700] {logging_mixin.py:137} INFO - [2022-12-31T21:38:04.152+0700] {dagbag.py:538} INFO - Filling up the DagBag from /home/dmk/anaconda3/lib/python3.9/site-packages/airflow/example_dags/example_nested_branch_dag.py
[2022-12-31T21:38:04.205+0700] {processor.py:753} INFO - DAG(s) dict_keys(['example_nested_branch_dag']) retrieved from /home/dmk/anaconda3/lib/python3.9/site-packages/airflow/example_dags/example_nested_branch_dag.py
[2022-12-31T21:38:04.459+0700] {logging_mixin.py:137} INFO - [2022-12-31T21:38:04.459+0700] {manager.py:504} INFO - Created Permission View: can delete on DAG:example_nested_branch_dag
[2022-12-31T21:38:04.481+0700] {logging_mixin.py:137} INFO - [2022-12-31T21:38:04.480+0700] {manager.py:504} INFO - Created Permission View: can read on DAG:example_nested_branch_dag
[2022-12-31T21:38:04.534+0700] {logging_mixin.py:137} INFO - [2022-12-31T21:38:04.534+0700] {manager.py:504} INFO - Created Permission View: can edit on DAG:example_nested_branch_dag
[2022-12-31T21:38:04.534+0700] {logging_mixin.py:137} INFO - [2022-12-31T21:38:04.534+0700] {dag.py:2676} INFO - Sync 1 DAGs
[2022-12-31T21:38:04.545+0700] {logging_mixin.py:137} INFO - [2022-12-31T21:38:04.544+0700] {dag.py:2697} INFO - Creating ORM DAG for example_nested_branch_dag
[2022-12-31T21:38:04.557+0700] {logging_mixin.py:137} INFO - [2022-12-31T21:38:04.557+0700] {dag.py:3423} INFO - Setting next_dagrun for example_nested_branch_dag to 2022-12-30T00:00:00+00:00, run_after=2022-12-31T00:00:00+00:00
[2022-12-31T21:38:04.586+0700] {processor.py:175} INFO - Processing /home/dmk/anaconda3/lib/python3.9/site-packages/airflow/example_dags/example_nested_branch_dag.py took 0.450 seconds
[2022-12-31T21:38:55.882+0700] {processor.py:153} INFO - Started process (PID=29050) to work on /home/dmk/anaconda3/lib/python3.9/site-packages/airflow/example_dags/example_nested_branch_dag.py
[2022-12-31T21:38:55.885+0700] {processor.py:743} INFO - Processing file /home/dmk/anaconda3/lib/python3.9/site-packages/airflow/example_dags/example_nested_branch_dag.py for tasks to queue
[2022-12-31T21:38:55.891+0700] {logging_mixin.py:137} INFO - [2022-12-31T21:38:55.890+0700] {dagbag.py:538} INFO - Filling up the DagBag from /home/dmk/anaconda3/lib/python3.9/site-packages/airflow/example_dags/example_nested_branch_dag.py
[2022-12-31T21:38:55.946+0700] {processor.py:753} INFO - DAG(s) dict_keys(['example_nested_branch_dag']) retrieved from /home/dmk/anaconda3/lib/python3.9/site-packages/airflow/example_dags/example_nested_branch_dag.py
[2022-12-31T21:38:55.984+0700] {logging_mixin.py:137} INFO - [2022-12-31T21:38:55.984+0700] {dag.py:2676} INFO - Sync 1 DAGs
[2022-12-31T21:38:56.111+0700] {logging_mixin.py:137} INFO - [2022-12-31T21:38:56.111+0700] {dag.py:3423} INFO - Setting next_dagrun for example_nested_branch_dag to 2022-12-30T00:00:00+00:00, run_after=2022-12-31T00:00:00+00:00
[2022-12-31T21:38:56.144+0700] {processor.py:175} INFO - Processing /home/dmk/anaconda3/lib/python3.9/site-packages/airflow/example_dags/example_nested_branch_dag.py took 0.271 seconds
[2022-12-31T21:39:42.445+0700] {processor.py:153} INFO - Started process (PID=29197) to work on /home/dmk/anaconda3/lib/python3.9/site-packages/airflow/example_dags/example_nested_branch_dag.py
[2022-12-31T21:39:42.448+0700] {processor.py:743} INFO - Processing file /home/dmk/anaconda3/lib/python3.9/site-packages/airflow/example_dags/example_nested_branch_dag.py for tasks to queue
[2022-12-31T21:39:42.448+0700] {logging_mixin.py:137} INFO - [2022-12-31T21:39:42.448+0700] {dagbag.py:538} INFO - Filling up the DagBag from /home/dmk/anaconda3/lib/python3.9/site-packages/airflow/example_dags/example_nested_branch_dag.py
[2022-12-31T21:39:42.472+0700] {processor.py:753} INFO - DAG(s) dict_keys(['example_nested_branch_dag']) retrieved from /home/dmk/anaconda3/lib/python3.9/site-packages/airflow/example_dags/example_nested_branch_dag.py
[2022-12-31T21:39:42.589+0700] {logging_mixin.py:137} INFO - [2022-12-31T21:39:42.589+0700] {dag.py:2676} INFO - Sync 1 DAGs
[2022-12-31T21:39:42.607+0700] {logging_mixin.py:137} INFO - [2022-12-31T21:39:42.607+0700] {dag.py:3423} INFO - Setting next_dagrun for example_nested_branch_dag to 2022-12-30T00:00:00+00:00, run_after=2022-12-31T00:00:00+00:00
[2022-12-31T21:39:42.639+0700] {processor.py:175} INFO - Processing /home/dmk/anaconda3/lib/python3.9/site-packages/airflow/example_dags/example_nested_branch_dag.py took 0.196 seconds
[2022-12-31T21:40:31.088+0700] {processor.py:153} INFO - Started process (PID=29442) to work on /home/dmk/anaconda3/lib/python3.9/site-packages/airflow/example_dags/example_nested_branch_dag.py
[2022-12-31T21:40:31.092+0700] {processor.py:743} INFO - Processing file /home/dmk/anaconda3/lib/python3.9/site-packages/airflow/example_dags/example_nested_branch_dag.py for tasks to queue
[2022-12-31T21:40:31.093+0700] {logging_mixin.py:137} INFO - [2022-12-31T21:40:31.093+0700] {dagbag.py:538} INFO - Filling up the DagBag from /home/dmk/anaconda3/lib/python3.9/site-packages/airflow/example_dags/example_nested_branch_dag.py
[2022-12-31T21:40:31.126+0700] {processor.py:753} INFO - DAG(s) dict_keys(['example_nested_branch_dag']) retrieved from /home/dmk/anaconda3/lib/python3.9/site-packages/airflow/example_dags/example_nested_branch_dag.py
[2022-12-31T21:40:31.276+0700] {logging_mixin.py:137} INFO - [2022-12-31T21:40:31.276+0700] {dag.py:2676} INFO - Sync 1 DAGs
[2022-12-31T21:40:31.304+0700] {logging_mixin.py:137} INFO - [2022-12-31T21:40:31.304+0700] {dag.py:3423} INFO - Setting next_dagrun for example_nested_branch_dag to 2022-12-30T00:00:00+00:00, run_after=2022-12-31T00:00:00+00:00
[2022-12-31T21:40:31.349+0700] {processor.py:175} INFO - Processing /home/dmk/anaconda3/lib/python3.9/site-packages/airflow/example_dags/example_nested_branch_dag.py took 0.264 seconds
[2022-12-31T21:41:15.852+0700] {processor.py:153} INFO - Started process (PID=29525) to work on /home/dmk/anaconda3/lib/python3.9/site-packages/airflow/example_dags/example_nested_branch_dag.py
[2022-12-31T21:41:15.857+0700] {processor.py:743} INFO - Processing file /home/dmk/anaconda3/lib/python3.9/site-packages/airflow/example_dags/example_nested_branch_dag.py for tasks to queue
[2022-12-31T21:41:15.859+0700] {logging_mixin.py:137} INFO - [2022-12-31T21:41:15.859+0700] {dagbag.py:538} INFO - Filling up the DagBag from /home/dmk/anaconda3/lib/python3.9/site-packages/airflow/example_dags/example_nested_branch_dag.py
[2022-12-31T21:41:15.897+0700] {processor.py:753} INFO - DAG(s) dict_keys(['example_nested_branch_dag']) retrieved from /home/dmk/anaconda3/lib/python3.9/site-packages/airflow/example_dags/example_nested_branch_dag.py
[2022-12-31T21:41:16.014+0700] {logging_mixin.py:137} INFO - [2022-12-31T21:41:16.014+0700] {dag.py:2676} INFO - Sync 1 DAGs
[2022-12-31T21:41:16.031+0700] {logging_mixin.py:137} INFO - [2022-12-31T21:41:16.031+0700] {dag.py:3423} INFO - Setting next_dagrun for example_nested_branch_dag to 2022-12-30T00:00:00+00:00, run_after=2022-12-31T00:00:00+00:00
[2022-12-31T21:41:16.064+0700] {processor.py:175} INFO - Processing /home/dmk/anaconda3/lib/python3.9/site-packages/airflow/example_dags/example_nested_branch_dag.py took 0.219 seconds
[2022-12-31T21:42:03.292+0700] {processor.py:153} INFO - Started process (PID=29728) to work on /home/dmk/anaconda3/lib/python3.9/site-packages/airflow/example_dags/example_nested_branch_dag.py
[2022-12-31T21:42:03.296+0700] {processor.py:743} INFO - Processing file /home/dmk/anaconda3/lib/python3.9/site-packages/airflow/example_dags/example_nested_branch_dag.py for tasks to queue
[2022-12-31T21:42:03.298+0700] {logging_mixin.py:137} INFO - [2022-12-31T21:42:03.297+0700] {dagbag.py:538} INFO - Filling up the DagBag from /home/dmk/anaconda3/lib/python3.9/site-packages/airflow/example_dags/example_nested_branch_dag.py
[2022-12-31T21:42:03.328+0700] {processor.py:753} INFO - DAG(s) dict_keys(['example_nested_branch_dag']) retrieved from /home/dmk/anaconda3/lib/python3.9/site-packages/airflow/example_dags/example_nested_branch_dag.py
[2022-12-31T21:42:03.354+0700] {logging_mixin.py:137} INFO - [2022-12-31T21:42:03.354+0700] {dag.py:2676} INFO - Sync 1 DAGs
[2022-12-31T21:42:03.467+0700] {logging_mixin.py:137} INFO - [2022-12-31T21:42:03.467+0700] {dag.py:3423} INFO - Setting next_dagrun for example_nested_branch_dag to 2022-12-30T00:00:00+00:00, run_after=2022-12-31T00:00:00+00:00
[2022-12-31T21:42:03.504+0700] {processor.py:175} INFO - Processing /home/dmk/anaconda3/lib/python3.9/site-packages/airflow/example_dags/example_nested_branch_dag.py took 0.218 seconds
[2022-12-31T21:42:51.405+0700] {processor.py:153} INFO - Started process (PID=29885) to work on /home/dmk/anaconda3/lib/python3.9/site-packages/airflow/example_dags/example_nested_branch_dag.py
[2022-12-31T21:42:51.409+0700] {processor.py:743} INFO - Processing file /home/dmk/anaconda3/lib/python3.9/site-packages/airflow/example_dags/example_nested_branch_dag.py for tasks to queue
[2022-12-31T21:42:51.410+0700] {logging_mixin.py:137} INFO - [2022-12-31T21:42:51.410+0700] {dagbag.py:538} INFO - Filling up the DagBag from /home/dmk/anaconda3/lib/python3.9/site-packages/airflow/example_dags/example_nested_branch_dag.py
[2022-12-31T21:42:51.434+0700] {processor.py:753} INFO - DAG(s) dict_keys(['example_nested_branch_dag']) retrieved from /home/dmk/anaconda3/lib/python3.9/site-packages/airflow/example_dags/example_nested_branch_dag.py
[2022-12-31T21:42:51.460+0700] {logging_mixin.py:137} INFO - [2022-12-31T21:42:51.460+0700] {dag.py:2676} INFO - Sync 1 DAGs
[2022-12-31T21:42:51.570+0700] {logging_mixin.py:137} INFO - [2022-12-31T21:42:51.570+0700] {dag.py:3423} INFO - Setting next_dagrun for example_nested_branch_dag to 2022-12-30T00:00:00+00:00, run_after=2022-12-31T00:00:00+00:00
[2022-12-31T21:42:51.599+0700] {processor.py:175} INFO - Processing /home/dmk/anaconda3/lib/python3.9/site-packages/airflow/example_dags/example_nested_branch_dag.py took 0.198 seconds
[2022-12-31T22:20:48.483+0700] {processor.py:153} INFO - Started process (PID=46115) to work on /home/dmk/anaconda3/lib/python3.9/site-packages/airflow/example_dags/example_nested_branch_dag.py
[2022-12-31T22:20:48.491+0700] {processor.py:743} INFO - Processing file /home/dmk/anaconda3/lib/python3.9/site-packages/airflow/example_dags/example_nested_branch_dag.py for tasks to queue
[2022-12-31T22:20:48.492+0700] {logging_mixin.py:137} INFO - [2022-12-31T22:20:48.492+0700] {dagbag.py:538} INFO - Filling up the DagBag from /home/dmk/anaconda3/lib/python3.9/site-packages/airflow/example_dags/example_nested_branch_dag.py
[2022-12-31T22:20:48.558+0700] {processor.py:753} INFO - DAG(s) dict_keys(['example_nested_branch_dag']) retrieved from /home/dmk/anaconda3/lib/python3.9/site-packages/airflow/example_dags/example_nested_branch_dag.py
[2022-12-31T22:20:48.625+0700] {logging_mixin.py:137} INFO - [2022-12-31T22:20:48.625+0700] {dag.py:2676} INFO - Sync 1 DAGs
[2022-12-31T22:20:48.846+0700] {logging_mixin.py:137} INFO - [2022-12-31T22:20:48.846+0700] {dag.py:3423} INFO - Setting next_dagrun for example_nested_branch_dag to 2022-12-30T00:00:00+00:00, run_after=2022-12-31T00:00:00+00:00
[2022-12-31T22:20:48.938+0700] {processor.py:175} INFO - Processing /home/dmk/anaconda3/lib/python3.9/site-packages/airflow/example_dags/example_nested_branch_dag.py took 0.460 seconds
[2022-12-31T22:23:02.456+0700] {processor.py:153} INFO - Started process (PID=47539) to work on /home/dmk/anaconda3/lib/python3.9/site-packages/airflow/example_dags/example_nested_branch_dag.py
[2022-12-31T22:23:02.470+0700] {processor.py:743} INFO - Processing file /home/dmk/anaconda3/lib/python3.9/site-packages/airflow/example_dags/example_nested_branch_dag.py for tasks to queue
[2022-12-31T22:23:02.472+0700] {logging_mixin.py:137} INFO - [2022-12-31T22:23:02.472+0700] {dagbag.py:538} INFO - Filling up the DagBag from /home/dmk/anaconda3/lib/python3.9/site-packages/airflow/example_dags/example_nested_branch_dag.py
[2022-12-31T22:23:02.523+0700] {processor.py:753} INFO - DAG(s) dict_keys(['example_nested_branch_dag']) retrieved from /home/dmk/anaconda3/lib/python3.9/site-packages/airflow/example_dags/example_nested_branch_dag.py
[2022-12-31T22:23:02.556+0700] {logging_mixin.py:137} INFO - [2022-12-31T22:23:02.555+0700] {dag.py:2676} INFO - Sync 1 DAGs
[2022-12-31T22:23:02.686+0700] {logging_mixin.py:137} INFO - [2022-12-31T22:23:02.686+0700] {dag.py:3423} INFO - Setting next_dagrun for example_nested_branch_dag to 2022-12-30T00:00:00+00:00, run_after=2022-12-31T00:00:00+00:00
[2022-12-31T22:23:02.711+0700] {processor.py:175} INFO - Processing /home/dmk/anaconda3/lib/python3.9/site-packages/airflow/example_dags/example_nested_branch_dag.py took 0.263 seconds
[2022-12-31T22:23:49.575+0700] {processor.py:153} INFO - Started process (PID=47874) to work on /home/dmk/anaconda3/lib/python3.9/site-packages/airflow/example_dags/example_nested_branch_dag.py
[2022-12-31T22:23:49.578+0700] {processor.py:743} INFO - Processing file /home/dmk/anaconda3/lib/python3.9/site-packages/airflow/example_dags/example_nested_branch_dag.py for tasks to queue
[2022-12-31T22:23:49.581+0700] {logging_mixin.py:137} INFO - [2022-12-31T22:23:49.581+0700] {dagbag.py:538} INFO - Filling up the DagBag from /home/dmk/anaconda3/lib/python3.9/site-packages/airflow/example_dags/example_nested_branch_dag.py
[2022-12-31T22:23:49.671+0700] {processor.py:753} INFO - DAG(s) dict_keys(['example_nested_branch_dag']) retrieved from /home/dmk/anaconda3/lib/python3.9/site-packages/airflow/example_dags/example_nested_branch_dag.py
[2022-12-31T22:23:49.712+0700] {logging_mixin.py:137} INFO - [2022-12-31T22:23:49.711+0700] {dag.py:2676} INFO - Sync 1 DAGs
[2022-12-31T22:23:49.842+0700] {logging_mixin.py:137} INFO - [2022-12-31T22:23:49.842+0700] {dag.py:3423} INFO - Setting next_dagrun for example_nested_branch_dag to 2022-12-30T00:00:00+00:00, run_after=2022-12-31T00:00:00+00:00
[2022-12-31T22:23:49.895+0700] {processor.py:175} INFO - Processing /home/dmk/anaconda3/lib/python3.9/site-packages/airflow/example_dags/example_nested_branch_dag.py took 0.327 seconds
[2022-12-31T22:25:10.796+0700] {processor.py:153} INFO - Started process (PID=48766) to work on /home/dmk/anaconda3/envs/airflow/lib/python3.7/site-packages/airflow/example_dags/example_nested_branch_dag.py
[2022-12-31T22:25:10.805+0700] {processor.py:743} INFO - Processing file /home/dmk/anaconda3/envs/airflow/lib/python3.7/site-packages/airflow/example_dags/example_nested_branch_dag.py for tasks to queue
[2022-12-31T22:25:10.818+0700] {logging_mixin.py:137} INFO - [2022-12-31T22:25:10.812+0700] {dagbag.py:538} INFO - Filling up the DagBag from /home/dmk/anaconda3/envs/airflow/lib/python3.7/site-packages/airflow/example_dags/example_nested_branch_dag.py
[2022-12-31T22:25:10.855+0700] {processor.py:753} INFO - DAG(s) dict_keys(['example_nested_branch_dag']) retrieved from /home/dmk/anaconda3/envs/airflow/lib/python3.7/site-packages/airflow/example_dags/example_nested_branch_dag.py
[2022-12-31T22:25:11.049+0700] {logging_mixin.py:137} INFO - [2022-12-31T22:25:11.049+0700] {dag.py:2676} INFO - Sync 1 DAGs
[2022-12-31T22:25:11.075+0700] {logging_mixin.py:137} INFO - [2022-12-31T22:25:11.075+0700] {dag.py:3427} INFO - Setting next_dagrun for example_nested_branch_dag to 2022-12-30T00:00:00+00:00, run_after=2022-12-31T00:00:00+00:00
[2022-12-31T22:25:11.110+0700] {processor.py:175} INFO - Processing /home/dmk/anaconda3/envs/airflow/lib/python3.7/site-packages/airflow/example_dags/example_nested_branch_dag.py took 0.324 seconds
[2022-12-31T22:26:01.294+0700] {processor.py:153} INFO - Started process (PID=49766) to work on /home/dmk/anaconda3/envs/airflow/lib/python3.7/site-packages/airflow/example_dags/example_nested_branch_dag.py
[2022-12-31T22:26:01.296+0700] {processor.py:743} INFO - Processing file /home/dmk/anaconda3/envs/airflow/lib/python3.7/site-packages/airflow/example_dags/example_nested_branch_dag.py for tasks to queue
[2022-12-31T22:26:01.297+0700] {logging_mixin.py:137} INFO - [2022-12-31T22:26:01.297+0700] {dagbag.py:538} INFO - Filling up the DagBag from /home/dmk/anaconda3/envs/airflow/lib/python3.7/site-packages/airflow/example_dags/example_nested_branch_dag.py
[2022-12-31T22:26:01.330+0700] {processor.py:753} INFO - DAG(s) dict_keys(['example_nested_branch_dag']) retrieved from /home/dmk/anaconda3/envs/airflow/lib/python3.7/site-packages/airflow/example_dags/example_nested_branch_dag.py
[2022-12-31T22:26:01.515+0700] {logging_mixin.py:137} INFO - [2022-12-31T22:26:01.515+0700] {dag.py:2676} INFO - Sync 1 DAGs
[2022-12-31T22:26:01.550+0700] {logging_mixin.py:137} INFO - [2022-12-31T22:26:01.550+0700] {dag.py:3427} INFO - Setting next_dagrun for example_nested_branch_dag to 2022-12-30T00:00:00+00:00, run_after=2022-12-31T00:00:00+00:00
[2022-12-31T22:26:01.597+0700] {processor.py:175} INFO - Processing /home/dmk/anaconda3/envs/airflow/lib/python3.7/site-packages/airflow/example_dags/example_nested_branch_dag.py took 0.307 seconds
[2022-12-31T22:26:51.603+0700] {processor.py:153} INFO - Started process (PID=50003) to work on /home/dmk/anaconda3/envs/airflow/lib/python3.7/site-packages/airflow/example_dags/example_nested_branch_dag.py
[2022-12-31T22:26:51.608+0700] {processor.py:743} INFO - Processing file /home/dmk/anaconda3/envs/airflow/lib/python3.7/site-packages/airflow/example_dags/example_nested_branch_dag.py for tasks to queue
[2022-12-31T22:26:51.611+0700] {logging_mixin.py:137} INFO - [2022-12-31T22:26:51.610+0700] {dagbag.py:538} INFO - Filling up the DagBag from /home/dmk/anaconda3/envs/airflow/lib/python3.7/site-packages/airflow/example_dags/example_nested_branch_dag.py
[2022-12-31T22:26:51.646+0700] {processor.py:753} INFO - DAG(s) dict_keys(['example_nested_branch_dag']) retrieved from /home/dmk/anaconda3/envs/airflow/lib/python3.7/site-packages/airflow/example_dags/example_nested_branch_dag.py
[2022-12-31T22:26:51.780+0700] {logging_mixin.py:137} INFO - [2022-12-31T22:26:51.780+0700] {dag.py:2676} INFO - Sync 1 DAGs
[2022-12-31T22:26:51.802+0700] {logging_mixin.py:137} INFO - [2022-12-31T22:26:51.802+0700] {dag.py:3427} INFO - Setting next_dagrun for example_nested_branch_dag to 2022-12-30T00:00:00+00:00, run_after=2022-12-31T00:00:00+00:00
[2022-12-31T22:26:51.834+0700] {processor.py:175} INFO - Processing /home/dmk/anaconda3/envs/airflow/lib/python3.7/site-packages/airflow/example_dags/example_nested_branch_dag.py took 0.239 seconds
[2022-12-31T22:27:40.071+0700] {processor.py:153} INFO - Started process (PID=50302) to work on /home/dmk/anaconda3/envs/airflow/lib/python3.7/site-packages/airflow/example_dags/example_nested_branch_dag.py
[2022-12-31T22:27:40.074+0700] {processor.py:743} INFO - Processing file /home/dmk/anaconda3/envs/airflow/lib/python3.7/site-packages/airflow/example_dags/example_nested_branch_dag.py for tasks to queue
[2022-12-31T22:27:40.075+0700] {logging_mixin.py:137} INFO - [2022-12-31T22:27:40.075+0700] {dagbag.py:538} INFO - Filling up the DagBag from /home/dmk/anaconda3/envs/airflow/lib/python3.7/site-packages/airflow/example_dags/example_nested_branch_dag.py
[2022-12-31T22:27:40.207+0700] {processor.py:753} INFO - DAG(s) dict_keys(['example_nested_branch_dag']) retrieved from /home/dmk/anaconda3/envs/airflow/lib/python3.7/site-packages/airflow/example_dags/example_nested_branch_dag.py
[2022-12-31T22:27:40.226+0700] {logging_mixin.py:137} INFO - [2022-12-31T22:27:40.225+0700] {dag.py:2676} INFO - Sync 1 DAGs
[2022-12-31T22:27:40.246+0700] {logging_mixin.py:137} INFO - [2022-12-31T22:27:40.246+0700] {dag.py:3427} INFO - Setting next_dagrun for example_nested_branch_dag to 2022-12-30T00:00:00+00:00, run_after=2022-12-31T00:00:00+00:00
[2022-12-31T22:27:40.300+0700] {processor.py:175} INFO - Processing /home/dmk/anaconda3/envs/airflow/lib/python3.7/site-packages/airflow/example_dags/example_nested_branch_dag.py took 0.233 seconds
[2022-12-31T22:28:30.225+0700] {processor.py:153} INFO - Started process (PID=50602) to work on /home/dmk/anaconda3/envs/airflow/lib/python3.7/site-packages/airflow/example_dags/example_nested_branch_dag.py
[2022-12-31T22:28:30.230+0700] {processor.py:743} INFO - Processing file /home/dmk/anaconda3/envs/airflow/lib/python3.7/site-packages/airflow/example_dags/example_nested_branch_dag.py for tasks to queue
[2022-12-31T22:28:30.231+0700] {logging_mixin.py:137} INFO - [2022-12-31T22:28:30.231+0700] {dagbag.py:538} INFO - Filling up the DagBag from /home/dmk/anaconda3/envs/airflow/lib/python3.7/site-packages/airflow/example_dags/example_nested_branch_dag.py
[2022-12-31T22:28:30.368+0700] {processor.py:753} INFO - DAG(s) dict_keys(['example_nested_branch_dag']) retrieved from /home/dmk/anaconda3/envs/airflow/lib/python3.7/site-packages/airflow/example_dags/example_nested_branch_dag.py
[2022-12-31T22:28:30.386+0700] {logging_mixin.py:137} INFO - [2022-12-31T22:28:30.386+0700] {dag.py:2676} INFO - Sync 1 DAGs
[2022-12-31T22:28:30.407+0700] {logging_mixin.py:137} INFO - [2022-12-31T22:28:30.407+0700] {dag.py:3427} INFO - Setting next_dagrun for example_nested_branch_dag to 2022-12-30T00:00:00+00:00, run_after=2022-12-31T00:00:00+00:00
[2022-12-31T22:28:30.437+0700] {processor.py:175} INFO - Processing /home/dmk/anaconda3/envs/airflow/lib/python3.7/site-packages/airflow/example_dags/example_nested_branch_dag.py took 0.219 seconds
[2022-12-31T22:29:18.045+0700] {processor.py:153} INFO - Started process (PID=50706) to work on /home/dmk/anaconda3/envs/airflow/lib/python3.7/site-packages/airflow/example_dags/example_nested_branch_dag.py
[2022-12-31T22:29:18.049+0700] {processor.py:743} INFO - Processing file /home/dmk/anaconda3/envs/airflow/lib/python3.7/site-packages/airflow/example_dags/example_nested_branch_dag.py for tasks to queue
[2022-12-31T22:29:18.051+0700] {logging_mixin.py:137} INFO - [2022-12-31T22:29:18.051+0700] {dagbag.py:538} INFO - Filling up the DagBag from /home/dmk/anaconda3/envs/airflow/lib/python3.7/site-packages/airflow/example_dags/example_nested_branch_dag.py
[2022-12-31T22:29:18.113+0700] {processor.py:753} INFO - DAG(s) dict_keys(['example_nested_branch_dag']) retrieved from /home/dmk/anaconda3/envs/airflow/lib/python3.7/site-packages/airflow/example_dags/example_nested_branch_dag.py
[2022-12-31T22:29:18.142+0700] {logging_mixin.py:137} INFO - [2022-12-31T22:29:18.142+0700] {dag.py:2676} INFO - Sync 1 DAGs
[2022-12-31T22:29:18.164+0700] {logging_mixin.py:137} INFO - [2022-12-31T22:29:18.164+0700] {dag.py:3427} INFO - Setting next_dagrun for example_nested_branch_dag to 2022-12-30T00:00:00+00:00, run_after=2022-12-31T00:00:00+00:00
[2022-12-31T22:29:18.194+0700] {processor.py:175} INFO - Processing /home/dmk/anaconda3/envs/airflow/lib/python3.7/site-packages/airflow/example_dags/example_nested_branch_dag.py took 0.158 seconds
[2022-12-31T22:30:05.106+0700] {processor.py:153} INFO - Started process (PID=51301) to work on /home/dmk/anaconda3/envs/airflow/lib/python3.7/site-packages/airflow/example_dags/example_nested_branch_dag.py
[2022-12-31T22:30:05.110+0700] {processor.py:743} INFO - Processing file /home/dmk/anaconda3/envs/airflow/lib/python3.7/site-packages/airflow/example_dags/example_nested_branch_dag.py for tasks to queue
[2022-12-31T22:30:05.111+0700] {logging_mixin.py:137} INFO - [2022-12-31T22:30:05.110+0700] {dagbag.py:538} INFO - Filling up the DagBag from /home/dmk/anaconda3/envs/airflow/lib/python3.7/site-packages/airflow/example_dags/example_nested_branch_dag.py
[2022-12-31T22:30:05.135+0700] {processor.py:753} INFO - DAG(s) dict_keys(['example_nested_branch_dag']) retrieved from /home/dmk/anaconda3/envs/airflow/lib/python3.7/site-packages/airflow/example_dags/example_nested_branch_dag.py
[2022-12-31T22:30:05.157+0700] {logging_mixin.py:137} INFO - [2022-12-31T22:30:05.157+0700] {dag.py:2676} INFO - Sync 1 DAGs
[2022-12-31T22:30:05.179+0700] {logging_mixin.py:137} INFO - [2022-12-31T22:30:05.179+0700] {dag.py:3427} INFO - Setting next_dagrun for example_nested_branch_dag to 2022-12-30T00:00:00+00:00, run_after=2022-12-31T00:00:00+00:00
[2022-12-31T22:30:05.217+0700] {processor.py:175} INFO - Processing /home/dmk/anaconda3/envs/airflow/lib/python3.7/site-packages/airflow/example_dags/example_nested_branch_dag.py took 0.115 seconds
[2022-12-31T22:30:52.944+0700] {processor.py:153} INFO - Started process (PID=51608) to work on /home/dmk/anaconda3/envs/airflow/lib/python3.7/site-packages/airflow/example_dags/example_nested_branch_dag.py
[2022-12-31T22:30:52.948+0700] {processor.py:743} INFO - Processing file /home/dmk/anaconda3/envs/airflow/lib/python3.7/site-packages/airflow/example_dags/example_nested_branch_dag.py for tasks to queue
[2022-12-31T22:30:52.949+0700] {logging_mixin.py:137} INFO - [2022-12-31T22:30:52.949+0700] {dagbag.py:538} INFO - Filling up the DagBag from /home/dmk/anaconda3/envs/airflow/lib/python3.7/site-packages/airflow/example_dags/example_nested_branch_dag.py
[2022-12-31T22:30:52.980+0700] {processor.py:753} INFO - DAG(s) dict_keys(['example_nested_branch_dag']) retrieved from /home/dmk/anaconda3/envs/airflow/lib/python3.7/site-packages/airflow/example_dags/example_nested_branch_dag.py
[2022-12-31T22:30:53.003+0700] {logging_mixin.py:137} INFO - [2022-12-31T22:30:53.003+0700] {dag.py:2676} INFO - Sync 1 DAGs
[2022-12-31T22:30:53.025+0700] {logging_mixin.py:137} INFO - [2022-12-31T22:30:53.025+0700] {dag.py:3427} INFO - Setting next_dagrun for example_nested_branch_dag to 2022-12-30T00:00:00+00:00, run_after=2022-12-31T00:00:00+00:00
[2022-12-31T22:30:53.060+0700] {processor.py:175} INFO - Processing /home/dmk/anaconda3/envs/airflow/lib/python3.7/site-packages/airflow/example_dags/example_nested_branch_dag.py took 0.121 seconds
[2022-12-31T22:31:41.143+0700] {processor.py:153} INFO - Started process (PID=51802) to work on /home/dmk/anaconda3/envs/airflow/lib/python3.7/site-packages/airflow/example_dags/example_nested_branch_dag.py
[2022-12-31T22:31:41.147+0700] {processor.py:743} INFO - Processing file /home/dmk/anaconda3/envs/airflow/lib/python3.7/site-packages/airflow/example_dags/example_nested_branch_dag.py for tasks to queue
[2022-12-31T22:31:41.148+0700] {logging_mixin.py:137} INFO - [2022-12-31T22:31:41.148+0700] {dagbag.py:538} INFO - Filling up the DagBag from /home/dmk/anaconda3/envs/airflow/lib/python3.7/site-packages/airflow/example_dags/example_nested_branch_dag.py
[2022-12-31T22:31:41.189+0700] {processor.py:753} INFO - DAG(s) dict_keys(['example_nested_branch_dag']) retrieved from /home/dmk/anaconda3/envs/airflow/lib/python3.7/site-packages/airflow/example_dags/example_nested_branch_dag.py
[2022-12-31T22:31:41.230+0700] {logging_mixin.py:137} INFO - [2022-12-31T22:31:41.230+0700] {dag.py:2676} INFO - Sync 1 DAGs
[2022-12-31T22:31:41.269+0700] {logging_mixin.py:137} INFO - [2022-12-31T22:31:41.268+0700] {dag.py:3427} INFO - Setting next_dagrun for example_nested_branch_dag to 2022-12-30T00:00:00+00:00, run_after=2022-12-31T00:00:00+00:00
[2022-12-31T22:31:41.304+0700] {processor.py:175} INFO - Processing /home/dmk/anaconda3/envs/airflow/lib/python3.7/site-packages/airflow/example_dags/example_nested_branch_dag.py took 0.167 seconds
[2022-12-31T22:32:30.583+0700] {processor.py:153} INFO - Started process (PID=51879) to work on /home/dmk/anaconda3/envs/airflow/lib/python3.7/site-packages/airflow/example_dags/example_nested_branch_dag.py
[2022-12-31T22:32:30.592+0700] {processor.py:743} INFO - Processing file /home/dmk/anaconda3/envs/airflow/lib/python3.7/site-packages/airflow/example_dags/example_nested_branch_dag.py for tasks to queue
[2022-12-31T22:32:30.594+0700] {logging_mixin.py:137} INFO - [2022-12-31T22:32:30.594+0700] {dagbag.py:538} INFO - Filling up the DagBag from /home/dmk/anaconda3/envs/airflow/lib/python3.7/site-packages/airflow/example_dags/example_nested_branch_dag.py
[2022-12-31T22:32:30.633+0700] {processor.py:753} INFO - DAG(s) dict_keys(['example_nested_branch_dag']) retrieved from /home/dmk/anaconda3/envs/airflow/lib/python3.7/site-packages/airflow/example_dags/example_nested_branch_dag.py
[2022-12-31T22:32:30.659+0700] {logging_mixin.py:137} INFO - [2022-12-31T22:32:30.659+0700] {dag.py:2676} INFO - Sync 1 DAGs
[2022-12-31T22:32:30.686+0700] {logging_mixin.py:137} INFO - [2022-12-31T22:32:30.686+0700] {dag.py:3427} INFO - Setting next_dagrun for example_nested_branch_dag to 2022-12-30T00:00:00+00:00, run_after=2022-12-31T00:00:00+00:00
[2022-12-31T22:32:30.720+0700] {processor.py:175} INFO - Processing /home/dmk/anaconda3/envs/airflow/lib/python3.7/site-packages/airflow/example_dags/example_nested_branch_dag.py took 0.157 seconds
