[2022-12-31T20:53:39.272+0700] {processor.py:153} INFO - Started process (PID=11478) to work on /home/dmk/anaconda3/lib/python3.9/site-packages/airflow/example_dags/example_branch_labels.py
[2022-12-31T20:53:39.273+0700] {processor.py:743} INFO - Processing file /home/dmk/anaconda3/lib/python3.9/site-packages/airflow/example_dags/example_branch_labels.py for tasks to queue
[2022-12-31T20:53:39.274+0700] {logging_mixin.py:137} INFO - [2022-12-31T20:53:39.274+0700] {dagbag.py:538} INFO - Filling up the DagBag from /home/dmk/anaconda3/lib/python3.9/site-packages/airflow/example_dags/example_branch_labels.py
[2022-12-31T20:53:39.290+0700] {processor.py:753} INFO - DAG(s) dict_keys(['example_branch_labels']) retrieved from /home/dmk/anaconda3/lib/python3.9/site-packages/airflow/example_dags/example_branch_labels.py
[2022-12-31T20:53:39.475+0700] {logging_mixin.py:137} INFO - [2022-12-31T20:53:39.475+0700] {dag.py:2676} INFO - Sync 1 DAGs
[2022-12-31T20:53:39.494+0700] {logging_mixin.py:137} INFO - [2022-12-31T20:53:39.494+0700] {dag.py:3423} INFO - Setting next_dagrun for example_branch_labels to 2022-12-30T00:00:00+00:00, run_after=2022-12-31T00:00:00+00:00
[2022-12-31T20:53:39.522+0700] {processor.py:175} INFO - Processing /home/dmk/anaconda3/lib/python3.9/site-packages/airflow/example_dags/example_branch_labels.py took 0.252 seconds
[2022-12-31T20:55:41.826+0700] {processor.py:153} INFO - Started process (PID=12058) to work on /home/dmk/anaconda3/lib/python3.9/site-packages/airflow/example_dags/example_branch_labels.py
[2022-12-31T20:55:41.827+0700] {processor.py:743} INFO - Processing file /home/dmk/anaconda3/lib/python3.9/site-packages/airflow/example_dags/example_branch_labels.py for tasks to queue
[2022-12-31T20:55:41.828+0700] {logging_mixin.py:137} INFO - [2022-12-31T20:55:41.828+0700] {dagbag.py:538} INFO - Filling up the DagBag from /home/dmk/anaconda3/lib/python3.9/site-packages/airflow/example_dags/example_branch_labels.py
[2022-12-31T20:55:41.852+0700] {processor.py:753} INFO - DAG(s) dict_keys(['example_branch_labels']) retrieved from /home/dmk/anaconda3/lib/python3.9/site-packages/airflow/example_dags/example_branch_labels.py
[2022-12-31T20:55:41.892+0700] {logging_mixin.py:137} INFO - [2022-12-31T20:55:41.892+0700] {dag.py:2676} INFO - Sync 1 DAGs
[2022-12-31T20:55:42.028+0700] {logging_mixin.py:137} INFO - [2022-12-31T20:55:42.028+0700] {dag.py:3423} INFO - Setting next_dagrun for example_branch_labels to 2022-12-30T00:00:00+00:00, run_after=2022-12-31T00:00:00+00:00
[2022-12-31T20:55:42.051+0700] {processor.py:175} INFO - Processing /home/dmk/anaconda3/lib/python3.9/site-packages/airflow/example_dags/example_branch_labels.py took 0.230 seconds
[2022-12-31T20:56:57.293+0700] {processor.py:153} INFO - Started process (PID=12385) to work on /home/dmk/anaconda3/lib/python3.9/site-packages/airflow/example_dags/example_branch_labels.py
[2022-12-31T20:56:57.295+0700] {processor.py:743} INFO - Processing file /home/dmk/anaconda3/lib/python3.9/site-packages/airflow/example_dags/example_branch_labels.py for tasks to queue
[2022-12-31T20:56:57.295+0700] {logging_mixin.py:137} INFO - [2022-12-31T20:56:57.295+0700] {dagbag.py:538} INFO - Filling up the DagBag from /home/dmk/anaconda3/lib/python3.9/site-packages/airflow/example_dags/example_branch_labels.py
[2022-12-31T20:56:57.313+0700] {processor.py:753} INFO - DAG(s) dict_keys(['example_branch_labels']) retrieved from /home/dmk/anaconda3/lib/python3.9/site-packages/airflow/example_dags/example_branch_labels.py
[2022-12-31T20:56:57.446+0700] {logging_mixin.py:137} INFO - [2022-12-31T20:56:57.446+0700] {dag.py:2676} INFO - Sync 1 DAGs
[2022-12-31T20:56:57.466+0700] {logging_mixin.py:137} INFO - [2022-12-31T20:56:57.466+0700] {dag.py:3423} INFO - Setting next_dagrun for example_branch_labels to 2022-12-30T00:00:00+00:00, run_after=2022-12-31T00:00:00+00:00
[2022-12-31T20:56:57.495+0700] {processor.py:175} INFO - Processing /home/dmk/anaconda3/lib/python3.9/site-packages/airflow/example_dags/example_branch_labels.py took 0.205 seconds
[2022-12-31T20:58:02.654+0700] {processor.py:153} INFO - Started process (PID=12828) to work on /home/dmk/anaconda3/lib/python3.9/site-packages/airflow/example_dags/example_branch_labels.py
[2022-12-31T20:58:02.659+0700] {processor.py:743} INFO - Processing file /home/dmk/anaconda3/lib/python3.9/site-packages/airflow/example_dags/example_branch_labels.py for tasks to queue
[2022-12-31T20:58:02.661+0700] {logging_mixin.py:137} INFO - [2022-12-31T20:58:02.661+0700] {dagbag.py:538} INFO - Filling up the DagBag from /home/dmk/anaconda3/lib/python3.9/site-packages/airflow/example_dags/example_branch_labels.py
[2022-12-31T20:58:02.688+0700] {processor.py:753} INFO - DAG(s) dict_keys(['example_branch_labels']) retrieved from /home/dmk/anaconda3/lib/python3.9/site-packages/airflow/example_dags/example_branch_labels.py
[2022-12-31T20:58:02.819+0700] {logging_mixin.py:137} INFO - [2022-12-31T20:58:02.819+0700] {dag.py:2676} INFO - Sync 1 DAGs
[2022-12-31T20:58:02.837+0700] {logging_mixin.py:137} INFO - [2022-12-31T20:58:02.837+0700] {dag.py:3423} INFO - Setting next_dagrun for example_branch_labels to 2022-12-30T00:00:00+00:00, run_after=2022-12-31T00:00:00+00:00
[2022-12-31T20:58:02.861+0700] {processor.py:175} INFO - Processing /home/dmk/anaconda3/lib/python3.9/site-packages/airflow/example_dags/example_branch_labels.py took 0.210 seconds
[2022-12-31T20:59:17.951+0700] {processor.py:153} INFO - Started process (PID=13117) to work on /home/dmk/anaconda3/lib/python3.9/site-packages/airflow/example_dags/example_branch_labels.py
[2022-12-31T20:59:17.955+0700] {processor.py:743} INFO - Processing file /home/dmk/anaconda3/lib/python3.9/site-packages/airflow/example_dags/example_branch_labels.py for tasks to queue
[2022-12-31T20:59:17.956+0700] {logging_mixin.py:137} INFO - [2022-12-31T20:59:17.956+0700] {dagbag.py:538} INFO - Filling up the DagBag from /home/dmk/anaconda3/lib/python3.9/site-packages/airflow/example_dags/example_branch_labels.py
[2022-12-31T20:59:17.981+0700] {processor.py:753} INFO - DAG(s) dict_keys(['example_branch_labels']) retrieved from /home/dmk/anaconda3/lib/python3.9/site-packages/airflow/example_dags/example_branch_labels.py
[2022-12-31T20:59:18.023+0700] {logging_mixin.py:137} INFO - [2022-12-31T20:59:18.023+0700] {dag.py:2676} INFO - Sync 1 DAGs
[2022-12-31T20:59:18.047+0700] {logging_mixin.py:137} INFO - [2022-12-31T20:59:18.047+0700] {dag.py:3423} INFO - Setting next_dagrun for example_branch_labels to 2022-12-30T00:00:00+00:00, run_after=2022-12-31T00:00:00+00:00
[2022-12-31T20:59:18.071+0700] {processor.py:175} INFO - Processing /home/dmk/anaconda3/lib/python3.9/site-packages/airflow/example_dags/example_branch_labels.py took 0.124 seconds
[2022-12-31T21:00:39.514+0700] {processor.py:153} INFO - Started process (PID=15428) to work on /home/dmk/anaconda3/lib/python3.9/site-packages/airflow/example_dags/example_branch_labels.py
[2022-12-31T21:00:39.519+0700] {processor.py:743} INFO - Processing file /home/dmk/anaconda3/lib/python3.9/site-packages/airflow/example_dags/example_branch_labels.py for tasks to queue
[2022-12-31T21:00:39.522+0700] {logging_mixin.py:137} INFO - [2022-12-31T21:00:39.521+0700] {dagbag.py:538} INFO - Filling up the DagBag from /home/dmk/anaconda3/lib/python3.9/site-packages/airflow/example_dags/example_branch_labels.py
[2022-12-31T21:00:39.548+0700] {processor.py:753} INFO - DAG(s) dict_keys(['example_branch_labels']) retrieved from /home/dmk/anaconda3/lib/python3.9/site-packages/airflow/example_dags/example_branch_labels.py
[2022-12-31T21:00:39.576+0700] {logging_mixin.py:137} INFO - [2022-12-31T21:00:39.576+0700] {dag.py:2676} INFO - Sync 1 DAGs
[2022-12-31T21:00:39.596+0700] {logging_mixin.py:137} INFO - [2022-12-31T21:00:39.595+0700] {dag.py:3423} INFO - Setting next_dagrun for example_branch_labels to 2022-12-30T00:00:00+00:00, run_after=2022-12-31T00:00:00+00:00
[2022-12-31T21:00:39.617+0700] {processor.py:175} INFO - Processing /home/dmk/anaconda3/lib/python3.9/site-packages/airflow/example_dags/example_branch_labels.py took 0.112 seconds
[2022-12-31T21:01:35.503+0700] {processor.py:153} INFO - Started process (PID=16213) to work on /home/dmk/anaconda3/lib/python3.9/site-packages/airflow/example_dags/example_branch_labels.py
[2022-12-31T21:01:35.507+0700] {processor.py:743} INFO - Processing file /home/dmk/anaconda3/lib/python3.9/site-packages/airflow/example_dags/example_branch_labels.py for tasks to queue
[2022-12-31T21:01:35.508+0700] {logging_mixin.py:137} INFO - [2022-12-31T21:01:35.508+0700] {dagbag.py:538} INFO - Filling up the DagBag from /home/dmk/anaconda3/lib/python3.9/site-packages/airflow/example_dags/example_branch_labels.py
[2022-12-31T21:01:35.527+0700] {processor.py:753} INFO - DAG(s) dict_keys(['example_branch_labels']) retrieved from /home/dmk/anaconda3/lib/python3.9/site-packages/airflow/example_dags/example_branch_labels.py
[2022-12-31T21:01:35.562+0700] {logging_mixin.py:137} INFO - [2022-12-31T21:01:35.562+0700] {dag.py:2676} INFO - Sync 1 DAGs
[2022-12-31T21:01:35.589+0700] {logging_mixin.py:137} INFO - [2022-12-31T21:01:35.589+0700] {dag.py:3423} INFO - Setting next_dagrun for example_branch_labels to 2022-12-30T00:00:00+00:00, run_after=2022-12-31T00:00:00+00:00
[2022-12-31T21:01:35.619+0700] {processor.py:175} INFO - Processing /home/dmk/anaconda3/lib/python3.9/site-packages/airflow/example_dags/example_branch_labels.py took 0.120 seconds
[2022-12-31T21:02:26.869+0700] {processor.py:153} INFO - Started process (PID=16332) to work on /home/dmk/anaconda3/lib/python3.9/site-packages/airflow/example_dags/example_branch_labels.py
[2022-12-31T21:02:26.871+0700] {processor.py:743} INFO - Processing file /home/dmk/anaconda3/lib/python3.9/site-packages/airflow/example_dags/example_branch_labels.py for tasks to queue
[2022-12-31T21:02:26.874+0700] {logging_mixin.py:137} INFO - [2022-12-31T21:02:26.874+0700] {dagbag.py:538} INFO - Filling up the DagBag from /home/dmk/anaconda3/lib/python3.9/site-packages/airflow/example_dags/example_branch_labels.py
[2022-12-31T21:02:26.891+0700] {processor.py:753} INFO - DAG(s) dict_keys(['example_branch_labels']) retrieved from /home/dmk/anaconda3/lib/python3.9/site-packages/airflow/example_dags/example_branch_labels.py
[2022-12-31T21:02:26.915+0700] {logging_mixin.py:137} INFO - [2022-12-31T21:02:26.915+0700] {dag.py:2676} INFO - Sync 1 DAGs
[2022-12-31T21:02:26.935+0700] {logging_mixin.py:137} INFO - [2022-12-31T21:02:26.935+0700] {dag.py:3423} INFO - Setting next_dagrun for example_branch_labels to 2022-12-30T00:00:00+00:00, run_after=2022-12-31T00:00:00+00:00
[2022-12-31T21:02:26.955+0700] {processor.py:175} INFO - Processing /home/dmk/anaconda3/lib/python3.9/site-packages/airflow/example_dags/example_branch_labels.py took 0.092 seconds
[2022-12-31T21:04:09.004+0700] {processor.py:153} INFO - Started process (PID=17091) to work on /home/dmk/anaconda3/lib/python3.9/site-packages/airflow/example_dags/example_branch_labels.py
[2022-12-31T21:04:09.006+0700] {processor.py:743} INFO - Processing file /home/dmk/anaconda3/lib/python3.9/site-packages/airflow/example_dags/example_branch_labels.py for tasks to queue
[2022-12-31T21:04:09.007+0700] {logging_mixin.py:137} INFO - [2022-12-31T21:04:09.006+0700] {dagbag.py:538} INFO - Filling up the DagBag from /home/dmk/anaconda3/lib/python3.9/site-packages/airflow/example_dags/example_branch_labels.py
[2022-12-31T21:04:09.029+0700] {processor.py:753} INFO - DAG(s) dict_keys(['example_branch_labels']) retrieved from /home/dmk/anaconda3/lib/python3.9/site-packages/airflow/example_dags/example_branch_labels.py
[2022-12-31T21:04:09.331+0700] {logging_mixin.py:137} INFO - [2022-12-31T21:04:09.330+0700] {dag.py:2676} INFO - Sync 1 DAGs
[2022-12-31T21:04:09.376+0700] {logging_mixin.py:137} INFO - [2022-12-31T21:04:09.376+0700] {dag.py:3423} INFO - Setting next_dagrun for example_branch_labels to 2022-12-30T00:00:00+00:00, run_after=2022-12-31T00:00:00+00:00
[2022-12-31T21:04:09.408+0700] {processor.py:175} INFO - Processing /home/dmk/anaconda3/lib/python3.9/site-packages/airflow/example_dags/example_branch_labels.py took 0.408 seconds
[2022-12-31T21:05:24.699+0700] {processor.py:153} INFO - Started process (PID=18219) to work on /home/dmk/anaconda3/lib/python3.9/site-packages/airflow/example_dags/example_branch_labels.py
[2022-12-31T21:05:24.702+0700] {processor.py:743} INFO - Processing file /home/dmk/anaconda3/lib/python3.9/site-packages/airflow/example_dags/example_branch_labels.py for tasks to queue
[2022-12-31T21:05:24.703+0700] {logging_mixin.py:137} INFO - [2022-12-31T21:05:24.702+0700] {dagbag.py:538} INFO - Filling up the DagBag from /home/dmk/anaconda3/lib/python3.9/site-packages/airflow/example_dags/example_branch_labels.py
[2022-12-31T21:05:24.720+0700] {processor.py:753} INFO - DAG(s) dict_keys(['example_branch_labels']) retrieved from /home/dmk/anaconda3/lib/python3.9/site-packages/airflow/example_dags/example_branch_labels.py
[2022-12-31T21:05:24.915+0700] {logging_mixin.py:137} INFO - [2022-12-31T21:05:24.915+0700] {dag.py:2676} INFO - Sync 1 DAGs
[2022-12-31T21:05:24.934+0700] {logging_mixin.py:137} INFO - [2022-12-31T21:05:24.934+0700] {dag.py:3423} INFO - Setting next_dagrun for example_branch_labels to 2022-12-30T00:00:00+00:00, run_after=2022-12-31T00:00:00+00:00
[2022-12-31T21:05:24.958+0700] {processor.py:175} INFO - Processing /home/dmk/anaconda3/lib/python3.9/site-packages/airflow/example_dags/example_branch_labels.py took 0.263 seconds
[2022-12-31T21:06:54.351+0700] {processor.py:153} INFO - Started process (PID=18495) to work on /home/dmk/anaconda3/lib/python3.9/site-packages/airflow/example_dags/example_branch_labels.py
[2022-12-31T21:06:54.355+0700] {processor.py:743} INFO - Processing file /home/dmk/anaconda3/lib/python3.9/site-packages/airflow/example_dags/example_branch_labels.py for tasks to queue
[2022-12-31T21:06:54.357+0700] {logging_mixin.py:137} INFO - [2022-12-31T21:06:54.357+0700] {dagbag.py:538} INFO - Filling up the DagBag from /home/dmk/anaconda3/lib/python3.9/site-packages/airflow/example_dags/example_branch_labels.py
[2022-12-31T21:06:54.393+0700] {processor.py:753} INFO - DAG(s) dict_keys(['example_branch_labels']) retrieved from /home/dmk/anaconda3/lib/python3.9/site-packages/airflow/example_dags/example_branch_labels.py
[2022-12-31T21:06:54.513+0700] {logging_mixin.py:137} INFO - [2022-12-31T21:06:54.513+0700] {dag.py:2676} INFO - Sync 1 DAGs
[2022-12-31T21:06:54.530+0700] {logging_mixin.py:137} INFO - [2022-12-31T21:06:54.530+0700] {dag.py:3423} INFO - Setting next_dagrun for example_branch_labels to 2022-12-30T00:00:00+00:00, run_after=2022-12-31T00:00:00+00:00
[2022-12-31T21:06:54.550+0700] {processor.py:175} INFO - Processing /home/dmk/anaconda3/lib/python3.9/site-packages/airflow/example_dags/example_branch_labels.py took 0.201 seconds
[2022-12-31T21:08:01.301+0700] {processor.py:153} INFO - Started process (PID=18773) to work on /home/dmk/anaconda3/lib/python3.9/site-packages/airflow/example_dags/example_branch_labels.py
[2022-12-31T21:08:01.305+0700] {processor.py:743} INFO - Processing file /home/dmk/anaconda3/lib/python3.9/site-packages/airflow/example_dags/example_branch_labels.py for tasks to queue
[2022-12-31T21:08:01.306+0700] {logging_mixin.py:137} INFO - [2022-12-31T21:08:01.306+0700] {dagbag.py:538} INFO - Filling up the DagBag from /home/dmk/anaconda3/lib/python3.9/site-packages/airflow/example_dags/example_branch_labels.py
[2022-12-31T21:08:01.423+0700] {processor.py:753} INFO - DAG(s) dict_keys(['example_branch_labels']) retrieved from /home/dmk/anaconda3/lib/python3.9/site-packages/airflow/example_dags/example_branch_labels.py
[2022-12-31T21:08:01.445+0700] {logging_mixin.py:137} INFO - [2022-12-31T21:08:01.444+0700] {dag.py:2676} INFO - Sync 1 DAGs
[2022-12-31T21:08:01.462+0700] {logging_mixin.py:137} INFO - [2022-12-31T21:08:01.462+0700] {dag.py:3423} INFO - Setting next_dagrun for example_branch_labels to 2022-12-30T00:00:00+00:00, run_after=2022-12-31T00:00:00+00:00
[2022-12-31T21:08:01.482+0700] {processor.py:175} INFO - Processing /home/dmk/anaconda3/lib/python3.9/site-packages/airflow/example_dags/example_branch_labels.py took 0.188 seconds
[2022-12-31T21:08:54.972+0700] {processor.py:153} INFO - Started process (PID=19183) to work on /home/dmk/anaconda3/lib/python3.9/site-packages/airflow/example_dags/example_branch_labels.py
[2022-12-31T21:08:54.974+0700] {processor.py:743} INFO - Processing file /home/dmk/anaconda3/lib/python3.9/site-packages/airflow/example_dags/example_branch_labels.py for tasks to queue
[2022-12-31T21:08:54.975+0700] {logging_mixin.py:137} INFO - [2022-12-31T21:08:54.975+0700] {dagbag.py:538} INFO - Filling up the DagBag from /home/dmk/anaconda3/lib/python3.9/site-packages/airflow/example_dags/example_branch_labels.py
[2022-12-31T21:08:54.991+0700] {processor.py:753} INFO - DAG(s) dict_keys(['example_branch_labels']) retrieved from /home/dmk/anaconda3/lib/python3.9/site-packages/airflow/example_dags/example_branch_labels.py
[2022-12-31T21:08:55.018+0700] {logging_mixin.py:137} INFO - [2022-12-31T21:08:55.018+0700] {dag.py:2676} INFO - Sync 1 DAGs
[2022-12-31T21:08:55.037+0700] {logging_mixin.py:137} INFO - [2022-12-31T21:08:55.037+0700] {dag.py:3423} INFO - Setting next_dagrun for example_branch_labels to 2022-12-30T00:00:00+00:00, run_after=2022-12-31T00:00:00+00:00
[2022-12-31T21:08:55.066+0700] {processor.py:175} INFO - Processing /home/dmk/anaconda3/lib/python3.9/site-packages/airflow/example_dags/example_branch_labels.py took 0.097 seconds
[2022-12-31T21:10:03.701+0700] {processor.py:153} INFO - Started process (PID=19866) to work on /home/dmk/anaconda3/lib/python3.9/site-packages/airflow/example_dags/example_branch_labels.py
[2022-12-31T21:10:03.703+0700] {processor.py:743} INFO - Processing file /home/dmk/anaconda3/lib/python3.9/site-packages/airflow/example_dags/example_branch_labels.py for tasks to queue
[2022-12-31T21:10:03.704+0700] {logging_mixin.py:137} INFO - [2022-12-31T21:10:03.704+0700] {dagbag.py:538} INFO - Filling up the DagBag from /home/dmk/anaconda3/lib/python3.9/site-packages/airflow/example_dags/example_branch_labels.py
[2022-12-31T21:10:03.717+0700] {processor.py:753} INFO - DAG(s) dict_keys(['example_branch_labels']) retrieved from /home/dmk/anaconda3/lib/python3.9/site-packages/airflow/example_dags/example_branch_labels.py
[2022-12-31T21:10:03.743+0700] {logging_mixin.py:137} INFO - [2022-12-31T21:10:03.743+0700] {dag.py:2676} INFO - Sync 1 DAGs
[2022-12-31T21:10:03.761+0700] {logging_mixin.py:137} INFO - [2022-12-31T21:10:03.761+0700] {dag.py:3423} INFO - Setting next_dagrun for example_branch_labels to 2022-12-30T00:00:00+00:00, run_after=2022-12-31T00:00:00+00:00
[2022-12-31T21:10:03.782+0700] {processor.py:175} INFO - Processing /home/dmk/anaconda3/lib/python3.9/site-packages/airflow/example_dags/example_branch_labels.py took 0.083 seconds
[2022-12-31T21:10:53.406+0700] {processor.py:153} INFO - Started process (PID=20141) to work on /home/dmk/anaconda3/lib/python3.9/site-packages/airflow/example_dags/example_branch_labels.py
[2022-12-31T21:10:53.412+0700] {processor.py:743} INFO - Processing file /home/dmk/anaconda3/lib/python3.9/site-packages/airflow/example_dags/example_branch_labels.py for tasks to queue
[2022-12-31T21:10:53.415+0700] {logging_mixin.py:137} INFO - [2022-12-31T21:10:53.415+0700] {dagbag.py:538} INFO - Filling up the DagBag from /home/dmk/anaconda3/lib/python3.9/site-packages/airflow/example_dags/example_branch_labels.py
[2022-12-31T21:10:53.465+0700] {processor.py:753} INFO - DAG(s) dict_keys(['example_branch_labels']) retrieved from /home/dmk/anaconda3/lib/python3.9/site-packages/airflow/example_dags/example_branch_labels.py
[2022-12-31T21:10:53.508+0700] {logging_mixin.py:137} INFO - [2022-12-31T21:10:53.508+0700] {dag.py:2676} INFO - Sync 1 DAGs
[2022-12-31T21:10:53.532+0700] {logging_mixin.py:137} INFO - [2022-12-31T21:10:53.532+0700] {dag.py:3423} INFO - Setting next_dagrun for example_branch_labels to 2022-12-30T00:00:00+00:00, run_after=2022-12-31T00:00:00+00:00
[2022-12-31T21:10:53.556+0700] {processor.py:175} INFO - Processing /home/dmk/anaconda3/lib/python3.9/site-packages/airflow/example_dags/example_branch_labels.py took 0.159 seconds
[2022-12-31T21:11:44.622+0700] {processor.py:153} INFO - Started process (PID=20274) to work on /home/dmk/anaconda3/lib/python3.9/site-packages/airflow/example_dags/example_branch_labels.py
[2022-12-31T21:11:44.627+0700] {processor.py:743} INFO - Processing file /home/dmk/anaconda3/lib/python3.9/site-packages/airflow/example_dags/example_branch_labels.py for tasks to queue
[2022-12-31T21:11:44.630+0700] {logging_mixin.py:137} INFO - [2022-12-31T21:11:44.629+0700] {dagbag.py:538} INFO - Filling up the DagBag from /home/dmk/anaconda3/lib/python3.9/site-packages/airflow/example_dags/example_branch_labels.py
[2022-12-31T21:11:44.662+0700] {processor.py:753} INFO - DAG(s) dict_keys(['example_branch_labels']) retrieved from /home/dmk/anaconda3/lib/python3.9/site-packages/airflow/example_dags/example_branch_labels.py
[2022-12-31T21:11:44.696+0700] {logging_mixin.py:137} INFO - [2022-12-31T21:11:44.695+0700] {dag.py:2676} INFO - Sync 1 DAGs
[2022-12-31T21:11:44.717+0700] {logging_mixin.py:137} INFO - [2022-12-31T21:11:44.717+0700] {dag.py:3423} INFO - Setting next_dagrun for example_branch_labels to 2022-12-30T00:00:00+00:00, run_after=2022-12-31T00:00:00+00:00
[2022-12-31T21:11:44.741+0700] {processor.py:175} INFO - Processing /home/dmk/anaconda3/lib/python3.9/site-packages/airflow/example_dags/example_branch_labels.py took 0.132 seconds
[2022-12-31T21:12:42.987+0700] {processor.py:153} INFO - Started process (PID=20467) to work on /home/dmk/anaconda3/lib/python3.9/site-packages/airflow/example_dags/example_branch_labels.py
[2022-12-31T21:12:42.992+0700] {processor.py:743} INFO - Processing file /home/dmk/anaconda3/lib/python3.9/site-packages/airflow/example_dags/example_branch_labels.py for tasks to queue
[2022-12-31T21:12:42.994+0700] {logging_mixin.py:137} INFO - [2022-12-31T21:12:42.993+0700] {dagbag.py:538} INFO - Filling up the DagBag from /home/dmk/anaconda3/lib/python3.9/site-packages/airflow/example_dags/example_branch_labels.py
[2022-12-31T21:12:43.031+0700] {processor.py:753} INFO - DAG(s) dict_keys(['example_branch_labels']) retrieved from /home/dmk/anaconda3/lib/python3.9/site-packages/airflow/example_dags/example_branch_labels.py
[2022-12-31T21:12:43.060+0700] {logging_mixin.py:137} INFO - [2022-12-31T21:12:43.060+0700] {dag.py:2676} INFO - Sync 1 DAGs
[2022-12-31T21:12:43.083+0700] {logging_mixin.py:137} INFO - [2022-12-31T21:12:43.082+0700] {dag.py:3423} INFO - Setting next_dagrun for example_branch_labels to 2022-12-30T00:00:00+00:00, run_after=2022-12-31T00:00:00+00:00
[2022-12-31T21:12:43.102+0700] {processor.py:175} INFO - Processing /home/dmk/anaconda3/lib/python3.9/site-packages/airflow/example_dags/example_branch_labels.py took 0.124 seconds
[2022-12-31T21:13:35.245+0700] {processor.py:153} INFO - Started process (PID=20684) to work on /home/dmk/anaconda3/lib/python3.9/site-packages/airflow/example_dags/example_branch_labels.py
[2022-12-31T21:13:35.247+0700] {processor.py:743} INFO - Processing file /home/dmk/anaconda3/lib/python3.9/site-packages/airflow/example_dags/example_branch_labels.py for tasks to queue
[2022-12-31T21:13:35.248+0700] {logging_mixin.py:137} INFO - [2022-12-31T21:13:35.248+0700] {dagbag.py:538} INFO - Filling up the DagBag from /home/dmk/anaconda3/lib/python3.9/site-packages/airflow/example_dags/example_branch_labels.py
[2022-12-31T21:13:35.263+0700] {processor.py:753} INFO - DAG(s) dict_keys(['example_branch_labels']) retrieved from /home/dmk/anaconda3/lib/python3.9/site-packages/airflow/example_dags/example_branch_labels.py
[2022-12-31T21:13:35.303+0700] {logging_mixin.py:137} INFO - [2022-12-31T21:13:35.303+0700] {dag.py:2676} INFO - Sync 1 DAGs
[2022-12-31T21:13:35.329+0700] {logging_mixin.py:137} INFO - [2022-12-31T21:13:35.329+0700] {dag.py:3423} INFO - Setting next_dagrun for example_branch_labels to 2022-12-30T00:00:00+00:00, run_after=2022-12-31T00:00:00+00:00
[2022-12-31T21:13:35.350+0700] {processor.py:175} INFO - Processing /home/dmk/anaconda3/lib/python3.9/site-packages/airflow/example_dags/example_branch_labels.py took 0.107 seconds
[2022-12-31T21:14:25.585+0700] {processor.py:153} INFO - Started process (PID=21548) to work on /home/dmk/anaconda3/lib/python3.9/site-packages/airflow/example_dags/example_branch_labels.py
[2022-12-31T21:14:25.589+0700] {processor.py:743} INFO - Processing file /home/dmk/anaconda3/lib/python3.9/site-packages/airflow/example_dags/example_branch_labels.py for tasks to queue
[2022-12-31T21:14:25.590+0700] {logging_mixin.py:137} INFO - [2022-12-31T21:14:25.590+0700] {dagbag.py:538} INFO - Filling up the DagBag from /home/dmk/anaconda3/lib/python3.9/site-packages/airflow/example_dags/example_branch_labels.py
[2022-12-31T21:14:25.605+0700] {processor.py:753} INFO - DAG(s) dict_keys(['example_branch_labels']) retrieved from /home/dmk/anaconda3/lib/python3.9/site-packages/airflow/example_dags/example_branch_labels.py
[2022-12-31T21:14:25.631+0700] {logging_mixin.py:137} INFO - [2022-12-31T21:14:25.631+0700] {dag.py:2676} INFO - Sync 1 DAGs
[2022-12-31T21:14:25.649+0700] {logging_mixin.py:137} INFO - [2022-12-31T21:14:25.649+0700] {dag.py:3423} INFO - Setting next_dagrun for example_branch_labels to 2022-12-30T00:00:00+00:00, run_after=2022-12-31T00:00:00+00:00
[2022-12-31T21:14:25.670+0700] {processor.py:175} INFO - Processing /home/dmk/anaconda3/lib/python3.9/site-packages/airflow/example_dags/example_branch_labels.py took 0.089 seconds
[2022-12-31T21:15:32.916+0700] {processor.py:153} INFO - Started process (PID=22182) to work on /home/dmk/anaconda3/lib/python3.9/site-packages/airflow/example_dags/example_branch_labels.py
[2022-12-31T21:15:32.920+0700] {processor.py:743} INFO - Processing file /home/dmk/anaconda3/lib/python3.9/site-packages/airflow/example_dags/example_branch_labels.py for tasks to queue
[2022-12-31T21:15:32.920+0700] {logging_mixin.py:137} INFO - [2022-12-31T21:15:32.920+0700] {dagbag.py:538} INFO - Filling up the DagBag from /home/dmk/anaconda3/lib/python3.9/site-packages/airflow/example_dags/example_branch_labels.py
[2022-12-31T21:15:32.935+0700] {processor.py:753} INFO - DAG(s) dict_keys(['example_branch_labels']) retrieved from /home/dmk/anaconda3/lib/python3.9/site-packages/airflow/example_dags/example_branch_labels.py
[2022-12-31T21:15:32.960+0700] {logging_mixin.py:137} INFO - [2022-12-31T21:15:32.960+0700] {dag.py:2676} INFO - Sync 1 DAGs
[2022-12-31T21:15:32.978+0700] {logging_mixin.py:137} INFO - [2022-12-31T21:15:32.978+0700] {dag.py:3423} INFO - Setting next_dagrun for example_branch_labels to 2022-12-30T00:00:00+00:00, run_after=2022-12-31T00:00:00+00:00
[2022-12-31T21:15:33.001+0700] {processor.py:175} INFO - Processing /home/dmk/anaconda3/lib/python3.9/site-packages/airflow/example_dags/example_branch_labels.py took 0.087 seconds
[2022-12-31T21:16:25.222+0700] {processor.py:153} INFO - Started process (PID=22704) to work on /home/dmk/anaconda3/lib/python3.9/site-packages/airflow/example_dags/example_branch_labels.py
[2022-12-31T21:16:25.226+0700] {processor.py:743} INFO - Processing file /home/dmk/anaconda3/lib/python3.9/site-packages/airflow/example_dags/example_branch_labels.py for tasks to queue
[2022-12-31T21:16:25.228+0700] {logging_mixin.py:137} INFO - [2022-12-31T21:16:25.227+0700] {dagbag.py:538} INFO - Filling up the DagBag from /home/dmk/anaconda3/lib/python3.9/site-packages/airflow/example_dags/example_branch_labels.py
[2022-12-31T21:16:25.250+0700] {processor.py:753} INFO - DAG(s) dict_keys(['example_branch_labels']) retrieved from /home/dmk/anaconda3/lib/python3.9/site-packages/airflow/example_dags/example_branch_labels.py
[2022-12-31T21:16:25.278+0700] {logging_mixin.py:137} INFO - [2022-12-31T21:16:25.278+0700] {dag.py:2676} INFO - Sync 1 DAGs
[2022-12-31T21:16:25.302+0700] {logging_mixin.py:137} INFO - [2022-12-31T21:16:25.302+0700] {dag.py:3423} INFO - Setting next_dagrun for example_branch_labels to 2022-12-30T00:00:00+00:00, run_after=2022-12-31T00:00:00+00:00
[2022-12-31T21:16:25.326+0700] {processor.py:175} INFO - Processing /home/dmk/anaconda3/lib/python3.9/site-packages/airflow/example_dags/example_branch_labels.py took 0.117 seconds
[2022-12-31T21:17:12.485+0700] {processor.py:153} INFO - Started process (PID=23576) to work on /home/dmk/anaconda3/lib/python3.9/site-packages/airflow/example_dags/example_branch_labels.py
[2022-12-31T21:17:12.490+0700] {processor.py:743} INFO - Processing file /home/dmk/anaconda3/lib/python3.9/site-packages/airflow/example_dags/example_branch_labels.py for tasks to queue
[2022-12-31T21:17:12.493+0700] {logging_mixin.py:137} INFO - [2022-12-31T21:17:12.492+0700] {dagbag.py:538} INFO - Filling up the DagBag from /home/dmk/anaconda3/lib/python3.9/site-packages/airflow/example_dags/example_branch_labels.py
[2022-12-31T21:17:12.542+0700] {processor.py:753} INFO - DAG(s) dict_keys(['example_branch_labels']) retrieved from /home/dmk/anaconda3/lib/python3.9/site-packages/airflow/example_dags/example_branch_labels.py
[2022-12-31T21:17:12.584+0700] {logging_mixin.py:137} INFO - [2022-12-31T21:17:12.584+0700] {dag.py:2676} INFO - Sync 1 DAGs
[2022-12-31T21:17:12.606+0700] {logging_mixin.py:137} INFO - [2022-12-31T21:17:12.606+0700] {dag.py:3423} INFO - Setting next_dagrun for example_branch_labels to 2022-12-30T00:00:00+00:00, run_after=2022-12-31T00:00:00+00:00
[2022-12-31T21:17:12.645+0700] {processor.py:175} INFO - Processing /home/dmk/anaconda3/lib/python3.9/site-packages/airflow/example_dags/example_branch_labels.py took 0.168 seconds
[2022-12-31T21:18:01.763+0700] {processor.py:153} INFO - Started process (PID=23667) to work on /home/dmk/anaconda3/lib/python3.9/site-packages/airflow/example_dags/example_branch_labels.py
[2022-12-31T21:18:01.764+0700] {processor.py:743} INFO - Processing file /home/dmk/anaconda3/lib/python3.9/site-packages/airflow/example_dags/example_branch_labels.py for tasks to queue
[2022-12-31T21:18:01.765+0700] {logging_mixin.py:137} INFO - [2022-12-31T21:18:01.765+0700] {dagbag.py:538} INFO - Filling up the DagBag from /home/dmk/anaconda3/lib/python3.9/site-packages/airflow/example_dags/example_branch_labels.py
[2022-12-31T21:18:01.782+0700] {processor.py:753} INFO - DAG(s) dict_keys(['example_branch_labels']) retrieved from /home/dmk/anaconda3/lib/python3.9/site-packages/airflow/example_dags/example_branch_labels.py
[2022-12-31T21:18:01.808+0700] {logging_mixin.py:137} INFO - [2022-12-31T21:18:01.808+0700] {dag.py:2676} INFO - Sync 1 DAGs
[2022-12-31T21:18:01.826+0700] {logging_mixin.py:137} INFO - [2022-12-31T21:18:01.826+0700] {dag.py:3423} INFO - Setting next_dagrun for example_branch_labels to 2022-12-30T00:00:00+00:00, run_after=2022-12-31T00:00:00+00:00
[2022-12-31T21:18:01.853+0700] {processor.py:175} INFO - Processing /home/dmk/anaconda3/lib/python3.9/site-packages/airflow/example_dags/example_branch_labels.py took 0.095 seconds
[2022-12-31T21:19:31.355+0700] {processor.py:153} INFO - Started process (PID=24139) to work on /home/dmk/anaconda3/lib/python3.9/site-packages/airflow/example_dags/example_branch_labels.py
[2022-12-31T21:19:31.358+0700] {processor.py:743} INFO - Processing file /home/dmk/anaconda3/lib/python3.9/site-packages/airflow/example_dags/example_branch_labels.py for tasks to queue
[2022-12-31T21:19:31.358+0700] {logging_mixin.py:137} INFO - [2022-12-31T21:19:31.358+0700] {dagbag.py:538} INFO - Filling up the DagBag from /home/dmk/anaconda3/lib/python3.9/site-packages/airflow/example_dags/example_branch_labels.py
[2022-12-31T21:19:31.375+0700] {processor.py:753} INFO - DAG(s) dict_keys(['example_branch_labels']) retrieved from /home/dmk/anaconda3/lib/python3.9/site-packages/airflow/example_dags/example_branch_labels.py
[2022-12-31T21:19:31.401+0700] {logging_mixin.py:137} INFO - [2022-12-31T21:19:31.401+0700] {dag.py:2676} INFO - Sync 1 DAGs
[2022-12-31T21:19:31.515+0700] {logging_mixin.py:137} INFO - [2022-12-31T21:19:31.515+0700] {dag.py:3423} INFO - Setting next_dagrun for example_branch_labels to 2022-12-30T00:00:00+00:00, run_after=2022-12-31T00:00:00+00:00
[2022-12-31T21:19:31.544+0700] {processor.py:175} INFO - Processing /home/dmk/anaconda3/lib/python3.9/site-packages/airflow/example_dags/example_branch_labels.py took 0.193 seconds
[2022-12-31T21:20:37.484+0700] {processor.py:153} INFO - Started process (PID=24460) to work on /home/dmk/anaconda3/lib/python3.9/site-packages/airflow/example_dags/example_branch_labels.py
[2022-12-31T21:20:37.489+0700] {processor.py:743} INFO - Processing file /home/dmk/anaconda3/lib/python3.9/site-packages/airflow/example_dags/example_branch_labels.py for tasks to queue
[2022-12-31T21:20:37.491+0700] {logging_mixin.py:137} INFO - [2022-12-31T21:20:37.491+0700] {dagbag.py:538} INFO - Filling up the DagBag from /home/dmk/anaconda3/lib/python3.9/site-packages/airflow/example_dags/example_branch_labels.py
[2022-12-31T21:20:37.516+0700] {processor.py:753} INFO - DAG(s) dict_keys(['example_branch_labels']) retrieved from /home/dmk/anaconda3/lib/python3.9/site-packages/airflow/example_dags/example_branch_labels.py
[2022-12-31T21:20:37.543+0700] {logging_mixin.py:137} INFO - [2022-12-31T21:20:37.543+0700] {dag.py:2676} INFO - Sync 1 DAGs
[2022-12-31T21:20:37.659+0700] {logging_mixin.py:137} INFO - [2022-12-31T21:20:37.659+0700] {dag.py:3423} INFO - Setting next_dagrun for example_branch_labels to 2022-12-30T00:00:00+00:00, run_after=2022-12-31T00:00:00+00:00
[2022-12-31T21:20:37.689+0700] {processor.py:175} INFO - Processing /home/dmk/anaconda3/lib/python3.9/site-packages/airflow/example_dags/example_branch_labels.py took 0.212 seconds
[2022-12-31T21:22:54.615+0700] {processor.py:153} INFO - Started process (PID=25350) to work on /home/dmk/anaconda3/lib/python3.9/site-packages/airflow/example_dags/example_branch_labels.py
[2022-12-31T21:22:54.617+0700] {processor.py:743} INFO - Processing file /home/dmk/anaconda3/lib/python3.9/site-packages/airflow/example_dags/example_branch_labels.py for tasks to queue
[2022-12-31T21:22:54.619+0700] {logging_mixin.py:137} INFO - [2022-12-31T21:22:54.618+0700] {dagbag.py:538} INFO - Filling up the DagBag from /home/dmk/anaconda3/lib/python3.9/site-packages/airflow/example_dags/example_branch_labels.py
[2022-12-31T21:22:54.639+0700] {processor.py:753} INFO - DAG(s) dict_keys(['example_branch_labels']) retrieved from /home/dmk/anaconda3/lib/python3.9/site-packages/airflow/example_dags/example_branch_labels.py
[2022-12-31T21:22:54.677+0700] {logging_mixin.py:137} INFO - [2022-12-31T21:22:54.676+0700] {dag.py:2676} INFO - Sync 1 DAGs
[2022-12-31T21:22:54.812+0700] {logging_mixin.py:137} INFO - [2022-12-31T21:22:54.812+0700] {dag.py:3423} INFO - Setting next_dagrun for example_branch_labels to 2022-12-30T00:00:00+00:00, run_after=2022-12-31T00:00:00+00:00
[2022-12-31T21:22:54.848+0700] {processor.py:175} INFO - Processing /home/dmk/anaconda3/lib/python3.9/site-packages/airflow/example_dags/example_branch_labels.py took 0.236 seconds
[2022-12-31T21:24:00.404+0700] {processor.py:153} INFO - Started process (PID=25481) to work on /home/dmk/anaconda3/lib/python3.9/site-packages/airflow/example_dags/example_branch_labels.py
[2022-12-31T21:24:00.406+0700] {processor.py:743} INFO - Processing file /home/dmk/anaconda3/lib/python3.9/site-packages/airflow/example_dags/example_branch_labels.py for tasks to queue
[2022-12-31T21:24:00.408+0700] {logging_mixin.py:137} INFO - [2022-12-31T21:24:00.408+0700] {dagbag.py:538} INFO - Filling up the DagBag from /home/dmk/anaconda3/lib/python3.9/site-packages/airflow/example_dags/example_branch_labels.py
[2022-12-31T21:24:00.440+0700] {processor.py:753} INFO - DAG(s) dict_keys(['example_branch_labels']) retrieved from /home/dmk/anaconda3/lib/python3.9/site-packages/airflow/example_dags/example_branch_labels.py
[2022-12-31T21:24:00.467+0700] {logging_mixin.py:137} INFO - [2022-12-31T21:24:00.467+0700] {dag.py:2676} INFO - Sync 1 DAGs
[2022-12-31T21:24:00.578+0700] {logging_mixin.py:137} INFO - [2022-12-31T21:24:00.578+0700] {dag.py:3423} INFO - Setting next_dagrun for example_branch_labels to 2022-12-30T00:00:00+00:00, run_after=2022-12-31T00:00:00+00:00
[2022-12-31T21:24:00.607+0700] {processor.py:175} INFO - Processing /home/dmk/anaconda3/lib/python3.9/site-packages/airflow/example_dags/example_branch_labels.py took 0.211 seconds
[2022-12-31T21:25:02.145+0700] {processor.py:153} INFO - Started process (PID=25731) to work on /home/dmk/anaconda3/lib/python3.9/site-packages/airflow/example_dags/example_branch_labels.py
[2022-12-31T21:25:02.150+0700] {processor.py:743} INFO - Processing file /home/dmk/anaconda3/lib/python3.9/site-packages/airflow/example_dags/example_branch_labels.py for tasks to queue
[2022-12-31T21:25:02.151+0700] {logging_mixin.py:137} INFO - [2022-12-31T21:25:02.151+0700] {dagbag.py:538} INFO - Filling up the DagBag from /home/dmk/anaconda3/lib/python3.9/site-packages/airflow/example_dags/example_branch_labels.py
[2022-12-31T21:25:02.176+0700] {processor.py:753} INFO - DAG(s) dict_keys(['example_branch_labels']) retrieved from /home/dmk/anaconda3/lib/python3.9/site-packages/airflow/example_dags/example_branch_labels.py
[2022-12-31T21:25:02.304+0700] {logging_mixin.py:137} INFO - [2022-12-31T21:25:02.304+0700] {dag.py:2676} INFO - Sync 1 DAGs
[2022-12-31T21:25:02.321+0700] {logging_mixin.py:137} INFO - [2022-12-31T21:25:02.321+0700] {dag.py:3423} INFO - Setting next_dagrun for example_branch_labels to 2022-12-30T00:00:00+00:00, run_after=2022-12-31T00:00:00+00:00
[2022-12-31T21:25:02.360+0700] {processor.py:175} INFO - Processing /home/dmk/anaconda3/lib/python3.9/site-packages/airflow/example_dags/example_branch_labels.py took 0.220 seconds
[2022-12-31T21:26:03.844+0700] {processor.py:153} INFO - Started process (PID=25906) to work on /home/dmk/anaconda3/lib/python3.9/site-packages/airflow/example_dags/example_branch_labels.py
[2022-12-31T21:26:03.850+0700] {processor.py:743} INFO - Processing file /home/dmk/anaconda3/lib/python3.9/site-packages/airflow/example_dags/example_branch_labels.py for tasks to queue
[2022-12-31T21:26:03.853+0700] {logging_mixin.py:137} INFO - [2022-12-31T21:26:03.852+0700] {dagbag.py:538} INFO - Filling up the DagBag from /home/dmk/anaconda3/lib/python3.9/site-packages/airflow/example_dags/example_branch_labels.py
[2022-12-31T21:26:03.892+0700] {processor.py:753} INFO - DAG(s) dict_keys(['example_branch_labels']) retrieved from /home/dmk/anaconda3/lib/python3.9/site-packages/airflow/example_dags/example_branch_labels.py
[2022-12-31T21:26:04.040+0700] {logging_mixin.py:137} INFO - [2022-12-31T21:26:04.040+0700] {dag.py:2676} INFO - Sync 1 DAGs
[2022-12-31T21:26:04.062+0700] {logging_mixin.py:137} INFO - [2022-12-31T21:26:04.062+0700] {dag.py:3423} INFO - Setting next_dagrun for example_branch_labels to 2022-12-30T00:00:00+00:00, run_after=2022-12-31T00:00:00+00:00
[2022-12-31T21:26:04.107+0700] {processor.py:175} INFO - Processing /home/dmk/anaconda3/lib/python3.9/site-packages/airflow/example_dags/example_branch_labels.py took 0.272 seconds
[2022-12-31T21:26:58.825+0700] {processor.py:153} INFO - Started process (PID=26007) to work on /home/dmk/anaconda3/lib/python3.9/site-packages/airflow/example_dags/example_branch_labels.py
[2022-12-31T21:26:58.828+0700] {processor.py:743} INFO - Processing file /home/dmk/anaconda3/lib/python3.9/site-packages/airflow/example_dags/example_branch_labels.py for tasks to queue
[2022-12-31T21:26:58.829+0700] {logging_mixin.py:137} INFO - [2022-12-31T21:26:58.829+0700] {dagbag.py:538} INFO - Filling up the DagBag from /home/dmk/anaconda3/lib/python3.9/site-packages/airflow/example_dags/example_branch_labels.py
[2022-12-31T21:26:58.963+0700] {processor.py:753} INFO - DAG(s) dict_keys(['example_branch_labels']) retrieved from /home/dmk/anaconda3/lib/python3.9/site-packages/airflow/example_dags/example_branch_labels.py
[2022-12-31T21:26:58.991+0700] {logging_mixin.py:137} INFO - [2022-12-31T21:26:58.990+0700] {dag.py:2676} INFO - Sync 1 DAGs
[2022-12-31T21:26:59.015+0700] {logging_mixin.py:137} INFO - [2022-12-31T21:26:59.015+0700] {dag.py:3423} INFO - Setting next_dagrun for example_branch_labels to 2022-12-30T00:00:00+00:00, run_after=2022-12-31T00:00:00+00:00
[2022-12-31T21:26:59.050+0700] {processor.py:175} INFO - Processing /home/dmk/anaconda3/lib/python3.9/site-packages/airflow/example_dags/example_branch_labels.py took 0.230 seconds
[2022-12-31T21:28:03.023+0700] {processor.py:153} INFO - Started process (PID=26125) to work on /home/dmk/anaconda3/lib/python3.9/site-packages/airflow/example_dags/example_branch_labels.py
[2022-12-31T21:28:03.027+0700] {processor.py:743} INFO - Processing file /home/dmk/anaconda3/lib/python3.9/site-packages/airflow/example_dags/example_branch_labels.py for tasks to queue
[2022-12-31T21:28:03.028+0700] {logging_mixin.py:137} INFO - [2022-12-31T21:28:03.028+0700] {dagbag.py:538} INFO - Filling up the DagBag from /home/dmk/anaconda3/lib/python3.9/site-packages/airflow/example_dags/example_branch_labels.py
[2022-12-31T21:28:03.077+0700] {processor.py:753} INFO - DAG(s) dict_keys(['example_branch_labels']) retrieved from /home/dmk/anaconda3/lib/python3.9/site-packages/airflow/example_dags/example_branch_labels.py
[2022-12-31T21:28:03.111+0700] {logging_mixin.py:137} INFO - [2022-12-31T21:28:03.111+0700] {dag.py:2676} INFO - Sync 1 DAGs
[2022-12-31T21:28:03.132+0700] {logging_mixin.py:137} INFO - [2022-12-31T21:28:03.132+0700] {dag.py:3423} INFO - Setting next_dagrun for example_branch_labels to 2022-12-30T00:00:00+00:00, run_after=2022-12-31T00:00:00+00:00
[2022-12-31T21:28:03.173+0700] {processor.py:175} INFO - Processing /home/dmk/anaconda3/lib/python3.9/site-packages/airflow/example_dags/example_branch_labels.py took 0.162 seconds
[2022-12-31T21:29:04.393+0700] {processor.py:153} INFO - Started process (PID=26253) to work on /home/dmk/anaconda3/lib/python3.9/site-packages/airflow/example_dags/example_branch_labels.py
[2022-12-31T21:29:04.396+0700] {processor.py:743} INFO - Processing file /home/dmk/anaconda3/lib/python3.9/site-packages/airflow/example_dags/example_branch_labels.py for tasks to queue
[2022-12-31T21:29:04.399+0700] {logging_mixin.py:137} INFO - [2022-12-31T21:29:04.398+0700] {dagbag.py:538} INFO - Filling up the DagBag from /home/dmk/anaconda3/lib/python3.9/site-packages/airflow/example_dags/example_branch_labels.py
[2022-12-31T21:29:04.438+0700] {processor.py:753} INFO - DAG(s) dict_keys(['example_branch_labels']) retrieved from /home/dmk/anaconda3/lib/python3.9/site-packages/airflow/example_dags/example_branch_labels.py
[2022-12-31T21:29:04.473+0700] {logging_mixin.py:137} INFO - [2022-12-31T21:29:04.473+0700] {dag.py:2676} INFO - Sync 1 DAGs
[2022-12-31T21:29:04.495+0700] {logging_mixin.py:137} INFO - [2022-12-31T21:29:04.495+0700] {dag.py:3423} INFO - Setting next_dagrun for example_branch_labels to 2022-12-30T00:00:00+00:00, run_after=2022-12-31T00:00:00+00:00
[2022-12-31T21:29:04.563+0700] {processor.py:175} INFO - Processing /home/dmk/anaconda3/lib/python3.9/site-packages/airflow/example_dags/example_branch_labels.py took 0.182 seconds
[2022-12-31T21:30:23.050+0700] {processor.py:153} INFO - Started process (PID=26446) to work on /home/dmk/anaconda3/lib/python3.9/site-packages/airflow/example_dags/example_branch_labels.py
[2022-12-31T21:30:23.059+0700] {processor.py:743} INFO - Processing file /home/dmk/anaconda3/lib/python3.9/site-packages/airflow/example_dags/example_branch_labels.py for tasks to queue
[2022-12-31T21:30:23.062+0700] {logging_mixin.py:137} INFO - [2022-12-31T21:30:23.061+0700] {dagbag.py:538} INFO - Filling up the DagBag from /home/dmk/anaconda3/lib/python3.9/site-packages/airflow/example_dags/example_branch_labels.py
[2022-12-31T21:30:23.110+0700] {processor.py:753} INFO - DAG(s) dict_keys(['example_branch_labels']) retrieved from /home/dmk/anaconda3/lib/python3.9/site-packages/airflow/example_dags/example_branch_labels.py
[2022-12-31T21:30:23.147+0700] {logging_mixin.py:137} INFO - [2022-12-31T21:30:23.147+0700] {dag.py:2676} INFO - Sync 1 DAGs
[2022-12-31T21:30:23.170+0700] {logging_mixin.py:137} INFO - [2022-12-31T21:30:23.170+0700] {dag.py:3423} INFO - Setting next_dagrun for example_branch_labels to 2022-12-30T00:00:00+00:00, run_after=2022-12-31T00:00:00+00:00
[2022-12-31T21:30:23.203+0700] {processor.py:175} INFO - Processing /home/dmk/anaconda3/lib/python3.9/site-packages/airflow/example_dags/example_branch_labels.py took 0.164 seconds
[2022-12-31T21:31:18.195+0700] {processor.py:153} INFO - Started process (PID=26544) to work on /home/dmk/anaconda3/lib/python3.9/site-packages/airflow/example_dags/example_branch_labels.py
[2022-12-31T21:31:18.200+0700] {processor.py:743} INFO - Processing file /home/dmk/anaconda3/lib/python3.9/site-packages/airflow/example_dags/example_branch_labels.py for tasks to queue
[2022-12-31T21:31:18.204+0700] {logging_mixin.py:137} INFO - [2022-12-31T21:31:18.204+0700] {dagbag.py:538} INFO - Filling up the DagBag from /home/dmk/anaconda3/lib/python3.9/site-packages/airflow/example_dags/example_branch_labels.py
[2022-12-31T21:31:18.245+0700] {processor.py:753} INFO - DAG(s) dict_keys(['example_branch_labels']) retrieved from /home/dmk/anaconda3/lib/python3.9/site-packages/airflow/example_dags/example_branch_labels.py
[2022-12-31T21:31:18.281+0700] {logging_mixin.py:137} INFO - [2022-12-31T21:31:18.281+0700] {dag.py:2676} INFO - Sync 1 DAGs
[2022-12-31T21:31:18.306+0700] {logging_mixin.py:137} INFO - [2022-12-31T21:31:18.306+0700] {dag.py:3423} INFO - Setting next_dagrun for example_branch_labels to 2022-12-30T00:00:00+00:00, run_after=2022-12-31T00:00:00+00:00
[2022-12-31T21:31:18.339+0700] {processor.py:175} INFO - Processing /home/dmk/anaconda3/lib/python3.9/site-packages/airflow/example_dags/example_branch_labels.py took 0.154 seconds
[2022-12-31T21:32:24.022+0700] {processor.py:153} INFO - Started process (PID=26663) to work on /home/dmk/anaconda3/lib/python3.9/site-packages/airflow/example_dags/example_branch_labels.py
[2022-12-31T21:32:24.029+0700] {processor.py:743} INFO - Processing file /home/dmk/anaconda3/lib/python3.9/site-packages/airflow/example_dags/example_branch_labels.py for tasks to queue
[2022-12-31T21:32:24.033+0700] {logging_mixin.py:137} INFO - [2022-12-31T21:32:24.032+0700] {dagbag.py:538} INFO - Filling up the DagBag from /home/dmk/anaconda3/lib/python3.9/site-packages/airflow/example_dags/example_branch_labels.py
[2022-12-31T21:32:24.085+0700] {processor.py:753} INFO - DAG(s) dict_keys(['example_branch_labels']) retrieved from /home/dmk/anaconda3/lib/python3.9/site-packages/airflow/example_dags/example_branch_labels.py
[2022-12-31T21:32:24.120+0700] {logging_mixin.py:137} INFO - [2022-12-31T21:32:24.120+0700] {dag.py:2676} INFO - Sync 1 DAGs
[2022-12-31T21:32:24.146+0700] {logging_mixin.py:137} INFO - [2022-12-31T21:32:24.146+0700] {dag.py:3423} INFO - Setting next_dagrun for example_branch_labels to 2022-12-30T00:00:00+00:00, run_after=2022-12-31T00:00:00+00:00
[2022-12-31T21:32:24.180+0700] {processor.py:175} INFO - Processing /home/dmk/anaconda3/lib/python3.9/site-packages/airflow/example_dags/example_branch_labels.py took 0.168 seconds
[2022-12-31T21:33:52.069+0700] {processor.py:153} INFO - Started process (PID=26840) to work on /home/dmk/anaconda3/lib/python3.9/site-packages/airflow/example_dags/example_branch_labels.py
[2022-12-31T21:33:52.073+0700] {processor.py:743} INFO - Processing file /home/dmk/anaconda3/lib/python3.9/site-packages/airflow/example_dags/example_branch_labels.py for tasks to queue
[2022-12-31T21:33:52.073+0700] {logging_mixin.py:137} INFO - [2022-12-31T21:33:52.073+0700] {dagbag.py:538} INFO - Filling up the DagBag from /home/dmk/anaconda3/lib/python3.9/site-packages/airflow/example_dags/example_branch_labels.py
[2022-12-31T21:33:52.086+0700] {processor.py:753} INFO - DAG(s) dict_keys(['example_branch_labels']) retrieved from /home/dmk/anaconda3/lib/python3.9/site-packages/airflow/example_dags/example_branch_labels.py
[2022-12-31T21:33:52.112+0700] {logging_mixin.py:137} INFO - [2022-12-31T21:33:52.112+0700] {dag.py:2676} INFO - Sync 1 DAGs
[2022-12-31T21:33:52.130+0700] {logging_mixin.py:137} INFO - [2022-12-31T21:33:52.130+0700] {dag.py:3423} INFO - Setting next_dagrun for example_branch_labels to 2022-12-30T00:00:00+00:00, run_after=2022-12-31T00:00:00+00:00
[2022-12-31T21:33:52.160+0700] {processor.py:175} INFO - Processing /home/dmk/anaconda3/lib/python3.9/site-packages/airflow/example_dags/example_branch_labels.py took 0.093 seconds
[2022-12-31T21:35:03.555+0700] {processor.py:153} INFO - Started process (PID=27701) to work on /home/dmk/anaconda3/lib/python3.9/site-packages/airflow/example_dags/example_branch_labels.py
[2022-12-31T21:35:03.559+0700] {processor.py:743} INFO - Processing file /home/dmk/anaconda3/lib/python3.9/site-packages/airflow/example_dags/example_branch_labels.py for tasks to queue
[2022-12-31T21:35:03.560+0700] {logging_mixin.py:137} INFO - [2022-12-31T21:35:03.559+0700] {dagbag.py:538} INFO - Filling up the DagBag from /home/dmk/anaconda3/lib/python3.9/site-packages/airflow/example_dags/example_branch_labels.py
[2022-12-31T21:35:03.573+0700] {processor.py:753} INFO - DAG(s) dict_keys(['example_branch_labels']) retrieved from /home/dmk/anaconda3/lib/python3.9/site-packages/airflow/example_dags/example_branch_labels.py
[2022-12-31T21:35:03.600+0700] {logging_mixin.py:137} INFO - [2022-12-31T21:35:03.600+0700] {dag.py:2676} INFO - Sync 1 DAGs
[2022-12-31T21:35:03.716+0700] {logging_mixin.py:137} INFO - [2022-12-31T21:35:03.716+0700] {dag.py:3423} INFO - Setting next_dagrun for example_branch_labels to 2022-12-30T00:00:00+00:00, run_after=2022-12-31T00:00:00+00:00
[2022-12-31T21:35:03.755+0700] {processor.py:175} INFO - Processing /home/dmk/anaconda3/lib/python3.9/site-packages/airflow/example_dags/example_branch_labels.py took 0.202 seconds
[2022-12-31T21:38:39.897+0700] {processor.py:153} INFO - Started process (PID=28983) to work on /home/dmk/anaconda3/lib/python3.9/site-packages/airflow/example_dags/example_branch_labels.py
[2022-12-31T21:38:39.899+0700] {processor.py:743} INFO - Processing file /home/dmk/anaconda3/lib/python3.9/site-packages/airflow/example_dags/example_branch_labels.py for tasks to queue
[2022-12-31T21:38:39.900+0700] {logging_mixin.py:137} INFO - [2022-12-31T21:38:39.900+0700] {dagbag.py:538} INFO - Filling up the DagBag from /home/dmk/anaconda3/lib/python3.9/site-packages/airflow/example_dags/example_branch_labels.py
[2022-12-31T21:38:39.922+0700] {processor.py:753} INFO - DAG(s) dict_keys(['example_branch_labels']) retrieved from /home/dmk/anaconda3/lib/python3.9/site-packages/airflow/example_dags/example_branch_labels.py
[2022-12-31T21:38:40.174+0700] {logging_mixin.py:137} INFO - [2022-12-31T21:38:40.174+0700] {manager.py:504} INFO - Created Permission View: can delete on DAG:example_branch_labels
[2022-12-31T21:38:40.194+0700] {logging_mixin.py:137} INFO - [2022-12-31T21:38:40.194+0700] {manager.py:504} INFO - Created Permission View: can read on DAG:example_branch_labels
[2022-12-31T21:38:40.216+0700] {logging_mixin.py:137} INFO - [2022-12-31T21:38:40.216+0700] {manager.py:504} INFO - Created Permission View: can edit on DAG:example_branch_labels
[2022-12-31T21:38:40.217+0700] {logging_mixin.py:137} INFO - [2022-12-31T21:38:40.217+0700] {dag.py:2676} INFO - Sync 1 DAGs
[2022-12-31T21:38:40.242+0700] {logging_mixin.py:137} INFO - [2022-12-31T21:38:40.241+0700] {dag.py:2697} INFO - Creating ORM DAG for example_branch_labels
[2022-12-31T21:38:40.256+0700] {logging_mixin.py:137} INFO - [2022-12-31T21:38:40.256+0700] {dag.py:3423} INFO - Setting next_dagrun for example_branch_labels to 2022-12-30T00:00:00+00:00, run_after=2022-12-31T00:00:00+00:00
[2022-12-31T21:38:40.293+0700] {processor.py:175} INFO - Processing /home/dmk/anaconda3/lib/python3.9/site-packages/airflow/example_dags/example_branch_labels.py took 0.399 seconds
[2022-12-31T21:39:50.255+0700] {processor.py:153} INFO - Started process (PID=29233) to work on /home/dmk/anaconda3/lib/python3.9/site-packages/airflow/example_dags/example_branch_labels.py
[2022-12-31T21:39:50.258+0700] {processor.py:743} INFO - Processing file /home/dmk/anaconda3/lib/python3.9/site-packages/airflow/example_dags/example_branch_labels.py for tasks to queue
[2022-12-31T21:39:50.259+0700] {logging_mixin.py:137} INFO - [2022-12-31T21:39:50.259+0700] {dagbag.py:538} INFO - Filling up the DagBag from /home/dmk/anaconda3/lib/python3.9/site-packages/airflow/example_dags/example_branch_labels.py
[2022-12-31T21:39:50.281+0700] {processor.py:753} INFO - DAG(s) dict_keys(['example_branch_labels']) retrieved from /home/dmk/anaconda3/lib/python3.9/site-packages/airflow/example_dags/example_branch_labels.py
[2022-12-31T21:39:50.310+0700] {logging_mixin.py:137} INFO - [2022-12-31T21:39:50.310+0700] {dag.py:2676} INFO - Sync 1 DAGs
[2022-12-31T21:39:50.433+0700] {logging_mixin.py:137} INFO - [2022-12-31T21:39:50.433+0700] {dag.py:3423} INFO - Setting next_dagrun for example_branch_labels to 2022-12-30T00:00:00+00:00, run_after=2022-12-31T00:00:00+00:00
[2022-12-31T21:39:50.473+0700] {processor.py:175} INFO - Processing /home/dmk/anaconda3/lib/python3.9/site-packages/airflow/example_dags/example_branch_labels.py took 0.222 seconds
[2022-12-31T21:40:59.271+0700] {processor.py:153} INFO - Started process (PID=29500) to work on /home/dmk/anaconda3/lib/python3.9/site-packages/airflow/example_dags/example_branch_labels.py
[2022-12-31T21:40:59.274+0700] {processor.py:743} INFO - Processing file /home/dmk/anaconda3/lib/python3.9/site-packages/airflow/example_dags/example_branch_labels.py for tasks to queue
[2022-12-31T21:40:59.275+0700] {logging_mixin.py:137} INFO - [2022-12-31T21:40:59.275+0700] {dagbag.py:538} INFO - Filling up the DagBag from /home/dmk/anaconda3/lib/python3.9/site-packages/airflow/example_dags/example_branch_labels.py
[2022-12-31T21:40:59.296+0700] {processor.py:753} INFO - DAG(s) dict_keys(['example_branch_labels']) retrieved from /home/dmk/anaconda3/lib/python3.9/site-packages/airflow/example_dags/example_branch_labels.py
[2022-12-31T21:40:59.414+0700] {logging_mixin.py:137} INFO - [2022-12-31T21:40:59.414+0700] {dag.py:2676} INFO - Sync 1 DAGs
[2022-12-31T21:40:59.432+0700] {logging_mixin.py:137} INFO - [2022-12-31T21:40:59.432+0700] {dag.py:3423} INFO - Setting next_dagrun for example_branch_labels to 2022-12-30T00:00:00+00:00, run_after=2022-12-31T00:00:00+00:00
[2022-12-31T21:40:59.461+0700] {processor.py:175} INFO - Processing /home/dmk/anaconda3/lib/python3.9/site-packages/airflow/example_dags/example_branch_labels.py took 0.196 seconds
[2022-12-31T21:42:36.027+0700] {processor.py:153} INFO - Started process (PID=29845) to work on /home/dmk/anaconda3/lib/python3.9/site-packages/airflow/example_dags/example_branch_labels.py
[2022-12-31T21:42:36.031+0700] {processor.py:743} INFO - Processing file /home/dmk/anaconda3/lib/python3.9/site-packages/airflow/example_dags/example_branch_labels.py for tasks to queue
[2022-12-31T21:42:36.032+0700] {logging_mixin.py:137} INFO - [2022-12-31T21:42:36.032+0700] {dagbag.py:538} INFO - Filling up the DagBag from /home/dmk/anaconda3/lib/python3.9/site-packages/airflow/example_dags/example_branch_labels.py
[2022-12-31T21:42:36.046+0700] {processor.py:753} INFO - DAG(s) dict_keys(['example_branch_labels']) retrieved from /home/dmk/anaconda3/lib/python3.9/site-packages/airflow/example_dags/example_branch_labels.py
[2022-12-31T21:42:36.082+0700] {logging_mixin.py:137} INFO - [2022-12-31T21:42:36.081+0700] {dag.py:2676} INFO - Sync 1 DAGs
[2022-12-31T21:42:36.244+0700] {logging_mixin.py:137} INFO - [2022-12-31T21:42:36.244+0700] {dag.py:3423} INFO - Setting next_dagrun for example_branch_labels to 2022-12-30T00:00:00+00:00, run_after=2022-12-31T00:00:00+00:00
[2022-12-31T21:42:36.280+0700] {processor.py:175} INFO - Processing /home/dmk/anaconda3/lib/python3.9/site-packages/airflow/example_dags/example_branch_labels.py took 0.255 seconds
[2022-12-31T21:43:34.579+0700] {processor.py:153} INFO - Started process (PID=30190) to work on /home/dmk/anaconda3/lib/python3.9/site-packages/airflow/example_dags/example_branch_labels.py
[2022-12-31T21:43:34.580+0700] {processor.py:743} INFO - Processing file /home/dmk/anaconda3/lib/python3.9/site-packages/airflow/example_dags/example_branch_labels.py for tasks to queue
[2022-12-31T21:43:34.581+0700] {logging_mixin.py:137} INFO - [2022-12-31T21:43:34.581+0700] {dagbag.py:538} INFO - Filling up the DagBag from /home/dmk/anaconda3/lib/python3.9/site-packages/airflow/example_dags/example_branch_labels.py
[2022-12-31T21:43:34.594+0700] {processor.py:753} INFO - DAG(s) dict_keys(['example_branch_labels']) retrieved from /home/dmk/anaconda3/lib/python3.9/site-packages/airflow/example_dags/example_branch_labels.py
[2022-12-31T21:43:34.622+0700] {logging_mixin.py:137} INFO - [2022-12-31T21:43:34.622+0700] {dag.py:2676} INFO - Sync 1 DAGs
[2022-12-31T21:43:34.738+0700] {logging_mixin.py:137} INFO - [2022-12-31T21:43:34.738+0700] {dag.py:3423} INFO - Setting next_dagrun for example_branch_labels to 2022-12-30T00:00:00+00:00, run_after=2022-12-31T00:00:00+00:00
[2022-12-31T21:43:34.769+0700] {processor.py:175} INFO - Processing /home/dmk/anaconda3/lib/python3.9/site-packages/airflow/example_dags/example_branch_labels.py took 0.193 seconds
[2022-12-31T22:23:32.944+0700] {processor.py:153} INFO - Started process (PID=47683) to work on /home/dmk/anaconda3/lib/python3.9/site-packages/airflow/example_dags/example_branch_labels.py
[2022-12-31T22:23:32.951+0700] {processor.py:743} INFO - Processing file /home/dmk/anaconda3/lib/python3.9/site-packages/airflow/example_dags/example_branch_labels.py for tasks to queue
[2022-12-31T22:23:32.954+0700] {logging_mixin.py:137} INFO - [2022-12-31T22:23:32.953+0700] {dagbag.py:538} INFO - Filling up the DagBag from /home/dmk/anaconda3/lib/python3.9/site-packages/airflow/example_dags/example_branch_labels.py
[2022-12-31T22:23:32.989+0700] {processor.py:753} INFO - DAG(s) dict_keys(['example_branch_labels']) retrieved from /home/dmk/anaconda3/lib/python3.9/site-packages/airflow/example_dags/example_branch_labels.py
[2022-12-31T22:23:33.029+0700] {logging_mixin.py:137} INFO - [2022-12-31T22:23:33.029+0700] {dag.py:2676} INFO - Sync 1 DAGs
[2022-12-31T22:23:33.171+0700] {logging_mixin.py:137} INFO - [2022-12-31T22:23:33.171+0700] {dag.py:3423} INFO - Setting next_dagrun for example_branch_labels to 2022-12-30T00:00:00+00:00, run_after=2022-12-31T00:00:00+00:00
[2022-12-31T22:23:33.211+0700] {processor.py:175} INFO - Processing /home/dmk/anaconda3/lib/python3.9/site-packages/airflow/example_dags/example_branch_labels.py took 0.278 seconds
[2022-12-31T22:24:42.099+0700] {processor.py:153} INFO - Started process (PID=48412) to work on /home/dmk/anaconda3/lib/python3.9/site-packages/airflow/example_dags/example_branch_labels.py
[2022-12-31T22:24:42.103+0700] {processor.py:743} INFO - Processing file /home/dmk/anaconda3/lib/python3.9/site-packages/airflow/example_dags/example_branch_labels.py for tasks to queue
[2022-12-31T22:24:42.104+0700] {logging_mixin.py:137} INFO - [2022-12-31T22:24:42.104+0700] {dagbag.py:538} INFO - Filling up the DagBag from /home/dmk/anaconda3/lib/python3.9/site-packages/airflow/example_dags/example_branch_labels.py
[2022-12-31T22:24:42.121+0700] {processor.py:753} INFO - DAG(s) dict_keys(['example_branch_labels']) retrieved from /home/dmk/anaconda3/lib/python3.9/site-packages/airflow/example_dags/example_branch_labels.py
[2022-12-31T22:24:42.160+0700] {logging_mixin.py:137} INFO - [2022-12-31T22:24:42.160+0700] {dag.py:2676} INFO - Sync 1 DAGs
[2022-12-31T22:24:42.298+0700] {logging_mixin.py:137} INFO - [2022-12-31T22:24:42.297+0700] {dag.py:3423} INFO - Setting next_dagrun for example_branch_labels to 2022-12-30T00:00:00+00:00, run_after=2022-12-31T00:00:00+00:00
[2022-12-31T22:24:42.345+0700] {processor.py:175} INFO - Processing /home/dmk/anaconda3/lib/python3.9/site-packages/airflow/example_dags/example_branch_labels.py took 0.251 seconds
[2022-12-31T22:25:44.133+0700] {processor.py:153} INFO - Started process (PID=49449) to work on /home/dmk/anaconda3/envs/airflow/lib/python3.7/site-packages/airflow/example_dags/example_branch_labels.py
[2022-12-31T22:25:44.137+0700] {processor.py:743} INFO - Processing file /home/dmk/anaconda3/envs/airflow/lib/python3.7/site-packages/airflow/example_dags/example_branch_labels.py for tasks to queue
[2022-12-31T22:25:44.137+0700] {logging_mixin.py:137} INFO - [2022-12-31T22:25:44.137+0700] {dagbag.py:538} INFO - Filling up the DagBag from /home/dmk/anaconda3/envs/airflow/lib/python3.7/site-packages/airflow/example_dags/example_branch_labels.py
[2022-12-31T22:25:44.150+0700] {processor.py:753} INFO - DAG(s) dict_keys(['example_branch_labels']) retrieved from /home/dmk/anaconda3/envs/airflow/lib/python3.7/site-packages/airflow/example_dags/example_branch_labels.py
[2022-12-31T22:25:44.312+0700] {logging_mixin.py:137} INFO - [2022-12-31T22:25:44.312+0700] {dag.py:2676} INFO - Sync 1 DAGs
[2022-12-31T22:25:44.332+0700] {logging_mixin.py:137} INFO - [2022-12-31T22:25:44.332+0700] {dag.py:3427} INFO - Setting next_dagrun for example_branch_labels to 2022-12-30T00:00:00+00:00, run_after=2022-12-31T00:00:00+00:00
[2022-12-31T22:25:44.371+0700] {processor.py:175} INFO - Processing /home/dmk/anaconda3/envs/airflow/lib/python3.7/site-packages/airflow/example_dags/example_branch_labels.py took 0.242 seconds
[2022-12-31T22:26:34.437+0700] {processor.py:153} INFO - Started process (PID=49844) to work on /home/dmk/anaconda3/envs/airflow/lib/python3.7/site-packages/airflow/example_dags/example_branch_labels.py
[2022-12-31T22:26:34.442+0700] {processor.py:743} INFO - Processing file /home/dmk/anaconda3/envs/airflow/lib/python3.7/site-packages/airflow/example_dags/example_branch_labels.py for tasks to queue
[2022-12-31T22:26:34.444+0700] {logging_mixin.py:137} INFO - [2022-12-31T22:26:34.444+0700] {dagbag.py:538} INFO - Filling up the DagBag from /home/dmk/anaconda3/envs/airflow/lib/python3.7/site-packages/airflow/example_dags/example_branch_labels.py
[2022-12-31T22:26:34.465+0700] {processor.py:753} INFO - DAG(s) dict_keys(['example_branch_labels']) retrieved from /home/dmk/anaconda3/envs/airflow/lib/python3.7/site-packages/airflow/example_dags/example_branch_labels.py
[2022-12-31T22:26:34.593+0700] {logging_mixin.py:137} INFO - [2022-12-31T22:26:34.593+0700] {dag.py:2676} INFO - Sync 1 DAGs
[2022-12-31T22:26:34.615+0700] {logging_mixin.py:137} INFO - [2022-12-31T22:26:34.615+0700] {dag.py:3427} INFO - Setting next_dagrun for example_branch_labels to 2022-12-30T00:00:00+00:00, run_after=2022-12-31T00:00:00+00:00
[2022-12-31T22:26:34.644+0700] {processor.py:175} INFO - Processing /home/dmk/anaconda3/envs/airflow/lib/python3.7/site-packages/airflow/example_dags/example_branch_labels.py took 0.212 seconds
[2022-12-31T22:27:23.782+0700] {processor.py:153} INFO - Started process (PID=50196) to work on /home/dmk/anaconda3/envs/airflow/lib/python3.7/site-packages/airflow/example_dags/example_branch_labels.py
[2022-12-31T22:27:23.786+0700] {processor.py:743} INFO - Processing file /home/dmk/anaconda3/envs/airflow/lib/python3.7/site-packages/airflow/example_dags/example_branch_labels.py for tasks to queue
[2022-12-31T22:27:23.789+0700] {logging_mixin.py:137} INFO - [2022-12-31T22:27:23.788+0700] {dagbag.py:538} INFO - Filling up the DagBag from /home/dmk/anaconda3/envs/airflow/lib/python3.7/site-packages/airflow/example_dags/example_branch_labels.py
[2022-12-31T22:27:23.819+0700] {processor.py:753} INFO - DAG(s) dict_keys(['example_branch_labels']) retrieved from /home/dmk/anaconda3/envs/airflow/lib/python3.7/site-packages/airflow/example_dags/example_branch_labels.py
[2022-12-31T22:27:23.953+0700] {logging_mixin.py:137} INFO - [2022-12-31T22:27:23.953+0700] {dag.py:2676} INFO - Sync 1 DAGs
[2022-12-31T22:27:23.973+0700] {logging_mixin.py:137} INFO - [2022-12-31T22:27:23.973+0700] {dag.py:3427} INFO - Setting next_dagrun for example_branch_labels to 2022-12-30T00:00:00+00:00, run_after=2022-12-31T00:00:00+00:00
[2022-12-31T22:27:24.007+0700] {processor.py:175} INFO - Processing /home/dmk/anaconda3/envs/airflow/lib/python3.7/site-packages/airflow/example_dags/example_branch_labels.py took 0.228 seconds
[2022-12-31T22:28:15.444+0700] {processor.py:153} INFO - Started process (PID=50565) to work on /home/dmk/anaconda3/envs/airflow/lib/python3.7/site-packages/airflow/example_dags/example_branch_labels.py
[2022-12-31T22:28:15.447+0700] {processor.py:743} INFO - Processing file /home/dmk/anaconda3/envs/airflow/lib/python3.7/site-packages/airflow/example_dags/example_branch_labels.py for tasks to queue
[2022-12-31T22:28:15.449+0700] {logging_mixin.py:137} INFO - [2022-12-31T22:28:15.449+0700] {dagbag.py:538} INFO - Filling up the DagBag from /home/dmk/anaconda3/envs/airflow/lib/python3.7/site-packages/airflow/example_dags/example_branch_labels.py
[2022-12-31T22:28:15.645+0700] {processor.py:753} INFO - DAG(s) dict_keys(['example_branch_labels']) retrieved from /home/dmk/anaconda3/envs/airflow/lib/python3.7/site-packages/airflow/example_dags/example_branch_labels.py
[2022-12-31T22:28:15.671+0700] {logging_mixin.py:137} INFO - [2022-12-31T22:28:15.671+0700] {dag.py:2676} INFO - Sync 1 DAGs
[2022-12-31T22:28:15.698+0700] {logging_mixin.py:137} INFO - [2022-12-31T22:28:15.697+0700] {dag.py:3427} INFO - Setting next_dagrun for example_branch_labels to 2022-12-30T00:00:00+00:00, run_after=2022-12-31T00:00:00+00:00
[2022-12-31T22:28:15.751+0700] {processor.py:175} INFO - Processing /home/dmk/anaconda3/envs/airflow/lib/python3.7/site-packages/airflow/example_dags/example_branch_labels.py took 0.313 seconds
[2022-12-31T22:29:02.522+0700] {processor.py:153} INFO - Started process (PID=50656) to work on /home/dmk/anaconda3/envs/airflow/lib/python3.7/site-packages/airflow/example_dags/example_branch_labels.py
[2022-12-31T22:29:02.523+0700] {processor.py:743} INFO - Processing file /home/dmk/anaconda3/envs/airflow/lib/python3.7/site-packages/airflow/example_dags/example_branch_labels.py for tasks to queue
[2022-12-31T22:29:02.523+0700] {logging_mixin.py:137} INFO - [2022-12-31T22:29:02.523+0700] {dagbag.py:538} INFO - Filling up the DagBag from /home/dmk/anaconda3/envs/airflow/lib/python3.7/site-packages/airflow/example_dags/example_branch_labels.py
[2022-12-31T22:29:02.538+0700] {processor.py:753} INFO - DAG(s) dict_keys(['example_branch_labels']) retrieved from /home/dmk/anaconda3/envs/airflow/lib/python3.7/site-packages/airflow/example_dags/example_branch_labels.py
[2022-12-31T22:29:02.562+0700] {logging_mixin.py:137} INFO - [2022-12-31T22:29:02.562+0700] {dag.py:2676} INFO - Sync 1 DAGs
[2022-12-31T22:29:02.586+0700] {logging_mixin.py:137} INFO - [2022-12-31T22:29:02.586+0700] {dag.py:3427} INFO - Setting next_dagrun for example_branch_labels to 2022-12-30T00:00:00+00:00, run_after=2022-12-31T00:00:00+00:00
[2022-12-31T22:29:02.623+0700] {processor.py:175} INFO - Processing /home/dmk/anaconda3/envs/airflow/lib/python3.7/site-packages/airflow/example_dags/example_branch_labels.py took 0.105 seconds
[2022-12-31T22:29:49.336+0700] {processor.py:153} INFO - Started process (PID=51269) to work on /home/dmk/anaconda3/envs/airflow/lib/python3.7/site-packages/airflow/example_dags/example_branch_labels.py
[2022-12-31T22:29:49.341+0700] {processor.py:743} INFO - Processing file /home/dmk/anaconda3/envs/airflow/lib/python3.7/site-packages/airflow/example_dags/example_branch_labels.py for tasks to queue
[2022-12-31T22:29:49.343+0700] {logging_mixin.py:137} INFO - [2022-12-31T22:29:49.342+0700] {dagbag.py:538} INFO - Filling up the DagBag from /home/dmk/anaconda3/envs/airflow/lib/python3.7/site-packages/airflow/example_dags/example_branch_labels.py
[2022-12-31T22:29:49.366+0700] {processor.py:753} INFO - DAG(s) dict_keys(['example_branch_labels']) retrieved from /home/dmk/anaconda3/envs/airflow/lib/python3.7/site-packages/airflow/example_dags/example_branch_labels.py
[2022-12-31T22:29:49.387+0700] {logging_mixin.py:137} INFO - [2022-12-31T22:29:49.387+0700] {dag.py:2676} INFO - Sync 1 DAGs
[2022-12-31T22:29:49.410+0700] {logging_mixin.py:137} INFO - [2022-12-31T22:29:49.410+0700] {dag.py:3427} INFO - Setting next_dagrun for example_branch_labels to 2022-12-30T00:00:00+00:00, run_after=2022-12-31T00:00:00+00:00
[2022-12-31T22:29:49.439+0700] {processor.py:175} INFO - Processing /home/dmk/anaconda3/envs/airflow/lib/python3.7/site-packages/airflow/example_dags/example_branch_labels.py took 0.107 seconds
[2022-12-31T22:30:36.260+0700] {processor.py:153} INFO - Started process (PID=51575) to work on /home/dmk/anaconda3/envs/airflow/lib/python3.7/site-packages/airflow/example_dags/example_branch_labels.py
[2022-12-31T22:30:36.264+0700] {processor.py:743} INFO - Processing file /home/dmk/anaconda3/envs/airflow/lib/python3.7/site-packages/airflow/example_dags/example_branch_labels.py for tasks to queue
[2022-12-31T22:30:36.267+0700] {logging_mixin.py:137} INFO - [2022-12-31T22:30:36.266+0700] {dagbag.py:538} INFO - Filling up the DagBag from /home/dmk/anaconda3/envs/airflow/lib/python3.7/site-packages/airflow/example_dags/example_branch_labels.py
[2022-12-31T22:30:36.319+0700] {processor.py:753} INFO - DAG(s) dict_keys(['example_branch_labels']) retrieved from /home/dmk/anaconda3/envs/airflow/lib/python3.7/site-packages/airflow/example_dags/example_branch_labels.py
[2022-12-31T22:30:36.351+0700] {logging_mixin.py:137} INFO - [2022-12-31T22:30:36.351+0700] {dag.py:2676} INFO - Sync 1 DAGs
[2022-12-31T22:30:36.375+0700] {logging_mixin.py:137} INFO - [2022-12-31T22:30:36.374+0700] {dag.py:3427} INFO - Setting next_dagrun for example_branch_labels to 2022-12-30T00:00:00+00:00, run_after=2022-12-31T00:00:00+00:00
[2022-12-31T22:30:36.427+0700] {processor.py:175} INFO - Processing /home/dmk/anaconda3/envs/airflow/lib/python3.7/site-packages/airflow/example_dags/example_branch_labels.py took 0.177 seconds
[2022-12-31T22:31:23.924+0700] {processor.py:153} INFO - Started process (PID=51676) to work on /home/dmk/anaconda3/envs/airflow/lib/python3.7/site-packages/airflow/example_dags/example_branch_labels.py
[2022-12-31T22:31:23.929+0700] {processor.py:743} INFO - Processing file /home/dmk/anaconda3/envs/airflow/lib/python3.7/site-packages/airflow/example_dags/example_branch_labels.py for tasks to queue
[2022-12-31T22:31:23.930+0700] {logging_mixin.py:137} INFO - [2022-12-31T22:31:23.930+0700] {dagbag.py:538} INFO - Filling up the DagBag from /home/dmk/anaconda3/envs/airflow/lib/python3.7/site-packages/airflow/example_dags/example_branch_labels.py
[2022-12-31T22:31:23.960+0700] {processor.py:753} INFO - DAG(s) dict_keys(['example_branch_labels']) retrieved from /home/dmk/anaconda3/envs/airflow/lib/python3.7/site-packages/airflow/example_dags/example_branch_labels.py
[2022-12-31T22:31:24.006+0700] {logging_mixin.py:137} INFO - [2022-12-31T22:31:24.005+0700] {dag.py:2676} INFO - Sync 1 DAGs
[2022-12-31T22:31:24.066+0700] {logging_mixin.py:137} INFO - [2022-12-31T22:31:24.065+0700] {dag.py:3427} INFO - Setting next_dagrun for example_branch_labels to 2022-12-30T00:00:00+00:00, run_after=2022-12-31T00:00:00+00:00
[2022-12-31T22:31:24.113+0700] {processor.py:175} INFO - Processing /home/dmk/anaconda3/envs/airflow/lib/python3.7/site-packages/airflow/example_dags/example_branch_labels.py took 0.197 seconds
[2022-12-31T22:32:13.258+0700] {processor.py:153} INFO - Started process (PID=51851) to work on /home/dmk/anaconda3/envs/airflow/lib/python3.7/site-packages/airflow/example_dags/example_branch_labels.py
[2022-12-31T22:32:13.264+0700] {processor.py:743} INFO - Processing file /home/dmk/anaconda3/envs/airflow/lib/python3.7/site-packages/airflow/example_dags/example_branch_labels.py for tasks to queue
[2022-12-31T22:32:13.268+0700] {logging_mixin.py:137} INFO - [2022-12-31T22:32:13.267+0700] {dagbag.py:538} INFO - Filling up the DagBag from /home/dmk/anaconda3/envs/airflow/lib/python3.7/site-packages/airflow/example_dags/example_branch_labels.py
[2022-12-31T22:32:13.307+0700] {processor.py:753} INFO - DAG(s) dict_keys(['example_branch_labels']) retrieved from /home/dmk/anaconda3/envs/airflow/lib/python3.7/site-packages/airflow/example_dags/example_branch_labels.py
[2022-12-31T22:32:13.336+0700] {logging_mixin.py:137} INFO - [2022-12-31T22:32:13.336+0700] {dag.py:2676} INFO - Sync 1 DAGs
[2022-12-31T22:32:13.362+0700] {logging_mixin.py:137} INFO - [2022-12-31T22:32:13.362+0700] {dag.py:3427} INFO - Setting next_dagrun for example_branch_labels to 2022-12-30T00:00:00+00:00, run_after=2022-12-31T00:00:00+00:00
[2022-12-31T22:32:13.422+0700] {processor.py:175} INFO - Processing /home/dmk/anaconda3/envs/airflow/lib/python3.7/site-packages/airflow/example_dags/example_branch_labels.py took 0.177 seconds
