[2022-12-31T20:53:11.626+0700] {processor.py:153} INFO - Started process (PID=11269) to work on /home/dmk/anaconda3/lib/python3.9/site-packages/airflow/example_dags/example_branch_operator.py
[2022-12-31T20:53:11.627+0700] {processor.py:743} INFO - Processing file /home/dmk/anaconda3/lib/python3.9/site-packages/airflow/example_dags/example_branch_operator.py for tasks to queue
[2022-12-31T20:53:11.627+0700] {logging_mixin.py:137} INFO - [2022-12-31T20:53:11.627+0700] {dagbag.py:538} INFO - Filling up the DagBag from /home/dmk/anaconda3/lib/python3.9/site-packages/airflow/example_dags/example_branch_operator.py
[2022-12-31T20:53:11.649+0700] {processor.py:753} INFO - DAG(s) dict_keys(['example_branch_operator']) retrieved from /home/dmk/anaconda3/lib/python3.9/site-packages/airflow/example_dags/example_branch_operator.py
[2022-12-31T20:53:11.818+0700] {logging_mixin.py:137} INFO - [2022-12-31T20:53:11.818+0700] {dag.py:2676} INFO - Sync 1 DAGs
[2022-12-31T20:53:11.837+0700] {logging_mixin.py:137} INFO - [2022-12-31T20:53:11.837+0700] {dag.py:3423} INFO - Setting next_dagrun for example_branch_operator to 2022-12-30T00:00:00+00:00, run_after=2022-12-31T00:00:00+00:00
[2022-12-31T20:53:11.866+0700] {processor.py:175} INFO - Processing /home/dmk/anaconda3/lib/python3.9/site-packages/airflow/example_dags/example_branch_operator.py took 0.242 seconds
[2022-12-31T20:55:24.970+0700] {processor.py:153} INFO - Started process (PID=11988) to work on /home/dmk/anaconda3/lib/python3.9/site-packages/airflow/example_dags/example_branch_operator.py
[2022-12-31T20:55:24.974+0700] {processor.py:743} INFO - Processing file /home/dmk/anaconda3/lib/python3.9/site-packages/airflow/example_dags/example_branch_operator.py for tasks to queue
[2022-12-31T20:55:24.975+0700] {logging_mixin.py:137} INFO - [2022-12-31T20:55:24.975+0700] {dagbag.py:538} INFO - Filling up the DagBag from /home/dmk/anaconda3/lib/python3.9/site-packages/airflow/example_dags/example_branch_operator.py
[2022-12-31T20:55:25.000+0700] {processor.py:753} INFO - DAG(s) dict_keys(['example_branch_operator']) retrieved from /home/dmk/anaconda3/lib/python3.9/site-packages/airflow/example_dags/example_branch_operator.py
[2022-12-31T20:55:25.045+0700] {logging_mixin.py:137} INFO - [2022-12-31T20:55:25.045+0700] {dag.py:2676} INFO - Sync 1 DAGs
[2022-12-31T20:55:25.213+0700] {logging_mixin.py:137} INFO - [2022-12-31T20:55:25.212+0700] {dag.py:3423} INFO - Setting next_dagrun for example_branch_operator to 2022-12-30T00:00:00+00:00, run_after=2022-12-31T00:00:00+00:00
[2022-12-31T20:55:25.254+0700] {processor.py:175} INFO - Processing /home/dmk/anaconda3/lib/python3.9/site-packages/airflow/example_dags/example_branch_operator.py took 0.286 seconds
[2022-12-31T20:56:33.680+0700] {processor.py:153} INFO - Started process (PID=12238) to work on /home/dmk/anaconda3/lib/python3.9/site-packages/airflow/example_dags/example_branch_operator.py
[2022-12-31T20:56:33.684+0700] {processor.py:743} INFO - Processing file /home/dmk/anaconda3/lib/python3.9/site-packages/airflow/example_dags/example_branch_operator.py for tasks to queue
[2022-12-31T20:56:33.685+0700] {logging_mixin.py:137} INFO - [2022-12-31T20:56:33.685+0700] {dagbag.py:538} INFO - Filling up the DagBag from /home/dmk/anaconda3/lib/python3.9/site-packages/airflow/example_dags/example_branch_operator.py
[2022-12-31T20:56:33.706+0700] {processor.py:753} INFO - DAG(s) dict_keys(['example_branch_operator']) retrieved from /home/dmk/anaconda3/lib/python3.9/site-packages/airflow/example_dags/example_branch_operator.py
[2022-12-31T20:56:33.848+0700] {logging_mixin.py:137} INFO - [2022-12-31T20:56:33.848+0700] {dag.py:2676} INFO - Sync 1 DAGs
[2022-12-31T20:56:33.872+0700] {logging_mixin.py:137} INFO - [2022-12-31T20:56:33.872+0700] {dag.py:3423} INFO - Setting next_dagrun for example_branch_operator to 2022-12-30T00:00:00+00:00, run_after=2022-12-31T00:00:00+00:00
[2022-12-31T20:56:33.896+0700] {processor.py:175} INFO - Processing /home/dmk/anaconda3/lib/python3.9/site-packages/airflow/example_dags/example_branch_operator.py took 0.218 seconds
[2022-12-31T20:57:40.168+0700] {processor.py:153} INFO - Started process (PID=12683) to work on /home/dmk/anaconda3/lib/python3.9/site-packages/airflow/example_dags/example_branch_operator.py
[2022-12-31T20:57:40.172+0700] {processor.py:743} INFO - Processing file /home/dmk/anaconda3/lib/python3.9/site-packages/airflow/example_dags/example_branch_operator.py for tasks to queue
[2022-12-31T20:57:40.174+0700] {logging_mixin.py:137} INFO - [2022-12-31T20:57:40.174+0700] {dagbag.py:538} INFO - Filling up the DagBag from /home/dmk/anaconda3/lib/python3.9/site-packages/airflow/example_dags/example_branch_operator.py
[2022-12-31T20:57:40.212+0700] {processor.py:753} INFO - DAG(s) dict_keys(['example_branch_operator']) retrieved from /home/dmk/anaconda3/lib/python3.9/site-packages/airflow/example_dags/example_branch_operator.py
[2022-12-31T20:57:40.375+0700] {logging_mixin.py:137} INFO - [2022-12-31T20:57:40.374+0700] {dag.py:2676} INFO - Sync 1 DAGs
[2022-12-31T20:57:40.409+0700] {logging_mixin.py:137} INFO - [2022-12-31T20:57:40.409+0700] {dag.py:3423} INFO - Setting next_dagrun for example_branch_operator to 2022-12-30T00:00:00+00:00, run_after=2022-12-31T00:00:00+00:00
[2022-12-31T20:57:40.452+0700] {processor.py:175} INFO - Processing /home/dmk/anaconda3/lib/python3.9/site-packages/airflow/example_dags/example_branch_operator.py took 0.291 seconds
[2022-12-31T20:58:55.335+0700] {processor.py:153} INFO - Started process (PID=13033) to work on /home/dmk/anaconda3/lib/python3.9/site-packages/airflow/example_dags/example_branch_operator.py
[2022-12-31T20:58:55.340+0700] {processor.py:743} INFO - Processing file /home/dmk/anaconda3/lib/python3.9/site-packages/airflow/example_dags/example_branch_operator.py for tasks to queue
[2022-12-31T20:58:55.342+0700] {logging_mixin.py:137} INFO - [2022-12-31T20:58:55.342+0700] {dagbag.py:538} INFO - Filling up the DagBag from /home/dmk/anaconda3/lib/python3.9/site-packages/airflow/example_dags/example_branch_operator.py
[2022-12-31T20:58:55.476+0700] {processor.py:753} INFO - DAG(s) dict_keys(['example_branch_operator']) retrieved from /home/dmk/anaconda3/lib/python3.9/site-packages/airflow/example_dags/example_branch_operator.py
[2022-12-31T20:58:55.499+0700] {logging_mixin.py:137} INFO - [2022-12-31T20:58:55.499+0700] {dag.py:2676} INFO - Sync 1 DAGs
[2022-12-31T20:58:55.518+0700] {logging_mixin.py:137} INFO - [2022-12-31T20:58:55.518+0700] {dag.py:3423} INFO - Setting next_dagrun for example_branch_operator to 2022-12-30T00:00:00+00:00, run_after=2022-12-31T00:00:00+00:00
[2022-12-31T20:58:55.539+0700] {processor.py:175} INFO - Processing /home/dmk/anaconda3/lib/python3.9/site-packages/airflow/example_dags/example_branch_operator.py took 0.212 seconds
[2022-12-31T21:00:03.775+0700] {processor.py:153} INFO - Started process (PID=14537) to work on /home/dmk/anaconda3/lib/python3.9/site-packages/airflow/example_dags/example_branch_operator.py
[2022-12-31T21:00:03.776+0700] {processor.py:743} INFO - Processing file /home/dmk/anaconda3/lib/python3.9/site-packages/airflow/example_dags/example_branch_operator.py for tasks to queue
[2022-12-31T21:00:03.776+0700] {logging_mixin.py:137} INFO - [2022-12-31T21:00:03.776+0700] {dagbag.py:538} INFO - Filling up the DagBag from /home/dmk/anaconda3/lib/python3.9/site-packages/airflow/example_dags/example_branch_operator.py
[2022-12-31T21:00:03.793+0700] {processor.py:753} INFO - DAG(s) dict_keys(['example_branch_operator']) retrieved from /home/dmk/anaconda3/lib/python3.9/site-packages/airflow/example_dags/example_branch_operator.py
[2022-12-31T21:00:03.821+0700] {logging_mixin.py:137} INFO - [2022-12-31T21:00:03.821+0700] {dag.py:2676} INFO - Sync 1 DAGs
[2022-12-31T21:00:03.840+0700] {logging_mixin.py:137} INFO - [2022-12-31T21:00:03.840+0700] {dag.py:3423} INFO - Setting next_dagrun for example_branch_operator to 2022-12-30T00:00:00+00:00, run_after=2022-12-31T00:00:00+00:00
[2022-12-31T21:00:03.870+0700] {processor.py:175} INFO - Processing /home/dmk/anaconda3/lib/python3.9/site-packages/airflow/example_dags/example_branch_operator.py took 0.097 seconds
[2022-12-31T21:01:01.886+0700] {processor.py:153} INFO - Started process (PID=15730) to work on /home/dmk/anaconda3/lib/python3.9/site-packages/airflow/example_dags/example_branch_operator.py
[2022-12-31T21:01:01.891+0700] {processor.py:743} INFO - Processing file /home/dmk/anaconda3/lib/python3.9/site-packages/airflow/example_dags/example_branch_operator.py for tasks to queue
[2022-12-31T21:01:01.892+0700] {logging_mixin.py:137} INFO - [2022-12-31T21:01:01.892+0700] {dagbag.py:538} INFO - Filling up the DagBag from /home/dmk/anaconda3/lib/python3.9/site-packages/airflow/example_dags/example_branch_operator.py
[2022-12-31T21:01:01.913+0700] {processor.py:753} INFO - DAG(s) dict_keys(['example_branch_operator']) retrieved from /home/dmk/anaconda3/lib/python3.9/site-packages/airflow/example_dags/example_branch_operator.py
[2022-12-31T21:01:01.942+0700] {logging_mixin.py:137} INFO - [2022-12-31T21:01:01.942+0700] {dag.py:2676} INFO - Sync 1 DAGs
[2022-12-31T21:01:01.962+0700] {logging_mixin.py:137} INFO - [2022-12-31T21:01:01.962+0700] {dag.py:3423} INFO - Setting next_dagrun for example_branch_operator to 2022-12-30T00:00:00+00:00, run_after=2022-12-31T00:00:00+00:00
[2022-12-31T21:01:01.983+0700] {processor.py:175} INFO - Processing /home/dmk/anaconda3/lib/python3.9/site-packages/airflow/example_dags/example_branch_operator.py took 0.102 seconds
[2022-12-31T21:01:55.217+0700] {processor.py:153} INFO - Started process (PID=16267) to work on /home/dmk/anaconda3/lib/python3.9/site-packages/airflow/example_dags/example_branch_operator.py
[2022-12-31T21:01:55.219+0700] {processor.py:743} INFO - Processing file /home/dmk/anaconda3/lib/python3.9/site-packages/airflow/example_dags/example_branch_operator.py for tasks to queue
[2022-12-31T21:01:55.220+0700] {logging_mixin.py:137} INFO - [2022-12-31T21:01:55.220+0700] {dagbag.py:538} INFO - Filling up the DagBag from /home/dmk/anaconda3/lib/python3.9/site-packages/airflow/example_dags/example_branch_operator.py
[2022-12-31T21:01:55.244+0700] {processor.py:753} INFO - DAG(s) dict_keys(['example_branch_operator']) retrieved from /home/dmk/anaconda3/lib/python3.9/site-packages/airflow/example_dags/example_branch_operator.py
[2022-12-31T21:01:55.274+0700] {logging_mixin.py:137} INFO - [2022-12-31T21:01:55.274+0700] {dag.py:2676} INFO - Sync 1 DAGs
[2022-12-31T21:01:55.296+0700] {logging_mixin.py:137} INFO - [2022-12-31T21:01:55.296+0700] {dag.py:3423} INFO - Setting next_dagrun for example_branch_operator to 2022-12-30T00:00:00+00:00, run_after=2022-12-31T00:00:00+00:00
[2022-12-31T21:01:55.327+0700] {processor.py:175} INFO - Processing /home/dmk/anaconda3/lib/python3.9/site-packages/airflow/example_dags/example_branch_operator.py took 0.118 seconds
[2022-12-31T21:02:49.814+0700] {processor.py:153} INFO - Started process (PID=16471) to work on /home/dmk/anaconda3/lib/python3.9/site-packages/airflow/example_dags/example_branch_operator.py
[2022-12-31T21:02:49.817+0700] {processor.py:743} INFO - Processing file /home/dmk/anaconda3/lib/python3.9/site-packages/airflow/example_dags/example_branch_operator.py for tasks to queue
[2022-12-31T21:02:49.818+0700] {logging_mixin.py:137} INFO - [2022-12-31T21:02:49.818+0700] {dagbag.py:538} INFO - Filling up the DagBag from /home/dmk/anaconda3/lib/python3.9/site-packages/airflow/example_dags/example_branch_operator.py
[2022-12-31T21:02:49.835+0700] {processor.py:753} INFO - DAG(s) dict_keys(['example_branch_operator']) retrieved from /home/dmk/anaconda3/lib/python3.9/site-packages/airflow/example_dags/example_branch_operator.py
[2022-12-31T21:02:49.872+0700] {logging_mixin.py:137} INFO - [2022-12-31T21:02:49.872+0700] {dag.py:2676} INFO - Sync 1 DAGs
[2022-12-31T21:02:49.898+0700] {logging_mixin.py:137} INFO - [2022-12-31T21:02:49.898+0700] {dag.py:3423} INFO - Setting next_dagrun for example_branch_operator to 2022-12-30T00:00:00+00:00, run_after=2022-12-31T00:00:00+00:00
[2022-12-31T21:02:49.925+0700] {processor.py:175} INFO - Processing /home/dmk/anaconda3/lib/python3.9/site-packages/airflow/example_dags/example_branch_operator.py took 0.115 seconds
[2022-12-31T21:04:04.581+0700] {processor.py:153} INFO - Started process (PID=17084) to work on /home/dmk/anaconda3/lib/python3.9/site-packages/airflow/example_dags/example_branch_operator.py
[2022-12-31T21:04:04.584+0700] {processor.py:743} INFO - Processing file /home/dmk/anaconda3/lib/python3.9/site-packages/airflow/example_dags/example_branch_operator.py for tasks to queue
[2022-12-31T21:04:04.585+0700] {logging_mixin.py:137} INFO - [2022-12-31T21:04:04.584+0700] {dagbag.py:538} INFO - Filling up the DagBag from /home/dmk/anaconda3/lib/python3.9/site-packages/airflow/example_dags/example_branch_operator.py
[2022-12-31T21:04:04.603+0700] {processor.py:753} INFO - DAG(s) dict_keys(['example_branch_operator']) retrieved from /home/dmk/anaconda3/lib/python3.9/site-packages/airflow/example_dags/example_branch_operator.py
[2022-12-31T21:04:04.789+0700] {logging_mixin.py:137} INFO - [2022-12-31T21:04:04.789+0700] {dag.py:2676} INFO - Sync 1 DAGs
[2022-12-31T21:04:04.821+0700] {logging_mixin.py:137} INFO - [2022-12-31T21:04:04.820+0700] {dag.py:3423} INFO - Setting next_dagrun for example_branch_operator to 2022-12-30T00:00:00+00:00, run_after=2022-12-31T00:00:00+00:00
[2022-12-31T21:04:04.872+0700] {processor.py:175} INFO - Processing /home/dmk/anaconda3/lib/python3.9/site-packages/airflow/example_dags/example_branch_operator.py took 0.293 seconds
[2022-12-31T21:05:01.380+0700] {processor.py:153} INFO - Started process (PID=17840) to work on /home/dmk/anaconda3/lib/python3.9/site-packages/airflow/example_dags/example_branch_operator.py
[2022-12-31T21:05:01.384+0700] {processor.py:743} INFO - Processing file /home/dmk/anaconda3/lib/python3.9/site-packages/airflow/example_dags/example_branch_operator.py for tasks to queue
[2022-12-31T21:05:01.385+0700] {logging_mixin.py:137} INFO - [2022-12-31T21:05:01.385+0700] {dagbag.py:538} INFO - Filling up the DagBag from /home/dmk/anaconda3/lib/python3.9/site-packages/airflow/example_dags/example_branch_operator.py
[2022-12-31T21:05:01.404+0700] {processor.py:753} INFO - DAG(s) dict_keys(['example_branch_operator']) retrieved from /home/dmk/anaconda3/lib/python3.9/site-packages/airflow/example_dags/example_branch_operator.py
[2022-12-31T21:05:01.566+0700] {logging_mixin.py:137} INFO - [2022-12-31T21:05:01.566+0700] {dag.py:2676} INFO - Sync 1 DAGs
[2022-12-31T21:05:01.583+0700] {logging_mixin.py:137} INFO - [2022-12-31T21:05:01.582+0700] {dag.py:3423} INFO - Setting next_dagrun for example_branch_operator to 2022-12-30T00:00:00+00:00, run_after=2022-12-31T00:00:00+00:00
[2022-12-31T21:05:01.604+0700] {processor.py:175} INFO - Processing /home/dmk/anaconda3/lib/python3.9/site-packages/airflow/example_dags/example_branch_operator.py took 0.232 seconds
[2022-12-31T21:06:25.080+0700] {processor.py:153} INFO - Started process (PID=18434) to work on /home/dmk/anaconda3/lib/python3.9/site-packages/airflow/example_dags/example_branch_operator.py
[2022-12-31T21:06:25.083+0700] {processor.py:743} INFO - Processing file /home/dmk/anaconda3/lib/python3.9/site-packages/airflow/example_dags/example_branch_operator.py for tasks to queue
[2022-12-31T21:06:25.084+0700] {logging_mixin.py:137} INFO - [2022-12-31T21:06:25.084+0700] {dagbag.py:538} INFO - Filling up the DagBag from /home/dmk/anaconda3/lib/python3.9/site-packages/airflow/example_dags/example_branch_operator.py
[2022-12-31T21:06:25.109+0700] {processor.py:753} INFO - DAG(s) dict_keys(['example_branch_operator']) retrieved from /home/dmk/anaconda3/lib/python3.9/site-packages/airflow/example_dags/example_branch_operator.py
[2022-12-31T21:06:25.227+0700] {logging_mixin.py:137} INFO - [2022-12-31T21:06:25.227+0700] {dag.py:2676} INFO - Sync 1 DAGs
[2022-12-31T21:06:25.247+0700] {logging_mixin.py:137} INFO - [2022-12-31T21:06:25.246+0700] {dag.py:3423} INFO - Setting next_dagrun for example_branch_operator to 2022-12-30T00:00:00+00:00, run_after=2022-12-31T00:00:00+00:00
[2022-12-31T21:06:25.269+0700] {processor.py:175} INFO - Processing /home/dmk/anaconda3/lib/python3.9/site-packages/airflow/example_dags/example_branch_operator.py took 0.196 seconds
[2022-12-31T21:07:16.116+0700] {processor.py:153} INFO - Started process (PID=18651) to work on /home/dmk/anaconda3/lib/python3.9/site-packages/airflow/example_dags/example_branch_operator.py
[2022-12-31T21:07:16.120+0700] {processor.py:743} INFO - Processing file /home/dmk/anaconda3/lib/python3.9/site-packages/airflow/example_dags/example_branch_operator.py for tasks to queue
[2022-12-31T21:07:16.121+0700] {logging_mixin.py:137} INFO - [2022-12-31T21:07:16.120+0700] {dagbag.py:538} INFO - Filling up the DagBag from /home/dmk/anaconda3/lib/python3.9/site-packages/airflow/example_dags/example_branch_operator.py
[2022-12-31T21:07:16.141+0700] {processor.py:753} INFO - DAG(s) dict_keys(['example_branch_operator']) retrieved from /home/dmk/anaconda3/lib/python3.9/site-packages/airflow/example_dags/example_branch_operator.py
[2022-12-31T21:07:16.279+0700] {logging_mixin.py:137} INFO - [2022-12-31T21:07:16.279+0700] {dag.py:2676} INFO - Sync 1 DAGs
[2022-12-31T21:07:16.301+0700] {logging_mixin.py:137} INFO - [2022-12-31T21:07:16.301+0700] {dag.py:3423} INFO - Setting next_dagrun for example_branch_operator to 2022-12-30T00:00:00+00:00, run_after=2022-12-31T00:00:00+00:00
[2022-12-31T21:07:16.328+0700] {processor.py:175} INFO - Processing /home/dmk/anaconda3/lib/python3.9/site-packages/airflow/example_dags/example_branch_operator.py took 0.216 seconds
[2022-12-31T21:08:30.049+0700] {processor.py:153} INFO - Started process (PID=18910) to work on /home/dmk/anaconda3/lib/python3.9/site-packages/airflow/example_dags/example_branch_operator.py
[2022-12-31T21:08:30.053+0700] {processor.py:743} INFO - Processing file /home/dmk/anaconda3/lib/python3.9/site-packages/airflow/example_dags/example_branch_operator.py for tasks to queue
[2022-12-31T21:08:30.053+0700] {logging_mixin.py:137} INFO - [2022-12-31T21:08:30.053+0700] {dagbag.py:538} INFO - Filling up the DagBag from /home/dmk/anaconda3/lib/python3.9/site-packages/airflow/example_dags/example_branch_operator.py
[2022-12-31T21:08:30.069+0700] {processor.py:753} INFO - DAG(s) dict_keys(['example_branch_operator']) retrieved from /home/dmk/anaconda3/lib/python3.9/site-packages/airflow/example_dags/example_branch_operator.py
[2022-12-31T21:08:30.095+0700] {logging_mixin.py:137} INFO - [2022-12-31T21:08:30.095+0700] {dag.py:2676} INFO - Sync 1 DAGs
[2022-12-31T21:08:30.114+0700] {logging_mixin.py:137} INFO - [2022-12-31T21:08:30.114+0700] {dag.py:3423} INFO - Setting next_dagrun for example_branch_operator to 2022-12-30T00:00:00+00:00, run_after=2022-12-31T00:00:00+00:00
[2022-12-31T21:08:30.136+0700] {processor.py:175} INFO - Processing /home/dmk/anaconda3/lib/python3.9/site-packages/airflow/example_dags/example_branch_operator.py took 0.089 seconds
[2022-12-31T21:09:45.536+0700] {processor.py:153} INFO - Started process (PID=19839) to work on /home/dmk/anaconda3/lib/python3.9/site-packages/airflow/example_dags/example_branch_operator.py
[2022-12-31T21:09:45.540+0700] {processor.py:743} INFO - Processing file /home/dmk/anaconda3/lib/python3.9/site-packages/airflow/example_dags/example_branch_operator.py for tasks to queue
[2022-12-31T21:09:45.540+0700] {logging_mixin.py:137} INFO - [2022-12-31T21:09:45.540+0700] {dagbag.py:538} INFO - Filling up the DagBag from /home/dmk/anaconda3/lib/python3.9/site-packages/airflow/example_dags/example_branch_operator.py
[2022-12-31T21:09:45.558+0700] {processor.py:753} INFO - DAG(s) dict_keys(['example_branch_operator']) retrieved from /home/dmk/anaconda3/lib/python3.9/site-packages/airflow/example_dags/example_branch_operator.py
[2022-12-31T21:09:45.585+0700] {logging_mixin.py:137} INFO - [2022-12-31T21:09:45.585+0700] {dag.py:2676} INFO - Sync 1 DAGs
[2022-12-31T21:09:45.607+0700] {logging_mixin.py:137} INFO - [2022-12-31T21:09:45.607+0700] {dag.py:3423} INFO - Setting next_dagrun for example_branch_operator to 2022-12-30T00:00:00+00:00, run_after=2022-12-31T00:00:00+00:00
[2022-12-31T21:09:45.639+0700] {processor.py:175} INFO - Processing /home/dmk/anaconda3/lib/python3.9/site-packages/airflow/example_dags/example_branch_operator.py took 0.107 seconds
[2022-12-31T21:10:36.103+0700] {processor.py:153} INFO - Started process (PID=20066) to work on /home/dmk/anaconda3/lib/python3.9/site-packages/airflow/example_dags/example_branch_operator.py
[2022-12-31T21:10:36.109+0700] {processor.py:743} INFO - Processing file /home/dmk/anaconda3/lib/python3.9/site-packages/airflow/example_dags/example_branch_operator.py for tasks to queue
[2022-12-31T21:10:36.111+0700] {logging_mixin.py:137} INFO - [2022-12-31T21:10:36.110+0700] {dagbag.py:538} INFO - Filling up the DagBag from /home/dmk/anaconda3/lib/python3.9/site-packages/airflow/example_dags/example_branch_operator.py
[2022-12-31T21:10:36.139+0700] {processor.py:753} INFO - DAG(s) dict_keys(['example_branch_operator']) retrieved from /home/dmk/anaconda3/lib/python3.9/site-packages/airflow/example_dags/example_branch_operator.py
[2022-12-31T21:10:36.166+0700] {logging_mixin.py:137} INFO - [2022-12-31T21:10:36.166+0700] {dag.py:2676} INFO - Sync 1 DAGs
[2022-12-31T21:10:36.185+0700] {logging_mixin.py:137} INFO - [2022-12-31T21:10:36.184+0700] {dag.py:3423} INFO - Setting next_dagrun for example_branch_operator to 2022-12-30T00:00:00+00:00, run_after=2022-12-31T00:00:00+00:00
[2022-12-31T21:10:36.213+0700] {processor.py:175} INFO - Processing /home/dmk/anaconda3/lib/python3.9/site-packages/airflow/example_dags/example_branch_operator.py took 0.118 seconds
[2022-12-31T21:11:26.191+0700] {processor.py:153} INFO - Started process (PID=20207) to work on /home/dmk/anaconda3/lib/python3.9/site-packages/airflow/example_dags/example_branch_operator.py
[2022-12-31T21:11:26.197+0700] {processor.py:743} INFO - Processing file /home/dmk/anaconda3/lib/python3.9/site-packages/airflow/example_dags/example_branch_operator.py for tasks to queue
[2022-12-31T21:11:26.200+0700] {logging_mixin.py:137} INFO - [2022-12-31T21:11:26.199+0700] {dagbag.py:538} INFO - Filling up the DagBag from /home/dmk/anaconda3/lib/python3.9/site-packages/airflow/example_dags/example_branch_operator.py
[2022-12-31T21:11:26.235+0700] {processor.py:753} INFO - DAG(s) dict_keys(['example_branch_operator']) retrieved from /home/dmk/anaconda3/lib/python3.9/site-packages/airflow/example_dags/example_branch_operator.py
[2022-12-31T21:11:26.273+0700] {logging_mixin.py:137} INFO - [2022-12-31T21:11:26.273+0700] {dag.py:2676} INFO - Sync 1 DAGs
[2022-12-31T21:11:26.302+0700] {logging_mixin.py:137} INFO - [2022-12-31T21:11:26.301+0700] {dag.py:3423} INFO - Setting next_dagrun for example_branch_operator to 2022-12-30T00:00:00+00:00, run_after=2022-12-31T00:00:00+00:00
[2022-12-31T21:11:26.334+0700] {processor.py:175} INFO - Processing /home/dmk/anaconda3/lib/python3.9/site-packages/airflow/example_dags/example_branch_operator.py took 0.155 seconds
[2022-12-31T21:12:39.275+0700] {processor.py:153} INFO - Started process (PID=20456) to work on /home/dmk/anaconda3/lib/python3.9/site-packages/airflow/example_dags/example_branch_operator.py
[2022-12-31T21:12:39.277+0700] {processor.py:743} INFO - Processing file /home/dmk/anaconda3/lib/python3.9/site-packages/airflow/example_dags/example_branch_operator.py for tasks to queue
[2022-12-31T21:12:39.277+0700] {logging_mixin.py:137} INFO - [2022-12-31T21:12:39.277+0700] {dagbag.py:538} INFO - Filling up the DagBag from /home/dmk/anaconda3/lib/python3.9/site-packages/airflow/example_dags/example_branch_operator.py
[2022-12-31T21:12:39.293+0700] {processor.py:753} INFO - DAG(s) dict_keys(['example_branch_operator']) retrieved from /home/dmk/anaconda3/lib/python3.9/site-packages/airflow/example_dags/example_branch_operator.py
[2022-12-31T21:12:39.319+0700] {logging_mixin.py:137} INFO - [2022-12-31T21:12:39.319+0700] {dag.py:2676} INFO - Sync 1 DAGs
[2022-12-31T21:12:39.338+0700] {logging_mixin.py:137} INFO - [2022-12-31T21:12:39.338+0700] {dag.py:3423} INFO - Setting next_dagrun for example_branch_operator to 2022-12-30T00:00:00+00:00, run_after=2022-12-31T00:00:00+00:00
[2022-12-31T21:12:39.359+0700] {processor.py:175} INFO - Processing /home/dmk/anaconda3/lib/python3.9/site-packages/airflow/example_dags/example_branch_operator.py took 0.086 seconds
[2022-12-31T21:13:31.978+0700] {processor.py:153} INFO - Started process (PID=20679) to work on /home/dmk/anaconda3/lib/python3.9/site-packages/airflow/example_dags/example_branch_operator.py
[2022-12-31T21:13:31.979+0700] {processor.py:743} INFO - Processing file /home/dmk/anaconda3/lib/python3.9/site-packages/airflow/example_dags/example_branch_operator.py for tasks to queue
[2022-12-31T21:13:31.979+0700] {logging_mixin.py:137} INFO - [2022-12-31T21:13:31.979+0700] {dagbag.py:538} INFO - Filling up the DagBag from /home/dmk/anaconda3/lib/python3.9/site-packages/airflow/example_dags/example_branch_operator.py
[2022-12-31T21:13:31.996+0700] {processor.py:753} INFO - DAG(s) dict_keys(['example_branch_operator']) retrieved from /home/dmk/anaconda3/lib/python3.9/site-packages/airflow/example_dags/example_branch_operator.py
[2022-12-31T21:13:32.024+0700] {logging_mixin.py:137} INFO - [2022-12-31T21:13:32.024+0700] {dag.py:2676} INFO - Sync 1 DAGs
[2022-12-31T21:13:32.042+0700] {logging_mixin.py:137} INFO - [2022-12-31T21:13:32.042+0700] {dag.py:3423} INFO - Setting next_dagrun for example_branch_operator to 2022-12-30T00:00:00+00:00, run_after=2022-12-31T00:00:00+00:00
[2022-12-31T21:13:32.073+0700] {processor.py:175} INFO - Processing /home/dmk/anaconda3/lib/python3.9/site-packages/airflow/example_dags/example_branch_operator.py took 0.097 seconds
[2022-12-31T21:14:22.098+0700] {processor.py:153} INFO - Started process (PID=21401) to work on /home/dmk/anaconda3/lib/python3.9/site-packages/airflow/example_dags/example_branch_operator.py
[2022-12-31T21:14:22.103+0700] {processor.py:743} INFO - Processing file /home/dmk/anaconda3/lib/python3.9/site-packages/airflow/example_dags/example_branch_operator.py for tasks to queue
[2022-12-31T21:14:22.105+0700] {logging_mixin.py:137} INFO - [2022-12-31T21:14:22.104+0700] {dagbag.py:538} INFO - Filling up the DagBag from /home/dmk/anaconda3/lib/python3.9/site-packages/airflow/example_dags/example_branch_operator.py
[2022-12-31T21:14:22.134+0700] {processor.py:753} INFO - DAG(s) dict_keys(['example_branch_operator']) retrieved from /home/dmk/anaconda3/lib/python3.9/site-packages/airflow/example_dags/example_branch_operator.py
[2022-12-31T21:14:22.161+0700] {logging_mixin.py:137} INFO - [2022-12-31T21:14:22.160+0700] {dag.py:2676} INFO - Sync 1 DAGs
[2022-12-31T21:14:22.179+0700] {logging_mixin.py:137} INFO - [2022-12-31T21:14:22.179+0700] {dag.py:3423} INFO - Setting next_dagrun for example_branch_operator to 2022-12-30T00:00:00+00:00, run_after=2022-12-31T00:00:00+00:00
[2022-12-31T21:14:22.201+0700] {processor.py:175} INFO - Processing /home/dmk/anaconda3/lib/python3.9/site-packages/airflow/example_dags/example_branch_operator.py took 0.111 seconds
[2022-12-31T21:15:29.120+0700] {processor.py:153} INFO - Started process (PID=22105) to work on /home/dmk/anaconda3/lib/python3.9/site-packages/airflow/example_dags/example_branch_operator.py
[2022-12-31T21:15:29.125+0700] {processor.py:743} INFO - Processing file /home/dmk/anaconda3/lib/python3.9/site-packages/airflow/example_dags/example_branch_operator.py for tasks to queue
[2022-12-31T21:15:29.126+0700] {logging_mixin.py:137} INFO - [2022-12-31T21:15:29.126+0700] {dagbag.py:538} INFO - Filling up the DagBag from /home/dmk/anaconda3/lib/python3.9/site-packages/airflow/example_dags/example_branch_operator.py
[2022-12-31T21:15:29.156+0700] {processor.py:753} INFO - DAG(s) dict_keys(['example_branch_operator']) retrieved from /home/dmk/anaconda3/lib/python3.9/site-packages/airflow/example_dags/example_branch_operator.py
[2022-12-31T21:15:29.183+0700] {logging_mixin.py:137} INFO - [2022-12-31T21:15:29.183+0700] {dag.py:2676} INFO - Sync 1 DAGs
[2022-12-31T21:15:29.201+0700] {logging_mixin.py:137} INFO - [2022-12-31T21:15:29.201+0700] {dag.py:3423} INFO - Setting next_dagrun for example_branch_operator to 2022-12-30T00:00:00+00:00, run_after=2022-12-31T00:00:00+00:00
[2022-12-31T21:15:29.224+0700] {processor.py:175} INFO - Processing /home/dmk/anaconda3/lib/python3.9/site-packages/airflow/example_dags/example_branch_operator.py took 0.109 seconds
[2022-12-31T21:16:23.016+0700] {processor.py:153} INFO - Started process (PID=22699) to work on /home/dmk/anaconda3/lib/python3.9/site-packages/airflow/example_dags/example_branch_operator.py
[2022-12-31T21:16:23.022+0700] {processor.py:743} INFO - Processing file /home/dmk/anaconda3/lib/python3.9/site-packages/airflow/example_dags/example_branch_operator.py for tasks to queue
[2022-12-31T21:16:23.024+0700] {logging_mixin.py:137} INFO - [2022-12-31T21:16:23.024+0700] {dagbag.py:538} INFO - Filling up the DagBag from /home/dmk/anaconda3/lib/python3.9/site-packages/airflow/example_dags/example_branch_operator.py
[2022-12-31T21:16:23.058+0700] {processor.py:753} INFO - DAG(s) dict_keys(['example_branch_operator']) retrieved from /home/dmk/anaconda3/lib/python3.9/site-packages/airflow/example_dags/example_branch_operator.py
[2022-12-31T21:16:23.100+0700] {logging_mixin.py:137} INFO - [2022-12-31T21:16:23.099+0700] {dag.py:2676} INFO - Sync 1 DAGs
[2022-12-31T21:16:23.127+0700] {logging_mixin.py:137} INFO - [2022-12-31T21:16:23.127+0700] {dag.py:3423} INFO - Setting next_dagrun for example_branch_operator to 2022-12-30T00:00:00+00:00, run_after=2022-12-31T00:00:00+00:00
[2022-12-31T21:16:23.162+0700] {processor.py:175} INFO - Processing /home/dmk/anaconda3/lib/python3.9/site-packages/airflow/example_dags/example_branch_operator.py took 0.154 seconds
[2022-12-31T21:17:08.669+0700] {processor.py:153} INFO - Started process (PID=23536) to work on /home/dmk/anaconda3/lib/python3.9/site-packages/airflow/example_dags/example_branch_operator.py
[2022-12-31T21:17:08.672+0700] {processor.py:743} INFO - Processing file /home/dmk/anaconda3/lib/python3.9/site-packages/airflow/example_dags/example_branch_operator.py for tasks to queue
[2022-12-31T21:17:08.673+0700] {logging_mixin.py:137} INFO - [2022-12-31T21:17:08.673+0700] {dagbag.py:538} INFO - Filling up the DagBag from /home/dmk/anaconda3/lib/python3.9/site-packages/airflow/example_dags/example_branch_operator.py
[2022-12-31T21:17:08.695+0700] {processor.py:753} INFO - DAG(s) dict_keys(['example_branch_operator']) retrieved from /home/dmk/anaconda3/lib/python3.9/site-packages/airflow/example_dags/example_branch_operator.py
[2022-12-31T21:17:08.731+0700] {logging_mixin.py:137} INFO - [2022-12-31T21:17:08.731+0700] {dag.py:2676} INFO - Sync 1 DAGs
[2022-12-31T21:17:08.763+0700] {logging_mixin.py:137} INFO - [2022-12-31T21:17:08.762+0700] {dag.py:3423} INFO - Setting next_dagrun for example_branch_operator to 2022-12-30T00:00:00+00:00, run_after=2022-12-31T00:00:00+00:00
[2022-12-31T21:17:08.805+0700] {processor.py:175} INFO - Processing /home/dmk/anaconda3/lib/python3.9/site-packages/airflow/example_dags/example_branch_operator.py took 0.139 seconds
[2022-12-31T21:17:58.541+0700] {processor.py:153} INFO - Started process (PID=23661) to work on /home/dmk/anaconda3/lib/python3.9/site-packages/airflow/example_dags/example_branch_operator.py
[2022-12-31T21:17:58.546+0700] {processor.py:743} INFO - Processing file /home/dmk/anaconda3/lib/python3.9/site-packages/airflow/example_dags/example_branch_operator.py for tasks to queue
[2022-12-31T21:17:58.548+0700] {logging_mixin.py:137} INFO - [2022-12-31T21:17:58.548+0700] {dagbag.py:538} INFO - Filling up the DagBag from /home/dmk/anaconda3/lib/python3.9/site-packages/airflow/example_dags/example_branch_operator.py
[2022-12-31T21:17:58.576+0700] {processor.py:753} INFO - DAG(s) dict_keys(['example_branch_operator']) retrieved from /home/dmk/anaconda3/lib/python3.9/site-packages/airflow/example_dags/example_branch_operator.py
[2022-12-31T21:17:58.602+0700] {logging_mixin.py:137} INFO - [2022-12-31T21:17:58.602+0700] {dag.py:2676} INFO - Sync 1 DAGs
[2022-12-31T21:17:58.621+0700] {logging_mixin.py:137} INFO - [2022-12-31T21:17:58.621+0700] {dag.py:3423} INFO - Setting next_dagrun for example_branch_operator to 2022-12-30T00:00:00+00:00, run_after=2022-12-31T00:00:00+00:00
[2022-12-31T21:17:58.652+0700] {processor.py:175} INFO - Processing /home/dmk/anaconda3/lib/python3.9/site-packages/airflow/example_dags/example_branch_operator.py took 0.118 seconds
[2022-12-31T21:19:27.785+0700] {processor.py:153} INFO - Started process (PID=24134) to work on /home/dmk/anaconda3/lib/python3.9/site-packages/airflow/example_dags/example_branch_operator.py
[2022-12-31T21:19:27.788+0700] {processor.py:743} INFO - Processing file /home/dmk/anaconda3/lib/python3.9/site-packages/airflow/example_dags/example_branch_operator.py for tasks to queue
[2022-12-31T21:19:27.789+0700] {logging_mixin.py:137} INFO - [2022-12-31T21:19:27.789+0700] {dagbag.py:538} INFO - Filling up the DagBag from /home/dmk/anaconda3/lib/python3.9/site-packages/airflow/example_dags/example_branch_operator.py
[2022-12-31T21:19:27.812+0700] {processor.py:753} INFO - DAG(s) dict_keys(['example_branch_operator']) retrieved from /home/dmk/anaconda3/lib/python3.9/site-packages/airflow/example_dags/example_branch_operator.py
[2022-12-31T21:19:27.841+0700] {logging_mixin.py:137} INFO - [2022-12-31T21:19:27.840+0700] {dag.py:2676} INFO - Sync 1 DAGs
[2022-12-31T21:19:27.965+0700] {logging_mixin.py:137} INFO - [2022-12-31T21:19:27.965+0700] {dag.py:3423} INFO - Setting next_dagrun for example_branch_operator to 2022-12-30T00:00:00+00:00, run_after=2022-12-31T00:00:00+00:00
[2022-12-31T21:19:28.004+0700] {processor.py:175} INFO - Processing /home/dmk/anaconda3/lib/python3.9/site-packages/airflow/example_dags/example_branch_operator.py took 0.223 seconds
[2022-12-31T21:20:33.878+0700] {processor.py:153} INFO - Started process (PID=24453) to work on /home/dmk/anaconda3/lib/python3.9/site-packages/airflow/example_dags/example_branch_operator.py
[2022-12-31T21:20:33.881+0700] {processor.py:743} INFO - Processing file /home/dmk/anaconda3/lib/python3.9/site-packages/airflow/example_dags/example_branch_operator.py for tasks to queue
[2022-12-31T21:20:33.882+0700] {logging_mixin.py:137} INFO - [2022-12-31T21:20:33.882+0700] {dagbag.py:538} INFO - Filling up the DagBag from /home/dmk/anaconda3/lib/python3.9/site-packages/airflow/example_dags/example_branch_operator.py
[2022-12-31T21:20:33.909+0700] {processor.py:753} INFO - DAG(s) dict_keys(['example_branch_operator']) retrieved from /home/dmk/anaconda3/lib/python3.9/site-packages/airflow/example_dags/example_branch_operator.py
[2022-12-31T21:20:33.936+0700] {logging_mixin.py:137} INFO - [2022-12-31T21:20:33.936+0700] {dag.py:2676} INFO - Sync 1 DAGs
[2022-12-31T21:20:34.077+0700] {logging_mixin.py:137} INFO - [2022-12-31T21:20:34.077+0700] {dag.py:3423} INFO - Setting next_dagrun for example_branch_operator to 2022-12-30T00:00:00+00:00, run_after=2022-12-31T00:00:00+00:00
[2022-12-31T21:20:34.121+0700] {processor.py:175} INFO - Processing /home/dmk/anaconda3/lib/python3.9/site-packages/airflow/example_dags/example_branch_operator.py took 0.248 seconds
[2022-12-31T21:22:51.990+0700] {processor.py:153} INFO - Started process (PID=25345) to work on /home/dmk/anaconda3/lib/python3.9/site-packages/airflow/example_dags/example_branch_operator.py
[2022-12-31T21:22:51.993+0700] {processor.py:743} INFO - Processing file /home/dmk/anaconda3/lib/python3.9/site-packages/airflow/example_dags/example_branch_operator.py for tasks to queue
[2022-12-31T21:22:51.994+0700] {logging_mixin.py:137} INFO - [2022-12-31T21:22:51.994+0700] {dagbag.py:538} INFO - Filling up the DagBag from /home/dmk/anaconda3/lib/python3.9/site-packages/airflow/example_dags/example_branch_operator.py
[2022-12-31T21:22:52.029+0700] {processor.py:753} INFO - DAG(s) dict_keys(['example_branch_operator']) retrieved from /home/dmk/anaconda3/lib/python3.9/site-packages/airflow/example_dags/example_branch_operator.py
[2022-12-31T21:22:52.058+0700] {logging_mixin.py:137} INFO - [2022-12-31T21:22:52.058+0700] {dag.py:2676} INFO - Sync 1 DAGs
[2022-12-31T21:22:52.172+0700] {logging_mixin.py:137} INFO - [2022-12-31T21:22:52.171+0700] {dag.py:3423} INFO - Setting next_dagrun for example_branch_operator to 2022-12-30T00:00:00+00:00, run_after=2022-12-31T00:00:00+00:00
[2022-12-31T21:22:52.203+0700] {processor.py:175} INFO - Processing /home/dmk/anaconda3/lib/python3.9/site-packages/airflow/example_dags/example_branch_operator.py took 0.220 seconds
[2022-12-31T21:23:57.663+0700] {processor.py:153} INFO - Started process (PID=25476) to work on /home/dmk/anaconda3/lib/python3.9/site-packages/airflow/example_dags/example_branch_operator.py
[2022-12-31T21:23:57.667+0700] {processor.py:743} INFO - Processing file /home/dmk/anaconda3/lib/python3.9/site-packages/airflow/example_dags/example_branch_operator.py for tasks to queue
[2022-12-31T21:23:57.668+0700] {logging_mixin.py:137} INFO - [2022-12-31T21:23:57.668+0700] {dagbag.py:538} INFO - Filling up the DagBag from /home/dmk/anaconda3/lib/python3.9/site-packages/airflow/example_dags/example_branch_operator.py
[2022-12-31T21:23:57.689+0700] {processor.py:753} INFO - DAG(s) dict_keys(['example_branch_operator']) retrieved from /home/dmk/anaconda3/lib/python3.9/site-packages/airflow/example_dags/example_branch_operator.py
[2022-12-31T21:23:57.721+0700] {logging_mixin.py:137} INFO - [2022-12-31T21:23:57.721+0700] {dag.py:2676} INFO - Sync 1 DAGs
[2022-12-31T21:23:57.857+0700] {logging_mixin.py:137} INFO - [2022-12-31T21:23:57.856+0700] {dag.py:3423} INFO - Setting next_dagrun for example_branch_operator to 2022-12-30T00:00:00+00:00, run_after=2022-12-31T00:00:00+00:00
[2022-12-31T21:23:57.887+0700] {processor.py:175} INFO - Processing /home/dmk/anaconda3/lib/python3.9/site-packages/airflow/example_dags/example_branch_operator.py took 0.228 seconds
[2022-12-31T21:24:58.975+0700] {processor.py:153} INFO - Started process (PID=25718) to work on /home/dmk/anaconda3/lib/python3.9/site-packages/airflow/example_dags/example_branch_operator.py
[2022-12-31T21:24:58.981+0700] {processor.py:743} INFO - Processing file /home/dmk/anaconda3/lib/python3.9/site-packages/airflow/example_dags/example_branch_operator.py for tasks to queue
[2022-12-31T21:24:58.983+0700] {logging_mixin.py:137} INFO - [2022-12-31T21:24:58.982+0700] {dagbag.py:538} INFO - Filling up the DagBag from /home/dmk/anaconda3/lib/python3.9/site-packages/airflow/example_dags/example_branch_operator.py
[2022-12-31T21:24:59.010+0700] {processor.py:753} INFO - DAG(s) dict_keys(['example_branch_operator']) retrieved from /home/dmk/anaconda3/lib/python3.9/site-packages/airflow/example_dags/example_branch_operator.py
[2022-12-31T21:24:59.141+0700] {logging_mixin.py:137} INFO - [2022-12-31T21:24:59.140+0700] {dag.py:2676} INFO - Sync 1 DAGs
[2022-12-31T21:24:59.169+0700] {logging_mixin.py:137} INFO - [2022-12-31T21:24:59.169+0700] {dag.py:3423} INFO - Setting next_dagrun for example_branch_operator to 2022-12-30T00:00:00+00:00, run_after=2022-12-31T00:00:00+00:00
[2022-12-31T21:24:59.204+0700] {processor.py:175} INFO - Processing /home/dmk/anaconda3/lib/python3.9/site-packages/airflow/example_dags/example_branch_operator.py took 0.237 seconds
[2022-12-31T21:25:59.686+0700] {processor.py:153} INFO - Started process (PID=25896) to work on /home/dmk/anaconda3/lib/python3.9/site-packages/airflow/example_dags/example_branch_operator.py
[2022-12-31T21:25:59.690+0700] {processor.py:743} INFO - Processing file /home/dmk/anaconda3/lib/python3.9/site-packages/airflow/example_dags/example_branch_operator.py for tasks to queue
[2022-12-31T21:25:59.692+0700] {logging_mixin.py:137} INFO - [2022-12-31T21:25:59.691+0700] {dagbag.py:538} INFO - Filling up the DagBag from /home/dmk/anaconda3/lib/python3.9/site-packages/airflow/example_dags/example_branch_operator.py
[2022-12-31T21:25:59.739+0700] {processor.py:753} INFO - DAG(s) dict_keys(['example_branch_operator']) retrieved from /home/dmk/anaconda3/lib/python3.9/site-packages/airflow/example_dags/example_branch_operator.py
[2022-12-31T21:25:59.880+0700] {logging_mixin.py:137} INFO - [2022-12-31T21:25:59.880+0700] {dag.py:2676} INFO - Sync 1 DAGs
[2022-12-31T21:25:59.900+0700] {logging_mixin.py:137} INFO - [2022-12-31T21:25:59.900+0700] {dag.py:3423} INFO - Setting next_dagrun for example_branch_operator to 2022-12-30T00:00:00+00:00, run_after=2022-12-31T00:00:00+00:00
[2022-12-31T21:25:59.934+0700] {processor.py:175} INFO - Processing /home/dmk/anaconda3/lib/python3.9/site-packages/airflow/example_dags/example_branch_operator.py took 0.258 seconds
[2022-12-31T21:26:55.459+0700] {processor.py:153} INFO - Started process (PID=25999) to work on /home/dmk/anaconda3/lib/python3.9/site-packages/airflow/example_dags/example_branch_operator.py
[2022-12-31T21:26:55.463+0700] {processor.py:743} INFO - Processing file /home/dmk/anaconda3/lib/python3.9/site-packages/airflow/example_dags/example_branch_operator.py for tasks to queue
[2022-12-31T21:26:55.468+0700] {logging_mixin.py:137} INFO - [2022-12-31T21:26:55.467+0700] {dagbag.py:538} INFO - Filling up the DagBag from /home/dmk/anaconda3/lib/python3.9/site-packages/airflow/example_dags/example_branch_operator.py
[2022-12-31T21:26:55.638+0700] {processor.py:753} INFO - DAG(s) dict_keys(['example_branch_operator']) retrieved from /home/dmk/anaconda3/lib/python3.9/site-packages/airflow/example_dags/example_branch_operator.py
[2022-12-31T21:26:55.663+0700] {logging_mixin.py:137} INFO - [2022-12-31T21:26:55.663+0700] {dag.py:2676} INFO - Sync 1 DAGs
[2022-12-31T21:26:55.687+0700] {logging_mixin.py:137} INFO - [2022-12-31T21:26:55.687+0700] {dag.py:3423} INFO - Setting next_dagrun for example_branch_operator to 2022-12-30T00:00:00+00:00, run_after=2022-12-31T00:00:00+00:00
[2022-12-31T21:26:55.723+0700] {processor.py:175} INFO - Processing /home/dmk/anaconda3/lib/python3.9/site-packages/airflow/example_dags/example_branch_operator.py took 0.280 seconds
[2022-12-31T21:28:00.291+0700] {processor.py:153} INFO - Started process (PID=26120) to work on /home/dmk/anaconda3/lib/python3.9/site-packages/airflow/example_dags/example_branch_operator.py
[2022-12-31T21:28:00.295+0700] {processor.py:743} INFO - Processing file /home/dmk/anaconda3/lib/python3.9/site-packages/airflow/example_dags/example_branch_operator.py for tasks to queue
[2022-12-31T21:28:00.299+0700] {logging_mixin.py:137} INFO - [2022-12-31T21:28:00.298+0700] {dagbag.py:538} INFO - Filling up the DagBag from /home/dmk/anaconda3/lib/python3.9/site-packages/airflow/example_dags/example_branch_operator.py
[2022-12-31T21:28:00.379+0700] {processor.py:753} INFO - DAG(s) dict_keys(['example_branch_operator']) retrieved from /home/dmk/anaconda3/lib/python3.9/site-packages/airflow/example_dags/example_branch_operator.py
[2022-12-31T21:28:00.428+0700] {logging_mixin.py:137} INFO - [2022-12-31T21:28:00.428+0700] {dag.py:2676} INFO - Sync 1 DAGs
[2022-12-31T21:28:00.450+0700] {logging_mixin.py:137} INFO - [2022-12-31T21:28:00.450+0700] {dag.py:3423} INFO - Setting next_dagrun for example_branch_operator to 2022-12-30T00:00:00+00:00, run_after=2022-12-31T00:00:00+00:00
[2022-12-31T21:28:00.510+0700] {processor.py:175} INFO - Processing /home/dmk/anaconda3/lib/python3.9/site-packages/airflow/example_dags/example_branch_operator.py took 0.230 seconds
[2022-12-31T21:29:00.713+0700] {processor.py:153} INFO - Started process (PID=26248) to work on /home/dmk/anaconda3/lib/python3.9/site-packages/airflow/example_dags/example_branch_operator.py
[2022-12-31T21:29:00.716+0700] {processor.py:743} INFO - Processing file /home/dmk/anaconda3/lib/python3.9/site-packages/airflow/example_dags/example_branch_operator.py for tasks to queue
[2022-12-31T21:29:00.720+0700] {logging_mixin.py:137} INFO - [2022-12-31T21:29:00.719+0700] {dagbag.py:538} INFO - Filling up the DagBag from /home/dmk/anaconda3/lib/python3.9/site-packages/airflow/example_dags/example_branch_operator.py
[2022-12-31T21:29:00.815+0700] {processor.py:753} INFO - DAG(s) dict_keys(['example_branch_operator']) retrieved from /home/dmk/anaconda3/lib/python3.9/site-packages/airflow/example_dags/example_branch_operator.py
[2022-12-31T21:29:00.857+0700] {logging_mixin.py:137} INFO - [2022-12-31T21:29:00.857+0700] {dag.py:2676} INFO - Sync 1 DAGs
[2022-12-31T21:29:00.879+0700] {logging_mixin.py:137} INFO - [2022-12-31T21:29:00.879+0700] {dag.py:3423} INFO - Setting next_dagrun for example_branch_operator to 2022-12-30T00:00:00+00:00, run_after=2022-12-31T00:00:00+00:00
[2022-12-31T21:29:00.931+0700] {processor.py:175} INFO - Processing /home/dmk/anaconda3/lib/python3.9/site-packages/airflow/example_dags/example_branch_operator.py took 0.220 seconds
[2022-12-31T21:30:19.993+0700] {processor.py:153} INFO - Started process (PID=26440) to work on /home/dmk/anaconda3/lib/python3.9/site-packages/airflow/example_dags/example_branch_operator.py
[2022-12-31T21:30:19.998+0700] {processor.py:743} INFO - Processing file /home/dmk/anaconda3/lib/python3.9/site-packages/airflow/example_dags/example_branch_operator.py for tasks to queue
[2022-12-31T21:30:20.000+0700] {logging_mixin.py:137} INFO - [2022-12-31T21:30:20.000+0700] {dagbag.py:538} INFO - Filling up the DagBag from /home/dmk/anaconda3/lib/python3.9/site-packages/airflow/example_dags/example_branch_operator.py
[2022-12-31T21:30:20.040+0700] {processor.py:753} INFO - DAG(s) dict_keys(['example_branch_operator']) retrieved from /home/dmk/anaconda3/lib/python3.9/site-packages/airflow/example_dags/example_branch_operator.py
[2022-12-31T21:30:20.073+0700] {logging_mixin.py:137} INFO - [2022-12-31T21:30:20.073+0700] {dag.py:2676} INFO - Sync 1 DAGs
[2022-12-31T21:30:20.097+0700] {logging_mixin.py:137} INFO - [2022-12-31T21:30:20.097+0700] {dag.py:3423} INFO - Setting next_dagrun for example_branch_operator to 2022-12-30T00:00:00+00:00, run_after=2022-12-31T00:00:00+00:00
[2022-12-31T21:30:20.138+0700] {processor.py:175} INFO - Processing /home/dmk/anaconda3/lib/python3.9/site-packages/airflow/example_dags/example_branch_operator.py took 0.154 seconds
[2022-12-31T21:31:14.160+0700] {processor.py:153} INFO - Started process (PID=26539) to work on /home/dmk/anaconda3/lib/python3.9/site-packages/airflow/example_dags/example_branch_operator.py
[2022-12-31T21:31:14.166+0700] {processor.py:743} INFO - Processing file /home/dmk/anaconda3/lib/python3.9/site-packages/airflow/example_dags/example_branch_operator.py for tasks to queue
[2022-12-31T21:31:14.168+0700] {logging_mixin.py:137} INFO - [2022-12-31T21:31:14.168+0700] {dagbag.py:538} INFO - Filling up the DagBag from /home/dmk/anaconda3/lib/python3.9/site-packages/airflow/example_dags/example_branch_operator.py
[2022-12-31T21:31:14.243+0700] {processor.py:753} INFO - DAG(s) dict_keys(['example_branch_operator']) retrieved from /home/dmk/anaconda3/lib/python3.9/site-packages/airflow/example_dags/example_branch_operator.py
[2022-12-31T21:31:14.282+0700] {logging_mixin.py:137} INFO - [2022-12-31T21:31:14.282+0700] {dag.py:2676} INFO - Sync 1 DAGs
[2022-12-31T21:31:14.306+0700] {logging_mixin.py:137} INFO - [2022-12-31T21:31:14.306+0700] {dag.py:3423} INFO - Setting next_dagrun for example_branch_operator to 2022-12-30T00:00:00+00:00, run_after=2022-12-31T00:00:00+00:00
[2022-12-31T21:31:14.337+0700] {processor.py:175} INFO - Processing /home/dmk/anaconda3/lib/python3.9/site-packages/airflow/example_dags/example_branch_operator.py took 0.188 seconds
[2022-12-31T21:32:19.933+0700] {processor.py:153} INFO - Started process (PID=26657) to work on /home/dmk/anaconda3/lib/python3.9/site-packages/airflow/example_dags/example_branch_operator.py
[2022-12-31T21:32:19.940+0700] {processor.py:743} INFO - Processing file /home/dmk/anaconda3/lib/python3.9/site-packages/airflow/example_dags/example_branch_operator.py for tasks to queue
[2022-12-31T21:32:19.944+0700] {logging_mixin.py:137} INFO - [2022-12-31T21:32:19.943+0700] {dagbag.py:538} INFO - Filling up the DagBag from /home/dmk/anaconda3/lib/python3.9/site-packages/airflow/example_dags/example_branch_operator.py
[2022-12-31T21:32:20.011+0700] {processor.py:753} INFO - DAG(s) dict_keys(['example_branch_operator']) retrieved from /home/dmk/anaconda3/lib/python3.9/site-packages/airflow/example_dags/example_branch_operator.py
[2022-12-31T21:32:20.057+0700] {logging_mixin.py:137} INFO - [2022-12-31T21:32:20.056+0700] {dag.py:2676} INFO - Sync 1 DAGs
[2022-12-31T21:32:20.077+0700] {logging_mixin.py:137} INFO - [2022-12-31T21:32:20.077+0700] {dag.py:3423} INFO - Setting next_dagrun for example_branch_operator to 2022-12-30T00:00:00+00:00, run_after=2022-12-31T00:00:00+00:00
[2022-12-31T21:32:20.132+0700] {processor.py:175} INFO - Processing /home/dmk/anaconda3/lib/python3.9/site-packages/airflow/example_dags/example_branch_operator.py took 0.211 seconds
[2022-12-31T21:33:49.313+0700] {processor.py:153} INFO - Started process (PID=26834) to work on /home/dmk/anaconda3/lib/python3.9/site-packages/airflow/example_dags/example_branch_operator.py
[2022-12-31T21:33:49.317+0700] {processor.py:743} INFO - Processing file /home/dmk/anaconda3/lib/python3.9/site-packages/airflow/example_dags/example_branch_operator.py for tasks to queue
[2022-12-31T21:33:49.318+0700] {logging_mixin.py:137} INFO - [2022-12-31T21:33:49.317+0700] {dagbag.py:538} INFO - Filling up the DagBag from /home/dmk/anaconda3/lib/python3.9/site-packages/airflow/example_dags/example_branch_operator.py
[2022-12-31T21:33:49.336+0700] {processor.py:753} INFO - DAG(s) dict_keys(['example_branch_operator']) retrieved from /home/dmk/anaconda3/lib/python3.9/site-packages/airflow/example_dags/example_branch_operator.py
[2022-12-31T21:33:49.364+0700] {logging_mixin.py:137} INFO - [2022-12-31T21:33:49.363+0700] {dag.py:2676} INFO - Sync 1 DAGs
[2022-12-31T21:33:49.382+0700] {logging_mixin.py:137} INFO - [2022-12-31T21:33:49.382+0700] {dag.py:3423} INFO - Setting next_dagrun for example_branch_operator to 2022-12-30T00:00:00+00:00, run_after=2022-12-31T00:00:00+00:00
[2022-12-31T21:33:49.404+0700] {processor.py:175} INFO - Processing /home/dmk/anaconda3/lib/python3.9/site-packages/airflow/example_dags/example_branch_operator.py took 0.093 seconds
[2022-12-31T21:34:59.559+0700] {processor.py:153} INFO - Started process (PID=27691) to work on /home/dmk/anaconda3/lib/python3.9/site-packages/airflow/example_dags/example_branch_operator.py
[2022-12-31T21:34:59.561+0700] {processor.py:743} INFO - Processing file /home/dmk/anaconda3/lib/python3.9/site-packages/airflow/example_dags/example_branch_operator.py for tasks to queue
[2022-12-31T21:34:59.563+0700] {logging_mixin.py:137} INFO - [2022-12-31T21:34:59.562+0700] {dagbag.py:538} INFO - Filling up the DagBag from /home/dmk/anaconda3/lib/python3.9/site-packages/airflow/example_dags/example_branch_operator.py
[2022-12-31T21:34:59.590+0700] {processor.py:753} INFO - DAG(s) dict_keys(['example_branch_operator']) retrieved from /home/dmk/anaconda3/lib/python3.9/site-packages/airflow/example_dags/example_branch_operator.py
[2022-12-31T21:34:59.616+0700] {logging_mixin.py:137} INFO - [2022-12-31T21:34:59.616+0700] {dag.py:2676} INFO - Sync 1 DAGs
[2022-12-31T21:34:59.727+0700] {logging_mixin.py:137} INFO - [2022-12-31T21:34:59.727+0700] {dag.py:3423} INFO - Setting next_dagrun for example_branch_operator to 2022-12-30T00:00:00+00:00, run_after=2022-12-31T00:00:00+00:00
[2022-12-31T21:34:59.756+0700] {processor.py:175} INFO - Processing /home/dmk/anaconda3/lib/python3.9/site-packages/airflow/example_dags/example_branch_operator.py took 0.204 seconds
[2022-12-31T21:36:04.153+0700] {processor.py:153} INFO - Started process (PID=27956) to work on /home/dmk/anaconda3/lib/python3.9/site-packages/airflow/example_dags/example_branch_operator.py
[2022-12-31T21:36:04.156+0700] {processor.py:743} INFO - Processing file /home/dmk/anaconda3/lib/python3.9/site-packages/airflow/example_dags/example_branch_operator.py for tasks to queue
[2022-12-31T21:36:04.157+0700] {logging_mixin.py:137} INFO - [2022-12-31T21:36:04.157+0700] {dagbag.py:538} INFO - Filling up the DagBag from /home/dmk/anaconda3/lib/python3.9/site-packages/airflow/example_dags/example_branch_operator.py
[2022-12-31T21:36:04.173+0700] {processor.py:753} INFO - DAG(s) dict_keys(['example_branch_operator']) retrieved from /home/dmk/anaconda3/lib/python3.9/site-packages/airflow/example_dags/example_branch_operator.py
[2022-12-31T21:36:04.323+0700] {logging_mixin.py:137} INFO - [2022-12-31T21:36:04.323+0700] {dag.py:2676} INFO - Sync 1 DAGs
[2022-12-31T21:36:04.339+0700] {logging_mixin.py:137} INFO - [2022-12-31T21:36:04.339+0700] {dag.py:3423} INFO - Setting next_dagrun for example_branch_operator to 2022-12-30T00:00:00+00:00, run_after=2022-12-31T00:00:00+00:00
[2022-12-31T21:36:04.374+0700] {processor.py:175} INFO - Processing /home/dmk/anaconda3/lib/python3.9/site-packages/airflow/example_dags/example_branch_operator.py took 0.224 seconds
[2022-12-31T21:38:36.207+0700] {processor.py:153} INFO - Started process (PID=28917) to work on /home/dmk/anaconda3/lib/python3.9/site-packages/airflow/example_dags/example_branch_operator.py
[2022-12-31T21:38:36.210+0700] {processor.py:743} INFO - Processing file /home/dmk/anaconda3/lib/python3.9/site-packages/airflow/example_dags/example_branch_operator.py for tasks to queue
[2022-12-31T21:38:36.210+0700] {logging_mixin.py:137} INFO - [2022-12-31T21:38:36.210+0700] {dagbag.py:538} INFO - Filling up the DagBag from /home/dmk/anaconda3/lib/python3.9/site-packages/airflow/example_dags/example_branch_operator.py
[2022-12-31T21:38:36.229+0700] {processor.py:753} INFO - DAG(s) dict_keys(['example_branch_operator']) retrieved from /home/dmk/anaconda3/lib/python3.9/site-packages/airflow/example_dags/example_branch_operator.py
[2022-12-31T21:38:36.471+0700] {logging_mixin.py:137} INFO - [2022-12-31T21:38:36.471+0700] {manager.py:504} INFO - Created Permission View: can delete on DAG:example_branch_operator
[2022-12-31T21:38:36.491+0700] {logging_mixin.py:137} INFO - [2022-12-31T21:38:36.490+0700] {manager.py:504} INFO - Created Permission View: can read on DAG:example_branch_operator
[2022-12-31T21:38:36.510+0700] {logging_mixin.py:137} INFO - [2022-12-31T21:38:36.510+0700] {manager.py:504} INFO - Created Permission View: can edit on DAG:example_branch_operator
[2022-12-31T21:38:36.511+0700] {logging_mixin.py:137} INFO - [2022-12-31T21:38:36.510+0700] {dag.py:2676} INFO - Sync 1 DAGs
[2022-12-31T21:38:36.523+0700] {logging_mixin.py:137} INFO - [2022-12-31T21:38:36.523+0700] {dag.py:2697} INFO - Creating ORM DAG for example_branch_operator
[2022-12-31T21:38:36.535+0700] {logging_mixin.py:137} INFO - [2022-12-31T21:38:36.535+0700] {dag.py:3423} INFO - Setting next_dagrun for example_branch_operator to 2022-12-30T00:00:00+00:00, run_after=2022-12-31T00:00:00+00:00
[2022-12-31T21:38:36.566+0700] {processor.py:175} INFO - Processing /home/dmk/anaconda3/lib/python3.9/site-packages/airflow/example_dags/example_branch_operator.py took 0.361 seconds
[2022-12-31T21:39:46.349+0700] {processor.py:153} INFO - Started process (PID=29216) to work on /home/dmk/anaconda3/lib/python3.9/site-packages/airflow/example_dags/example_branch_operator.py
[2022-12-31T21:39:46.350+0700] {processor.py:743} INFO - Processing file /home/dmk/anaconda3/lib/python3.9/site-packages/airflow/example_dags/example_branch_operator.py for tasks to queue
[2022-12-31T21:39:46.351+0700] {logging_mixin.py:137} INFO - [2022-12-31T21:39:46.351+0700] {dagbag.py:538} INFO - Filling up the DagBag from /home/dmk/anaconda3/lib/python3.9/site-packages/airflow/example_dags/example_branch_operator.py
[2022-12-31T21:39:46.377+0700] {processor.py:753} INFO - DAG(s) dict_keys(['example_branch_operator']) retrieved from /home/dmk/anaconda3/lib/python3.9/site-packages/airflow/example_dags/example_branch_operator.py
[2022-12-31T21:39:46.418+0700] {logging_mixin.py:137} INFO - [2022-12-31T21:39:46.417+0700] {dag.py:2676} INFO - Sync 1 DAGs
[2022-12-31T21:39:46.564+0700] {logging_mixin.py:137} INFO - [2022-12-31T21:39:46.563+0700] {dag.py:3423} INFO - Setting next_dagrun for example_branch_operator to 2022-12-30T00:00:00+00:00, run_after=2022-12-31T00:00:00+00:00
[2022-12-31T21:39:46.610+0700] {processor.py:175} INFO - Processing /home/dmk/anaconda3/lib/python3.9/site-packages/airflow/example_dags/example_branch_operator.py took 0.265 seconds
[2022-12-31T21:40:39.717+0700] {processor.py:153} INFO - Started process (PID=29468) to work on /home/dmk/anaconda3/lib/python3.9/site-packages/airflow/example_dags/example_branch_operator.py
[2022-12-31T21:40:39.719+0700] {processor.py:743} INFO - Processing file /home/dmk/anaconda3/lib/python3.9/site-packages/airflow/example_dags/example_branch_operator.py for tasks to queue
[2022-12-31T21:40:39.720+0700] {logging_mixin.py:137} INFO - [2022-12-31T21:40:39.719+0700] {dagbag.py:538} INFO - Filling up the DagBag from /home/dmk/anaconda3/lib/python3.9/site-packages/airflow/example_dags/example_branch_operator.py
[2022-12-31T21:40:39.746+0700] {processor.py:753} INFO - DAG(s) dict_keys(['example_branch_operator']) retrieved from /home/dmk/anaconda3/lib/python3.9/site-packages/airflow/example_dags/example_branch_operator.py
[2022-12-31T21:40:39.912+0700] {logging_mixin.py:137} INFO - [2022-12-31T21:40:39.911+0700] {dag.py:2676} INFO - Sync 1 DAGs
[2022-12-31T21:40:39.937+0700] {logging_mixin.py:137} INFO - [2022-12-31T21:40:39.937+0700] {dag.py:3423} INFO - Setting next_dagrun for example_branch_operator to 2022-12-30T00:00:00+00:00, run_after=2022-12-31T00:00:00+00:00
[2022-12-31T21:40:39.972+0700] {processor.py:175} INFO - Processing /home/dmk/anaconda3/lib/python3.9/site-packages/airflow/example_dags/example_branch_operator.py took 0.259 seconds
[2022-12-31T21:42:32.465+0700] {processor.py:153} INFO - Started process (PID=29828) to work on /home/dmk/anaconda3/lib/python3.9/site-packages/airflow/example_dags/example_branch_operator.py
[2022-12-31T21:42:32.469+0700] {processor.py:743} INFO - Processing file /home/dmk/anaconda3/lib/python3.9/site-packages/airflow/example_dags/example_branch_operator.py for tasks to queue
[2022-12-31T21:42:32.471+0700] {logging_mixin.py:137} INFO - [2022-12-31T21:42:32.470+0700] {dagbag.py:538} INFO - Filling up the DagBag from /home/dmk/anaconda3/lib/python3.9/site-packages/airflow/example_dags/example_branch_operator.py
[2022-12-31T21:42:32.502+0700] {processor.py:753} INFO - DAG(s) dict_keys(['example_branch_operator']) retrieved from /home/dmk/anaconda3/lib/python3.9/site-packages/airflow/example_dags/example_branch_operator.py
[2022-12-31T21:42:32.538+0700] {logging_mixin.py:137} INFO - [2022-12-31T21:42:32.537+0700] {dag.py:2676} INFO - Sync 1 DAGs
[2022-12-31T21:42:32.665+0700] {logging_mixin.py:137} INFO - [2022-12-31T21:42:32.665+0700] {dag.py:3423} INFO - Setting next_dagrun for example_branch_operator to 2022-12-30T00:00:00+00:00, run_after=2022-12-31T00:00:00+00:00
[2022-12-31T21:42:32.708+0700] {processor.py:175} INFO - Processing /home/dmk/anaconda3/lib/python3.9/site-packages/airflow/example_dags/example_branch_operator.py took 0.252 seconds
[2022-12-31T21:43:30.380+0700] {processor.py:153} INFO - Started process (PID=30173) to work on /home/dmk/anaconda3/lib/python3.9/site-packages/airflow/example_dags/example_branch_operator.py
[2022-12-31T21:43:30.384+0700] {processor.py:743} INFO - Processing file /home/dmk/anaconda3/lib/python3.9/site-packages/airflow/example_dags/example_branch_operator.py for tasks to queue
[2022-12-31T21:43:30.385+0700] {logging_mixin.py:137} INFO - [2022-12-31T21:43:30.385+0700] {dagbag.py:538} INFO - Filling up the DagBag from /home/dmk/anaconda3/lib/python3.9/site-packages/airflow/example_dags/example_branch_operator.py
[2022-12-31T21:43:30.404+0700] {processor.py:753} INFO - DAG(s) dict_keys(['example_branch_operator']) retrieved from /home/dmk/anaconda3/lib/python3.9/site-packages/airflow/example_dags/example_branch_operator.py
[2022-12-31T21:43:30.444+0700] {logging_mixin.py:137} INFO - [2022-12-31T21:43:30.444+0700] {dag.py:2676} INFO - Sync 1 DAGs
[2022-12-31T21:43:30.590+0700] {logging_mixin.py:137} INFO - [2022-12-31T21:43:30.590+0700] {dag.py:3423} INFO - Setting next_dagrun for example_branch_operator to 2022-12-30T00:00:00+00:00, run_after=2022-12-31T00:00:00+00:00
[2022-12-31T21:43:30.626+0700] {processor.py:175} INFO - Processing /home/dmk/anaconda3/lib/python3.9/site-packages/airflow/example_dags/example_branch_operator.py took 0.248 seconds
[2022-12-31T22:23:30.315+0700] {processor.py:153} INFO - Started process (PID=47676) to work on /home/dmk/anaconda3/lib/python3.9/site-packages/airflow/example_dags/example_branch_operator.py
[2022-12-31T22:23:30.318+0700] {processor.py:743} INFO - Processing file /home/dmk/anaconda3/lib/python3.9/site-packages/airflow/example_dags/example_branch_operator.py for tasks to queue
[2022-12-31T22:23:30.320+0700] {logging_mixin.py:137} INFO - [2022-12-31T22:23:30.320+0700] {dagbag.py:538} INFO - Filling up the DagBag from /home/dmk/anaconda3/lib/python3.9/site-packages/airflow/example_dags/example_branch_operator.py
[2022-12-31T22:23:30.357+0700] {processor.py:753} INFO - DAG(s) dict_keys(['example_branch_operator']) retrieved from /home/dmk/anaconda3/lib/python3.9/site-packages/airflow/example_dags/example_branch_operator.py
[2022-12-31T22:23:30.391+0700] {logging_mixin.py:137} INFO - [2022-12-31T22:23:30.391+0700] {dag.py:2676} INFO - Sync 1 DAGs
[2022-12-31T22:23:30.525+0700] {logging_mixin.py:137} INFO - [2022-12-31T22:23:30.525+0700] {dag.py:3423} INFO - Setting next_dagrun for example_branch_operator to 2022-12-30T00:00:00+00:00, run_after=2022-12-31T00:00:00+00:00
[2022-12-31T22:23:30.562+0700] {processor.py:175} INFO - Processing /home/dmk/anaconda3/lib/python3.9/site-packages/airflow/example_dags/example_branch_operator.py took 0.258 seconds
[2022-12-31T22:24:38.097+0700] {processor.py:153} INFO - Started process (PID=48377) to work on /home/dmk/anaconda3/lib/python3.9/site-packages/airflow/example_dags/example_branch_operator.py
[2022-12-31T22:24:38.100+0700] {processor.py:743} INFO - Processing file /home/dmk/anaconda3/lib/python3.9/site-packages/airflow/example_dags/example_branch_operator.py for tasks to queue
[2022-12-31T22:24:38.100+0700] {logging_mixin.py:137} INFO - [2022-12-31T22:24:38.100+0700] {dagbag.py:538} INFO - Filling up the DagBag from /home/dmk/anaconda3/lib/python3.9/site-packages/airflow/example_dags/example_branch_operator.py
[2022-12-31T22:24:38.119+0700] {processor.py:753} INFO - DAG(s) dict_keys(['example_branch_operator']) retrieved from /home/dmk/anaconda3/lib/python3.9/site-packages/airflow/example_dags/example_branch_operator.py
[2022-12-31T22:24:38.153+0700] {logging_mixin.py:137} INFO - [2022-12-31T22:24:38.153+0700] {dag.py:2676} INFO - Sync 1 DAGs
[2022-12-31T22:24:38.287+0700] {logging_mixin.py:137} INFO - [2022-12-31T22:24:38.287+0700] {dag.py:3423} INFO - Setting next_dagrun for example_branch_operator to 2022-12-30T00:00:00+00:00, run_after=2022-12-31T00:00:00+00:00
[2022-12-31T22:24:38.330+0700] {processor.py:175} INFO - Processing /home/dmk/anaconda3/lib/python3.9/site-packages/airflow/example_dags/example_branch_operator.py took 0.236 seconds
[2022-12-31T22:25:38.742+0700] {processor.py:153} INFO - Started process (PID=49300) to work on /home/dmk/anaconda3/envs/airflow/lib/python3.7/site-packages/airflow/example_dags/example_branch_operator.py
[2022-12-31T22:25:38.746+0700] {processor.py:743} INFO - Processing file /home/dmk/anaconda3/envs/airflow/lib/python3.7/site-packages/airflow/example_dags/example_branch_operator.py for tasks to queue
[2022-12-31T22:25:38.747+0700] {logging_mixin.py:137} INFO - [2022-12-31T22:25:38.747+0700] {dagbag.py:538} INFO - Filling up the DagBag from /home/dmk/anaconda3/envs/airflow/lib/python3.7/site-packages/airflow/example_dags/example_branch_operator.py
[2022-12-31T22:25:38.763+0700] {processor.py:753} INFO - DAG(s) dict_keys(['example_branch_operator']) retrieved from /home/dmk/anaconda3/envs/airflow/lib/python3.7/site-packages/airflow/example_dags/example_branch_operator.py
[2022-12-31T22:25:38.925+0700] {logging_mixin.py:137} INFO - [2022-12-31T22:25:38.925+0700] {dag.py:2676} INFO - Sync 1 DAGs
[2022-12-31T22:25:38.947+0700] {logging_mixin.py:137} INFO - [2022-12-31T22:25:38.947+0700] {dag.py:3427} INFO - Setting next_dagrun for example_branch_operator to 2022-12-30T00:00:00+00:00, run_after=2022-12-31T00:00:00+00:00
[2022-12-31T22:25:38.980+0700] {processor.py:175} INFO - Processing /home/dmk/anaconda3/envs/airflow/lib/python3.7/site-packages/airflow/example_dags/example_branch_operator.py took 0.241 seconds
[2022-12-31T22:26:29.824+0700] {processor.py:153} INFO - Started process (PID=49833) to work on /home/dmk/anaconda3/envs/airflow/lib/python3.7/site-packages/airflow/example_dags/example_branch_operator.py
[2022-12-31T22:26:29.829+0700] {processor.py:743} INFO - Processing file /home/dmk/anaconda3/envs/airflow/lib/python3.7/site-packages/airflow/example_dags/example_branch_operator.py for tasks to queue
[2022-12-31T22:26:29.831+0700] {logging_mixin.py:137} INFO - [2022-12-31T22:26:29.830+0700] {dagbag.py:538} INFO - Filling up the DagBag from /home/dmk/anaconda3/envs/airflow/lib/python3.7/site-packages/airflow/example_dags/example_branch_operator.py
[2022-12-31T22:26:29.853+0700] {processor.py:753} INFO - DAG(s) dict_keys(['example_branch_operator']) retrieved from /home/dmk/anaconda3/envs/airflow/lib/python3.7/site-packages/airflow/example_dags/example_branch_operator.py
[2022-12-31T22:26:29.983+0700] {logging_mixin.py:137} INFO - [2022-12-31T22:26:29.983+0700] {dag.py:2676} INFO - Sync 1 DAGs
[2022-12-31T22:26:30.005+0700] {logging_mixin.py:137} INFO - [2022-12-31T22:26:30.005+0700] {dag.py:3427} INFO - Setting next_dagrun for example_branch_operator to 2022-12-30T00:00:00+00:00, run_after=2022-12-31T00:00:00+00:00
[2022-12-31T22:26:30.039+0700] {processor.py:175} INFO - Processing /home/dmk/anaconda3/envs/airflow/lib/python3.7/site-packages/airflow/example_dags/example_branch_operator.py took 0.222 seconds
[2022-12-31T22:27:18.953+0700] {processor.py:153} INFO - Started process (PID=50185) to work on /home/dmk/anaconda3/envs/airflow/lib/python3.7/site-packages/airflow/example_dags/example_branch_operator.py
[2022-12-31T22:27:18.956+0700] {processor.py:743} INFO - Processing file /home/dmk/anaconda3/envs/airflow/lib/python3.7/site-packages/airflow/example_dags/example_branch_operator.py for tasks to queue
[2022-12-31T22:27:18.956+0700] {logging_mixin.py:137} INFO - [2022-12-31T22:27:18.956+0700] {dagbag.py:538} INFO - Filling up the DagBag from /home/dmk/anaconda3/envs/airflow/lib/python3.7/site-packages/airflow/example_dags/example_branch_operator.py
[2022-12-31T22:27:18.973+0700] {processor.py:753} INFO - DAG(s) dict_keys(['example_branch_operator']) retrieved from /home/dmk/anaconda3/envs/airflow/lib/python3.7/site-packages/airflow/example_dags/example_branch_operator.py
[2022-12-31T22:27:19.105+0700] {logging_mixin.py:137} INFO - [2022-12-31T22:27:19.105+0700] {dag.py:2676} INFO - Sync 1 DAGs
[2022-12-31T22:27:19.126+0700] {logging_mixin.py:137} INFO - [2022-12-31T22:27:19.126+0700] {dag.py:3427} INFO - Setting next_dagrun for example_branch_operator to 2022-12-30T00:00:00+00:00, run_after=2022-12-31T00:00:00+00:00
[2022-12-31T22:27:19.158+0700] {processor.py:175} INFO - Processing /home/dmk/anaconda3/envs/airflow/lib/python3.7/site-packages/airflow/example_dags/example_branch_operator.py took 0.207 seconds
[2022-12-31T22:28:10.088+0700] {processor.py:153} INFO - Started process (PID=50554) to work on /home/dmk/anaconda3/envs/airflow/lib/python3.7/site-packages/airflow/example_dags/example_branch_operator.py
[2022-12-31T22:28:10.094+0700] {processor.py:743} INFO - Processing file /home/dmk/anaconda3/envs/airflow/lib/python3.7/site-packages/airflow/example_dags/example_branch_operator.py for tasks to queue
[2022-12-31T22:28:10.095+0700] {logging_mixin.py:137} INFO - [2022-12-31T22:28:10.095+0700] {dagbag.py:538} INFO - Filling up the DagBag from /home/dmk/anaconda3/envs/airflow/lib/python3.7/site-packages/airflow/example_dags/example_branch_operator.py
[2022-12-31T22:28:10.268+0700] {processor.py:753} INFO - DAG(s) dict_keys(['example_branch_operator']) retrieved from /home/dmk/anaconda3/envs/airflow/lib/python3.7/site-packages/airflow/example_dags/example_branch_operator.py
[2022-12-31T22:28:10.292+0700] {logging_mixin.py:137} INFO - [2022-12-31T22:28:10.292+0700] {dag.py:2676} INFO - Sync 1 DAGs
[2022-12-31T22:28:10.317+0700] {logging_mixin.py:137} INFO - [2022-12-31T22:28:10.316+0700] {dag.py:3427} INFO - Setting next_dagrun for example_branch_operator to 2022-12-30T00:00:00+00:00, run_after=2022-12-31T00:00:00+00:00
[2022-12-31T22:28:10.349+0700] {processor.py:175} INFO - Processing /home/dmk/anaconda3/envs/airflow/lib/python3.7/site-packages/airflow/example_dags/example_branch_operator.py took 0.264 seconds
[2022-12-31T22:28:58.885+0700] {processor.py:153} INFO - Started process (PID=50649) to work on /home/dmk/anaconda3/envs/airflow/lib/python3.7/site-packages/airflow/example_dags/example_branch_operator.py
[2022-12-31T22:28:58.887+0700] {processor.py:743} INFO - Processing file /home/dmk/anaconda3/envs/airflow/lib/python3.7/site-packages/airflow/example_dags/example_branch_operator.py for tasks to queue
[2022-12-31T22:28:58.888+0700] {logging_mixin.py:137} INFO - [2022-12-31T22:28:58.888+0700] {dagbag.py:538} INFO - Filling up the DagBag from /home/dmk/anaconda3/envs/airflow/lib/python3.7/site-packages/airflow/example_dags/example_branch_operator.py
[2022-12-31T22:28:58.905+0700] {processor.py:753} INFO - DAG(s) dict_keys(['example_branch_operator']) retrieved from /home/dmk/anaconda3/envs/airflow/lib/python3.7/site-packages/airflow/example_dags/example_branch_operator.py
[2022-12-31T22:28:58.927+0700] {logging_mixin.py:137} INFO - [2022-12-31T22:28:58.927+0700] {dag.py:2676} INFO - Sync 1 DAGs
[2022-12-31T22:28:58.950+0700] {logging_mixin.py:137} INFO - [2022-12-31T22:28:58.950+0700] {dag.py:3427} INFO - Setting next_dagrun for example_branch_operator to 2022-12-30T00:00:00+00:00, run_after=2022-12-31T00:00:00+00:00
[2022-12-31T22:28:58.981+0700] {processor.py:175} INFO - Processing /home/dmk/anaconda3/envs/airflow/lib/python3.7/site-packages/airflow/example_dags/example_branch_operator.py took 0.099 seconds
[2022-12-31T22:29:44.249+0700] {processor.py:153} INFO - Started process (PID=51254) to work on /home/dmk/anaconda3/envs/airflow/lib/python3.7/site-packages/airflow/example_dags/example_branch_operator.py
[2022-12-31T22:29:44.251+0700] {processor.py:743} INFO - Processing file /home/dmk/anaconda3/envs/airflow/lib/python3.7/site-packages/airflow/example_dags/example_branch_operator.py for tasks to queue
[2022-12-31T22:29:44.252+0700] {logging_mixin.py:137} INFO - [2022-12-31T22:29:44.252+0700] {dagbag.py:538} INFO - Filling up the DagBag from /home/dmk/anaconda3/envs/airflow/lib/python3.7/site-packages/airflow/example_dags/example_branch_operator.py
[2022-12-31T22:29:44.277+0700] {processor.py:753} INFO - DAG(s) dict_keys(['example_branch_operator']) retrieved from /home/dmk/anaconda3/envs/airflow/lib/python3.7/site-packages/airflow/example_dags/example_branch_operator.py
[2022-12-31T22:29:44.301+0700] {logging_mixin.py:137} INFO - [2022-12-31T22:29:44.301+0700] {dag.py:2676} INFO - Sync 1 DAGs
[2022-12-31T22:29:44.326+0700] {logging_mixin.py:137} INFO - [2022-12-31T22:29:44.326+0700] {dag.py:3427} INFO - Setting next_dagrun for example_branch_operator to 2022-12-30T00:00:00+00:00, run_after=2022-12-31T00:00:00+00:00
[2022-12-31T22:29:44.355+0700] {processor.py:175} INFO - Processing /home/dmk/anaconda3/envs/airflow/lib/python3.7/site-packages/airflow/example_dags/example_branch_operator.py took 0.112 seconds
[2022-12-31T22:30:31.158+0700] {processor.py:153} INFO - Started process (PID=51565) to work on /home/dmk/anaconda3/envs/airflow/lib/python3.7/site-packages/airflow/example_dags/example_branch_operator.py
[2022-12-31T22:30:31.159+0700] {processor.py:743} INFO - Processing file /home/dmk/anaconda3/envs/airflow/lib/python3.7/site-packages/airflow/example_dags/example_branch_operator.py for tasks to queue
[2022-12-31T22:30:31.160+0700] {logging_mixin.py:137} INFO - [2022-12-31T22:30:31.160+0700] {dagbag.py:538} INFO - Filling up the DagBag from /home/dmk/anaconda3/envs/airflow/lib/python3.7/site-packages/airflow/example_dags/example_branch_operator.py
[2022-12-31T22:30:31.181+0700] {processor.py:753} INFO - DAG(s) dict_keys(['example_branch_operator']) retrieved from /home/dmk/anaconda3/envs/airflow/lib/python3.7/site-packages/airflow/example_dags/example_branch_operator.py
[2022-12-31T22:30:31.236+0700] {logging_mixin.py:137} INFO - [2022-12-31T22:30:31.236+0700] {dag.py:2676} INFO - Sync 1 DAGs
[2022-12-31T22:30:31.281+0700] {logging_mixin.py:137} INFO - [2022-12-31T22:30:31.281+0700] {dag.py:3427} INFO - Setting next_dagrun for example_branch_operator to 2022-12-30T00:00:00+00:00, run_after=2022-12-31T00:00:00+00:00
[2022-12-31T22:30:31.326+0700] {processor.py:175} INFO - Processing /home/dmk/anaconda3/envs/airflow/lib/python3.7/site-packages/airflow/example_dags/example_branch_operator.py took 0.172 seconds
[2022-12-31T22:31:19.918+0700] {processor.py:153} INFO - Started process (PID=51657) to work on /home/dmk/anaconda3/envs/airflow/lib/python3.7/site-packages/airflow/example_dags/example_branch_operator.py
[2022-12-31T22:31:19.921+0700] {processor.py:743} INFO - Processing file /home/dmk/anaconda3/envs/airflow/lib/python3.7/site-packages/airflow/example_dags/example_branch_operator.py for tasks to queue
[2022-12-31T22:31:19.922+0700] {logging_mixin.py:137} INFO - [2022-12-31T22:31:19.922+0700] {dagbag.py:538} INFO - Filling up the DagBag from /home/dmk/anaconda3/envs/airflow/lib/python3.7/site-packages/airflow/example_dags/example_branch_operator.py
[2022-12-31T22:31:19.945+0700] {processor.py:753} INFO - DAG(s) dict_keys(['example_branch_operator']) retrieved from /home/dmk/anaconda3/envs/airflow/lib/python3.7/site-packages/airflow/example_dags/example_branch_operator.py
[2022-12-31T22:31:19.978+0700] {logging_mixin.py:137} INFO - [2022-12-31T22:31:19.978+0700] {dag.py:2676} INFO - Sync 1 DAGs
[2022-12-31T22:31:20.009+0700] {logging_mixin.py:137} INFO - [2022-12-31T22:31:20.009+0700] {dag.py:3427} INFO - Setting next_dagrun for example_branch_operator to 2022-12-30T00:00:00+00:00, run_after=2022-12-31T00:00:00+00:00
[2022-12-31T22:31:20.047+0700] {processor.py:175} INFO - Processing /home/dmk/anaconda3/envs/airflow/lib/python3.7/site-packages/airflow/example_dags/example_branch_operator.py took 0.132 seconds
[2022-12-31T22:32:07.840+0700] {processor.py:153} INFO - Started process (PID=51845) to work on /home/dmk/anaconda3/envs/airflow/lib/python3.7/site-packages/airflow/example_dags/example_branch_operator.py
[2022-12-31T22:32:07.855+0700] {processor.py:743} INFO - Processing file /home/dmk/anaconda3/envs/airflow/lib/python3.7/site-packages/airflow/example_dags/example_branch_operator.py for tasks to queue
[2022-12-31T22:32:07.860+0700] {logging_mixin.py:137} INFO - [2022-12-31T22:32:07.860+0700] {dagbag.py:538} INFO - Filling up the DagBag from /home/dmk/anaconda3/envs/airflow/lib/python3.7/site-packages/airflow/example_dags/example_branch_operator.py
[2022-12-31T22:32:07.916+0700] {processor.py:753} INFO - DAG(s) dict_keys(['example_branch_operator']) retrieved from /home/dmk/anaconda3/envs/airflow/lib/python3.7/site-packages/airflow/example_dags/example_branch_operator.py
[2022-12-31T22:32:07.940+0700] {logging_mixin.py:137} INFO - [2022-12-31T22:32:07.940+0700] {dag.py:2676} INFO - Sync 1 DAGs
[2022-12-31T22:32:07.968+0700] {logging_mixin.py:137} INFO - [2022-12-31T22:32:07.968+0700] {dag.py:3427} INFO - Setting next_dagrun for example_branch_operator to 2022-12-30T00:00:00+00:00, run_after=2022-12-31T00:00:00+00:00
[2022-12-31T22:32:08.004+0700] {processor.py:175} INFO - Processing /home/dmk/anaconda3/envs/airflow/lib/python3.7/site-packages/airflow/example_dags/example_branch_operator.py took 0.178 seconds
[2022-12-31T22:32:57.918+0700] {processor.py:153} INFO - Started process (PID=51948) to work on /home/dmk/anaconda3/envs/airflow/lib/python3.7/site-packages/airflow/example_dags/example_branch_operator.py
[2022-12-31T22:32:57.921+0700] {processor.py:743} INFO - Processing file /home/dmk/anaconda3/envs/airflow/lib/python3.7/site-packages/airflow/example_dags/example_branch_operator.py for tasks to queue
[2022-12-31T22:32:57.922+0700] {logging_mixin.py:137} INFO - [2022-12-31T22:32:57.921+0700] {dagbag.py:538} INFO - Filling up the DagBag from /home/dmk/anaconda3/envs/airflow/lib/python3.7/site-packages/airflow/example_dags/example_branch_operator.py
[2022-12-31T22:32:57.954+0700] {processor.py:753} INFO - DAG(s) dict_keys(['example_branch_operator']) retrieved from /home/dmk/anaconda3/envs/airflow/lib/python3.7/site-packages/airflow/example_dags/example_branch_operator.py
[2022-12-31T22:32:57.989+0700] {logging_mixin.py:137} INFO - [2022-12-31T22:32:57.988+0700] {dag.py:2676} INFO - Sync 1 DAGs
[2022-12-31T22:32:58.021+0700] {logging_mixin.py:137} INFO - [2022-12-31T22:32:58.021+0700] {dag.py:3427} INFO - Setting next_dagrun for example_branch_operator to 2022-12-30T00:00:00+00:00, run_after=2022-12-31T00:00:00+00:00
[2022-12-31T22:32:58.060+0700] {processor.py:175} INFO - Processing /home/dmk/anaconda3/envs/airflow/lib/python3.7/site-packages/airflow/example_dags/example_branch_operator.py took 0.147 seconds
