[2022-12-31T20:52:43.853+0700] {processor.py:153} INFO - Started process (PID=11065) to work on /home/dmk/anaconda3/lib/python3.9/site-packages/airflow/example_dags/example_external_task_marker_dag.py
[2022-12-31T20:52:43.854+0700] {processor.py:743} INFO - Processing file /home/dmk/anaconda3/lib/python3.9/site-packages/airflow/example_dags/example_external_task_marker_dag.py for tasks to queue
[2022-12-31T20:52:43.855+0700] {logging_mixin.py:137} INFO - [2022-12-31T20:52:43.855+0700] {dagbag.py:538} INFO - Filling up the DagBag from /home/dmk/anaconda3/lib/python3.9/site-packages/airflow/example_dags/example_external_task_marker_dag.py
[2022-12-31T20:52:43.872+0700] {processor.py:753} INFO - DAG(s) dict_keys(['example_external_task_marker_parent', 'example_external_task_marker_child']) retrieved from /home/dmk/anaconda3/lib/python3.9/site-packages/airflow/example_dags/example_external_task_marker_dag.py
[2022-12-31T20:52:44.055+0700] {logging_mixin.py:137} INFO - [2022-12-31T20:52:44.055+0700] {dag.py:2676} INFO - Sync 2 DAGs
[2022-12-31T20:52:44.075+0700] {logging_mixin.py:137} INFO - [2022-12-31T20:52:44.075+0700] {dag.py:3423} INFO - Setting next_dagrun for example_external_task_marker_child to None, run_after=None
[2022-12-31T20:52:44.079+0700] {logging_mixin.py:137} INFO - [2022-12-31T20:52:44.079+0700] {dag.py:3423} INFO - Setting next_dagrun for example_external_task_marker_parent to None, run_after=None
[2022-12-31T20:52:44.105+0700] {processor.py:175} INFO - Processing /home/dmk/anaconda3/lib/python3.9/site-packages/airflow/example_dags/example_external_task_marker_dag.py took 0.254 seconds
[2022-12-31T20:55:20.589+0700] {processor.py:153} INFO - Started process (PID=11958) to work on /home/dmk/anaconda3/lib/python3.9/site-packages/airflow/example_dags/example_external_task_marker_dag.py
[2022-12-31T20:55:20.591+0700] {processor.py:743} INFO - Processing file /home/dmk/anaconda3/lib/python3.9/site-packages/airflow/example_dags/example_external_task_marker_dag.py for tasks to queue
[2022-12-31T20:55:20.592+0700] {logging_mixin.py:137} INFO - [2022-12-31T20:55:20.592+0700] {dagbag.py:538} INFO - Filling up the DagBag from /home/dmk/anaconda3/lib/python3.9/site-packages/airflow/example_dags/example_external_task_marker_dag.py
[2022-12-31T20:55:20.609+0700] {processor.py:753} INFO - DAG(s) dict_keys(['example_external_task_marker_parent', 'example_external_task_marker_child']) retrieved from /home/dmk/anaconda3/lib/python3.9/site-packages/airflow/example_dags/example_external_task_marker_dag.py
[2022-12-31T20:55:20.642+0700] {logging_mixin.py:137} INFO - [2022-12-31T20:55:20.642+0700] {dag.py:2676} INFO - Sync 2 DAGs
[2022-12-31T20:55:20.772+0700] {logging_mixin.py:137} INFO - [2022-12-31T20:55:20.772+0700] {dag.py:3423} INFO - Setting next_dagrun for example_external_task_marker_child to None, run_after=None
[2022-12-31T20:55:20.778+0700] {logging_mixin.py:137} INFO - [2022-12-31T20:55:20.778+0700] {dag.py:3423} INFO - Setting next_dagrun for example_external_task_marker_parent to None, run_after=None
[2022-12-31T20:55:20.802+0700] {processor.py:175} INFO - Processing /home/dmk/anaconda3/lib/python3.9/site-packages/airflow/example_dags/example_external_task_marker_dag.py took 0.215 seconds
[2022-12-31T20:56:30.663+0700] {processor.py:153} INFO - Started process (PID=12229) to work on /home/dmk/anaconda3/lib/python3.9/site-packages/airflow/example_dags/example_external_task_marker_dag.py
[2022-12-31T20:56:30.667+0700] {processor.py:743} INFO - Processing file /home/dmk/anaconda3/lib/python3.9/site-packages/airflow/example_dags/example_external_task_marker_dag.py for tasks to queue
[2022-12-31T20:56:30.668+0700] {logging_mixin.py:137} INFO - [2022-12-31T20:56:30.668+0700] {dagbag.py:538} INFO - Filling up the DagBag from /home/dmk/anaconda3/lib/python3.9/site-packages/airflow/example_dags/example_external_task_marker_dag.py
[2022-12-31T20:56:30.683+0700] {processor.py:753} INFO - DAG(s) dict_keys(['example_external_task_marker_child', 'example_external_task_marker_parent']) retrieved from /home/dmk/anaconda3/lib/python3.9/site-packages/airflow/example_dags/example_external_task_marker_dag.py
[2022-12-31T20:56:30.823+0700] {logging_mixin.py:137} INFO - [2022-12-31T20:56:30.822+0700] {dag.py:2676} INFO - Sync 2 DAGs
[2022-12-31T20:56:30.842+0700] {logging_mixin.py:137} INFO - [2022-12-31T20:56:30.842+0700] {dag.py:3423} INFO - Setting next_dagrun for example_external_task_marker_child to None, run_after=None
[2022-12-31T20:56:30.847+0700] {logging_mixin.py:137} INFO - [2022-12-31T20:56:30.846+0700] {dag.py:3423} INFO - Setting next_dagrun for example_external_task_marker_parent to None, run_after=None
[2022-12-31T20:56:30.869+0700] {processor.py:175} INFO - Processing /home/dmk/anaconda3/lib/python3.9/site-packages/airflow/example_dags/example_external_task_marker_dag.py took 0.209 seconds
[2022-12-31T20:57:36.053+0700] {processor.py:153} INFO - Started process (PID=12646) to work on /home/dmk/anaconda3/lib/python3.9/site-packages/airflow/example_dags/example_external_task_marker_dag.py
[2022-12-31T20:57:36.056+0700] {processor.py:743} INFO - Processing file /home/dmk/anaconda3/lib/python3.9/site-packages/airflow/example_dags/example_external_task_marker_dag.py for tasks to queue
[2022-12-31T20:57:36.056+0700] {logging_mixin.py:137} INFO - [2022-12-31T20:57:36.056+0700] {dagbag.py:538} INFO - Filling up the DagBag from /home/dmk/anaconda3/lib/python3.9/site-packages/airflow/example_dags/example_external_task_marker_dag.py
[2022-12-31T20:57:36.073+0700] {processor.py:753} INFO - DAG(s) dict_keys(['example_external_task_marker_child', 'example_external_task_marker_parent']) retrieved from /home/dmk/anaconda3/lib/python3.9/site-packages/airflow/example_dags/example_external_task_marker_dag.py
[2022-12-31T20:57:36.201+0700] {logging_mixin.py:137} INFO - [2022-12-31T20:57:36.201+0700] {dag.py:2676} INFO - Sync 2 DAGs
[2022-12-31T20:57:36.221+0700] {logging_mixin.py:137} INFO - [2022-12-31T20:57:36.221+0700] {dag.py:3423} INFO - Setting next_dagrun for example_external_task_marker_child to None, run_after=None
[2022-12-31T20:57:36.225+0700] {logging_mixin.py:137} INFO - [2022-12-31T20:57:36.225+0700] {dag.py:3423} INFO - Setting next_dagrun for example_external_task_marker_parent to None, run_after=None
[2022-12-31T20:57:36.252+0700] {processor.py:175} INFO - Processing /home/dmk/anaconda3/lib/python3.9/site-packages/airflow/example_dags/example_external_task_marker_dag.py took 0.204 seconds
[2022-12-31T20:58:31.191+0700] {processor.py:153} INFO - Started process (PID=12958) to work on /home/dmk/anaconda3/lib/python3.9/site-packages/airflow/example_dags/example_external_task_marker_dag.py
[2022-12-31T20:58:31.196+0700] {processor.py:743} INFO - Processing file /home/dmk/anaconda3/lib/python3.9/site-packages/airflow/example_dags/example_external_task_marker_dag.py for tasks to queue
[2022-12-31T20:58:31.197+0700] {logging_mixin.py:137} INFO - [2022-12-31T20:58:31.197+0700] {dagbag.py:538} INFO - Filling up the DagBag from /home/dmk/anaconda3/lib/python3.9/site-packages/airflow/example_dags/example_external_task_marker_dag.py
[2022-12-31T20:58:31.318+0700] {processor.py:753} INFO - DAG(s) dict_keys(['example_external_task_marker_parent', 'example_external_task_marker_child']) retrieved from /home/dmk/anaconda3/lib/python3.9/site-packages/airflow/example_dags/example_external_task_marker_dag.py
[2022-12-31T20:58:31.340+0700] {logging_mixin.py:137} INFO - [2022-12-31T20:58:31.339+0700] {dag.py:2676} INFO - Sync 2 DAGs
[2022-12-31T20:58:31.356+0700] {logging_mixin.py:137} INFO - [2022-12-31T20:58:31.356+0700] {dag.py:3423} INFO - Setting next_dagrun for example_external_task_marker_child to None, run_after=None
[2022-12-31T20:58:31.360+0700] {logging_mixin.py:137} INFO - [2022-12-31T20:58:31.360+0700] {dag.py:3423} INFO - Setting next_dagrun for example_external_task_marker_parent to None, run_after=None
[2022-12-31T20:58:31.384+0700] {processor.py:175} INFO - Processing /home/dmk/anaconda3/lib/python3.9/site-packages/airflow/example_dags/example_external_task_marker_dag.py took 0.203 seconds
[2022-12-31T20:59:43.645+0700] {processor.py:153} INFO - Started process (PID=14231) to work on /home/dmk/anaconda3/lib/python3.9/site-packages/airflow/example_dags/example_external_task_marker_dag.py
[2022-12-31T20:59:43.651+0700] {processor.py:743} INFO - Processing file /home/dmk/anaconda3/lib/python3.9/site-packages/airflow/example_dags/example_external_task_marker_dag.py for tasks to queue
[2022-12-31T20:59:43.652+0700] {logging_mixin.py:137} INFO - [2022-12-31T20:59:43.652+0700] {dagbag.py:538} INFO - Filling up the DagBag from /home/dmk/anaconda3/lib/python3.9/site-packages/airflow/example_dags/example_external_task_marker_dag.py
[2022-12-31T20:59:43.675+0700] {processor.py:753} INFO - DAG(s) dict_keys(['example_external_task_marker_child', 'example_external_task_marker_parent']) retrieved from /home/dmk/anaconda3/lib/python3.9/site-packages/airflow/example_dags/example_external_task_marker_dag.py
[2022-12-31T20:59:43.715+0700] {logging_mixin.py:137} INFO - [2022-12-31T20:59:43.715+0700] {dag.py:2676} INFO - Sync 2 DAGs
[2022-12-31T20:59:43.741+0700] {logging_mixin.py:137} INFO - [2022-12-31T20:59:43.741+0700] {dag.py:3423} INFO - Setting next_dagrun for example_external_task_marker_child to None, run_after=None
[2022-12-31T20:59:43.747+0700] {logging_mixin.py:137} INFO - [2022-12-31T20:59:43.747+0700] {dag.py:3423} INFO - Setting next_dagrun for example_external_task_marker_parent to None, run_after=None
[2022-12-31T20:59:43.766+0700] {processor.py:175} INFO - Processing /home/dmk/anaconda3/lib/python3.9/site-packages/airflow/example_dags/example_external_task_marker_dag.py took 0.129 seconds
[2022-12-31T21:00:38.337+0700] {processor.py:153} INFO - Started process (PID=15427) to work on /home/dmk/anaconda3/lib/python3.9/site-packages/airflow/example_dags/example_external_task_marker_dag.py
[2022-12-31T21:00:38.341+0700] {processor.py:743} INFO - Processing file /home/dmk/anaconda3/lib/python3.9/site-packages/airflow/example_dags/example_external_task_marker_dag.py for tasks to queue
[2022-12-31T21:00:38.341+0700] {logging_mixin.py:137} INFO - [2022-12-31T21:00:38.341+0700] {dagbag.py:538} INFO - Filling up the DagBag from /home/dmk/anaconda3/lib/python3.9/site-packages/airflow/example_dags/example_external_task_marker_dag.py
[2022-12-31T21:00:38.356+0700] {processor.py:753} INFO - DAG(s) dict_keys(['example_external_task_marker_parent', 'example_external_task_marker_child']) retrieved from /home/dmk/anaconda3/lib/python3.9/site-packages/airflow/example_dags/example_external_task_marker_dag.py
[2022-12-31T21:00:38.383+0700] {logging_mixin.py:137} INFO - [2022-12-31T21:00:38.383+0700] {dag.py:2676} INFO - Sync 2 DAGs
[2022-12-31T21:00:38.400+0700] {logging_mixin.py:137} INFO - [2022-12-31T21:00:38.400+0700] {dag.py:3423} INFO - Setting next_dagrun for example_external_task_marker_child to None, run_after=None
[2022-12-31T21:00:38.404+0700] {logging_mixin.py:137} INFO - [2022-12-31T21:00:38.404+0700] {dag.py:3423} INFO - Setting next_dagrun for example_external_task_marker_parent to None, run_after=None
[2022-12-31T21:00:38.426+0700] {processor.py:175} INFO - Processing /home/dmk/anaconda3/lib/python3.9/site-packages/airflow/example_dags/example_external_task_marker_dag.py took 0.092 seconds
[2022-12-31T21:01:34.852+0700] {processor.py:153} INFO - Started process (PID=16212) to work on /home/dmk/anaconda3/lib/python3.9/site-packages/airflow/example_dags/example_external_task_marker_dag.py
[2022-12-31T21:01:34.854+0700] {processor.py:743} INFO - Processing file /home/dmk/anaconda3/lib/python3.9/site-packages/airflow/example_dags/example_external_task_marker_dag.py for tasks to queue
[2022-12-31T21:01:34.855+0700] {logging_mixin.py:137} INFO - [2022-12-31T21:01:34.855+0700] {dagbag.py:538} INFO - Filling up the DagBag from /home/dmk/anaconda3/lib/python3.9/site-packages/airflow/example_dags/example_external_task_marker_dag.py
[2022-12-31T21:01:34.875+0700] {processor.py:753} INFO - DAG(s) dict_keys(['example_external_task_marker_parent', 'example_external_task_marker_child']) retrieved from /home/dmk/anaconda3/lib/python3.9/site-packages/airflow/example_dags/example_external_task_marker_dag.py
[2022-12-31T21:01:34.905+0700] {logging_mixin.py:137} INFO - [2022-12-31T21:01:34.905+0700] {dag.py:2676} INFO - Sync 2 DAGs
[2022-12-31T21:01:34.926+0700] {logging_mixin.py:137} INFO - [2022-12-31T21:01:34.926+0700] {dag.py:3423} INFO - Setting next_dagrun for example_external_task_marker_child to None, run_after=None
[2022-12-31T21:01:34.930+0700] {logging_mixin.py:137} INFO - [2022-12-31T21:01:34.930+0700] {dag.py:3423} INFO - Setting next_dagrun for example_external_task_marker_parent to None, run_after=None
[2022-12-31T21:01:34.959+0700] {processor.py:175} INFO - Processing /home/dmk/anaconda3/lib/python3.9/site-packages/airflow/example_dags/example_external_task_marker_dag.py took 0.111 seconds
[2022-12-31T21:02:26.626+0700] {processor.py:153} INFO - Started process (PID=16331) to work on /home/dmk/anaconda3/lib/python3.9/site-packages/airflow/example_dags/example_external_task_marker_dag.py
[2022-12-31T21:02:26.630+0700] {processor.py:743} INFO - Processing file /home/dmk/anaconda3/lib/python3.9/site-packages/airflow/example_dags/example_external_task_marker_dag.py for tasks to queue
[2022-12-31T21:02:26.630+0700] {logging_mixin.py:137} INFO - [2022-12-31T21:02:26.630+0700] {dagbag.py:538} INFO - Filling up the DagBag from /home/dmk/anaconda3/lib/python3.9/site-packages/airflow/example_dags/example_external_task_marker_dag.py
[2022-12-31T21:02:26.644+0700] {processor.py:753} INFO - DAG(s) dict_keys(['example_external_task_marker_parent', 'example_external_task_marker_child']) retrieved from /home/dmk/anaconda3/lib/python3.9/site-packages/airflow/example_dags/example_external_task_marker_dag.py
[2022-12-31T21:02:26.670+0700] {logging_mixin.py:137} INFO - [2022-12-31T21:02:26.670+0700] {dag.py:2676} INFO - Sync 2 DAGs
[2022-12-31T21:02:26.688+0700] {logging_mixin.py:137} INFO - [2022-12-31T21:02:26.688+0700] {dag.py:3423} INFO - Setting next_dagrun for example_external_task_marker_child to None, run_after=None
[2022-12-31T21:02:26.692+0700] {logging_mixin.py:137} INFO - [2022-12-31T21:02:26.692+0700] {dag.py:3423} INFO - Setting next_dagrun for example_external_task_marker_parent to None, run_after=None
[2022-12-31T21:02:26.711+0700] {processor.py:175} INFO - Processing /home/dmk/anaconda3/lib/python3.9/site-packages/airflow/example_dags/example_external_task_marker_dag.py took 0.087 seconds
[2022-12-31T21:04:00.619+0700] {processor.py:153} INFO - Started process (PID=17077) to work on /home/dmk/anaconda3/lib/python3.9/site-packages/airflow/example_dags/example_external_task_marker_dag.py
[2022-12-31T21:04:00.620+0700] {processor.py:743} INFO - Processing file /home/dmk/anaconda3/lib/python3.9/site-packages/airflow/example_dags/example_external_task_marker_dag.py for tasks to queue
[2022-12-31T21:04:00.621+0700] {logging_mixin.py:137} INFO - [2022-12-31T21:04:00.621+0700] {dagbag.py:538} INFO - Filling up the DagBag from /home/dmk/anaconda3/lib/python3.9/site-packages/airflow/example_dags/example_external_task_marker_dag.py
[2022-12-31T21:04:00.666+0700] {processor.py:753} INFO - DAG(s) dict_keys(['example_external_task_marker_parent', 'example_external_task_marker_child']) retrieved from /home/dmk/anaconda3/lib/python3.9/site-packages/airflow/example_dags/example_external_task_marker_dag.py
[2022-12-31T21:04:00.885+0700] {logging_mixin.py:137} INFO - [2022-12-31T21:04:00.885+0700] {dag.py:2676} INFO - Sync 2 DAGs
[2022-12-31T21:04:00.912+0700] {logging_mixin.py:137} INFO - [2022-12-31T21:04:00.912+0700] {dag.py:3423} INFO - Setting next_dagrun for example_external_task_marker_child to None, run_after=None
[2022-12-31T21:04:00.917+0700] {logging_mixin.py:137} INFO - [2022-12-31T21:04:00.917+0700] {dag.py:3423} INFO - Setting next_dagrun for example_external_task_marker_parent to None, run_after=None
[2022-12-31T21:04:00.945+0700] {processor.py:175} INFO - Processing /home/dmk/anaconda3/lib/python3.9/site-packages/airflow/example_dags/example_external_task_marker_dag.py took 0.336 seconds
[2022-12-31T21:04:57.335+0700] {processor.py:153} INFO - Started process (PID=17751) to work on /home/dmk/anaconda3/lib/python3.9/site-packages/airflow/example_dags/example_external_task_marker_dag.py
[2022-12-31T21:04:57.341+0700] {processor.py:743} INFO - Processing file /home/dmk/anaconda3/lib/python3.9/site-packages/airflow/example_dags/example_external_task_marker_dag.py for tasks to queue
[2022-12-31T21:04:57.342+0700] {logging_mixin.py:137} INFO - [2022-12-31T21:04:57.342+0700] {dagbag.py:538} INFO - Filling up the DagBag from /home/dmk/anaconda3/lib/python3.9/site-packages/airflow/example_dags/example_external_task_marker_dag.py
[2022-12-31T21:04:57.365+0700] {processor.py:753} INFO - DAG(s) dict_keys(['example_external_task_marker_parent', 'example_external_task_marker_child']) retrieved from /home/dmk/anaconda3/lib/python3.9/site-packages/airflow/example_dags/example_external_task_marker_dag.py
[2022-12-31T21:04:57.391+0700] {logging_mixin.py:137} INFO - [2022-12-31T21:04:57.391+0700] {dag.py:2676} INFO - Sync 2 DAGs
[2022-12-31T21:04:57.520+0700] {logging_mixin.py:137} INFO - [2022-12-31T21:04:57.520+0700] {dag.py:3423} INFO - Setting next_dagrun for example_external_task_marker_child to None, run_after=None
[2022-12-31T21:04:57.526+0700] {logging_mixin.py:137} INFO - [2022-12-31T21:04:57.526+0700] {dag.py:3423} INFO - Setting next_dagrun for example_external_task_marker_parent to None, run_after=None
[2022-12-31T21:04:57.547+0700] {processor.py:175} INFO - Processing /home/dmk/anaconda3/lib/python3.9/site-packages/airflow/example_dags/example_external_task_marker_dag.py took 0.219 seconds
[2022-12-31T21:05:51.522+0700] {processor.py:153} INFO - Started process (PID=18343) to work on /home/dmk/anaconda3/lib/python3.9/site-packages/airflow/example_dags/example_external_task_marker_dag.py
[2022-12-31T21:05:51.526+0700] {processor.py:743} INFO - Processing file /home/dmk/anaconda3/lib/python3.9/site-packages/airflow/example_dags/example_external_task_marker_dag.py for tasks to queue
[2022-12-31T21:05:51.527+0700] {logging_mixin.py:137} INFO - [2022-12-31T21:05:51.526+0700] {dagbag.py:538} INFO - Filling up the DagBag from /home/dmk/anaconda3/lib/python3.9/site-packages/airflow/example_dags/example_external_task_marker_dag.py
[2022-12-31T21:05:51.545+0700] {processor.py:753} INFO - DAG(s) dict_keys(['example_external_task_marker_parent', 'example_external_task_marker_child']) retrieved from /home/dmk/anaconda3/lib/python3.9/site-packages/airflow/example_dags/example_external_task_marker_dag.py
[2022-12-31T21:05:51.725+0700] {logging_mixin.py:137} INFO - [2022-12-31T21:05:51.724+0700] {dag.py:2676} INFO - Sync 2 DAGs
[2022-12-31T21:05:51.744+0700] {logging_mixin.py:137} INFO - [2022-12-31T21:05:51.743+0700] {dag.py:3423} INFO - Setting next_dagrun for example_external_task_marker_child to None, run_after=None
[2022-12-31T21:05:51.750+0700] {logging_mixin.py:137} INFO - [2022-12-31T21:05:51.750+0700] {dag.py:3423} INFO - Setting next_dagrun for example_external_task_marker_parent to None, run_after=None
[2022-12-31T21:05:51.773+0700] {processor.py:175} INFO - Processing /home/dmk/anaconda3/lib/python3.9/site-packages/airflow/example_dags/example_external_task_marker_dag.py took 0.253 seconds
[2022-12-31T21:06:51.560+0700] {processor.py:153} INFO - Started process (PID=18491) to work on /home/dmk/anaconda3/lib/python3.9/site-packages/airflow/example_dags/example_external_task_marker_dag.py
[2022-12-31T21:06:51.565+0700] {processor.py:743} INFO - Processing file /home/dmk/anaconda3/lib/python3.9/site-packages/airflow/example_dags/example_external_task_marker_dag.py for tasks to queue
[2022-12-31T21:06:51.567+0700] {logging_mixin.py:137} INFO - [2022-12-31T21:06:51.566+0700] {dagbag.py:538} INFO - Filling up the DagBag from /home/dmk/anaconda3/lib/python3.9/site-packages/airflow/example_dags/example_external_task_marker_dag.py
[2022-12-31T21:06:51.592+0700] {processor.py:753} INFO - DAG(s) dict_keys(['example_external_task_marker_child', 'example_external_task_marker_parent']) retrieved from /home/dmk/anaconda3/lib/python3.9/site-packages/airflow/example_dags/example_external_task_marker_dag.py
[2022-12-31T21:06:51.715+0700] {logging_mixin.py:137} INFO - [2022-12-31T21:06:51.715+0700] {dag.py:2676} INFO - Sync 2 DAGs
[2022-12-31T21:06:51.730+0700] {logging_mixin.py:137} INFO - [2022-12-31T21:06:51.730+0700] {dag.py:3423} INFO - Setting next_dagrun for example_external_task_marker_child to None, run_after=None
[2022-12-31T21:06:51.734+0700] {logging_mixin.py:137} INFO - [2022-12-31T21:06:51.734+0700] {dag.py:3423} INFO - Setting next_dagrun for example_external_task_marker_parent to None, run_after=None
[2022-12-31T21:06:51.753+0700] {processor.py:175} INFO - Processing /home/dmk/anaconda3/lib/python3.9/site-packages/airflow/example_dags/example_external_task_marker_dag.py took 0.200 seconds
[2022-12-31T21:08:00.332+0700] {processor.py:153} INFO - Started process (PID=18771) to work on /home/dmk/anaconda3/lib/python3.9/site-packages/airflow/example_dags/example_external_task_marker_dag.py
[2022-12-31T21:08:00.337+0700] {processor.py:743} INFO - Processing file /home/dmk/anaconda3/lib/python3.9/site-packages/airflow/example_dags/example_external_task_marker_dag.py for tasks to queue
[2022-12-31T21:08:00.338+0700] {logging_mixin.py:137} INFO - [2022-12-31T21:08:00.338+0700] {dagbag.py:538} INFO - Filling up the DagBag from /home/dmk/anaconda3/lib/python3.9/site-packages/airflow/example_dags/example_external_task_marker_dag.py
[2022-12-31T21:08:00.459+0700] {processor.py:753} INFO - DAG(s) dict_keys(['example_external_task_marker_child', 'example_external_task_marker_parent']) retrieved from /home/dmk/anaconda3/lib/python3.9/site-packages/airflow/example_dags/example_external_task_marker_dag.py
[2022-12-31T21:08:00.480+0700] {logging_mixin.py:137} INFO - [2022-12-31T21:08:00.480+0700] {dag.py:2676} INFO - Sync 2 DAGs
[2022-12-31T21:08:00.497+0700] {logging_mixin.py:137} INFO - [2022-12-31T21:08:00.497+0700] {dag.py:3423} INFO - Setting next_dagrun for example_external_task_marker_child to None, run_after=None
[2022-12-31T21:08:00.500+0700] {logging_mixin.py:137} INFO - [2022-12-31T21:08:00.500+0700] {dag.py:3423} INFO - Setting next_dagrun for example_external_task_marker_parent to None, run_after=None
[2022-12-31T21:08:00.518+0700] {processor.py:175} INFO - Processing /home/dmk/anaconda3/lib/python3.9/site-packages/airflow/example_dags/example_external_task_marker_dag.py took 0.192 seconds
[2022-12-31T21:08:53.428+0700] {processor.py:153} INFO - Started process (PID=19179) to work on /home/dmk/anaconda3/lib/python3.9/site-packages/airflow/example_dags/example_external_task_marker_dag.py
[2022-12-31T21:08:53.433+0700] {processor.py:743} INFO - Processing file /home/dmk/anaconda3/lib/python3.9/site-packages/airflow/example_dags/example_external_task_marker_dag.py for tasks to queue
[2022-12-31T21:08:53.434+0700] {logging_mixin.py:137} INFO - [2022-12-31T21:08:53.434+0700] {dagbag.py:538} INFO - Filling up the DagBag from /home/dmk/anaconda3/lib/python3.9/site-packages/airflow/example_dags/example_external_task_marker_dag.py
[2022-12-31T21:08:53.452+0700] {processor.py:753} INFO - DAG(s) dict_keys(['example_external_task_marker_child', 'example_external_task_marker_parent']) retrieved from /home/dmk/anaconda3/lib/python3.9/site-packages/airflow/example_dags/example_external_task_marker_dag.py
[2022-12-31T21:08:53.481+0700] {logging_mixin.py:137} INFO - [2022-12-31T21:08:53.481+0700] {dag.py:2676} INFO - Sync 2 DAGs
[2022-12-31T21:08:53.500+0700] {logging_mixin.py:137} INFO - [2022-12-31T21:08:53.500+0700] {dag.py:3423} INFO - Setting next_dagrun for example_external_task_marker_child to None, run_after=None
[2022-12-31T21:08:53.505+0700] {logging_mixin.py:137} INFO - [2022-12-31T21:08:53.504+0700] {dag.py:3423} INFO - Setting next_dagrun for example_external_task_marker_parent to None, run_after=None
[2022-12-31T21:08:53.527+0700] {processor.py:175} INFO - Processing /home/dmk/anaconda3/lib/python3.9/site-packages/airflow/example_dags/example_external_task_marker_dag.py took 0.107 seconds
[2022-12-31T21:10:01.164+0700] {processor.py:153} INFO - Started process (PID=19862) to work on /home/dmk/anaconda3/lib/python3.9/site-packages/airflow/example_dags/example_external_task_marker_dag.py
[2022-12-31T21:10:01.168+0700] {processor.py:743} INFO - Processing file /home/dmk/anaconda3/lib/python3.9/site-packages/airflow/example_dags/example_external_task_marker_dag.py for tasks to queue
[2022-12-31T21:10:01.169+0700] {logging_mixin.py:137} INFO - [2022-12-31T21:10:01.169+0700] {dagbag.py:538} INFO - Filling up the DagBag from /home/dmk/anaconda3/lib/python3.9/site-packages/airflow/example_dags/example_external_task_marker_dag.py
[2022-12-31T21:10:01.196+0700] {processor.py:753} INFO - DAG(s) dict_keys(['example_external_task_marker_parent', 'example_external_task_marker_child']) retrieved from /home/dmk/anaconda3/lib/python3.9/site-packages/airflow/example_dags/example_external_task_marker_dag.py
[2022-12-31T21:10:01.224+0700] {logging_mixin.py:137} INFO - [2022-12-31T21:10:01.224+0700] {dag.py:2676} INFO - Sync 2 DAGs
[2022-12-31T21:10:01.243+0700] {logging_mixin.py:137} INFO - [2022-12-31T21:10:01.243+0700] {dag.py:3423} INFO - Setting next_dagrun for example_external_task_marker_child to None, run_after=None
[2022-12-31T21:10:01.247+0700] {logging_mixin.py:137} INFO - [2022-12-31T21:10:01.247+0700] {dag.py:3423} INFO - Setting next_dagrun for example_external_task_marker_parent to None, run_after=None
[2022-12-31T21:10:01.271+0700] {processor.py:175} INFO - Processing /home/dmk/anaconda3/lib/python3.9/site-packages/airflow/example_dags/example_external_task_marker_dag.py took 0.109 seconds
[2022-12-31T21:10:50.820+0700] {processor.py:153} INFO - Started process (PID=20135) to work on /home/dmk/anaconda3/lib/python3.9/site-packages/airflow/example_dags/example_external_task_marker_dag.py
[2022-12-31T21:10:50.821+0700] {processor.py:743} INFO - Processing file /home/dmk/anaconda3/lib/python3.9/site-packages/airflow/example_dags/example_external_task_marker_dag.py for tasks to queue
[2022-12-31T21:10:50.822+0700] {logging_mixin.py:137} INFO - [2022-12-31T21:10:50.822+0700] {dagbag.py:538} INFO - Filling up the DagBag from /home/dmk/anaconda3/lib/python3.9/site-packages/airflow/example_dags/example_external_task_marker_dag.py
[2022-12-31T21:10:50.840+0700] {processor.py:753} INFO - DAG(s) dict_keys(['example_external_task_marker_child', 'example_external_task_marker_parent']) retrieved from /home/dmk/anaconda3/lib/python3.9/site-packages/airflow/example_dags/example_external_task_marker_dag.py
[2022-12-31T21:10:50.871+0700] {logging_mixin.py:137} INFO - [2022-12-31T21:10:50.871+0700] {dag.py:2676} INFO - Sync 2 DAGs
[2022-12-31T21:10:50.892+0700] {logging_mixin.py:137} INFO - [2022-12-31T21:10:50.892+0700] {dag.py:3423} INFO - Setting next_dagrun for example_external_task_marker_child to None, run_after=None
[2022-12-31T21:10:50.896+0700] {logging_mixin.py:137} INFO - [2022-12-31T21:10:50.896+0700] {dag.py:3423} INFO - Setting next_dagrun for example_external_task_marker_parent to None, run_after=None
[2022-12-31T21:10:50.918+0700] {processor.py:175} INFO - Processing /home/dmk/anaconda3/lib/python3.9/site-packages/airflow/example_dags/example_external_task_marker_dag.py took 0.102 seconds
[2022-12-31T21:11:42.062+0700] {processor.py:153} INFO - Started process (PID=20267) to work on /home/dmk/anaconda3/lib/python3.9/site-packages/airflow/example_dags/example_external_task_marker_dag.py
[2022-12-31T21:11:42.065+0700] {processor.py:743} INFO - Processing file /home/dmk/anaconda3/lib/python3.9/site-packages/airflow/example_dags/example_external_task_marker_dag.py for tasks to queue
[2022-12-31T21:11:42.066+0700] {logging_mixin.py:137} INFO - [2022-12-31T21:11:42.066+0700] {dagbag.py:538} INFO - Filling up the DagBag from /home/dmk/anaconda3/lib/python3.9/site-packages/airflow/example_dags/example_external_task_marker_dag.py
[2022-12-31T21:11:42.090+0700] {processor.py:753} INFO - DAG(s) dict_keys(['example_external_task_marker_parent', 'example_external_task_marker_child']) retrieved from /home/dmk/anaconda3/lib/python3.9/site-packages/airflow/example_dags/example_external_task_marker_dag.py
[2022-12-31T21:11:42.118+0700] {logging_mixin.py:137} INFO - [2022-12-31T21:11:42.118+0700] {dag.py:2676} INFO - Sync 2 DAGs
[2022-12-31T21:11:42.136+0700] {logging_mixin.py:137} INFO - [2022-12-31T21:11:42.136+0700] {dag.py:3423} INFO - Setting next_dagrun for example_external_task_marker_child to None, run_after=None
[2022-12-31T21:11:42.143+0700] {logging_mixin.py:137} INFO - [2022-12-31T21:11:42.143+0700] {dag.py:3423} INFO - Setting next_dagrun for example_external_task_marker_parent to None, run_after=None
[2022-12-31T21:11:42.171+0700] {processor.py:175} INFO - Processing /home/dmk/anaconda3/lib/python3.9/site-packages/airflow/example_dags/example_external_task_marker_dag.py took 0.114 seconds
[2022-12-31T21:12:36.434+0700] {processor.py:153} INFO - Started process (PID=20451) to work on /home/dmk/anaconda3/lib/python3.9/site-packages/airflow/example_dags/example_external_task_marker_dag.py
[2022-12-31T21:12:36.437+0700] {processor.py:743} INFO - Processing file /home/dmk/anaconda3/lib/python3.9/site-packages/airflow/example_dags/example_external_task_marker_dag.py for tasks to queue
[2022-12-31T21:12:36.438+0700] {logging_mixin.py:137} INFO - [2022-12-31T21:12:36.437+0700] {dagbag.py:538} INFO - Filling up the DagBag from /home/dmk/anaconda3/lib/python3.9/site-packages/airflow/example_dags/example_external_task_marker_dag.py
[2022-12-31T21:12:36.451+0700] {processor.py:753} INFO - DAG(s) dict_keys(['example_external_task_marker_child', 'example_external_task_marker_parent']) retrieved from /home/dmk/anaconda3/lib/python3.9/site-packages/airflow/example_dags/example_external_task_marker_dag.py
[2022-12-31T21:12:36.481+0700] {logging_mixin.py:137} INFO - [2022-12-31T21:12:36.481+0700] {dag.py:2676} INFO - Sync 2 DAGs
[2022-12-31T21:12:36.501+0700] {logging_mixin.py:137} INFO - [2022-12-31T21:12:36.501+0700] {dag.py:3423} INFO - Setting next_dagrun for example_external_task_marker_child to None, run_after=None
[2022-12-31T21:12:36.505+0700] {logging_mixin.py:137} INFO - [2022-12-31T21:12:36.505+0700] {dag.py:3423} INFO - Setting next_dagrun for example_external_task_marker_parent to None, run_after=None
[2022-12-31T21:12:36.527+0700] {processor.py:175} INFO - Processing /home/dmk/anaconda3/lib/python3.9/site-packages/airflow/example_dags/example_external_task_marker_dag.py took 0.097 seconds
[2022-12-31T21:13:28.555+0700] {processor.py:153} INFO - Started process (PID=20654) to work on /home/dmk/anaconda3/lib/python3.9/site-packages/airflow/example_dags/example_external_task_marker_dag.py
[2022-12-31T21:13:28.559+0700] {processor.py:743} INFO - Processing file /home/dmk/anaconda3/lib/python3.9/site-packages/airflow/example_dags/example_external_task_marker_dag.py for tasks to queue
[2022-12-31T21:13:28.560+0700] {logging_mixin.py:137} INFO - [2022-12-31T21:13:28.559+0700] {dagbag.py:538} INFO - Filling up the DagBag from /home/dmk/anaconda3/lib/python3.9/site-packages/airflow/example_dags/example_external_task_marker_dag.py
[2022-12-31T21:13:28.583+0700] {processor.py:753} INFO - DAG(s) dict_keys(['example_external_task_marker_child', 'example_external_task_marker_parent']) retrieved from /home/dmk/anaconda3/lib/python3.9/site-packages/airflow/example_dags/example_external_task_marker_dag.py
[2022-12-31T21:13:28.624+0700] {logging_mixin.py:137} INFO - [2022-12-31T21:13:28.624+0700] {dag.py:2676} INFO - Sync 2 DAGs
[2022-12-31T21:13:28.655+0700] {logging_mixin.py:137} INFO - [2022-12-31T21:13:28.655+0700] {dag.py:3423} INFO - Setting next_dagrun for example_external_task_marker_child to None, run_after=None
[2022-12-31T21:13:28.662+0700] {logging_mixin.py:137} INFO - [2022-12-31T21:13:28.662+0700] {dag.py:3423} INFO - Setting next_dagrun for example_external_task_marker_parent to None, run_after=None
[2022-12-31T21:13:28.692+0700] {processor.py:175} INFO - Processing /home/dmk/anaconda3/lib/python3.9/site-packages/airflow/example_dags/example_external_task_marker_dag.py took 0.141 seconds
[2022-12-31T21:14:18.307+0700] {processor.py:153} INFO - Started process (PID=21158) to work on /home/dmk/anaconda3/lib/python3.9/site-packages/airflow/example_dags/example_external_task_marker_dag.py
[2022-12-31T21:14:18.311+0700] {processor.py:743} INFO - Processing file /home/dmk/anaconda3/lib/python3.9/site-packages/airflow/example_dags/example_external_task_marker_dag.py for tasks to queue
[2022-12-31T21:14:18.311+0700] {logging_mixin.py:137} INFO - [2022-12-31T21:14:18.311+0700] {dagbag.py:538} INFO - Filling up the DagBag from /home/dmk/anaconda3/lib/python3.9/site-packages/airflow/example_dags/example_external_task_marker_dag.py
[2022-12-31T21:14:18.332+0700] {processor.py:753} INFO - DAG(s) dict_keys(['example_external_task_marker_child', 'example_external_task_marker_parent']) retrieved from /home/dmk/anaconda3/lib/python3.9/site-packages/airflow/example_dags/example_external_task_marker_dag.py
[2022-12-31T21:14:18.373+0700] {logging_mixin.py:137} INFO - [2022-12-31T21:14:18.373+0700] {dag.py:2676} INFO - Sync 2 DAGs
[2022-12-31T21:14:18.399+0700] {logging_mixin.py:137} INFO - [2022-12-31T21:14:18.399+0700] {dag.py:3423} INFO - Setting next_dagrun for example_external_task_marker_child to None, run_after=None
[2022-12-31T21:14:18.405+0700] {logging_mixin.py:137} INFO - [2022-12-31T21:14:18.405+0700] {dag.py:3423} INFO - Setting next_dagrun for example_external_task_marker_parent to None, run_after=None
[2022-12-31T21:14:18.432+0700] {processor.py:175} INFO - Processing /home/dmk/anaconda3/lib/python3.9/site-packages/airflow/example_dags/example_external_task_marker_dag.py took 0.129 seconds
[2022-12-31T21:15:25.866+0700] {processor.py:153} INFO - Started process (PID=22100) to work on /home/dmk/anaconda3/lib/python3.9/site-packages/airflow/example_dags/example_external_task_marker_dag.py
[2022-12-31T21:15:25.871+0700] {processor.py:743} INFO - Processing file /home/dmk/anaconda3/lib/python3.9/site-packages/airflow/example_dags/example_external_task_marker_dag.py for tasks to queue
[2022-12-31T21:15:25.873+0700] {logging_mixin.py:137} INFO - [2022-12-31T21:15:25.873+0700] {dagbag.py:538} INFO - Filling up the DagBag from /home/dmk/anaconda3/lib/python3.9/site-packages/airflow/example_dags/example_external_task_marker_dag.py
[2022-12-31T21:15:25.905+0700] {processor.py:753} INFO - DAG(s) dict_keys(['example_external_task_marker_parent', 'example_external_task_marker_child']) retrieved from /home/dmk/anaconda3/lib/python3.9/site-packages/airflow/example_dags/example_external_task_marker_dag.py
[2022-12-31T21:15:25.933+0700] {logging_mixin.py:137} INFO - [2022-12-31T21:15:25.933+0700] {dag.py:2676} INFO - Sync 2 DAGs
[2022-12-31T21:15:25.950+0700] {logging_mixin.py:137} INFO - [2022-12-31T21:15:25.950+0700] {dag.py:3423} INFO - Setting next_dagrun for example_external_task_marker_child to None, run_after=None
[2022-12-31T21:15:25.954+0700] {logging_mixin.py:137} INFO - [2022-12-31T21:15:25.954+0700] {dag.py:3423} INFO - Setting next_dagrun for example_external_task_marker_parent to None, run_after=None
[2022-12-31T21:15:25.975+0700] {processor.py:175} INFO - Processing /home/dmk/anaconda3/lib/python3.9/site-packages/airflow/example_dags/example_external_task_marker_dag.py took 0.116 seconds
[2022-12-31T21:16:10.900+0700] {processor.py:153} INFO - Started process (PID=22676) to work on /home/dmk/anaconda3/lib/python3.9/site-packages/airflow/example_dags/example_external_task_marker_dag.py
[2022-12-31T21:16:10.904+0700] {processor.py:743} INFO - Processing file /home/dmk/anaconda3/lib/python3.9/site-packages/airflow/example_dags/example_external_task_marker_dag.py for tasks to queue
[2022-12-31T21:16:10.905+0700] {logging_mixin.py:137} INFO - [2022-12-31T21:16:10.905+0700] {dagbag.py:538} INFO - Filling up the DagBag from /home/dmk/anaconda3/lib/python3.9/site-packages/airflow/example_dags/example_external_task_marker_dag.py
[2022-12-31T21:16:10.935+0700] {processor.py:753} INFO - DAG(s) dict_keys(['example_external_task_marker_child', 'example_external_task_marker_parent']) retrieved from /home/dmk/anaconda3/lib/python3.9/site-packages/airflow/example_dags/example_external_task_marker_dag.py
[2022-12-31T21:16:10.963+0700] {logging_mixin.py:137} INFO - [2022-12-31T21:16:10.963+0700] {dag.py:2676} INFO - Sync 2 DAGs
[2022-12-31T21:16:10.982+0700] {logging_mixin.py:137} INFO - [2022-12-31T21:16:10.981+0700] {dag.py:3423} INFO - Setting next_dagrun for example_external_task_marker_child to None, run_after=None
[2022-12-31T21:16:10.985+0700] {logging_mixin.py:137} INFO - [2022-12-31T21:16:10.985+0700] {dag.py:3423} INFO - Setting next_dagrun for example_external_task_marker_parent to None, run_after=None
[2022-12-31T21:16:11.012+0700] {processor.py:175} INFO - Processing /home/dmk/anaconda3/lib/python3.9/site-packages/airflow/example_dags/example_external_task_marker_dag.py took 0.116 seconds
[2022-12-31T21:16:55.363+0700] {processor.py:153} INFO - Started process (PID=23473) to work on /home/dmk/anaconda3/lib/python3.9/site-packages/airflow/example_dags/example_external_task_marker_dag.py
[2022-12-31T21:16:55.364+0700] {processor.py:743} INFO - Processing file /home/dmk/anaconda3/lib/python3.9/site-packages/airflow/example_dags/example_external_task_marker_dag.py for tasks to queue
[2022-12-31T21:16:55.365+0700] {logging_mixin.py:137} INFO - [2022-12-31T21:16:55.364+0700] {dagbag.py:538} INFO - Filling up the DagBag from /home/dmk/anaconda3/lib/python3.9/site-packages/airflow/example_dags/example_external_task_marker_dag.py
[2022-12-31T21:16:55.379+0700] {processor.py:753} INFO - DAG(s) dict_keys(['example_external_task_marker_child', 'example_external_task_marker_parent']) retrieved from /home/dmk/anaconda3/lib/python3.9/site-packages/airflow/example_dags/example_external_task_marker_dag.py
[2022-12-31T21:16:55.411+0700] {logging_mixin.py:137} INFO - [2022-12-31T21:16:55.411+0700] {dag.py:2676} INFO - Sync 2 DAGs
[2022-12-31T21:16:55.434+0700] {logging_mixin.py:137} INFO - [2022-12-31T21:16:55.434+0700] {dag.py:3423} INFO - Setting next_dagrun for example_external_task_marker_child to None, run_after=None
[2022-12-31T21:16:55.439+0700] {logging_mixin.py:137} INFO - [2022-12-31T21:16:55.439+0700] {dag.py:3423} INFO - Setting next_dagrun for example_external_task_marker_parent to None, run_after=None
[2022-12-31T21:16:55.498+0700] {processor.py:175} INFO - Processing /home/dmk/anaconda3/lib/python3.9/site-packages/airflow/example_dags/example_external_task_marker_dag.py took 0.137 seconds
[2022-12-31T21:17:44.382+0700] {processor.py:153} INFO - Started process (PID=23637) to work on /home/dmk/anaconda3/lib/python3.9/site-packages/airflow/example_dags/example_external_task_marker_dag.py
[2022-12-31T21:17:44.387+0700] {processor.py:743} INFO - Processing file /home/dmk/anaconda3/lib/python3.9/site-packages/airflow/example_dags/example_external_task_marker_dag.py for tasks to queue
[2022-12-31T21:17:44.389+0700] {logging_mixin.py:137} INFO - [2022-12-31T21:17:44.388+0700] {dagbag.py:538} INFO - Filling up the DagBag from /home/dmk/anaconda3/lib/python3.9/site-packages/airflow/example_dags/example_external_task_marker_dag.py
[2022-12-31T21:17:44.412+0700] {processor.py:753} INFO - DAG(s) dict_keys(['example_external_task_marker_child', 'example_external_task_marker_parent']) retrieved from /home/dmk/anaconda3/lib/python3.9/site-packages/airflow/example_dags/example_external_task_marker_dag.py
[2022-12-31T21:17:44.441+0700] {logging_mixin.py:137} INFO - [2022-12-31T21:17:44.441+0700] {dag.py:2676} INFO - Sync 2 DAGs
[2022-12-31T21:17:44.462+0700] {logging_mixin.py:137} INFO - [2022-12-31T21:17:44.462+0700] {dag.py:3423} INFO - Setting next_dagrun for example_external_task_marker_child to None, run_after=None
[2022-12-31T21:17:44.467+0700] {logging_mixin.py:137} INFO - [2022-12-31T21:17:44.466+0700] {dag.py:3423} INFO - Setting next_dagrun for example_external_task_marker_parent to None, run_after=None
[2022-12-31T21:17:44.500+0700] {processor.py:175} INFO - Processing /home/dmk/anaconda3/lib/python3.9/site-packages/airflow/example_dags/example_external_task_marker_dag.py took 0.127 seconds
[2022-12-31T21:19:24.613+0700] {processor.py:153} INFO - Started process (PID=24131) to work on /home/dmk/anaconda3/lib/python3.9/site-packages/airflow/example_dags/example_external_task_marker_dag.py
[2022-12-31T21:19:24.616+0700] {processor.py:743} INFO - Processing file /home/dmk/anaconda3/lib/python3.9/site-packages/airflow/example_dags/example_external_task_marker_dag.py for tasks to queue
[2022-12-31T21:19:24.618+0700] {logging_mixin.py:137} INFO - [2022-12-31T21:19:24.618+0700] {dagbag.py:538} INFO - Filling up the DagBag from /home/dmk/anaconda3/lib/python3.9/site-packages/airflow/example_dags/example_external_task_marker_dag.py
[2022-12-31T21:19:24.639+0700] {processor.py:753} INFO - DAG(s) dict_keys(['example_external_task_marker_child', 'example_external_task_marker_parent']) retrieved from /home/dmk/anaconda3/lib/python3.9/site-packages/airflow/example_dags/example_external_task_marker_dag.py
[2022-12-31T21:19:24.671+0700] {logging_mixin.py:137} INFO - [2022-12-31T21:19:24.671+0700] {dag.py:2676} INFO - Sync 2 DAGs
[2022-12-31T21:19:24.781+0700] {logging_mixin.py:137} INFO - [2022-12-31T21:19:24.781+0700] {dag.py:3423} INFO - Setting next_dagrun for example_external_task_marker_child to None, run_after=None
[2022-12-31T21:19:24.785+0700] {logging_mixin.py:137} INFO - [2022-12-31T21:19:24.785+0700] {dag.py:3423} INFO - Setting next_dagrun for example_external_task_marker_parent to None, run_after=None
[2022-12-31T21:19:24.812+0700] {processor.py:175} INFO - Processing /home/dmk/anaconda3/lib/python3.9/site-packages/airflow/example_dags/example_external_task_marker_dag.py took 0.207 seconds
[2022-12-31T21:20:17.859+0700] {processor.py:153} INFO - Started process (PID=24425) to work on /home/dmk/anaconda3/lib/python3.9/site-packages/airflow/example_dags/example_external_task_marker_dag.py
[2022-12-31T21:20:17.863+0700] {processor.py:743} INFO - Processing file /home/dmk/anaconda3/lib/python3.9/site-packages/airflow/example_dags/example_external_task_marker_dag.py for tasks to queue
[2022-12-31T21:20:17.864+0700] {logging_mixin.py:137} INFO - [2022-12-31T21:20:17.864+0700] {dagbag.py:538} INFO - Filling up the DagBag from /home/dmk/anaconda3/lib/python3.9/site-packages/airflow/example_dags/example_external_task_marker_dag.py
[2022-12-31T21:20:17.880+0700] {processor.py:753} INFO - DAG(s) dict_keys(['example_external_task_marker_child', 'example_external_task_marker_parent']) retrieved from /home/dmk/anaconda3/lib/python3.9/site-packages/airflow/example_dags/example_external_task_marker_dag.py
[2022-12-31T21:20:17.909+0700] {logging_mixin.py:137} INFO - [2022-12-31T21:20:17.909+0700] {dag.py:2676} INFO - Sync 2 DAGs
[2022-12-31T21:20:18.027+0700] {logging_mixin.py:137} INFO - [2022-12-31T21:20:18.027+0700] {dag.py:3423} INFO - Setting next_dagrun for example_external_task_marker_child to None, run_after=None
[2022-12-31T21:20:18.031+0700] {logging_mixin.py:137} INFO - [2022-12-31T21:20:18.031+0700] {dag.py:3423} INFO - Setting next_dagrun for example_external_task_marker_parent to None, run_after=None
[2022-12-31T21:20:18.066+0700] {processor.py:175} INFO - Processing /home/dmk/anaconda3/lib/python3.9/site-packages/airflow/example_dags/example_external_task_marker_dag.py took 0.209 seconds
[2022-12-31T21:22:48.316+0700] {processor.py:153} INFO - Started process (PID=25341) to work on /home/dmk/anaconda3/lib/python3.9/site-packages/airflow/example_dags/example_external_task_marker_dag.py
[2022-12-31T21:22:48.321+0700] {processor.py:743} INFO - Processing file /home/dmk/anaconda3/lib/python3.9/site-packages/airflow/example_dags/example_external_task_marker_dag.py for tasks to queue
[2022-12-31T21:22:48.323+0700] {logging_mixin.py:137} INFO - [2022-12-31T21:22:48.323+0700] {dagbag.py:538} INFO - Filling up the DagBag from /home/dmk/anaconda3/lib/python3.9/site-packages/airflow/example_dags/example_external_task_marker_dag.py
[2022-12-31T21:22:48.346+0700] {processor.py:753} INFO - DAG(s) dict_keys(['example_external_task_marker_child', 'example_external_task_marker_parent']) retrieved from /home/dmk/anaconda3/lib/python3.9/site-packages/airflow/example_dags/example_external_task_marker_dag.py
[2022-12-31T21:22:48.373+0700] {logging_mixin.py:137} INFO - [2022-12-31T21:22:48.372+0700] {dag.py:2676} INFO - Sync 2 DAGs
[2022-12-31T21:22:48.481+0700] {logging_mixin.py:137} INFO - [2022-12-31T21:22:48.481+0700] {dag.py:3423} INFO - Setting next_dagrun for example_external_task_marker_child to None, run_after=None
[2022-12-31T21:22:48.486+0700] {logging_mixin.py:137} INFO - [2022-12-31T21:22:48.485+0700] {dag.py:3423} INFO - Setting next_dagrun for example_external_task_marker_parent to None, run_after=None
[2022-12-31T21:22:48.513+0700] {processor.py:175} INFO - Processing /home/dmk/anaconda3/lib/python3.9/site-packages/airflow/example_dags/example_external_task_marker_dag.py took 0.203 seconds
[2022-12-31T21:23:41.806+0700] {processor.py:153} INFO - Started process (PID=25449) to work on /home/dmk/anaconda3/lib/python3.9/site-packages/airflow/example_dags/example_external_task_marker_dag.py
[2022-12-31T21:23:41.811+0700] {processor.py:743} INFO - Processing file /home/dmk/anaconda3/lib/python3.9/site-packages/airflow/example_dags/example_external_task_marker_dag.py for tasks to queue
[2022-12-31T21:23:41.813+0700] {logging_mixin.py:137} INFO - [2022-12-31T21:23:41.812+0700] {dagbag.py:538} INFO - Filling up the DagBag from /home/dmk/anaconda3/lib/python3.9/site-packages/airflow/example_dags/example_external_task_marker_dag.py
[2022-12-31T21:23:41.843+0700] {processor.py:753} INFO - DAG(s) dict_keys(['example_external_task_marker_child', 'example_external_task_marker_parent']) retrieved from /home/dmk/anaconda3/lib/python3.9/site-packages/airflow/example_dags/example_external_task_marker_dag.py
[2022-12-31T21:23:41.871+0700] {logging_mixin.py:137} INFO - [2022-12-31T21:23:41.871+0700] {dag.py:2676} INFO - Sync 2 DAGs
[2022-12-31T21:23:41.986+0700] {logging_mixin.py:137} INFO - [2022-12-31T21:23:41.986+0700] {dag.py:3423} INFO - Setting next_dagrun for example_external_task_marker_child to None, run_after=None
[2022-12-31T21:23:41.991+0700] {logging_mixin.py:137} INFO - [2022-12-31T21:23:41.991+0700] {dag.py:3423} INFO - Setting next_dagrun for example_external_task_marker_parent to None, run_after=None
[2022-12-31T21:23:42.046+0700] {processor.py:175} INFO - Processing /home/dmk/anaconda3/lib/python3.9/site-packages/airflow/example_dags/example_external_task_marker_dag.py took 0.242 seconds
[2022-12-31T21:24:42.934+0700] {processor.py:153} INFO - Started process (PID=25684) to work on /home/dmk/anaconda3/lib/python3.9/site-packages/airflow/example_dags/example_external_task_marker_dag.py
[2022-12-31T21:24:42.939+0700] {processor.py:743} INFO - Processing file /home/dmk/anaconda3/lib/python3.9/site-packages/airflow/example_dags/example_external_task_marker_dag.py for tasks to queue
[2022-12-31T21:24:42.943+0700] {logging_mixin.py:137} INFO - [2022-12-31T21:24:42.942+0700] {dagbag.py:538} INFO - Filling up the DagBag from /home/dmk/anaconda3/lib/python3.9/site-packages/airflow/example_dags/example_external_task_marker_dag.py
[2022-12-31T21:24:42.979+0700] {processor.py:753} INFO - DAG(s) dict_keys(['example_external_task_marker_parent', 'example_external_task_marker_child']) retrieved from /home/dmk/anaconda3/lib/python3.9/site-packages/airflow/example_dags/example_external_task_marker_dag.py
[2022-12-31T21:24:43.140+0700] {logging_mixin.py:137} INFO - [2022-12-31T21:24:43.140+0700] {dag.py:2676} INFO - Sync 2 DAGs
[2022-12-31T21:24:43.158+0700] {logging_mixin.py:137} INFO - [2022-12-31T21:24:43.158+0700] {dag.py:3423} INFO - Setting next_dagrun for example_external_task_marker_child to None, run_after=None
[2022-12-31T21:24:43.162+0700] {logging_mixin.py:137} INFO - [2022-12-31T21:24:43.162+0700] {dag.py:3423} INFO - Setting next_dagrun for example_external_task_marker_parent to None, run_after=None
[2022-12-31T21:24:43.190+0700] {processor.py:175} INFO - Processing /home/dmk/anaconda3/lib/python3.9/site-packages/airflow/example_dags/example_external_task_marker_dag.py took 0.268 seconds
[2022-12-31T21:25:42.043+0700] {processor.py:153} INFO - Started process (PID=25870) to work on /home/dmk/anaconda3/lib/python3.9/site-packages/airflow/example_dags/example_external_task_marker_dag.py
[2022-12-31T21:25:42.051+0700] {processor.py:743} INFO - Processing file /home/dmk/anaconda3/lib/python3.9/site-packages/airflow/example_dags/example_external_task_marker_dag.py for tasks to queue
[2022-12-31T21:25:42.056+0700] {logging_mixin.py:137} INFO - [2022-12-31T21:25:42.055+0700] {dagbag.py:538} INFO - Filling up the DagBag from /home/dmk/anaconda3/lib/python3.9/site-packages/airflow/example_dags/example_external_task_marker_dag.py
[2022-12-31T21:25:42.117+0700] {processor.py:753} INFO - DAG(s) dict_keys(['example_external_task_marker_parent', 'example_external_task_marker_child']) retrieved from /home/dmk/anaconda3/lib/python3.9/site-packages/airflow/example_dags/example_external_task_marker_dag.py
[2022-12-31T21:25:42.265+0700] {logging_mixin.py:137} INFO - [2022-12-31T21:25:42.265+0700] {dag.py:2676} INFO - Sync 2 DAGs
[2022-12-31T21:25:42.284+0700] {logging_mixin.py:137} INFO - [2022-12-31T21:25:42.283+0700] {dag.py:3423} INFO - Setting next_dagrun for example_external_task_marker_child to None, run_after=None
[2022-12-31T21:25:42.287+0700] {logging_mixin.py:137} INFO - [2022-12-31T21:25:42.287+0700] {dag.py:3423} INFO - Setting next_dagrun for example_external_task_marker_parent to None, run_after=None
[2022-12-31T21:25:42.328+0700] {processor.py:175} INFO - Processing /home/dmk/anaconda3/lib/python3.9/site-packages/airflow/example_dags/example_external_task_marker_dag.py took 0.300 seconds
[2022-12-31T21:26:51.971+0700] {processor.py:153} INFO - Started process (PID=25994) to work on /home/dmk/anaconda3/lib/python3.9/site-packages/airflow/example_dags/example_external_task_marker_dag.py
[2022-12-31T21:26:51.974+0700] {processor.py:743} INFO - Processing file /home/dmk/anaconda3/lib/python3.9/site-packages/airflow/example_dags/example_external_task_marker_dag.py for tasks to queue
[2022-12-31T21:26:51.975+0700] {logging_mixin.py:137} INFO - [2022-12-31T21:26:51.975+0700] {dagbag.py:538} INFO - Filling up the DagBag from /home/dmk/anaconda3/lib/python3.9/site-packages/airflow/example_dags/example_external_task_marker_dag.py
[2022-12-31T21:26:52.237+0700] {processor.py:753} INFO - DAG(s) dict_keys(['example_external_task_marker_child', 'example_external_task_marker_parent']) retrieved from /home/dmk/anaconda3/lib/python3.9/site-packages/airflow/example_dags/example_external_task_marker_dag.py
[2022-12-31T21:26:52.273+0700] {logging_mixin.py:137} INFO - [2022-12-31T21:26:52.273+0700] {dag.py:2676} INFO - Sync 2 DAGs
[2022-12-31T21:26:52.293+0700] {logging_mixin.py:137} INFO - [2022-12-31T21:26:52.293+0700] {dag.py:3423} INFO - Setting next_dagrun for example_external_task_marker_child to None, run_after=None
[2022-12-31T21:26:52.298+0700] {logging_mixin.py:137} INFO - [2022-12-31T21:26:52.298+0700] {dag.py:3423} INFO - Setting next_dagrun for example_external_task_marker_parent to None, run_after=None
[2022-12-31T21:26:52.331+0700] {processor.py:175} INFO - Processing /home/dmk/anaconda3/lib/python3.9/site-packages/airflow/example_dags/example_external_task_marker_dag.py took 0.364 seconds
[2022-12-31T21:27:56.420+0700] {processor.py:153} INFO - Started process (PID=26115) to work on /home/dmk/anaconda3/lib/python3.9/site-packages/airflow/example_dags/example_external_task_marker_dag.py
[2022-12-31T21:27:56.424+0700] {processor.py:743} INFO - Processing file /home/dmk/anaconda3/lib/python3.9/site-packages/airflow/example_dags/example_external_task_marker_dag.py for tasks to queue
[2022-12-31T21:27:56.427+0700] {logging_mixin.py:137} INFO - [2022-12-31T21:27:56.426+0700] {dagbag.py:538} INFO - Filling up the DagBag from /home/dmk/anaconda3/lib/python3.9/site-packages/airflow/example_dags/example_external_task_marker_dag.py
[2022-12-31T21:27:56.486+0700] {processor.py:753} INFO - DAG(s) dict_keys(['example_external_task_marker_child', 'example_external_task_marker_parent']) retrieved from /home/dmk/anaconda3/lib/python3.9/site-packages/airflow/example_dags/example_external_task_marker_dag.py
[2022-12-31T21:27:56.532+0700] {logging_mixin.py:137} INFO - [2022-12-31T21:27:56.531+0700] {dag.py:2676} INFO - Sync 2 DAGs
[2022-12-31T21:27:56.561+0700] {logging_mixin.py:137} INFO - [2022-12-31T21:27:56.561+0700] {dag.py:3423} INFO - Setting next_dagrun for example_external_task_marker_child to None, run_after=None
[2022-12-31T21:27:56.568+0700] {logging_mixin.py:137} INFO - [2022-12-31T21:27:56.567+0700] {dag.py:3423} INFO - Setting next_dagrun for example_external_task_marker_parent to None, run_after=None
[2022-12-31T21:27:56.606+0700] {processor.py:175} INFO - Processing /home/dmk/anaconda3/lib/python3.9/site-packages/airflow/example_dags/example_external_task_marker_dag.py took 0.197 seconds
[2022-12-31T21:28:58.146+0700] {processor.py:153} INFO - Started process (PID=26242) to work on /home/dmk/anaconda3/lib/python3.9/site-packages/airflow/example_dags/example_external_task_marker_dag.py
[2022-12-31T21:28:58.151+0700] {processor.py:743} INFO - Processing file /home/dmk/anaconda3/lib/python3.9/site-packages/airflow/example_dags/example_external_task_marker_dag.py for tasks to queue
[2022-12-31T21:28:58.154+0700] {logging_mixin.py:137} INFO - [2022-12-31T21:28:58.153+0700] {dagbag.py:538} INFO - Filling up the DagBag from /home/dmk/anaconda3/lib/python3.9/site-packages/airflow/example_dags/example_external_task_marker_dag.py
[2022-12-31T21:28:58.209+0700] {processor.py:753} INFO - DAG(s) dict_keys(['example_external_task_marker_parent', 'example_external_task_marker_child']) retrieved from /home/dmk/anaconda3/lib/python3.9/site-packages/airflow/example_dags/example_external_task_marker_dag.py
[2022-12-31T21:28:58.255+0700] {logging_mixin.py:137} INFO - [2022-12-31T21:28:58.254+0700] {dag.py:2676} INFO - Sync 2 DAGs
[2022-12-31T21:28:58.281+0700] {logging_mixin.py:137} INFO - [2022-12-31T21:28:58.281+0700] {dag.py:3423} INFO - Setting next_dagrun for example_external_task_marker_child to None, run_after=None
[2022-12-31T21:28:58.288+0700] {logging_mixin.py:137} INFO - [2022-12-31T21:28:58.288+0700] {dag.py:3423} INFO - Setting next_dagrun for example_external_task_marker_parent to None, run_after=None
[2022-12-31T21:28:58.338+0700] {processor.py:175} INFO - Processing /home/dmk/anaconda3/lib/python3.9/site-packages/airflow/example_dags/example_external_task_marker_dag.py took 0.206 seconds
[2022-12-31T21:29:48.939+0700] {processor.py:153} INFO - Started process (PID=26372) to work on /home/dmk/anaconda3/lib/python3.9/site-packages/airflow/example_dags/example_external_task_marker_dag.py
[2022-12-31T21:29:48.945+0700] {processor.py:743} INFO - Processing file /home/dmk/anaconda3/lib/python3.9/site-packages/airflow/example_dags/example_external_task_marker_dag.py for tasks to queue
[2022-12-31T21:29:48.947+0700] {logging_mixin.py:137} INFO - [2022-12-31T21:29:48.947+0700] {dagbag.py:538} INFO - Filling up the DagBag from /home/dmk/anaconda3/lib/python3.9/site-packages/airflow/example_dags/example_external_task_marker_dag.py
[2022-12-31T21:29:49.006+0700] {processor.py:753} INFO - DAG(s) dict_keys(['example_external_task_marker_child', 'example_external_task_marker_parent']) retrieved from /home/dmk/anaconda3/lib/python3.9/site-packages/airflow/example_dags/example_external_task_marker_dag.py
[2022-12-31T21:29:49.047+0700] {logging_mixin.py:137} INFO - [2022-12-31T21:29:49.047+0700] {dag.py:2676} INFO - Sync 2 DAGs
[2022-12-31T21:29:49.069+0700] {logging_mixin.py:137} INFO - [2022-12-31T21:29:49.069+0700] {dag.py:3423} INFO - Setting next_dagrun for example_external_task_marker_child to None, run_after=None
[2022-12-31T21:29:49.075+0700] {logging_mixin.py:137} INFO - [2022-12-31T21:29:49.075+0700] {dag.py:3423} INFO - Setting next_dagrun for example_external_task_marker_parent to None, run_after=None
[2022-12-31T21:29:49.106+0700] {processor.py:175} INFO - Processing /home/dmk/anaconda3/lib/python3.9/site-packages/airflow/example_dags/example_external_task_marker_dag.py took 0.179 seconds
[2022-12-31T21:30:55.439+0700] {processor.py:153} INFO - Started process (PID=26509) to work on /home/dmk/anaconda3/lib/python3.9/site-packages/airflow/example_dags/example_external_task_marker_dag.py
[2022-12-31T21:30:55.445+0700] {processor.py:743} INFO - Processing file /home/dmk/anaconda3/lib/python3.9/site-packages/airflow/example_dags/example_external_task_marker_dag.py for tasks to queue
[2022-12-31T21:30:55.447+0700] {logging_mixin.py:137} INFO - [2022-12-31T21:30:55.447+0700] {dagbag.py:538} INFO - Filling up the DagBag from /home/dmk/anaconda3/lib/python3.9/site-packages/airflow/example_dags/example_external_task_marker_dag.py
[2022-12-31T21:30:55.517+0700] {processor.py:753} INFO - DAG(s) dict_keys(['example_external_task_marker_child', 'example_external_task_marker_parent']) retrieved from /home/dmk/anaconda3/lib/python3.9/site-packages/airflow/example_dags/example_external_task_marker_dag.py
[2022-12-31T21:30:55.604+0700] {logging_mixin.py:137} INFO - [2022-12-31T21:30:55.603+0700] {dag.py:2676} INFO - Sync 2 DAGs
[2022-12-31T21:30:55.625+0700] {logging_mixin.py:137} INFO - [2022-12-31T21:30:55.625+0700] {dag.py:3423} INFO - Setting next_dagrun for example_external_task_marker_child to None, run_after=None
[2022-12-31T21:30:55.631+0700] {logging_mixin.py:137} INFO - [2022-12-31T21:30:55.631+0700] {dag.py:3423} INFO - Setting next_dagrun for example_external_task_marker_parent to None, run_after=None
[2022-12-31T21:30:55.690+0700] {processor.py:175} INFO - Processing /home/dmk/anaconda3/lib/python3.9/site-packages/airflow/example_dags/example_external_task_marker_dag.py took 0.261 seconds
[2022-12-31T21:31:59.388+0700] {processor.py:153} INFO - Started process (PID=26620) to work on /home/dmk/anaconda3/lib/python3.9/site-packages/airflow/example_dags/example_external_task_marker_dag.py
[2022-12-31T21:31:59.394+0700] {processor.py:743} INFO - Processing file /home/dmk/anaconda3/lib/python3.9/site-packages/airflow/example_dags/example_external_task_marker_dag.py for tasks to queue
[2022-12-31T21:31:59.395+0700] {logging_mixin.py:137} INFO - [2022-12-31T21:31:59.395+0700] {dagbag.py:538} INFO - Filling up the DagBag from /home/dmk/anaconda3/lib/python3.9/site-packages/airflow/example_dags/example_external_task_marker_dag.py
[2022-12-31T21:31:59.418+0700] {processor.py:753} INFO - DAG(s) dict_keys(['example_external_task_marker_child', 'example_external_task_marker_parent']) retrieved from /home/dmk/anaconda3/lib/python3.9/site-packages/airflow/example_dags/example_external_task_marker_dag.py
[2022-12-31T21:31:59.451+0700] {logging_mixin.py:137} INFO - [2022-12-31T21:31:59.451+0700] {dag.py:2676} INFO - Sync 2 DAGs
[2022-12-31T21:31:59.476+0700] {logging_mixin.py:137} INFO - [2022-12-31T21:31:59.476+0700] {dag.py:3423} INFO - Setting next_dagrun for example_external_task_marker_child to None, run_after=None
[2022-12-31T21:31:59.480+0700] {logging_mixin.py:137} INFO - [2022-12-31T21:31:59.480+0700] {dag.py:3423} INFO - Setting next_dagrun for example_external_task_marker_parent to None, run_after=None
[2022-12-31T21:31:59.510+0700] {processor.py:175} INFO - Processing /home/dmk/anaconda3/lib/python3.9/site-packages/airflow/example_dags/example_external_task_marker_dag.py took 0.130 seconds
[2022-12-31T21:33:19.712+0700] {processor.py:153} INFO - Started process (PID=26784) to work on /home/dmk/anaconda3/lib/python3.9/site-packages/airflow/example_dags/example_external_task_marker_dag.py
[2022-12-31T21:33:19.719+0700] {processor.py:743} INFO - Processing file /home/dmk/anaconda3/lib/python3.9/site-packages/airflow/example_dags/example_external_task_marker_dag.py for tasks to queue
[2022-12-31T21:33:19.721+0700] {logging_mixin.py:137} INFO - [2022-12-31T21:33:19.720+0700] {dagbag.py:538} INFO - Filling up the DagBag from /home/dmk/anaconda3/lib/python3.9/site-packages/airflow/example_dags/example_external_task_marker_dag.py
[2022-12-31T21:33:19.782+0700] {processor.py:753} INFO - DAG(s) dict_keys(['example_external_task_marker_child', 'example_external_task_marker_parent']) retrieved from /home/dmk/anaconda3/lib/python3.9/site-packages/airflow/example_dags/example_external_task_marker_dag.py
[2022-12-31T21:33:19.821+0700] {logging_mixin.py:137} INFO - [2022-12-31T21:33:19.821+0700] {dag.py:2676} INFO - Sync 2 DAGs
[2022-12-31T21:33:19.846+0700] {logging_mixin.py:137} INFO - [2022-12-31T21:33:19.846+0700] {dag.py:3423} INFO - Setting next_dagrun for example_external_task_marker_child to None, run_after=None
[2022-12-31T21:33:19.850+0700] {logging_mixin.py:137} INFO - [2022-12-31T21:33:19.850+0700] {dag.py:3423} INFO - Setting next_dagrun for example_external_task_marker_parent to None, run_after=None
[2022-12-31T21:33:19.880+0700] {processor.py:175} INFO - Processing /home/dmk/anaconda3/lib/python3.9/site-packages/airflow/example_dags/example_external_task_marker_dag.py took 0.179 seconds
[2022-12-31T21:34:07.778+0700] {processor.py:153} INFO - Started process (PID=27266) to work on /home/dmk/anaconda3/lib/python3.9/site-packages/airflow/example_dags/example_external_task_marker_dag.py
[2022-12-31T21:34:07.781+0700] {processor.py:743} INFO - Processing file /home/dmk/anaconda3/lib/python3.9/site-packages/airflow/example_dags/example_external_task_marker_dag.py for tasks to queue
[2022-12-31T21:34:07.782+0700] {logging_mixin.py:137} INFO - [2022-12-31T21:34:07.782+0700] {dagbag.py:538} INFO - Filling up the DagBag from /home/dmk/anaconda3/lib/python3.9/site-packages/airflow/example_dags/example_external_task_marker_dag.py
[2022-12-31T21:34:07.794+0700] {processor.py:753} INFO - DAG(s) dict_keys(['example_external_task_marker_child', 'example_external_task_marker_parent']) retrieved from /home/dmk/anaconda3/lib/python3.9/site-packages/airflow/example_dags/example_external_task_marker_dag.py
[2022-12-31T21:34:07.821+0700] {logging_mixin.py:137} INFO - [2022-12-31T21:34:07.821+0700] {dag.py:2676} INFO - Sync 2 DAGs
[2022-12-31T21:34:07.839+0700] {logging_mixin.py:137} INFO - [2022-12-31T21:34:07.838+0700] {dag.py:3423} INFO - Setting next_dagrun for example_external_task_marker_child to None, run_after=None
[2022-12-31T21:34:07.843+0700] {logging_mixin.py:137} INFO - [2022-12-31T21:34:07.842+0700] {dag.py:3423} INFO - Setting next_dagrun for example_external_task_marker_parent to None, run_after=None
[2022-12-31T21:34:07.869+0700] {processor.py:175} INFO - Processing /home/dmk/anaconda3/lib/python3.9/site-packages/airflow/example_dags/example_external_task_marker_dag.py took 0.094 seconds
[2022-12-31T21:34:55.458+0700] {processor.py:153} INFO - Started process (PID=27686) to work on /home/dmk/anaconda3/lib/python3.9/site-packages/airflow/example_dags/example_external_task_marker_dag.py
[2022-12-31T21:34:55.463+0700] {processor.py:743} INFO - Processing file /home/dmk/anaconda3/lib/python3.9/site-packages/airflow/example_dags/example_external_task_marker_dag.py for tasks to queue
[2022-12-31T21:34:55.465+0700] {logging_mixin.py:137} INFO - [2022-12-31T21:34:55.465+0700] {dagbag.py:538} INFO - Filling up the DagBag from /home/dmk/anaconda3/lib/python3.9/site-packages/airflow/example_dags/example_external_task_marker_dag.py
[2022-12-31T21:34:55.488+0700] {processor.py:753} INFO - DAG(s) dict_keys(['example_external_task_marker_parent', 'example_external_task_marker_child']) retrieved from /home/dmk/anaconda3/lib/python3.9/site-packages/airflow/example_dags/example_external_task_marker_dag.py
[2022-12-31T21:34:55.632+0700] {logging_mixin.py:137} INFO - [2022-12-31T21:34:55.632+0700] {dag.py:2676} INFO - Sync 2 DAGs
[2022-12-31T21:34:55.647+0700] {logging_mixin.py:137} INFO - [2022-12-31T21:34:55.647+0700] {dag.py:3423} INFO - Setting next_dagrun for example_external_task_marker_child to None, run_after=None
[2022-12-31T21:34:55.651+0700] {logging_mixin.py:137} INFO - [2022-12-31T21:34:55.650+0700] {dag.py:3423} INFO - Setting next_dagrun for example_external_task_marker_parent to None, run_after=None
[2022-12-31T21:34:55.682+0700] {processor.py:175} INFO - Processing /home/dmk/anaconda3/lib/python3.9/site-packages/airflow/example_dags/example_external_task_marker_dag.py took 0.230 seconds
[2022-12-31T21:35:57.890+0700] {processor.py:153} INFO - Started process (PID=27936) to work on /home/dmk/anaconda3/lib/python3.9/site-packages/airflow/example_dags/example_external_task_marker_dag.py
[2022-12-31T21:35:57.897+0700] {processor.py:743} INFO - Processing file /home/dmk/anaconda3/lib/python3.9/site-packages/airflow/example_dags/example_external_task_marker_dag.py for tasks to queue
[2022-12-31T21:35:57.900+0700] {logging_mixin.py:137} INFO - [2022-12-31T21:35:57.899+0700] {dagbag.py:538} INFO - Filling up the DagBag from /home/dmk/anaconda3/lib/python3.9/site-packages/airflow/example_dags/example_external_task_marker_dag.py
[2022-12-31T21:35:57.945+0700] {processor.py:753} INFO - DAG(s) dict_keys(['example_external_task_marker_parent', 'example_external_task_marker_child']) retrieved from /home/dmk/anaconda3/lib/python3.9/site-packages/airflow/example_dags/example_external_task_marker_dag.py
[2022-12-31T21:35:58.118+0700] {logging_mixin.py:137} INFO - [2022-12-31T21:35:58.118+0700] {dag.py:2676} INFO - Sync 2 DAGs
[2022-12-31T21:35:58.135+0700] {logging_mixin.py:137} INFO - [2022-12-31T21:35:58.135+0700] {dag.py:3423} INFO - Setting next_dagrun for example_external_task_marker_child to None, run_after=None
[2022-12-31T21:35:58.139+0700] {logging_mixin.py:137} INFO - [2022-12-31T21:35:58.139+0700] {dag.py:3423} INFO - Setting next_dagrun for example_external_task_marker_parent to None, run_after=None
[2022-12-31T21:35:58.174+0700] {processor.py:175} INFO - Processing /home/dmk/anaconda3/lib/python3.9/site-packages/airflow/example_dags/example_external_task_marker_dag.py took 0.295 seconds
[2022-12-31T21:38:31.272+0700] {processor.py:153} INFO - Started process (PID=28904) to work on /home/dmk/anaconda3/lib/python3.9/site-packages/airflow/example_dags/example_external_task_marker_dag.py
[2022-12-31T21:38:31.280+0700] {processor.py:743} INFO - Processing file /home/dmk/anaconda3/lib/python3.9/site-packages/airflow/example_dags/example_external_task_marker_dag.py for tasks to queue
[2022-12-31T21:38:31.281+0700] {logging_mixin.py:137} INFO - [2022-12-31T21:38:31.280+0700] {dagbag.py:538} INFO - Filling up the DagBag from /home/dmk/anaconda3/lib/python3.9/site-packages/airflow/example_dags/example_external_task_marker_dag.py
[2022-12-31T21:38:31.298+0700] {processor.py:753} INFO - DAG(s) dict_keys(['example_external_task_marker_child', 'example_external_task_marker_parent']) retrieved from /home/dmk/anaconda3/lib/python3.9/site-packages/airflow/example_dags/example_external_task_marker_dag.py
[2022-12-31T21:38:31.532+0700] {logging_mixin.py:137} INFO - [2022-12-31T21:38:31.531+0700] {manager.py:504} INFO - Created Permission View: can delete on DAG:example_external_task_marker_child
[2022-12-31T21:38:31.565+0700] {logging_mixin.py:137} INFO - [2022-12-31T21:38:31.564+0700] {manager.py:504} INFO - Created Permission View: can read on DAG:example_external_task_marker_child
[2022-12-31T21:38:31.595+0700] {logging_mixin.py:137} INFO - [2022-12-31T21:38:31.594+0700] {manager.py:504} INFO - Created Permission View: can edit on DAG:example_external_task_marker_child
[2022-12-31T21:38:31.649+0700] {logging_mixin.py:137} INFO - [2022-12-31T21:38:31.649+0700] {manager.py:504} INFO - Created Permission View: can delete on DAG:example_external_task_marker_parent
[2022-12-31T21:38:31.670+0700] {logging_mixin.py:137} INFO - [2022-12-31T21:38:31.669+0700] {manager.py:504} INFO - Created Permission View: can read on DAG:example_external_task_marker_parent
[2022-12-31T21:38:31.705+0700] {logging_mixin.py:137} INFO - [2022-12-31T21:38:31.704+0700] {manager.py:504} INFO - Created Permission View: can edit on DAG:example_external_task_marker_parent
[2022-12-31T21:38:31.705+0700] {logging_mixin.py:137} INFO - [2022-12-31T21:38:31.705+0700] {dag.py:2676} INFO - Sync 2 DAGs
[2022-12-31T21:38:31.724+0700] {logging_mixin.py:137} INFO - [2022-12-31T21:38:31.724+0700] {dag.py:2697} INFO - Creating ORM DAG for example_external_task_marker_parent
[2022-12-31T21:38:31.725+0700] {logging_mixin.py:137} INFO - [2022-12-31T21:38:31.725+0700] {dag.py:2697} INFO - Creating ORM DAG for example_external_task_marker_child
[2022-12-31T21:38:31.735+0700] {logging_mixin.py:137} INFO - [2022-12-31T21:38:31.735+0700] {dag.py:3423} INFO - Setting next_dagrun for example_external_task_marker_child to None, run_after=None
[2022-12-31T21:38:31.736+0700] {logging_mixin.py:137} INFO - [2022-12-31T21:38:31.736+0700] {dag.py:3423} INFO - Setting next_dagrun for example_external_task_marker_parent to None, run_after=None
[2022-12-31T21:38:31.768+0700] {processor.py:175} INFO - Processing /home/dmk/anaconda3/lib/python3.9/site-packages/airflow/example_dags/example_external_task_marker_dag.py took 0.500 seconds
[2022-12-31T21:39:25.819+0700] {processor.py:153} INFO - Started process (PID=29126) to work on /home/dmk/anaconda3/lib/python3.9/site-packages/airflow/example_dags/example_external_task_marker_dag.py
[2022-12-31T21:39:25.820+0700] {processor.py:743} INFO - Processing file /home/dmk/anaconda3/lib/python3.9/site-packages/airflow/example_dags/example_external_task_marker_dag.py for tasks to queue
[2022-12-31T21:39:25.821+0700] {logging_mixin.py:137} INFO - [2022-12-31T21:39:25.821+0700] {dagbag.py:538} INFO - Filling up the DagBag from /home/dmk/anaconda3/lib/python3.9/site-packages/airflow/example_dags/example_external_task_marker_dag.py
[2022-12-31T21:39:25.844+0700] {processor.py:753} INFO - DAG(s) dict_keys(['example_external_task_marker_parent', 'example_external_task_marker_child']) retrieved from /home/dmk/anaconda3/lib/python3.9/site-packages/airflow/example_dags/example_external_task_marker_dag.py
[2022-12-31T21:39:25.888+0700] {logging_mixin.py:137} INFO - [2022-12-31T21:39:25.888+0700] {dag.py:2676} INFO - Sync 2 DAGs
[2022-12-31T21:39:26.036+0700] {logging_mixin.py:137} INFO - [2022-12-31T21:39:26.035+0700] {dag.py:3423} INFO - Setting next_dagrun for example_external_task_marker_child to None, run_after=None
[2022-12-31T21:39:26.040+0700] {logging_mixin.py:137} INFO - [2022-12-31T21:39:26.040+0700] {dag.py:3423} INFO - Setting next_dagrun for example_external_task_marker_parent to None, run_after=None
[2022-12-31T21:39:26.072+0700] {processor.py:175} INFO - Processing /home/dmk/anaconda3/lib/python3.9/site-packages/airflow/example_dags/example_external_task_marker_dag.py took 0.257 seconds
[2022-12-31T21:40:35.087+0700] {processor.py:153} INFO - Started process (PID=29454) to work on /home/dmk/anaconda3/lib/python3.9/site-packages/airflow/example_dags/example_external_task_marker_dag.py
[2022-12-31T21:40:35.089+0700] {processor.py:743} INFO - Processing file /home/dmk/anaconda3/lib/python3.9/site-packages/airflow/example_dags/example_external_task_marker_dag.py for tasks to queue
[2022-12-31T21:40:35.091+0700] {logging_mixin.py:137} INFO - [2022-12-31T21:40:35.090+0700] {dagbag.py:538} INFO - Filling up the DagBag from /home/dmk/anaconda3/lib/python3.9/site-packages/airflow/example_dags/example_external_task_marker_dag.py
[2022-12-31T21:40:35.120+0700] {processor.py:753} INFO - DAG(s) dict_keys(['example_external_task_marker_child', 'example_external_task_marker_parent']) retrieved from /home/dmk/anaconda3/lib/python3.9/site-packages/airflow/example_dags/example_external_task_marker_dag.py
[2022-12-31T21:40:35.248+0700] {logging_mixin.py:137} INFO - [2022-12-31T21:40:35.248+0700] {dag.py:2676} INFO - Sync 2 DAGs
[2022-12-31T21:40:35.265+0700] {logging_mixin.py:137} INFO - [2022-12-31T21:40:35.265+0700] {dag.py:3423} INFO - Setting next_dagrun for example_external_task_marker_child to None, run_after=None
[2022-12-31T21:40:35.270+0700] {logging_mixin.py:137} INFO - [2022-12-31T21:40:35.269+0700] {dag.py:3423} INFO - Setting next_dagrun for example_external_task_marker_parent to None, run_after=None
[2022-12-31T21:40:35.297+0700] {processor.py:175} INFO - Processing /home/dmk/anaconda3/lib/python3.9/site-packages/airflow/example_dags/example_external_task_marker_dag.py took 0.213 seconds
[2022-12-31T21:41:42.227+0700] {processor.py:153} INFO - Started process (PID=29563) to work on /home/dmk/anaconda3/lib/python3.9/site-packages/airflow/example_dags/example_external_task_marker_dag.py
[2022-12-31T21:41:42.232+0700] {processor.py:743} INFO - Processing file /home/dmk/anaconda3/lib/python3.9/site-packages/airflow/example_dags/example_external_task_marker_dag.py for tasks to queue
[2022-12-31T21:41:42.233+0700] {logging_mixin.py:137} INFO - [2022-12-31T21:41:42.232+0700] {dagbag.py:538} INFO - Filling up the DagBag from /home/dmk/anaconda3/lib/python3.9/site-packages/airflow/example_dags/example_external_task_marker_dag.py
[2022-12-31T21:41:42.252+0700] {processor.py:753} INFO - DAG(s) dict_keys(['example_external_task_marker_parent', 'example_external_task_marker_child']) retrieved from /home/dmk/anaconda3/lib/python3.9/site-packages/airflow/example_dags/example_external_task_marker_dag.py
[2022-12-31T21:41:42.383+0700] {logging_mixin.py:137} INFO - [2022-12-31T21:41:42.383+0700] {dag.py:2676} INFO - Sync 2 DAGs
[2022-12-31T21:41:42.400+0700] {logging_mixin.py:137} INFO - [2022-12-31T21:41:42.400+0700] {dag.py:3423} INFO - Setting next_dagrun for example_external_task_marker_child to None, run_after=None
[2022-12-31T21:41:42.404+0700] {logging_mixin.py:137} INFO - [2022-12-31T21:41:42.404+0700] {dag.py:3423} INFO - Setting next_dagrun for example_external_task_marker_parent to None, run_after=None
[2022-12-31T21:41:42.439+0700] {processor.py:175} INFO - Processing /home/dmk/anaconda3/lib/python3.9/site-packages/airflow/example_dags/example_external_task_marker_dag.py took 0.219 seconds
[2022-12-31T21:42:28.603+0700] {processor.py:153} INFO - Started process (PID=29823) to work on /home/dmk/anaconda3/lib/python3.9/site-packages/airflow/example_dags/example_external_task_marker_dag.py
[2022-12-31T21:42:28.609+0700] {processor.py:743} INFO - Processing file /home/dmk/anaconda3/lib/python3.9/site-packages/airflow/example_dags/example_external_task_marker_dag.py for tasks to queue
[2022-12-31T21:42:28.611+0700] {logging_mixin.py:137} INFO - [2022-12-31T21:42:28.610+0700] {dagbag.py:538} INFO - Filling up the DagBag from /home/dmk/anaconda3/lib/python3.9/site-packages/airflow/example_dags/example_external_task_marker_dag.py
[2022-12-31T21:42:28.654+0700] {processor.py:753} INFO - DAG(s) dict_keys(['example_external_task_marker_parent', 'example_external_task_marker_child']) retrieved from /home/dmk/anaconda3/lib/python3.9/site-packages/airflow/example_dags/example_external_task_marker_dag.py
[2022-12-31T21:42:28.823+0700] {logging_mixin.py:137} INFO - [2022-12-31T21:42:28.823+0700] {dag.py:2676} INFO - Sync 2 DAGs
[2022-12-31T21:42:28.839+0700] {logging_mixin.py:137} INFO - [2022-12-31T21:42:28.839+0700] {dag.py:3423} INFO - Setting next_dagrun for example_external_task_marker_child to None, run_after=None
[2022-12-31T21:42:28.843+0700] {logging_mixin.py:137} INFO - [2022-12-31T21:42:28.843+0700] {dag.py:3423} INFO - Setting next_dagrun for example_external_task_marker_parent to None, run_after=None
[2022-12-31T21:42:28.873+0700] {processor.py:175} INFO - Processing /home/dmk/anaconda3/lib/python3.9/site-packages/airflow/example_dags/example_external_task_marker_dag.py took 0.280 seconds
[2022-12-31T21:43:17.412+0700] {processor.py:153} INFO - Started process (PID=29998) to work on /home/dmk/anaconda3/lib/python3.9/site-packages/airflow/example_dags/example_external_task_marker_dag.py
[2022-12-31T21:43:17.416+0700] {processor.py:743} INFO - Processing file /home/dmk/anaconda3/lib/python3.9/site-packages/airflow/example_dags/example_external_task_marker_dag.py for tasks to queue
[2022-12-31T21:43:17.416+0700] {logging_mixin.py:137} INFO - [2022-12-31T21:43:17.416+0700] {dagbag.py:538} INFO - Filling up the DagBag from /home/dmk/anaconda3/lib/python3.9/site-packages/airflow/example_dags/example_external_task_marker_dag.py
[2022-12-31T21:43:17.428+0700] {processor.py:753} INFO - DAG(s) dict_keys(['example_external_task_marker_parent', 'example_external_task_marker_child']) retrieved from /home/dmk/anaconda3/lib/python3.9/site-packages/airflow/example_dags/example_external_task_marker_dag.py
[2022-12-31T21:43:17.454+0700] {logging_mixin.py:137} INFO - [2022-12-31T21:43:17.454+0700] {dag.py:2676} INFO - Sync 2 DAGs
[2022-12-31T21:43:17.565+0700] {logging_mixin.py:137} INFO - [2022-12-31T21:43:17.565+0700] {dag.py:3423} INFO - Setting next_dagrun for example_external_task_marker_child to None, run_after=None
[2022-12-31T21:43:17.568+0700] {logging_mixin.py:137} INFO - [2022-12-31T21:43:17.568+0700] {dag.py:3423} INFO - Setting next_dagrun for example_external_task_marker_parent to None, run_after=None
[2022-12-31T21:43:17.602+0700] {processor.py:175} INFO - Processing /home/dmk/anaconda3/lib/python3.9/site-packages/airflow/example_dags/example_external_task_marker_dag.py took 0.192 seconds
[2022-12-31T22:23:26.021+0700] {processor.py:153} INFO - Started process (PID=47671) to work on /home/dmk/anaconda3/lib/python3.9/site-packages/airflow/example_dags/example_external_task_marker_dag.py
[2022-12-31T22:23:26.023+0700] {processor.py:743} INFO - Processing file /home/dmk/anaconda3/lib/python3.9/site-packages/airflow/example_dags/example_external_task_marker_dag.py for tasks to queue
[2022-12-31T22:23:26.024+0700] {logging_mixin.py:137} INFO - [2022-12-31T22:23:26.024+0700] {dagbag.py:538} INFO - Filling up the DagBag from /home/dmk/anaconda3/lib/python3.9/site-packages/airflow/example_dags/example_external_task_marker_dag.py
[2022-12-31T22:23:26.038+0700] {processor.py:753} INFO - DAG(s) dict_keys(['example_external_task_marker_parent', 'example_external_task_marker_child']) retrieved from /home/dmk/anaconda3/lib/python3.9/site-packages/airflow/example_dags/example_external_task_marker_dag.py
[2022-12-31T22:23:26.087+0700] {logging_mixin.py:137} INFO - [2022-12-31T22:23:26.087+0700] {dag.py:2676} INFO - Sync 2 DAGs
[2022-12-31T22:23:26.244+0700] {logging_mixin.py:137} INFO - [2022-12-31T22:23:26.244+0700] {dag.py:3423} INFO - Setting next_dagrun for example_external_task_marker_child to None, run_after=None
[2022-12-31T22:23:26.251+0700] {logging_mixin.py:137} INFO - [2022-12-31T22:23:26.250+0700] {dag.py:3423} INFO - Setting next_dagrun for example_external_task_marker_parent to None, run_after=None
[2022-12-31T22:23:26.289+0700] {processor.py:175} INFO - Processing /home/dmk/anaconda3/lib/python3.9/site-packages/airflow/example_dags/example_external_task_marker_dag.py took 0.270 seconds
[2022-12-31T22:24:33.543+0700] {processor.py:153} INFO - Started process (PID=48298) to work on /home/dmk/anaconda3/lib/python3.9/site-packages/airflow/example_dags/example_external_task_marker_dag.py
[2022-12-31T22:24:33.546+0700] {processor.py:743} INFO - Processing file /home/dmk/anaconda3/lib/python3.9/site-packages/airflow/example_dags/example_external_task_marker_dag.py for tasks to queue
[2022-12-31T22:24:33.547+0700] {logging_mixin.py:137} INFO - [2022-12-31T22:24:33.547+0700] {dagbag.py:538} INFO - Filling up the DagBag from /home/dmk/anaconda3/lib/python3.9/site-packages/airflow/example_dags/example_external_task_marker_dag.py
[2022-12-31T22:24:33.566+0700] {processor.py:753} INFO - DAG(s) dict_keys(['example_external_task_marker_parent', 'example_external_task_marker_child']) retrieved from /home/dmk/anaconda3/lib/python3.9/site-packages/airflow/example_dags/example_external_task_marker_dag.py
[2022-12-31T22:24:33.604+0700] {logging_mixin.py:137} INFO - [2022-12-31T22:24:33.604+0700] {dag.py:2676} INFO - Sync 2 DAGs
[2022-12-31T22:24:33.738+0700] {logging_mixin.py:137} INFO - [2022-12-31T22:24:33.737+0700] {dag.py:3423} INFO - Setting next_dagrun for example_external_task_marker_child to None, run_after=None
[2022-12-31T22:24:33.742+0700] {logging_mixin.py:137} INFO - [2022-12-31T22:24:33.742+0700] {dag.py:3423} INFO - Setting next_dagrun for example_external_task_marker_parent to None, run_after=None
[2022-12-31T22:24:33.785+0700] {processor.py:175} INFO - Processing /home/dmk/anaconda3/lib/python3.9/site-packages/airflow/example_dags/example_external_task_marker_dag.py took 0.244 seconds
[2022-12-31T22:25:49.526+0700] {processor.py:153} INFO - Started process (PID=49707) to work on /home/dmk/anaconda3/envs/airflow/lib/python3.7/site-packages/airflow/example_dags/example_external_task_marker_dag.py
[2022-12-31T22:25:49.530+0700] {processor.py:743} INFO - Processing file /home/dmk/anaconda3/envs/airflow/lib/python3.7/site-packages/airflow/example_dags/example_external_task_marker_dag.py for tasks to queue
[2022-12-31T22:25:49.531+0700] {logging_mixin.py:137} INFO - [2022-12-31T22:25:49.531+0700] {dagbag.py:538} INFO - Filling up the DagBag from /home/dmk/anaconda3/envs/airflow/lib/python3.7/site-packages/airflow/example_dags/example_external_task_marker_dag.py
[2022-12-31T22:25:49.544+0700] {processor.py:753} INFO - DAG(s) dict_keys(['example_external_task_marker_child', 'example_external_task_marker_parent']) retrieved from /home/dmk/anaconda3/envs/airflow/lib/python3.7/site-packages/airflow/example_dags/example_external_task_marker_dag.py
[2022-12-31T22:25:49.711+0700] {logging_mixin.py:137} INFO - [2022-12-31T22:25:49.711+0700] {dag.py:2676} INFO - Sync 2 DAGs
[2022-12-31T22:25:49.729+0700] {logging_mixin.py:137} INFO - [2022-12-31T22:25:49.729+0700] {dag.py:3427} INFO - Setting next_dagrun for example_external_task_marker_child to None, run_after=None
[2022-12-31T22:25:49.732+0700] {logging_mixin.py:137} INFO - [2022-12-31T22:25:49.732+0700] {dag.py:3427} INFO - Setting next_dagrun for example_external_task_marker_parent to None, run_after=None
[2022-12-31T22:25:49.775+0700] {processor.py:175} INFO - Processing /home/dmk/anaconda3/envs/airflow/lib/python3.7/site-packages/airflow/example_dags/example_external_task_marker_dag.py took 0.253 seconds
[2022-12-31T22:26:39.271+0700] {processor.py:153} INFO - Started process (PID=49854) to work on /home/dmk/anaconda3/envs/airflow/lib/python3.7/site-packages/airflow/example_dags/example_external_task_marker_dag.py
[2022-12-31T22:26:39.276+0700] {processor.py:743} INFO - Processing file /home/dmk/anaconda3/envs/airflow/lib/python3.7/site-packages/airflow/example_dags/example_external_task_marker_dag.py for tasks to queue
[2022-12-31T22:26:39.278+0700] {logging_mixin.py:137} INFO - [2022-12-31T22:26:39.278+0700] {dagbag.py:538} INFO - Filling up the DagBag from /home/dmk/anaconda3/envs/airflow/lib/python3.7/site-packages/airflow/example_dags/example_external_task_marker_dag.py
[2022-12-31T22:26:39.298+0700] {processor.py:753} INFO - DAG(s) dict_keys(['example_external_task_marker_parent', 'example_external_task_marker_child']) retrieved from /home/dmk/anaconda3/envs/airflow/lib/python3.7/site-packages/airflow/example_dags/example_external_task_marker_dag.py
[2022-12-31T22:26:39.448+0700] {logging_mixin.py:137} INFO - [2022-12-31T22:26:39.448+0700] {dag.py:2676} INFO - Sync 2 DAGs
[2022-12-31T22:26:39.478+0700] {logging_mixin.py:137} INFO - [2022-12-31T22:26:39.478+0700] {dag.py:3427} INFO - Setting next_dagrun for example_external_task_marker_child to None, run_after=None
[2022-12-31T22:26:39.482+0700] {logging_mixin.py:137} INFO - [2022-12-31T22:26:39.482+0700] {dag.py:3427} INFO - Setting next_dagrun for example_external_task_marker_parent to None, run_after=None
[2022-12-31T22:26:39.516+0700] {processor.py:175} INFO - Processing /home/dmk/anaconda3/envs/airflow/lib/python3.7/site-packages/airflow/example_dags/example_external_task_marker_dag.py took 0.253 seconds
[2022-12-31T22:27:27.821+0700] {processor.py:153} INFO - Started process (PID=50207) to work on /home/dmk/anaconda3/envs/airflow/lib/python3.7/site-packages/airflow/example_dags/example_external_task_marker_dag.py
[2022-12-31T22:27:27.825+0700] {processor.py:743} INFO - Processing file /home/dmk/anaconda3/envs/airflow/lib/python3.7/site-packages/airflow/example_dags/example_external_task_marker_dag.py for tasks to queue
[2022-12-31T22:27:27.828+0700] {logging_mixin.py:137} INFO - [2022-12-31T22:27:27.826+0700] {dagbag.py:538} INFO - Filling up the DagBag from /home/dmk/anaconda3/envs/airflow/lib/python3.7/site-packages/airflow/example_dags/example_external_task_marker_dag.py
[2022-12-31T22:27:27.868+0700] {processor.py:753} INFO - DAG(s) dict_keys(['example_external_task_marker_child', 'example_external_task_marker_parent']) retrieved from /home/dmk/anaconda3/envs/airflow/lib/python3.7/site-packages/airflow/example_dags/example_external_task_marker_dag.py
[2022-12-31T22:27:28.025+0700] {logging_mixin.py:137} INFO - [2022-12-31T22:27:28.025+0700] {dag.py:2676} INFO - Sync 2 DAGs
[2022-12-31T22:27:28.052+0700] {logging_mixin.py:137} INFO - [2022-12-31T22:27:28.052+0700] {dag.py:3427} INFO - Setting next_dagrun for example_external_task_marker_child to None, run_after=None
[2022-12-31T22:27:28.055+0700] {logging_mixin.py:137} INFO - [2022-12-31T22:27:28.055+0700] {dag.py:3427} INFO - Setting next_dagrun for example_external_task_marker_parent to None, run_after=None
[2022-12-31T22:27:28.103+0700] {processor.py:175} INFO - Processing /home/dmk/anaconda3/envs/airflow/lib/python3.7/site-packages/airflow/example_dags/example_external_task_marker_dag.py took 0.286 seconds
[2022-12-31T22:28:19.447+0700] {processor.py:153} INFO - Started process (PID=50578) to work on /home/dmk/anaconda3/envs/airflow/lib/python3.7/site-packages/airflow/example_dags/example_external_task_marker_dag.py
[2022-12-31T22:28:19.451+0700] {processor.py:743} INFO - Processing file /home/dmk/anaconda3/envs/airflow/lib/python3.7/site-packages/airflow/example_dags/example_external_task_marker_dag.py for tasks to queue
[2022-12-31T22:28:19.453+0700] {logging_mixin.py:137} INFO - [2022-12-31T22:28:19.453+0700] {dagbag.py:538} INFO - Filling up the DagBag from /home/dmk/anaconda3/envs/airflow/lib/python3.7/site-packages/airflow/example_dags/example_external_task_marker_dag.py
[2022-12-31T22:28:19.587+0700] {processor.py:753} INFO - DAG(s) dict_keys(['example_external_task_marker_child', 'example_external_task_marker_parent']) retrieved from /home/dmk/anaconda3/envs/airflow/lib/python3.7/site-packages/airflow/example_dags/example_external_task_marker_dag.py
[2022-12-31T22:28:19.607+0700] {logging_mixin.py:137} INFO - [2022-12-31T22:28:19.606+0700] {dag.py:2676} INFO - Sync 2 DAGs
[2022-12-31T22:28:19.626+0700] {logging_mixin.py:137} INFO - [2022-12-31T22:28:19.626+0700] {dag.py:3427} INFO - Setting next_dagrun for example_external_task_marker_child to None, run_after=None
[2022-12-31T22:28:19.629+0700] {logging_mixin.py:137} INFO - [2022-12-31T22:28:19.629+0700] {dag.py:3427} INFO - Setting next_dagrun for example_external_task_marker_parent to None, run_after=None
[2022-12-31T22:28:19.666+0700] {processor.py:175} INFO - Processing /home/dmk/anaconda3/envs/airflow/lib/python3.7/site-packages/airflow/example_dags/example_external_task_marker_dag.py took 0.227 seconds
[2022-12-31T22:29:07.536+0700] {processor.py:153} INFO - Started process (PID=50670) to work on /home/dmk/anaconda3/envs/airflow/lib/python3.7/site-packages/airflow/example_dags/example_external_task_marker_dag.py
[2022-12-31T22:29:07.541+0700] {processor.py:743} INFO - Processing file /home/dmk/anaconda3/envs/airflow/lib/python3.7/site-packages/airflow/example_dags/example_external_task_marker_dag.py for tasks to queue
[2022-12-31T22:29:07.545+0700] {logging_mixin.py:137} INFO - [2022-12-31T22:29:07.545+0700] {dagbag.py:538} INFO - Filling up the DagBag from /home/dmk/anaconda3/envs/airflow/lib/python3.7/site-packages/airflow/example_dags/example_external_task_marker_dag.py
[2022-12-31T22:29:07.580+0700] {processor.py:753} INFO - DAG(s) dict_keys(['example_external_task_marker_child', 'example_external_task_marker_parent']) retrieved from /home/dmk/anaconda3/envs/airflow/lib/python3.7/site-packages/airflow/example_dags/example_external_task_marker_dag.py
[2022-12-31T22:29:07.608+0700] {logging_mixin.py:137} INFO - [2022-12-31T22:29:07.608+0700] {dag.py:2676} INFO - Sync 2 DAGs
[2022-12-31T22:29:07.630+0700] {logging_mixin.py:137} INFO - [2022-12-31T22:29:07.630+0700] {dag.py:3427} INFO - Setting next_dagrun for example_external_task_marker_child to None, run_after=None
[2022-12-31T22:29:07.633+0700] {logging_mixin.py:137} INFO - [2022-12-31T22:29:07.633+0700] {dag.py:3427} INFO - Setting next_dagrun for example_external_task_marker_parent to None, run_after=None
[2022-12-31T22:29:07.692+0700] {processor.py:175} INFO - Processing /home/dmk/anaconda3/envs/airflow/lib/python3.7/site-packages/airflow/example_dags/example_external_task_marker_dag.py took 0.168 seconds
[2022-12-31T22:29:53.329+0700] {processor.py:153} INFO - Started process (PID=51275) to work on /home/dmk/anaconda3/envs/airflow/lib/python3.7/site-packages/airflow/example_dags/example_external_task_marker_dag.py
[2022-12-31T22:29:53.332+0700] {processor.py:743} INFO - Processing file /home/dmk/anaconda3/envs/airflow/lib/python3.7/site-packages/airflow/example_dags/example_external_task_marker_dag.py for tasks to queue
[2022-12-31T22:29:53.333+0700] {logging_mixin.py:137} INFO - [2022-12-31T22:29:53.332+0700] {dagbag.py:538} INFO - Filling up the DagBag from /home/dmk/anaconda3/envs/airflow/lib/python3.7/site-packages/airflow/example_dags/example_external_task_marker_dag.py
[2022-12-31T22:29:53.350+0700] {processor.py:753} INFO - DAG(s) dict_keys(['example_external_task_marker_parent', 'example_external_task_marker_child']) retrieved from /home/dmk/anaconda3/envs/airflow/lib/python3.7/site-packages/airflow/example_dags/example_external_task_marker_dag.py
[2022-12-31T22:29:53.373+0700] {logging_mixin.py:137} INFO - [2022-12-31T22:29:53.373+0700] {dag.py:2676} INFO - Sync 2 DAGs
[2022-12-31T22:29:53.395+0700] {logging_mixin.py:137} INFO - [2022-12-31T22:29:53.395+0700] {dag.py:3427} INFO - Setting next_dagrun for example_external_task_marker_child to None, run_after=None
[2022-12-31T22:29:53.398+0700] {logging_mixin.py:137} INFO - [2022-12-31T22:29:53.397+0700] {dag.py:3427} INFO - Setting next_dagrun for example_external_task_marker_parent to None, run_after=None
[2022-12-31T22:29:53.426+0700] {processor.py:175} INFO - Processing /home/dmk/anaconda3/envs/airflow/lib/python3.7/site-packages/airflow/example_dags/example_external_task_marker_dag.py took 0.102 seconds
[2022-12-31T22:30:41.118+0700] {processor.py:153} INFO - Started process (PID=51589) to work on /home/dmk/anaconda3/envs/airflow/lib/python3.7/site-packages/airflow/example_dags/example_external_task_marker_dag.py
[2022-12-31T22:30:41.122+0700] {processor.py:743} INFO - Processing file /home/dmk/anaconda3/envs/airflow/lib/python3.7/site-packages/airflow/example_dags/example_external_task_marker_dag.py for tasks to queue
[2022-12-31T22:30:41.122+0700] {logging_mixin.py:137} INFO - [2022-12-31T22:30:41.122+0700] {dagbag.py:538} INFO - Filling up the DagBag from /home/dmk/anaconda3/envs/airflow/lib/python3.7/site-packages/airflow/example_dags/example_external_task_marker_dag.py
[2022-12-31T22:30:41.134+0700] {processor.py:753} INFO - DAG(s) dict_keys(['example_external_task_marker_parent', 'example_external_task_marker_child']) retrieved from /home/dmk/anaconda3/envs/airflow/lib/python3.7/site-packages/airflow/example_dags/example_external_task_marker_dag.py
[2022-12-31T22:30:41.159+0700] {logging_mixin.py:137} INFO - [2022-12-31T22:30:41.159+0700] {dag.py:2676} INFO - Sync 2 DAGs
[2022-12-31T22:30:41.180+0700] {logging_mixin.py:137} INFO - [2022-12-31T22:30:41.180+0700] {dag.py:3427} INFO - Setting next_dagrun for example_external_task_marker_child to None, run_after=None
[2022-12-31T22:30:41.183+0700] {logging_mixin.py:137} INFO - [2022-12-31T22:30:41.183+0700] {dag.py:3427} INFO - Setting next_dagrun for example_external_task_marker_parent to None, run_after=None
[2022-12-31T22:30:41.219+0700] {processor.py:175} INFO - Processing /home/dmk/anaconda3/envs/airflow/lib/python3.7/site-packages/airflow/example_dags/example_external_task_marker_dag.py took 0.106 seconds
[2022-12-31T22:31:29.204+0700] {processor.py:153} INFO - Started process (PID=51765) to work on /home/dmk/anaconda3/envs/airflow/lib/python3.7/site-packages/airflow/example_dags/example_external_task_marker_dag.py
[2022-12-31T22:31:29.209+0700] {processor.py:743} INFO - Processing file /home/dmk/anaconda3/envs/airflow/lib/python3.7/site-packages/airflow/example_dags/example_external_task_marker_dag.py for tasks to queue
[2022-12-31T22:31:29.210+0700] {logging_mixin.py:137} INFO - [2022-12-31T22:31:29.210+0700] {dagbag.py:538} INFO - Filling up the DagBag from /home/dmk/anaconda3/envs/airflow/lib/python3.7/site-packages/airflow/example_dags/example_external_task_marker_dag.py
[2022-12-31T22:31:29.233+0700] {processor.py:753} INFO - DAG(s) dict_keys(['example_external_task_marker_parent', 'example_external_task_marker_child']) retrieved from /home/dmk/anaconda3/envs/airflow/lib/python3.7/site-packages/airflow/example_dags/example_external_task_marker_dag.py
[2022-12-31T22:31:29.273+0700] {logging_mixin.py:137} INFO - [2022-12-31T22:31:29.272+0700] {dag.py:2676} INFO - Sync 2 DAGs
[2022-12-31T22:31:29.318+0700] {logging_mixin.py:137} INFO - [2022-12-31T22:31:29.317+0700] {dag.py:3427} INFO - Setting next_dagrun for example_external_task_marker_child to None, run_after=None
[2022-12-31T22:31:29.325+0700] {logging_mixin.py:137} INFO - [2022-12-31T22:31:29.324+0700] {dag.py:3427} INFO - Setting next_dagrun for example_external_task_marker_parent to None, run_after=None
[2022-12-31T22:31:29.368+0700] {processor.py:175} INFO - Processing /home/dmk/anaconda3/envs/airflow/lib/python3.7/site-packages/airflow/example_dags/example_external_task_marker_dag.py took 0.166 seconds
[2022-12-31T22:32:17.252+0700] {processor.py:153} INFO - Started process (PID=51857) to work on /home/dmk/anaconda3/envs/airflow/lib/python3.7/site-packages/airflow/example_dags/example_external_task_marker_dag.py
[2022-12-31T22:32:17.262+0700] {processor.py:743} INFO - Processing file /home/dmk/anaconda3/envs/airflow/lib/python3.7/site-packages/airflow/example_dags/example_external_task_marker_dag.py for tasks to queue
[2022-12-31T22:32:17.263+0700] {logging_mixin.py:137} INFO - [2022-12-31T22:32:17.263+0700] {dagbag.py:538} INFO - Filling up the DagBag from /home/dmk/anaconda3/envs/airflow/lib/python3.7/site-packages/airflow/example_dags/example_external_task_marker_dag.py
[2022-12-31T22:32:17.282+0700] {processor.py:753} INFO - DAG(s) dict_keys(['example_external_task_marker_parent', 'example_external_task_marker_child']) retrieved from /home/dmk/anaconda3/envs/airflow/lib/python3.7/site-packages/airflow/example_dags/example_external_task_marker_dag.py
[2022-12-31T22:32:17.317+0700] {logging_mixin.py:137} INFO - [2022-12-31T22:32:17.317+0700] {dag.py:2676} INFO - Sync 2 DAGs
[2022-12-31T22:32:17.340+0700] {logging_mixin.py:137} INFO - [2022-12-31T22:32:17.340+0700] {dag.py:3427} INFO - Setting next_dagrun for example_external_task_marker_child to None, run_after=None
[2022-12-31T22:32:17.346+0700] {logging_mixin.py:137} INFO - [2022-12-31T22:32:17.345+0700] {dag.py:3427} INFO - Setting next_dagrun for example_external_task_marker_parent to None, run_after=None
[2022-12-31T22:32:17.370+0700] {processor.py:175} INFO - Processing /home/dmk/anaconda3/envs/airflow/lib/python3.7/site-packages/airflow/example_dags/example_external_task_marker_dag.py took 0.124 seconds
