[2022-12-31T20:53:35.892+0700] {processor.py:153} INFO - Started process (PID=11468) to work on /home/dmk/anaconda3/lib/python3.9/site-packages/airflow/example_dags/example_branch_python_dop_operator_3.py
[2022-12-31T20:53:35.893+0700] {processor.py:743} INFO - Processing file /home/dmk/anaconda3/lib/python3.9/site-packages/airflow/example_dags/example_branch_python_dop_operator_3.py for tasks to queue
[2022-12-31T20:53:35.894+0700] {logging_mixin.py:137} INFO - [2022-12-31T20:53:35.894+0700] {dagbag.py:538} INFO - Filling up the DagBag from /home/dmk/anaconda3/lib/python3.9/site-packages/airflow/example_dags/example_branch_python_dop_operator_3.py
[2022-12-31T20:53:35.923+0700] {processor.py:753} INFO - DAG(s) dict_keys(['example_branch_dop_operator_v3']) retrieved from /home/dmk/anaconda3/lib/python3.9/site-packages/airflow/example_dags/example_branch_python_dop_operator_3.py
[2022-12-31T20:53:36.104+0700] {logging_mixin.py:137} INFO - [2022-12-31T20:53:36.104+0700] {dag.py:2676} INFO - Sync 1 DAGs
[2022-12-31T20:53:36.125+0700] {logging_mixin.py:137} INFO - [2022-12-31T20:53:36.125+0700] {dag.py:3423} INFO - Setting next_dagrun for example_branch_dop_operator_v3 to 2022-12-31T13:52:00+00:00, run_after=2022-12-31T13:53:00+00:00
[2022-12-31T20:53:36.155+0700] {processor.py:175} INFO - Processing /home/dmk/anaconda3/lib/python3.9/site-packages/airflow/example_dags/example_branch_python_dop_operator_3.py took 0.265 seconds
[2022-12-31T20:55:27.302+0700] {processor.py:153} INFO - Started process (PID=12003) to work on /home/dmk/anaconda3/lib/python3.9/site-packages/airflow/example_dags/example_branch_python_dop_operator_3.py
[2022-12-31T20:55:27.306+0700] {processor.py:743} INFO - Processing file /home/dmk/anaconda3/lib/python3.9/site-packages/airflow/example_dags/example_branch_python_dop_operator_3.py for tasks to queue
[2022-12-31T20:55:27.306+0700] {logging_mixin.py:137} INFO - [2022-12-31T20:55:27.306+0700] {dagbag.py:538} INFO - Filling up the DagBag from /home/dmk/anaconda3/lib/python3.9/site-packages/airflow/example_dags/example_branch_python_dop_operator_3.py
[2022-12-31T20:55:27.337+0700] {processor.py:753} INFO - DAG(s) dict_keys(['example_branch_dop_operator_v3']) retrieved from /home/dmk/anaconda3/lib/python3.9/site-packages/airflow/example_dags/example_branch_python_dop_operator_3.py
[2022-12-31T20:55:27.488+0700] {logging_mixin.py:137} INFO - [2022-12-31T20:55:27.488+0700] {dag.py:2676} INFO - Sync 1 DAGs
[2022-12-31T20:55:27.511+0700] {logging_mixin.py:137} INFO - [2022-12-31T20:55:27.511+0700] {dag.py:3423} INFO - Setting next_dagrun for example_branch_dop_operator_v3 to 2022-12-31T13:54:00+00:00, run_after=2022-12-31T13:55:00+00:00
[2022-12-31T20:55:27.540+0700] {processor.py:175} INFO - Processing /home/dmk/anaconda3/lib/python3.9/site-packages/airflow/example_dags/example_branch_python_dop_operator_3.py took 0.241 seconds
[2022-12-31T20:56:36.026+0700] {processor.py:153} INFO - Started process (PID=12252) to work on /home/dmk/anaconda3/lib/python3.9/site-packages/airflow/example_dags/example_branch_python_dop_operator_3.py
[2022-12-31T20:56:36.030+0700] {processor.py:743} INFO - Processing file /home/dmk/anaconda3/lib/python3.9/site-packages/airflow/example_dags/example_branch_python_dop_operator_3.py for tasks to queue
[2022-12-31T20:56:36.031+0700] {logging_mixin.py:137} INFO - [2022-12-31T20:56:36.030+0700] {dagbag.py:538} INFO - Filling up the DagBag from /home/dmk/anaconda3/lib/python3.9/site-packages/airflow/example_dags/example_branch_python_dop_operator_3.py
[2022-12-31T20:56:36.061+0700] {processor.py:753} INFO - DAG(s) dict_keys(['example_branch_dop_operator_v3']) retrieved from /home/dmk/anaconda3/lib/python3.9/site-packages/airflow/example_dags/example_branch_python_dop_operator_3.py
[2022-12-31T20:56:36.218+0700] {logging_mixin.py:137} INFO - [2022-12-31T20:56:36.217+0700] {dag.py:2676} INFO - Sync 1 DAGs
[2022-12-31T20:56:36.245+0700] {logging_mixin.py:137} INFO - [2022-12-31T20:56:36.245+0700] {dag.py:3423} INFO - Setting next_dagrun for example_branch_dop_operator_v3 to 2022-12-31T13:55:00+00:00, run_after=2022-12-31T13:56:00+00:00
[2022-12-31T20:56:36.274+0700] {processor.py:175} INFO - Processing /home/dmk/anaconda3/lib/python3.9/site-packages/airflow/example_dags/example_branch_python_dop_operator_3.py took 0.250 seconds
[2022-12-31T20:58:01.935+0700] {processor.py:153} INFO - Started process (PID=12824) to work on /home/dmk/anaconda3/lib/python3.9/site-packages/airflow/example_dags/example_branch_python_dop_operator_3.py
[2022-12-31T20:58:01.940+0700] {processor.py:743} INFO - Processing file /home/dmk/anaconda3/lib/python3.9/site-packages/airflow/example_dags/example_branch_python_dop_operator_3.py for tasks to queue
[2022-12-31T20:58:01.941+0700] {logging_mixin.py:137} INFO - [2022-12-31T20:58:01.941+0700] {dagbag.py:538} INFO - Filling up the DagBag from /home/dmk/anaconda3/lib/python3.9/site-packages/airflow/example_dags/example_branch_python_dop_operator_3.py
[2022-12-31T20:58:02.066+0700] {processor.py:753} INFO - DAG(s) dict_keys(['example_branch_dop_operator_v3']) retrieved from /home/dmk/anaconda3/lib/python3.9/site-packages/airflow/example_dags/example_branch_python_dop_operator_3.py
[2022-12-31T20:58:02.087+0700] {logging_mixin.py:137} INFO - [2022-12-31T20:58:02.087+0700] {dag.py:2676} INFO - Sync 1 DAGs
[2022-12-31T20:58:02.109+0700] {logging_mixin.py:137} INFO - [2022-12-31T20:58:02.109+0700] {dag.py:3423} INFO - Setting next_dagrun for example_branch_dop_operator_v3 to 2022-12-31T13:57:00+00:00, run_after=2022-12-31T13:58:00+00:00
[2022-12-31T20:58:02.129+0700] {processor.py:175} INFO - Processing /home/dmk/anaconda3/lib/python3.9/site-packages/airflow/example_dags/example_branch_python_dop_operator_3.py took 0.202 seconds
[2022-12-31T20:58:57.645+0700] {processor.py:153} INFO - Started process (PID=13038) to work on /home/dmk/anaconda3/lib/python3.9/site-packages/airflow/example_dags/example_branch_python_dop_operator_3.py
[2022-12-31T20:58:57.647+0700] {processor.py:743} INFO - Processing file /home/dmk/anaconda3/lib/python3.9/site-packages/airflow/example_dags/example_branch_python_dop_operator_3.py for tasks to queue
[2022-12-31T20:58:57.647+0700] {logging_mixin.py:137} INFO - [2022-12-31T20:58:57.647+0700] {dagbag.py:538} INFO - Filling up the DagBag from /home/dmk/anaconda3/lib/python3.9/site-packages/airflow/example_dags/example_branch_python_dop_operator_3.py
[2022-12-31T20:58:57.668+0700] {processor.py:753} INFO - DAG(s) dict_keys(['example_branch_dop_operator_v3']) retrieved from /home/dmk/anaconda3/lib/python3.9/site-packages/airflow/example_dags/example_branch_python_dop_operator_3.py
[2022-12-31T20:58:57.692+0700] {logging_mixin.py:137} INFO - [2022-12-31T20:58:57.692+0700] {dag.py:2676} INFO - Sync 1 DAGs
[2022-12-31T20:58:57.713+0700] {logging_mixin.py:137} INFO - [2022-12-31T20:58:57.713+0700] {dag.py:3423} INFO - Setting next_dagrun for example_branch_dop_operator_v3 to 2022-12-31T13:57:00+00:00, run_after=2022-12-31T13:58:00+00:00
[2022-12-31T20:58:57.733+0700] {processor.py:175} INFO - Processing /home/dmk/anaconda3/lib/python3.9/site-packages/airflow/example_dags/example_branch_python_dop_operator_3.py took 0.193 seconds
[2022-12-31T21:00:15.295+0700] {processor.py:153} INFO - Started process (PID=14846) to work on /home/dmk/anaconda3/lib/python3.9/site-packages/airflow/example_dags/example_branch_python_dop_operator_3.py
[2022-12-31T21:00:15.301+0700] {processor.py:743} INFO - Processing file /home/dmk/anaconda3/lib/python3.9/site-packages/airflow/example_dags/example_branch_python_dop_operator_3.py for tasks to queue
[2022-12-31T21:00:15.304+0700] {logging_mixin.py:137} INFO - [2022-12-31T21:00:15.303+0700] {dagbag.py:538} INFO - Filling up the DagBag from /home/dmk/anaconda3/lib/python3.9/site-packages/airflow/example_dags/example_branch_python_dop_operator_3.py
[2022-12-31T21:00:15.356+0700] {processor.py:753} INFO - DAG(s) dict_keys(['example_branch_dop_operator_v3']) retrieved from /home/dmk/anaconda3/lib/python3.9/site-packages/airflow/example_dags/example_branch_python_dop_operator_3.py
[2022-12-31T21:00:15.392+0700] {logging_mixin.py:137} INFO - [2022-12-31T21:00:15.391+0700] {dag.py:2676} INFO - Sync 1 DAGs
[2022-12-31T21:00:15.419+0700] {logging_mixin.py:137} INFO - [2022-12-31T21:00:15.419+0700] {dag.py:3423} INFO - Setting next_dagrun for example_branch_dop_operator_v3 to 2022-12-31T13:59:00+00:00, run_after=2022-12-31T14:00:00+00:00
[2022-12-31T21:00:15.446+0700] {processor.py:175} INFO - Processing /home/dmk/anaconda3/lib/python3.9/site-packages/airflow/example_dags/example_branch_python_dop_operator_3.py took 0.162 seconds
[2022-12-31T21:01:19.590+0700] {processor.py:153} INFO - Started process (PID=15973) to work on /home/dmk/anaconda3/lib/python3.9/site-packages/airflow/example_dags/example_branch_python_dop_operator_3.py
[2022-12-31T21:01:19.592+0700] {processor.py:743} INFO - Processing file /home/dmk/anaconda3/lib/python3.9/site-packages/airflow/example_dags/example_branch_python_dop_operator_3.py for tasks to queue
[2022-12-31T21:01:19.593+0700] {logging_mixin.py:137} INFO - [2022-12-31T21:01:19.592+0700] {dagbag.py:538} INFO - Filling up the DagBag from /home/dmk/anaconda3/lib/python3.9/site-packages/airflow/example_dags/example_branch_python_dop_operator_3.py
[2022-12-31T21:01:19.618+0700] {processor.py:753} INFO - DAG(s) dict_keys(['example_branch_dop_operator_v3']) retrieved from /home/dmk/anaconda3/lib/python3.9/site-packages/airflow/example_dags/example_branch_python_dop_operator_3.py
[2022-12-31T21:01:19.644+0700] {logging_mixin.py:137} INFO - [2022-12-31T21:01:19.644+0700] {dag.py:2676} INFO - Sync 1 DAGs
[2022-12-31T21:01:19.670+0700] {logging_mixin.py:137} INFO - [2022-12-31T21:01:19.670+0700] {dag.py:3423} INFO - Setting next_dagrun for example_branch_dop_operator_v3 to 2022-12-31T14:00:00+00:00, run_after=2022-12-31T14:01:00+00:00
[2022-12-31T21:01:19.699+0700] {processor.py:175} INFO - Processing /home/dmk/anaconda3/lib/python3.9/site-packages/airflow/example_dags/example_branch_python_dop_operator_3.py took 0.111 seconds
[2022-12-31T21:02:12.326+0700] {processor.py:153} INFO - Started process (PID=16293) to work on /home/dmk/anaconda3/lib/python3.9/site-packages/airflow/example_dags/example_branch_python_dop_operator_3.py
[2022-12-31T21:02:12.332+0700] {processor.py:743} INFO - Processing file /home/dmk/anaconda3/lib/python3.9/site-packages/airflow/example_dags/example_branch_python_dop_operator_3.py for tasks to queue
[2022-12-31T21:02:12.335+0700] {logging_mixin.py:137} INFO - [2022-12-31T21:02:12.334+0700] {dagbag.py:538} INFO - Filling up the DagBag from /home/dmk/anaconda3/lib/python3.9/site-packages/airflow/example_dags/example_branch_python_dop_operator_3.py
[2022-12-31T21:02:12.372+0700] {processor.py:753} INFO - DAG(s) dict_keys(['example_branch_dop_operator_v3']) retrieved from /home/dmk/anaconda3/lib/python3.9/site-packages/airflow/example_dags/example_branch_python_dop_operator_3.py
[2022-12-31T21:02:12.397+0700] {logging_mixin.py:137} INFO - [2022-12-31T21:02:12.397+0700] {dag.py:2676} INFO - Sync 1 DAGs
[2022-12-31T21:02:12.419+0700] {logging_mixin.py:137} INFO - [2022-12-31T21:02:12.419+0700] {dag.py:3423} INFO - Setting next_dagrun for example_branch_dop_operator_v3 to 2022-12-31T14:01:00+00:00, run_after=2022-12-31T14:02:00+00:00
[2022-12-31T21:02:12.447+0700] {processor.py:175} INFO - Processing /home/dmk/anaconda3/lib/python3.9/site-packages/airflow/example_dags/example_branch_python_dop_operator_3.py took 0.131 seconds
[2022-12-31T21:04:07.562+0700] {processor.py:153} INFO - Started process (PID=17089) to work on /home/dmk/anaconda3/lib/python3.9/site-packages/airflow/example_dags/example_branch_python_dop_operator_3.py
[2022-12-31T21:04:07.565+0700] {processor.py:743} INFO - Processing file /home/dmk/anaconda3/lib/python3.9/site-packages/airflow/example_dags/example_branch_python_dop_operator_3.py for tasks to queue
[2022-12-31T21:04:07.567+0700] {logging_mixin.py:137} INFO - [2022-12-31T21:04:07.566+0700] {dagbag.py:538} INFO - Filling up the DagBag from /home/dmk/anaconda3/lib/python3.9/site-packages/airflow/example_dags/example_branch_python_dop_operator_3.py
[2022-12-31T21:04:07.615+0700] {processor.py:753} INFO - DAG(s) dict_keys(['example_branch_dop_operator_v3']) retrieved from /home/dmk/anaconda3/lib/python3.9/site-packages/airflow/example_dags/example_branch_python_dop_operator_3.py
[2022-12-31T21:04:07.817+0700] {logging_mixin.py:137} INFO - [2022-12-31T21:04:07.817+0700] {dag.py:2676} INFO - Sync 1 DAGs
[2022-12-31T21:04:07.841+0700] {logging_mixin.py:137} INFO - [2022-12-31T21:04:07.840+0700] {dag.py:3423} INFO - Setting next_dagrun for example_branch_dop_operator_v3 to 2022-12-31T14:03:00+00:00, run_after=2022-12-31T14:04:00+00:00
[2022-12-31T21:04:07.870+0700] {processor.py:175} INFO - Processing /home/dmk/anaconda3/lib/python3.9/site-packages/airflow/example_dags/example_branch_python_dop_operator_3.py took 0.318 seconds
[2022-12-31T21:05:03.565+0700] {processor.py:153} INFO - Started process (PID=17849) to work on /home/dmk/anaconda3/lib/python3.9/site-packages/airflow/example_dags/example_branch_python_dop_operator_3.py
[2022-12-31T21:05:03.570+0700] {processor.py:743} INFO - Processing file /home/dmk/anaconda3/lib/python3.9/site-packages/airflow/example_dags/example_branch_python_dop_operator_3.py for tasks to queue
[2022-12-31T21:05:03.572+0700] {logging_mixin.py:137} INFO - [2022-12-31T21:05:03.572+0700] {dagbag.py:538} INFO - Filling up the DagBag from /home/dmk/anaconda3/lib/python3.9/site-packages/airflow/example_dags/example_branch_python_dop_operator_3.py
[2022-12-31T21:05:03.607+0700] {processor.py:753} INFO - DAG(s) dict_keys(['example_branch_dop_operator_v3']) retrieved from /home/dmk/anaconda3/lib/python3.9/site-packages/airflow/example_dags/example_branch_python_dop_operator_3.py
[2022-12-31T21:05:03.753+0700] {logging_mixin.py:137} INFO - [2022-12-31T21:05:03.753+0700] {dag.py:2676} INFO - Sync 1 DAGs
[2022-12-31T21:05:03.776+0700] {logging_mixin.py:137} INFO - [2022-12-31T21:05:03.776+0700] {dag.py:3423} INFO - Setting next_dagrun for example_branch_dop_operator_v3 to 2022-12-31T14:04:00+00:00, run_after=2022-12-31T14:05:00+00:00
[2022-12-31T21:05:03.803+0700] {processor.py:175} INFO - Processing /home/dmk/anaconda3/lib/python3.9/site-packages/airflow/example_dags/example_branch_python_dop_operator_3.py took 0.246 seconds
[2022-12-31T21:06:27.731+0700] {processor.py:153} INFO - Started process (PID=18451) to work on /home/dmk/anaconda3/lib/python3.9/site-packages/airflow/example_dags/example_branch_python_dop_operator_3.py
[2022-12-31T21:06:27.736+0700] {processor.py:743} INFO - Processing file /home/dmk/anaconda3/lib/python3.9/site-packages/airflow/example_dags/example_branch_python_dop_operator_3.py for tasks to queue
[2022-12-31T21:06:27.736+0700] {logging_mixin.py:137} INFO - [2022-12-31T21:06:27.736+0700] {dagbag.py:538} INFO - Filling up the DagBag from /home/dmk/anaconda3/lib/python3.9/site-packages/airflow/example_dags/example_branch_python_dop_operator_3.py
[2022-12-31T21:06:27.765+0700] {processor.py:753} INFO - DAG(s) dict_keys(['example_branch_dop_operator_v3']) retrieved from /home/dmk/anaconda3/lib/python3.9/site-packages/airflow/example_dags/example_branch_python_dop_operator_3.py
[2022-12-31T21:06:27.994+0700] {logging_mixin.py:137} INFO - [2022-12-31T21:06:27.994+0700] {dag.py:2676} INFO - Sync 1 DAGs
[2022-12-31T21:06:28.025+0700] {logging_mixin.py:137} INFO - [2022-12-31T21:06:28.025+0700] {dag.py:3423} INFO - Setting next_dagrun for example_branch_dop_operator_v3 to 2022-12-31T14:05:00+00:00, run_after=2022-12-31T14:06:00+00:00
[2022-12-31T21:06:28.060+0700] {processor.py:175} INFO - Processing /home/dmk/anaconda3/lib/python3.9/site-packages/airflow/example_dags/example_branch_python_dop_operator_3.py took 0.332 seconds
[2022-12-31T21:07:18.474+0700] {processor.py:153} INFO - Started process (PID=18653) to work on /home/dmk/anaconda3/lib/python3.9/site-packages/airflow/example_dags/example_branch_python_dop_operator_3.py
[2022-12-31T21:07:18.478+0700] {processor.py:743} INFO - Processing file /home/dmk/anaconda3/lib/python3.9/site-packages/airflow/example_dags/example_branch_python_dop_operator_3.py for tasks to queue
[2022-12-31T21:07:18.480+0700] {logging_mixin.py:137} INFO - [2022-12-31T21:07:18.479+0700] {dagbag.py:538} INFO - Filling up the DagBag from /home/dmk/anaconda3/lib/python3.9/site-packages/airflow/example_dags/example_branch_python_dop_operator_3.py
[2022-12-31T21:07:18.625+0700] {processor.py:753} INFO - DAG(s) dict_keys(['example_branch_dop_operator_v3']) retrieved from /home/dmk/anaconda3/lib/python3.9/site-packages/airflow/example_dags/example_branch_python_dop_operator_3.py
[2022-12-31T21:07:18.647+0700] {logging_mixin.py:137} INFO - [2022-12-31T21:07:18.647+0700] {dag.py:2676} INFO - Sync 1 DAGs
[2022-12-31T21:07:18.670+0700] {logging_mixin.py:137} INFO - [2022-12-31T21:07:18.670+0700] {dag.py:3423} INFO - Setting next_dagrun for example_branch_dop_operator_v3 to 2022-12-31T14:06:00+00:00, run_after=2022-12-31T14:07:00+00:00
[2022-12-31T21:07:18.692+0700] {processor.py:175} INFO - Processing /home/dmk/anaconda3/lib/python3.9/site-packages/airflow/example_dags/example_branch_python_dop_operator_3.py took 0.221 seconds
[2022-12-31T21:08:32.472+0700] {processor.py:153} INFO - Started process (PID=18912) to work on /home/dmk/anaconda3/lib/python3.9/site-packages/airflow/example_dags/example_branch_python_dop_operator_3.py
[2022-12-31T21:08:32.478+0700] {processor.py:743} INFO - Processing file /home/dmk/anaconda3/lib/python3.9/site-packages/airflow/example_dags/example_branch_python_dop_operator_3.py for tasks to queue
[2022-12-31T21:08:32.479+0700] {logging_mixin.py:137} INFO - [2022-12-31T21:08:32.479+0700] {dagbag.py:538} INFO - Filling up the DagBag from /home/dmk/anaconda3/lib/python3.9/site-packages/airflow/example_dags/example_branch_python_dop_operator_3.py
[2022-12-31T21:08:32.525+0700] {processor.py:753} INFO - DAG(s) dict_keys(['example_branch_dop_operator_v3']) retrieved from /home/dmk/anaconda3/lib/python3.9/site-packages/airflow/example_dags/example_branch_python_dop_operator_3.py
[2022-12-31T21:08:32.550+0700] {logging_mixin.py:137} INFO - [2022-12-31T21:08:32.550+0700] {dag.py:2676} INFO - Sync 1 DAGs
[2022-12-31T21:08:32.571+0700] {logging_mixin.py:137} INFO - [2022-12-31T21:08:32.571+0700] {dag.py:3423} INFO - Setting next_dagrun for example_branch_dop_operator_v3 to 2022-12-31T14:07:00+00:00, run_after=2022-12-31T14:08:00+00:00
[2022-12-31T21:08:32.600+0700] {processor.py:175} INFO - Processing /home/dmk/anaconda3/lib/python3.9/site-packages/airflow/example_dags/example_branch_python_dop_operator_3.py took 0.135 seconds
[2022-12-31T21:09:48.054+0700] {processor.py:153} INFO - Started process (PID=19841) to work on /home/dmk/anaconda3/lib/python3.9/site-packages/airflow/example_dags/example_branch_python_dop_operator_3.py
[2022-12-31T21:09:48.058+0700] {processor.py:743} INFO - Processing file /home/dmk/anaconda3/lib/python3.9/site-packages/airflow/example_dags/example_branch_python_dop_operator_3.py for tasks to queue
[2022-12-31T21:09:48.058+0700] {logging_mixin.py:137} INFO - [2022-12-31T21:09:48.058+0700] {dagbag.py:538} INFO - Filling up the DagBag from /home/dmk/anaconda3/lib/python3.9/site-packages/airflow/example_dags/example_branch_python_dop_operator_3.py
[2022-12-31T21:09:48.081+0700] {processor.py:753} INFO - DAG(s) dict_keys(['example_branch_dop_operator_v3']) retrieved from /home/dmk/anaconda3/lib/python3.9/site-packages/airflow/example_dags/example_branch_python_dop_operator_3.py
[2022-12-31T21:09:48.106+0700] {logging_mixin.py:137} INFO - [2022-12-31T21:09:48.106+0700] {dag.py:2676} INFO - Sync 1 DAGs
[2022-12-31T21:09:48.127+0700] {logging_mixin.py:137} INFO - [2022-12-31T21:09:48.127+0700] {dag.py:3423} INFO - Setting next_dagrun for example_branch_dop_operator_v3 to 2022-12-31T14:08:00+00:00, run_after=2022-12-31T14:09:00+00:00
[2022-12-31T21:09:48.150+0700] {processor.py:175} INFO - Processing /home/dmk/anaconda3/lib/python3.9/site-packages/airflow/example_dags/example_branch_python_dop_operator_3.py took 0.098 seconds
[2022-12-31T21:10:37.674+0700] {processor.py:153} INFO - Started process (PID=20070) to work on /home/dmk/anaconda3/lib/python3.9/site-packages/airflow/example_dags/example_branch_python_dop_operator_3.py
[2022-12-31T21:10:37.677+0700] {processor.py:743} INFO - Processing file /home/dmk/anaconda3/lib/python3.9/site-packages/airflow/example_dags/example_branch_python_dop_operator_3.py for tasks to queue
[2022-12-31T21:10:37.678+0700] {logging_mixin.py:137} INFO - [2022-12-31T21:10:37.678+0700] {dagbag.py:538} INFO - Filling up the DagBag from /home/dmk/anaconda3/lib/python3.9/site-packages/airflow/example_dags/example_branch_python_dop_operator_3.py
[2022-12-31T21:10:37.712+0700] {processor.py:753} INFO - DAG(s) dict_keys(['example_branch_dop_operator_v3']) retrieved from /home/dmk/anaconda3/lib/python3.9/site-packages/airflow/example_dags/example_branch_python_dop_operator_3.py
[2022-12-31T21:10:37.738+0700] {logging_mixin.py:137} INFO - [2022-12-31T21:10:37.737+0700] {dag.py:2676} INFO - Sync 1 DAGs
[2022-12-31T21:10:37.759+0700] {logging_mixin.py:137} INFO - [2022-12-31T21:10:37.759+0700] {dag.py:3423} INFO - Setting next_dagrun for example_branch_dop_operator_v3 to 2022-12-31T14:09:00+00:00, run_after=2022-12-31T14:10:00+00:00
[2022-12-31T21:10:37.782+0700] {processor.py:175} INFO - Processing /home/dmk/anaconda3/lib/python3.9/site-packages/airflow/example_dags/example_branch_python_dop_operator_3.py took 0.113 seconds
[2022-12-31T21:11:28.778+0700] {processor.py:153} INFO - Started process (PID=20209) to work on /home/dmk/anaconda3/lib/python3.9/site-packages/airflow/example_dags/example_branch_python_dop_operator_3.py
[2022-12-31T21:11:28.782+0700] {processor.py:743} INFO - Processing file /home/dmk/anaconda3/lib/python3.9/site-packages/airflow/example_dags/example_branch_python_dop_operator_3.py for tasks to queue
[2022-12-31T21:11:28.783+0700] {logging_mixin.py:137} INFO - [2022-12-31T21:11:28.783+0700] {dagbag.py:538} INFO - Filling up the DagBag from /home/dmk/anaconda3/lib/python3.9/site-packages/airflow/example_dags/example_branch_python_dop_operator_3.py
[2022-12-31T21:11:28.820+0700] {processor.py:753} INFO - DAG(s) dict_keys(['example_branch_dop_operator_v3']) retrieved from /home/dmk/anaconda3/lib/python3.9/site-packages/airflow/example_dags/example_branch_python_dop_operator_3.py
[2022-12-31T21:11:28.844+0700] {logging_mixin.py:137} INFO - [2022-12-31T21:11:28.844+0700] {dag.py:2676} INFO - Sync 1 DAGs
[2022-12-31T21:11:28.866+0700] {logging_mixin.py:137} INFO - [2022-12-31T21:11:28.866+0700] {dag.py:3423} INFO - Setting next_dagrun for example_branch_dop_operator_v3 to 2022-12-31T14:10:00+00:00, run_after=2022-12-31T14:11:00+00:00
[2022-12-31T21:11:28.895+0700] {processor.py:175} INFO - Processing /home/dmk/anaconda3/lib/python3.9/site-packages/airflow/example_dags/example_branch_python_dop_operator_3.py took 0.124 seconds
[2022-12-31T21:12:41.720+0700] {processor.py:153} INFO - Started process (PID=20466) to work on /home/dmk/anaconda3/lib/python3.9/site-packages/airflow/example_dags/example_branch_python_dop_operator_3.py
[2022-12-31T21:12:41.724+0700] {processor.py:743} INFO - Processing file /home/dmk/anaconda3/lib/python3.9/site-packages/airflow/example_dags/example_branch_python_dop_operator_3.py for tasks to queue
[2022-12-31T21:12:41.725+0700] {logging_mixin.py:137} INFO - [2022-12-31T21:12:41.725+0700] {dagbag.py:538} INFO - Filling up the DagBag from /home/dmk/anaconda3/lib/python3.9/site-packages/airflow/example_dags/example_branch_python_dop_operator_3.py
[2022-12-31T21:12:41.755+0700] {processor.py:753} INFO - DAG(s) dict_keys(['example_branch_dop_operator_v3']) retrieved from /home/dmk/anaconda3/lib/python3.9/site-packages/airflow/example_dags/example_branch_python_dop_operator_3.py
[2022-12-31T21:12:41.780+0700] {logging_mixin.py:137} INFO - [2022-12-31T21:12:41.780+0700] {dag.py:2676} INFO - Sync 1 DAGs
[2022-12-31T21:12:41.801+0700] {logging_mixin.py:137} INFO - [2022-12-31T21:12:41.801+0700] {dag.py:3423} INFO - Setting next_dagrun for example_branch_dop_operator_v3 to 2022-12-31T14:11:00+00:00, run_after=2022-12-31T14:12:00+00:00
[2022-12-31T21:12:41.823+0700] {processor.py:175} INFO - Processing /home/dmk/anaconda3/lib/python3.9/site-packages/airflow/example_dags/example_branch_python_dop_operator_3.py took 0.110 seconds
[2022-12-31T21:13:34.441+0700] {processor.py:153} INFO - Started process (PID=20681) to work on /home/dmk/anaconda3/lib/python3.9/site-packages/airflow/example_dags/example_branch_python_dop_operator_3.py
[2022-12-31T21:13:34.446+0700] {processor.py:743} INFO - Processing file /home/dmk/anaconda3/lib/python3.9/site-packages/airflow/example_dags/example_branch_python_dop_operator_3.py for tasks to queue
[2022-12-31T21:13:34.447+0700] {logging_mixin.py:137} INFO - [2022-12-31T21:13:34.447+0700] {dagbag.py:538} INFO - Filling up the DagBag from /home/dmk/anaconda3/lib/python3.9/site-packages/airflow/example_dags/example_branch_python_dop_operator_3.py
[2022-12-31T21:13:34.483+0700] {processor.py:753} INFO - DAG(s) dict_keys(['example_branch_dop_operator_v3']) retrieved from /home/dmk/anaconda3/lib/python3.9/site-packages/airflow/example_dags/example_branch_python_dop_operator_3.py
[2022-12-31T21:13:34.508+0700] {logging_mixin.py:137} INFO - [2022-12-31T21:13:34.508+0700] {dag.py:2676} INFO - Sync 1 DAGs
[2022-12-31T21:13:34.529+0700] {logging_mixin.py:137} INFO - [2022-12-31T21:13:34.529+0700] {dag.py:3423} INFO - Setting next_dagrun for example_branch_dop_operator_v3 to 2022-12-31T14:12:00+00:00, run_after=2022-12-31T14:13:00+00:00
[2022-12-31T21:13:34.556+0700] {processor.py:175} INFO - Processing /home/dmk/anaconda3/lib/python3.9/site-packages/airflow/example_dags/example_branch_python_dop_operator_3.py took 0.122 seconds
[2022-12-31T21:14:24.301+0700] {processor.py:153} INFO - Started process (PID=21547) to work on /home/dmk/anaconda3/lib/python3.9/site-packages/airflow/example_dags/example_branch_python_dop_operator_3.py
[2022-12-31T21:14:24.306+0700] {processor.py:743} INFO - Processing file /home/dmk/anaconda3/lib/python3.9/site-packages/airflow/example_dags/example_branch_python_dop_operator_3.py for tasks to queue
[2022-12-31T21:14:24.307+0700] {logging_mixin.py:137} INFO - [2022-12-31T21:14:24.307+0700] {dagbag.py:538} INFO - Filling up the DagBag from /home/dmk/anaconda3/lib/python3.9/site-packages/airflow/example_dags/example_branch_python_dop_operator_3.py
[2022-12-31T21:14:24.342+0700] {processor.py:753} INFO - DAG(s) dict_keys(['example_branch_dop_operator_v3']) retrieved from /home/dmk/anaconda3/lib/python3.9/site-packages/airflow/example_dags/example_branch_python_dop_operator_3.py
[2022-12-31T21:14:24.367+0700] {logging_mixin.py:137} INFO - [2022-12-31T21:14:24.366+0700] {dag.py:2676} INFO - Sync 1 DAGs
[2022-12-31T21:14:24.387+0700] {logging_mixin.py:137} INFO - [2022-12-31T21:14:24.387+0700] {dag.py:3423} INFO - Setting next_dagrun for example_branch_dop_operator_v3 to 2022-12-31T14:13:00+00:00, run_after=2022-12-31T14:14:00+00:00
[2022-12-31T21:14:24.416+0700] {processor.py:175} INFO - Processing /home/dmk/anaconda3/lib/python3.9/site-packages/airflow/example_dags/example_branch_python_dop_operator_3.py took 0.122 seconds
[2022-12-31T21:15:31.652+0700] {processor.py:153} INFO - Started process (PID=22174) to work on /home/dmk/anaconda3/lib/python3.9/site-packages/airflow/example_dags/example_branch_python_dop_operator_3.py
[2022-12-31T21:15:31.655+0700] {processor.py:743} INFO - Processing file /home/dmk/anaconda3/lib/python3.9/site-packages/airflow/example_dags/example_branch_python_dop_operator_3.py for tasks to queue
[2022-12-31T21:15:31.655+0700] {logging_mixin.py:137} INFO - [2022-12-31T21:15:31.655+0700] {dagbag.py:538} INFO - Filling up the DagBag from /home/dmk/anaconda3/lib/python3.9/site-packages/airflow/example_dags/example_branch_python_dop_operator_3.py
[2022-12-31T21:15:31.681+0700] {processor.py:753} INFO - DAG(s) dict_keys(['example_branch_dop_operator_v3']) retrieved from /home/dmk/anaconda3/lib/python3.9/site-packages/airflow/example_dags/example_branch_python_dop_operator_3.py
[2022-12-31T21:15:31.707+0700] {logging_mixin.py:137} INFO - [2022-12-31T21:15:31.707+0700] {dag.py:2676} INFO - Sync 1 DAGs
[2022-12-31T21:15:31.729+0700] {logging_mixin.py:137} INFO - [2022-12-31T21:15:31.729+0700] {dag.py:3423} INFO - Setting next_dagrun for example_branch_dop_operator_v3 to 2022-12-31T14:14:00+00:00, run_after=2022-12-31T14:15:00+00:00
[2022-12-31T21:15:31.751+0700] {processor.py:175} INFO - Processing /home/dmk/anaconda3/lib/python3.9/site-packages/airflow/example_dags/example_branch_python_dop_operator_3.py took 0.101 seconds
[2022-12-31T21:16:24.868+0700] {processor.py:153} INFO - Started process (PID=22703) to work on /home/dmk/anaconda3/lib/python3.9/site-packages/airflow/example_dags/example_branch_python_dop_operator_3.py
[2022-12-31T21:16:24.878+0700] {processor.py:743} INFO - Processing file /home/dmk/anaconda3/lib/python3.9/site-packages/airflow/example_dags/example_branch_python_dop_operator_3.py for tasks to queue
[2022-12-31T21:16:24.879+0700] {logging_mixin.py:137} INFO - [2022-12-31T21:16:24.879+0700] {dagbag.py:538} INFO - Filling up the DagBag from /home/dmk/anaconda3/lib/python3.9/site-packages/airflow/example_dags/example_branch_python_dop_operator_3.py
[2022-12-31T21:16:24.918+0700] {processor.py:753} INFO - DAG(s) dict_keys(['example_branch_dop_operator_v3']) retrieved from /home/dmk/anaconda3/lib/python3.9/site-packages/airflow/example_dags/example_branch_python_dop_operator_3.py
[2022-12-31T21:16:24.955+0700] {logging_mixin.py:137} INFO - [2022-12-31T21:16:24.955+0700] {dag.py:2676} INFO - Sync 1 DAGs
[2022-12-31T21:16:24.982+0700] {logging_mixin.py:137} INFO - [2022-12-31T21:16:24.982+0700] {dag.py:3423} INFO - Setting next_dagrun for example_branch_dop_operator_v3 to 2022-12-31T14:15:00+00:00, run_after=2022-12-31T14:16:00+00:00
[2022-12-31T21:16:25.004+0700] {processor.py:175} INFO - Processing /home/dmk/anaconda3/lib/python3.9/site-packages/airflow/example_dags/example_branch_python_dop_operator_3.py took 0.140 seconds
[2022-12-31T21:17:11.233+0700] {processor.py:153} INFO - Started process (PID=23563) to work on /home/dmk/anaconda3/lib/python3.9/site-packages/airflow/example_dags/example_branch_python_dop_operator_3.py
[2022-12-31T21:17:11.235+0700] {processor.py:743} INFO - Processing file /home/dmk/anaconda3/lib/python3.9/site-packages/airflow/example_dags/example_branch_python_dop_operator_3.py for tasks to queue
[2022-12-31T21:17:11.238+0700] {logging_mixin.py:137} INFO - [2022-12-31T21:17:11.237+0700] {dagbag.py:538} INFO - Filling up the DagBag from /home/dmk/anaconda3/lib/python3.9/site-packages/airflow/example_dags/example_branch_python_dop_operator_3.py
[2022-12-31T21:17:11.287+0700] {processor.py:753} INFO - DAG(s) dict_keys(['example_branch_dop_operator_v3']) retrieved from /home/dmk/anaconda3/lib/python3.9/site-packages/airflow/example_dags/example_branch_python_dop_operator_3.py
[2022-12-31T21:17:11.325+0700] {logging_mixin.py:137} INFO - [2022-12-31T21:17:11.325+0700] {dag.py:2676} INFO - Sync 1 DAGs
[2022-12-31T21:17:11.351+0700] {logging_mixin.py:137} INFO - [2022-12-31T21:17:11.351+0700] {dag.py:3423} INFO - Setting next_dagrun for example_branch_dop_operator_v3 to 2022-12-31T14:16:00+00:00, run_after=2022-12-31T14:17:00+00:00
[2022-12-31T21:17:11.394+0700] {processor.py:175} INFO - Processing /home/dmk/anaconda3/lib/python3.9/site-packages/airflow/example_dags/example_branch_python_dop_operator_3.py took 0.172 seconds
[2022-12-31T21:18:00.472+0700] {processor.py:153} INFO - Started process (PID=23664) to work on /home/dmk/anaconda3/lib/python3.9/site-packages/airflow/example_dags/example_branch_python_dop_operator_3.py
[2022-12-31T21:18:00.477+0700] {processor.py:743} INFO - Processing file /home/dmk/anaconda3/lib/python3.9/site-packages/airflow/example_dags/example_branch_python_dop_operator_3.py for tasks to queue
[2022-12-31T21:18:00.479+0700] {logging_mixin.py:137} INFO - [2022-12-31T21:18:00.478+0700] {dagbag.py:538} INFO - Filling up the DagBag from /home/dmk/anaconda3/lib/python3.9/site-packages/airflow/example_dags/example_branch_python_dop_operator_3.py
[2022-12-31T21:18:00.511+0700] {processor.py:753} INFO - DAG(s) dict_keys(['example_branch_dop_operator_v3']) retrieved from /home/dmk/anaconda3/lib/python3.9/site-packages/airflow/example_dags/example_branch_python_dop_operator_3.py
[2022-12-31T21:18:00.537+0700] {logging_mixin.py:137} INFO - [2022-12-31T21:18:00.537+0700] {dag.py:2676} INFO - Sync 1 DAGs
[2022-12-31T21:18:00.558+0700] {logging_mixin.py:137} INFO - [2022-12-31T21:18:00.558+0700] {dag.py:3423} INFO - Setting next_dagrun for example_branch_dop_operator_v3 to 2022-12-31T14:17:00+00:00, run_after=2022-12-31T14:18:00+00:00
[2022-12-31T21:18:00.590+0700] {processor.py:175} INFO - Processing /home/dmk/anaconda3/lib/python3.9/site-packages/airflow/example_dags/example_branch_python_dop_operator_3.py took 0.125 seconds
[2022-12-31T21:19:30.024+0700] {processor.py:153} INFO - Started process (PID=24138) to work on /home/dmk/anaconda3/lib/python3.9/site-packages/airflow/example_dags/example_branch_python_dop_operator_3.py
[2022-12-31T21:19:30.028+0700] {processor.py:743} INFO - Processing file /home/dmk/anaconda3/lib/python3.9/site-packages/airflow/example_dags/example_branch_python_dop_operator_3.py for tasks to queue
[2022-12-31T21:19:30.032+0700] {logging_mixin.py:137} INFO - [2022-12-31T21:19:30.031+0700] {dagbag.py:538} INFO - Filling up the DagBag from /home/dmk/anaconda3/lib/python3.9/site-packages/airflow/example_dags/example_branch_python_dop_operator_3.py
[2022-12-31T21:19:30.102+0700] {processor.py:753} INFO - DAG(s) dict_keys(['example_branch_dop_operator_v3']) retrieved from /home/dmk/anaconda3/lib/python3.9/site-packages/airflow/example_dags/example_branch_python_dop_operator_3.py
[2022-12-31T21:19:30.133+0700] {logging_mixin.py:137} INFO - [2022-12-31T21:19:30.132+0700] {dag.py:2676} INFO - Sync 1 DAGs
[2022-12-31T21:19:30.260+0700] {logging_mixin.py:137} INFO - [2022-12-31T21:19:30.260+0700] {dag.py:3423} INFO - Setting next_dagrun for example_branch_dop_operator_v3 to 2022-12-31T14:18:00+00:00, run_after=2022-12-31T14:19:00+00:00
[2022-12-31T21:19:30.291+0700] {processor.py:175} INFO - Processing /home/dmk/anaconda3/lib/python3.9/site-packages/airflow/example_dags/example_branch_python_dop_operator_3.py took 0.277 seconds
[2022-12-31T21:20:36.464+0700] {processor.py:153} INFO - Started process (PID=24459) to work on /home/dmk/anaconda3/lib/python3.9/site-packages/airflow/example_dags/example_branch_python_dop_operator_3.py
[2022-12-31T21:20:36.468+0700] {processor.py:743} INFO - Processing file /home/dmk/anaconda3/lib/python3.9/site-packages/airflow/example_dags/example_branch_python_dop_operator_3.py for tasks to queue
[2022-12-31T21:20:36.468+0700] {logging_mixin.py:137} INFO - [2022-12-31T21:20:36.468+0700] {dagbag.py:538} INFO - Filling up the DagBag from /home/dmk/anaconda3/lib/python3.9/site-packages/airflow/example_dags/example_branch_python_dop_operator_3.py
[2022-12-31T21:20:36.500+0700] {processor.py:753} INFO - DAG(s) dict_keys(['example_branch_dop_operator_v3']) retrieved from /home/dmk/anaconda3/lib/python3.9/site-packages/airflow/example_dags/example_branch_python_dop_operator_3.py
[2022-12-31T21:20:36.620+0700] {logging_mixin.py:137} INFO - [2022-12-31T21:20:36.620+0700] {dag.py:2676} INFO - Sync 1 DAGs
[2022-12-31T21:20:36.646+0700] {logging_mixin.py:137} INFO - [2022-12-31T21:20:36.646+0700] {dag.py:3423} INFO - Setting next_dagrun for example_branch_dop_operator_v3 to 2022-12-31T14:19:00+00:00, run_after=2022-12-31T14:20:00+00:00
[2022-12-31T21:20:36.680+0700] {processor.py:175} INFO - Processing /home/dmk/anaconda3/lib/python3.9/site-packages/airflow/example_dags/example_branch_python_dop_operator_3.py took 0.219 seconds
[2022-12-31T21:22:54.198+0700] {processor.py:153} INFO - Started process (PID=25349) to work on /home/dmk/anaconda3/lib/python3.9/site-packages/airflow/example_dags/example_branch_python_dop_operator_3.py
[2022-12-31T21:22:54.202+0700] {processor.py:743} INFO - Processing file /home/dmk/anaconda3/lib/python3.9/site-packages/airflow/example_dags/example_branch_python_dop_operator_3.py for tasks to queue
[2022-12-31T21:22:54.203+0700] {logging_mixin.py:137} INFO - [2022-12-31T21:22:54.203+0700] {dagbag.py:538} INFO - Filling up the DagBag from /home/dmk/anaconda3/lib/python3.9/site-packages/airflow/example_dags/example_branch_python_dop_operator_3.py
[2022-12-31T21:22:54.230+0700] {processor.py:753} INFO - DAG(s) dict_keys(['example_branch_dop_operator_v3']) retrieved from /home/dmk/anaconda3/lib/python3.9/site-packages/airflow/example_dags/example_branch_python_dop_operator_3.py
[2022-12-31T21:22:54.257+0700] {logging_mixin.py:137} INFO - [2022-12-31T21:22:54.257+0700] {dag.py:2676} INFO - Sync 1 DAGs
[2022-12-31T21:22:54.371+0700] {logging_mixin.py:137} INFO - [2022-12-31T21:22:54.370+0700] {dag.py:3423} INFO - Setting next_dagrun for example_branch_dop_operator_v3 to 2022-12-31T14:21:00+00:00, run_after=2022-12-31T14:22:00+00:00
[2022-12-31T21:22:54.401+0700] {processor.py:175} INFO - Processing /home/dmk/anaconda3/lib/python3.9/site-packages/airflow/example_dags/example_branch_python_dop_operator_3.py took 0.204 seconds
[2022-12-31T21:23:59.566+0700] {processor.py:153} INFO - Started process (PID=25478) to work on /home/dmk/anaconda3/lib/python3.9/site-packages/airflow/example_dags/example_branch_python_dop_operator_3.py
[2022-12-31T21:23:59.570+0700] {processor.py:743} INFO - Processing file /home/dmk/anaconda3/lib/python3.9/site-packages/airflow/example_dags/example_branch_python_dop_operator_3.py for tasks to queue
[2022-12-31T21:23:59.570+0700] {logging_mixin.py:137} INFO - [2022-12-31T21:23:59.570+0700] {dagbag.py:538} INFO - Filling up the DagBag from /home/dmk/anaconda3/lib/python3.9/site-packages/airflow/example_dags/example_branch_python_dop_operator_3.py
[2022-12-31T21:23:59.596+0700] {processor.py:753} INFO - DAG(s) dict_keys(['example_branch_dop_operator_v3']) retrieved from /home/dmk/anaconda3/lib/python3.9/site-packages/airflow/example_dags/example_branch_python_dop_operator_3.py
[2022-12-31T21:23:59.713+0700] {logging_mixin.py:137} INFO - [2022-12-31T21:23:59.713+0700] {dag.py:2676} INFO - Sync 1 DAGs
[2022-12-31T21:23:59.734+0700] {logging_mixin.py:137} INFO - [2022-12-31T21:23:59.734+0700] {dag.py:3423} INFO - Setting next_dagrun for example_branch_dop_operator_v3 to 2022-12-31T14:22:00+00:00, run_after=2022-12-31T14:23:00+00:00
[2022-12-31T21:23:59.766+0700] {processor.py:175} INFO - Processing /home/dmk/anaconda3/lib/python3.9/site-packages/airflow/example_dags/example_branch_python_dop_operator_3.py took 0.202 seconds
[2022-12-31T21:25:00.786+0700] {processor.py:153} INFO - Started process (PID=25727) to work on /home/dmk/anaconda3/lib/python3.9/site-packages/airflow/example_dags/example_branch_python_dop_operator_3.py
[2022-12-31T21:25:00.790+0700] {processor.py:743} INFO - Processing file /home/dmk/anaconda3/lib/python3.9/site-packages/airflow/example_dags/example_branch_python_dop_operator_3.py for tasks to queue
[2022-12-31T21:25:00.792+0700] {logging_mixin.py:137} INFO - [2022-12-31T21:25:00.792+0700] {dagbag.py:538} INFO - Filling up the DagBag from /home/dmk/anaconda3/lib/python3.9/site-packages/airflow/example_dags/example_branch_python_dop_operator_3.py
[2022-12-31T21:25:00.826+0700] {processor.py:753} INFO - DAG(s) dict_keys(['example_branch_dop_operator_v3']) retrieved from /home/dmk/anaconda3/lib/python3.9/site-packages/airflow/example_dags/example_branch_python_dop_operator_3.py
[2022-12-31T21:25:00.957+0700] {logging_mixin.py:137} INFO - [2022-12-31T21:25:00.957+0700] {dag.py:2676} INFO - Sync 1 DAGs
[2022-12-31T21:25:00.980+0700] {logging_mixin.py:137} INFO - [2022-12-31T21:25:00.979+0700] {dag.py:3423} INFO - Setting next_dagrun for example_branch_dop_operator_v3 to 2022-12-31T14:24:00+00:00, run_after=2022-12-31T14:25:00+00:00
[2022-12-31T21:25:01.020+0700] {processor.py:175} INFO - Processing /home/dmk/anaconda3/lib/python3.9/site-packages/airflow/example_dags/example_branch_python_dop_operator_3.py took 0.244 seconds
[2022-12-31T21:26:02.330+0700] {processor.py:153} INFO - Started process (PID=25901) to work on /home/dmk/anaconda3/lib/python3.9/site-packages/airflow/example_dags/example_branch_python_dop_operator_3.py
[2022-12-31T21:26:02.335+0700] {processor.py:743} INFO - Processing file /home/dmk/anaconda3/lib/python3.9/site-packages/airflow/example_dags/example_branch_python_dop_operator_3.py for tasks to queue
[2022-12-31T21:26:02.338+0700] {logging_mixin.py:137} INFO - [2022-12-31T21:26:02.338+0700] {dagbag.py:538} INFO - Filling up the DagBag from /home/dmk/anaconda3/lib/python3.9/site-packages/airflow/example_dags/example_branch_python_dop_operator_3.py
[2022-12-31T21:26:02.519+0700] {processor.py:753} INFO - DAG(s) dict_keys(['example_branch_dop_operator_v3']) retrieved from /home/dmk/anaconda3/lib/python3.9/site-packages/airflow/example_dags/example_branch_python_dop_operator_3.py
[2022-12-31T21:26:02.545+0700] {logging_mixin.py:137} INFO - [2022-12-31T21:26:02.545+0700] {dag.py:2676} INFO - Sync 1 DAGs
[2022-12-31T21:26:02.571+0700] {logging_mixin.py:137} INFO - [2022-12-31T21:26:02.571+0700] {dag.py:3423} INFO - Setting next_dagrun for example_branch_dop_operator_v3 to 2022-12-31T14:25:00+00:00, run_after=2022-12-31T14:26:00+00:00
[2022-12-31T21:26:02.612+0700] {processor.py:175} INFO - Processing /home/dmk/anaconda3/lib/python3.9/site-packages/airflow/example_dags/example_branch_python_dop_operator_3.py took 0.292 seconds
[2022-12-31T21:26:57.458+0700] {processor.py:153} INFO - Started process (PID=26006) to work on /home/dmk/anaconda3/lib/python3.9/site-packages/airflow/example_dags/example_branch_python_dop_operator_3.py
[2022-12-31T21:26:57.462+0700] {processor.py:743} INFO - Processing file /home/dmk/anaconda3/lib/python3.9/site-packages/airflow/example_dags/example_branch_python_dop_operator_3.py for tasks to queue
[2022-12-31T21:26:57.466+0700] {logging_mixin.py:137} INFO - [2022-12-31T21:26:57.465+0700] {dagbag.py:538} INFO - Filling up the DagBag from /home/dmk/anaconda3/lib/python3.9/site-packages/airflow/example_dags/example_branch_python_dop_operator_3.py
[2022-12-31T21:26:57.639+0700] {processor.py:753} INFO - DAG(s) dict_keys(['example_branch_dop_operator_v3']) retrieved from /home/dmk/anaconda3/lib/python3.9/site-packages/airflow/example_dags/example_branch_python_dop_operator_3.py
[2022-12-31T21:26:57.663+0700] {logging_mixin.py:137} INFO - [2022-12-31T21:26:57.663+0700] {dag.py:2676} INFO - Sync 1 DAGs
[2022-12-31T21:26:57.690+0700] {logging_mixin.py:137} INFO - [2022-12-31T21:26:57.690+0700] {dag.py:3423} INFO - Setting next_dagrun for example_branch_dop_operator_v3 to 2022-12-31T14:25:00+00:00, run_after=2022-12-31T14:26:00+00:00
[2022-12-31T21:26:57.729+0700] {processor.py:175} INFO - Processing /home/dmk/anaconda3/lib/python3.9/site-packages/airflow/example_dags/example_branch_python_dop_operator_3.py took 0.284 seconds
[2022-12-31T21:28:02.190+0700] {processor.py:153} INFO - Started process (PID=26124) to work on /home/dmk/anaconda3/lib/python3.9/site-packages/airflow/example_dags/example_branch_python_dop_operator_3.py
[2022-12-31T21:28:02.194+0700] {processor.py:743} INFO - Processing file /home/dmk/anaconda3/lib/python3.9/site-packages/airflow/example_dags/example_branch_python_dop_operator_3.py for tasks to queue
[2022-12-31T21:28:02.196+0700] {logging_mixin.py:137} INFO - [2022-12-31T21:28:02.196+0700] {dagbag.py:538} INFO - Filling up the DagBag from /home/dmk/anaconda3/lib/python3.9/site-packages/airflow/example_dags/example_branch_python_dop_operator_3.py
[2022-12-31T21:28:02.252+0700] {processor.py:753} INFO - DAG(s) dict_keys(['example_branch_dop_operator_v3']) retrieved from /home/dmk/anaconda3/lib/python3.9/site-packages/airflow/example_dags/example_branch_python_dop_operator_3.py
[2022-12-31T21:28:02.282+0700] {logging_mixin.py:137} INFO - [2022-12-31T21:28:02.281+0700] {dag.py:2676} INFO - Sync 1 DAGs
[2022-12-31T21:28:02.306+0700] {logging_mixin.py:137} INFO - [2022-12-31T21:28:02.306+0700] {dag.py:3423} INFO - Setting next_dagrun for example_branch_dop_operator_v3 to 2022-12-31T14:27:00+00:00, run_after=2022-12-31T14:28:00+00:00
[2022-12-31T21:28:02.350+0700] {processor.py:175} INFO - Processing /home/dmk/anaconda3/lib/python3.9/site-packages/airflow/example_dags/example_branch_python_dop_operator_3.py took 0.171 seconds
[2022-12-31T21:29:03.119+0700] {processor.py:153} INFO - Started process (PID=26252) to work on /home/dmk/anaconda3/lib/python3.9/site-packages/airflow/example_dags/example_branch_python_dop_operator_3.py
[2022-12-31T21:29:03.124+0700] {processor.py:743} INFO - Processing file /home/dmk/anaconda3/lib/python3.9/site-packages/airflow/example_dags/example_branch_python_dop_operator_3.py for tasks to queue
[2022-12-31T21:29:03.127+0700] {logging_mixin.py:137} INFO - [2022-12-31T21:29:03.126+0700] {dagbag.py:538} INFO - Filling up the DagBag from /home/dmk/anaconda3/lib/python3.9/site-packages/airflow/example_dags/example_branch_python_dop_operator_3.py
[2022-12-31T21:29:03.181+0700] {processor.py:753} INFO - DAG(s) dict_keys(['example_branch_dop_operator_v3']) retrieved from /home/dmk/anaconda3/lib/python3.9/site-packages/airflow/example_dags/example_branch_python_dop_operator_3.py
[2022-12-31T21:29:03.212+0700] {logging_mixin.py:137} INFO - [2022-12-31T21:29:03.212+0700] {dag.py:2676} INFO - Sync 1 DAGs
[2022-12-31T21:29:03.240+0700] {logging_mixin.py:137} INFO - [2022-12-31T21:29:03.239+0700] {dag.py:3423} INFO - Setting next_dagrun for example_branch_dop_operator_v3 to 2022-12-31T14:28:00+00:00, run_after=2022-12-31T14:29:00+00:00
[2022-12-31T21:29:03.278+0700] {processor.py:175} INFO - Processing /home/dmk/anaconda3/lib/python3.9/site-packages/airflow/example_dags/example_branch_python_dop_operator_3.py took 0.169 seconds
[2022-12-31T21:30:21.732+0700] {processor.py:153} INFO - Started process (PID=26444) to work on /home/dmk/anaconda3/lib/python3.9/site-packages/airflow/example_dags/example_branch_python_dop_operator_3.py
[2022-12-31T21:30:21.739+0700] {processor.py:743} INFO - Processing file /home/dmk/anaconda3/lib/python3.9/site-packages/airflow/example_dags/example_branch_python_dop_operator_3.py for tasks to queue
[2022-12-31T21:30:21.742+0700] {logging_mixin.py:137} INFO - [2022-12-31T21:30:21.741+0700] {dagbag.py:538} INFO - Filling up the DagBag from /home/dmk/anaconda3/lib/python3.9/site-packages/airflow/example_dags/example_branch_python_dop_operator_3.py
[2022-12-31T21:30:21.812+0700] {processor.py:753} INFO - DAG(s) dict_keys(['example_branch_dop_operator_v3']) retrieved from /home/dmk/anaconda3/lib/python3.9/site-packages/airflow/example_dags/example_branch_python_dop_operator_3.py
[2022-12-31T21:30:21.845+0700] {logging_mixin.py:137} INFO - [2022-12-31T21:30:21.844+0700] {dag.py:2676} INFO - Sync 1 DAGs
[2022-12-31T21:30:21.874+0700] {logging_mixin.py:137} INFO - [2022-12-31T21:30:21.874+0700] {dag.py:3423} INFO - Setting next_dagrun for example_branch_dop_operator_v3 to 2022-12-31T14:29:00+00:00, run_after=2022-12-31T14:30:00+00:00
[2022-12-31T21:30:21.908+0700] {processor.py:175} INFO - Processing /home/dmk/anaconda3/lib/python3.9/site-packages/airflow/example_dags/example_branch_python_dop_operator_3.py took 0.187 seconds
[2022-12-31T21:31:16.729+0700] {processor.py:153} INFO - Started process (PID=26541) to work on /home/dmk/anaconda3/lib/python3.9/site-packages/airflow/example_dags/example_branch_python_dop_operator_3.py
[2022-12-31T21:31:16.733+0700] {processor.py:743} INFO - Processing file /home/dmk/anaconda3/lib/python3.9/site-packages/airflow/example_dags/example_branch_python_dop_operator_3.py for tasks to queue
[2022-12-31T21:31:16.737+0700] {logging_mixin.py:137} INFO - [2022-12-31T21:31:16.736+0700] {dagbag.py:538} INFO - Filling up the DagBag from /home/dmk/anaconda3/lib/python3.9/site-packages/airflow/example_dags/example_branch_python_dop_operator_3.py
[2022-12-31T21:31:16.814+0700] {processor.py:753} INFO - DAG(s) dict_keys(['example_branch_dop_operator_v3']) retrieved from /home/dmk/anaconda3/lib/python3.9/site-packages/airflow/example_dags/example_branch_python_dop_operator_3.py
[2022-12-31T21:31:16.846+0700] {logging_mixin.py:137} INFO - [2022-12-31T21:31:16.846+0700] {dag.py:2676} INFO - Sync 1 DAGs
[2022-12-31T21:31:16.873+0700] {logging_mixin.py:137} INFO - [2022-12-31T21:31:16.873+0700] {dag.py:3423} INFO - Setting next_dagrun for example_branch_dop_operator_v3 to 2022-12-31T14:30:00+00:00, run_after=2022-12-31T14:31:00+00:00
[2022-12-31T21:31:16.905+0700] {processor.py:175} INFO - Processing /home/dmk/anaconda3/lib/python3.9/site-packages/airflow/example_dags/example_branch_python_dop_operator_3.py took 0.188 seconds
[2022-12-31T21:32:22.600+0700] {processor.py:153} INFO - Started process (PID=26662) to work on /home/dmk/anaconda3/lib/python3.9/site-packages/airflow/example_dags/example_branch_python_dop_operator_3.py
[2022-12-31T21:32:22.606+0700] {processor.py:743} INFO - Processing file /home/dmk/anaconda3/lib/python3.9/site-packages/airflow/example_dags/example_branch_python_dop_operator_3.py for tasks to queue
[2022-12-31T21:32:22.609+0700] {logging_mixin.py:137} INFO - [2022-12-31T21:32:22.608+0700] {dagbag.py:538} INFO - Filling up the DagBag from /home/dmk/anaconda3/lib/python3.9/site-packages/airflow/example_dags/example_branch_python_dop_operator_3.py
[2022-12-31T21:32:22.686+0700] {processor.py:753} INFO - DAG(s) dict_keys(['example_branch_dop_operator_v3']) retrieved from /home/dmk/anaconda3/lib/python3.9/site-packages/airflow/example_dags/example_branch_python_dop_operator_3.py
[2022-12-31T21:32:22.720+0700] {logging_mixin.py:137} INFO - [2022-12-31T21:32:22.719+0700] {dag.py:2676} INFO - Sync 1 DAGs
[2022-12-31T21:32:22.748+0700] {logging_mixin.py:137} INFO - [2022-12-31T21:32:22.748+0700] {dag.py:3423} INFO - Setting next_dagrun for example_branch_dop_operator_v3 to 2022-12-31T14:31:00+00:00, run_after=2022-12-31T14:32:00+00:00
[2022-12-31T21:32:22.790+0700] {processor.py:175} INFO - Processing /home/dmk/anaconda3/lib/python3.9/site-packages/airflow/example_dags/example_branch_python_dop_operator_3.py took 0.199 seconds
[2022-12-31T21:33:50.802+0700] {processor.py:153} INFO - Started process (PID=26839) to work on /home/dmk/anaconda3/lib/python3.9/site-packages/airflow/example_dags/example_branch_python_dop_operator_3.py
[2022-12-31T21:33:50.805+0700] {processor.py:743} INFO - Processing file /home/dmk/anaconda3/lib/python3.9/site-packages/airflow/example_dags/example_branch_python_dop_operator_3.py for tasks to queue
[2022-12-31T21:33:50.806+0700] {logging_mixin.py:137} INFO - [2022-12-31T21:33:50.805+0700] {dagbag.py:538} INFO - Filling up the DagBag from /home/dmk/anaconda3/lib/python3.9/site-packages/airflow/example_dags/example_branch_python_dop_operator_3.py
[2022-12-31T21:33:50.830+0700] {processor.py:753} INFO - DAG(s) dict_keys(['example_branch_dop_operator_v3']) retrieved from /home/dmk/anaconda3/lib/python3.9/site-packages/airflow/example_dags/example_branch_python_dop_operator_3.py
[2022-12-31T21:33:50.855+0700] {logging_mixin.py:137} INFO - [2022-12-31T21:33:50.855+0700] {dag.py:2676} INFO - Sync 1 DAGs
[2022-12-31T21:33:50.876+0700] {logging_mixin.py:137} INFO - [2022-12-31T21:33:50.876+0700] {dag.py:3423} INFO - Setting next_dagrun for example_branch_dop_operator_v3 to 2022-12-31T14:32:00+00:00, run_after=2022-12-31T14:33:00+00:00
[2022-12-31T21:33:50.907+0700] {processor.py:175} INFO - Processing /home/dmk/anaconda3/lib/python3.9/site-packages/airflow/example_dags/example_branch_python_dop_operator_3.py took 0.110 seconds
[2022-12-31T21:35:02.178+0700] {processor.py:153} INFO - Started process (PID=27698) to work on /home/dmk/anaconda3/lib/python3.9/site-packages/airflow/example_dags/example_branch_python_dop_operator_3.py
[2022-12-31T21:35:02.182+0700] {processor.py:743} INFO - Processing file /home/dmk/anaconda3/lib/python3.9/site-packages/airflow/example_dags/example_branch_python_dop_operator_3.py for tasks to queue
[2022-12-31T21:35:02.182+0700] {logging_mixin.py:137} INFO - [2022-12-31T21:35:02.182+0700] {dagbag.py:538} INFO - Filling up the DagBag from /home/dmk/anaconda3/lib/python3.9/site-packages/airflow/example_dags/example_branch_python_dop_operator_3.py
[2022-12-31T21:35:02.206+0700] {processor.py:753} INFO - DAG(s) dict_keys(['example_branch_dop_operator_v3']) retrieved from /home/dmk/anaconda3/lib/python3.9/site-packages/airflow/example_dags/example_branch_python_dop_operator_3.py
[2022-12-31T21:35:02.233+0700] {logging_mixin.py:137} INFO - [2022-12-31T21:35:02.233+0700] {dag.py:2676} INFO - Sync 1 DAGs
[2022-12-31T21:35:02.347+0700] {logging_mixin.py:137} INFO - [2022-12-31T21:35:02.347+0700] {dag.py:3423} INFO - Setting next_dagrun for example_branch_dop_operator_v3 to 2022-12-31T14:34:00+00:00, run_after=2022-12-31T14:35:00+00:00
[2022-12-31T21:35:02.376+0700] {processor.py:175} INFO - Processing /home/dmk/anaconda3/lib/python3.9/site-packages/airflow/example_dags/example_branch_python_dop_operator_3.py took 0.201 seconds
[2022-12-31T21:38:38.430+0700] {processor.py:153} INFO - Started process (PID=28982) to work on /home/dmk/anaconda3/lib/python3.9/site-packages/airflow/example_dags/example_branch_python_dop_operator_3.py
[2022-12-31T21:38:38.433+0700] {processor.py:743} INFO - Processing file /home/dmk/anaconda3/lib/python3.9/site-packages/airflow/example_dags/example_branch_python_dop_operator_3.py for tasks to queue
[2022-12-31T21:38:38.433+0700] {logging_mixin.py:137} INFO - [2022-12-31T21:38:38.433+0700] {dagbag.py:538} INFO - Filling up the DagBag from /home/dmk/anaconda3/lib/python3.9/site-packages/airflow/example_dags/example_branch_python_dop_operator_3.py
[2022-12-31T21:38:38.456+0700] {processor.py:753} INFO - DAG(s) dict_keys(['example_branch_dop_operator_v3']) retrieved from /home/dmk/anaconda3/lib/python3.9/site-packages/airflow/example_dags/example_branch_python_dop_operator_3.py
[2022-12-31T21:38:38.670+0700] {logging_mixin.py:137} INFO - [2022-12-31T21:38:38.670+0700] {manager.py:504} INFO - Created Permission View: can delete on DAG:example_branch_dop_operator_v3
[2022-12-31T21:38:38.698+0700] {logging_mixin.py:137} INFO - [2022-12-31T21:38:38.697+0700] {manager.py:504} INFO - Created Permission View: can read on DAG:example_branch_dop_operator_v3
[2022-12-31T21:38:38.722+0700] {logging_mixin.py:137} INFO - [2022-12-31T21:38:38.722+0700] {manager.py:504} INFO - Created Permission View: can edit on DAG:example_branch_dop_operator_v3
[2022-12-31T21:38:38.723+0700] {logging_mixin.py:137} INFO - [2022-12-31T21:38:38.722+0700] {dag.py:2676} INFO - Sync 1 DAGs
[2022-12-31T21:38:38.743+0700] {logging_mixin.py:137} INFO - [2022-12-31T21:38:38.743+0700] {dag.py:2697} INFO - Creating ORM DAG for example_branch_dop_operator_v3
[2022-12-31T21:38:38.757+0700] {logging_mixin.py:137} INFO - [2022-12-31T21:38:38.757+0700] {dag.py:3423} INFO - Setting next_dagrun for example_branch_dop_operator_v3 to 2022-12-31T14:37:00+00:00, run_after=2022-12-31T14:38:00+00:00
[2022-12-31T21:38:38.785+0700] {processor.py:175} INFO - Processing /home/dmk/anaconda3/lib/python3.9/site-packages/airflow/example_dags/example_branch_python_dop_operator_3.py took 0.358 seconds
[2022-12-31T21:39:49.120+0700] {processor.py:153} INFO - Started process (PID=29230) to work on /home/dmk/anaconda3/lib/python3.9/site-packages/airflow/example_dags/example_branch_python_dop_operator_3.py
[2022-12-31T21:39:49.123+0700] {processor.py:743} INFO - Processing file /home/dmk/anaconda3/lib/python3.9/site-packages/airflow/example_dags/example_branch_python_dop_operator_3.py for tasks to queue
[2022-12-31T21:39:49.124+0700] {logging_mixin.py:137} INFO - [2022-12-31T21:39:49.124+0700] {dagbag.py:538} INFO - Filling up the DagBag from /home/dmk/anaconda3/lib/python3.9/site-packages/airflow/example_dags/example_branch_python_dop_operator_3.py
[2022-12-31T21:39:49.162+0700] {processor.py:753} INFO - DAG(s) dict_keys(['example_branch_dop_operator_v3']) retrieved from /home/dmk/anaconda3/lib/python3.9/site-packages/airflow/example_dags/example_branch_python_dop_operator_3.py
[2022-12-31T21:39:49.300+0700] {logging_mixin.py:137} INFO - [2022-12-31T21:39:49.300+0700] {dag.py:2676} INFO - Sync 1 DAGs
[2022-12-31T21:39:49.325+0700] {logging_mixin.py:137} INFO - [2022-12-31T21:39:49.325+0700] {dag.py:3423} INFO - Setting next_dagrun for example_branch_dop_operator_v3 to 2022-12-31T14:38:00+00:00, run_after=2022-12-31T14:39:00+00:00
[2022-12-31T21:39:49.358+0700] {processor.py:175} INFO - Processing /home/dmk/anaconda3/lib/python3.9/site-packages/airflow/example_dags/example_branch_python_dop_operator_3.py took 0.241 seconds
[2022-12-31T21:40:57.883+0700] {processor.py:153} INFO - Started process (PID=29496) to work on /home/dmk/anaconda3/lib/python3.9/site-packages/airflow/example_dags/example_branch_python_dop_operator_3.py
[2022-12-31T21:40:57.887+0700] {processor.py:743} INFO - Processing file /home/dmk/anaconda3/lib/python3.9/site-packages/airflow/example_dags/example_branch_python_dop_operator_3.py for tasks to queue
[2022-12-31T21:40:57.888+0700] {logging_mixin.py:137} INFO - [2022-12-31T21:40:57.888+0700] {dagbag.py:538} INFO - Filling up the DagBag from /home/dmk/anaconda3/lib/python3.9/site-packages/airflow/example_dags/example_branch_python_dop_operator_3.py
[2022-12-31T21:40:57.915+0700] {processor.py:753} INFO - DAG(s) dict_keys(['example_branch_dop_operator_v3']) retrieved from /home/dmk/anaconda3/lib/python3.9/site-packages/airflow/example_dags/example_branch_python_dop_operator_3.py
[2022-12-31T21:40:58.050+0700] {logging_mixin.py:137} INFO - [2022-12-31T21:40:58.050+0700] {dag.py:2676} INFO - Sync 1 DAGs
[2022-12-31T21:40:58.072+0700] {logging_mixin.py:137} INFO - [2022-12-31T21:40:58.072+0700] {dag.py:3423} INFO - Setting next_dagrun for example_branch_dop_operator_v3 to 2022-12-31T14:39:00+00:00, run_after=2022-12-31T14:40:00+00:00
[2022-12-31T21:40:58.112+0700] {processor.py:175} INFO - Processing /home/dmk/anaconda3/lib/python3.9/site-packages/airflow/example_dags/example_branch_python_dop_operator_3.py took 0.233 seconds
[2022-12-31T21:42:35.234+0700] {processor.py:153} INFO - Started process (PID=29831) to work on /home/dmk/anaconda3/lib/python3.9/site-packages/airflow/example_dags/example_branch_python_dop_operator_3.py
[2022-12-31T21:42:35.238+0700] {processor.py:743} INFO - Processing file /home/dmk/anaconda3/lib/python3.9/site-packages/airflow/example_dags/example_branch_python_dop_operator_3.py for tasks to queue
[2022-12-31T21:42:35.239+0700] {logging_mixin.py:137} INFO - [2022-12-31T21:42:35.239+0700] {dagbag.py:538} INFO - Filling up the DagBag from /home/dmk/anaconda3/lib/python3.9/site-packages/airflow/example_dags/example_branch_python_dop_operator_3.py
[2022-12-31T21:42:35.272+0700] {processor.py:753} INFO - DAG(s) dict_keys(['example_branch_dop_operator_v3']) retrieved from /home/dmk/anaconda3/lib/python3.9/site-packages/airflow/example_dags/example_branch_python_dop_operator_3.py
[2022-12-31T21:42:35.300+0700] {logging_mixin.py:137} INFO - [2022-12-31T21:42:35.299+0700] {dag.py:2676} INFO - Sync 1 DAGs
[2022-12-31T21:42:35.429+0700] {logging_mixin.py:137} INFO - [2022-12-31T21:42:35.429+0700] {dag.py:3423} INFO - Setting next_dagrun for example_branch_dop_operator_v3 to 2022-12-31T14:41:00+00:00, run_after=2022-12-31T14:42:00+00:00
[2022-12-31T21:42:35.461+0700] {processor.py:175} INFO - Processing /home/dmk/anaconda3/lib/python3.9/site-packages/airflow/example_dags/example_branch_python_dop_operator_3.py took 0.232 seconds
[2022-12-31T21:43:33.245+0700] {processor.py:153} INFO - Started process (PID=30180) to work on /home/dmk/anaconda3/lib/python3.9/site-packages/airflow/example_dags/example_branch_python_dop_operator_3.py
[2022-12-31T21:43:33.247+0700] {processor.py:743} INFO - Processing file /home/dmk/anaconda3/lib/python3.9/site-packages/airflow/example_dags/example_branch_python_dop_operator_3.py for tasks to queue
[2022-12-31T21:43:33.249+0700] {logging_mixin.py:137} INFO - [2022-12-31T21:43:33.249+0700] {dagbag.py:538} INFO - Filling up the DagBag from /home/dmk/anaconda3/lib/python3.9/site-packages/airflow/example_dags/example_branch_python_dop_operator_3.py
[2022-12-31T21:43:33.300+0700] {processor.py:753} INFO - DAG(s) dict_keys(['example_branch_dop_operator_v3']) retrieved from /home/dmk/anaconda3/lib/python3.9/site-packages/airflow/example_dags/example_branch_python_dop_operator_3.py
[2022-12-31T21:43:33.425+0700] {logging_mixin.py:137} INFO - [2022-12-31T21:43:33.425+0700] {dag.py:2676} INFO - Sync 1 DAGs
[2022-12-31T21:43:33.448+0700] {logging_mixin.py:137} INFO - [2022-12-31T21:43:33.448+0700] {dag.py:3423} INFO - Setting next_dagrun for example_branch_dop_operator_v3 to 2022-12-31T14:42:00+00:00, run_after=2022-12-31T14:43:00+00:00
[2022-12-31T21:43:33.488+0700] {processor.py:175} INFO - Processing /home/dmk/anaconda3/lib/python3.9/site-packages/airflow/example_dags/example_branch_python_dop_operator_3.py took 0.249 seconds
[2022-12-31T22:23:31.436+0700] {processor.py:153} INFO - Started process (PID=47678) to work on /home/dmk/anaconda3/lib/python3.9/site-packages/airflow/example_dags/example_branch_python_dop_operator_3.py
[2022-12-31T22:23:31.441+0700] {processor.py:743} INFO - Processing file /home/dmk/anaconda3/lib/python3.9/site-packages/airflow/example_dags/example_branch_python_dop_operator_3.py for tasks to queue
[2022-12-31T22:23:31.443+0700] {logging_mixin.py:137} INFO - [2022-12-31T22:23:31.443+0700] {dagbag.py:538} INFO - Filling up the DagBag from /home/dmk/anaconda3/lib/python3.9/site-packages/airflow/example_dags/example_branch_python_dop_operator_3.py
[2022-12-31T22:23:31.514+0700] {processor.py:753} INFO - DAG(s) dict_keys(['example_branch_dop_operator_v3']) retrieved from /home/dmk/anaconda3/lib/python3.9/site-packages/airflow/example_dags/example_branch_python_dop_operator_3.py
[2022-12-31T22:23:31.542+0700] {logging_mixin.py:137} INFO - [2022-12-31T22:23:31.542+0700] {dag.py:2676} INFO - Sync 1 DAGs
[2022-12-31T22:23:31.678+0700] {logging_mixin.py:137} INFO - [2022-12-31T22:23:31.678+0700] {dag.py:3423} INFO - Setting next_dagrun for example_branch_dop_operator_v3 to 2022-12-31T15:22:00+00:00, run_after=2022-12-31T15:23:00+00:00
[2022-12-31T22:23:31.715+0700] {processor.py:175} INFO - Processing /home/dmk/anaconda3/lib/python3.9/site-packages/airflow/example_dags/example_branch_python_dop_operator_3.py took 0.292 seconds
[2022-12-31T22:24:40.734+0700] {processor.py:153} INFO - Started process (PID=48409) to work on /home/dmk/anaconda3/lib/python3.9/site-packages/airflow/example_dags/example_branch_python_dop_operator_3.py
[2022-12-31T22:24:40.736+0700] {processor.py:743} INFO - Processing file /home/dmk/anaconda3/lib/python3.9/site-packages/airflow/example_dags/example_branch_python_dop_operator_3.py for tasks to queue
[2022-12-31T22:24:40.737+0700] {logging_mixin.py:137} INFO - [2022-12-31T22:24:40.737+0700] {dagbag.py:538} INFO - Filling up the DagBag from /home/dmk/anaconda3/lib/python3.9/site-packages/airflow/example_dags/example_branch_python_dop_operator_3.py
[2022-12-31T22:24:40.775+0700] {processor.py:753} INFO - DAG(s) dict_keys(['example_branch_dop_operator_v3']) retrieved from /home/dmk/anaconda3/lib/python3.9/site-packages/airflow/example_dags/example_branch_python_dop_operator_3.py
[2022-12-31T22:24:40.944+0700] {logging_mixin.py:137} INFO - [2022-12-31T22:24:40.943+0700] {dag.py:2676} INFO - Sync 1 DAGs
[2022-12-31T22:24:40.976+0700] {logging_mixin.py:137} INFO - [2022-12-31T22:24:40.975+0700] {dag.py:3423} INFO - Setting next_dagrun for example_branch_dop_operator_v3 to 2022-12-31T15:23:00+00:00, run_after=2022-12-31T15:24:00+00:00
[2022-12-31T22:24:41.017+0700] {processor.py:175} INFO - Processing /home/dmk/anaconda3/lib/python3.9/site-packages/airflow/example_dags/example_branch_python_dop_operator_3.py took 0.289 seconds
[2022-12-31T22:25:42.810+0700] {processor.py:153} INFO - Started process (PID=49446) to work on /home/dmk/anaconda3/envs/airflow/lib/python3.7/site-packages/airflow/example_dags/example_branch_python_dop_operator_3.py
[2022-12-31T22:25:42.815+0700] {processor.py:743} INFO - Processing file /home/dmk/anaconda3/envs/airflow/lib/python3.7/site-packages/airflow/example_dags/example_branch_python_dop_operator_3.py for tasks to queue
[2022-12-31T22:25:42.815+0700] {logging_mixin.py:137} INFO - [2022-12-31T22:25:42.815+0700] {dagbag.py:538} INFO - Filling up the DagBag from /home/dmk/anaconda3/envs/airflow/lib/python3.7/site-packages/airflow/example_dags/example_branch_python_dop_operator_3.py
[2022-12-31T22:25:42.838+0700] {processor.py:753} INFO - DAG(s) dict_keys(['example_branch_dop_operator_v3']) retrieved from /home/dmk/anaconda3/envs/airflow/lib/python3.7/site-packages/airflow/example_dags/example_branch_python_dop_operator_3.py
[2022-12-31T22:25:42.999+0700] {logging_mixin.py:137} INFO - [2022-12-31T22:25:42.999+0700] {dag.py:2676} INFO - Sync 1 DAGs
[2022-12-31T22:25:43.023+0700] {logging_mixin.py:137} INFO - [2022-12-31T22:25:43.023+0700] {dag.py:3427} INFO - Setting next_dagrun for example_branch_dop_operator_v3 to 2022-12-31T15:24:00+00:00, run_after=2022-12-31T15:25:00+00:00
[2022-12-31T22:25:43.061+0700] {processor.py:175} INFO - Processing /home/dmk/anaconda3/envs/airflow/lib/python3.7/site-packages/airflow/example_dags/example_branch_python_dop_operator_3.py took 0.255 seconds
[2022-12-31T22:26:33.045+0700] {processor.py:153} INFO - Started process (PID=49841) to work on /home/dmk/anaconda3/envs/airflow/lib/python3.7/site-packages/airflow/example_dags/example_branch_python_dop_operator_3.py
[2022-12-31T22:26:33.048+0700] {processor.py:743} INFO - Processing file /home/dmk/anaconda3/envs/airflow/lib/python3.7/site-packages/airflow/example_dags/example_branch_python_dop_operator_3.py for tasks to queue
[2022-12-31T22:26:33.049+0700] {logging_mixin.py:137} INFO - [2022-12-31T22:26:33.049+0700] {dagbag.py:538} INFO - Filling up the DagBag from /home/dmk/anaconda3/envs/airflow/lib/python3.7/site-packages/airflow/example_dags/example_branch_python_dop_operator_3.py
[2022-12-31T22:26:33.084+0700] {processor.py:753} INFO - DAG(s) dict_keys(['example_branch_dop_operator_v3']) retrieved from /home/dmk/anaconda3/envs/airflow/lib/python3.7/site-packages/airflow/example_dags/example_branch_python_dop_operator_3.py
[2022-12-31T22:26:33.214+0700] {logging_mixin.py:137} INFO - [2022-12-31T22:26:33.214+0700] {dag.py:2676} INFO - Sync 1 DAGs
[2022-12-31T22:26:33.237+0700] {logging_mixin.py:137} INFO - [2022-12-31T22:26:33.237+0700] {dag.py:3427} INFO - Setting next_dagrun for example_branch_dop_operator_v3 to 2022-12-31T15:25:00+00:00, run_after=2022-12-31T15:26:00+00:00
[2022-12-31T22:26:33.267+0700] {processor.py:175} INFO - Processing /home/dmk/anaconda3/envs/airflow/lib/python3.7/site-packages/airflow/example_dags/example_branch_python_dop_operator_3.py took 0.228 seconds
[2022-12-31T22:27:22.420+0700] {processor.py:153} INFO - Started process (PID=50195) to work on /home/dmk/anaconda3/envs/airflow/lib/python3.7/site-packages/airflow/example_dags/example_branch_python_dop_operator_3.py
[2022-12-31T22:27:22.424+0700] {processor.py:743} INFO - Processing file /home/dmk/anaconda3/envs/airflow/lib/python3.7/site-packages/airflow/example_dags/example_branch_python_dop_operator_3.py for tasks to queue
[2022-12-31T22:27:22.425+0700] {logging_mixin.py:137} INFO - [2022-12-31T22:27:22.425+0700] {dagbag.py:538} INFO - Filling up the DagBag from /home/dmk/anaconda3/envs/airflow/lib/python3.7/site-packages/airflow/example_dags/example_branch_python_dop_operator_3.py
[2022-12-31T22:27:22.556+0700] {processor.py:753} INFO - DAG(s) dict_keys(['example_branch_dop_operator_v3']) retrieved from /home/dmk/anaconda3/envs/airflow/lib/python3.7/site-packages/airflow/example_dags/example_branch_python_dop_operator_3.py
[2022-12-31T22:27:22.575+0700] {logging_mixin.py:137} INFO - [2022-12-31T22:27:22.575+0700] {dag.py:2676} INFO - Sync 1 DAGs
[2022-12-31T22:27:22.601+0700] {logging_mixin.py:137} INFO - [2022-12-31T22:27:22.601+0700] {dag.py:3427} INFO - Setting next_dagrun for example_branch_dop_operator_v3 to 2022-12-31T15:26:00+00:00, run_after=2022-12-31T15:27:00+00:00
[2022-12-31T22:27:22.641+0700] {processor.py:175} INFO - Processing /home/dmk/anaconda3/envs/airflow/lib/python3.7/site-packages/airflow/example_dags/example_branch_python_dop_operator_3.py took 0.224 seconds
[2022-12-31T22:28:14.052+0700] {processor.py:153} INFO - Started process (PID=50561) to work on /home/dmk/anaconda3/envs/airflow/lib/python3.7/site-packages/airflow/example_dags/example_branch_python_dop_operator_3.py
[2022-12-31T22:28:14.056+0700] {processor.py:743} INFO - Processing file /home/dmk/anaconda3/envs/airflow/lib/python3.7/site-packages/airflow/example_dags/example_branch_python_dop_operator_3.py for tasks to queue
[2022-12-31T22:28:14.059+0700] {logging_mixin.py:137} INFO - [2022-12-31T22:28:14.058+0700] {dagbag.py:538} INFO - Filling up the DagBag from /home/dmk/anaconda3/envs/airflow/lib/python3.7/site-packages/airflow/example_dags/example_branch_python_dop_operator_3.py
[2022-12-31T22:28:14.207+0700] {processor.py:753} INFO - DAG(s) dict_keys(['example_branch_dop_operator_v3']) retrieved from /home/dmk/anaconda3/envs/airflow/lib/python3.7/site-packages/airflow/example_dags/example_branch_python_dop_operator_3.py
[2022-12-31T22:28:14.224+0700] {logging_mixin.py:137} INFO - [2022-12-31T22:28:14.224+0700] {dag.py:2676} INFO - Sync 1 DAGs
[2022-12-31T22:28:14.250+0700] {logging_mixin.py:137} INFO - [2022-12-31T22:28:14.250+0700] {dag.py:3427} INFO - Setting next_dagrun for example_branch_dop_operator_v3 to 2022-12-31T15:27:00+00:00, run_after=2022-12-31T15:28:00+00:00
[2022-12-31T22:28:14.279+0700] {processor.py:175} INFO - Processing /home/dmk/anaconda3/envs/airflow/lib/python3.7/site-packages/airflow/example_dags/example_branch_python_dop_operator_3.py took 0.235 seconds
[2022-12-31T22:29:02.193+0700] {processor.py:153} INFO - Started process (PID=50655) to work on /home/dmk/anaconda3/envs/airflow/lib/python3.7/site-packages/airflow/example_dags/example_branch_python_dop_operator_3.py
[2022-12-31T22:29:02.197+0700] {processor.py:743} INFO - Processing file /home/dmk/anaconda3/envs/airflow/lib/python3.7/site-packages/airflow/example_dags/example_branch_python_dop_operator_3.py for tasks to queue
[2022-12-31T22:29:02.198+0700] {logging_mixin.py:137} INFO - [2022-12-31T22:29:02.198+0700] {dagbag.py:538} INFO - Filling up the DagBag from /home/dmk/anaconda3/envs/airflow/lib/python3.7/site-packages/airflow/example_dags/example_branch_python_dop_operator_3.py
[2022-12-31T22:29:02.221+0700] {processor.py:753} INFO - DAG(s) dict_keys(['example_branch_dop_operator_v3']) retrieved from /home/dmk/anaconda3/envs/airflow/lib/python3.7/site-packages/airflow/example_dags/example_branch_python_dop_operator_3.py
[2022-12-31T22:29:02.243+0700] {logging_mixin.py:137} INFO - [2022-12-31T22:29:02.243+0700] {dag.py:2676} INFO - Sync 1 DAGs
[2022-12-31T22:29:02.270+0700] {logging_mixin.py:137} INFO - [2022-12-31T22:29:02.270+0700] {dag.py:3427} INFO - Setting next_dagrun for example_branch_dop_operator_v3 to 2022-12-31T15:28:00+00:00, run_after=2022-12-31T15:29:00+00:00
[2022-12-31T22:29:02.304+0700] {processor.py:175} INFO - Processing /home/dmk/anaconda3/envs/airflow/lib/python3.7/site-packages/airflow/example_dags/example_branch_python_dop_operator_3.py took 0.115 seconds
[2022-12-31T22:29:48.044+0700] {processor.py:153} INFO - Started process (PID=51264) to work on /home/dmk/anaconda3/envs/airflow/lib/python3.7/site-packages/airflow/example_dags/example_branch_python_dop_operator_3.py
[2022-12-31T22:29:48.048+0700] {processor.py:743} INFO - Processing file /home/dmk/anaconda3/envs/airflow/lib/python3.7/site-packages/airflow/example_dags/example_branch_python_dop_operator_3.py for tasks to queue
[2022-12-31T22:29:48.049+0700] {logging_mixin.py:137} INFO - [2022-12-31T22:29:48.049+0700] {dagbag.py:538} INFO - Filling up the DagBag from /home/dmk/anaconda3/envs/airflow/lib/python3.7/site-packages/airflow/example_dags/example_branch_python_dop_operator_3.py
[2022-12-31T22:29:48.074+0700] {processor.py:753} INFO - DAG(s) dict_keys(['example_branch_dop_operator_v3']) retrieved from /home/dmk/anaconda3/envs/airflow/lib/python3.7/site-packages/airflow/example_dags/example_branch_python_dop_operator_3.py
[2022-12-31T22:29:48.096+0700] {logging_mixin.py:137} INFO - [2022-12-31T22:29:48.096+0700] {dag.py:2676} INFO - Sync 1 DAGs
[2022-12-31T22:29:48.121+0700] {logging_mixin.py:137} INFO - [2022-12-31T22:29:48.121+0700] {dag.py:3427} INFO - Setting next_dagrun for example_branch_dop_operator_v3 to 2022-12-31T15:28:00+00:00, run_after=2022-12-31T15:29:00+00:00
[2022-12-31T22:29:48.161+0700] {processor.py:175} INFO - Processing /home/dmk/anaconda3/envs/airflow/lib/python3.7/site-packages/airflow/example_dags/example_branch_python_dop_operator_3.py took 0.119 seconds
[2022-12-31T22:30:35.002+0700] {processor.py:153} INFO - Started process (PID=51572) to work on /home/dmk/anaconda3/envs/airflow/lib/python3.7/site-packages/airflow/example_dags/example_branch_python_dop_operator_3.py
[2022-12-31T22:30:35.008+0700] {processor.py:743} INFO - Processing file /home/dmk/anaconda3/envs/airflow/lib/python3.7/site-packages/airflow/example_dags/example_branch_python_dop_operator_3.py for tasks to queue
[2022-12-31T22:30:35.013+0700] {logging_mixin.py:137} INFO - [2022-12-31T22:30:35.012+0700] {dagbag.py:538} INFO - Filling up the DagBag from /home/dmk/anaconda3/envs/airflow/lib/python3.7/site-packages/airflow/example_dags/example_branch_python_dop_operator_3.py
[2022-12-31T22:30:35.079+0700] {processor.py:753} INFO - DAG(s) dict_keys(['example_branch_dop_operator_v3']) retrieved from /home/dmk/anaconda3/envs/airflow/lib/python3.7/site-packages/airflow/example_dags/example_branch_python_dop_operator_3.py
[2022-12-31T22:30:35.108+0700] {logging_mixin.py:137} INFO - [2022-12-31T22:30:35.107+0700] {dag.py:2676} INFO - Sync 1 DAGs
[2022-12-31T22:30:35.135+0700] {logging_mixin.py:137} INFO - [2022-12-31T22:30:35.135+0700] {dag.py:3427} INFO - Setting next_dagrun for example_branch_dop_operator_v3 to 2022-12-31T15:29:00+00:00, run_after=2022-12-31T15:30:00+00:00
[2022-12-31T22:30:35.169+0700] {processor.py:175} INFO - Processing /home/dmk/anaconda3/envs/airflow/lib/python3.7/site-packages/airflow/example_dags/example_branch_python_dop_operator_3.py took 0.178 seconds
[2022-12-31T22:31:23.309+0700] {processor.py:153} INFO - Started process (PID=51662) to work on /home/dmk/anaconda3/envs/airflow/lib/python3.7/site-packages/airflow/example_dags/example_branch_python_dop_operator_3.py
[2022-12-31T22:31:23.315+0700] {processor.py:743} INFO - Processing file /home/dmk/anaconda3/envs/airflow/lib/python3.7/site-packages/airflow/example_dags/example_branch_python_dop_operator_3.py for tasks to queue
[2022-12-31T22:31:23.318+0700] {logging_mixin.py:137} INFO - [2022-12-31T22:31:23.317+0700] {dagbag.py:538} INFO - Filling up the DagBag from /home/dmk/anaconda3/envs/airflow/lib/python3.7/site-packages/airflow/example_dags/example_branch_python_dop_operator_3.py
[2022-12-31T22:31:23.397+0700] {processor.py:753} INFO - DAG(s) dict_keys(['example_branch_dop_operator_v3']) retrieved from /home/dmk/anaconda3/envs/airflow/lib/python3.7/site-packages/airflow/example_dags/example_branch_python_dop_operator_3.py
[2022-12-31T22:31:23.429+0700] {logging_mixin.py:137} INFO - [2022-12-31T22:31:23.429+0700] {dag.py:2676} INFO - Sync 1 DAGs
[2022-12-31T22:31:23.453+0700] {logging_mixin.py:137} INFO - [2022-12-31T22:31:23.453+0700] {dag.py:3427} INFO - Setting next_dagrun for example_branch_dop_operator_v3 to 2022-12-31T15:30:00+00:00, run_after=2022-12-31T15:31:00+00:00
[2022-12-31T22:31:23.491+0700] {processor.py:175} INFO - Processing /home/dmk/anaconda3/envs/airflow/lib/python3.7/site-packages/airflow/example_dags/example_branch_python_dop_operator_3.py took 0.191 seconds
[2022-12-31T22:32:11.767+0700] {processor.py:153} INFO - Started process (PID=51850) to work on /home/dmk/anaconda3/envs/airflow/lib/python3.7/site-packages/airflow/example_dags/example_branch_python_dop_operator_3.py
[2022-12-31T22:32:11.772+0700] {processor.py:743} INFO - Processing file /home/dmk/anaconda3/envs/airflow/lib/python3.7/site-packages/airflow/example_dags/example_branch_python_dop_operator_3.py for tasks to queue
[2022-12-31T22:32:11.776+0700] {logging_mixin.py:137} INFO - [2022-12-31T22:32:11.775+0700] {dagbag.py:538} INFO - Filling up the DagBag from /home/dmk/anaconda3/envs/airflow/lib/python3.7/site-packages/airflow/example_dags/example_branch_python_dop_operator_3.py
[2022-12-31T22:32:11.857+0700] {processor.py:753} INFO - DAG(s) dict_keys(['example_branch_dop_operator_v3']) retrieved from /home/dmk/anaconda3/envs/airflow/lib/python3.7/site-packages/airflow/example_dags/example_branch_python_dop_operator_3.py
[2022-12-31T22:32:11.886+0700] {logging_mixin.py:137} INFO - [2022-12-31T22:32:11.885+0700] {dag.py:2676} INFO - Sync 1 DAGs
[2022-12-31T22:32:11.922+0700] {logging_mixin.py:137} INFO - [2022-12-31T22:32:11.922+0700] {dag.py:3427} INFO - Setting next_dagrun for example_branch_dop_operator_v3 to 2022-12-31T15:31:00+00:00, run_after=2022-12-31T15:32:00+00:00
[2022-12-31T22:32:11.963+0700] {processor.py:175} INFO - Processing /home/dmk/anaconda3/envs/airflow/lib/python3.7/site-packages/airflow/example_dags/example_branch_python_dop_operator_3.py took 0.207 seconds
