[2022-12-31T20:47:53.100+0700] {processor.py:153} INFO - Started process (PID=8525) to work on /home/dmk/anaconda3/lib/python3.9/site-packages/airflow/example_dags/tutorial_taskflow_api.py
[2022-12-31T20:47:53.101+0700] {processor.py:743} INFO - Processing file /home/dmk/anaconda3/lib/python3.9/site-packages/airflow/example_dags/tutorial_taskflow_api.py for tasks to queue
[2022-12-31T20:47:53.101+0700] {logging_mixin.py:137} INFO - [2022-12-31T20:47:53.101+0700] {dagbag.py:538} INFO - Filling up the DagBag from /home/dmk/anaconda3/lib/python3.9/site-packages/airflow/example_dags/tutorial_taskflow_api.py
[2022-12-31T20:47:53.124+0700] {processor.py:753} INFO - DAG(s) dict_keys(['tutorial_taskflow_api']) retrieved from /home/dmk/anaconda3/lib/python3.9/site-packages/airflow/example_dags/tutorial_taskflow_api.py
[2022-12-31T20:47:53.263+0700] {logging_mixin.py:137} INFO - [2022-12-31T20:47:53.262+0700] {dag.py:2676} INFO - Sync 1 DAGs
[2022-12-31T20:47:53.278+0700] {logging_mixin.py:137} INFO - [2022-12-31T20:47:53.278+0700] {dag.py:3423} INFO - Setting next_dagrun for tutorial_taskflow_api to None, run_after=None
[2022-12-31T20:47:53.301+0700] {processor.py:175} INFO - Processing /home/dmk/anaconda3/lib/python3.9/site-packages/airflow/example_dags/tutorial_taskflow_api.py took 0.204 seconds
[2022-12-31T20:54:50.883+0700] {processor.py:153} INFO - Started process (PID=11804) to work on /home/dmk/anaconda3/lib/python3.9/site-packages/airflow/example_dags/tutorial_taskflow_api.py
[2022-12-31T20:54:50.887+0700] {processor.py:743} INFO - Processing file /home/dmk/anaconda3/lib/python3.9/site-packages/airflow/example_dags/tutorial_taskflow_api.py for tasks to queue
[2022-12-31T20:54:50.887+0700] {logging_mixin.py:137} INFO - [2022-12-31T20:54:50.887+0700] {dagbag.py:538} INFO - Filling up the DagBag from /home/dmk/anaconda3/lib/python3.9/site-packages/airflow/example_dags/tutorial_taskflow_api.py
[2022-12-31T20:54:50.913+0700] {processor.py:753} INFO - DAG(s) dict_keys(['tutorial_taskflow_api']) retrieved from /home/dmk/anaconda3/lib/python3.9/site-packages/airflow/example_dags/tutorial_taskflow_api.py
[2022-12-31T20:54:50.945+0700] {logging_mixin.py:137} INFO - [2022-12-31T20:54:50.945+0700] {dag.py:2676} INFO - Sync 1 DAGs
[2022-12-31T20:54:51.084+0700] {logging_mixin.py:137} INFO - [2022-12-31T20:54:51.083+0700] {dag.py:3423} INFO - Setting next_dagrun for tutorial_taskflow_api to None, run_after=None
[2022-12-31T20:54:51.110+0700] {processor.py:175} INFO - Processing /home/dmk/anaconda3/lib/python3.9/site-packages/airflow/example_dags/tutorial_taskflow_api.py took 0.230 seconds
[2022-12-31T20:55:35.029+0700] {processor.py:153} INFO - Started process (PID=12029) to work on /home/dmk/anaconda3/lib/python3.9/site-packages/airflow/example_dags/tutorial_taskflow_api.py
[2022-12-31T20:55:35.031+0700] {processor.py:743} INFO - Processing file /home/dmk/anaconda3/lib/python3.9/site-packages/airflow/example_dags/tutorial_taskflow_api.py for tasks to queue
[2022-12-31T20:55:35.032+0700] {logging_mixin.py:137} INFO - [2022-12-31T20:55:35.031+0700] {dagbag.py:538} INFO - Filling up the DagBag from /home/dmk/anaconda3/lib/python3.9/site-packages/airflow/example_dags/tutorial_taskflow_api.py
[2022-12-31T20:55:35.065+0700] {processor.py:753} INFO - DAG(s) dict_keys(['tutorial_taskflow_api']) retrieved from /home/dmk/anaconda3/lib/python3.9/site-packages/airflow/example_dags/tutorial_taskflow_api.py
[2022-12-31T20:55:35.217+0700] {logging_mixin.py:137} INFO - [2022-12-31T20:55:35.217+0700] {dag.py:2676} INFO - Sync 1 DAGs
[2022-12-31T20:55:35.247+0700] {logging_mixin.py:137} INFO - [2022-12-31T20:55:35.247+0700] {dag.py:3423} INFO - Setting next_dagrun for tutorial_taskflow_api to None, run_after=None
[2022-12-31T20:55:35.275+0700] {processor.py:175} INFO - Processing /home/dmk/anaconda3/lib/python3.9/site-packages/airflow/example_dags/tutorial_taskflow_api.py took 0.251 seconds
[2022-12-31T20:56:17.621+0700] {processor.py:153} INFO - Started process (PID=12190) to work on /home/dmk/anaconda3/lib/python3.9/site-packages/airflow/example_dags/tutorial_taskflow_api.py
[2022-12-31T20:56:17.625+0700] {processor.py:743} INFO - Processing file /home/dmk/anaconda3/lib/python3.9/site-packages/airflow/example_dags/tutorial_taskflow_api.py for tasks to queue
[2022-12-31T20:56:17.625+0700] {logging_mixin.py:137} INFO - [2022-12-31T20:56:17.625+0700] {dagbag.py:538} INFO - Filling up the DagBag from /home/dmk/anaconda3/lib/python3.9/site-packages/airflow/example_dags/tutorial_taskflow_api.py
[2022-12-31T20:56:17.655+0700] {processor.py:753} INFO - DAG(s) dict_keys(['tutorial_taskflow_api']) retrieved from /home/dmk/anaconda3/lib/python3.9/site-packages/airflow/example_dags/tutorial_taskflow_api.py
[2022-12-31T20:56:17.821+0700] {logging_mixin.py:137} INFO - [2022-12-31T20:56:17.821+0700] {dag.py:2676} INFO - Sync 1 DAGs
[2022-12-31T20:56:17.840+0700] {logging_mixin.py:137} INFO - [2022-12-31T20:56:17.840+0700] {dag.py:3423} INFO - Setting next_dagrun for tutorial_taskflow_api to None, run_after=None
[2022-12-31T20:56:17.862+0700] {processor.py:175} INFO - Processing /home/dmk/anaconda3/lib/python3.9/site-packages/airflow/example_dags/tutorial_taskflow_api.py took 0.244 seconds
[2022-12-31T20:57:21.372+0700] {processor.py:153} INFO - Started process (PID=12479) to work on /home/dmk/anaconda3/lib/python3.9/site-packages/airflow/example_dags/tutorial_taskflow_api.py
[2022-12-31T20:57:21.376+0700] {processor.py:743} INFO - Processing file /home/dmk/anaconda3/lib/python3.9/site-packages/airflow/example_dags/tutorial_taskflow_api.py for tasks to queue
[2022-12-31T20:57:21.378+0700] {logging_mixin.py:137} INFO - [2022-12-31T20:57:21.377+0700] {dagbag.py:538} INFO - Filling up the DagBag from /home/dmk/anaconda3/lib/python3.9/site-packages/airflow/example_dags/tutorial_taskflow_api.py
[2022-12-31T20:57:21.415+0700] {processor.py:753} INFO - DAG(s) dict_keys(['tutorial_taskflow_api']) retrieved from /home/dmk/anaconda3/lib/python3.9/site-packages/airflow/example_dags/tutorial_taskflow_api.py
[2022-12-31T20:57:21.573+0700] {logging_mixin.py:137} INFO - [2022-12-31T20:57:21.573+0700] {dag.py:2676} INFO - Sync 1 DAGs
[2022-12-31T20:57:21.591+0700] {logging_mixin.py:137} INFO - [2022-12-31T20:57:21.591+0700] {dag.py:3423} INFO - Setting next_dagrun for tutorial_taskflow_api to None, run_after=None
[2022-12-31T20:57:21.626+0700] {processor.py:175} INFO - Processing /home/dmk/anaconda3/lib/python3.9/site-packages/airflow/example_dags/tutorial_taskflow_api.py took 0.257 seconds
[2022-12-31T20:58:14.818+0700] {processor.py:153} INFO - Started process (PID=12906) to work on /home/dmk/anaconda3/lib/python3.9/site-packages/airflow/example_dags/tutorial_taskflow_api.py
[2022-12-31T20:58:14.822+0700] {processor.py:743} INFO - Processing file /home/dmk/anaconda3/lib/python3.9/site-packages/airflow/example_dags/tutorial_taskflow_api.py for tasks to queue
[2022-12-31T20:58:14.823+0700] {logging_mixin.py:137} INFO - [2022-12-31T20:58:14.823+0700] {dagbag.py:538} INFO - Filling up the DagBag from /home/dmk/anaconda3/lib/python3.9/site-packages/airflow/example_dags/tutorial_taskflow_api.py
[2022-12-31T20:58:14.998+0700] {processor.py:753} INFO - DAG(s) dict_keys(['tutorial_taskflow_api']) retrieved from /home/dmk/anaconda3/lib/python3.9/site-packages/airflow/example_dags/tutorial_taskflow_api.py
[2022-12-31T20:58:15.030+0700] {logging_mixin.py:137} INFO - [2022-12-31T20:58:15.030+0700] {dag.py:2676} INFO - Sync 1 DAGs
[2022-12-31T20:58:15.055+0700] {logging_mixin.py:137} INFO - [2022-12-31T20:58:15.054+0700] {dag.py:3423} INFO - Setting next_dagrun for tutorial_taskflow_api to None, run_after=None
[2022-12-31T20:58:15.080+0700] {processor.py:175} INFO - Processing /home/dmk/anaconda3/lib/python3.9/site-packages/airflow/example_dags/tutorial_taskflow_api.py took 0.267 seconds
[2022-12-31T20:59:05.486+0700] {processor.py:153} INFO - Started process (PID=13099) to work on /home/dmk/anaconda3/lib/python3.9/site-packages/airflow/example_dags/tutorial_taskflow_api.py
[2022-12-31T20:59:05.494+0700] {processor.py:743} INFO - Processing file /home/dmk/anaconda3/lib/python3.9/site-packages/airflow/example_dags/tutorial_taskflow_api.py for tasks to queue
[2022-12-31T20:59:05.496+0700] {logging_mixin.py:137} INFO - [2022-12-31T20:59:05.495+0700] {dagbag.py:538} INFO - Filling up the DagBag from /home/dmk/anaconda3/lib/python3.9/site-packages/airflow/example_dags/tutorial_taskflow_api.py
[2022-12-31T20:59:05.535+0700] {processor.py:753} INFO - DAG(s) dict_keys(['tutorial_taskflow_api']) retrieved from /home/dmk/anaconda3/lib/python3.9/site-packages/airflow/example_dags/tutorial_taskflow_api.py
[2022-12-31T20:59:05.572+0700] {logging_mixin.py:137} INFO - [2022-12-31T20:59:05.571+0700] {dag.py:2676} INFO - Sync 1 DAGs
[2022-12-31T20:59:05.594+0700] {logging_mixin.py:137} INFO - [2022-12-31T20:59:05.594+0700] {dag.py:3423} INFO - Setting next_dagrun for tutorial_taskflow_api to None, run_after=None
[2022-12-31T20:59:05.617+0700] {processor.py:175} INFO - Processing /home/dmk/anaconda3/lib/python3.9/site-packages/airflow/example_dags/tutorial_taskflow_api.py took 0.145 seconds
[2022-12-31T20:59:51.100+0700] {processor.py:153} INFO - Started process (PID=14312) to work on /home/dmk/anaconda3/lib/python3.9/site-packages/airflow/example_dags/tutorial_taskflow_api.py
[2022-12-31T20:59:51.107+0700] {processor.py:743} INFO - Processing file /home/dmk/anaconda3/lib/python3.9/site-packages/airflow/example_dags/tutorial_taskflow_api.py for tasks to queue
[2022-12-31T20:59:51.110+0700] {logging_mixin.py:137} INFO - [2022-12-31T20:59:51.109+0700] {dagbag.py:538} INFO - Filling up the DagBag from /home/dmk/anaconda3/lib/python3.9/site-packages/airflow/example_dags/tutorial_taskflow_api.py
[2022-12-31T20:59:51.176+0700] {processor.py:753} INFO - DAG(s) dict_keys(['tutorial_taskflow_api']) retrieved from /home/dmk/anaconda3/lib/python3.9/site-packages/airflow/example_dags/tutorial_taskflow_api.py
[2022-12-31T20:59:51.209+0700] {logging_mixin.py:137} INFO - [2022-12-31T20:59:51.209+0700] {dag.py:2676} INFO - Sync 1 DAGs
[2022-12-31T20:59:51.230+0700] {logging_mixin.py:137} INFO - [2022-12-31T20:59:51.230+0700] {dag.py:3423} INFO - Setting next_dagrun for tutorial_taskflow_api to None, run_after=None
[2022-12-31T20:59:51.257+0700] {processor.py:175} INFO - Processing /home/dmk/anaconda3/lib/python3.9/site-packages/airflow/example_dags/tutorial_taskflow_api.py took 0.169 seconds
[2022-12-31T21:00:49.233+0700] {processor.py:153} INFO - Started process (PID=15517) to work on /home/dmk/anaconda3/lib/python3.9/site-packages/airflow/example_dags/tutorial_taskflow_api.py
[2022-12-31T21:00:49.239+0700] {processor.py:743} INFO - Processing file /home/dmk/anaconda3/lib/python3.9/site-packages/airflow/example_dags/tutorial_taskflow_api.py for tasks to queue
[2022-12-31T21:00:49.242+0700] {logging_mixin.py:137} INFO - [2022-12-31T21:00:49.241+0700] {dagbag.py:538} INFO - Filling up the DagBag from /home/dmk/anaconda3/lib/python3.9/site-packages/airflow/example_dags/tutorial_taskflow_api.py
[2022-12-31T21:00:49.278+0700] {processor.py:753} INFO - DAG(s) dict_keys(['tutorial_taskflow_api']) retrieved from /home/dmk/anaconda3/lib/python3.9/site-packages/airflow/example_dags/tutorial_taskflow_api.py
[2022-12-31T21:00:49.306+0700] {logging_mixin.py:137} INFO - [2022-12-31T21:00:49.306+0700] {dag.py:2676} INFO - Sync 1 DAGs
[2022-12-31T21:00:49.323+0700] {logging_mixin.py:137} INFO - [2022-12-31T21:00:49.322+0700] {dag.py:3423} INFO - Setting next_dagrun for tutorial_taskflow_api to None, run_after=None
[2022-12-31T21:00:49.345+0700] {processor.py:175} INFO - Processing /home/dmk/anaconda3/lib/python3.9/site-packages/airflow/example_dags/tutorial_taskflow_api.py took 0.121 seconds
[2022-12-31T21:01:26.532+0700] {processor.py:153} INFO - Started process (PID=16187) to work on /home/dmk/anaconda3/lib/python3.9/site-packages/airflow/example_dags/tutorial_taskflow_api.py
[2022-12-31T21:01:26.538+0700] {processor.py:743} INFO - Processing file /home/dmk/anaconda3/lib/python3.9/site-packages/airflow/example_dags/tutorial_taskflow_api.py for tasks to queue
[2022-12-31T21:01:26.541+0700] {logging_mixin.py:137} INFO - [2022-12-31T21:01:26.540+0700] {dagbag.py:538} INFO - Filling up the DagBag from /home/dmk/anaconda3/lib/python3.9/site-packages/airflow/example_dags/tutorial_taskflow_api.py
[2022-12-31T21:01:26.598+0700] {processor.py:753} INFO - DAG(s) dict_keys(['tutorial_taskflow_api']) retrieved from /home/dmk/anaconda3/lib/python3.9/site-packages/airflow/example_dags/tutorial_taskflow_api.py
[2022-12-31T21:01:26.629+0700] {logging_mixin.py:137} INFO - [2022-12-31T21:01:26.629+0700] {dag.py:2676} INFO - Sync 1 DAGs
[2022-12-31T21:01:26.648+0700] {logging_mixin.py:137} INFO - [2022-12-31T21:01:26.648+0700] {dag.py:3423} INFO - Setting next_dagrun for tutorial_taskflow_api to None, run_after=None
[2022-12-31T21:01:26.691+0700] {processor.py:175} INFO - Processing /home/dmk/anaconda3/lib/python3.9/site-packages/airflow/example_dags/tutorial_taskflow_api.py took 0.171 seconds
[2022-12-31T21:02:16.591+0700] {processor.py:153} INFO - Started process (PID=16301) to work on /home/dmk/anaconda3/lib/python3.9/site-packages/airflow/example_dags/tutorial_taskflow_api.py
[2022-12-31T21:02:16.594+0700] {processor.py:743} INFO - Processing file /home/dmk/anaconda3/lib/python3.9/site-packages/airflow/example_dags/tutorial_taskflow_api.py for tasks to queue
[2022-12-31T21:02:16.596+0700] {logging_mixin.py:137} INFO - [2022-12-31T21:02:16.595+0700] {dagbag.py:538} INFO - Filling up the DagBag from /home/dmk/anaconda3/lib/python3.9/site-packages/airflow/example_dags/tutorial_taskflow_api.py
[2022-12-31T21:02:16.625+0700] {processor.py:753} INFO - DAG(s) dict_keys(['tutorial_taskflow_api']) retrieved from /home/dmk/anaconda3/lib/python3.9/site-packages/airflow/example_dags/tutorial_taskflow_api.py
[2022-12-31T21:02:16.651+0700] {logging_mixin.py:137} INFO - [2022-12-31T21:02:16.651+0700] {dag.py:2676} INFO - Sync 1 DAGs
[2022-12-31T21:02:16.669+0700] {logging_mixin.py:137} INFO - [2022-12-31T21:02:16.669+0700] {dag.py:3423} INFO - Setting next_dagrun for tutorial_taskflow_api to None, run_after=None
[2022-12-31T21:02:16.692+0700] {processor.py:175} INFO - Processing /home/dmk/anaconda3/lib/python3.9/site-packages/airflow/example_dags/tutorial_taskflow_api.py took 0.107 seconds
[2022-12-31T21:02:53.602+0700] {processor.py:153} INFO - Started process (PID=16558) to work on /home/dmk/anaconda3/lib/python3.9/site-packages/airflow/example_dags/tutorial_taskflow_api.py
[2022-12-31T21:02:53.607+0700] {processor.py:743} INFO - Processing file /home/dmk/anaconda3/lib/python3.9/site-packages/airflow/example_dags/tutorial_taskflow_api.py for tasks to queue
[2022-12-31T21:02:53.610+0700] {logging_mixin.py:137} INFO - [2022-12-31T21:02:53.609+0700] {dagbag.py:538} INFO - Filling up the DagBag from /home/dmk/anaconda3/lib/python3.9/site-packages/airflow/example_dags/tutorial_taskflow_api.py
[2022-12-31T21:02:53.641+0700] {processor.py:753} INFO - DAG(s) dict_keys(['tutorial_taskflow_api']) retrieved from /home/dmk/anaconda3/lib/python3.9/site-packages/airflow/example_dags/tutorial_taskflow_api.py
[2022-12-31T21:02:53.668+0700] {logging_mixin.py:137} INFO - [2022-12-31T21:02:53.668+0700] {dag.py:2676} INFO - Sync 1 DAGs
[2022-12-31T21:02:53.686+0700] {logging_mixin.py:137} INFO - [2022-12-31T21:02:53.686+0700] {dag.py:3423} INFO - Setting next_dagrun for tutorial_taskflow_api to None, run_after=None
[2022-12-31T21:02:53.711+0700] {processor.py:175} INFO - Processing /home/dmk/anaconda3/lib/python3.9/site-packages/airflow/example_dags/tutorial_taskflow_api.py took 0.112 seconds
[2022-12-31T21:03:28.371+0700] {processor.py:153} INFO - Started process (PID=16844) to work on /home/dmk/anaconda3/lib/python3.9/site-packages/airflow/example_dags/tutorial_taskflow_api.py
[2022-12-31T21:03:28.375+0700] {processor.py:743} INFO - Processing file /home/dmk/anaconda3/lib/python3.9/site-packages/airflow/example_dags/tutorial_taskflow_api.py for tasks to queue
[2022-12-31T21:03:28.376+0700] {logging_mixin.py:137} INFO - [2022-12-31T21:03:28.375+0700] {dagbag.py:538} INFO - Filling up the DagBag from /home/dmk/anaconda3/lib/python3.9/site-packages/airflow/example_dags/tutorial_taskflow_api.py
[2022-12-31T21:03:28.398+0700] {processor.py:753} INFO - DAG(s) dict_keys(['tutorial_taskflow_api']) retrieved from /home/dmk/anaconda3/lib/python3.9/site-packages/airflow/example_dags/tutorial_taskflow_api.py
[2022-12-31T21:03:28.423+0700] {logging_mixin.py:137} INFO - [2022-12-31T21:03:28.423+0700] {dag.py:2676} INFO - Sync 1 DAGs
[2022-12-31T21:03:28.536+0700] {logging_mixin.py:137} INFO - [2022-12-31T21:03:28.536+0700] {dag.py:3423} INFO - Setting next_dagrun for tutorial_taskflow_api to None, run_after=None
[2022-12-31T21:03:28.559+0700] {processor.py:175} INFO - Processing /home/dmk/anaconda3/lib/python3.9/site-packages/airflow/example_dags/tutorial_taskflow_api.py took 0.190 seconds
[2022-12-31T21:04:20.598+0700] {processor.py:153} INFO - Started process (PID=17110) to work on /home/dmk/anaconda3/lib/python3.9/site-packages/airflow/example_dags/tutorial_taskflow_api.py
[2022-12-31T21:04:20.603+0700] {processor.py:743} INFO - Processing file /home/dmk/anaconda3/lib/python3.9/site-packages/airflow/example_dags/tutorial_taskflow_api.py for tasks to queue
[2022-12-31T21:04:20.604+0700] {logging_mixin.py:137} INFO - [2022-12-31T21:04:20.604+0700] {dagbag.py:538} INFO - Filling up the DagBag from /home/dmk/anaconda3/lib/python3.9/site-packages/airflow/example_dags/tutorial_taskflow_api.py
[2022-12-31T21:04:20.635+0700] {processor.py:753} INFO - DAG(s) dict_keys(['tutorial_taskflow_api']) retrieved from /home/dmk/anaconda3/lib/python3.9/site-packages/airflow/example_dags/tutorial_taskflow_api.py
[2022-12-31T21:04:20.828+0700] {logging_mixin.py:137} INFO - [2022-12-31T21:04:20.828+0700] {dag.py:2676} INFO - Sync 1 DAGs
[2022-12-31T21:04:20.857+0700] {logging_mixin.py:137} INFO - [2022-12-31T21:04:20.857+0700] {dag.py:3423} INFO - Setting next_dagrun for tutorial_taskflow_api to None, run_after=None
[2022-12-31T21:04:20.893+0700] {processor.py:175} INFO - Processing /home/dmk/anaconda3/lib/python3.9/site-packages/airflow/example_dags/tutorial_taskflow_api.py took 0.300 seconds
[2022-12-31T21:05:11.568+0700] {processor.py:153} INFO - Started process (PID=17860) to work on /home/dmk/anaconda3/lib/python3.9/site-packages/airflow/example_dags/tutorial_taskflow_api.py
[2022-12-31T21:05:11.570+0700] {processor.py:743} INFO - Processing file /home/dmk/anaconda3/lib/python3.9/site-packages/airflow/example_dags/tutorial_taskflow_api.py for tasks to queue
[2022-12-31T21:05:11.571+0700] {logging_mixin.py:137} INFO - [2022-12-31T21:05:11.570+0700] {dagbag.py:538} INFO - Filling up the DagBag from /home/dmk/anaconda3/lib/python3.9/site-packages/airflow/example_dags/tutorial_taskflow_api.py
[2022-12-31T21:05:11.596+0700] {processor.py:753} INFO - DAG(s) dict_keys(['tutorial_taskflow_api']) retrieved from /home/dmk/anaconda3/lib/python3.9/site-packages/airflow/example_dags/tutorial_taskflow_api.py
[2022-12-31T21:05:11.766+0700] {logging_mixin.py:137} INFO - [2022-12-31T21:05:11.766+0700] {dag.py:2676} INFO - Sync 1 DAGs
[2022-12-31T21:05:11.783+0700] {logging_mixin.py:137} INFO - [2022-12-31T21:05:11.783+0700] {dag.py:3423} INFO - Setting next_dagrun for tutorial_taskflow_api to None, run_after=None
[2022-12-31T21:05:11.807+0700] {processor.py:175} INFO - Processing /home/dmk/anaconda3/lib/python3.9/site-packages/airflow/example_dags/tutorial_taskflow_api.py took 0.242 seconds
[2022-12-31T21:05:59.683+0700] {processor.py:153} INFO - Started process (PID=18384) to work on /home/dmk/anaconda3/lib/python3.9/site-packages/airflow/example_dags/tutorial_taskflow_api.py
[2022-12-31T21:05:59.702+0700] {processor.py:743} INFO - Processing file /home/dmk/anaconda3/lib/python3.9/site-packages/airflow/example_dags/tutorial_taskflow_api.py for tasks to queue
[2022-12-31T21:05:59.704+0700] {logging_mixin.py:137} INFO - [2022-12-31T21:05:59.704+0700] {dagbag.py:538} INFO - Filling up the DagBag from /home/dmk/anaconda3/lib/python3.9/site-packages/airflow/example_dags/tutorial_taskflow_api.py
[2022-12-31T21:05:59.752+0700] {processor.py:753} INFO - DAG(s) dict_keys(['tutorial_taskflow_api']) retrieved from /home/dmk/anaconda3/lib/python3.9/site-packages/airflow/example_dags/tutorial_taskflow_api.py
[2022-12-31T21:05:59.961+0700] {logging_mixin.py:137} INFO - [2022-12-31T21:05:59.961+0700] {dag.py:2676} INFO - Sync 1 DAGs
[2022-12-31T21:06:00.005+0700] {logging_mixin.py:137} INFO - [2022-12-31T21:06:00.005+0700] {dag.py:3423} INFO - Setting next_dagrun for tutorial_taskflow_api to None, run_after=None
[2022-12-31T21:06:00.047+0700] {processor.py:175} INFO - Processing /home/dmk/anaconda3/lib/python3.9/site-packages/airflow/example_dags/tutorial_taskflow_api.py took 0.368 seconds
[2022-12-31T21:07:02.312+0700] {processor.py:153} INFO - Started process (PID=18546) to work on /home/dmk/anaconda3/lib/python3.9/site-packages/airflow/example_dags/tutorial_taskflow_api.py
[2022-12-31T21:07:02.317+0700] {processor.py:743} INFO - Processing file /home/dmk/anaconda3/lib/python3.9/site-packages/airflow/example_dags/tutorial_taskflow_api.py for tasks to queue
[2022-12-31T21:07:02.319+0700] {logging_mixin.py:137} INFO - [2022-12-31T21:07:02.319+0700] {dagbag.py:538} INFO - Filling up the DagBag from /home/dmk/anaconda3/lib/python3.9/site-packages/airflow/example_dags/tutorial_taskflow_api.py
[2022-12-31T21:07:02.351+0700] {processor.py:753} INFO - DAG(s) dict_keys(['tutorial_taskflow_api']) retrieved from /home/dmk/anaconda3/lib/python3.9/site-packages/airflow/example_dags/tutorial_taskflow_api.py
[2022-12-31T21:07:02.470+0700] {logging_mixin.py:137} INFO - [2022-12-31T21:07:02.470+0700] {dag.py:2676} INFO - Sync 1 DAGs
[2022-12-31T21:07:02.486+0700] {logging_mixin.py:137} INFO - [2022-12-31T21:07:02.486+0700] {dag.py:3423} INFO - Setting next_dagrun for tutorial_taskflow_api to None, run_after=None
[2022-12-31T21:07:02.508+0700] {processor.py:175} INFO - Processing /home/dmk/anaconda3/lib/python3.9/site-packages/airflow/example_dags/tutorial_taskflow_api.py took 0.199 seconds
[2022-12-31T21:07:47.316+0700] {processor.py:153} INFO - Started process (PID=18734) to work on /home/dmk/anaconda3/lib/python3.9/site-packages/airflow/example_dags/tutorial_taskflow_api.py
[2022-12-31T21:07:47.321+0700] {processor.py:743} INFO - Processing file /home/dmk/anaconda3/lib/python3.9/site-packages/airflow/example_dags/tutorial_taskflow_api.py for tasks to queue
[2022-12-31T21:07:47.323+0700] {logging_mixin.py:137} INFO - [2022-12-31T21:07:47.323+0700] {dagbag.py:538} INFO - Filling up the DagBag from /home/dmk/anaconda3/lib/python3.9/site-packages/airflow/example_dags/tutorial_taskflow_api.py
[2022-12-31T21:07:47.467+0700] {processor.py:753} INFO - DAG(s) dict_keys(['tutorial_taskflow_api']) retrieved from /home/dmk/anaconda3/lib/python3.9/site-packages/airflow/example_dags/tutorial_taskflow_api.py
[2022-12-31T21:07:47.488+0700] {logging_mixin.py:137} INFO - [2022-12-31T21:07:47.488+0700] {dag.py:2676} INFO - Sync 1 DAGs
[2022-12-31T21:07:47.505+0700] {logging_mixin.py:137} INFO - [2022-12-31T21:07:47.505+0700] {dag.py:3423} INFO - Setting next_dagrun for tutorial_taskflow_api to None, run_after=None
[2022-12-31T21:07:47.526+0700] {processor.py:175} INFO - Processing /home/dmk/anaconda3/lib/python3.9/site-packages/airflow/example_dags/tutorial_taskflow_api.py took 0.219 seconds
[2022-12-31T21:08:36.500+0700] {processor.py:153} INFO - Started process (PID=18918) to work on /home/dmk/anaconda3/lib/python3.9/site-packages/airflow/example_dags/tutorial_taskflow_api.py
[2022-12-31T21:08:36.505+0700] {processor.py:743} INFO - Processing file /home/dmk/anaconda3/lib/python3.9/site-packages/airflow/example_dags/tutorial_taskflow_api.py for tasks to queue
[2022-12-31T21:08:36.507+0700] {logging_mixin.py:137} INFO - [2022-12-31T21:08:36.506+0700] {dagbag.py:538} INFO - Filling up the DagBag from /home/dmk/anaconda3/lib/python3.9/site-packages/airflow/example_dags/tutorial_taskflow_api.py
[2022-12-31T21:08:36.542+0700] {processor.py:753} INFO - DAG(s) dict_keys(['tutorial_taskflow_api']) retrieved from /home/dmk/anaconda3/lib/python3.9/site-packages/airflow/example_dags/tutorial_taskflow_api.py
[2022-12-31T21:08:36.567+0700] {logging_mixin.py:137} INFO - [2022-12-31T21:08:36.567+0700] {dag.py:2676} INFO - Sync 1 DAGs
[2022-12-31T21:08:36.584+0700] {logging_mixin.py:137} INFO - [2022-12-31T21:08:36.584+0700] {dag.py:3423} INFO - Setting next_dagrun for tutorial_taskflow_api to None, run_after=None
[2022-12-31T21:08:36.605+0700] {processor.py:175} INFO - Processing /home/dmk/anaconda3/lib/python3.9/site-packages/airflow/example_dags/tutorial_taskflow_api.py took 0.113 seconds
[2022-12-31T21:09:27.002+0700] {processor.py:153} INFO - Started process (PID=19732) to work on /home/dmk/anaconda3/lib/python3.9/site-packages/airflow/example_dags/tutorial_taskflow_api.py
[2022-12-31T21:09:27.006+0700] {processor.py:743} INFO - Processing file /home/dmk/anaconda3/lib/python3.9/site-packages/airflow/example_dags/tutorial_taskflow_api.py for tasks to queue
[2022-12-31T21:09:27.007+0700] {logging_mixin.py:137} INFO - [2022-12-31T21:09:27.007+0700] {dagbag.py:538} INFO - Filling up the DagBag from /home/dmk/anaconda3/lib/python3.9/site-packages/airflow/example_dags/tutorial_taskflow_api.py
[2022-12-31T21:09:27.037+0700] {processor.py:753} INFO - DAG(s) dict_keys(['tutorial_taskflow_api']) retrieved from /home/dmk/anaconda3/lib/python3.9/site-packages/airflow/example_dags/tutorial_taskflow_api.py
[2022-12-31T21:09:27.072+0700] {logging_mixin.py:137} INFO - [2022-12-31T21:09:27.071+0700] {dag.py:2676} INFO - Sync 1 DAGs
[2022-12-31T21:09:27.094+0700] {logging_mixin.py:137} INFO - [2022-12-31T21:09:27.094+0700] {dag.py:3423} INFO - Setting next_dagrun for tutorial_taskflow_api to None, run_after=None
[2022-12-31T21:09:27.119+0700] {processor.py:175} INFO - Processing /home/dmk/anaconda3/lib/python3.9/site-packages/airflow/example_dags/tutorial_taskflow_api.py took 0.120 seconds
[2022-12-31T21:10:08.731+0700] {processor.py:153} INFO - Started process (PID=19873) to work on /home/dmk/anaconda3/lib/python3.9/site-packages/airflow/example_dags/tutorial_taskflow_api.py
[2022-12-31T21:10:08.736+0700] {processor.py:743} INFO - Processing file /home/dmk/anaconda3/lib/python3.9/site-packages/airflow/example_dags/tutorial_taskflow_api.py for tasks to queue
[2022-12-31T21:10:08.736+0700] {logging_mixin.py:137} INFO - [2022-12-31T21:10:08.736+0700] {dagbag.py:538} INFO - Filling up the DagBag from /home/dmk/anaconda3/lib/python3.9/site-packages/airflow/example_dags/tutorial_taskflow_api.py
[2022-12-31T21:10:08.758+0700] {processor.py:753} INFO - DAG(s) dict_keys(['tutorial_taskflow_api']) retrieved from /home/dmk/anaconda3/lib/python3.9/site-packages/airflow/example_dags/tutorial_taskflow_api.py
[2022-12-31T21:10:08.783+0700] {logging_mixin.py:137} INFO - [2022-12-31T21:10:08.783+0700] {dag.py:2676} INFO - Sync 1 DAGs
[2022-12-31T21:10:08.800+0700] {logging_mixin.py:137} INFO - [2022-12-31T21:10:08.800+0700] {dag.py:3423} INFO - Setting next_dagrun for tutorial_taskflow_api to None, run_after=None
[2022-12-31T21:10:08.823+0700] {processor.py:175} INFO - Processing /home/dmk/anaconda3/lib/python3.9/site-packages/airflow/example_dags/tutorial_taskflow_api.py took 0.094 seconds
[2022-12-31T21:10:44.309+0700] {processor.py:153} INFO - Started process (PID=20096) to work on /home/dmk/anaconda3/lib/python3.9/site-packages/airflow/example_dags/tutorial_taskflow_api.py
[2022-12-31T21:10:44.311+0700] {processor.py:743} INFO - Processing file /home/dmk/anaconda3/lib/python3.9/site-packages/airflow/example_dags/tutorial_taskflow_api.py for tasks to queue
[2022-12-31T21:10:44.313+0700] {logging_mixin.py:137} INFO - [2022-12-31T21:10:44.312+0700] {dagbag.py:538} INFO - Filling up the DagBag from /home/dmk/anaconda3/lib/python3.9/site-packages/airflow/example_dags/tutorial_taskflow_api.py
[2022-12-31T21:10:44.346+0700] {processor.py:753} INFO - DAG(s) dict_keys(['tutorial_taskflow_api']) retrieved from /home/dmk/anaconda3/lib/python3.9/site-packages/airflow/example_dags/tutorial_taskflow_api.py
[2022-12-31T21:10:44.371+0700] {logging_mixin.py:137} INFO - [2022-12-31T21:10:44.371+0700] {dag.py:2676} INFO - Sync 1 DAGs
[2022-12-31T21:10:44.387+0700] {logging_mixin.py:137} INFO - [2022-12-31T21:10:44.387+0700] {dag.py:3423} INFO - Setting next_dagrun for tutorial_taskflow_api to None, run_after=None
[2022-12-31T21:10:44.415+0700] {processor.py:175} INFO - Processing /home/dmk/anaconda3/lib/python3.9/site-packages/airflow/example_dags/tutorial_taskflow_api.py took 0.116 seconds
[2022-12-31T21:11:34.015+0700] {processor.py:153} INFO - Started process (PID=20218) to work on /home/dmk/anaconda3/lib/python3.9/site-packages/airflow/example_dags/tutorial_taskflow_api.py
[2022-12-31T21:11:34.019+0700] {processor.py:743} INFO - Processing file /home/dmk/anaconda3/lib/python3.9/site-packages/airflow/example_dags/tutorial_taskflow_api.py for tasks to queue
[2022-12-31T21:11:34.022+0700] {logging_mixin.py:137} INFO - [2022-12-31T21:11:34.021+0700] {dagbag.py:538} INFO - Filling up the DagBag from /home/dmk/anaconda3/lib/python3.9/site-packages/airflow/example_dags/tutorial_taskflow_api.py
[2022-12-31T21:11:34.085+0700] {processor.py:753} INFO - DAG(s) dict_keys(['tutorial_taskflow_api']) retrieved from /home/dmk/anaconda3/lib/python3.9/site-packages/airflow/example_dags/tutorial_taskflow_api.py
[2022-12-31T21:11:34.115+0700] {logging_mixin.py:137} INFO - [2022-12-31T21:11:34.115+0700] {dag.py:2676} INFO - Sync 1 DAGs
[2022-12-31T21:11:34.136+0700] {logging_mixin.py:137} INFO - [2022-12-31T21:11:34.136+0700] {dag.py:3423} INFO - Setting next_dagrun for tutorial_taskflow_api to None, run_after=None
[2022-12-31T21:11:34.177+0700] {processor.py:175} INFO - Processing /home/dmk/anaconda3/lib/python3.9/site-packages/airflow/example_dags/tutorial_taskflow_api.py took 0.174 seconds
[2022-12-31T21:12:18.808+0700] {processor.py:153} INFO - Started process (PID=20390) to work on /home/dmk/anaconda3/lib/python3.9/site-packages/airflow/example_dags/tutorial_taskflow_api.py
[2022-12-31T21:12:18.812+0700] {processor.py:743} INFO - Processing file /home/dmk/anaconda3/lib/python3.9/site-packages/airflow/example_dags/tutorial_taskflow_api.py for tasks to queue
[2022-12-31T21:12:18.813+0700] {logging_mixin.py:137} INFO - [2022-12-31T21:12:18.813+0700] {dagbag.py:538} INFO - Filling up the DagBag from /home/dmk/anaconda3/lib/python3.9/site-packages/airflow/example_dags/tutorial_taskflow_api.py
[2022-12-31T21:12:18.835+0700] {processor.py:753} INFO - DAG(s) dict_keys(['tutorial_taskflow_api']) retrieved from /home/dmk/anaconda3/lib/python3.9/site-packages/airflow/example_dags/tutorial_taskflow_api.py
[2022-12-31T21:12:18.865+0700] {logging_mixin.py:137} INFO - [2022-12-31T21:12:18.864+0700] {dag.py:2676} INFO - Sync 1 DAGs
[2022-12-31T21:12:18.890+0700] {logging_mixin.py:137} INFO - [2022-12-31T21:12:18.890+0700] {dag.py:3423} INFO - Setting next_dagrun for tutorial_taskflow_api to None, run_after=None
[2022-12-31T21:12:18.922+0700] {processor.py:175} INFO - Processing /home/dmk/anaconda3/lib/python3.9/site-packages/airflow/example_dags/tutorial_taskflow_api.py took 0.117 seconds
[2022-12-31T21:13:07.585+0700] {processor.py:153} INFO - Started process (PID=20552) to work on /home/dmk/anaconda3/lib/python3.9/site-packages/airflow/example_dags/tutorial_taskflow_api.py
[2022-12-31T21:13:07.589+0700] {processor.py:743} INFO - Processing file /home/dmk/anaconda3/lib/python3.9/site-packages/airflow/example_dags/tutorial_taskflow_api.py for tasks to queue
[2022-12-31T21:13:07.590+0700] {logging_mixin.py:137} INFO - [2022-12-31T21:13:07.589+0700] {dagbag.py:538} INFO - Filling up the DagBag from /home/dmk/anaconda3/lib/python3.9/site-packages/airflow/example_dags/tutorial_taskflow_api.py
[2022-12-31T21:13:07.609+0700] {processor.py:753} INFO - DAG(s) dict_keys(['tutorial_taskflow_api']) retrieved from /home/dmk/anaconda3/lib/python3.9/site-packages/airflow/example_dags/tutorial_taskflow_api.py
[2022-12-31T21:13:07.635+0700] {logging_mixin.py:137} INFO - [2022-12-31T21:13:07.635+0700] {dag.py:2676} INFO - Sync 1 DAGs
[2022-12-31T21:13:07.652+0700] {logging_mixin.py:137} INFO - [2022-12-31T21:13:07.652+0700] {dag.py:3423} INFO - Setting next_dagrun for tutorial_taskflow_api to None, run_after=None
[2022-12-31T21:13:07.672+0700] {processor.py:175} INFO - Processing /home/dmk/anaconda3/lib/python3.9/site-packages/airflow/example_dags/tutorial_taskflow_api.py took 0.089 seconds
[2022-12-31T21:13:56.964+0700] {processor.py:153} INFO - Started process (PID=20798) to work on /home/dmk/anaconda3/lib/python3.9/site-packages/airflow/example_dags/tutorial_taskflow_api.py
[2022-12-31T21:13:56.969+0700] {processor.py:743} INFO - Processing file /home/dmk/anaconda3/lib/python3.9/site-packages/airflow/example_dags/tutorial_taskflow_api.py for tasks to queue
[2022-12-31T21:13:56.971+0700] {logging_mixin.py:137} INFO - [2022-12-31T21:13:56.971+0700] {dagbag.py:538} INFO - Filling up the DagBag from /home/dmk/anaconda3/lib/python3.9/site-packages/airflow/example_dags/tutorial_taskflow_api.py
[2022-12-31T21:13:57.005+0700] {processor.py:753} INFO - DAG(s) dict_keys(['tutorial_taskflow_api']) retrieved from /home/dmk/anaconda3/lib/python3.9/site-packages/airflow/example_dags/tutorial_taskflow_api.py
[2022-12-31T21:13:57.034+0700] {logging_mixin.py:137} INFO - [2022-12-31T21:13:57.034+0700] {dag.py:2676} INFO - Sync 1 DAGs
[2022-12-31T21:13:57.053+0700] {logging_mixin.py:137} INFO - [2022-12-31T21:13:57.053+0700] {dag.py:3423} INFO - Setting next_dagrun for tutorial_taskflow_api to None, run_after=None
[2022-12-31T21:13:57.076+0700] {processor.py:175} INFO - Processing /home/dmk/anaconda3/lib/python3.9/site-packages/airflow/example_dags/tutorial_taskflow_api.py took 0.122 seconds
[2022-12-31T21:14:47.884+0700] {processor.py:153} INFO - Started process (PID=21938) to work on /home/dmk/anaconda3/lib/python3.9/site-packages/airflow/example_dags/tutorial_taskflow_api.py
[2022-12-31T21:14:47.888+0700] {processor.py:743} INFO - Processing file /home/dmk/anaconda3/lib/python3.9/site-packages/airflow/example_dags/tutorial_taskflow_api.py for tasks to queue
[2022-12-31T21:14:47.889+0700] {logging_mixin.py:137} INFO - [2022-12-31T21:14:47.888+0700] {dagbag.py:538} INFO - Filling up the DagBag from /home/dmk/anaconda3/lib/python3.9/site-packages/airflow/example_dags/tutorial_taskflow_api.py
[2022-12-31T21:14:47.910+0700] {processor.py:753} INFO - DAG(s) dict_keys(['tutorial_taskflow_api']) retrieved from /home/dmk/anaconda3/lib/python3.9/site-packages/airflow/example_dags/tutorial_taskflow_api.py
[2022-12-31T21:14:47.938+0700] {logging_mixin.py:137} INFO - [2022-12-31T21:14:47.938+0700] {dag.py:2676} INFO - Sync 1 DAGs
[2022-12-31T21:14:47.956+0700] {logging_mixin.py:137} INFO - [2022-12-31T21:14:47.956+0700] {dag.py:3423} INFO - Setting next_dagrun for tutorial_taskflow_api to None, run_after=None
[2022-12-31T21:14:47.981+0700] {processor.py:175} INFO - Processing /home/dmk/anaconda3/lib/python3.9/site-packages/airflow/example_dags/tutorial_taskflow_api.py took 0.099 seconds
[2022-12-31T21:15:36.935+0700] {processor.py:153} INFO - Started process (PID=22196) to work on /home/dmk/anaconda3/lib/python3.9/site-packages/airflow/example_dags/tutorial_taskflow_api.py
[2022-12-31T21:15:36.939+0700] {processor.py:743} INFO - Processing file /home/dmk/anaconda3/lib/python3.9/site-packages/airflow/example_dags/tutorial_taskflow_api.py for tasks to queue
[2022-12-31T21:15:36.940+0700] {logging_mixin.py:137} INFO - [2022-12-31T21:15:36.940+0700] {dagbag.py:538} INFO - Filling up the DagBag from /home/dmk/anaconda3/lib/python3.9/site-packages/airflow/example_dags/tutorial_taskflow_api.py
[2022-12-31T21:15:36.964+0700] {processor.py:753} INFO - DAG(s) dict_keys(['tutorial_taskflow_api']) retrieved from /home/dmk/anaconda3/lib/python3.9/site-packages/airflow/example_dags/tutorial_taskflow_api.py
[2022-12-31T21:15:36.989+0700] {logging_mixin.py:137} INFO - [2022-12-31T21:15:36.989+0700] {dag.py:2676} INFO - Sync 1 DAGs
[2022-12-31T21:15:37.007+0700] {logging_mixin.py:137} INFO - [2022-12-31T21:15:37.007+0700] {dag.py:3423} INFO - Setting next_dagrun for tutorial_taskflow_api to None, run_after=None
[2022-12-31T21:15:37.035+0700] {processor.py:175} INFO - Processing /home/dmk/anaconda3/lib/python3.9/site-packages/airflow/example_dags/tutorial_taskflow_api.py took 0.103 seconds
[2022-12-31T21:16:16.196+0700] {processor.py:153} INFO - Started process (PID=22686) to work on /home/dmk/anaconda3/lib/python3.9/site-packages/airflow/example_dags/tutorial_taskflow_api.py
[2022-12-31T21:16:16.200+0700] {processor.py:743} INFO - Processing file /home/dmk/anaconda3/lib/python3.9/site-packages/airflow/example_dags/tutorial_taskflow_api.py for tasks to queue
[2022-12-31T21:16:16.201+0700] {logging_mixin.py:137} INFO - [2022-12-31T21:16:16.201+0700] {dagbag.py:538} INFO - Filling up the DagBag from /home/dmk/anaconda3/lib/python3.9/site-packages/airflow/example_dags/tutorial_taskflow_api.py
[2022-12-31T21:16:16.220+0700] {processor.py:753} INFO - DAG(s) dict_keys(['tutorial_taskflow_api']) retrieved from /home/dmk/anaconda3/lib/python3.9/site-packages/airflow/example_dags/tutorial_taskflow_api.py
[2022-12-31T21:16:16.246+0700] {logging_mixin.py:137} INFO - [2022-12-31T21:16:16.245+0700] {dag.py:2676} INFO - Sync 1 DAGs
[2022-12-31T21:16:16.264+0700] {logging_mixin.py:137} INFO - [2022-12-31T21:16:16.263+0700] {dag.py:3423} INFO - Setting next_dagrun for tutorial_taskflow_api to None, run_after=None
[2022-12-31T21:16:16.285+0700] {processor.py:175} INFO - Processing /home/dmk/anaconda3/lib/python3.9/site-packages/airflow/example_dags/tutorial_taskflow_api.py took 0.091 seconds
[2022-12-31T21:17:01.954+0700] {processor.py:153} INFO - Started process (PID=23513) to work on /home/dmk/anaconda3/lib/python3.9/site-packages/airflow/example_dags/tutorial_taskflow_api.py
[2022-12-31T21:17:01.960+0700] {processor.py:743} INFO - Processing file /home/dmk/anaconda3/lib/python3.9/site-packages/airflow/example_dags/tutorial_taskflow_api.py for tasks to queue
[2022-12-31T21:17:01.961+0700] {logging_mixin.py:137} INFO - [2022-12-31T21:17:01.961+0700] {dagbag.py:538} INFO - Filling up the DagBag from /home/dmk/anaconda3/lib/python3.9/site-packages/airflow/example_dags/tutorial_taskflow_api.py
[2022-12-31T21:17:01.994+0700] {processor.py:753} INFO - DAG(s) dict_keys(['tutorial_taskflow_api']) retrieved from /home/dmk/anaconda3/lib/python3.9/site-packages/airflow/example_dags/tutorial_taskflow_api.py
[2022-12-31T21:17:02.020+0700] {logging_mixin.py:137} INFO - [2022-12-31T21:17:02.020+0700] {dag.py:2676} INFO - Sync 1 DAGs
[2022-12-31T21:17:02.037+0700] {logging_mixin.py:137} INFO - [2022-12-31T21:17:02.037+0700] {dag.py:3423} INFO - Setting next_dagrun for tutorial_taskflow_api to None, run_after=None
[2022-12-31T21:17:02.071+0700] {processor.py:175} INFO - Processing /home/dmk/anaconda3/lib/python3.9/site-packages/airflow/example_dags/tutorial_taskflow_api.py took 0.124 seconds
[2022-12-31T21:17:49.935+0700] {processor.py:153} INFO - Started process (PID=23649) to work on /home/dmk/anaconda3/lib/python3.9/site-packages/airflow/example_dags/tutorial_taskflow_api.py
[2022-12-31T21:17:49.939+0700] {processor.py:743} INFO - Processing file /home/dmk/anaconda3/lib/python3.9/site-packages/airflow/example_dags/tutorial_taskflow_api.py for tasks to queue
[2022-12-31T21:17:49.940+0700] {logging_mixin.py:137} INFO - [2022-12-31T21:17:49.939+0700] {dagbag.py:538} INFO - Filling up the DagBag from /home/dmk/anaconda3/lib/python3.9/site-packages/airflow/example_dags/tutorial_taskflow_api.py
[2022-12-31T21:17:49.963+0700] {processor.py:753} INFO - DAG(s) dict_keys(['tutorial_taskflow_api']) retrieved from /home/dmk/anaconda3/lib/python3.9/site-packages/airflow/example_dags/tutorial_taskflow_api.py
[2022-12-31T21:17:49.989+0700] {logging_mixin.py:137} INFO - [2022-12-31T21:17:49.989+0700] {dag.py:2676} INFO - Sync 1 DAGs
[2022-12-31T21:17:50.006+0700] {logging_mixin.py:137} INFO - [2022-12-31T21:17:50.006+0700] {dag.py:3423} INFO - Setting next_dagrun for tutorial_taskflow_api to None, run_after=None
[2022-12-31T21:17:50.037+0700] {processor.py:175} INFO - Processing /home/dmk/anaconda3/lib/python3.9/site-packages/airflow/example_dags/tutorial_taskflow_api.py took 0.104 seconds
[2022-12-31T21:18:53.061+0700] {processor.py:153} INFO - Started process (PID=23965) to work on /home/dmk/anaconda3/lib/python3.9/site-packages/airflow/example_dags/tutorial_taskflow_api.py
[2022-12-31T21:18:53.065+0700] {processor.py:743} INFO - Processing file /home/dmk/anaconda3/lib/python3.9/site-packages/airflow/example_dags/tutorial_taskflow_api.py for tasks to queue
[2022-12-31T21:18:53.065+0700] {logging_mixin.py:137} INFO - [2022-12-31T21:18:53.065+0700] {dagbag.py:538} INFO - Filling up the DagBag from /home/dmk/anaconda3/lib/python3.9/site-packages/airflow/example_dags/tutorial_taskflow_api.py
[2022-12-31T21:18:53.086+0700] {processor.py:753} INFO - DAG(s) dict_keys(['tutorial_taskflow_api']) retrieved from /home/dmk/anaconda3/lib/python3.9/site-packages/airflow/example_dags/tutorial_taskflow_api.py
[2022-12-31T21:18:53.102+0700] {logging_mixin.py:137} INFO - [2022-12-31T21:18:53.102+0700] {dag.py:2676} INFO - Sync 1 DAGs
[2022-12-31T21:18:53.119+0700] {logging_mixin.py:137} INFO - [2022-12-31T21:18:53.119+0700] {dag.py:3423} INFO - Setting next_dagrun for tutorial_taskflow_api to None, run_after=None
[2022-12-31T21:18:53.242+0700] {processor.py:175} INFO - Processing /home/dmk/anaconda3/lib/python3.9/site-packages/airflow/example_dags/tutorial_taskflow_api.py took 0.183 seconds
[2022-12-31T21:19:43.455+0700] {processor.py:153} INFO - Started process (PID=24201) to work on /home/dmk/anaconda3/lib/python3.9/site-packages/airflow/example_dags/tutorial_taskflow_api.py
[2022-12-31T21:19:43.459+0700] {processor.py:743} INFO - Processing file /home/dmk/anaconda3/lib/python3.9/site-packages/airflow/example_dags/tutorial_taskflow_api.py for tasks to queue
[2022-12-31T21:19:43.460+0700] {logging_mixin.py:137} INFO - [2022-12-31T21:19:43.460+0700] {dagbag.py:538} INFO - Filling up the DagBag from /home/dmk/anaconda3/lib/python3.9/site-packages/airflow/example_dags/tutorial_taskflow_api.py
[2022-12-31T21:19:43.494+0700] {processor.py:753} INFO - DAG(s) dict_keys(['tutorial_taskflow_api']) retrieved from /home/dmk/anaconda3/lib/python3.9/site-packages/airflow/example_dags/tutorial_taskflow_api.py
[2022-12-31T21:19:43.523+0700] {logging_mixin.py:137} INFO - [2022-12-31T21:19:43.523+0700] {dag.py:2676} INFO - Sync 1 DAGs
[2022-12-31T21:19:43.655+0700] {logging_mixin.py:137} INFO - [2022-12-31T21:19:43.655+0700] {dag.py:3423} INFO - Setting next_dagrun for tutorial_taskflow_api to None, run_after=None
[2022-12-31T21:19:43.689+0700] {processor.py:175} INFO - Processing /home/dmk/anaconda3/lib/python3.9/site-packages/airflow/example_dags/tutorial_taskflow_api.py took 0.240 seconds
[2022-12-31T21:20:25.915+0700] {processor.py:153} INFO - Started process (PID=24438) to work on /home/dmk/anaconda3/lib/python3.9/site-packages/airflow/example_dags/tutorial_taskflow_api.py
[2022-12-31T21:20:25.917+0700] {processor.py:743} INFO - Processing file /home/dmk/anaconda3/lib/python3.9/site-packages/airflow/example_dags/tutorial_taskflow_api.py for tasks to queue
[2022-12-31T21:20:25.919+0700] {logging_mixin.py:137} INFO - [2022-12-31T21:20:25.918+0700] {dagbag.py:538} INFO - Filling up the DagBag from /home/dmk/anaconda3/lib/python3.9/site-packages/airflow/example_dags/tutorial_taskflow_api.py
[2022-12-31T21:20:25.964+0700] {processor.py:753} INFO - DAG(s) dict_keys(['tutorial_taskflow_api']) retrieved from /home/dmk/anaconda3/lib/python3.9/site-packages/airflow/example_dags/tutorial_taskflow_api.py
[2022-12-31T21:20:26.172+0700] {logging_mixin.py:137} INFO - [2022-12-31T21:20:26.172+0700] {dag.py:2676} INFO - Sync 1 DAGs
[2022-12-31T21:20:26.195+0700] {logging_mixin.py:137} INFO - [2022-12-31T21:20:26.194+0700] {dag.py:3423} INFO - Setting next_dagrun for tutorial_taskflow_api to None, run_after=None
[2022-12-31T21:20:26.231+0700] {processor.py:175} INFO - Processing /home/dmk/anaconda3/lib/python3.9/site-packages/airflow/example_dags/tutorial_taskflow_api.py took 0.322 seconds
[2022-12-31T21:22:16.497+0700] {processor.py:153} INFO - Started process (PID=25160) to work on /home/dmk/anaconda3/lib/python3.9/site-packages/airflow/example_dags/tutorial_taskflow_api.py
[2022-12-31T21:22:16.501+0700] {processor.py:743} INFO - Processing file /home/dmk/anaconda3/lib/python3.9/site-packages/airflow/example_dags/tutorial_taskflow_api.py for tasks to queue
[2022-12-31T21:22:16.502+0700] {logging_mixin.py:137} INFO - [2022-12-31T21:22:16.501+0700] {dagbag.py:538} INFO - Filling up the DagBag from /home/dmk/anaconda3/lib/python3.9/site-packages/airflow/example_dags/tutorial_taskflow_api.py
[2022-12-31T21:22:16.530+0700] {processor.py:753} INFO - DAG(s) dict_keys(['tutorial_taskflow_api']) retrieved from /home/dmk/anaconda3/lib/python3.9/site-packages/airflow/example_dags/tutorial_taskflow_api.py
[2022-12-31T21:22:16.554+0700] {logging_mixin.py:137} INFO - [2022-12-31T21:22:16.554+0700] {dag.py:2676} INFO - Sync 1 DAGs
[2022-12-31T21:22:16.661+0700] {logging_mixin.py:137} INFO - [2022-12-31T21:22:16.661+0700] {dag.py:3423} INFO - Setting next_dagrun for tutorial_taskflow_api to None, run_after=None
[2022-12-31T21:22:16.691+0700] {processor.py:175} INFO - Processing /home/dmk/anaconda3/lib/python3.9/site-packages/airflow/example_dags/tutorial_taskflow_api.py took 0.197 seconds
[2022-12-31T21:23:05.379+0700] {processor.py:153} INFO - Started process (PID=25371) to work on /home/dmk/anaconda3/lib/python3.9/site-packages/airflow/example_dags/tutorial_taskflow_api.py
[2022-12-31T21:23:05.382+0700] {processor.py:743} INFO - Processing file /home/dmk/anaconda3/lib/python3.9/site-packages/airflow/example_dags/tutorial_taskflow_api.py for tasks to queue
[2022-12-31T21:23:05.383+0700] {logging_mixin.py:137} INFO - [2022-12-31T21:23:05.383+0700] {dagbag.py:538} INFO - Filling up the DagBag from /home/dmk/anaconda3/lib/python3.9/site-packages/airflow/example_dags/tutorial_taskflow_api.py
[2022-12-31T21:23:05.409+0700] {processor.py:753} INFO - DAG(s) dict_keys(['tutorial_taskflow_api']) retrieved from /home/dmk/anaconda3/lib/python3.9/site-packages/airflow/example_dags/tutorial_taskflow_api.py
[2022-12-31T21:23:05.436+0700] {logging_mixin.py:137} INFO - [2022-12-31T21:23:05.435+0700] {dag.py:2676} INFO - Sync 1 DAGs
[2022-12-31T21:23:05.554+0700] {logging_mixin.py:137} INFO - [2022-12-31T21:23:05.554+0700] {dag.py:3423} INFO - Setting next_dagrun for tutorial_taskflow_api to None, run_after=None
[2022-12-31T21:23:05.591+0700] {processor.py:175} INFO - Processing /home/dmk/anaconda3/lib/python3.9/site-packages/airflow/example_dags/tutorial_taskflow_api.py took 0.215 seconds
[2022-12-31T21:23:48.954+0700] {processor.py:153} INFO - Started process (PID=25460) to work on /home/dmk/anaconda3/lib/python3.9/site-packages/airflow/example_dags/tutorial_taskflow_api.py
[2022-12-31T21:23:48.958+0700] {processor.py:743} INFO - Processing file /home/dmk/anaconda3/lib/python3.9/site-packages/airflow/example_dags/tutorial_taskflow_api.py for tasks to queue
[2022-12-31T21:23:48.959+0700] {logging_mixin.py:137} INFO - [2022-12-31T21:23:48.959+0700] {dagbag.py:538} INFO - Filling up the DagBag from /home/dmk/anaconda3/lib/python3.9/site-packages/airflow/example_dags/tutorial_taskflow_api.py
[2022-12-31T21:23:48.980+0700] {processor.py:753} INFO - DAG(s) dict_keys(['tutorial_taskflow_api']) retrieved from /home/dmk/anaconda3/lib/python3.9/site-packages/airflow/example_dags/tutorial_taskflow_api.py
[2022-12-31T21:23:49.099+0700] {logging_mixin.py:137} INFO - [2022-12-31T21:23:49.099+0700] {dag.py:2676} INFO - Sync 1 DAGs
[2022-12-31T21:23:49.115+0700] {logging_mixin.py:137} INFO - [2022-12-31T21:23:49.115+0700] {dag.py:3423} INFO - Setting next_dagrun for tutorial_taskflow_api to None, run_after=None
[2022-12-31T21:23:49.159+0700] {processor.py:175} INFO - Processing /home/dmk/anaconda3/lib/python3.9/site-packages/airflow/example_dags/tutorial_taskflow_api.py took 0.207 seconds
[2022-12-31T21:24:50.494+0700] {processor.py:153} INFO - Started process (PID=25700) to work on /home/dmk/anaconda3/lib/python3.9/site-packages/airflow/example_dags/tutorial_taskflow_api.py
[2022-12-31T21:24:50.499+0700] {processor.py:743} INFO - Processing file /home/dmk/anaconda3/lib/python3.9/site-packages/airflow/example_dags/tutorial_taskflow_api.py for tasks to queue
[2022-12-31T21:24:50.501+0700] {logging_mixin.py:137} INFO - [2022-12-31T21:24:50.500+0700] {dagbag.py:538} INFO - Filling up the DagBag from /home/dmk/anaconda3/lib/python3.9/site-packages/airflow/example_dags/tutorial_taskflow_api.py
[2022-12-31T21:24:50.548+0700] {processor.py:753} INFO - DAG(s) dict_keys(['tutorial_taskflow_api']) retrieved from /home/dmk/anaconda3/lib/python3.9/site-packages/airflow/example_dags/tutorial_taskflow_api.py
[2022-12-31T21:24:50.672+0700] {logging_mixin.py:137} INFO - [2022-12-31T21:24:50.672+0700] {dag.py:2676} INFO - Sync 1 DAGs
[2022-12-31T21:24:50.688+0700] {logging_mixin.py:137} INFO - [2022-12-31T21:24:50.688+0700] {dag.py:3423} INFO - Setting next_dagrun for tutorial_taskflow_api to None, run_after=None
[2022-12-31T21:24:50.729+0700] {processor.py:175} INFO - Processing /home/dmk/anaconda3/lib/python3.9/site-packages/airflow/example_dags/tutorial_taskflow_api.py took 0.241 seconds
[2022-12-31T21:25:29.631+0700] {processor.py:153} INFO - Started process (PID=25845) to work on /home/dmk/anaconda3/lib/python3.9/site-packages/airflow/example_dags/tutorial_taskflow_api.py
[2022-12-31T21:25:29.632+0700] {processor.py:743} INFO - Processing file /home/dmk/anaconda3/lib/python3.9/site-packages/airflow/example_dags/tutorial_taskflow_api.py for tasks to queue
[2022-12-31T21:25:29.633+0700] {logging_mixin.py:137} INFO - [2022-12-31T21:25:29.633+0700] {dagbag.py:538} INFO - Filling up the DagBag from /home/dmk/anaconda3/lib/python3.9/site-packages/airflow/example_dags/tutorial_taskflow_api.py
[2022-12-31T21:25:29.665+0700] {processor.py:753} INFO - DAG(s) dict_keys(['tutorial_taskflow_api']) retrieved from /home/dmk/anaconda3/lib/python3.9/site-packages/airflow/example_dags/tutorial_taskflow_api.py
[2022-12-31T21:25:29.807+0700] {logging_mixin.py:137} INFO - [2022-12-31T21:25:29.807+0700] {dag.py:2676} INFO - Sync 1 DAGs
[2022-12-31T21:25:29.826+0700] {logging_mixin.py:137} INFO - [2022-12-31T21:25:29.826+0700] {dag.py:3423} INFO - Setting next_dagrun for tutorial_taskflow_api to None, run_after=None
[2022-12-31T21:25:29.865+0700] {processor.py:175} INFO - Processing /home/dmk/anaconda3/lib/python3.9/site-packages/airflow/example_dags/tutorial_taskflow_api.py took 0.237 seconds
[2022-12-31T21:26:14.344+0700] {processor.py:153} INFO - Started process (PID=25930) to work on /home/dmk/anaconda3/lib/python3.9/site-packages/airflow/example_dags/tutorial_taskflow_api.py
[2022-12-31T21:26:14.351+0700] {processor.py:743} INFO - Processing file /home/dmk/anaconda3/lib/python3.9/site-packages/airflow/example_dags/tutorial_taskflow_api.py for tasks to queue
[2022-12-31T21:26:14.355+0700] {logging_mixin.py:137} INFO - [2022-12-31T21:26:14.354+0700] {dagbag.py:538} INFO - Filling up the DagBag from /home/dmk/anaconda3/lib/python3.9/site-packages/airflow/example_dags/tutorial_taskflow_api.py
[2022-12-31T21:26:14.555+0700] {processor.py:753} INFO - DAG(s) dict_keys(['tutorial_taskflow_api']) retrieved from /home/dmk/anaconda3/lib/python3.9/site-packages/airflow/example_dags/tutorial_taskflow_api.py
[2022-12-31T21:26:14.581+0700] {logging_mixin.py:137} INFO - [2022-12-31T21:26:14.580+0700] {dag.py:2676} INFO - Sync 1 DAGs
[2022-12-31T21:26:14.602+0700] {logging_mixin.py:137} INFO - [2022-12-31T21:26:14.602+0700] {dag.py:3423} INFO - Setting next_dagrun for tutorial_taskflow_api to None, run_after=None
[2022-12-31T21:26:14.642+0700] {processor.py:175} INFO - Processing /home/dmk/anaconda3/lib/python3.9/site-packages/airflow/example_dags/tutorial_taskflow_api.py took 0.307 seconds
[2022-12-31T21:27:17.859+0700] {processor.py:153} INFO - Started process (PID=26044) to work on /home/dmk/anaconda3/lib/python3.9/site-packages/airflow/example_dags/tutorial_taskflow_api.py
[2022-12-31T21:27:17.865+0700] {processor.py:743} INFO - Processing file /home/dmk/anaconda3/lib/python3.9/site-packages/airflow/example_dags/tutorial_taskflow_api.py for tasks to queue
[2022-12-31T21:27:17.869+0700] {logging_mixin.py:137} INFO - [2022-12-31T21:27:17.868+0700] {dagbag.py:538} INFO - Filling up the DagBag from /home/dmk/anaconda3/lib/python3.9/site-packages/airflow/example_dags/tutorial_taskflow_api.py
[2022-12-31T21:27:17.930+0700] {processor.py:753} INFO - DAG(s) dict_keys(['tutorial_taskflow_api']) retrieved from /home/dmk/anaconda3/lib/python3.9/site-packages/airflow/example_dags/tutorial_taskflow_api.py
[2022-12-31T21:27:17.965+0700] {logging_mixin.py:137} INFO - [2022-12-31T21:27:17.965+0700] {dag.py:2676} INFO - Sync 1 DAGs
[2022-12-31T21:27:17.987+0700] {logging_mixin.py:137} INFO - [2022-12-31T21:27:17.987+0700] {dag.py:3423} INFO - Setting next_dagrun for tutorial_taskflow_api to None, run_after=None
[2022-12-31T21:27:18.022+0700] {processor.py:175} INFO - Processing /home/dmk/anaconda3/lib/python3.9/site-packages/airflow/example_dags/tutorial_taskflow_api.py took 0.175 seconds
[2022-12-31T21:28:09.622+0700] {processor.py:153} INFO - Started process (PID=26135) to work on /home/dmk/anaconda3/lib/python3.9/site-packages/airflow/example_dags/tutorial_taskflow_api.py
[2022-12-31T21:28:09.626+0700] {processor.py:743} INFO - Processing file /home/dmk/anaconda3/lib/python3.9/site-packages/airflow/example_dags/tutorial_taskflow_api.py for tasks to queue
[2022-12-31T21:28:09.628+0700] {logging_mixin.py:137} INFO - [2022-12-31T21:28:09.628+0700] {dagbag.py:538} INFO - Filling up the DagBag from /home/dmk/anaconda3/lib/python3.9/site-packages/airflow/example_dags/tutorial_taskflow_api.py
[2022-12-31T21:28:09.671+0700] {processor.py:753} INFO - DAG(s) dict_keys(['tutorial_taskflow_api']) retrieved from /home/dmk/anaconda3/lib/python3.9/site-packages/airflow/example_dags/tutorial_taskflow_api.py
[2022-12-31T21:28:09.701+0700] {logging_mixin.py:137} INFO - [2022-12-31T21:28:09.701+0700] {dag.py:2676} INFO - Sync 1 DAGs
[2022-12-31T21:28:09.722+0700] {logging_mixin.py:137} INFO - [2022-12-31T21:28:09.722+0700] {dag.py:3423} INFO - Setting next_dagrun for tutorial_taskflow_api to None, run_after=None
[2022-12-31T21:28:09.769+0700] {processor.py:175} INFO - Processing /home/dmk/anaconda3/lib/python3.9/site-packages/airflow/example_dags/tutorial_taskflow_api.py took 0.156 seconds
[2022-12-31T21:28:51.471+0700] {processor.py:153} INFO - Started process (PID=26229) to work on /home/dmk/anaconda3/lib/python3.9/site-packages/airflow/example_dags/tutorial_taskflow_api.py
[2022-12-31T21:28:51.475+0700] {processor.py:743} INFO - Processing file /home/dmk/anaconda3/lib/python3.9/site-packages/airflow/example_dags/tutorial_taskflow_api.py for tasks to queue
[2022-12-31T21:28:51.476+0700] {logging_mixin.py:137} INFO - [2022-12-31T21:28:51.476+0700] {dagbag.py:538} INFO - Filling up the DagBag from /home/dmk/anaconda3/lib/python3.9/site-packages/airflow/example_dags/tutorial_taskflow_api.py
[2022-12-31T21:28:51.523+0700] {processor.py:753} INFO - DAG(s) dict_keys(['tutorial_taskflow_api']) retrieved from /home/dmk/anaconda3/lib/python3.9/site-packages/airflow/example_dags/tutorial_taskflow_api.py
[2022-12-31T21:28:51.563+0700] {logging_mixin.py:137} INFO - [2022-12-31T21:28:51.563+0700] {dag.py:2676} INFO - Sync 1 DAGs
[2022-12-31T21:28:51.591+0700] {logging_mixin.py:137} INFO - [2022-12-31T21:28:51.591+0700] {dag.py:3423} INFO - Setting next_dagrun for tutorial_taskflow_api to None, run_after=None
[2022-12-31T21:28:51.633+0700] {processor.py:175} INFO - Processing /home/dmk/anaconda3/lib/python3.9/site-packages/airflow/example_dags/tutorial_taskflow_api.py took 0.169 seconds
[2022-12-31T21:29:33.530+0700] {processor.py:153} INFO - Started process (PID=26311) to work on /home/dmk/anaconda3/lib/python3.9/site-packages/airflow/example_dags/tutorial_taskflow_api.py
[2022-12-31T21:29:33.535+0700] {processor.py:743} INFO - Processing file /home/dmk/anaconda3/lib/python3.9/site-packages/airflow/example_dags/tutorial_taskflow_api.py for tasks to queue
[2022-12-31T21:29:33.538+0700] {logging_mixin.py:137} INFO - [2022-12-31T21:29:33.537+0700] {dagbag.py:538} INFO - Filling up the DagBag from /home/dmk/anaconda3/lib/python3.9/site-packages/airflow/example_dags/tutorial_taskflow_api.py
[2022-12-31T21:29:33.596+0700] {processor.py:753} INFO - DAG(s) dict_keys(['tutorial_taskflow_api']) retrieved from /home/dmk/anaconda3/lib/python3.9/site-packages/airflow/example_dags/tutorial_taskflow_api.py
[2022-12-31T21:29:33.627+0700] {logging_mixin.py:137} INFO - [2022-12-31T21:29:33.627+0700] {dag.py:2676} INFO - Sync 1 DAGs
[2022-12-31T21:29:33.648+0700] {logging_mixin.py:137} INFO - [2022-12-31T21:29:33.648+0700] {dag.py:3423} INFO - Setting next_dagrun for tutorial_taskflow_api to None, run_after=None
[2022-12-31T21:29:33.712+0700] {processor.py:175} INFO - Processing /home/dmk/anaconda3/lib/python3.9/site-packages/airflow/example_dags/tutorial_taskflow_api.py took 0.195 seconds
[2022-12-31T21:30:31.934+0700] {processor.py:153} INFO - Started process (PID=26457) to work on /home/dmk/anaconda3/lib/python3.9/site-packages/airflow/example_dags/tutorial_taskflow_api.py
[2022-12-31T21:30:31.937+0700] {processor.py:743} INFO - Processing file /home/dmk/anaconda3/lib/python3.9/site-packages/airflow/example_dags/tutorial_taskflow_api.py for tasks to queue
[2022-12-31T21:30:31.938+0700] {logging_mixin.py:137} INFO - [2022-12-31T21:30:31.938+0700] {dagbag.py:538} INFO - Filling up the DagBag from /home/dmk/anaconda3/lib/python3.9/site-packages/airflow/example_dags/tutorial_taskflow_api.py
[2022-12-31T21:30:31.963+0700] {processor.py:753} INFO - DAG(s) dict_keys(['tutorial_taskflow_api']) retrieved from /home/dmk/anaconda3/lib/python3.9/site-packages/airflow/example_dags/tutorial_taskflow_api.py
[2022-12-31T21:30:31.994+0700] {logging_mixin.py:137} INFO - [2022-12-31T21:30:31.994+0700] {dag.py:2676} INFO - Sync 1 DAGs
[2022-12-31T21:30:32.017+0700] {logging_mixin.py:137} INFO - [2022-12-31T21:30:32.017+0700] {dag.py:3423} INFO - Setting next_dagrun for tutorial_taskflow_api to None, run_after=None
[2022-12-31T21:30:32.050+0700] {processor.py:175} INFO - Processing /home/dmk/anaconda3/lib/python3.9/site-packages/airflow/example_dags/tutorial_taskflow_api.py took 0.119 seconds
[2022-12-31T21:31:27.298+0700] {processor.py:153} INFO - Started process (PID=26564) to work on /home/dmk/anaconda3/lib/python3.9/site-packages/airflow/example_dags/tutorial_taskflow_api.py
[2022-12-31T21:31:27.303+0700] {processor.py:743} INFO - Processing file /home/dmk/anaconda3/lib/python3.9/site-packages/airflow/example_dags/tutorial_taskflow_api.py for tasks to queue
[2022-12-31T21:31:27.307+0700] {logging_mixin.py:137} INFO - [2022-12-31T21:31:27.306+0700] {dagbag.py:538} INFO - Filling up the DagBag from /home/dmk/anaconda3/lib/python3.9/site-packages/airflow/example_dags/tutorial_taskflow_api.py
[2022-12-31T21:31:27.371+0700] {processor.py:753} INFO - DAG(s) dict_keys(['tutorial_taskflow_api']) retrieved from /home/dmk/anaconda3/lib/python3.9/site-packages/airflow/example_dags/tutorial_taskflow_api.py
[2022-12-31T21:31:27.402+0700] {logging_mixin.py:137} INFO - [2022-12-31T21:31:27.402+0700] {dag.py:2676} INFO - Sync 1 DAGs
[2022-12-31T21:31:27.426+0700] {logging_mixin.py:137} INFO - [2022-12-31T21:31:27.425+0700] {dag.py:3423} INFO - Setting next_dagrun for tutorial_taskflow_api to None, run_after=None
[2022-12-31T21:31:27.462+0700] {processor.py:175} INFO - Processing /home/dmk/anaconda3/lib/python3.9/site-packages/airflow/example_dags/tutorial_taskflow_api.py took 0.175 seconds
[2022-12-31T21:32:10.935+0700] {processor.py:153} INFO - Started process (PID=26645) to work on /home/dmk/anaconda3/lib/python3.9/site-packages/airflow/example_dags/tutorial_taskflow_api.py
[2022-12-31T21:32:10.942+0700] {processor.py:743} INFO - Processing file /home/dmk/anaconda3/lib/python3.9/site-packages/airflow/example_dags/tutorial_taskflow_api.py for tasks to queue
[2022-12-31T21:32:10.946+0700] {logging_mixin.py:137} INFO - [2022-12-31T21:32:10.945+0700] {dagbag.py:538} INFO - Filling up the DagBag from /home/dmk/anaconda3/lib/python3.9/site-packages/airflow/example_dags/tutorial_taskflow_api.py
[2022-12-31T21:32:11.003+0700] {processor.py:753} INFO - DAG(s) dict_keys(['tutorial_taskflow_api']) retrieved from /home/dmk/anaconda3/lib/python3.9/site-packages/airflow/example_dags/tutorial_taskflow_api.py
[2022-12-31T21:32:11.035+0700] {logging_mixin.py:137} INFO - [2022-12-31T21:32:11.035+0700] {dag.py:2676} INFO - Sync 1 DAGs
[2022-12-31T21:32:11.057+0700] {logging_mixin.py:137} INFO - [2022-12-31T21:32:11.057+0700] {dag.py:3423} INFO - Setting next_dagrun for tutorial_taskflow_api to None, run_after=None
[2022-12-31T21:32:11.090+0700] {processor.py:175} INFO - Processing /home/dmk/anaconda3/lib/python3.9/site-packages/airflow/example_dags/tutorial_taskflow_api.py took 0.166 seconds
[2022-12-31T21:32:55.949+0700] {processor.py:153} INFO - Started process (PID=26728) to work on /home/dmk/anaconda3/lib/python3.9/site-packages/airflow/example_dags/tutorial_taskflow_api.py
[2022-12-31T21:32:55.955+0700] {processor.py:743} INFO - Processing file /home/dmk/anaconda3/lib/python3.9/site-packages/airflow/example_dags/tutorial_taskflow_api.py for tasks to queue
[2022-12-31T21:32:55.958+0700] {logging_mixin.py:137} INFO - [2022-12-31T21:32:55.957+0700] {dagbag.py:538} INFO - Filling up the DagBag from /home/dmk/anaconda3/lib/python3.9/site-packages/airflow/example_dags/tutorial_taskflow_api.py
[2022-12-31T21:32:56.003+0700] {processor.py:753} INFO - DAG(s) dict_keys(['tutorial_taskflow_api']) retrieved from /home/dmk/anaconda3/lib/python3.9/site-packages/airflow/example_dags/tutorial_taskflow_api.py
[2022-12-31T21:32:56.034+0700] {logging_mixin.py:137} INFO - [2022-12-31T21:32:56.034+0700] {dag.py:2676} INFO - Sync 1 DAGs
[2022-12-31T21:32:56.052+0700] {logging_mixin.py:137} INFO - [2022-12-31T21:32:56.052+0700] {dag.py:3423} INFO - Setting next_dagrun for tutorial_taskflow_api to None, run_after=None
[2022-12-31T21:32:56.085+0700] {processor.py:175} INFO - Processing /home/dmk/anaconda3/lib/python3.9/site-packages/airflow/example_dags/tutorial_taskflow_api.py took 0.146 seconds
[2022-12-31T21:33:56.067+0700] {processor.py:153} INFO - Started process (PID=26847) to work on /home/dmk/anaconda3/lib/python3.9/site-packages/airflow/example_dags/tutorial_taskflow_api.py
[2022-12-31T21:33:56.069+0700] {processor.py:743} INFO - Processing file /home/dmk/anaconda3/lib/python3.9/site-packages/airflow/example_dags/tutorial_taskflow_api.py for tasks to queue
[2022-12-31T21:33:56.070+0700] {logging_mixin.py:137} INFO - [2022-12-31T21:33:56.070+0700] {dagbag.py:538} INFO - Filling up the DagBag from /home/dmk/anaconda3/lib/python3.9/site-packages/airflow/example_dags/tutorial_taskflow_api.py
[2022-12-31T21:33:56.099+0700] {processor.py:753} INFO - DAG(s) dict_keys(['tutorial_taskflow_api']) retrieved from /home/dmk/anaconda3/lib/python3.9/site-packages/airflow/example_dags/tutorial_taskflow_api.py
[2022-12-31T21:33:56.124+0700] {logging_mixin.py:137} INFO - [2022-12-31T21:33:56.124+0700] {dag.py:2676} INFO - Sync 1 DAGs
[2022-12-31T21:33:56.141+0700] {logging_mixin.py:137} INFO - [2022-12-31T21:33:56.141+0700] {dag.py:3423} INFO - Setting next_dagrun for tutorial_taskflow_api to None, run_after=None
[2022-12-31T21:33:56.172+0700] {processor.py:175} INFO - Processing /home/dmk/anaconda3/lib/python3.9/site-packages/airflow/example_dags/tutorial_taskflow_api.py took 0.112 seconds
[2022-12-31T21:34:24.906+0700] {processor.py:153} INFO - Started process (PID=27486) to work on /home/dmk/anaconda3/lib/python3.9/site-packages/airflow/example_dags/tutorial_taskflow_api.py
[2022-12-31T21:34:24.907+0700] {processor.py:743} INFO - Processing file /home/dmk/anaconda3/lib/python3.9/site-packages/airflow/example_dags/tutorial_taskflow_api.py for tasks to queue
[2022-12-31T21:34:24.907+0700] {logging_mixin.py:137} INFO - [2022-12-31T21:34:24.907+0700] {dagbag.py:538} INFO - Filling up the DagBag from /home/dmk/anaconda3/lib/python3.9/site-packages/airflow/example_dags/tutorial_taskflow_api.py
[2022-12-31T21:34:24.930+0700] {processor.py:753} INFO - DAG(s) dict_keys(['tutorial_taskflow_api']) retrieved from /home/dmk/anaconda3/lib/python3.9/site-packages/airflow/example_dags/tutorial_taskflow_api.py
[2022-12-31T21:34:24.947+0700] {logging_mixin.py:137} INFO - [2022-12-31T21:34:24.947+0700] {dag.py:2676} INFO - Sync 1 DAGs
[2022-12-31T21:34:24.967+0700] {logging_mixin.py:137} INFO - [2022-12-31T21:34:24.967+0700] {dag.py:3423} INFO - Setting next_dagrun for tutorial_taskflow_api to None, run_after=None
[2022-12-31T21:34:25.123+0700] {processor.py:175} INFO - Processing /home/dmk/anaconda3/lib/python3.9/site-packages/airflow/example_dags/tutorial_taskflow_api.py took 0.219 seconds
[2022-12-31T21:35:14.069+0700] {processor.py:153} INFO - Started process (PID=27780) to work on /home/dmk/anaconda3/lib/python3.9/site-packages/airflow/example_dags/tutorial_taskflow_api.py
[2022-12-31T21:35:14.073+0700] {processor.py:743} INFO - Processing file /home/dmk/anaconda3/lib/python3.9/site-packages/airflow/example_dags/tutorial_taskflow_api.py for tasks to queue
[2022-12-31T21:35:14.074+0700] {logging_mixin.py:137} INFO - [2022-12-31T21:35:14.073+0700] {dagbag.py:538} INFO - Filling up the DagBag from /home/dmk/anaconda3/lib/python3.9/site-packages/airflow/example_dags/tutorial_taskflow_api.py
[2022-12-31T21:35:14.102+0700] {processor.py:753} INFO - DAG(s) dict_keys(['tutorial_taskflow_api']) retrieved from /home/dmk/anaconda3/lib/python3.9/site-packages/airflow/example_dags/tutorial_taskflow_api.py
[2022-12-31T21:35:14.142+0700] {logging_mixin.py:137} INFO - [2022-12-31T21:35:14.141+0700] {dag.py:2676} INFO - Sync 1 DAGs
[2022-12-31T21:35:14.287+0700] {logging_mixin.py:137} INFO - [2022-12-31T21:35:14.287+0700] {dag.py:3423} INFO - Setting next_dagrun for tutorial_taskflow_api to None, run_after=None
[2022-12-31T21:35:14.324+0700] {processor.py:175} INFO - Processing /home/dmk/anaconda3/lib/python3.9/site-packages/airflow/example_dags/tutorial_taskflow_api.py took 0.257 seconds
[2022-12-31T21:35:54.060+0700] {processor.py:153} INFO - Started process (PID=27933) to work on /home/dmk/anaconda3/lib/python3.9/site-packages/airflow/example_dags/tutorial_taskflow_api.py
[2022-12-31T21:35:54.065+0700] {processor.py:743} INFO - Processing file /home/dmk/anaconda3/lib/python3.9/site-packages/airflow/example_dags/tutorial_taskflow_api.py for tasks to queue
[2022-12-31T21:35:54.066+0700] {logging_mixin.py:137} INFO - [2022-12-31T21:35:54.066+0700] {dagbag.py:538} INFO - Filling up the DagBag from /home/dmk/anaconda3/lib/python3.9/site-packages/airflow/example_dags/tutorial_taskflow_api.py
[2022-12-31T21:35:54.096+0700] {processor.py:753} INFO - DAG(s) dict_keys(['tutorial_taskflow_api']) retrieved from /home/dmk/anaconda3/lib/python3.9/site-packages/airflow/example_dags/tutorial_taskflow_api.py
[2022-12-31T21:35:54.280+0700] {logging_mixin.py:137} INFO - [2022-12-31T21:35:54.280+0700] {dag.py:2676} INFO - Sync 1 DAGs
[2022-12-31T21:35:54.299+0700] {logging_mixin.py:137} INFO - [2022-12-31T21:35:54.299+0700] {dag.py:3423} INFO - Setting next_dagrun for tutorial_taskflow_api to None, run_after=None
[2022-12-31T21:35:54.339+0700] {processor.py:175} INFO - Processing /home/dmk/anaconda3/lib/python3.9/site-packages/airflow/example_dags/tutorial_taskflow_api.py took 0.284 seconds
[2022-12-31T21:37:55.986+0700] {processor.py:153} INFO - Started process (PID=28671) to work on /home/dmk/anaconda3/lib/python3.9/site-packages/airflow/example_dags/tutorial_taskflow_api.py
[2022-12-31T21:37:55.988+0700] {processor.py:743} INFO - Processing file /home/dmk/anaconda3/lib/python3.9/site-packages/airflow/example_dags/tutorial_taskflow_api.py for tasks to queue
[2022-12-31T21:37:55.988+0700] {logging_mixin.py:137} INFO - [2022-12-31T21:37:55.988+0700] {dagbag.py:538} INFO - Filling up the DagBag from /home/dmk/anaconda3/lib/python3.9/site-packages/airflow/example_dags/tutorial_taskflow_api.py
[2022-12-31T21:37:56.011+0700] {processor.py:753} INFO - DAG(s) dict_keys(['tutorial_taskflow_api']) retrieved from /home/dmk/anaconda3/lib/python3.9/site-packages/airflow/example_dags/tutorial_taskflow_api.py
[2022-12-31T21:37:56.232+0700] {logging_mixin.py:137} INFO - [2022-12-31T21:37:56.232+0700] {manager.py:504} INFO - Created Permission View: can delete on DAG:tutorial_taskflow_api
[2022-12-31T21:37:56.255+0700] {logging_mixin.py:137} INFO - [2022-12-31T21:37:56.255+0700] {manager.py:504} INFO - Created Permission View: can read on DAG:tutorial_taskflow_api
[2022-12-31T21:37:56.280+0700] {logging_mixin.py:137} INFO - [2022-12-31T21:37:56.279+0700] {manager.py:504} INFO - Created Permission View: can edit on DAG:tutorial_taskflow_api
[2022-12-31T21:37:56.280+0700] {logging_mixin.py:137} INFO - [2022-12-31T21:37:56.280+0700] {dag.py:2676} INFO - Sync 1 DAGs
[2022-12-31T21:37:56.302+0700] {logging_mixin.py:137} INFO - [2022-12-31T21:37:56.302+0700] {dag.py:2697} INFO - Creating ORM DAG for tutorial_taskflow_api
[2022-12-31T21:37:56.319+0700] {logging_mixin.py:137} INFO - [2022-12-31T21:37:56.318+0700] {dag.py:3423} INFO - Setting next_dagrun for tutorial_taskflow_api to None, run_after=None
[2022-12-31T21:37:56.365+0700] {processor.py:175} INFO - Processing /home/dmk/anaconda3/lib/python3.9/site-packages/airflow/example_dags/tutorial_taskflow_api.py took 0.382 seconds
[2022-12-31T21:38:49.854+0700] {processor.py:153} INFO - Started process (PID=29008) to work on /home/dmk/anaconda3/lib/python3.9/site-packages/airflow/example_dags/tutorial_taskflow_api.py
[2022-12-31T21:38:49.857+0700] {processor.py:743} INFO - Processing file /home/dmk/anaconda3/lib/python3.9/site-packages/airflow/example_dags/tutorial_taskflow_api.py for tasks to queue
[2022-12-31T21:38:49.858+0700] {logging_mixin.py:137} INFO - [2022-12-31T21:38:49.857+0700] {dagbag.py:538} INFO - Filling up the DagBag from /home/dmk/anaconda3/lib/python3.9/site-packages/airflow/example_dags/tutorial_taskflow_api.py
[2022-12-31T21:38:49.881+0700] {processor.py:753} INFO - DAG(s) dict_keys(['tutorial_taskflow_api']) retrieved from /home/dmk/anaconda3/lib/python3.9/site-packages/airflow/example_dags/tutorial_taskflow_api.py
[2022-12-31T21:38:49.906+0700] {logging_mixin.py:137} INFO - [2022-12-31T21:38:49.906+0700] {dag.py:2676} INFO - Sync 1 DAGs
[2022-12-31T21:38:50.024+0700] {logging_mixin.py:137} INFO - [2022-12-31T21:38:50.024+0700] {dag.py:3423} INFO - Setting next_dagrun for tutorial_taskflow_api to None, run_after=None
[2022-12-31T21:38:50.070+0700] {processor.py:175} INFO - Processing /home/dmk/anaconda3/lib/python3.9/site-packages/airflow/example_dags/tutorial_taskflow_api.py took 0.221 seconds
[2022-12-31T21:39:36.023+0700] {processor.py:153} INFO - Started process (PID=29141) to work on /home/dmk/anaconda3/lib/python3.9/site-packages/airflow/example_dags/tutorial_taskflow_api.py
[2022-12-31T21:39:36.025+0700] {processor.py:743} INFO - Processing file /home/dmk/anaconda3/lib/python3.9/site-packages/airflow/example_dags/tutorial_taskflow_api.py for tasks to queue
[2022-12-31T21:39:36.026+0700] {logging_mixin.py:137} INFO - [2022-12-31T21:39:36.025+0700] {dagbag.py:538} INFO - Filling up the DagBag from /home/dmk/anaconda3/lib/python3.9/site-packages/airflow/example_dags/tutorial_taskflow_api.py
[2022-12-31T21:39:36.048+0700] {processor.py:753} INFO - DAG(s) dict_keys(['tutorial_taskflow_api']) retrieved from /home/dmk/anaconda3/lib/python3.9/site-packages/airflow/example_dags/tutorial_taskflow_api.py
[2022-12-31T21:39:36.178+0700] {logging_mixin.py:137} INFO - [2022-12-31T21:39:36.178+0700] {dag.py:2676} INFO - Sync 1 DAGs
[2022-12-31T21:39:36.195+0700] {logging_mixin.py:137} INFO - [2022-12-31T21:39:36.195+0700] {dag.py:3423} INFO - Setting next_dagrun for tutorial_taskflow_api to None, run_after=None
[2022-12-31T21:39:36.235+0700] {processor.py:175} INFO - Processing /home/dmk/anaconda3/lib/python3.9/site-packages/airflow/example_dags/tutorial_taskflow_api.py took 0.215 seconds
[2022-12-31T21:40:24.551+0700] {processor.py:153} INFO - Started process (PID=29360) to work on /home/dmk/anaconda3/lib/python3.9/site-packages/airflow/example_dags/tutorial_taskflow_api.py
[2022-12-31T21:40:24.553+0700] {processor.py:743} INFO - Processing file /home/dmk/anaconda3/lib/python3.9/site-packages/airflow/example_dags/tutorial_taskflow_api.py for tasks to queue
[2022-12-31T21:40:24.553+0700] {logging_mixin.py:137} INFO - [2022-12-31T21:40:24.553+0700] {dagbag.py:538} INFO - Filling up the DagBag from /home/dmk/anaconda3/lib/python3.9/site-packages/airflow/example_dags/tutorial_taskflow_api.py
[2022-12-31T21:40:24.573+0700] {processor.py:753} INFO - DAG(s) dict_keys(['tutorial_taskflow_api']) retrieved from /home/dmk/anaconda3/lib/python3.9/site-packages/airflow/example_dags/tutorial_taskflow_api.py
[2022-12-31T21:40:24.693+0700] {logging_mixin.py:137} INFO - [2022-12-31T21:40:24.693+0700] {dag.py:2676} INFO - Sync 1 DAGs
[2022-12-31T21:40:24.709+0700] {logging_mixin.py:137} INFO - [2022-12-31T21:40:24.709+0700] {dag.py:3423} INFO - Setting next_dagrun for tutorial_taskflow_api to None, run_after=None
[2022-12-31T21:40:24.738+0700] {processor.py:175} INFO - Processing /home/dmk/anaconda3/lib/python3.9/site-packages/airflow/example_dags/tutorial_taskflow_api.py took 0.190 seconds
[2022-12-31T21:41:09.092+0700] {processor.py:153} INFO - Started process (PID=29515) to work on /home/dmk/anaconda3/lib/python3.9/site-packages/airflow/example_dags/tutorial_taskflow_api.py
[2022-12-31T21:41:09.095+0700] {processor.py:743} INFO - Processing file /home/dmk/anaconda3/lib/python3.9/site-packages/airflow/example_dags/tutorial_taskflow_api.py for tasks to queue
[2022-12-31T21:41:09.096+0700] {logging_mixin.py:137} INFO - [2022-12-31T21:41:09.096+0700] {dagbag.py:538} INFO - Filling up the DagBag from /home/dmk/anaconda3/lib/python3.9/site-packages/airflow/example_dags/tutorial_taskflow_api.py
[2022-12-31T21:41:09.131+0700] {processor.py:753} INFO - DAG(s) dict_keys(['tutorial_taskflow_api']) retrieved from /home/dmk/anaconda3/lib/python3.9/site-packages/airflow/example_dags/tutorial_taskflow_api.py
[2022-12-31T21:41:09.252+0700] {logging_mixin.py:137} INFO - [2022-12-31T21:41:09.252+0700] {dag.py:2676} INFO - Sync 1 DAGs
[2022-12-31T21:41:09.268+0700] {logging_mixin.py:137} INFO - [2022-12-31T21:41:09.268+0700] {dag.py:3423} INFO - Setting next_dagrun for tutorial_taskflow_api to None, run_after=None
[2022-12-31T21:41:09.304+0700] {processor.py:175} INFO - Processing /home/dmk/anaconda3/lib/python3.9/site-packages/airflow/example_dags/tutorial_taskflow_api.py took 0.217 seconds
[2022-12-31T21:41:56.838+0700] {processor.py:153} INFO - Started process (PID=29718) to work on /home/dmk/anaconda3/lib/python3.9/site-packages/airflow/example_dags/tutorial_taskflow_api.py
[2022-12-31T21:41:56.843+0700] {processor.py:743} INFO - Processing file /home/dmk/anaconda3/lib/python3.9/site-packages/airflow/example_dags/tutorial_taskflow_api.py for tasks to queue
[2022-12-31T21:41:56.845+0700] {logging_mixin.py:137} INFO - [2022-12-31T21:41:56.844+0700] {dagbag.py:538} INFO - Filling up the DagBag from /home/dmk/anaconda3/lib/python3.9/site-packages/airflow/example_dags/tutorial_taskflow_api.py
[2022-12-31T21:41:56.877+0700] {processor.py:753} INFO - DAG(s) dict_keys(['tutorial_taskflow_api']) retrieved from /home/dmk/anaconda3/lib/python3.9/site-packages/airflow/example_dags/tutorial_taskflow_api.py
[2022-12-31T21:41:56.901+0700] {logging_mixin.py:137} INFO - [2022-12-31T21:41:56.901+0700] {dag.py:2676} INFO - Sync 1 DAGs
[2022-12-31T21:41:57.014+0700] {logging_mixin.py:137} INFO - [2022-12-31T21:41:57.013+0700] {dag.py:3423} INFO - Setting next_dagrun for tutorial_taskflow_api to None, run_after=None
[2022-12-31T21:41:57.054+0700] {processor.py:175} INFO - Processing /home/dmk/anaconda3/lib/python3.9/site-packages/airflow/example_dags/tutorial_taskflow_api.py took 0.223 seconds
[2022-12-31T21:42:45.830+0700] {processor.py:153} INFO - Started process (PID=29871) to work on /home/dmk/anaconda3/lib/python3.9/site-packages/airflow/example_dags/tutorial_taskflow_api.py
[2022-12-31T21:42:45.832+0700] {processor.py:743} INFO - Processing file /home/dmk/anaconda3/lib/python3.9/site-packages/airflow/example_dags/tutorial_taskflow_api.py for tasks to queue
[2022-12-31T21:42:45.833+0700] {logging_mixin.py:137} INFO - [2022-12-31T21:42:45.832+0700] {dagbag.py:538} INFO - Filling up the DagBag from /home/dmk/anaconda3/lib/python3.9/site-packages/airflow/example_dags/tutorial_taskflow_api.py
[2022-12-31T21:42:45.854+0700] {processor.py:753} INFO - DAG(s) dict_keys(['tutorial_taskflow_api']) retrieved from /home/dmk/anaconda3/lib/python3.9/site-packages/airflow/example_dags/tutorial_taskflow_api.py
[2022-12-31T21:42:45.880+0700] {logging_mixin.py:137} INFO - [2022-12-31T21:42:45.879+0700] {dag.py:2676} INFO - Sync 1 DAGs
[2022-12-31T21:42:45.988+0700] {logging_mixin.py:137} INFO - [2022-12-31T21:42:45.988+0700] {dag.py:3423} INFO - Setting next_dagrun for tutorial_taskflow_api to None, run_after=None
[2022-12-31T21:42:46.017+0700] {processor.py:175} INFO - Processing /home/dmk/anaconda3/lib/python3.9/site-packages/airflow/example_dags/tutorial_taskflow_api.py took 0.190 seconds
[2022-12-31T21:43:24.350+0700] {processor.py:153} INFO - Started process (PID=30085) to work on /home/dmk/anaconda3/lib/python3.9/site-packages/airflow/example_dags/tutorial_taskflow_api.py
[2022-12-31T21:43:24.355+0700] {processor.py:743} INFO - Processing file /home/dmk/anaconda3/lib/python3.9/site-packages/airflow/example_dags/tutorial_taskflow_api.py for tasks to queue
[2022-12-31T21:43:24.358+0700] {logging_mixin.py:137} INFO - [2022-12-31T21:43:24.357+0700] {dagbag.py:538} INFO - Filling up the DagBag from /home/dmk/anaconda3/lib/python3.9/site-packages/airflow/example_dags/tutorial_taskflow_api.py
[2022-12-31T21:43:24.408+0700] {processor.py:753} INFO - DAG(s) dict_keys(['tutorial_taskflow_api']) retrieved from /home/dmk/anaconda3/lib/python3.9/site-packages/airflow/example_dags/tutorial_taskflow_api.py
[2022-12-31T21:43:24.546+0700] {logging_mixin.py:137} INFO - [2022-12-31T21:43:24.546+0700] {dag.py:2676} INFO - Sync 1 DAGs
[2022-12-31T21:43:24.564+0700] {logging_mixin.py:137} INFO - [2022-12-31T21:43:24.564+0700] {dag.py:3423} INFO - Setting next_dagrun for tutorial_taskflow_api to None, run_after=None
[2022-12-31T21:43:24.592+0700] {processor.py:175} INFO - Processing /home/dmk/anaconda3/lib/python3.9/site-packages/airflow/example_dags/tutorial_taskflow_api.py took 0.248 seconds
[2022-12-31T22:20:41.762+0700] {processor.py:153} INFO - Started process (PID=46097) to work on /home/dmk/anaconda3/lib/python3.9/site-packages/airflow/example_dags/tutorial_taskflow_api.py
[2022-12-31T22:20:41.769+0700] {processor.py:743} INFO - Processing file /home/dmk/anaconda3/lib/python3.9/site-packages/airflow/example_dags/tutorial_taskflow_api.py for tasks to queue
[2022-12-31T22:20:41.770+0700] {logging_mixin.py:137} INFO - [2022-12-31T22:20:41.770+0700] {dagbag.py:538} INFO - Filling up the DagBag from /home/dmk/anaconda3/lib/python3.9/site-packages/airflow/example_dags/tutorial_taskflow_api.py
[2022-12-31T22:20:41.833+0700] {processor.py:753} INFO - DAG(s) dict_keys(['tutorial_taskflow_api']) retrieved from /home/dmk/anaconda3/lib/python3.9/site-packages/airflow/example_dags/tutorial_taskflow_api.py
[2022-12-31T22:20:41.887+0700] {logging_mixin.py:137} INFO - [2022-12-31T22:20:41.887+0700] {dag.py:2676} INFO - Sync 1 DAGs
[2022-12-31T22:20:42.103+0700] {logging_mixin.py:137} INFO - [2022-12-31T22:20:42.103+0700] {dag.py:3423} INFO - Setting next_dagrun for tutorial_taskflow_api to None, run_after=None
[2022-12-31T22:20:42.167+0700] {processor.py:175} INFO - Processing /home/dmk/anaconda3/lib/python3.9/site-packages/airflow/example_dags/tutorial_taskflow_api.py took 0.409 seconds
[2022-12-31T22:22:17.506+0700] {processor.py:153} INFO - Started process (PID=47179) to work on /home/dmk/anaconda3/lib/python3.9/site-packages/airflow/example_dags/tutorial_taskflow_api.py
[2022-12-31T22:22:17.511+0700] {processor.py:743} INFO - Processing file /home/dmk/anaconda3/lib/python3.9/site-packages/airflow/example_dags/tutorial_taskflow_api.py for tasks to queue
[2022-12-31T22:22:17.515+0700] {logging_mixin.py:137} INFO - [2022-12-31T22:22:17.514+0700] {dagbag.py:538} INFO - Filling up the DagBag from /home/dmk/anaconda3/lib/python3.9/site-packages/airflow/example_dags/tutorial_taskflow_api.py
[2022-12-31T22:22:17.585+0700] {processor.py:753} INFO - DAG(s) dict_keys(['tutorial_taskflow_api']) retrieved from /home/dmk/anaconda3/lib/python3.9/site-packages/airflow/example_dags/tutorial_taskflow_api.py
[2022-12-31T22:22:17.617+0700] {logging_mixin.py:137} INFO - [2022-12-31T22:22:17.617+0700] {dag.py:2676} INFO - Sync 1 DAGs
[2022-12-31T22:22:17.757+0700] {logging_mixin.py:137} INFO - [2022-12-31T22:22:17.756+0700] {dag.py:3423} INFO - Setting next_dagrun for tutorial_taskflow_api to None, run_after=None
[2022-12-31T22:22:17.806+0700] {processor.py:175} INFO - Processing /home/dmk/anaconda3/lib/python3.9/site-packages/airflow/example_dags/tutorial_taskflow_api.py took 0.312 seconds
[2022-12-31T22:22:55.877+0700] {processor.py:153} INFO - Started process (PID=47529) to work on /home/dmk/anaconda3/lib/python3.9/site-packages/airflow/example_dags/tutorial_taskflow_api.py
[2022-12-31T22:22:55.883+0700] {processor.py:743} INFO - Processing file /home/dmk/anaconda3/lib/python3.9/site-packages/airflow/example_dags/tutorial_taskflow_api.py for tasks to queue
[2022-12-31T22:22:55.886+0700] {logging_mixin.py:137} INFO - [2022-12-31T22:22:55.885+0700] {dagbag.py:538} INFO - Filling up the DagBag from /home/dmk/anaconda3/lib/python3.9/site-packages/airflow/example_dags/tutorial_taskflow_api.py
[2022-12-31T22:22:55.934+0700] {processor.py:753} INFO - DAG(s) dict_keys(['tutorial_taskflow_api']) retrieved from /home/dmk/anaconda3/lib/python3.9/site-packages/airflow/example_dags/tutorial_taskflow_api.py
[2022-12-31T22:22:55.965+0700] {logging_mixin.py:137} INFO - [2022-12-31T22:22:55.965+0700] {dag.py:2676} INFO - Sync 1 DAGs
[2022-12-31T22:22:56.098+0700] {logging_mixin.py:137} INFO - [2022-12-31T22:22:56.097+0700] {dag.py:3423} INFO - Setting next_dagrun for tutorial_taskflow_api to None, run_after=None
[2022-12-31T22:22:56.151+0700] {processor.py:175} INFO - Processing /home/dmk/anaconda3/lib/python3.9/site-packages/airflow/example_dags/tutorial_taskflow_api.py took 0.286 seconds
[2022-12-31T22:23:43.546+0700] {processor.py:153} INFO - Started process (PID=47784) to work on /home/dmk/anaconda3/lib/python3.9/site-packages/airflow/example_dags/tutorial_taskflow_api.py
[2022-12-31T22:23:43.556+0700] {processor.py:743} INFO - Processing file /home/dmk/anaconda3/lib/python3.9/site-packages/airflow/example_dags/tutorial_taskflow_api.py for tasks to queue
[2022-12-31T22:23:43.559+0700] {logging_mixin.py:137} INFO - [2022-12-31T22:23:43.559+0700] {dagbag.py:538} INFO - Filling up the DagBag from /home/dmk/anaconda3/lib/python3.9/site-packages/airflow/example_dags/tutorial_taskflow_api.py
[2022-12-31T22:23:43.600+0700] {processor.py:753} INFO - DAG(s) dict_keys(['tutorial_taskflow_api']) retrieved from /home/dmk/anaconda3/lib/python3.9/site-packages/airflow/example_dags/tutorial_taskflow_api.py
[2022-12-31T22:23:43.634+0700] {logging_mixin.py:137} INFO - [2022-12-31T22:23:43.634+0700] {dag.py:2676} INFO - Sync 1 DAGs
[2022-12-31T22:23:43.772+0700] {logging_mixin.py:137} INFO - [2022-12-31T22:23:43.772+0700] {dag.py:3423} INFO - Setting next_dagrun for tutorial_taskflow_api to None, run_after=None
[2022-12-31T22:23:43.806+0700] {processor.py:175} INFO - Processing /home/dmk/anaconda3/lib/python3.9/site-packages/airflow/example_dags/tutorial_taskflow_api.py took 0.276 seconds
[2022-12-31T22:24:26.098+0700] {processor.py:153} INFO - Started process (PID=48284) to work on /home/dmk/anaconda3/lib/python3.9/site-packages/airflow/example_dags/tutorial_taskflow_api.py
[2022-12-31T22:24:26.101+0700] {processor.py:743} INFO - Processing file /home/dmk/anaconda3/lib/python3.9/site-packages/airflow/example_dags/tutorial_taskflow_api.py for tasks to queue
[2022-12-31T22:24:26.102+0700] {logging_mixin.py:137} INFO - [2022-12-31T22:24:26.102+0700] {dagbag.py:538} INFO - Filling up the DagBag from /home/dmk/anaconda3/lib/python3.9/site-packages/airflow/example_dags/tutorial_taskflow_api.py
[2022-12-31T22:24:26.222+0700] {processor.py:753} INFO - DAG(s) dict_keys(['tutorial_taskflow_api']) retrieved from /home/dmk/anaconda3/lib/python3.9/site-packages/airflow/example_dags/tutorial_taskflow_api.py
[2022-12-31T22:24:26.566+0700] {logging_mixin.py:137} INFO - [2022-12-31T22:24:26.565+0700] {dag.py:2676} INFO - Sync 1 DAGs
[2022-12-31T22:24:26.597+0700] {logging_mixin.py:137} INFO - [2022-12-31T22:24:26.597+0700] {dag.py:3423} INFO - Setting next_dagrun for tutorial_taskflow_api to None, run_after=None
[2022-12-31T22:24:26.641+0700] {processor.py:175} INFO - Processing /home/dmk/anaconda3/lib/python3.9/site-packages/airflow/example_dags/tutorial_taskflow_api.py took 0.548 seconds
[2022-12-31T22:25:03.220+0700] {processor.py:153} INFO - Started process (PID=48756) to work on /home/dmk/anaconda3/envs/airflow/lib/python3.7/site-packages/airflow/example_dags/tutorial_taskflow_api.py
[2022-12-31T22:25:03.225+0700] {processor.py:743} INFO - Processing file /home/dmk/anaconda3/envs/airflow/lib/python3.7/site-packages/airflow/example_dags/tutorial_taskflow_api.py for tasks to queue
[2022-12-31T22:25:03.227+0700] {logging_mixin.py:137} INFO - [2022-12-31T22:25:03.226+0700] {dagbag.py:538} INFO - Filling up the DagBag from /home/dmk/anaconda3/envs/airflow/lib/python3.7/site-packages/airflow/example_dags/tutorial_taskflow_api.py
[2022-12-31T22:25:03.301+0700] {processor.py:753} INFO - DAG(s) dict_keys(['tutorial_taskflow_api']) retrieved from /home/dmk/anaconda3/envs/airflow/lib/python3.7/site-packages/airflow/example_dags/tutorial_taskflow_api.py
[2022-12-31T22:25:03.501+0700] {logging_mixin.py:137} INFO - [2022-12-31T22:25:03.501+0700] {dag.py:2676} INFO - Sync 1 DAGs
[2022-12-31T22:25:03.521+0700] {logging_mixin.py:137} INFO - [2022-12-31T22:25:03.521+0700] {dag.py:3427} INFO - Setting next_dagrun for tutorial_taskflow_api to None, run_after=None
[2022-12-31T22:25:03.559+0700] {processor.py:175} INFO - Processing /home/dmk/anaconda3/envs/airflow/lib/python3.7/site-packages/airflow/example_dags/tutorial_taskflow_api.py took 0.348 seconds
[2022-12-31T22:25:54.648+0700] {processor.py:153} INFO - Started process (PID=49731) to work on /home/dmk/anaconda3/envs/airflow/lib/python3.7/site-packages/airflow/example_dags/tutorial_taskflow_api.py
[2022-12-31T22:25:54.653+0700] {processor.py:743} INFO - Processing file /home/dmk/anaconda3/envs/airflow/lib/python3.7/site-packages/airflow/example_dags/tutorial_taskflow_api.py for tasks to queue
[2022-12-31T22:25:54.655+0700] {logging_mixin.py:137} INFO - [2022-12-31T22:25:54.654+0700] {dagbag.py:538} INFO - Filling up the DagBag from /home/dmk/anaconda3/envs/airflow/lib/python3.7/site-packages/airflow/example_dags/tutorial_taskflow_api.py
[2022-12-31T22:25:54.705+0700] {processor.py:753} INFO - DAG(s) dict_keys(['tutorial_taskflow_api']) retrieved from /home/dmk/anaconda3/envs/airflow/lib/python3.7/site-packages/airflow/example_dags/tutorial_taskflow_api.py
[2022-12-31T22:25:54.844+0700] {logging_mixin.py:137} INFO - [2022-12-31T22:25:54.844+0700] {dag.py:2676} INFO - Sync 1 DAGs
[2022-12-31T22:25:54.868+0700] {logging_mixin.py:137} INFO - [2022-12-31T22:25:54.868+0700] {dag.py:3427} INFO - Setting next_dagrun for tutorial_taskflow_api to None, run_after=None
[2022-12-31T22:25:54.899+0700] {processor.py:175} INFO - Processing /home/dmk/anaconda3/envs/airflow/lib/python3.7/site-packages/airflow/example_dags/tutorial_taskflow_api.py took 0.258 seconds
[2022-12-31T22:26:44.838+0700] {processor.py:153} INFO - Started process (PID=49929) to work on /home/dmk/anaconda3/envs/airflow/lib/python3.7/site-packages/airflow/example_dags/tutorial_taskflow_api.py
[2022-12-31T22:26:44.840+0700] {processor.py:743} INFO - Processing file /home/dmk/anaconda3/envs/airflow/lib/python3.7/site-packages/airflow/example_dags/tutorial_taskflow_api.py for tasks to queue
[2022-12-31T22:26:44.840+0700] {logging_mixin.py:137} INFO - [2022-12-31T22:26:44.840+0700] {dagbag.py:538} INFO - Filling up the DagBag from /home/dmk/anaconda3/envs/airflow/lib/python3.7/site-packages/airflow/example_dags/tutorial_taskflow_api.py
[2022-12-31T22:26:44.862+0700] {processor.py:753} INFO - DAG(s) dict_keys(['tutorial_taskflow_api']) retrieved from /home/dmk/anaconda3/envs/airflow/lib/python3.7/site-packages/airflow/example_dags/tutorial_taskflow_api.py
[2022-12-31T22:26:45.006+0700] {logging_mixin.py:137} INFO - [2022-12-31T22:26:45.006+0700] {dag.py:2676} INFO - Sync 1 DAGs
[2022-12-31T22:26:45.025+0700] {logging_mixin.py:137} INFO - [2022-12-31T22:26:45.025+0700] {dag.py:3427} INFO - Setting next_dagrun for tutorial_taskflow_api to None, run_after=None
[2022-12-31T22:26:45.058+0700] {processor.py:175} INFO - Processing /home/dmk/anaconda3/envs/airflow/lib/python3.7/site-packages/airflow/example_dags/tutorial_taskflow_api.py took 0.223 seconds
[2022-12-31T22:27:33.323+0700] {processor.py:153} INFO - Started process (PID=50225) to work on /home/dmk/anaconda3/envs/airflow/lib/python3.7/site-packages/airflow/example_dags/tutorial_taskflow_api.py
[2022-12-31T22:27:33.328+0700] {processor.py:743} INFO - Processing file /home/dmk/anaconda3/envs/airflow/lib/python3.7/site-packages/airflow/example_dags/tutorial_taskflow_api.py for tasks to queue
[2022-12-31T22:27:33.329+0700] {logging_mixin.py:137} INFO - [2022-12-31T22:27:33.329+0700] {dagbag.py:538} INFO - Filling up the DagBag from /home/dmk/anaconda3/envs/airflow/lib/python3.7/site-packages/airflow/example_dags/tutorial_taskflow_api.py
[2022-12-31T22:27:33.469+0700] {processor.py:753} INFO - DAG(s) dict_keys(['tutorial_taskflow_api']) retrieved from /home/dmk/anaconda3/envs/airflow/lib/python3.7/site-packages/airflow/example_dags/tutorial_taskflow_api.py
[2022-12-31T22:27:33.489+0700] {logging_mixin.py:137} INFO - [2022-12-31T22:27:33.489+0700] {dag.py:2676} INFO - Sync 1 DAGs
[2022-12-31T22:27:33.508+0700] {logging_mixin.py:137} INFO - [2022-12-31T22:27:33.508+0700] {dag.py:3427} INFO - Setting next_dagrun for tutorial_taskflow_api to None, run_after=None
[2022-12-31T22:27:33.539+0700] {processor.py:175} INFO - Processing /home/dmk/anaconda3/envs/airflow/lib/python3.7/site-packages/airflow/example_dags/tutorial_taskflow_api.py took 0.222 seconds
[2022-12-31T22:28:24.200+0700] {processor.py:153} INFO - Started process (PID=50588) to work on /home/dmk/anaconda3/envs/airflow/lib/python3.7/site-packages/airflow/example_dags/tutorial_taskflow_api.py
[2022-12-31T22:28:24.207+0700] {processor.py:743} INFO - Processing file /home/dmk/anaconda3/envs/airflow/lib/python3.7/site-packages/airflow/example_dags/tutorial_taskflow_api.py for tasks to queue
[2022-12-31T22:28:24.209+0700] {logging_mixin.py:137} INFO - [2022-12-31T22:28:24.208+0700] {dagbag.py:538} INFO - Filling up the DagBag from /home/dmk/anaconda3/envs/airflow/lib/python3.7/site-packages/airflow/example_dags/tutorial_taskflow_api.py
[2022-12-31T22:28:24.379+0700] {processor.py:753} INFO - DAG(s) dict_keys(['tutorial_taskflow_api']) retrieved from /home/dmk/anaconda3/envs/airflow/lib/python3.7/site-packages/airflow/example_dags/tutorial_taskflow_api.py
[2022-12-31T22:28:24.399+0700] {logging_mixin.py:137} INFO - [2022-12-31T22:28:24.399+0700] {dag.py:2676} INFO - Sync 1 DAGs
[2022-12-31T22:28:24.422+0700] {logging_mixin.py:137} INFO - [2022-12-31T22:28:24.422+0700] {dag.py:3427} INFO - Setting next_dagrun for tutorial_taskflow_api to None, run_after=None
[2022-12-31T22:28:24.454+0700] {processor.py:175} INFO - Processing /home/dmk/anaconda3/envs/airflow/lib/python3.7/site-packages/airflow/example_dags/tutorial_taskflow_api.py took 0.264 seconds
[2022-12-31T22:29:11.953+0700] {processor.py:153} INFO - Started process (PID=50689) to work on /home/dmk/anaconda3/envs/airflow/lib/python3.7/site-packages/airflow/example_dags/tutorial_taskflow_api.py
[2022-12-31T22:29:11.962+0700] {processor.py:743} INFO - Processing file /home/dmk/anaconda3/envs/airflow/lib/python3.7/site-packages/airflow/example_dags/tutorial_taskflow_api.py for tasks to queue
[2022-12-31T22:29:11.963+0700] {logging_mixin.py:137} INFO - [2022-12-31T22:29:11.963+0700] {dagbag.py:538} INFO - Filling up the DagBag from /home/dmk/anaconda3/envs/airflow/lib/python3.7/site-packages/airflow/example_dags/tutorial_taskflow_api.py
[2022-12-31T22:29:12.026+0700] {processor.py:753} INFO - DAG(s) dict_keys(['tutorial_taskflow_api']) retrieved from /home/dmk/anaconda3/envs/airflow/lib/python3.7/site-packages/airflow/example_dags/tutorial_taskflow_api.py
[2022-12-31T22:29:12.065+0700] {logging_mixin.py:137} INFO - [2022-12-31T22:29:12.065+0700] {dag.py:2676} INFO - Sync 1 DAGs
[2022-12-31T22:29:12.095+0700] {logging_mixin.py:137} INFO - [2022-12-31T22:29:12.095+0700] {dag.py:3427} INFO - Setting next_dagrun for tutorial_taskflow_api to None, run_after=None
[2022-12-31T22:29:12.126+0700] {processor.py:175} INFO - Processing /home/dmk/anaconda3/envs/airflow/lib/python3.7/site-packages/airflow/example_dags/tutorial_taskflow_api.py took 0.180 seconds
[2022-12-31T22:29:58.609+0700] {processor.py:153} INFO - Started process (PID=51284) to work on /home/dmk/anaconda3/envs/airflow/lib/python3.7/site-packages/airflow/example_dags/tutorial_taskflow_api.py
[2022-12-31T22:29:58.612+0700] {processor.py:743} INFO - Processing file /home/dmk/anaconda3/envs/airflow/lib/python3.7/site-packages/airflow/example_dags/tutorial_taskflow_api.py for tasks to queue
[2022-12-31T22:29:58.613+0700] {logging_mixin.py:137} INFO - [2022-12-31T22:29:58.613+0700] {dagbag.py:538} INFO - Filling up the DagBag from /home/dmk/anaconda3/envs/airflow/lib/python3.7/site-packages/airflow/example_dags/tutorial_taskflow_api.py
[2022-12-31T22:29:58.645+0700] {processor.py:753} INFO - DAG(s) dict_keys(['tutorial_taskflow_api']) retrieved from /home/dmk/anaconda3/envs/airflow/lib/python3.7/site-packages/airflow/example_dags/tutorial_taskflow_api.py
[2022-12-31T22:29:58.667+0700] {logging_mixin.py:137} INFO - [2022-12-31T22:29:58.667+0700] {dag.py:2676} INFO - Sync 1 DAGs
[2022-12-31T22:29:58.687+0700] {logging_mixin.py:137} INFO - [2022-12-31T22:29:58.687+0700] {dag.py:3427} INFO - Setting next_dagrun for tutorial_taskflow_api to None, run_after=None
[2022-12-31T22:29:58.719+0700] {processor.py:175} INFO - Processing /home/dmk/anaconda3/envs/airflow/lib/python3.7/site-packages/airflow/example_dags/tutorial_taskflow_api.py took 0.116 seconds
[2022-12-31T22:30:46.855+0700] {processor.py:153} INFO - Started process (PID=51598) to work on /home/dmk/anaconda3/envs/airflow/lib/python3.7/site-packages/airflow/example_dags/tutorial_taskflow_api.py
[2022-12-31T22:30:46.862+0700] {processor.py:743} INFO - Processing file /home/dmk/anaconda3/envs/airflow/lib/python3.7/site-packages/airflow/example_dags/tutorial_taskflow_api.py for tasks to queue
[2022-12-31T22:30:46.864+0700] {logging_mixin.py:137} INFO - [2022-12-31T22:30:46.864+0700] {dagbag.py:538} INFO - Filling up the DagBag from /home/dmk/anaconda3/envs/airflow/lib/python3.7/site-packages/airflow/example_dags/tutorial_taskflow_api.py
[2022-12-31T22:30:46.918+0700] {processor.py:753} INFO - DAG(s) dict_keys(['tutorial_taskflow_api']) retrieved from /home/dmk/anaconda3/envs/airflow/lib/python3.7/site-packages/airflow/example_dags/tutorial_taskflow_api.py
[2022-12-31T22:30:46.945+0700] {logging_mixin.py:137} INFO - [2022-12-31T22:30:46.944+0700] {dag.py:2676} INFO - Sync 1 DAGs
[2022-12-31T22:30:46.968+0700] {logging_mixin.py:137} INFO - [2022-12-31T22:30:46.967+0700] {dag.py:3427} INFO - Setting next_dagrun for tutorial_taskflow_api to None, run_after=None
[2022-12-31T22:30:47.012+0700] {processor.py:175} INFO - Processing /home/dmk/anaconda3/envs/airflow/lib/python3.7/site-packages/airflow/example_dags/tutorial_taskflow_api.py took 0.166 seconds
[2022-12-31T22:31:34.530+0700] {processor.py:153} INFO - Started process (PID=51788) to work on /home/dmk/anaconda3/envs/airflow/lib/python3.7/site-packages/airflow/example_dags/tutorial_taskflow_api.py
[2022-12-31T22:31:34.534+0700] {processor.py:743} INFO - Processing file /home/dmk/anaconda3/envs/airflow/lib/python3.7/site-packages/airflow/example_dags/tutorial_taskflow_api.py for tasks to queue
[2022-12-31T22:31:34.536+0700] {logging_mixin.py:137} INFO - [2022-12-31T22:31:34.536+0700] {dagbag.py:538} INFO - Filling up the DagBag from /home/dmk/anaconda3/envs/airflow/lib/python3.7/site-packages/airflow/example_dags/tutorial_taskflow_api.py
[2022-12-31T22:31:34.591+0700] {processor.py:753} INFO - DAG(s) dict_keys(['tutorial_taskflow_api']) retrieved from /home/dmk/anaconda3/envs/airflow/lib/python3.7/site-packages/airflow/example_dags/tutorial_taskflow_api.py
[2022-12-31T22:31:34.621+0700] {logging_mixin.py:137} INFO - [2022-12-31T22:31:34.620+0700] {dag.py:2676} INFO - Sync 1 DAGs
[2022-12-31T22:31:34.648+0700] {logging_mixin.py:137} INFO - [2022-12-31T22:31:34.648+0700] {dag.py:3427} INFO - Setting next_dagrun for tutorial_taskflow_api to None, run_after=None
[2022-12-31T22:31:34.712+0700] {processor.py:175} INFO - Processing /home/dmk/anaconda3/envs/airflow/lib/python3.7/site-packages/airflow/example_dags/tutorial_taskflow_api.py took 0.190 seconds
[2022-12-31T22:32:24.077+0700] {processor.py:153} INFO - Started process (PID=51866) to work on /home/dmk/anaconda3/envs/airflow/lib/python3.7/site-packages/airflow/example_dags/tutorial_taskflow_api.py
[2022-12-31T22:32:24.081+0700] {processor.py:743} INFO - Processing file /home/dmk/anaconda3/envs/airflow/lib/python3.7/site-packages/airflow/example_dags/tutorial_taskflow_api.py for tasks to queue
[2022-12-31T22:32:24.082+0700] {logging_mixin.py:137} INFO - [2022-12-31T22:32:24.082+0700] {dagbag.py:538} INFO - Filling up the DagBag from /home/dmk/anaconda3/envs/airflow/lib/python3.7/site-packages/airflow/example_dags/tutorial_taskflow_api.py
[2022-12-31T22:32:24.109+0700] {processor.py:753} INFO - DAG(s) dict_keys(['tutorial_taskflow_api']) retrieved from /home/dmk/anaconda3/envs/airflow/lib/python3.7/site-packages/airflow/example_dags/tutorial_taskflow_api.py
[2022-12-31T22:32:24.134+0700] {logging_mixin.py:137} INFO - [2022-12-31T22:32:24.134+0700] {dag.py:2676} INFO - Sync 1 DAGs
[2022-12-31T22:32:24.161+0700] {logging_mixin.py:137} INFO - [2022-12-31T22:32:24.161+0700] {dag.py:3427} INFO - Setting next_dagrun for tutorial_taskflow_api to None, run_after=None
[2022-12-31T22:32:24.197+0700] {processor.py:175} INFO - Processing /home/dmk/anaconda3/envs/airflow/lib/python3.7/site-packages/airflow/example_dags/tutorial_taskflow_api.py took 0.126 seconds
