[2022-12-31T20:47:50.608+0700] {processor.py:153} INFO - Started process (PID=8507) to work on /home/dmk/anaconda3/lib/python3.9/site-packages/airflow/example_dags/tutorial.py
[2022-12-31T20:47:50.608+0700] {processor.py:743} INFO - Processing file /home/dmk/anaconda3/lib/python3.9/site-packages/airflow/example_dags/tutorial.py for tasks to queue
[2022-12-31T20:47:50.609+0700] {logging_mixin.py:137} INFO - [2022-12-31T20:47:50.609+0700] {dagbag.py:538} INFO - Filling up the DagBag from /home/dmk/anaconda3/lib/python3.9/site-packages/airflow/example_dags/tutorial.py
[2022-12-31T20:47:50.623+0700] {processor.py:753} INFO - DAG(s) dict_keys(['tutorial']) retrieved from /home/dmk/anaconda3/lib/python3.9/site-packages/airflow/example_dags/tutorial.py
[2022-12-31T20:47:50.675+0700] {logging_mixin.py:137} INFO - [2022-12-31T20:47:50.675+0700] {dag.py:2676} INFO - Sync 1 DAGs
[2022-12-31T20:47:50.784+0700] {logging_mixin.py:137} INFO - [2022-12-31T20:47:50.784+0700] {dag.py:3423} INFO - Setting next_dagrun for tutorial to 2022-12-31T13:03:00.889962+00:00, run_after=2023-01-01T13:03:00.889962+00:00
[2022-12-31T20:47:50.813+0700] {processor.py:175} INFO - Processing /home/dmk/anaconda3/lib/python3.9/site-packages/airflow/example_dags/tutorial.py took 0.207 seconds
[2022-12-31T20:54:49.513+0700] {processor.py:153} INFO - Started process (PID=11795) to work on /home/dmk/anaconda3/lib/python3.9/site-packages/airflow/example_dags/tutorial.py
[2022-12-31T20:54:49.514+0700] {processor.py:743} INFO - Processing file /home/dmk/anaconda3/lib/python3.9/site-packages/airflow/example_dags/tutorial.py for tasks to queue
[2022-12-31T20:54:49.516+0700] {logging_mixin.py:137} INFO - [2022-12-31T20:54:49.516+0700] {dagbag.py:538} INFO - Filling up the DagBag from /home/dmk/anaconda3/lib/python3.9/site-packages/airflow/example_dags/tutorial.py
[2022-12-31T20:54:49.532+0700] {processor.py:753} INFO - DAG(s) dict_keys(['tutorial']) retrieved from /home/dmk/anaconda3/lib/python3.9/site-packages/airflow/example_dags/tutorial.py
[2022-12-31T20:54:49.555+0700] {logging_mixin.py:137} INFO - [2022-12-31T20:54:49.555+0700] {dag.py:2676} INFO - Sync 1 DAGs
[2022-12-31T20:54:49.583+0700] {logging_mixin.py:137} INFO - [2022-12-31T20:54:49.583+0700] {dag.py:3423} INFO - Setting next_dagrun for tutorial to 2022-12-31T13:03:00.889962+00:00, run_after=2023-01-01T13:03:00.889962+00:00
[2022-12-31T20:54:49.745+0700] {processor.py:175} INFO - Processing /home/dmk/anaconda3/lib/python3.9/site-packages/airflow/example_dags/tutorial.py took 0.234 seconds
[2022-12-31T20:55:34.009+0700] {processor.py:153} INFO - Started process (PID=12021) to work on /home/dmk/anaconda3/lib/python3.9/site-packages/airflow/example_dags/tutorial.py
[2022-12-31T20:55:34.012+0700] {processor.py:743} INFO - Processing file /home/dmk/anaconda3/lib/python3.9/site-packages/airflow/example_dags/tutorial.py for tasks to queue
[2022-12-31T20:55:34.013+0700] {logging_mixin.py:137} INFO - [2022-12-31T20:55:34.013+0700] {dagbag.py:538} INFO - Filling up the DagBag from /home/dmk/anaconda3/lib/python3.9/site-packages/airflow/example_dags/tutorial.py
[2022-12-31T20:55:34.030+0700] {processor.py:753} INFO - DAG(s) dict_keys(['tutorial']) retrieved from /home/dmk/anaconda3/lib/python3.9/site-packages/airflow/example_dags/tutorial.py
[2022-12-31T20:55:34.217+0700] {logging_mixin.py:137} INFO - [2022-12-31T20:55:34.217+0700] {dag.py:2676} INFO - Sync 1 DAGs
[2022-12-31T20:55:34.242+0700] {logging_mixin.py:137} INFO - [2022-12-31T20:55:34.241+0700] {dag.py:3423} INFO - Setting next_dagrun for tutorial to 2022-12-31T13:03:00.889962+00:00, run_after=2023-01-01T13:03:00.889962+00:00
[2022-12-31T20:55:34.276+0700] {processor.py:175} INFO - Processing /home/dmk/anaconda3/lib/python3.9/site-packages/airflow/example_dags/tutorial.py took 0.270 seconds
[2022-12-31T20:56:16.273+0700] {processor.py:153} INFO - Started process (PID=12183) to work on /home/dmk/anaconda3/lib/python3.9/site-packages/airflow/example_dags/tutorial.py
[2022-12-31T20:56:16.277+0700] {processor.py:743} INFO - Processing file /home/dmk/anaconda3/lib/python3.9/site-packages/airflow/example_dags/tutorial.py for tasks to queue
[2022-12-31T20:56:16.277+0700] {logging_mixin.py:137} INFO - [2022-12-31T20:56:16.277+0700] {dagbag.py:538} INFO - Filling up the DagBag from /home/dmk/anaconda3/lib/python3.9/site-packages/airflow/example_dags/tutorial.py
[2022-12-31T20:56:16.293+0700] {processor.py:753} INFO - DAG(s) dict_keys(['tutorial']) retrieved from /home/dmk/anaconda3/lib/python3.9/site-packages/airflow/example_dags/tutorial.py
[2022-12-31T20:56:16.311+0700] {logging_mixin.py:137} INFO - [2022-12-31T20:56:16.311+0700] {dag.py:2676} INFO - Sync 1 DAGs
[2022-12-31T20:56:16.444+0700] {logging_mixin.py:137} INFO - [2022-12-31T20:56:16.444+0700] {dag.py:3423} INFO - Setting next_dagrun for tutorial to 2022-12-31T13:03:00.889962+00:00, run_after=2023-01-01T13:03:00.889962+00:00
[2022-12-31T20:56:16.470+0700] {processor.py:175} INFO - Processing /home/dmk/anaconda3/lib/python3.9/site-packages/airflow/example_dags/tutorial.py took 0.200 seconds
[2022-12-31T20:57:20.009+0700] {processor.py:153} INFO - Started process (PID=12476) to work on /home/dmk/anaconda3/lib/python3.9/site-packages/airflow/example_dags/tutorial.py
[2022-12-31T20:57:20.011+0700] {processor.py:743} INFO - Processing file /home/dmk/anaconda3/lib/python3.9/site-packages/airflow/example_dags/tutorial.py for tasks to queue
[2022-12-31T20:57:20.012+0700] {logging_mixin.py:137} INFO - [2022-12-31T20:57:20.011+0700] {dagbag.py:538} INFO - Filling up the DagBag from /home/dmk/anaconda3/lib/python3.9/site-packages/airflow/example_dags/tutorial.py
[2022-12-31T20:57:20.027+0700] {processor.py:753} INFO - DAG(s) dict_keys(['tutorial']) retrieved from /home/dmk/anaconda3/lib/python3.9/site-packages/airflow/example_dags/tutorial.py
[2022-12-31T20:57:20.195+0700] {logging_mixin.py:137} INFO - [2022-12-31T20:57:20.195+0700] {dag.py:2676} INFO - Sync 1 DAGs
[2022-12-31T20:57:20.217+0700] {logging_mixin.py:137} INFO - [2022-12-31T20:57:20.217+0700] {dag.py:3423} INFO - Setting next_dagrun for tutorial to 2022-12-31T13:03:00.889962+00:00, run_after=2023-01-01T13:03:00.889962+00:00
[2022-12-31T20:57:20.248+0700] {processor.py:175} INFO - Processing /home/dmk/anaconda3/lib/python3.9/site-packages/airflow/example_dags/tutorial.py took 0.245 seconds
[2022-12-31T20:58:13.324+0700] {processor.py:153} INFO - Started process (PID=12842) to work on /home/dmk/anaconda3/lib/python3.9/site-packages/airflow/example_dags/tutorial.py
[2022-12-31T20:58:13.331+0700] {processor.py:743} INFO - Processing file /home/dmk/anaconda3/lib/python3.9/site-packages/airflow/example_dags/tutorial.py for tasks to queue
[2022-12-31T20:58:13.334+0700] {logging_mixin.py:137} INFO - [2022-12-31T20:58:13.333+0700] {dagbag.py:538} INFO - Filling up the DagBag from /home/dmk/anaconda3/lib/python3.9/site-packages/airflow/example_dags/tutorial.py
[2022-12-31T20:58:13.514+0700] {processor.py:753} INFO - DAG(s) dict_keys(['tutorial']) retrieved from /home/dmk/anaconda3/lib/python3.9/site-packages/airflow/example_dags/tutorial.py
[2022-12-31T20:58:13.532+0700] {logging_mixin.py:137} INFO - [2022-12-31T20:58:13.531+0700] {dag.py:2676} INFO - Sync 1 DAGs
[2022-12-31T20:58:13.561+0700] {logging_mixin.py:137} INFO - [2022-12-31T20:58:13.560+0700] {dag.py:3423} INFO - Setting next_dagrun for tutorial to 2022-12-31T13:03:00.889962+00:00, run_after=2023-01-01T13:03:00.889962+00:00
[2022-12-31T20:58:13.610+0700] {processor.py:175} INFO - Processing /home/dmk/anaconda3/lib/python3.9/site-packages/airflow/example_dags/tutorial.py took 0.297 seconds
[2022-12-31T20:59:04.179+0700] {processor.py:153} INFO - Started process (PID=13098) to work on /home/dmk/anaconda3/lib/python3.9/site-packages/airflow/example_dags/tutorial.py
[2022-12-31T20:59:04.182+0700] {processor.py:743} INFO - Processing file /home/dmk/anaconda3/lib/python3.9/site-packages/airflow/example_dags/tutorial.py for tasks to queue
[2022-12-31T20:59:04.183+0700] {logging_mixin.py:137} INFO - [2022-12-31T20:59:04.183+0700] {dagbag.py:538} INFO - Filling up the DagBag from /home/dmk/anaconda3/lib/python3.9/site-packages/airflow/example_dags/tutorial.py
[2022-12-31T20:59:04.217+0700] {processor.py:753} INFO - DAG(s) dict_keys(['tutorial']) retrieved from /home/dmk/anaconda3/lib/python3.9/site-packages/airflow/example_dags/tutorial.py
[2022-12-31T20:59:04.284+0700] {logging_mixin.py:137} INFO - [2022-12-31T20:59:04.284+0700] {dag.py:2676} INFO - Sync 1 DAGs
[2022-12-31T20:59:04.302+0700] {logging_mixin.py:137} INFO - [2022-12-31T20:59:04.301+0700] {dag.py:3423} INFO - Setting next_dagrun for tutorial to 2022-12-31T13:03:00.889962+00:00, run_after=2023-01-01T13:03:00.889962+00:00
[2022-12-31T20:59:04.336+0700] {processor.py:175} INFO - Processing /home/dmk/anaconda3/lib/python3.9/site-packages/airflow/example_dags/tutorial.py took 0.163 seconds
[2022-12-31T20:59:49.839+0700] {processor.py:153} INFO - Started process (PID=14309) to work on /home/dmk/anaconda3/lib/python3.9/site-packages/airflow/example_dags/tutorial.py
[2022-12-31T20:59:49.844+0700] {processor.py:743} INFO - Processing file /home/dmk/anaconda3/lib/python3.9/site-packages/airflow/example_dags/tutorial.py for tasks to queue
[2022-12-31T20:59:49.846+0700] {logging_mixin.py:137} INFO - [2022-12-31T20:59:49.845+0700] {dagbag.py:538} INFO - Filling up the DagBag from /home/dmk/anaconda3/lib/python3.9/site-packages/airflow/example_dags/tutorial.py
[2022-12-31T20:59:49.888+0700] {processor.py:753} INFO - DAG(s) dict_keys(['tutorial']) retrieved from /home/dmk/anaconda3/lib/python3.9/site-packages/airflow/example_dags/tutorial.py
[2022-12-31T20:59:49.912+0700] {logging_mixin.py:137} INFO - [2022-12-31T20:59:49.911+0700] {dag.py:2676} INFO - Sync 1 DAGs
[2022-12-31T20:59:49.932+0700] {logging_mixin.py:137} INFO - [2022-12-31T20:59:49.932+0700] {dag.py:3423} INFO - Setting next_dagrun for tutorial to 2022-12-31T13:03:00.889962+00:00, run_after=2023-01-01T13:03:00.889962+00:00
[2022-12-31T20:59:49.960+0700] {processor.py:175} INFO - Processing /home/dmk/anaconda3/lib/python3.9/site-packages/airflow/example_dags/tutorial.py took 0.130 seconds
[2022-12-31T21:00:48.787+0700] {processor.py:153} INFO - Started process (PID=15516) to work on /home/dmk/anaconda3/lib/python3.9/site-packages/airflow/example_dags/tutorial.py
[2022-12-31T21:00:48.791+0700] {processor.py:743} INFO - Processing file /home/dmk/anaconda3/lib/python3.9/site-packages/airflow/example_dags/tutorial.py for tasks to queue
[2022-12-31T21:00:48.793+0700] {logging_mixin.py:137} INFO - [2022-12-31T21:00:48.793+0700] {dagbag.py:538} INFO - Filling up the DagBag from /home/dmk/anaconda3/lib/python3.9/site-packages/airflow/example_dags/tutorial.py
[2022-12-31T21:00:48.813+0700] {processor.py:753} INFO - DAG(s) dict_keys(['tutorial']) retrieved from /home/dmk/anaconda3/lib/python3.9/site-packages/airflow/example_dags/tutorial.py
[2022-12-31T21:00:48.862+0700] {logging_mixin.py:137} INFO - [2022-12-31T21:00:48.862+0700] {dag.py:2676} INFO - Sync 1 DAGs
[2022-12-31T21:00:48.879+0700] {logging_mixin.py:137} INFO - [2022-12-31T21:00:48.879+0700] {dag.py:3423} INFO - Setting next_dagrun for tutorial to 2022-12-31T13:03:00.889962+00:00, run_after=2023-01-01T13:03:00.889962+00:00
[2022-12-31T21:00:48.909+0700] {processor.py:175} INFO - Processing /home/dmk/anaconda3/lib/python3.9/site-packages/airflow/example_dags/tutorial.py took 0.129 seconds
[2022-12-31T21:01:25.227+0700] {processor.py:153} INFO - Started process (PID=16184) to work on /home/dmk/anaconda3/lib/python3.9/site-packages/airflow/example_dags/tutorial.py
[2022-12-31T21:01:25.232+0700] {processor.py:743} INFO - Processing file /home/dmk/anaconda3/lib/python3.9/site-packages/airflow/example_dags/tutorial.py for tasks to queue
[2022-12-31T21:01:25.233+0700] {logging_mixin.py:137} INFO - [2022-12-31T21:01:25.233+0700] {dagbag.py:538} INFO - Filling up the DagBag from /home/dmk/anaconda3/lib/python3.9/site-packages/airflow/example_dags/tutorial.py
[2022-12-31T21:01:25.265+0700] {processor.py:753} INFO - DAG(s) dict_keys(['tutorial']) retrieved from /home/dmk/anaconda3/lib/python3.9/site-packages/airflow/example_dags/tutorial.py
[2022-12-31T21:01:25.287+0700] {logging_mixin.py:137} INFO - [2022-12-31T21:01:25.287+0700] {dag.py:2676} INFO - Sync 1 DAGs
[2022-12-31T21:01:25.309+0700] {logging_mixin.py:137} INFO - [2022-12-31T21:01:25.308+0700] {dag.py:3423} INFO - Setting next_dagrun for tutorial to 2022-12-31T13:03:00.889962+00:00, run_after=2023-01-01T13:03:00.889962+00:00
[2022-12-31T21:01:25.332+0700] {processor.py:175} INFO - Processing /home/dmk/anaconda3/lib/python3.9/site-packages/airflow/example_dags/tutorial.py took 0.113 seconds
[2022-12-31T21:02:00.473+0700] {processor.py:153} INFO - Started process (PID=16276) to work on /home/dmk/anaconda3/lib/python3.9/site-packages/airflow/example_dags/tutorial.py
[2022-12-31T21:02:00.477+0700] {processor.py:743} INFO - Processing file /home/dmk/anaconda3/lib/python3.9/site-packages/airflow/example_dags/tutorial.py for tasks to queue
[2022-12-31T21:02:00.479+0700] {logging_mixin.py:137} INFO - [2022-12-31T21:02:00.478+0700] {dagbag.py:538} INFO - Filling up the DagBag from /home/dmk/anaconda3/lib/python3.9/site-packages/airflow/example_dags/tutorial.py
[2022-12-31T21:02:00.507+0700] {processor.py:753} INFO - DAG(s) dict_keys(['tutorial']) retrieved from /home/dmk/anaconda3/lib/python3.9/site-packages/airflow/example_dags/tutorial.py
[2022-12-31T21:02:00.557+0700] {logging_mixin.py:137} INFO - [2022-12-31T21:02:00.557+0700] {dag.py:2676} INFO - Sync 1 DAGs
[2022-12-31T21:02:00.573+0700] {logging_mixin.py:137} INFO - [2022-12-31T21:02:00.573+0700] {dag.py:3423} INFO - Setting next_dagrun for tutorial to 2022-12-31T13:03:00.889962+00:00, run_after=2023-01-01T13:03:00.889962+00:00
[2022-12-31T21:02:00.605+0700] {processor.py:175} INFO - Processing /home/dmk/anaconda3/lib/python3.9/site-packages/airflow/example_dags/tutorial.py took 0.142 seconds
[2022-12-31T21:02:35.902+0700] {processor.py:153} INFO - Started process (PID=16370) to work on /home/dmk/anaconda3/lib/python3.9/site-packages/airflow/example_dags/tutorial.py
[2022-12-31T21:02:35.906+0700] {processor.py:743} INFO - Processing file /home/dmk/anaconda3/lib/python3.9/site-packages/airflow/example_dags/tutorial.py for tasks to queue
[2022-12-31T21:02:35.907+0700] {logging_mixin.py:137} INFO - [2022-12-31T21:02:35.907+0700] {dagbag.py:538} INFO - Filling up the DagBag from /home/dmk/anaconda3/lib/python3.9/site-packages/airflow/example_dags/tutorial.py
[2022-12-31T21:02:35.927+0700] {processor.py:753} INFO - DAG(s) dict_keys(['tutorial']) retrieved from /home/dmk/anaconda3/lib/python3.9/site-packages/airflow/example_dags/tutorial.py
[2022-12-31T21:02:35.950+0700] {logging_mixin.py:137} INFO - [2022-12-31T21:02:35.950+0700] {dag.py:2676} INFO - Sync 1 DAGs
[2022-12-31T21:02:35.968+0700] {logging_mixin.py:137} INFO - [2022-12-31T21:02:35.968+0700] {dag.py:3423} INFO - Setting next_dagrun for tutorial to 2022-12-31T13:03:00.889962+00:00, run_after=2023-01-01T13:03:00.889962+00:00
[2022-12-31T21:02:36.000+0700] {processor.py:175} INFO - Processing /home/dmk/anaconda3/lib/python3.9/site-packages/airflow/example_dags/tutorial.py took 0.101 seconds
[2022-12-31T21:03:27.014+0700] {processor.py:153} INFO - Started process (PID=16839) to work on /home/dmk/anaconda3/lib/python3.9/site-packages/airflow/example_dags/tutorial.py
[2022-12-31T21:03:27.016+0700] {processor.py:743} INFO - Processing file /home/dmk/anaconda3/lib/python3.9/site-packages/airflow/example_dags/tutorial.py for tasks to queue
[2022-12-31T21:03:27.017+0700] {logging_mixin.py:137} INFO - [2022-12-31T21:03:27.017+0700] {dagbag.py:538} INFO - Filling up the DagBag from /home/dmk/anaconda3/lib/python3.9/site-packages/airflow/example_dags/tutorial.py
[2022-12-31T21:03:27.031+0700] {processor.py:753} INFO - DAG(s) dict_keys(['tutorial']) retrieved from /home/dmk/anaconda3/lib/python3.9/site-packages/airflow/example_dags/tutorial.py
[2022-12-31T21:03:27.182+0700] {logging_mixin.py:137} INFO - [2022-12-31T21:03:27.182+0700] {dag.py:2676} INFO - Sync 1 DAGs
[2022-12-31T21:03:27.198+0700] {logging_mixin.py:137} INFO - [2022-12-31T21:03:27.198+0700] {dag.py:3423} INFO - Setting next_dagrun for tutorial to 2022-12-31T13:03:00.889962+00:00, run_after=2023-01-01T13:03:00.889962+00:00
[2022-12-31T21:03:27.220+0700] {processor.py:175} INFO - Processing /home/dmk/anaconda3/lib/python3.9/site-packages/airflow/example_dags/tutorial.py took 0.208 seconds
[2022-12-31T21:04:19.676+0700] {processor.py:153} INFO - Started process (PID=17108) to work on /home/dmk/anaconda3/lib/python3.9/site-packages/airflow/example_dags/tutorial.py
[2022-12-31T21:04:19.682+0700] {processor.py:743} INFO - Processing file /home/dmk/anaconda3/lib/python3.9/site-packages/airflow/example_dags/tutorial.py for tasks to queue
[2022-12-31T21:04:19.684+0700] {logging_mixin.py:137} INFO - [2022-12-31T21:04:19.683+0700] {dagbag.py:538} INFO - Filling up the DagBag from /home/dmk/anaconda3/lib/python3.9/site-packages/airflow/example_dags/tutorial.py
[2022-12-31T21:04:19.712+0700] {processor.py:753} INFO - DAG(s) dict_keys(['tutorial']) retrieved from /home/dmk/anaconda3/lib/python3.9/site-packages/airflow/example_dags/tutorial.py
[2022-12-31T21:04:19.861+0700] {logging_mixin.py:137} INFO - [2022-12-31T21:04:19.860+0700] {dag.py:2676} INFO - Sync 1 DAGs
[2022-12-31T21:04:19.879+0700] {logging_mixin.py:137} INFO - [2022-12-31T21:04:19.878+0700] {dag.py:3423} INFO - Setting next_dagrun for tutorial to 2022-12-31T13:03:00.889962+00:00, run_after=2023-01-01T13:03:00.889962+00:00
[2022-12-31T21:04:19.910+0700] {processor.py:175} INFO - Processing /home/dmk/anaconda3/lib/python3.9/site-packages/airflow/example_dags/tutorial.py took 0.243 seconds
[2022-12-31T21:05:10.197+0700] {processor.py:153} INFO - Started process (PID=17857) to work on /home/dmk/anaconda3/lib/python3.9/site-packages/airflow/example_dags/tutorial.py
[2022-12-31T21:05:10.201+0700] {processor.py:743} INFO - Processing file /home/dmk/anaconda3/lib/python3.9/site-packages/airflow/example_dags/tutorial.py for tasks to queue
[2022-12-31T21:05:10.204+0700] {logging_mixin.py:137} INFO - [2022-12-31T21:05:10.203+0700] {dagbag.py:538} INFO - Filling up the DagBag from /home/dmk/anaconda3/lib/python3.9/site-packages/airflow/example_dags/tutorial.py
[2022-12-31T21:05:10.229+0700] {processor.py:753} INFO - DAG(s) dict_keys(['tutorial']) retrieved from /home/dmk/anaconda3/lib/python3.9/site-packages/airflow/example_dags/tutorial.py
[2022-12-31T21:05:10.246+0700] {logging_mixin.py:137} INFO - [2022-12-31T21:05:10.246+0700] {dag.py:2676} INFO - Sync 1 DAGs
[2022-12-31T21:05:10.362+0700] {logging_mixin.py:137} INFO - [2022-12-31T21:05:10.362+0700] {dag.py:3423} INFO - Setting next_dagrun for tutorial to 2022-12-31T13:03:00.889962+00:00, run_after=2023-01-01T13:03:00.889962+00:00
[2022-12-31T21:05:10.393+0700] {processor.py:175} INFO - Processing /home/dmk/anaconda3/lib/python3.9/site-packages/airflow/example_dags/tutorial.py took 0.204 seconds
[2022-12-31T21:05:58.338+0700] {processor.py:153} INFO - Started process (PID=18380) to work on /home/dmk/anaconda3/lib/python3.9/site-packages/airflow/example_dags/tutorial.py
[2022-12-31T21:05:58.344+0700] {processor.py:743} INFO - Processing file /home/dmk/anaconda3/lib/python3.9/site-packages/airflow/example_dags/tutorial.py for tasks to queue
[2022-12-31T21:05:58.348+0700] {logging_mixin.py:137} INFO - [2022-12-31T21:05:58.347+0700] {dagbag.py:538} INFO - Filling up the DagBag from /home/dmk/anaconda3/lib/python3.9/site-packages/airflow/example_dags/tutorial.py
[2022-12-31T21:05:58.375+0700] {processor.py:753} INFO - DAG(s) dict_keys(['tutorial']) retrieved from /home/dmk/anaconda3/lib/python3.9/site-packages/airflow/example_dags/tutorial.py
[2022-12-31T21:05:58.547+0700] {logging_mixin.py:137} INFO - [2022-12-31T21:05:58.547+0700] {dag.py:2676} INFO - Sync 1 DAGs
[2022-12-31T21:05:58.564+0700] {logging_mixin.py:137} INFO - [2022-12-31T21:05:58.564+0700] {dag.py:3423} INFO - Setting next_dagrun for tutorial to 2022-12-31T13:03:00.889962+00:00, run_after=2023-01-01T13:03:00.889962+00:00
[2022-12-31T21:05:58.589+0700] {processor.py:175} INFO - Processing /home/dmk/anaconda3/lib/python3.9/site-packages/airflow/example_dags/tutorial.py took 0.262 seconds
[2022-12-31T21:06:32.983+0700] {processor.py:153} INFO - Started process (PID=18464) to work on /home/dmk/anaconda3/lib/python3.9/site-packages/airflow/example_dags/tutorial.py
[2022-12-31T21:06:32.988+0700] {processor.py:743} INFO - Processing file /home/dmk/anaconda3/lib/python3.9/site-packages/airflow/example_dags/tutorial.py for tasks to queue
[2022-12-31T21:06:32.989+0700] {logging_mixin.py:137} INFO - [2022-12-31T21:06:32.989+0700] {dagbag.py:538} INFO - Filling up the DagBag from /home/dmk/anaconda3/lib/python3.9/site-packages/airflow/example_dags/tutorial.py
[2022-12-31T21:06:33.021+0700] {processor.py:753} INFO - DAG(s) dict_keys(['tutorial']) retrieved from /home/dmk/anaconda3/lib/python3.9/site-packages/airflow/example_dags/tutorial.py
[2022-12-31T21:06:33.132+0700] {logging_mixin.py:137} INFO - [2022-12-31T21:06:33.132+0700] {dag.py:2676} INFO - Sync 1 DAGs
[2022-12-31T21:06:33.149+0700] {logging_mixin.py:137} INFO - [2022-12-31T21:06:33.149+0700] {dag.py:3423} INFO - Setting next_dagrun for tutorial to 2022-12-31T13:03:00.889962+00:00, run_after=2023-01-01T13:03:00.889962+00:00
[2022-12-31T21:06:33.175+0700] {processor.py:175} INFO - Processing /home/dmk/anaconda3/lib/python3.9/site-packages/airflow/example_dags/tutorial.py took 0.194 seconds
[2022-12-31T21:07:23.879+0700] {processor.py:153} INFO - Started process (PID=18663) to work on /home/dmk/anaconda3/lib/python3.9/site-packages/airflow/example_dags/tutorial.py
[2022-12-31T21:07:23.882+0700] {processor.py:743} INFO - Processing file /home/dmk/anaconda3/lib/python3.9/site-packages/airflow/example_dags/tutorial.py for tasks to queue
[2022-12-31T21:07:23.884+0700] {logging_mixin.py:137} INFO - [2022-12-31T21:07:23.883+0700] {dagbag.py:538} INFO - Filling up the DagBag from /home/dmk/anaconda3/lib/python3.9/site-packages/airflow/example_dags/tutorial.py
[2022-12-31T21:07:23.917+0700] {processor.py:753} INFO - DAG(s) dict_keys(['tutorial']) retrieved from /home/dmk/anaconda3/lib/python3.9/site-packages/airflow/example_dags/tutorial.py
[2022-12-31T21:07:24.063+0700] {logging_mixin.py:137} INFO - [2022-12-31T21:07:24.063+0700] {dag.py:2676} INFO - Sync 1 DAGs
[2022-12-31T21:07:24.078+0700] {logging_mixin.py:137} INFO - [2022-12-31T21:07:24.078+0700] {dag.py:3423} INFO - Setting next_dagrun for tutorial to 2022-12-31T13:03:00.889962+00:00, run_after=2023-01-01T13:03:00.889962+00:00
[2022-12-31T21:07:24.100+0700] {processor.py:175} INFO - Processing /home/dmk/anaconda3/lib/python3.9/site-packages/airflow/example_dags/tutorial.py took 0.223 seconds
[2022-12-31T21:08:10.857+0700] {processor.py:153} INFO - Started process (PID=18795) to work on /home/dmk/anaconda3/lib/python3.9/site-packages/airflow/example_dags/tutorial.py
[2022-12-31T21:08:10.858+0700] {processor.py:743} INFO - Processing file /home/dmk/anaconda3/lib/python3.9/site-packages/airflow/example_dags/tutorial.py for tasks to queue
[2022-12-31T21:08:10.859+0700] {logging_mixin.py:137} INFO - [2022-12-31T21:08:10.859+0700] {dagbag.py:538} INFO - Filling up the DagBag from /home/dmk/anaconda3/lib/python3.9/site-packages/airflow/example_dags/tutorial.py
[2022-12-31T21:08:10.993+0700] {processor.py:753} INFO - DAG(s) dict_keys(['tutorial']) retrieved from /home/dmk/anaconda3/lib/python3.9/site-packages/airflow/example_dags/tutorial.py
[2022-12-31T21:08:11.015+0700] {logging_mixin.py:137} INFO - [2022-12-31T21:08:11.014+0700] {dag.py:2676} INFO - Sync 1 DAGs
[2022-12-31T21:08:11.042+0700] {logging_mixin.py:137} INFO - [2022-12-31T21:08:11.041+0700] {dag.py:3423} INFO - Setting next_dagrun for tutorial to 2022-12-31T13:03:00.889962+00:00, run_after=2023-01-01T13:03:00.889962+00:00
[2022-12-31T21:08:11.082+0700] {processor.py:175} INFO - Processing /home/dmk/anaconda3/lib/python3.9/site-packages/airflow/example_dags/tutorial.py took 0.230 seconds
[2022-12-31T21:09:01.428+0700] {processor.py:153} INFO - Started process (PID=19515) to work on /home/dmk/anaconda3/lib/python3.9/site-packages/airflow/example_dags/tutorial.py
[2022-12-31T21:09:01.433+0700] {processor.py:743} INFO - Processing file /home/dmk/anaconda3/lib/python3.9/site-packages/airflow/example_dags/tutorial.py for tasks to queue
[2022-12-31T21:09:01.435+0700] {logging_mixin.py:137} INFO - [2022-12-31T21:09:01.435+0700] {dagbag.py:538} INFO - Filling up the DagBag from /home/dmk/anaconda3/lib/python3.9/site-packages/airflow/example_dags/tutorial.py
[2022-12-31T21:09:01.469+0700] {processor.py:753} INFO - DAG(s) dict_keys(['tutorial']) retrieved from /home/dmk/anaconda3/lib/python3.9/site-packages/airflow/example_dags/tutorial.py
[2022-12-31T21:09:01.535+0700] {logging_mixin.py:137} INFO - [2022-12-31T21:09:01.534+0700] {dag.py:2676} INFO - Sync 1 DAGs
[2022-12-31T21:09:01.560+0700] {logging_mixin.py:137} INFO - [2022-12-31T21:09:01.560+0700] {dag.py:3423} INFO - Setting next_dagrun for tutorial to 2022-12-31T13:03:00.889962+00:00, run_after=2023-01-01T13:03:00.889962+00:00
[2022-12-31T21:09:01.597+0700] {processor.py:175} INFO - Processing /home/dmk/anaconda3/lib/python3.9/site-packages/airflow/example_dags/tutorial.py took 0.178 seconds
[2022-12-31T21:09:54.124+0700] {processor.py:153} INFO - Started process (PID=19853) to work on /home/dmk/anaconda3/lib/python3.9/site-packages/airflow/example_dags/tutorial.py
[2022-12-31T21:09:54.128+0700] {processor.py:743} INFO - Processing file /home/dmk/anaconda3/lib/python3.9/site-packages/airflow/example_dags/tutorial.py for tasks to queue
[2022-12-31T21:09:54.128+0700] {logging_mixin.py:137} INFO - [2022-12-31T21:09:54.128+0700] {dagbag.py:538} INFO - Filling up the DagBag from /home/dmk/anaconda3/lib/python3.9/site-packages/airflow/example_dags/tutorial.py
[2022-12-31T21:09:54.141+0700] {processor.py:753} INFO - DAG(s) dict_keys(['tutorial']) retrieved from /home/dmk/anaconda3/lib/python3.9/site-packages/airflow/example_dags/tutorial.py
[2022-12-31T21:09:54.158+0700] {logging_mixin.py:137} INFO - [2022-12-31T21:09:54.158+0700] {dag.py:2676} INFO - Sync 1 DAGs
[2022-12-31T21:09:54.175+0700] {logging_mixin.py:137} INFO - [2022-12-31T21:09:54.175+0700] {dag.py:3423} INFO - Setting next_dagrun for tutorial to 2022-12-31T13:03:00.889962+00:00, run_after=2023-01-01T13:03:00.889962+00:00
[2022-12-31T21:09:54.196+0700] {processor.py:175} INFO - Processing /home/dmk/anaconda3/lib/python3.9/site-packages/airflow/example_dags/tutorial.py took 0.074 seconds
[2022-12-31T21:10:43.034+0700] {processor.py:153} INFO - Started process (PID=20094) to work on /home/dmk/anaconda3/lib/python3.9/site-packages/airflow/example_dags/tutorial.py
[2022-12-31T21:10:43.038+0700] {processor.py:743} INFO - Processing file /home/dmk/anaconda3/lib/python3.9/site-packages/airflow/example_dags/tutorial.py for tasks to queue
[2022-12-31T21:10:43.039+0700] {logging_mixin.py:137} INFO - [2022-12-31T21:10:43.038+0700] {dagbag.py:538} INFO - Filling up the DagBag from /home/dmk/anaconda3/lib/python3.9/site-packages/airflow/example_dags/tutorial.py
[2022-12-31T21:10:43.059+0700] {processor.py:753} INFO - DAG(s) dict_keys(['tutorial']) retrieved from /home/dmk/anaconda3/lib/python3.9/site-packages/airflow/example_dags/tutorial.py
[2022-12-31T21:10:43.143+0700] {logging_mixin.py:137} INFO - [2022-12-31T21:10:43.143+0700] {dag.py:2676} INFO - Sync 1 DAGs
[2022-12-31T21:10:43.167+0700] {logging_mixin.py:137} INFO - [2022-12-31T21:10:43.167+0700] {dag.py:3423} INFO - Setting next_dagrun for tutorial to 2022-12-31T13:03:00.889962+00:00, run_after=2023-01-01T13:03:00.889962+00:00
[2022-12-31T21:10:43.198+0700] {processor.py:175} INFO - Processing /home/dmk/anaconda3/lib/python3.9/site-packages/airflow/example_dags/tutorial.py took 0.167 seconds
[2022-12-31T21:11:32.721+0700] {processor.py:153} INFO - Started process (PID=20215) to work on /home/dmk/anaconda3/lib/python3.9/site-packages/airflow/example_dags/tutorial.py
[2022-12-31T21:11:32.725+0700] {processor.py:743} INFO - Processing file /home/dmk/anaconda3/lib/python3.9/site-packages/airflow/example_dags/tutorial.py for tasks to queue
[2022-12-31T21:11:32.727+0700] {logging_mixin.py:137} INFO - [2022-12-31T21:11:32.726+0700] {dagbag.py:538} INFO - Filling up the DagBag from /home/dmk/anaconda3/lib/python3.9/site-packages/airflow/example_dags/tutorial.py
[2022-12-31T21:11:32.750+0700] {processor.py:753} INFO - DAG(s) dict_keys(['tutorial']) retrieved from /home/dmk/anaconda3/lib/python3.9/site-packages/airflow/example_dags/tutorial.py
[2022-12-31T21:11:32.768+0700] {logging_mixin.py:137} INFO - [2022-12-31T21:11:32.768+0700] {dag.py:2676} INFO - Sync 1 DAGs
[2022-12-31T21:11:32.786+0700] {logging_mixin.py:137} INFO - [2022-12-31T21:11:32.786+0700] {dag.py:3423} INFO - Setting next_dagrun for tutorial to 2022-12-31T13:03:00.889962+00:00, run_after=2023-01-01T13:03:00.889962+00:00
[2022-12-31T21:11:32.817+0700] {processor.py:175} INFO - Processing /home/dmk/anaconda3/lib/python3.9/site-packages/airflow/example_dags/tutorial.py took 0.103 seconds
[2022-12-31T21:12:18.033+0700] {processor.py:153} INFO - Started process (PID=20389) to work on /home/dmk/anaconda3/lib/python3.9/site-packages/airflow/example_dags/tutorial.py
[2022-12-31T21:12:18.037+0700] {processor.py:743} INFO - Processing file /home/dmk/anaconda3/lib/python3.9/site-packages/airflow/example_dags/tutorial.py for tasks to queue
[2022-12-31T21:12:18.037+0700] {logging_mixin.py:137} INFO - [2022-12-31T21:12:18.037+0700] {dagbag.py:538} INFO - Filling up the DagBag from /home/dmk/anaconda3/lib/python3.9/site-packages/airflow/example_dags/tutorial.py
[2022-12-31T21:12:18.050+0700] {processor.py:753} INFO - DAG(s) dict_keys(['tutorial']) retrieved from /home/dmk/anaconda3/lib/python3.9/site-packages/airflow/example_dags/tutorial.py
[2022-12-31T21:12:18.100+0700] {logging_mixin.py:137} INFO - [2022-12-31T21:12:18.100+0700] {dag.py:2676} INFO - Sync 1 DAGs
[2022-12-31T21:12:18.116+0700] {logging_mixin.py:137} INFO - [2022-12-31T21:12:18.116+0700] {dag.py:3423} INFO - Setting next_dagrun for tutorial to 2022-12-31T13:03:00.889962+00:00, run_after=2023-01-01T13:03:00.889962+00:00
[2022-12-31T21:12:18.139+0700] {processor.py:175} INFO - Processing /home/dmk/anaconda3/lib/python3.9/site-packages/airflow/example_dags/tutorial.py took 0.108 seconds
[2022-12-31T21:13:06.341+0700] {processor.py:153} INFO - Started process (PID=20531) to work on /home/dmk/anaconda3/lib/python3.9/site-packages/airflow/example_dags/tutorial.py
[2022-12-31T21:13:06.345+0700] {processor.py:743} INFO - Processing file /home/dmk/anaconda3/lib/python3.9/site-packages/airflow/example_dags/tutorial.py for tasks to queue
[2022-12-31T21:13:06.346+0700] {logging_mixin.py:137} INFO - [2022-12-31T21:13:06.346+0700] {dagbag.py:538} INFO - Filling up the DagBag from /home/dmk/anaconda3/lib/python3.9/site-packages/airflow/example_dags/tutorial.py
[2022-12-31T21:13:06.360+0700] {processor.py:753} INFO - DAG(s) dict_keys(['tutorial']) retrieved from /home/dmk/anaconda3/lib/python3.9/site-packages/airflow/example_dags/tutorial.py
[2022-12-31T21:13:06.384+0700] {logging_mixin.py:137} INFO - [2022-12-31T21:13:06.383+0700] {dag.py:2676} INFO - Sync 1 DAGs
[2022-12-31T21:13:06.411+0700] {logging_mixin.py:137} INFO - [2022-12-31T21:13:06.411+0700] {dag.py:3423} INFO - Setting next_dagrun for tutorial to 2022-12-31T13:03:00.889962+00:00, run_after=2023-01-01T13:03:00.889962+00:00
[2022-12-31T21:13:06.442+0700] {processor.py:175} INFO - Processing /home/dmk/anaconda3/lib/python3.9/site-packages/airflow/example_dags/tutorial.py took 0.103 seconds
[2022-12-31T21:13:55.707+0700] {processor.py:153} INFO - Started process (PID=20720) to work on /home/dmk/anaconda3/lib/python3.9/site-packages/airflow/example_dags/tutorial.py
[2022-12-31T21:13:55.713+0700] {processor.py:743} INFO - Processing file /home/dmk/anaconda3/lib/python3.9/site-packages/airflow/example_dags/tutorial.py for tasks to queue
[2022-12-31T21:13:55.715+0700] {logging_mixin.py:137} INFO - [2022-12-31T21:13:55.714+0700] {dagbag.py:538} INFO - Filling up the DagBag from /home/dmk/anaconda3/lib/python3.9/site-packages/airflow/example_dags/tutorial.py
[2022-12-31T21:13:55.737+0700] {processor.py:753} INFO - DAG(s) dict_keys(['tutorial']) retrieved from /home/dmk/anaconda3/lib/python3.9/site-packages/airflow/example_dags/tutorial.py
[2022-12-31T21:13:55.798+0700] {logging_mixin.py:137} INFO - [2022-12-31T21:13:55.797+0700] {dag.py:2676} INFO - Sync 1 DAGs
[2022-12-31T21:13:55.816+0700] {logging_mixin.py:137} INFO - [2022-12-31T21:13:55.816+0700] {dag.py:3423} INFO - Setting next_dagrun for tutorial to 2022-12-31T13:03:00.889962+00:00, run_after=2023-01-01T13:03:00.889962+00:00
[2022-12-31T21:13:55.839+0700] {processor.py:175} INFO - Processing /home/dmk/anaconda3/lib/python3.9/site-packages/airflow/example_dags/tutorial.py took 0.141 seconds
[2022-12-31T21:14:29.764+0700] {processor.py:153} INFO - Started process (PID=21619) to work on /home/dmk/anaconda3/lib/python3.9/site-packages/airflow/example_dags/tutorial.py
[2022-12-31T21:14:29.769+0700] {processor.py:743} INFO - Processing file /home/dmk/anaconda3/lib/python3.9/site-packages/airflow/example_dags/tutorial.py for tasks to queue
[2022-12-31T21:14:29.770+0700] {logging_mixin.py:137} INFO - [2022-12-31T21:14:29.770+0700] {dagbag.py:538} INFO - Filling up the DagBag from /home/dmk/anaconda3/lib/python3.9/site-packages/airflow/example_dags/tutorial.py
[2022-12-31T21:14:29.794+0700] {processor.py:753} INFO - DAG(s) dict_keys(['tutorial']) retrieved from /home/dmk/anaconda3/lib/python3.9/site-packages/airflow/example_dags/tutorial.py
[2022-12-31T21:14:29.812+0700] {logging_mixin.py:137} INFO - [2022-12-31T21:14:29.812+0700] {dag.py:2676} INFO - Sync 1 DAGs
[2022-12-31T21:14:29.830+0700] {logging_mixin.py:137} INFO - [2022-12-31T21:14:29.830+0700] {dag.py:3423} INFO - Setting next_dagrun for tutorial to 2022-12-31T13:03:00.889962+00:00, run_after=2023-01-01T13:03:00.889962+00:00
[2022-12-31T21:14:29.861+0700] {processor.py:175} INFO - Processing /home/dmk/anaconda3/lib/python3.9/site-packages/airflow/example_dags/tutorial.py took 0.102 seconds
[2022-12-31T21:15:15.193+0700] {processor.py:153} INFO - Started process (PID=22079) to work on /home/dmk/anaconda3/lib/python3.9/site-packages/airflow/example_dags/tutorial.py
[2022-12-31T21:15:15.198+0700] {processor.py:743} INFO - Processing file /home/dmk/anaconda3/lib/python3.9/site-packages/airflow/example_dags/tutorial.py for tasks to queue
[2022-12-31T21:15:15.199+0700] {logging_mixin.py:137} INFO - [2022-12-31T21:15:15.199+0700] {dagbag.py:538} INFO - Filling up the DagBag from /home/dmk/anaconda3/lib/python3.9/site-packages/airflow/example_dags/tutorial.py
[2022-12-31T21:15:15.229+0700] {processor.py:753} INFO - DAG(s) dict_keys(['tutorial']) retrieved from /home/dmk/anaconda3/lib/python3.9/site-packages/airflow/example_dags/tutorial.py
[2022-12-31T21:15:15.285+0700] {logging_mixin.py:137} INFO - [2022-12-31T21:15:15.284+0700] {dag.py:2676} INFO - Sync 1 DAGs
[2022-12-31T21:15:15.307+0700] {logging_mixin.py:137} INFO - [2022-12-31T21:15:15.307+0700] {dag.py:3423} INFO - Setting next_dagrun for tutorial to 2022-12-31T13:03:00.889962+00:00, run_after=2023-01-01T13:03:00.889962+00:00
[2022-12-31T21:15:15.334+0700] {processor.py:175} INFO - Processing /home/dmk/anaconda3/lib/python3.9/site-packages/airflow/example_dags/tutorial.py took 0.146 seconds
[2022-12-31T21:16:00.462+0700] {processor.py:153} INFO - Started process (PID=22519) to work on /home/dmk/anaconda3/lib/python3.9/site-packages/airflow/example_dags/tutorial.py
[2022-12-31T21:16:00.466+0700] {processor.py:743} INFO - Processing file /home/dmk/anaconda3/lib/python3.9/site-packages/airflow/example_dags/tutorial.py for tasks to queue
[2022-12-31T21:16:00.467+0700] {logging_mixin.py:137} INFO - [2022-12-31T21:16:00.466+0700] {dagbag.py:538} INFO - Filling up the DagBag from /home/dmk/anaconda3/lib/python3.9/site-packages/airflow/example_dags/tutorial.py
[2022-12-31T21:16:00.480+0700] {processor.py:753} INFO - DAG(s) dict_keys(['tutorial']) retrieved from /home/dmk/anaconda3/lib/python3.9/site-packages/airflow/example_dags/tutorial.py
[2022-12-31T21:16:00.498+0700] {logging_mixin.py:137} INFO - [2022-12-31T21:16:00.497+0700] {dag.py:2676} INFO - Sync 1 DAGs
[2022-12-31T21:16:00.516+0700] {logging_mixin.py:137} INFO - [2022-12-31T21:16:00.516+0700] {dag.py:3423} INFO - Setting next_dagrun for tutorial to 2022-12-31T13:03:00.889962+00:00, run_after=2023-01-01T13:03:00.889962+00:00
[2022-12-31T21:16:00.541+0700] {processor.py:175} INFO - Processing /home/dmk/anaconda3/lib/python3.9/site-packages/airflow/example_dags/tutorial.py took 0.081 seconds
[2022-12-31T21:16:45.012+0700] {processor.py:153} INFO - Started process (PID=23240) to work on /home/dmk/anaconda3/lib/python3.9/site-packages/airflow/example_dags/tutorial.py
[2022-12-31T21:16:45.017+0700] {processor.py:743} INFO - Processing file /home/dmk/anaconda3/lib/python3.9/site-packages/airflow/example_dags/tutorial.py for tasks to queue
[2022-12-31T21:16:45.019+0700] {logging_mixin.py:137} INFO - [2022-12-31T21:16:45.018+0700] {dagbag.py:538} INFO - Filling up the DagBag from /home/dmk/anaconda3/lib/python3.9/site-packages/airflow/example_dags/tutorial.py
[2022-12-31T21:16:45.048+0700] {processor.py:753} INFO - DAG(s) dict_keys(['tutorial']) retrieved from /home/dmk/anaconda3/lib/python3.9/site-packages/airflow/example_dags/tutorial.py
[2022-12-31T21:16:45.102+0700] {logging_mixin.py:137} INFO - [2022-12-31T21:16:45.102+0700] {dag.py:2676} INFO - Sync 1 DAGs
[2022-12-31T21:16:45.119+0700] {logging_mixin.py:137} INFO - [2022-12-31T21:16:45.119+0700] {dag.py:3423} INFO - Setting next_dagrun for tutorial to 2022-12-31T13:03:00.889962+00:00, run_after=2023-01-01T13:03:00.889962+00:00
[2022-12-31T21:16:45.159+0700] {processor.py:175} INFO - Processing /home/dmk/anaconda3/lib/python3.9/site-packages/airflow/example_dags/tutorial.py took 0.151 seconds
[2022-12-31T21:17:33.010+0700] {processor.py:153} INFO - Started process (PID=23616) to work on /home/dmk/anaconda3/lib/python3.9/site-packages/airflow/example_dags/tutorial.py
[2022-12-31T21:17:33.017+0700] {processor.py:743} INFO - Processing file /home/dmk/anaconda3/lib/python3.9/site-packages/airflow/example_dags/tutorial.py for tasks to queue
[2022-12-31T21:17:33.020+0700] {logging_mixin.py:137} INFO - [2022-12-31T21:17:33.019+0700] {dagbag.py:538} INFO - Filling up the DagBag from /home/dmk/anaconda3/lib/python3.9/site-packages/airflow/example_dags/tutorial.py
[2022-12-31T21:17:33.063+0700] {processor.py:753} INFO - DAG(s) dict_keys(['tutorial']) retrieved from /home/dmk/anaconda3/lib/python3.9/site-packages/airflow/example_dags/tutorial.py
[2022-12-31T21:17:33.087+0700] {logging_mixin.py:137} INFO - [2022-12-31T21:17:33.087+0700] {dag.py:2676} INFO - Sync 1 DAGs
[2022-12-31T21:17:33.106+0700] {logging_mixin.py:137} INFO - [2022-12-31T21:17:33.106+0700] {dag.py:3423} INFO - Setting next_dagrun for tutorial to 2022-12-31T13:03:00.889962+00:00, run_after=2023-01-01T13:03:00.889962+00:00
[2022-12-31T21:17:33.146+0700] {processor.py:175} INFO - Processing /home/dmk/anaconda3/lib/python3.9/site-packages/airflow/example_dags/tutorial.py took 0.153 seconds
[2022-12-31T21:18:15.687+0700] {processor.py:153} INFO - Started process (PID=23697) to work on /home/dmk/anaconda3/lib/python3.9/site-packages/airflow/example_dags/tutorial.py
[2022-12-31T21:18:15.690+0700] {processor.py:743} INFO - Processing file /home/dmk/anaconda3/lib/python3.9/site-packages/airflow/example_dags/tutorial.py for tasks to queue
[2022-12-31T21:18:15.691+0700] {logging_mixin.py:137} INFO - [2022-12-31T21:18:15.691+0700] {dagbag.py:538} INFO - Filling up the DagBag from /home/dmk/anaconda3/lib/python3.9/site-packages/airflow/example_dags/tutorial.py
[2022-12-31T21:18:15.703+0700] {processor.py:753} INFO - DAG(s) dict_keys(['tutorial']) retrieved from /home/dmk/anaconda3/lib/python3.9/site-packages/airflow/example_dags/tutorial.py
[2022-12-31T21:18:15.752+0700] {logging_mixin.py:137} INFO - [2022-12-31T21:18:15.752+0700] {dag.py:2676} INFO - Sync 1 DAGs
[2022-12-31T21:18:15.769+0700] {logging_mixin.py:137} INFO - [2022-12-31T21:18:15.769+0700] {dag.py:3423} INFO - Setting next_dagrun for tutorial to 2022-12-31T13:03:00.889962+00:00, run_after=2023-01-01T13:03:00.889962+00:00
[2022-12-31T21:18:15.802+0700] {processor.py:175} INFO - Processing /home/dmk/anaconda3/lib/python3.9/site-packages/airflow/example_dags/tutorial.py took 0.117 seconds
[2022-12-31T21:18:51.909+0700] {processor.py:153} INFO - Started process (PID=23962) to work on /home/dmk/anaconda3/lib/python3.9/site-packages/airflow/example_dags/tutorial.py
[2022-12-31T21:18:51.912+0700] {processor.py:743} INFO - Processing file /home/dmk/anaconda3/lib/python3.9/site-packages/airflow/example_dags/tutorial.py for tasks to queue
[2022-12-31T21:18:51.913+0700] {logging_mixin.py:137} INFO - [2022-12-31T21:18:51.913+0700] {dagbag.py:538} INFO - Filling up the DagBag from /home/dmk/anaconda3/lib/python3.9/site-packages/airflow/example_dags/tutorial.py
[2022-12-31T21:18:51.929+0700] {processor.py:753} INFO - DAG(s) dict_keys(['tutorial']) retrieved from /home/dmk/anaconda3/lib/python3.9/site-packages/airflow/example_dags/tutorial.py
[2022-12-31T21:18:51.946+0700] {logging_mixin.py:137} INFO - [2022-12-31T21:18:51.946+0700] {dag.py:2676} INFO - Sync 1 DAGs
[2022-12-31T21:18:51.964+0700] {logging_mixin.py:137} INFO - [2022-12-31T21:18:51.964+0700] {dag.py:3423} INFO - Setting next_dagrun for tutorial to 2022-12-31T13:03:00.889962+00:00, run_after=2023-01-01T13:03:00.889962+00:00
[2022-12-31T21:18:51.997+0700] {processor.py:175} INFO - Processing /home/dmk/anaconda3/lib/python3.9/site-packages/airflow/example_dags/tutorial.py took 0.091 seconds
[2022-12-31T21:19:42.102+0700] {processor.py:153} INFO - Started process (PID=24197) to work on /home/dmk/anaconda3/lib/python3.9/site-packages/airflow/example_dags/tutorial.py
[2022-12-31T21:19:42.104+0700] {processor.py:743} INFO - Processing file /home/dmk/anaconda3/lib/python3.9/site-packages/airflow/example_dags/tutorial.py for tasks to queue
[2022-12-31T21:19:42.106+0700] {logging_mixin.py:137} INFO - [2022-12-31T21:19:42.106+0700] {dagbag.py:538} INFO - Filling up the DagBag from /home/dmk/anaconda3/lib/python3.9/site-packages/airflow/example_dags/tutorial.py
[2022-12-31T21:19:42.126+0700] {processor.py:753} INFO - DAG(s) dict_keys(['tutorial']) retrieved from /home/dmk/anaconda3/lib/python3.9/site-packages/airflow/example_dags/tutorial.py
[2022-12-31T21:19:42.303+0700] {logging_mixin.py:137} INFO - [2022-12-31T21:19:42.303+0700] {dag.py:2676} INFO - Sync 1 DAGs
[2022-12-31T21:19:42.319+0700] {logging_mixin.py:137} INFO - [2022-12-31T21:19:42.319+0700] {dag.py:3423} INFO - Setting next_dagrun for tutorial to 2022-12-31T13:03:00.889962+00:00, run_after=2023-01-01T13:03:00.889962+00:00
[2022-12-31T21:19:42.351+0700] {processor.py:175} INFO - Processing /home/dmk/anaconda3/lib/python3.9/site-packages/airflow/example_dags/tutorial.py took 0.252 seconds
[2022-12-31T21:20:24.638+0700] {processor.py:153} INFO - Started process (PID=24437) to work on /home/dmk/anaconda3/lib/python3.9/site-packages/airflow/example_dags/tutorial.py
[2022-12-31T21:20:24.640+0700] {processor.py:743} INFO - Processing file /home/dmk/anaconda3/lib/python3.9/site-packages/airflow/example_dags/tutorial.py for tasks to queue
[2022-12-31T21:20:24.641+0700] {logging_mixin.py:137} INFO - [2022-12-31T21:20:24.641+0700] {dagbag.py:538} INFO - Filling up the DagBag from /home/dmk/anaconda3/lib/python3.9/site-packages/airflow/example_dags/tutorial.py
[2022-12-31T21:20:24.656+0700] {processor.py:753} INFO - DAG(s) dict_keys(['tutorial']) retrieved from /home/dmk/anaconda3/lib/python3.9/site-packages/airflow/example_dags/tutorial.py
[2022-12-31T21:20:24.672+0700] {logging_mixin.py:137} INFO - [2022-12-31T21:20:24.672+0700] {dag.py:2676} INFO - Sync 1 DAGs
[2022-12-31T21:20:24.784+0700] {logging_mixin.py:137} INFO - [2022-12-31T21:20:24.784+0700] {dag.py:3423} INFO - Setting next_dagrun for tutorial to 2022-12-31T13:03:00.889962+00:00, run_after=2023-01-01T13:03:00.889962+00:00
[2022-12-31T21:20:24.818+0700] {processor.py:175} INFO - Processing /home/dmk/anaconda3/lib/python3.9/site-packages/airflow/example_dags/tutorial.py took 0.185 seconds
[2022-12-31T21:22:15.131+0700] {processor.py:153} INFO - Started process (PID=25159) to work on /home/dmk/anaconda3/lib/python3.9/site-packages/airflow/example_dags/tutorial.py
[2022-12-31T21:22:15.135+0700] {processor.py:743} INFO - Processing file /home/dmk/anaconda3/lib/python3.9/site-packages/airflow/example_dags/tutorial.py for tasks to queue
[2022-12-31T21:22:15.136+0700] {logging_mixin.py:137} INFO - [2022-12-31T21:22:15.136+0700] {dagbag.py:538} INFO - Filling up the DagBag from /home/dmk/anaconda3/lib/python3.9/site-packages/airflow/example_dags/tutorial.py
[2022-12-31T21:22:15.150+0700] {processor.py:753} INFO - DAG(s) dict_keys(['tutorial']) retrieved from /home/dmk/anaconda3/lib/python3.9/site-packages/airflow/example_dags/tutorial.py
[2022-12-31T21:22:15.288+0700] {logging_mixin.py:137} INFO - [2022-12-31T21:22:15.288+0700] {dag.py:2676} INFO - Sync 1 DAGs
[2022-12-31T21:22:15.304+0700] {logging_mixin.py:137} INFO - [2022-12-31T21:22:15.304+0700] {dag.py:3423} INFO - Setting next_dagrun for tutorial to 2022-12-31T13:03:00.889962+00:00, run_after=2023-01-01T13:03:00.889962+00:00
[2022-12-31T21:22:15.341+0700] {processor.py:175} INFO - Processing /home/dmk/anaconda3/lib/python3.9/site-packages/airflow/example_dags/tutorial.py took 0.212 seconds
[2022-12-31T21:23:04.610+0700] {processor.py:153} INFO - Started process (PID=25370) to work on /home/dmk/anaconda3/lib/python3.9/site-packages/airflow/example_dags/tutorial.py
[2022-12-31T21:23:04.616+0700] {processor.py:743} INFO - Processing file /home/dmk/anaconda3/lib/python3.9/site-packages/airflow/example_dags/tutorial.py for tasks to queue
[2022-12-31T21:23:04.618+0700] {logging_mixin.py:137} INFO - [2022-12-31T21:23:04.617+0700] {dagbag.py:538} INFO - Filling up the DagBag from /home/dmk/anaconda3/lib/python3.9/site-packages/airflow/example_dags/tutorial.py
[2022-12-31T21:23:04.643+0700] {processor.py:753} INFO - DAG(s) dict_keys(['tutorial']) retrieved from /home/dmk/anaconda3/lib/python3.9/site-packages/airflow/example_dags/tutorial.py
[2022-12-31T21:23:04.660+0700] {logging_mixin.py:137} INFO - [2022-12-31T21:23:04.660+0700] {dag.py:2676} INFO - Sync 1 DAGs
[2022-12-31T21:23:04.679+0700] {logging_mixin.py:137} INFO - [2022-12-31T21:23:04.679+0700] {dag.py:3423} INFO - Setting next_dagrun for tutorial to 2022-12-31T13:03:00.889962+00:00, run_after=2023-01-01T13:03:00.889962+00:00
[2022-12-31T21:23:04.824+0700] {processor.py:175} INFO - Processing /home/dmk/anaconda3/lib/python3.9/site-packages/airflow/example_dags/tutorial.py took 0.222 seconds
[2022-12-31T21:23:47.587+0700] {processor.py:153} INFO - Started process (PID=25457) to work on /home/dmk/anaconda3/lib/python3.9/site-packages/airflow/example_dags/tutorial.py
[2022-12-31T21:23:47.592+0700] {processor.py:743} INFO - Processing file /home/dmk/anaconda3/lib/python3.9/site-packages/airflow/example_dags/tutorial.py for tasks to queue
[2022-12-31T21:23:47.594+0700] {logging_mixin.py:137} INFO - [2022-12-31T21:23:47.593+0700] {dagbag.py:538} INFO - Filling up the DagBag from /home/dmk/anaconda3/lib/python3.9/site-packages/airflow/example_dags/tutorial.py
[2022-12-31T21:23:47.619+0700] {processor.py:753} INFO - DAG(s) dict_keys(['tutorial']) retrieved from /home/dmk/anaconda3/lib/python3.9/site-packages/airflow/example_dags/tutorial.py
[2022-12-31T21:23:47.760+0700] {logging_mixin.py:137} INFO - [2022-12-31T21:23:47.760+0700] {dag.py:2676} INFO - Sync 1 DAGs
[2022-12-31T21:23:47.774+0700] {logging_mixin.py:137} INFO - [2022-12-31T21:23:47.774+0700] {dag.py:3423} INFO - Setting next_dagrun for tutorial to 2022-12-31T13:03:00.889962+00:00, run_after=2023-01-01T13:03:00.889962+00:00
[2022-12-31T21:23:47.807+0700] {processor.py:175} INFO - Processing /home/dmk/anaconda3/lib/python3.9/site-packages/airflow/example_dags/tutorial.py took 0.227 seconds
[2022-12-31T21:24:49.862+0700] {processor.py:153} INFO - Started process (PID=25697) to work on /home/dmk/anaconda3/lib/python3.9/site-packages/airflow/example_dags/tutorial.py
[2022-12-31T21:24:49.866+0700] {processor.py:743} INFO - Processing file /home/dmk/anaconda3/lib/python3.9/site-packages/airflow/example_dags/tutorial.py for tasks to queue
[2022-12-31T21:24:49.866+0700] {logging_mixin.py:137} INFO - [2022-12-31T21:24:49.866+0700] {dagbag.py:538} INFO - Filling up the DagBag from /home/dmk/anaconda3/lib/python3.9/site-packages/airflow/example_dags/tutorial.py
[2022-12-31T21:24:49.879+0700] {processor.py:753} INFO - DAG(s) dict_keys(['tutorial']) retrieved from /home/dmk/anaconda3/lib/python3.9/site-packages/airflow/example_dags/tutorial.py
[2022-12-31T21:24:50.022+0700] {logging_mixin.py:137} INFO - [2022-12-31T21:24:50.021+0700] {dag.py:2676} INFO - Sync 1 DAGs
[2022-12-31T21:24:50.038+0700] {logging_mixin.py:137} INFO - [2022-12-31T21:24:50.038+0700] {dag.py:3423} INFO - Setting next_dagrun for tutorial to 2022-12-31T13:03:00.889962+00:00, run_after=2023-01-01T13:03:00.889962+00:00
[2022-12-31T21:24:50.084+0700] {processor.py:175} INFO - Processing /home/dmk/anaconda3/lib/python3.9/site-packages/airflow/example_dags/tutorial.py took 0.224 seconds
[2022-12-31T21:25:29.253+0700] {processor.py:153} INFO - Started process (PID=25844) to work on /home/dmk/anaconda3/lib/python3.9/site-packages/airflow/example_dags/tutorial.py
[2022-12-31T21:25:29.257+0700] {processor.py:743} INFO - Processing file /home/dmk/anaconda3/lib/python3.9/site-packages/airflow/example_dags/tutorial.py for tasks to queue
[2022-12-31T21:25:29.258+0700] {logging_mixin.py:137} INFO - [2022-12-31T21:25:29.257+0700] {dagbag.py:538} INFO - Filling up the DagBag from /home/dmk/anaconda3/lib/python3.9/site-packages/airflow/example_dags/tutorial.py
[2022-12-31T21:25:29.279+0700] {processor.py:753} INFO - DAG(s) dict_keys(['tutorial']) retrieved from /home/dmk/anaconda3/lib/python3.9/site-packages/airflow/example_dags/tutorial.py
[2022-12-31T21:25:29.422+0700] {logging_mixin.py:137} INFO - [2022-12-31T21:25:29.421+0700] {dag.py:2676} INFO - Sync 1 DAGs
[2022-12-31T21:25:29.443+0700] {logging_mixin.py:137} INFO - [2022-12-31T21:25:29.443+0700] {dag.py:3423} INFO - Setting next_dagrun for tutorial to 2022-12-31T13:03:00.889962+00:00, run_after=2023-01-01T13:03:00.889962+00:00
[2022-12-31T21:25:29.494+0700] {processor.py:175} INFO - Processing /home/dmk/anaconda3/lib/python3.9/site-packages/airflow/example_dags/tutorial.py took 0.245 seconds
[2022-12-31T21:26:12.853+0700] {processor.py:153} INFO - Started process (PID=25929) to work on /home/dmk/anaconda3/lib/python3.9/site-packages/airflow/example_dags/tutorial.py
[2022-12-31T21:26:12.857+0700] {processor.py:743} INFO - Processing file /home/dmk/anaconda3/lib/python3.9/site-packages/airflow/example_dags/tutorial.py for tasks to queue
[2022-12-31T21:26:12.859+0700] {logging_mixin.py:137} INFO - [2022-12-31T21:26:12.859+0700] {dagbag.py:538} INFO - Filling up the DagBag from /home/dmk/anaconda3/lib/python3.9/site-packages/airflow/example_dags/tutorial.py
[2022-12-31T21:26:13.060+0700] {processor.py:753} INFO - DAG(s) dict_keys(['tutorial']) retrieved from /home/dmk/anaconda3/lib/python3.9/site-packages/airflow/example_dags/tutorial.py
[2022-12-31T21:26:13.117+0700] {logging_mixin.py:137} INFO - [2022-12-31T21:26:13.117+0700] {dag.py:2676} INFO - Sync 1 DAGs
[2022-12-31T21:26:13.134+0700] {logging_mixin.py:137} INFO - [2022-12-31T21:26:13.134+0700] {dag.py:3423} INFO - Setting next_dagrun for tutorial to 2022-12-31T13:03:00.889962+00:00, run_after=2023-01-01T13:03:00.889962+00:00
[2022-12-31T21:26:13.180+0700] {processor.py:175} INFO - Processing /home/dmk/anaconda3/lib/python3.9/site-packages/airflow/example_dags/tutorial.py took 0.340 seconds
[2022-12-31T21:27:16.485+0700] {processor.py:153} INFO - Started process (PID=26041) to work on /home/dmk/anaconda3/lib/python3.9/site-packages/airflow/example_dags/tutorial.py
[2022-12-31T21:27:16.486+0700] {processor.py:743} INFO - Processing file /home/dmk/anaconda3/lib/python3.9/site-packages/airflow/example_dags/tutorial.py for tasks to queue
[2022-12-31T21:27:16.486+0700] {logging_mixin.py:137} INFO - [2022-12-31T21:27:16.486+0700] {dagbag.py:538} INFO - Filling up the DagBag from /home/dmk/anaconda3/lib/python3.9/site-packages/airflow/example_dags/tutorial.py
[2022-12-31T21:27:16.501+0700] {processor.py:753} INFO - DAG(s) dict_keys(['tutorial']) retrieved from /home/dmk/anaconda3/lib/python3.9/site-packages/airflow/example_dags/tutorial.py
[2022-12-31T21:27:16.522+0700] {logging_mixin.py:137} INFO - [2022-12-31T21:27:16.522+0700] {dag.py:2676} INFO - Sync 1 DAGs
[2022-12-31T21:27:16.543+0700] {logging_mixin.py:137} INFO - [2022-12-31T21:27:16.543+0700] {dag.py:3423} INFO - Setting next_dagrun for tutorial to 2022-12-31T13:03:00.889962+00:00, run_after=2023-01-01T13:03:00.889962+00:00
[2022-12-31T21:27:16.587+0700] {processor.py:175} INFO - Processing /home/dmk/anaconda3/lib/python3.9/site-packages/airflow/example_dags/tutorial.py took 0.106 seconds
[2022-12-31T21:28:08.303+0700] {processor.py:153} INFO - Started process (PID=26132) to work on /home/dmk/anaconda3/lib/python3.9/site-packages/airflow/example_dags/tutorial.py
[2022-12-31T21:28:08.306+0700] {processor.py:743} INFO - Processing file /home/dmk/anaconda3/lib/python3.9/site-packages/airflow/example_dags/tutorial.py for tasks to queue
[2022-12-31T21:28:08.306+0700] {logging_mixin.py:137} INFO - [2022-12-31T21:28:08.306+0700] {dagbag.py:538} INFO - Filling up the DagBag from /home/dmk/anaconda3/lib/python3.9/site-packages/airflow/example_dags/tutorial.py
[2022-12-31T21:28:08.321+0700] {processor.py:753} INFO - DAG(s) dict_keys(['tutorial']) retrieved from /home/dmk/anaconda3/lib/python3.9/site-packages/airflow/example_dags/tutorial.py
[2022-12-31T21:28:08.376+0700] {logging_mixin.py:137} INFO - [2022-12-31T21:28:08.376+0700] {dag.py:2676} INFO - Sync 1 DAGs
[2022-12-31T21:28:08.393+0700] {logging_mixin.py:137} INFO - [2022-12-31T21:28:08.393+0700] {dag.py:3423} INFO - Setting next_dagrun for tutorial to 2022-12-31T13:03:00.889962+00:00, run_after=2023-01-01T13:03:00.889962+00:00
[2022-12-31T21:28:08.439+0700] {processor.py:175} INFO - Processing /home/dmk/anaconda3/lib/python3.9/site-packages/airflow/example_dags/tutorial.py took 0.139 seconds
[2022-12-31T21:28:50.199+0700] {processor.py:153} INFO - Started process (PID=26225) to work on /home/dmk/anaconda3/lib/python3.9/site-packages/airflow/example_dags/tutorial.py
[2022-12-31T21:28:50.203+0700] {processor.py:743} INFO - Processing file /home/dmk/anaconda3/lib/python3.9/site-packages/airflow/example_dags/tutorial.py for tasks to queue
[2022-12-31T21:28:50.204+0700] {logging_mixin.py:137} INFO - [2022-12-31T21:28:50.204+0700] {dagbag.py:538} INFO - Filling up the DagBag from /home/dmk/anaconda3/lib/python3.9/site-packages/airflow/example_dags/tutorial.py
[2022-12-31T21:28:50.226+0700] {processor.py:753} INFO - DAG(s) dict_keys(['tutorial']) retrieved from /home/dmk/anaconda3/lib/python3.9/site-packages/airflow/example_dags/tutorial.py
[2022-12-31T21:28:50.251+0700] {logging_mixin.py:137} INFO - [2022-12-31T21:28:50.250+0700] {dag.py:2676} INFO - Sync 1 DAGs
[2022-12-31T21:28:50.274+0700] {logging_mixin.py:137} INFO - [2022-12-31T21:28:50.274+0700] {dag.py:3423} INFO - Setting next_dagrun for tutorial to 2022-12-31T13:03:00.889962+00:00, run_after=2023-01-01T13:03:00.889962+00:00
[2022-12-31T21:28:50.313+0700] {processor.py:175} INFO - Processing /home/dmk/anaconda3/lib/python3.9/site-packages/airflow/example_dags/tutorial.py took 0.121 seconds
[2022-12-31T21:29:32.348+0700] {processor.py:153} INFO - Started process (PID=26308) to work on /home/dmk/anaconda3/lib/python3.9/site-packages/airflow/example_dags/tutorial.py
[2022-12-31T21:29:32.352+0700] {processor.py:743} INFO - Processing file /home/dmk/anaconda3/lib/python3.9/site-packages/airflow/example_dags/tutorial.py for tasks to queue
[2022-12-31T21:29:32.354+0700] {logging_mixin.py:137} INFO - [2022-12-31T21:29:32.354+0700] {dagbag.py:538} INFO - Filling up the DagBag from /home/dmk/anaconda3/lib/python3.9/site-packages/airflow/example_dags/tutorial.py
[2022-12-31T21:29:32.382+0700] {processor.py:753} INFO - DAG(s) dict_keys(['tutorial']) retrieved from /home/dmk/anaconda3/lib/python3.9/site-packages/airflow/example_dags/tutorial.py
[2022-12-31T21:29:32.457+0700] {logging_mixin.py:137} INFO - [2022-12-31T21:29:32.457+0700] {dag.py:2676} INFO - Sync 1 DAGs
[2022-12-31T21:29:32.479+0700] {logging_mixin.py:137} INFO - [2022-12-31T21:29:32.479+0700] {dag.py:3423} INFO - Setting next_dagrun for tutorial to 2022-12-31T13:03:00.889962+00:00, run_after=2023-01-01T13:03:00.889962+00:00
[2022-12-31T21:29:32.523+0700] {processor.py:175} INFO - Processing /home/dmk/anaconda3/lib/python3.9/site-packages/airflow/example_dags/tutorial.py took 0.186 seconds
[2022-12-31T21:30:30.710+0700] {processor.py:153} INFO - Started process (PID=26456) to work on /home/dmk/anaconda3/lib/python3.9/site-packages/airflow/example_dags/tutorial.py
[2022-12-31T21:30:30.715+0700] {processor.py:743} INFO - Processing file /home/dmk/anaconda3/lib/python3.9/site-packages/airflow/example_dags/tutorial.py for tasks to queue
[2022-12-31T21:30:30.717+0700] {logging_mixin.py:137} INFO - [2022-12-31T21:30:30.717+0700] {dagbag.py:538} INFO - Filling up the DagBag from /home/dmk/anaconda3/lib/python3.9/site-packages/airflow/example_dags/tutorial.py
[2022-12-31T21:30:30.747+0700] {processor.py:753} INFO - DAG(s) dict_keys(['tutorial']) retrieved from /home/dmk/anaconda3/lib/python3.9/site-packages/airflow/example_dags/tutorial.py
[2022-12-31T21:30:30.772+0700] {logging_mixin.py:137} INFO - [2022-12-31T21:30:30.772+0700] {dag.py:2676} INFO - Sync 1 DAGs
[2022-12-31T21:30:30.793+0700] {logging_mixin.py:137} INFO - [2022-12-31T21:30:30.793+0700] {dag.py:3423} INFO - Setting next_dagrun for tutorial to 2022-12-31T13:03:00.889962+00:00, run_after=2023-01-01T13:03:00.889962+00:00
[2022-12-31T21:30:30.862+0700] {processor.py:175} INFO - Processing /home/dmk/anaconda3/lib/python3.9/site-packages/airflow/example_dags/tutorial.py took 0.164 seconds
[2022-12-31T21:31:25.898+0700] {processor.py:153} INFO - Started process (PID=26563) to work on /home/dmk/anaconda3/lib/python3.9/site-packages/airflow/example_dags/tutorial.py
[2022-12-31T21:31:25.903+0700] {processor.py:743} INFO - Processing file /home/dmk/anaconda3/lib/python3.9/site-packages/airflow/example_dags/tutorial.py for tasks to queue
[2022-12-31T21:31:25.907+0700] {logging_mixin.py:137} INFO - [2022-12-31T21:31:25.906+0700] {dagbag.py:538} INFO - Filling up the DagBag from /home/dmk/anaconda3/lib/python3.9/site-packages/airflow/example_dags/tutorial.py
[2022-12-31T21:31:25.952+0700] {processor.py:753} INFO - DAG(s) dict_keys(['tutorial']) retrieved from /home/dmk/anaconda3/lib/python3.9/site-packages/airflow/example_dags/tutorial.py
[2022-12-31T21:31:26.017+0700] {logging_mixin.py:137} INFO - [2022-12-31T21:31:26.017+0700] {dag.py:2676} INFO - Sync 1 DAGs
[2022-12-31T21:31:26.037+0700] {logging_mixin.py:137} INFO - [2022-12-31T21:31:26.036+0700] {dag.py:3423} INFO - Setting next_dagrun for tutorial to 2022-12-31T13:03:00.889962+00:00, run_after=2023-01-01T13:03:00.889962+00:00
[2022-12-31T21:31:26.071+0700] {processor.py:175} INFO - Processing /home/dmk/anaconda3/lib/python3.9/site-packages/airflow/example_dags/tutorial.py took 0.185 seconds
[2022-12-31T21:32:09.661+0700] {processor.py:153} INFO - Started process (PID=26642) to work on /home/dmk/anaconda3/lib/python3.9/site-packages/airflow/example_dags/tutorial.py
[2022-12-31T21:32:09.667+0700] {processor.py:743} INFO - Processing file /home/dmk/anaconda3/lib/python3.9/site-packages/airflow/example_dags/tutorial.py for tasks to queue
[2022-12-31T21:32:09.670+0700] {logging_mixin.py:137} INFO - [2022-12-31T21:32:09.669+0700] {dagbag.py:538} INFO - Filling up the DagBag from /home/dmk/anaconda3/lib/python3.9/site-packages/airflow/example_dags/tutorial.py
[2022-12-31T21:32:09.732+0700] {processor.py:753} INFO - DAG(s) dict_keys(['tutorial']) retrieved from /home/dmk/anaconda3/lib/python3.9/site-packages/airflow/example_dags/tutorial.py
[2022-12-31T21:32:09.761+0700] {logging_mixin.py:137} INFO - [2022-12-31T21:32:09.761+0700] {dag.py:2676} INFO - Sync 1 DAGs
[2022-12-31T21:32:09.784+0700] {logging_mixin.py:137} INFO - [2022-12-31T21:32:09.784+0700] {dag.py:3423} INFO - Setting next_dagrun for tutorial to 2022-12-31T13:03:00.889962+00:00, run_after=2023-01-01T13:03:00.889962+00:00
[2022-12-31T21:32:09.830+0700] {processor.py:175} INFO - Processing /home/dmk/anaconda3/lib/python3.9/site-packages/airflow/example_dags/tutorial.py took 0.181 seconds
[2022-12-31T21:32:54.548+0700] {processor.py:153} INFO - Started process (PID=26727) to work on /home/dmk/anaconda3/lib/python3.9/site-packages/airflow/example_dags/tutorial.py
[2022-12-31T21:32:54.553+0700] {processor.py:743} INFO - Processing file /home/dmk/anaconda3/lib/python3.9/site-packages/airflow/example_dags/tutorial.py for tasks to queue
[2022-12-31T21:32:54.557+0700] {logging_mixin.py:137} INFO - [2022-12-31T21:32:54.555+0700] {dagbag.py:538} INFO - Filling up the DagBag from /home/dmk/anaconda3/lib/python3.9/site-packages/airflow/example_dags/tutorial.py
[2022-12-31T21:32:54.610+0700] {processor.py:753} INFO - DAG(s) dict_keys(['tutorial']) retrieved from /home/dmk/anaconda3/lib/python3.9/site-packages/airflow/example_dags/tutorial.py
[2022-12-31T21:32:54.687+0700] {logging_mixin.py:137} INFO - [2022-12-31T21:32:54.687+0700] {dag.py:2676} INFO - Sync 1 DAGs
[2022-12-31T21:32:54.707+0700] {logging_mixin.py:137} INFO - [2022-12-31T21:32:54.706+0700] {dag.py:3423} INFO - Setting next_dagrun for tutorial to 2022-12-31T13:03:00.889962+00:00, run_after=2023-01-01T13:03:00.889962+00:00
[2022-12-31T21:32:54.749+0700] {processor.py:175} INFO - Processing /home/dmk/anaconda3/lib/python3.9/site-packages/airflow/example_dags/tutorial.py took 0.211 seconds
[2022-12-31T21:33:30.072+0700] {processor.py:153} INFO - Started process (PID=26800) to work on /home/dmk/anaconda3/lib/python3.9/site-packages/airflow/example_dags/tutorial.py
[2022-12-31T21:33:30.076+0700] {processor.py:743} INFO - Processing file /home/dmk/anaconda3/lib/python3.9/site-packages/airflow/example_dags/tutorial.py for tasks to queue
[2022-12-31T21:33:30.077+0700] {logging_mixin.py:137} INFO - [2022-12-31T21:33:30.076+0700] {dagbag.py:538} INFO - Filling up the DagBag from /home/dmk/anaconda3/lib/python3.9/site-packages/airflow/example_dags/tutorial.py
[2022-12-31T21:33:30.099+0700] {processor.py:753} INFO - DAG(s) dict_keys(['tutorial']) retrieved from /home/dmk/anaconda3/lib/python3.9/site-packages/airflow/example_dags/tutorial.py
[2022-12-31T21:33:30.132+0700] {logging_mixin.py:137} INFO - [2022-12-31T21:33:30.131+0700] {dag.py:2676} INFO - Sync 1 DAGs
[2022-12-31T21:33:30.158+0700] {logging_mixin.py:137} INFO - [2022-12-31T21:33:30.158+0700] {dag.py:3423} INFO - Setting next_dagrun for tutorial to 2022-12-31T13:03:00.889962+00:00, run_after=2023-01-01T13:03:00.889962+00:00
[2022-12-31T21:33:30.199+0700] {processor.py:175} INFO - Processing /home/dmk/anaconda3/lib/python3.9/site-packages/airflow/example_dags/tutorial.py took 0.130 seconds
[2022-12-31T21:34:24.704+0700] {processor.py:153} INFO - Started process (PID=27485) to work on /home/dmk/anaconda3/lib/python3.9/site-packages/airflow/example_dags/tutorial.py
[2022-12-31T21:34:24.708+0700] {processor.py:743} INFO - Processing file /home/dmk/anaconda3/lib/python3.9/site-packages/airflow/example_dags/tutorial.py for tasks to queue
[2022-12-31T21:34:24.709+0700] {logging_mixin.py:137} INFO - [2022-12-31T21:34:24.708+0700] {dagbag.py:538} INFO - Filling up the DagBag from /home/dmk/anaconda3/lib/python3.9/site-packages/airflow/example_dags/tutorial.py
[2022-12-31T21:34:24.723+0700] {processor.py:753} INFO - DAG(s) dict_keys(['tutorial']) retrieved from /home/dmk/anaconda3/lib/python3.9/site-packages/airflow/example_dags/tutorial.py
[2022-12-31T21:34:24.739+0700] {logging_mixin.py:137} INFO - [2022-12-31T21:34:24.739+0700] {dag.py:2676} INFO - Sync 1 DAGs
[2022-12-31T21:34:24.757+0700] {logging_mixin.py:137} INFO - [2022-12-31T21:34:24.757+0700] {dag.py:3423} INFO - Setting next_dagrun for tutorial to 2022-12-31T13:03:00.889962+00:00, run_after=2023-01-01T13:03:00.889962+00:00
[2022-12-31T21:34:24.790+0700] {processor.py:175} INFO - Processing /home/dmk/anaconda3/lib/python3.9/site-packages/airflow/example_dags/tutorial.py took 0.088 seconds
[2022-12-31T21:35:12.671+0700] {processor.py:153} INFO - Started process (PID=27778) to work on /home/dmk/anaconda3/lib/python3.9/site-packages/airflow/example_dags/tutorial.py
[2022-12-31T21:35:12.675+0700] {processor.py:743} INFO - Processing file /home/dmk/anaconda3/lib/python3.9/site-packages/airflow/example_dags/tutorial.py for tasks to queue
[2022-12-31T21:35:12.675+0700] {logging_mixin.py:137} INFO - [2022-12-31T21:35:12.675+0700] {dagbag.py:538} INFO - Filling up the DagBag from /home/dmk/anaconda3/lib/python3.9/site-packages/airflow/example_dags/tutorial.py
[2022-12-31T21:35:12.687+0700] {processor.py:753} INFO - DAG(s) dict_keys(['tutorial']) retrieved from /home/dmk/anaconda3/lib/python3.9/site-packages/airflow/example_dags/tutorial.py
[2022-12-31T21:35:12.834+0700] {logging_mixin.py:137} INFO - [2022-12-31T21:35:12.834+0700] {dag.py:2676} INFO - Sync 1 DAGs
[2022-12-31T21:35:12.849+0700] {logging_mixin.py:137} INFO - [2022-12-31T21:35:12.849+0700] {dag.py:3423} INFO - Setting next_dagrun for tutorial to 2022-12-31T13:03:00.889962+00:00, run_after=2023-01-01T13:03:00.889962+00:00
[2022-12-31T21:35:12.881+0700] {processor.py:175} INFO - Processing /home/dmk/anaconda3/lib/python3.9/site-packages/airflow/example_dags/tutorial.py took 0.212 seconds
[2022-12-31T21:35:52.702+0700] {processor.py:153} INFO - Started process (PID=27925) to work on /home/dmk/anaconda3/lib/python3.9/site-packages/airflow/example_dags/tutorial.py
[2022-12-31T21:35:52.703+0700] {processor.py:743} INFO - Processing file /home/dmk/anaconda3/lib/python3.9/site-packages/airflow/example_dags/tutorial.py for tasks to queue
[2022-12-31T21:35:52.704+0700] {logging_mixin.py:137} INFO - [2022-12-31T21:35:52.704+0700] {dagbag.py:538} INFO - Filling up the DagBag from /home/dmk/anaconda3/lib/python3.9/site-packages/airflow/example_dags/tutorial.py
[2022-12-31T21:35:52.721+0700] {processor.py:753} INFO - DAG(s) dict_keys(['tutorial']) retrieved from /home/dmk/anaconda3/lib/python3.9/site-packages/airflow/example_dags/tutorial.py
[2022-12-31T21:35:52.892+0700] {logging_mixin.py:137} INFO - [2022-12-31T21:35:52.892+0700] {dag.py:2676} INFO - Sync 1 DAGs
[2022-12-31T21:35:52.920+0700] {logging_mixin.py:137} INFO - [2022-12-31T21:35:52.920+0700] {dag.py:3423} INFO - Setting next_dagrun for tutorial to 2022-12-31T13:03:00.889962+00:00, run_after=2023-01-01T13:03:00.889962+00:00
[2022-12-31T21:35:52.967+0700] {processor.py:175} INFO - Processing /home/dmk/anaconda3/lib/python3.9/site-packages/airflow/example_dags/tutorial.py took 0.269 seconds
[2022-12-31T21:37:54.829+0700] {processor.py:153} INFO - Started process (PID=28670) to work on /home/dmk/anaconda3/lib/python3.9/site-packages/airflow/example_dags/tutorial.py
[2022-12-31T21:37:54.831+0700] {processor.py:743} INFO - Processing file /home/dmk/anaconda3/lib/python3.9/site-packages/airflow/example_dags/tutorial.py for tasks to queue
[2022-12-31T21:37:54.832+0700] {logging_mixin.py:137} INFO - [2022-12-31T21:37:54.832+0700] {dagbag.py:538} INFO - Filling up the DagBag from /home/dmk/anaconda3/lib/python3.9/site-packages/airflow/example_dags/tutorial.py
[2022-12-31T21:37:54.846+0700] {processor.py:753} INFO - DAG(s) dict_keys(['tutorial']) retrieved from /home/dmk/anaconda3/lib/python3.9/site-packages/airflow/example_dags/tutorial.py
[2022-12-31T21:37:54.865+0700] {logging_mixin.py:137} INFO - [2022-12-31T21:37:54.865+0700] {dag.py:2676} INFO - Sync 1 DAGs
[2022-12-31T21:37:54.884+0700] {logging_mixin.py:137} INFO - [2022-12-31T21:37:54.884+0700] {dag.py:3423} INFO - Setting next_dagrun for tutorial to 2022-12-30T14:37:54.884424+00:00, run_after=2022-12-31T14:37:54.884424+00:00
[2022-12-31T21:37:54.922+0700] {processor.py:175} INFO - Processing /home/dmk/anaconda3/lib/python3.9/site-packages/airflow/example_dags/tutorial.py took 0.096 seconds
[2022-12-31T21:38:49.060+0700] {processor.py:153} INFO - Started process (PID=29002) to work on /home/dmk/anaconda3/lib/python3.9/site-packages/airflow/example_dags/tutorial.py
[2022-12-31T21:38:49.062+0700] {processor.py:743} INFO - Processing file /home/dmk/anaconda3/lib/python3.9/site-packages/airflow/example_dags/tutorial.py for tasks to queue
[2022-12-31T21:38:49.063+0700] {logging_mixin.py:137} INFO - [2022-12-31T21:38:49.063+0700] {dagbag.py:538} INFO - Filling up the DagBag from /home/dmk/anaconda3/lib/python3.9/site-packages/airflow/example_dags/tutorial.py
[2022-12-31T21:38:49.084+0700] {processor.py:753} INFO - DAG(s) dict_keys(['tutorial']) retrieved from /home/dmk/anaconda3/lib/python3.9/site-packages/airflow/example_dags/tutorial.py
[2022-12-31T21:38:49.236+0700] {logging_mixin.py:137} INFO - [2022-12-31T21:38:49.236+0700] {dag.py:2676} INFO - Sync 1 DAGs
[2022-12-31T21:38:49.254+0700] {logging_mixin.py:137} INFO - [2022-12-31T21:38:49.254+0700] {dag.py:3423} INFO - Setting next_dagrun for tutorial to 2022-12-30T14:38:49.254632+00:00, run_after=2022-12-31T14:38:49.254632+00:00
[2022-12-31T21:38:49.292+0700] {processor.py:175} INFO - Processing /home/dmk/anaconda3/lib/python3.9/site-packages/airflow/example_dags/tutorial.py took 0.235 seconds
[2022-12-31T21:39:34.665+0700] {processor.py:153} INFO - Started process (PID=29140) to work on /home/dmk/anaconda3/lib/python3.9/site-packages/airflow/example_dags/tutorial.py
[2022-12-31T21:39:34.668+0700] {processor.py:743} INFO - Processing file /home/dmk/anaconda3/lib/python3.9/site-packages/airflow/example_dags/tutorial.py for tasks to queue
[2022-12-31T21:39:34.669+0700] {logging_mixin.py:137} INFO - [2022-12-31T21:39:34.669+0700] {dagbag.py:538} INFO - Filling up the DagBag from /home/dmk/anaconda3/lib/python3.9/site-packages/airflow/example_dags/tutorial.py
[2022-12-31T21:39:34.686+0700] {processor.py:753} INFO - DAG(s) dict_keys(['tutorial']) retrieved from /home/dmk/anaconda3/lib/python3.9/site-packages/airflow/example_dags/tutorial.py
[2022-12-31T21:39:34.704+0700] {logging_mixin.py:137} INFO - [2022-12-31T21:39:34.704+0700] {dag.py:2676} INFO - Sync 1 DAGs
[2022-12-31T21:39:34.822+0700] {logging_mixin.py:137} INFO - [2022-12-31T21:39:34.821+0700] {dag.py:3423} INFO - Setting next_dagrun for tutorial to 2022-12-30T14:39:34.821783+00:00, run_after=2022-12-31T14:39:34.821783+00:00
[2022-12-31T21:39:34.860+0700] {processor.py:175} INFO - Processing /home/dmk/anaconda3/lib/python3.9/site-packages/airflow/example_dags/tutorial.py took 0.202 seconds
[2022-12-31T21:40:23.210+0700] {processor.py:153} INFO - Started process (PID=29356) to work on /home/dmk/anaconda3/lib/python3.9/site-packages/airflow/example_dags/tutorial.py
[2022-12-31T21:40:23.212+0700] {processor.py:743} INFO - Processing file /home/dmk/anaconda3/lib/python3.9/site-packages/airflow/example_dags/tutorial.py for tasks to queue
[2022-12-31T21:40:23.213+0700] {logging_mixin.py:137} INFO - [2022-12-31T21:40:23.213+0700] {dagbag.py:538} INFO - Filling up the DagBag from /home/dmk/anaconda3/lib/python3.9/site-packages/airflow/example_dags/tutorial.py
[2022-12-31T21:40:23.227+0700] {processor.py:753} INFO - DAG(s) dict_keys(['tutorial']) retrieved from /home/dmk/anaconda3/lib/python3.9/site-packages/airflow/example_dags/tutorial.py
[2022-12-31T21:40:23.381+0700] {logging_mixin.py:137} INFO - [2022-12-31T21:40:23.381+0700] {dag.py:2676} INFO - Sync 1 DAGs
[2022-12-31T21:40:23.399+0700] {logging_mixin.py:137} INFO - [2022-12-31T21:40:23.398+0700] {dag.py:3423} INFO - Setting next_dagrun for tutorial to 2022-12-30T14:40:23.398712+00:00, run_after=2022-12-31T14:40:23.398712+00:00
[2022-12-31T21:40:23.433+0700] {processor.py:175} INFO - Processing /home/dmk/anaconda3/lib/python3.9/site-packages/airflow/example_dags/tutorial.py took 0.225 seconds
[2022-12-31T21:41:08.649+0700] {processor.py:153} INFO - Started process (PID=29514) to work on /home/dmk/anaconda3/lib/python3.9/site-packages/airflow/example_dags/tutorial.py
[2022-12-31T21:41:08.653+0700] {processor.py:743} INFO - Processing file /home/dmk/anaconda3/lib/python3.9/site-packages/airflow/example_dags/tutorial.py for tasks to queue
[2022-12-31T21:41:08.653+0700] {logging_mixin.py:137} INFO - [2022-12-31T21:41:08.653+0700] {dagbag.py:538} INFO - Filling up the DagBag from /home/dmk/anaconda3/lib/python3.9/site-packages/airflow/example_dags/tutorial.py
[2022-12-31T21:41:08.665+0700] {processor.py:753} INFO - DAG(s) dict_keys(['tutorial']) retrieved from /home/dmk/anaconda3/lib/python3.9/site-packages/airflow/example_dags/tutorial.py
[2022-12-31T21:41:08.775+0700] {logging_mixin.py:137} INFO - [2022-12-31T21:41:08.774+0700] {dag.py:2676} INFO - Sync 1 DAGs
[2022-12-31T21:41:08.791+0700] {logging_mixin.py:137} INFO - [2022-12-31T21:41:08.791+0700] {dag.py:3423} INFO - Setting next_dagrun for tutorial to 2022-12-30T14:41:08.791477+00:00, run_after=2022-12-31T14:41:08.791477+00:00
[2022-12-31T21:41:08.822+0700] {processor.py:175} INFO - Processing /home/dmk/anaconda3/lib/python3.9/site-packages/airflow/example_dags/tutorial.py took 0.175 seconds
[2022-12-31T21:41:55.456+0700] {processor.py:153} INFO - Started process (PID=29715) to work on /home/dmk/anaconda3/lib/python3.9/site-packages/airflow/example_dags/tutorial.py
[2022-12-31T21:41:55.460+0700] {processor.py:743} INFO - Processing file /home/dmk/anaconda3/lib/python3.9/site-packages/airflow/example_dags/tutorial.py for tasks to queue
[2022-12-31T21:41:55.461+0700] {logging_mixin.py:137} INFO - [2022-12-31T21:41:55.461+0700] {dagbag.py:538} INFO - Filling up the DagBag from /home/dmk/anaconda3/lib/python3.9/site-packages/airflow/example_dags/tutorial.py
[2022-12-31T21:41:55.483+0700] {processor.py:753} INFO - DAG(s) dict_keys(['tutorial']) retrieved from /home/dmk/anaconda3/lib/python3.9/site-packages/airflow/example_dags/tutorial.py
[2022-12-31T21:41:55.670+0700] {logging_mixin.py:137} INFO - [2022-12-31T21:41:55.670+0700] {dag.py:2676} INFO - Sync 1 DAGs
[2022-12-31T21:41:55.695+0700] {logging_mixin.py:137} INFO - [2022-12-31T21:41:55.695+0700] {dag.py:3423} INFO - Setting next_dagrun for tutorial to 2022-12-30T14:41:55.694969+00:00, run_after=2022-12-31T14:41:55.694969+00:00
[2022-12-31T21:41:55.734+0700] {processor.py:175} INFO - Processing /home/dmk/anaconda3/lib/python3.9/site-packages/airflow/example_dags/tutorial.py took 0.281 seconds
[2022-12-31T21:42:44.591+0700] {processor.py:153} INFO - Started process (PID=29870) to work on /home/dmk/anaconda3/lib/python3.9/site-packages/airflow/example_dags/tutorial.py
[2022-12-31T21:42:44.595+0700] {processor.py:743} INFO - Processing file /home/dmk/anaconda3/lib/python3.9/site-packages/airflow/example_dags/tutorial.py for tasks to queue
[2022-12-31T21:42:44.596+0700] {logging_mixin.py:137} INFO - [2022-12-31T21:42:44.596+0700] {dagbag.py:538} INFO - Filling up the DagBag from /home/dmk/anaconda3/lib/python3.9/site-packages/airflow/example_dags/tutorial.py
[2022-12-31T21:42:44.611+0700] {processor.py:753} INFO - DAG(s) dict_keys(['tutorial']) retrieved from /home/dmk/anaconda3/lib/python3.9/site-packages/airflow/example_dags/tutorial.py
[2022-12-31T21:42:44.629+0700] {logging_mixin.py:137} INFO - [2022-12-31T21:42:44.629+0700] {dag.py:2676} INFO - Sync 1 DAGs
[2022-12-31T21:42:44.647+0700] {logging_mixin.py:137} INFO - [2022-12-31T21:42:44.647+0700] {dag.py:3423} INFO - Setting next_dagrun for tutorial to 2022-12-30T14:42:44.647456+00:00, run_after=2022-12-31T14:42:44.647456+00:00
[2022-12-31T21:42:44.770+0700] {processor.py:175} INFO - Processing /home/dmk/anaconda3/lib/python3.9/site-packages/airflow/example_dags/tutorial.py took 0.181 seconds
[2022-12-31T21:43:22.894+0700] {processor.py:153} INFO - Started process (PID=30079) to work on /home/dmk/anaconda3/lib/python3.9/site-packages/airflow/example_dags/tutorial.py
[2022-12-31T21:43:22.899+0700] {processor.py:743} INFO - Processing file /home/dmk/anaconda3/lib/python3.9/site-packages/airflow/example_dags/tutorial.py for tasks to queue
[2022-12-31T21:43:22.901+0700] {logging_mixin.py:137} INFO - [2022-12-31T21:43:22.900+0700] {dagbag.py:538} INFO - Filling up the DagBag from /home/dmk/anaconda3/lib/python3.9/site-packages/airflow/example_dags/tutorial.py
[2022-12-31T21:43:22.928+0700] {processor.py:753} INFO - DAG(s) dict_keys(['tutorial']) retrieved from /home/dmk/anaconda3/lib/python3.9/site-packages/airflow/example_dags/tutorial.py
[2022-12-31T21:43:23.119+0700] {logging_mixin.py:137} INFO - [2022-12-31T21:43:23.118+0700] {dag.py:2676} INFO - Sync 1 DAGs
[2022-12-31T21:43:23.143+0700] {logging_mixin.py:137} INFO - [2022-12-31T21:43:23.143+0700] {dag.py:3423} INFO - Setting next_dagrun for tutorial to 2022-12-30T14:43:23.143354+00:00, run_after=2022-12-31T14:43:23.143354+00:00
[2022-12-31T21:43:23.191+0700] {processor.py:175} INFO - Processing /home/dmk/anaconda3/lib/python3.9/site-packages/airflow/example_dags/tutorial.py took 0.305 seconds
[2022-12-31T22:20:40.092+0700] {processor.py:153} INFO - Started process (PID=46086) to work on /home/dmk/anaconda3/lib/python3.9/site-packages/airflow/example_dags/tutorial.py
[2022-12-31T22:20:40.124+0700] {processor.py:743} INFO - Processing file /home/dmk/anaconda3/lib/python3.9/site-packages/airflow/example_dags/tutorial.py for tasks to queue
[2022-12-31T22:20:40.125+0700] {logging_mixin.py:137} INFO - [2022-12-31T22:20:40.125+0700] {dagbag.py:538} INFO - Filling up the DagBag from /home/dmk/anaconda3/lib/python3.9/site-packages/airflow/example_dags/tutorial.py
[2022-12-31T22:20:40.150+0700] {processor.py:753} INFO - DAG(s) dict_keys(['tutorial']) retrieved from /home/dmk/anaconda3/lib/python3.9/site-packages/airflow/example_dags/tutorial.py
[2022-12-31T22:20:40.485+0700] {logging_mixin.py:137} INFO - [2022-12-31T22:20:40.484+0700] {dag.py:2676} INFO - Sync 1 DAGs
[2022-12-31T22:20:40.515+0700] {logging_mixin.py:137} INFO - [2022-12-31T22:20:40.515+0700] {dag.py:3423} INFO - Setting next_dagrun for tutorial to 2022-12-30T15:20:40.515100+00:00, run_after=2022-12-31T15:20:40.515100+00:00
[2022-12-31T22:20:40.571+0700] {processor.py:175} INFO - Processing /home/dmk/anaconda3/lib/python3.9/site-packages/airflow/example_dags/tutorial.py took 0.485 seconds
[2022-12-31T22:21:12.266+0700] {processor.py:153} INFO - Started process (PID=46580) to work on /home/dmk/anaconda3/lib/python3.9/site-packages/airflow/example_dags/tutorial.py
[2022-12-31T22:21:12.269+0700] {processor.py:743} INFO - Processing file /home/dmk/anaconda3/lib/python3.9/site-packages/airflow/example_dags/tutorial.py for tasks to queue
[2022-12-31T22:21:12.270+0700] {logging_mixin.py:137} INFO - [2022-12-31T22:21:12.270+0700] {dagbag.py:538} INFO - Filling up the DagBag from /home/dmk/anaconda3/lib/python3.9/site-packages/airflow/example_dags/tutorial.py
[2022-12-31T22:21:12.303+0700] {processor.py:753} INFO - DAG(s) dict_keys(['tutorial']) retrieved from /home/dmk/anaconda3/lib/python3.9/site-packages/airflow/example_dags/tutorial.py
[2022-12-31T22:21:12.343+0700] {logging_mixin.py:137} INFO - [2022-12-31T22:21:12.343+0700] {dag.py:2676} INFO - Sync 1 DAGs
[2022-12-31T22:21:12.365+0700] {logging_mixin.py:137} INFO - [2022-12-31T22:21:12.365+0700] {dag.py:3423} INFO - Setting next_dagrun for tutorial to 2022-12-30T15:21:12.365395+00:00, run_after=2022-12-31T15:21:12.365395+00:00
[2022-12-31T22:21:12.513+0700] {processor.py:175} INFO - Processing /home/dmk/anaconda3/lib/python3.9/site-packages/airflow/example_dags/tutorial.py took 0.253 seconds
[2022-12-31T22:22:15.926+0700] {processor.py:153} INFO - Started process (PID=47176) to work on /home/dmk/anaconda3/lib/python3.9/site-packages/airflow/example_dags/tutorial.py
[2022-12-31T22:22:15.931+0700] {processor.py:743} INFO - Processing file /home/dmk/anaconda3/lib/python3.9/site-packages/airflow/example_dags/tutorial.py for tasks to queue
[2022-12-31T22:22:15.934+0700] {logging_mixin.py:137} INFO - [2022-12-31T22:22:15.933+0700] {dagbag.py:538} INFO - Filling up the DagBag from /home/dmk/anaconda3/lib/python3.9/site-packages/airflow/example_dags/tutorial.py
[2022-12-31T22:22:15.991+0700] {processor.py:753} INFO - DAG(s) dict_keys(['tutorial']) retrieved from /home/dmk/anaconda3/lib/python3.9/site-packages/airflow/example_dags/tutorial.py
[2022-12-31T22:22:16.264+0700] {logging_mixin.py:137} INFO - [2022-12-31T22:22:16.263+0700] {dag.py:2676} INFO - Sync 1 DAGs
[2022-12-31T22:22:16.285+0700] {logging_mixin.py:137} INFO - [2022-12-31T22:22:16.285+0700] {dag.py:3423} INFO - Setting next_dagrun for tutorial to 2022-12-30T15:22:16.285155+00:00, run_after=2022-12-31T15:22:16.285155+00:00
[2022-12-31T22:22:16.356+0700] {processor.py:175} INFO - Processing /home/dmk/anaconda3/lib/python3.9/site-packages/airflow/example_dags/tutorial.py took 0.442 seconds
[2022-12-31T22:22:54.564+0700] {processor.py:153} INFO - Started process (PID=47528) to work on /home/dmk/anaconda3/lib/python3.9/site-packages/airflow/example_dags/tutorial.py
[2022-12-31T22:22:54.566+0700] {processor.py:743} INFO - Processing file /home/dmk/anaconda3/lib/python3.9/site-packages/airflow/example_dags/tutorial.py for tasks to queue
[2022-12-31T22:22:54.567+0700] {logging_mixin.py:137} INFO - [2022-12-31T22:22:54.567+0700] {dagbag.py:538} INFO - Filling up the DagBag from /home/dmk/anaconda3/lib/python3.9/site-packages/airflow/example_dags/tutorial.py
[2022-12-31T22:22:54.589+0700] {processor.py:753} INFO - DAG(s) dict_keys(['tutorial']) retrieved from /home/dmk/anaconda3/lib/python3.9/site-packages/airflow/example_dags/tutorial.py
[2022-12-31T22:22:54.608+0700] {logging_mixin.py:137} INFO - [2022-12-31T22:22:54.608+0700] {dag.py:2676} INFO - Sync 1 DAGs
[2022-12-31T22:22:54.631+0700] {logging_mixin.py:137} INFO - [2022-12-31T22:22:54.631+0700] {dag.py:3423} INFO - Setting next_dagrun for tutorial to 2022-12-30T15:22:54.630786+00:00, run_after=2022-12-31T15:22:54.630786+00:00
[2022-12-31T22:22:54.668+0700] {processor.py:175} INFO - Processing /home/dmk/anaconda3/lib/python3.9/site-packages/airflow/example_dags/tutorial.py took 0.107 seconds
[2022-12-31T22:23:42.096+0700] {processor.py:153} INFO - Started process (PID=47781) to work on /home/dmk/anaconda3/lib/python3.9/site-packages/airflow/example_dags/tutorial.py
[2022-12-31T22:23:42.099+0700] {processor.py:743} INFO - Processing file /home/dmk/anaconda3/lib/python3.9/site-packages/airflow/example_dags/tutorial.py for tasks to queue
[2022-12-31T22:23:42.099+0700] {logging_mixin.py:137} INFO - [2022-12-31T22:23:42.099+0700] {dagbag.py:538} INFO - Filling up the DagBag from /home/dmk/anaconda3/lib/python3.9/site-packages/airflow/example_dags/tutorial.py
[2022-12-31T22:23:42.116+0700] {processor.py:753} INFO - DAG(s) dict_keys(['tutorial']) retrieved from /home/dmk/anaconda3/lib/python3.9/site-packages/airflow/example_dags/tutorial.py
[2022-12-31T22:23:42.280+0700] {logging_mixin.py:137} INFO - [2022-12-31T22:23:42.279+0700] {dag.py:2676} INFO - Sync 1 DAGs
[2022-12-31T22:23:42.297+0700] {logging_mixin.py:137} INFO - [2022-12-31T22:23:42.297+0700] {dag.py:3423} INFO - Setting next_dagrun for tutorial to 2022-12-30T15:23:42.297272+00:00, run_after=2022-12-31T15:23:42.297272+00:00
[2022-12-31T22:23:42.332+0700] {processor.py:175} INFO - Processing /home/dmk/anaconda3/lib/python3.9/site-packages/airflow/example_dags/tutorial.py took 0.240 seconds
[2022-12-31T22:24:24.574+0700] {processor.py:153} INFO - Started process (PID=48282) to work on /home/dmk/anaconda3/lib/python3.9/site-packages/airflow/example_dags/tutorial.py
[2022-12-31T22:24:24.577+0700] {processor.py:743} INFO - Processing file /home/dmk/anaconda3/lib/python3.9/site-packages/airflow/example_dags/tutorial.py for tasks to queue
[2022-12-31T22:24:24.579+0700] {logging_mixin.py:137} INFO - [2022-12-31T22:24:24.578+0700] {dagbag.py:538} INFO - Filling up the DagBag from /home/dmk/anaconda3/lib/python3.9/site-packages/airflow/example_dags/tutorial.py
[2022-12-31T22:24:24.606+0700] {processor.py:753} INFO - DAG(s) dict_keys(['tutorial']) retrieved from /home/dmk/anaconda3/lib/python3.9/site-packages/airflow/example_dags/tutorial.py
[2022-12-31T22:24:24.643+0700] {logging_mixin.py:137} INFO - [2022-12-31T22:24:24.643+0700] {dag.py:2676} INFO - Sync 1 DAGs
[2022-12-31T22:24:24.855+0700] {logging_mixin.py:137} INFO - [2022-12-31T22:24:24.855+0700] {dag.py:3423} INFO - Setting next_dagrun for tutorial to 2022-12-30T15:24:24.854909+00:00, run_after=2022-12-31T15:24:24.854909+00:00
[2022-12-31T22:24:24.901+0700] {processor.py:175} INFO - Processing /home/dmk/anaconda3/lib/python3.9/site-packages/airflow/example_dags/tutorial.py took 0.347 seconds
[2022-12-31T22:25:14.378+0700] {processor.py:153} INFO - Started process (PID=48772) to work on /home/dmk/anaconda3/envs/airflow/lib/python3.7/site-packages/airflow/example_dags/tutorial.py
[2022-12-31T22:25:14.382+0700] {processor.py:743} INFO - Processing file /home/dmk/anaconda3/envs/airflow/lib/python3.7/site-packages/airflow/example_dags/tutorial.py for tasks to queue
[2022-12-31T22:25:14.384+0700] {logging_mixin.py:137} INFO - [2022-12-31T22:25:14.383+0700] {dagbag.py:538} INFO - Filling up the DagBag from /home/dmk/anaconda3/envs/airflow/lib/python3.7/site-packages/airflow/example_dags/tutorial.py
[2022-12-31T22:25:14.400+0700] {processor.py:753} INFO - DAG(s) dict_keys(['tutorial']) retrieved from /home/dmk/anaconda3/envs/airflow/lib/python3.7/site-packages/airflow/example_dags/tutorial.py
[2022-12-31T22:25:14.605+0700] {logging_mixin.py:137} INFO - [2022-12-31T22:25:14.605+0700] {dag.py:2676} INFO - Sync 1 DAGs
[2022-12-31T22:25:14.635+0700] {logging_mixin.py:137} INFO - [2022-12-31T22:25:14.635+0700] {dag.py:3427} INFO - Setting next_dagrun for tutorial to 2022-12-30T15:25:14.634934+00:00, run_after=2022-12-31T15:25:14.634934+00:00
[2022-12-31T22:25:14.687+0700] {processor.py:175} INFO - Processing /home/dmk/anaconda3/envs/airflow/lib/python3.7/site-packages/airflow/example_dags/tutorial.py took 0.313 seconds
[2022-12-31T22:26:05.008+0700] {processor.py:153} INFO - Started process (PID=49776) to work on /home/dmk/anaconda3/envs/airflow/lib/python3.7/site-packages/airflow/example_dags/tutorial.py
[2022-12-31T22:26:05.013+0700] {processor.py:743} INFO - Processing file /home/dmk/anaconda3/envs/airflow/lib/python3.7/site-packages/airflow/example_dags/tutorial.py for tasks to queue
[2022-12-31T22:26:05.016+0700] {logging_mixin.py:137} INFO - [2022-12-31T22:26:05.016+0700] {dagbag.py:538} INFO - Filling up the DagBag from /home/dmk/anaconda3/envs/airflow/lib/python3.7/site-packages/airflow/example_dags/tutorial.py
[2022-12-31T22:26:05.036+0700] {processor.py:753} INFO - DAG(s) dict_keys(['tutorial']) retrieved from /home/dmk/anaconda3/envs/airflow/lib/python3.7/site-packages/airflow/example_dags/tutorial.py
[2022-12-31T22:26:05.047+0700] {logging_mixin.py:137} INFO - [2022-12-31T22:26:05.047+0700] {dag.py:2676} INFO - Sync 1 DAGs
[2022-12-31T22:26:05.177+0700] {logging_mixin.py:137} INFO - [2022-12-31T22:26:05.176+0700] {dag.py:3427} INFO - Setting next_dagrun for tutorial to 2022-12-30T15:26:05.176706+00:00, run_after=2022-12-31T15:26:05.176706+00:00
[2022-12-31T22:26:05.210+0700] {processor.py:175} INFO - Processing /home/dmk/anaconda3/envs/airflow/lib/python3.7/site-packages/airflow/example_dags/tutorial.py took 0.208 seconds
[2022-12-31T22:26:55.212+0700] {processor.py:153} INFO - Started process (PID=50075) to work on /home/dmk/anaconda3/envs/airflow/lib/python3.7/site-packages/airflow/example_dags/tutorial.py
[2022-12-31T22:26:55.216+0700] {processor.py:743} INFO - Processing file /home/dmk/anaconda3/envs/airflow/lib/python3.7/site-packages/airflow/example_dags/tutorial.py for tasks to queue
[2022-12-31T22:26:55.218+0700] {logging_mixin.py:137} INFO - [2022-12-31T22:26:55.217+0700] {dagbag.py:538} INFO - Filling up the DagBag from /home/dmk/anaconda3/envs/airflow/lib/python3.7/site-packages/airflow/example_dags/tutorial.py
[2022-12-31T22:26:55.239+0700] {processor.py:753} INFO - DAG(s) dict_keys(['tutorial']) retrieved from /home/dmk/anaconda3/envs/airflow/lib/python3.7/site-packages/airflow/example_dags/tutorial.py
[2022-12-31T22:26:55.400+0700] {logging_mixin.py:137} INFO - [2022-12-31T22:26:55.400+0700] {dag.py:2676} INFO - Sync 1 DAGs
[2022-12-31T22:26:55.420+0700] {logging_mixin.py:137} INFO - [2022-12-31T22:26:55.419+0700] {dag.py:3427} INFO - Setting next_dagrun for tutorial to 2022-12-30T15:26:55.419702+00:00, run_after=2022-12-31T15:26:55.419702+00:00
[2022-12-31T22:26:55.457+0700] {processor.py:175} INFO - Processing /home/dmk/anaconda3/envs/airflow/lib/python3.7/site-packages/airflow/example_dags/tutorial.py took 0.253 seconds
[2022-12-31T22:27:44.107+0700] {processor.py:153} INFO - Started process (PID=50376) to work on /home/dmk/anaconda3/envs/airflow/lib/python3.7/site-packages/airflow/example_dags/tutorial.py
[2022-12-31T22:27:44.109+0700] {processor.py:743} INFO - Processing file /home/dmk/anaconda3/envs/airflow/lib/python3.7/site-packages/airflow/example_dags/tutorial.py for tasks to queue
[2022-12-31T22:27:44.110+0700] {logging_mixin.py:137} INFO - [2022-12-31T22:27:44.110+0700] {dagbag.py:538} INFO - Filling up the DagBag from /home/dmk/anaconda3/envs/airflow/lib/python3.7/site-packages/airflow/example_dags/tutorial.py
[2022-12-31T22:27:44.123+0700] {processor.py:753} INFO - DAG(s) dict_keys(['tutorial']) retrieved from /home/dmk/anaconda3/envs/airflow/lib/python3.7/site-packages/airflow/example_dags/tutorial.py
[2022-12-31T22:27:44.244+0700] {logging_mixin.py:137} INFO - [2022-12-31T22:27:44.244+0700] {dag.py:2676} INFO - Sync 1 DAGs
[2022-12-31T22:27:44.264+0700] {logging_mixin.py:137} INFO - [2022-12-31T22:27:44.264+0700] {dag.py:3427} INFO - Setting next_dagrun for tutorial to 2022-12-30T15:27:44.263892+00:00, run_after=2022-12-31T15:27:44.263892+00:00
[2022-12-31T22:27:44.296+0700] {processor.py:175} INFO - Processing /home/dmk/anaconda3/envs/airflow/lib/python3.7/site-packages/airflow/example_dags/tutorial.py took 0.192 seconds
[2022-12-31T22:28:34.368+0700] {processor.py:153} INFO - Started process (PID=50611) to work on /home/dmk/anaconda3/envs/airflow/lib/python3.7/site-packages/airflow/example_dags/tutorial.py
[2022-12-31T22:28:34.373+0700] {processor.py:743} INFO - Processing file /home/dmk/anaconda3/envs/airflow/lib/python3.7/site-packages/airflow/example_dags/tutorial.py for tasks to queue
[2022-12-31T22:28:34.375+0700] {logging_mixin.py:137} INFO - [2022-12-31T22:28:34.375+0700] {dagbag.py:538} INFO - Filling up the DagBag from /home/dmk/anaconda3/envs/airflow/lib/python3.7/site-packages/airflow/example_dags/tutorial.py
[2022-12-31T22:28:34.505+0700] {processor.py:753} INFO - DAG(s) dict_keys(['tutorial']) retrieved from /home/dmk/anaconda3/envs/airflow/lib/python3.7/site-packages/airflow/example_dags/tutorial.py
[2022-12-31T22:28:34.564+0700] {logging_mixin.py:137} INFO - [2022-12-31T22:28:34.563+0700] {dag.py:2676} INFO - Sync 1 DAGs
[2022-12-31T22:28:34.591+0700] {logging_mixin.py:137} INFO - [2022-12-31T22:28:34.591+0700] {dag.py:3427} INFO - Setting next_dagrun for tutorial to 2022-12-30T15:28:34.591403+00:00, run_after=2022-12-31T15:28:34.591403+00:00
[2022-12-31T22:28:34.631+0700] {processor.py:175} INFO - Processing /home/dmk/anaconda3/envs/airflow/lib/python3.7/site-packages/airflow/example_dags/tutorial.py took 0.271 seconds
[2022-12-31T22:29:21.497+0700] {processor.py:153} INFO - Started process (PID=50717) to work on /home/dmk/anaconda3/envs/airflow/lib/python3.7/site-packages/airflow/example_dags/tutorial.py
[2022-12-31T22:29:21.498+0700] {processor.py:743} INFO - Processing file /home/dmk/anaconda3/envs/airflow/lib/python3.7/site-packages/airflow/example_dags/tutorial.py for tasks to queue
[2022-12-31T22:29:21.499+0700] {logging_mixin.py:137} INFO - [2022-12-31T22:29:21.499+0700] {dagbag.py:538} INFO - Filling up the DagBag from /home/dmk/anaconda3/envs/airflow/lib/python3.7/site-packages/airflow/example_dags/tutorial.py
[2022-12-31T22:29:21.516+0700] {processor.py:753} INFO - DAG(s) dict_keys(['tutorial']) retrieved from /home/dmk/anaconda3/envs/airflow/lib/python3.7/site-packages/airflow/example_dags/tutorial.py
[2022-12-31T22:29:21.531+0700] {logging_mixin.py:137} INFO - [2022-12-31T22:29:21.531+0700] {dag.py:2676} INFO - Sync 1 DAGs
[2022-12-31T22:29:21.568+0700] {logging_mixin.py:137} INFO - [2022-12-31T22:29:21.568+0700] {dag.py:3427} INFO - Setting next_dagrun for tutorial to 2022-12-30T15:29:21.567745+00:00, run_after=2022-12-31T15:29:21.567745+00:00
[2022-12-31T22:29:21.612+0700] {processor.py:175} INFO - Processing /home/dmk/anaconda3/envs/airflow/lib/python3.7/site-packages/airflow/example_dags/tutorial.py took 0.118 seconds
[2022-12-31T22:30:08.611+0700] {processor.py:153} INFO - Started process (PID=51371) to work on /home/dmk/anaconda3/envs/airflow/lib/python3.7/site-packages/airflow/example_dags/tutorial.py
[2022-12-31T22:30:08.615+0700] {processor.py:743} INFO - Processing file /home/dmk/anaconda3/envs/airflow/lib/python3.7/site-packages/airflow/example_dags/tutorial.py for tasks to queue
[2022-12-31T22:30:08.616+0700] {logging_mixin.py:137} INFO - [2022-12-31T22:30:08.616+0700] {dagbag.py:538} INFO - Filling up the DagBag from /home/dmk/anaconda3/envs/airflow/lib/python3.7/site-packages/airflow/example_dags/tutorial.py
[2022-12-31T22:30:08.629+0700] {processor.py:753} INFO - DAG(s) dict_keys(['tutorial']) retrieved from /home/dmk/anaconda3/envs/airflow/lib/python3.7/site-packages/airflow/example_dags/tutorial.py
[2022-12-31T22:30:08.689+0700] {logging_mixin.py:137} INFO - [2022-12-31T22:30:08.689+0700] {dag.py:2676} INFO - Sync 1 DAGs
[2022-12-31T22:30:08.709+0700] {logging_mixin.py:137} INFO - [2022-12-31T22:30:08.709+0700] {dag.py:3427} INFO - Setting next_dagrun for tutorial to 2022-12-30T15:30:08.708993+00:00, run_after=2022-12-31T15:30:08.708993+00:00
[2022-12-31T22:30:08.747+0700] {processor.py:175} INFO - Processing /home/dmk/anaconda3/envs/airflow/lib/python3.7/site-packages/airflow/example_dags/tutorial.py took 0.140 seconds
[2022-12-31T22:30:56.787+0700] {processor.py:153} INFO - Started process (PID=51615) to work on /home/dmk/anaconda3/envs/airflow/lib/python3.7/site-packages/airflow/example_dags/tutorial.py
[2022-12-31T22:30:56.791+0700] {processor.py:743} INFO - Processing file /home/dmk/anaconda3/envs/airflow/lib/python3.7/site-packages/airflow/example_dags/tutorial.py for tasks to queue
[2022-12-31T22:30:56.792+0700] {logging_mixin.py:137} INFO - [2022-12-31T22:30:56.792+0700] {dagbag.py:538} INFO - Filling up the DagBag from /home/dmk/anaconda3/envs/airflow/lib/python3.7/site-packages/airflow/example_dags/tutorial.py
[2022-12-31T22:30:56.810+0700] {processor.py:753} INFO - DAG(s) dict_keys(['tutorial']) retrieved from /home/dmk/anaconda3/envs/airflow/lib/python3.7/site-packages/airflow/example_dags/tutorial.py
[2022-12-31T22:30:56.822+0700] {logging_mixin.py:137} INFO - [2022-12-31T22:30:56.822+0700] {dag.py:2676} INFO - Sync 1 DAGs
[2022-12-31T22:30:56.845+0700] {logging_mixin.py:137} INFO - [2022-12-31T22:30:56.845+0700] {dag.py:3427} INFO - Setting next_dagrun for tutorial to 2022-12-30T15:30:56.845163+00:00, run_after=2022-12-31T15:30:56.845163+00:00
[2022-12-31T22:30:56.885+0700] {processor.py:175} INFO - Processing /home/dmk/anaconda3/envs/airflow/lib/python3.7/site-packages/airflow/example_dags/tutorial.py took 0.103 seconds
[2022-12-31T22:31:44.101+0700] {processor.py:153} INFO - Started process (PID=51807) to work on /home/dmk/anaconda3/envs/airflow/lib/python3.7/site-packages/airflow/example_dags/tutorial.py
[2022-12-31T22:31:44.104+0700] {processor.py:743} INFO - Processing file /home/dmk/anaconda3/envs/airflow/lib/python3.7/site-packages/airflow/example_dags/tutorial.py for tasks to queue
[2022-12-31T22:31:44.106+0700] {logging_mixin.py:137} INFO - [2022-12-31T22:31:44.105+0700] {dagbag.py:538} INFO - Filling up the DagBag from /home/dmk/anaconda3/envs/airflow/lib/python3.7/site-packages/airflow/example_dags/tutorial.py
[2022-12-31T22:31:44.127+0700] {processor.py:753} INFO - DAG(s) dict_keys(['tutorial']) retrieved from /home/dmk/anaconda3/envs/airflow/lib/python3.7/site-packages/airflow/example_dags/tutorial.py
[2022-12-31T22:31:44.207+0700] {logging_mixin.py:137} INFO - [2022-12-31T22:31:44.207+0700] {dag.py:2676} INFO - Sync 1 DAGs
[2022-12-31T22:31:44.234+0700] {logging_mixin.py:137} INFO - [2022-12-31T22:31:44.234+0700] {dag.py:3427} INFO - Setting next_dagrun for tutorial to 2022-12-30T15:31:44.233872+00:00, run_after=2022-12-31T15:31:44.233872+00:00
[2022-12-31T22:31:44.310+0700] {processor.py:175} INFO - Processing /home/dmk/anaconda3/envs/airflow/lib/python3.7/site-packages/airflow/example_dags/tutorial.py took 0.216 seconds
[2022-12-31T22:32:34.351+0700] {processor.py:153} INFO - Started process (PID=51889) to work on /home/dmk/anaconda3/envs/airflow/lib/python3.7/site-packages/airflow/example_dags/tutorial.py
[2022-12-31T22:32:34.355+0700] {processor.py:743} INFO - Processing file /home/dmk/anaconda3/envs/airflow/lib/python3.7/site-packages/airflow/example_dags/tutorial.py for tasks to queue
[2022-12-31T22:32:34.358+0700] {logging_mixin.py:137} INFO - [2022-12-31T22:32:34.356+0700] {dagbag.py:538} INFO - Filling up the DagBag from /home/dmk/anaconda3/envs/airflow/lib/python3.7/site-packages/airflow/example_dags/tutorial.py
[2022-12-31T22:32:34.383+0700] {processor.py:753} INFO - DAG(s) dict_keys(['tutorial']) retrieved from /home/dmk/anaconda3/envs/airflow/lib/python3.7/site-packages/airflow/example_dags/tutorial.py
[2022-12-31T22:32:34.415+0700] {logging_mixin.py:137} INFO - [2022-12-31T22:32:34.415+0700] {dag.py:2676} INFO - Sync 1 DAGs
[2022-12-31T22:32:34.464+0700] {logging_mixin.py:137} INFO - [2022-12-31T22:32:34.464+0700] {dag.py:3427} INFO - Setting next_dagrun for tutorial to 2022-12-30T15:32:34.464407+00:00, run_after=2022-12-31T15:32:34.464407+00:00
[2022-12-31T22:32:34.519+0700] {processor.py:175} INFO - Processing /home/dmk/anaconda3/envs/airflow/lib/python3.7/site-packages/airflow/example_dags/tutorial.py took 0.171 seconds
