[2022-12-31T20:36:48.770+0700] {taskinstance.py:1087} INFO - Dependencies all met for <TaskInstance: tutorial.templated scheduled__2022-12-30T13:03:00.889962+00:00 [queued]>
[2022-12-31T20:36:48.777+0700] {taskinstance.py:1087} INFO - Dependencies all met for <TaskInstance: tutorial.templated scheduled__2022-12-30T13:03:00.889962+00:00 [queued]>
[2022-12-31T20:36:48.777+0700] {taskinstance.py:1283} INFO - 
--------------------------------------------------------------------------------
[2022-12-31T20:36:48.778+0700] {taskinstance.py:1284} INFO - Starting attempt 1 of 2
[2022-12-31T20:36:48.778+0700] {taskinstance.py:1285} INFO - 
--------------------------------------------------------------------------------
[2022-12-31T20:36:48.792+0700] {taskinstance.py:1304} INFO - Executing <Task(BashOperator): templated> on 2022-12-30 13:03:00.889962+00:00
[2022-12-31T20:36:48.795+0700] {standard_task_runner.py:55} INFO - Started process 155368 to run task
[2022-12-31T20:36:48.798+0700] {standard_task_runner.py:82} INFO - Running: ['airflow', 'tasks', 'run', 'tutorial', 'templated', 'scheduled__2022-12-30T13:03:00.889962+00:00', '--job-id', '15', '--raw', '--subdir', 'DAGS_FOLDER/tutorial.py', '--cfg-path', '/tmp/tmpdugt_ld0']
[2022-12-31T20:36:48.799+0700] {standard_task_runner.py:83} INFO - Job 15: Subtask templated
[2022-12-31T20:36:48.852+0700] {task_command.py:389} INFO - Running <TaskInstance: tutorial.templated scheduled__2022-12-30T13:03:00.889962+00:00 [running]> on host daominhkhanh
[2022-12-31T20:36:48.910+0700] {taskinstance.py:1511} INFO - Exporting the following env vars:
AIRFLOW_CTX_DAG_EMAIL=airflow@example.com
AIRFLOW_CTX_DAG_OWNER=airflow
AIRFLOW_CTX_DAG_ID=tutorial
AIRFLOW_CTX_TASK_ID=templated
AIRFLOW_CTX_EXECUTION_DATE=2022-12-30T13:03:00.889962+00:00
AIRFLOW_CTX_TRY_NUMBER=1
AIRFLOW_CTX_DAG_RUN_ID=scheduled__2022-12-30T13:03:00.889962+00:00
[2022-12-31T20:36:48.911+0700] {subprocess.py:63} INFO - Tmp dir root location: 
 /tmp
[2022-12-31T20:36:48.912+0700] {subprocess.py:75} INFO - Running command: ['/usr/bin/bash', '-c', '\n\n    echo "2022-12-30"\n    echo "2023-01-06"\n    echo "Parameter I passed in"\n\n    echo "2022-12-30"\n    echo "2023-01-06"\n    echo "Parameter I passed in"\n\n    echo "2022-12-30"\n    echo "2023-01-06"\n    echo "Parameter I passed in"\n\n    echo "2022-12-30"\n    echo "2023-01-06"\n    echo "Parameter I passed in"\n\n    echo "2022-12-30"\n    echo "2023-01-06"\n    echo "Parameter I passed in"\n']
[2022-12-31T20:36:48.918+0700] {subprocess.py:86} INFO - Output:
[2022-12-31T20:36:48.919+0700] {subprocess.py:93} INFO - 2022-12-30
[2022-12-31T20:36:48.919+0700] {subprocess.py:93} INFO - 2023-01-06
[2022-12-31T20:36:48.920+0700] {subprocess.py:93} INFO - Parameter I passed in
[2022-12-31T20:36:48.920+0700] {subprocess.py:93} INFO - 2022-12-30
[2022-12-31T20:36:48.920+0700] {subprocess.py:93} INFO - 2023-01-06
[2022-12-31T20:36:48.920+0700] {subprocess.py:93} INFO - Parameter I passed in
[2022-12-31T20:36:48.920+0700] {subprocess.py:93} INFO - 2022-12-30
[2022-12-31T20:36:48.920+0700] {subprocess.py:93} INFO - 2023-01-06
[2022-12-31T20:36:48.920+0700] {subprocess.py:93} INFO - Parameter I passed in
[2022-12-31T20:36:48.920+0700] {subprocess.py:93} INFO - 2022-12-30
[2022-12-31T20:36:48.920+0700] {subprocess.py:93} INFO - 2023-01-06
[2022-12-31T20:36:48.920+0700] {subprocess.py:93} INFO - Parameter I passed in
[2022-12-31T20:36:48.920+0700] {subprocess.py:93} INFO - 2022-12-30
[2022-12-31T20:36:48.920+0700] {subprocess.py:93} INFO - 2023-01-06
[2022-12-31T20:36:48.920+0700] {subprocess.py:93} INFO - Parameter I passed in
[2022-12-31T20:36:48.921+0700] {subprocess.py:97} INFO - Command exited with return code 0
[2022-12-31T20:36:48.939+0700] {taskinstance.py:1322} INFO - Marking task as SUCCESS. dag_id=tutorial, task_id=templated, execution_date=20221230T130300, start_date=20221231T133648, end_date=20221231T133648
[2022-12-31T20:36:48.970+0700] {local_task_job.py:159} INFO - Task exited with return code 0
[2022-12-31T20:36:49.001+0700] {taskinstance.py:2582} INFO - 0 downstream tasks scheduled from follow-on schedule check
