[2022-12-31T20:48:16.716+0700] {processor.py:153} INFO - Started process (PID=8726) to work on /home/dmk/anaconda3/lib/python3.9/site-packages/airflow/example_dags/subdags/subdag.py
[2022-12-31T20:48:16.717+0700] {processor.py:743} INFO - Processing file /home/dmk/anaconda3/lib/python3.9/site-packages/airflow/example_dags/subdags/subdag.py for tasks to queue
[2022-12-31T20:48:16.717+0700] {logging_mixin.py:137} INFO - [2022-12-31T20:48:16.717+0700] {dagbag.py:538} INFO - Filling up the DagBag from /home/dmk/anaconda3/lib/python3.9/site-packages/airflow/example_dags/subdags/subdag.py
[2022-12-31T20:48:16.720+0700] {processor.py:755} WARNING - No viable dags retrieved from /home/dmk/anaconda3/lib/python3.9/site-packages/airflow/example_dags/subdags/subdag.py
[2022-12-31T20:48:16.728+0700] {processor.py:175} INFO - Processing /home/dmk/anaconda3/lib/python3.9/site-packages/airflow/example_dags/subdags/subdag.py took 0.014 seconds
[2022-12-31T20:54:53.407+0700] {processor.py:153} INFO - Started process (PID=11818) to work on /home/dmk/anaconda3/lib/python3.9/site-packages/airflow/example_dags/subdags/subdag.py
[2022-12-31T20:54:53.414+0700] {processor.py:743} INFO - Processing file /home/dmk/anaconda3/lib/python3.9/site-packages/airflow/example_dags/subdags/subdag.py for tasks to queue
[2022-12-31T20:54:53.414+0700] {logging_mixin.py:137} INFO - [2022-12-31T20:54:53.414+0700] {dagbag.py:538} INFO - Filling up the DagBag from /home/dmk/anaconda3/lib/python3.9/site-packages/airflow/example_dags/subdags/subdag.py
[2022-12-31T20:54:53.428+0700] {processor.py:755} WARNING - No viable dags retrieved from /home/dmk/anaconda3/lib/python3.9/site-packages/airflow/example_dags/subdags/subdag.py
[2022-12-31T20:54:53.442+0700] {processor.py:175} INFO - Processing /home/dmk/anaconda3/lib/python3.9/site-packages/airflow/example_dags/subdags/subdag.py took 0.043 seconds
[2022-12-31T20:55:36.666+0700] {processor.py:153} INFO - Started process (PID=12036) to work on /home/dmk/anaconda3/lib/python3.9/site-packages/airflow/example_dags/subdags/subdag.py
[2022-12-31T20:55:36.668+0700] {processor.py:743} INFO - Processing file /home/dmk/anaconda3/lib/python3.9/site-packages/airflow/example_dags/subdags/subdag.py for tasks to queue
[2022-12-31T20:55:36.668+0700] {logging_mixin.py:137} INFO - [2022-12-31T20:55:36.668+0700] {dagbag.py:538} INFO - Filling up the DagBag from /home/dmk/anaconda3/lib/python3.9/site-packages/airflow/example_dags/subdags/subdag.py
[2022-12-31T20:55:36.672+0700] {processor.py:755} WARNING - No viable dags retrieved from /home/dmk/anaconda3/lib/python3.9/site-packages/airflow/example_dags/subdags/subdag.py
[2022-12-31T20:55:36.679+0700] {processor.py:175} INFO - Processing /home/dmk/anaconda3/lib/python3.9/site-packages/airflow/example_dags/subdags/subdag.py took 0.016 seconds
[2022-12-31T20:56:20.126+0700] {processor.py:153} INFO - Started process (PID=12195) to work on /home/dmk/anaconda3/lib/python3.9/site-packages/airflow/example_dags/subdags/subdag.py
[2022-12-31T20:56:20.130+0700] {processor.py:743} INFO - Processing file /home/dmk/anaconda3/lib/python3.9/site-packages/airflow/example_dags/subdags/subdag.py for tasks to queue
[2022-12-31T20:56:20.131+0700] {logging_mixin.py:137} INFO - [2022-12-31T20:56:20.131+0700] {dagbag.py:538} INFO - Filling up the DagBag from /home/dmk/anaconda3/lib/python3.9/site-packages/airflow/example_dags/subdags/subdag.py
[2022-12-31T20:56:20.136+0700] {processor.py:755} WARNING - No viable dags retrieved from /home/dmk/anaconda3/lib/python3.9/site-packages/airflow/example_dags/subdags/subdag.py
[2022-12-31T20:56:20.146+0700] {processor.py:175} INFO - Processing /home/dmk/anaconda3/lib/python3.9/site-packages/airflow/example_dags/subdags/subdag.py took 0.022 seconds
[2022-12-31T20:57:23.869+0700] {processor.py:153} INFO - Started process (PID=12489) to work on /home/dmk/anaconda3/lib/python3.9/site-packages/airflow/example_dags/subdags/subdag.py
[2022-12-31T20:57:23.870+0700] {processor.py:743} INFO - Processing file /home/dmk/anaconda3/lib/python3.9/site-packages/airflow/example_dags/subdags/subdag.py for tasks to queue
[2022-12-31T20:57:23.871+0700] {logging_mixin.py:137} INFO - [2022-12-31T20:57:23.871+0700] {dagbag.py:538} INFO - Filling up the DagBag from /home/dmk/anaconda3/lib/python3.9/site-packages/airflow/example_dags/subdags/subdag.py
[2022-12-31T20:57:23.876+0700] {processor.py:755} WARNING - No viable dags retrieved from /home/dmk/anaconda3/lib/python3.9/site-packages/airflow/example_dags/subdags/subdag.py
[2022-12-31T20:57:23.888+0700] {processor.py:175} INFO - Processing /home/dmk/anaconda3/lib/python3.9/site-packages/airflow/example_dags/subdags/subdag.py took 0.024 seconds
[2022-12-31T20:58:16.281+0700] {processor.py:153} INFO - Started process (PID=12909) to work on /home/dmk/anaconda3/lib/python3.9/site-packages/airflow/example_dags/subdags/subdag.py
[2022-12-31T20:58:16.285+0700] {processor.py:743} INFO - Processing file /home/dmk/anaconda3/lib/python3.9/site-packages/airflow/example_dags/subdags/subdag.py for tasks to queue
[2022-12-31T20:58:16.286+0700] {logging_mixin.py:137} INFO - [2022-12-31T20:58:16.286+0700] {dagbag.py:538} INFO - Filling up the DagBag from /home/dmk/anaconda3/lib/python3.9/site-packages/airflow/example_dags/subdags/subdag.py
[2022-12-31T20:58:16.291+0700] {processor.py:755} WARNING - No viable dags retrieved from /home/dmk/anaconda3/lib/python3.9/site-packages/airflow/example_dags/subdags/subdag.py
[2022-12-31T20:58:16.303+0700] {processor.py:175} INFO - Processing /home/dmk/anaconda3/lib/python3.9/site-packages/airflow/example_dags/subdags/subdag.py took 0.025 seconds
[2022-12-31T20:59:07.141+0700] {processor.py:153} INFO - Started process (PID=13103) to work on /home/dmk/anaconda3/lib/python3.9/site-packages/airflow/example_dags/subdags/subdag.py
[2022-12-31T20:59:07.143+0700] {processor.py:743} INFO - Processing file /home/dmk/anaconda3/lib/python3.9/site-packages/airflow/example_dags/subdags/subdag.py for tasks to queue
[2022-12-31T20:59:07.144+0700] {logging_mixin.py:137} INFO - [2022-12-31T20:59:07.144+0700] {dagbag.py:538} INFO - Filling up the DagBag from /home/dmk/anaconda3/lib/python3.9/site-packages/airflow/example_dags/subdags/subdag.py
[2022-12-31T20:59:07.147+0700] {processor.py:755} WARNING - No viable dags retrieved from /home/dmk/anaconda3/lib/python3.9/site-packages/airflow/example_dags/subdags/subdag.py
[2022-12-31T20:59:07.156+0700] {processor.py:175} INFO - Processing /home/dmk/anaconda3/lib/python3.9/site-packages/airflow/example_dags/subdags/subdag.py took 0.018 seconds
[2022-12-31T20:59:52.876+0700] {processor.py:153} INFO - Started process (PID=14314) to work on /home/dmk/anaconda3/lib/python3.9/site-packages/airflow/example_dags/subdags/subdag.py
[2022-12-31T20:59:52.882+0700] {processor.py:743} INFO - Processing file /home/dmk/anaconda3/lib/python3.9/site-packages/airflow/example_dags/subdags/subdag.py for tasks to queue
[2022-12-31T20:59:52.884+0700] {logging_mixin.py:137} INFO - [2022-12-31T20:59:52.884+0700] {dagbag.py:538} INFO - Filling up the DagBag from /home/dmk/anaconda3/lib/python3.9/site-packages/airflow/example_dags/subdags/subdag.py
[2022-12-31T20:59:52.896+0700] {processor.py:755} WARNING - No viable dags retrieved from /home/dmk/anaconda3/lib/python3.9/site-packages/airflow/example_dags/subdags/subdag.py
[2022-12-31T20:59:52.912+0700] {processor.py:175} INFO - Processing /home/dmk/anaconda3/lib/python3.9/site-packages/airflow/example_dags/subdags/subdag.py took 0.045 seconds
[2022-12-31T21:00:51.535+0700] {processor.py:153} INFO - Started process (PID=15521) to work on /home/dmk/anaconda3/lib/python3.9/site-packages/airflow/example_dags/subdags/subdag.py
[2022-12-31T21:00:51.539+0700] {processor.py:743} INFO - Processing file /home/dmk/anaconda3/lib/python3.9/site-packages/airflow/example_dags/subdags/subdag.py for tasks to queue
[2022-12-31T21:00:51.540+0700] {logging_mixin.py:137} INFO - [2022-12-31T21:00:51.540+0700] {dagbag.py:538} INFO - Filling up the DagBag from /home/dmk/anaconda3/lib/python3.9/site-packages/airflow/example_dags/subdags/subdag.py
[2022-12-31T21:00:51.543+0700] {processor.py:755} WARNING - No viable dags retrieved from /home/dmk/anaconda3/lib/python3.9/site-packages/airflow/example_dags/subdags/subdag.py
[2022-12-31T21:00:51.552+0700] {processor.py:175} INFO - Processing /home/dmk/anaconda3/lib/python3.9/site-packages/airflow/example_dags/subdags/subdag.py took 0.020 seconds
[2022-12-31T21:01:42.454+0700] {processor.py:153} INFO - Started process (PID=16228) to work on /home/dmk/anaconda3/lib/python3.9/site-packages/airflow/example_dags/subdags/subdag.py
[2022-12-31T21:01:42.457+0700] {processor.py:743} INFO - Processing file /home/dmk/anaconda3/lib/python3.9/site-packages/airflow/example_dags/subdags/subdag.py for tasks to queue
[2022-12-31T21:01:42.459+0700] {logging_mixin.py:137} INFO - [2022-12-31T21:01:42.459+0700] {dagbag.py:538} INFO - Filling up the DagBag from /home/dmk/anaconda3/lib/python3.9/site-packages/airflow/example_dags/subdags/subdag.py
[2022-12-31T21:01:42.468+0700] {processor.py:755} WARNING - No viable dags retrieved from /home/dmk/anaconda3/lib/python3.9/site-packages/airflow/example_dags/subdags/subdag.py
[2022-12-31T21:01:42.479+0700] {processor.py:175} INFO - Processing /home/dmk/anaconda3/lib/python3.9/site-packages/airflow/example_dags/subdags/subdag.py took 0.034 seconds
[2022-12-31T21:02:18.869+0700] {processor.py:153} INFO - Started process (PID=16305) to work on /home/dmk/anaconda3/lib/python3.9/site-packages/airflow/example_dags/subdags/subdag.py
[2022-12-31T21:02:18.873+0700] {processor.py:743} INFO - Processing file /home/dmk/anaconda3/lib/python3.9/site-packages/airflow/example_dags/subdags/subdag.py for tasks to queue
[2022-12-31T21:02:18.876+0700] {logging_mixin.py:137} INFO - [2022-12-31T21:02:18.875+0700] {dagbag.py:538} INFO - Filling up the DagBag from /home/dmk/anaconda3/lib/python3.9/site-packages/airflow/example_dags/subdags/subdag.py
[2022-12-31T21:02:18.889+0700] {processor.py:755} WARNING - No viable dags retrieved from /home/dmk/anaconda3/lib/python3.9/site-packages/airflow/example_dags/subdags/subdag.py
[2022-12-31T21:02:18.910+0700] {processor.py:175} INFO - Processing /home/dmk/anaconda3/lib/python3.9/site-packages/airflow/example_dags/subdags/subdag.py took 0.050 seconds
[2022-12-31T21:02:55.420+0700] {processor.py:153} INFO - Started process (PID=16564) to work on /home/dmk/anaconda3/lib/python3.9/site-packages/airflow/example_dags/subdags/subdag.py
[2022-12-31T21:02:55.424+0700] {processor.py:743} INFO - Processing file /home/dmk/anaconda3/lib/python3.9/site-packages/airflow/example_dags/subdags/subdag.py for tasks to queue
[2022-12-31T21:02:55.425+0700] {logging_mixin.py:137} INFO - [2022-12-31T21:02:55.424+0700] {dagbag.py:538} INFO - Filling up the DagBag from /home/dmk/anaconda3/lib/python3.9/site-packages/airflow/example_dags/subdags/subdag.py
[2022-12-31T21:02:55.429+0700] {processor.py:755} WARNING - No viable dags retrieved from /home/dmk/anaconda3/lib/python3.9/site-packages/airflow/example_dags/subdags/subdag.py
[2022-12-31T21:02:55.437+0700] {processor.py:175} INFO - Processing /home/dmk/anaconda3/lib/python3.9/site-packages/airflow/example_dags/subdags/subdag.py took 0.020 seconds
[2022-12-31T21:03:30.817+0700] {processor.py:153} INFO - Started process (PID=16848) to work on /home/dmk/anaconda3/lib/python3.9/site-packages/airflow/example_dags/subdags/subdag.py
[2022-12-31T21:03:30.819+0700] {processor.py:743} INFO - Processing file /home/dmk/anaconda3/lib/python3.9/site-packages/airflow/example_dags/subdags/subdag.py for tasks to queue
[2022-12-31T21:03:30.821+0700] {logging_mixin.py:137} INFO - [2022-12-31T21:03:30.820+0700] {dagbag.py:538} INFO - Filling up the DagBag from /home/dmk/anaconda3/lib/python3.9/site-packages/airflow/example_dags/subdags/subdag.py
[2022-12-31T21:03:30.830+0700] {processor.py:755} WARNING - No viable dags retrieved from /home/dmk/anaconda3/lib/python3.9/site-packages/airflow/example_dags/subdags/subdag.py
[2022-12-31T21:03:30.838+0700] {processor.py:175} INFO - Processing /home/dmk/anaconda3/lib/python3.9/site-packages/airflow/example_dags/subdags/subdag.py took 0.027 seconds
[2022-12-31T21:04:23.014+0700] {processor.py:153} INFO - Started process (PID=17356) to work on /home/dmk/anaconda3/lib/python3.9/site-packages/airflow/example_dags/subdags/subdag.py
[2022-12-31T21:04:23.016+0700] {processor.py:743} INFO - Processing file /home/dmk/anaconda3/lib/python3.9/site-packages/airflow/example_dags/subdags/subdag.py for tasks to queue
[2022-12-31T21:04:23.018+0700] {logging_mixin.py:137} INFO - [2022-12-31T21:04:23.018+0700] {dagbag.py:538} INFO - Filling up the DagBag from /home/dmk/anaconda3/lib/python3.9/site-packages/airflow/example_dags/subdags/subdag.py
[2022-12-31T21:04:23.027+0700] {processor.py:755} WARNING - No viable dags retrieved from /home/dmk/anaconda3/lib/python3.9/site-packages/airflow/example_dags/subdags/subdag.py
[2022-12-31T21:04:23.044+0700] {processor.py:175} INFO - Processing /home/dmk/anaconda3/lib/python3.9/site-packages/airflow/example_dags/subdags/subdag.py took 0.033 seconds
[2022-12-31T21:05:13.938+0700] {processor.py:153} INFO - Started process (PID=17862) to work on /home/dmk/anaconda3/lib/python3.9/site-packages/airflow/example_dags/subdags/subdag.py
[2022-12-31T21:05:13.942+0700] {processor.py:743} INFO - Processing file /home/dmk/anaconda3/lib/python3.9/site-packages/airflow/example_dags/subdags/subdag.py for tasks to queue
[2022-12-31T21:05:13.942+0700] {logging_mixin.py:137} INFO - [2022-12-31T21:05:13.942+0700] {dagbag.py:538} INFO - Filling up the DagBag from /home/dmk/anaconda3/lib/python3.9/site-packages/airflow/example_dags/subdags/subdag.py
[2022-12-31T21:05:13.945+0700] {processor.py:755} WARNING - No viable dags retrieved from /home/dmk/anaconda3/lib/python3.9/site-packages/airflow/example_dags/subdags/subdag.py
[2022-12-31T21:05:13.953+0700] {processor.py:175} INFO - Processing /home/dmk/anaconda3/lib/python3.9/site-packages/airflow/example_dags/subdags/subdag.py took 0.017 seconds
[2022-12-31T21:06:04.496+0700] {processor.py:153} INFO - Started process (PID=18397) to work on /home/dmk/anaconda3/lib/python3.9/site-packages/airflow/example_dags/subdags/subdag.py
[2022-12-31T21:06:04.497+0700] {processor.py:743} INFO - Processing file /home/dmk/anaconda3/lib/python3.9/site-packages/airflow/example_dags/subdags/subdag.py for tasks to queue
[2022-12-31T21:06:04.498+0700] {logging_mixin.py:137} INFO - [2022-12-31T21:06:04.498+0700] {dagbag.py:538} INFO - Filling up the DagBag from /home/dmk/anaconda3/lib/python3.9/site-packages/airflow/example_dags/subdags/subdag.py
[2022-12-31T21:06:04.502+0700] {processor.py:755} WARNING - No viable dags retrieved from /home/dmk/anaconda3/lib/python3.9/site-packages/airflow/example_dags/subdags/subdag.py
[2022-12-31T21:06:04.510+0700] {processor.py:175} INFO - Processing /home/dmk/anaconda3/lib/python3.9/site-packages/airflow/example_dags/subdags/subdag.py took 0.017 seconds
[2022-12-31T21:07:04.838+0700] {processor.py:153} INFO - Started process (PID=18558) to work on /home/dmk/anaconda3/lib/python3.9/site-packages/airflow/example_dags/subdags/subdag.py
[2022-12-31T21:07:04.842+0700] {processor.py:743} INFO - Processing file /home/dmk/anaconda3/lib/python3.9/site-packages/airflow/example_dags/subdags/subdag.py for tasks to queue
[2022-12-31T21:07:04.842+0700] {logging_mixin.py:137} INFO - [2022-12-31T21:07:04.842+0700] {dagbag.py:538} INFO - Filling up the DagBag from /home/dmk/anaconda3/lib/python3.9/site-packages/airflow/example_dags/subdags/subdag.py
[2022-12-31T21:07:04.845+0700] {processor.py:755} WARNING - No viable dags retrieved from /home/dmk/anaconda3/lib/python3.9/site-packages/airflow/example_dags/subdags/subdag.py
[2022-12-31T21:07:04.854+0700] {processor.py:175} INFO - Processing /home/dmk/anaconda3/lib/python3.9/site-packages/airflow/example_dags/subdags/subdag.py took 0.019 seconds
[2022-12-31T21:07:50.009+0700] {processor.py:153} INFO - Started process (PID=18739) to work on /home/dmk/anaconda3/lib/python3.9/site-packages/airflow/example_dags/subdags/subdag.py
[2022-12-31T21:07:50.015+0700] {processor.py:743} INFO - Processing file /home/dmk/anaconda3/lib/python3.9/site-packages/airflow/example_dags/subdags/subdag.py for tasks to queue
[2022-12-31T21:07:50.017+0700] {logging_mixin.py:137} INFO - [2022-12-31T21:07:50.016+0700] {dagbag.py:538} INFO - Filling up the DagBag from /home/dmk/anaconda3/lib/python3.9/site-packages/airflow/example_dags/subdags/subdag.py
[2022-12-31T21:07:50.026+0700] {processor.py:755} WARNING - No viable dags retrieved from /home/dmk/anaconda3/lib/python3.9/site-packages/airflow/example_dags/subdags/subdag.py
[2022-12-31T21:07:50.047+0700] {processor.py:175} INFO - Processing /home/dmk/anaconda3/lib/python3.9/site-packages/airflow/example_dags/subdags/subdag.py took 0.052 seconds
[2022-12-31T21:08:38.784+0700] {processor.py:153} INFO - Started process (PID=18999) to work on /home/dmk/anaconda3/lib/python3.9/site-packages/airflow/example_dags/subdags/subdag.py
[2022-12-31T21:08:38.790+0700] {processor.py:743} INFO - Processing file /home/dmk/anaconda3/lib/python3.9/site-packages/airflow/example_dags/subdags/subdag.py for tasks to queue
[2022-12-31T21:08:38.792+0700] {logging_mixin.py:137} INFO - [2022-12-31T21:08:38.791+0700] {dagbag.py:538} INFO - Filling up the DagBag from /home/dmk/anaconda3/lib/python3.9/site-packages/airflow/example_dags/subdags/subdag.py
[2022-12-31T21:08:38.801+0700] {processor.py:755} WARNING - No viable dags retrieved from /home/dmk/anaconda3/lib/python3.9/site-packages/airflow/example_dags/subdags/subdag.py
[2022-12-31T21:08:38.815+0700] {processor.py:175} INFO - Processing /home/dmk/anaconda3/lib/python3.9/site-packages/airflow/example_dags/subdags/subdag.py took 0.038 seconds
[2022-12-31T21:09:28.564+0700] {processor.py:153} INFO - Started process (PID=19734) to work on /home/dmk/anaconda3/lib/python3.9/site-packages/airflow/example_dags/subdags/subdag.py
[2022-12-31T21:09:28.569+0700] {processor.py:743} INFO - Processing file /home/dmk/anaconda3/lib/python3.9/site-packages/airflow/example_dags/subdags/subdag.py for tasks to queue
[2022-12-31T21:09:28.571+0700] {logging_mixin.py:137} INFO - [2022-12-31T21:09:28.571+0700] {dagbag.py:538} INFO - Filling up the DagBag from /home/dmk/anaconda3/lib/python3.9/site-packages/airflow/example_dags/subdags/subdag.py
[2022-12-31T21:09:28.585+0700] {processor.py:755} WARNING - No viable dags retrieved from /home/dmk/anaconda3/lib/python3.9/site-packages/airflow/example_dags/subdags/subdag.py
[2022-12-31T21:09:28.605+0700] {processor.py:175} INFO - Processing /home/dmk/anaconda3/lib/python3.9/site-packages/airflow/example_dags/subdags/subdag.py took 0.046 seconds
[2022-12-31T21:10:10.349+0700] {processor.py:153} INFO - Started process (PID=19877) to work on /home/dmk/anaconda3/lib/python3.9/site-packages/airflow/example_dags/subdags/subdag.py
[2022-12-31T21:10:10.354+0700] {processor.py:743} INFO - Processing file /home/dmk/anaconda3/lib/python3.9/site-packages/airflow/example_dags/subdags/subdag.py for tasks to queue
[2022-12-31T21:10:10.355+0700] {logging_mixin.py:137} INFO - [2022-12-31T21:10:10.355+0700] {dagbag.py:538} INFO - Filling up the DagBag from /home/dmk/anaconda3/lib/python3.9/site-packages/airflow/example_dags/subdags/subdag.py
[2022-12-31T21:10:10.362+0700] {processor.py:755} WARNING - No viable dags retrieved from /home/dmk/anaconda3/lib/python3.9/site-packages/airflow/example_dags/subdags/subdag.py
[2022-12-31T21:10:10.375+0700] {processor.py:175} INFO - Processing /home/dmk/anaconda3/lib/python3.9/site-packages/airflow/example_dags/subdags/subdag.py took 0.032 seconds
[2022-12-31T21:10:59.844+0700] {processor.py:153} INFO - Started process (PID=20152) to work on /home/dmk/anaconda3/lib/python3.9/site-packages/airflow/example_dags/subdags/subdag.py
[2022-12-31T21:10:59.850+0700] {processor.py:743} INFO - Processing file /home/dmk/anaconda3/lib/python3.9/site-packages/airflow/example_dags/subdags/subdag.py for tasks to queue
[2022-12-31T21:10:59.851+0700] {logging_mixin.py:137} INFO - [2022-12-31T21:10:59.851+0700] {dagbag.py:538} INFO - Filling up the DagBag from /home/dmk/anaconda3/lib/python3.9/site-packages/airflow/example_dags/subdags/subdag.py
[2022-12-31T21:10:59.859+0700] {processor.py:755} WARNING - No viable dags retrieved from /home/dmk/anaconda3/lib/python3.9/site-packages/airflow/example_dags/subdags/subdag.py
[2022-12-31T21:10:59.870+0700] {processor.py:175} INFO - Processing /home/dmk/anaconda3/lib/python3.9/site-packages/airflow/example_dags/subdags/subdag.py took 0.033 seconds
[2022-12-31T21:11:51.180+0700] {processor.py:153} INFO - Started process (PID=20312) to work on /home/dmk/anaconda3/lib/python3.9/site-packages/airflow/example_dags/subdags/subdag.py
[2022-12-31T21:11:51.183+0700] {processor.py:743} INFO - Processing file /home/dmk/anaconda3/lib/python3.9/site-packages/airflow/example_dags/subdags/subdag.py for tasks to queue
[2022-12-31T21:11:51.184+0700] {logging_mixin.py:137} INFO - [2022-12-31T21:11:51.184+0700] {dagbag.py:538} INFO - Filling up the DagBag from /home/dmk/anaconda3/lib/python3.9/site-packages/airflow/example_dags/subdags/subdag.py
[2022-12-31T21:11:51.193+0700] {processor.py:755} WARNING - No viable dags retrieved from /home/dmk/anaconda3/lib/python3.9/site-packages/airflow/example_dags/subdags/subdag.py
[2022-12-31T21:11:51.208+0700] {processor.py:175} INFO - Processing /home/dmk/anaconda3/lib/python3.9/site-packages/airflow/example_dags/subdags/subdag.py took 0.030 seconds
[2022-12-31T21:12:48.756+0700] {processor.py:153} INFO - Started process (PID=20474) to work on /home/dmk/anaconda3/lib/python3.9/site-packages/airflow/example_dags/subdags/subdag.py
[2022-12-31T21:12:48.761+0700] {processor.py:743} INFO - Processing file /home/dmk/anaconda3/lib/python3.9/site-packages/airflow/example_dags/subdags/subdag.py for tasks to queue
[2022-12-31T21:12:48.763+0700] {logging_mixin.py:137} INFO - [2022-12-31T21:12:48.763+0700] {dagbag.py:538} INFO - Filling up the DagBag from /home/dmk/anaconda3/lib/python3.9/site-packages/airflow/example_dags/subdags/subdag.py
[2022-12-31T21:12:48.772+0700] {processor.py:755} WARNING - No viable dags retrieved from /home/dmk/anaconda3/lib/python3.9/site-packages/airflow/example_dags/subdags/subdag.py
[2022-12-31T21:12:48.784+0700] {processor.py:175} INFO - Processing /home/dmk/anaconda3/lib/python3.9/site-packages/airflow/example_dags/subdags/subdag.py took 0.036 seconds
[2022-12-31T21:13:24.134+0700] {processor.py:153} INFO - Started process (PID=20623) to work on /home/dmk/anaconda3/lib/python3.9/site-packages/airflow/example_dags/subdags/subdag.py
[2022-12-31T21:13:24.138+0700] {processor.py:743} INFO - Processing file /home/dmk/anaconda3/lib/python3.9/site-packages/airflow/example_dags/subdags/subdag.py for tasks to queue
[2022-12-31T21:13:24.139+0700] {logging_mixin.py:137} INFO - [2022-12-31T21:13:24.139+0700] {dagbag.py:538} INFO - Filling up the DagBag from /home/dmk/anaconda3/lib/python3.9/site-packages/airflow/example_dags/subdags/subdag.py
[2022-12-31T21:13:24.146+0700] {processor.py:755} WARNING - No viable dags retrieved from /home/dmk/anaconda3/lib/python3.9/site-packages/airflow/example_dags/subdags/subdag.py
[2022-12-31T21:13:24.156+0700] {processor.py:175} INFO - Processing /home/dmk/anaconda3/lib/python3.9/site-packages/airflow/example_dags/subdags/subdag.py took 0.029 seconds
[2022-12-31T21:14:14.310+0700] {processor.py:153} INFO - Started process (PID=21147) to work on /home/dmk/anaconda3/lib/python3.9/site-packages/airflow/example_dags/subdags/subdag.py
[2022-12-31T21:14:14.311+0700] {processor.py:743} INFO - Processing file /home/dmk/anaconda3/lib/python3.9/site-packages/airflow/example_dags/subdags/subdag.py for tasks to queue
[2022-12-31T21:14:14.312+0700] {logging_mixin.py:137} INFO - [2022-12-31T21:14:14.311+0700] {dagbag.py:538} INFO - Filling up the DagBag from /home/dmk/anaconda3/lib/python3.9/site-packages/airflow/example_dags/subdags/subdag.py
[2022-12-31T21:14:14.315+0700] {processor.py:755} WARNING - No viable dags retrieved from /home/dmk/anaconda3/lib/python3.9/site-packages/airflow/example_dags/subdags/subdag.py
[2022-12-31T21:14:14.324+0700] {processor.py:175} INFO - Processing /home/dmk/anaconda3/lib/python3.9/site-packages/airflow/example_dags/subdags/subdag.py took 0.017 seconds
[2022-12-31T21:15:16.462+0700] {processor.py:153} INFO - Started process (PID=22082) to work on /home/dmk/anaconda3/lib/python3.9/site-packages/airflow/example_dags/subdags/subdag.py
[2022-12-31T21:15:16.467+0700] {processor.py:743} INFO - Processing file /home/dmk/anaconda3/lib/python3.9/site-packages/airflow/example_dags/subdags/subdag.py for tasks to queue
[2022-12-31T21:15:16.469+0700] {logging_mixin.py:137} INFO - [2022-12-31T21:15:16.469+0700] {dagbag.py:538} INFO - Filling up the DagBag from /home/dmk/anaconda3/lib/python3.9/site-packages/airflow/example_dags/subdags/subdag.py
[2022-12-31T21:15:16.478+0700] {processor.py:755} WARNING - No viable dags retrieved from /home/dmk/anaconda3/lib/python3.9/site-packages/airflow/example_dags/subdags/subdag.py
[2022-12-31T21:15:16.491+0700] {processor.py:175} INFO - Processing /home/dmk/anaconda3/lib/python3.9/site-packages/airflow/example_dags/subdags/subdag.py took 0.036 seconds
[2022-12-31T21:16:00.783+0700] {processor.py:153} INFO - Started process (PID=22522) to work on /home/dmk/anaconda3/lib/python3.9/site-packages/airflow/example_dags/subdags/subdag.py
[2022-12-31T21:16:00.785+0700] {processor.py:743} INFO - Processing file /home/dmk/anaconda3/lib/python3.9/site-packages/airflow/example_dags/subdags/subdag.py for tasks to queue
[2022-12-31T21:16:00.786+0700] {logging_mixin.py:137} INFO - [2022-12-31T21:16:00.785+0700] {dagbag.py:538} INFO - Filling up the DagBag from /home/dmk/anaconda3/lib/python3.9/site-packages/airflow/example_dags/subdags/subdag.py
[2022-12-31T21:16:00.789+0700] {processor.py:755} WARNING - No viable dags retrieved from /home/dmk/anaconda3/lib/python3.9/site-packages/airflow/example_dags/subdags/subdag.py
[2022-12-31T21:16:00.796+0700] {processor.py:175} INFO - Processing /home/dmk/anaconda3/lib/python3.9/site-packages/airflow/example_dags/subdags/subdag.py took 0.016 seconds
[2022-12-31T21:16:45.744+0700] {processor.py:153} INFO - Started process (PID=23241) to work on /home/dmk/anaconda3/lib/python3.9/site-packages/airflow/example_dags/subdags/subdag.py
[2022-12-31T21:16:45.748+0700] {processor.py:743} INFO - Processing file /home/dmk/anaconda3/lib/python3.9/site-packages/airflow/example_dags/subdags/subdag.py for tasks to queue
[2022-12-31T21:16:45.749+0700] {logging_mixin.py:137} INFO - [2022-12-31T21:16:45.749+0700] {dagbag.py:538} INFO - Filling up the DagBag from /home/dmk/anaconda3/lib/python3.9/site-packages/airflow/example_dags/subdags/subdag.py
[2022-12-31T21:16:45.752+0700] {processor.py:755} WARNING - No viable dags retrieved from /home/dmk/anaconda3/lib/python3.9/site-packages/airflow/example_dags/subdags/subdag.py
[2022-12-31T21:16:45.760+0700] {processor.py:175} INFO - Processing /home/dmk/anaconda3/lib/python3.9/site-packages/airflow/example_dags/subdags/subdag.py took 0.019 seconds
[2022-12-31T21:17:34.238+0700] {processor.py:153} INFO - Started process (PID=23617) to work on /home/dmk/anaconda3/lib/python3.9/site-packages/airflow/example_dags/subdags/subdag.py
[2022-12-31T21:17:34.242+0700] {processor.py:743} INFO - Processing file /home/dmk/anaconda3/lib/python3.9/site-packages/airflow/example_dags/subdags/subdag.py for tasks to queue
[2022-12-31T21:17:34.243+0700] {logging_mixin.py:137} INFO - [2022-12-31T21:17:34.242+0700] {dagbag.py:538} INFO - Filling up the DagBag from /home/dmk/anaconda3/lib/python3.9/site-packages/airflow/example_dags/subdags/subdag.py
[2022-12-31T21:17:34.246+0700] {processor.py:755} WARNING - No viable dags retrieved from /home/dmk/anaconda3/lib/python3.9/site-packages/airflow/example_dags/subdags/subdag.py
[2022-12-31T21:17:34.256+0700] {processor.py:175} INFO - Processing /home/dmk/anaconda3/lib/python3.9/site-packages/airflow/example_dags/subdags/subdag.py took 0.020 seconds
[2022-12-31T21:18:16.971+0700] {processor.py:153} INFO - Started process (PID=23700) to work on /home/dmk/anaconda3/lib/python3.9/site-packages/airflow/example_dags/subdags/subdag.py
[2022-12-31T21:18:16.976+0700] {processor.py:743} INFO - Processing file /home/dmk/anaconda3/lib/python3.9/site-packages/airflow/example_dags/subdags/subdag.py for tasks to queue
[2022-12-31T21:18:16.978+0700] {logging_mixin.py:137} INFO - [2022-12-31T21:18:16.978+0700] {dagbag.py:538} INFO - Filling up the DagBag from /home/dmk/anaconda3/lib/python3.9/site-packages/airflow/example_dags/subdags/subdag.py
[2022-12-31T21:18:16.987+0700] {processor.py:755} WARNING - No viable dags retrieved from /home/dmk/anaconda3/lib/python3.9/site-packages/airflow/example_dags/subdags/subdag.py
[2022-12-31T21:18:17.000+0700] {processor.py:175} INFO - Processing /home/dmk/anaconda3/lib/python3.9/site-packages/airflow/example_dags/subdags/subdag.py took 0.035 seconds
[2022-12-31T21:18:55.489+0700] {processor.py:153} INFO - Started process (PID=23970) to work on /home/dmk/anaconda3/lib/python3.9/site-packages/airflow/example_dags/subdags/subdag.py
[2022-12-31T21:18:55.495+0700] {processor.py:743} INFO - Processing file /home/dmk/anaconda3/lib/python3.9/site-packages/airflow/example_dags/subdags/subdag.py for tasks to queue
[2022-12-31T21:18:55.499+0700] {logging_mixin.py:137} INFO - [2022-12-31T21:18:55.498+0700] {dagbag.py:538} INFO - Filling up the DagBag from /home/dmk/anaconda3/lib/python3.9/site-packages/airflow/example_dags/subdags/subdag.py
[2022-12-31T21:18:55.525+0700] {processor.py:755} WARNING - No viable dags retrieved from /home/dmk/anaconda3/lib/python3.9/site-packages/airflow/example_dags/subdags/subdag.py
[2022-12-31T21:18:55.552+0700] {processor.py:175} INFO - Processing /home/dmk/anaconda3/lib/python3.9/site-packages/airflow/example_dags/subdags/subdag.py took 0.074 seconds
[2022-12-31T21:19:45.933+0700] {processor.py:153} INFO - Started process (PID=24210) to work on /home/dmk/anaconda3/lib/python3.9/site-packages/airflow/example_dags/subdags/subdag.py
[2022-12-31T21:19:45.938+0700] {processor.py:743} INFO - Processing file /home/dmk/anaconda3/lib/python3.9/site-packages/airflow/example_dags/subdags/subdag.py for tasks to queue
[2022-12-31T21:19:45.939+0700] {logging_mixin.py:137} INFO - [2022-12-31T21:19:45.938+0700] {dagbag.py:538} INFO - Filling up the DagBag from /home/dmk/anaconda3/lib/python3.9/site-packages/airflow/example_dags/subdags/subdag.py
[2022-12-31T21:19:45.945+0700] {processor.py:755} WARNING - No viable dags retrieved from /home/dmk/anaconda3/lib/python3.9/site-packages/airflow/example_dags/subdags/subdag.py
[2022-12-31T21:19:45.966+0700] {processor.py:175} INFO - Processing /home/dmk/anaconda3/lib/python3.9/site-packages/airflow/example_dags/subdags/subdag.py took 0.039 seconds
[2022-12-31T21:20:28.461+0700] {processor.py:153} INFO - Started process (PID=24442) to work on /home/dmk/anaconda3/lib/python3.9/site-packages/airflow/example_dags/subdags/subdag.py
[2022-12-31T21:20:28.467+0700] {processor.py:743} INFO - Processing file /home/dmk/anaconda3/lib/python3.9/site-packages/airflow/example_dags/subdags/subdag.py for tasks to queue
[2022-12-31T21:20:28.469+0700] {logging_mixin.py:137} INFO - [2022-12-31T21:20:28.469+0700] {dagbag.py:538} INFO - Filling up the DagBag from /home/dmk/anaconda3/lib/python3.9/site-packages/airflow/example_dags/subdags/subdag.py
[2022-12-31T21:20:28.479+0700] {processor.py:755} WARNING - No viable dags retrieved from /home/dmk/anaconda3/lib/python3.9/site-packages/airflow/example_dags/subdags/subdag.py
[2022-12-31T21:20:28.505+0700] {processor.py:175} INFO - Processing /home/dmk/anaconda3/lib/python3.9/site-packages/airflow/example_dags/subdags/subdag.py took 0.051 seconds
[2022-12-31T21:22:18.924+0700] {processor.py:153} INFO - Started process (PID=25164) to work on /home/dmk/anaconda3/lib/python3.9/site-packages/airflow/example_dags/subdags/subdag.py
[2022-12-31T21:22:18.928+0700] {processor.py:743} INFO - Processing file /home/dmk/anaconda3/lib/python3.9/site-packages/airflow/example_dags/subdags/subdag.py for tasks to queue
[2022-12-31T21:22:18.930+0700] {logging_mixin.py:137} INFO - [2022-12-31T21:22:18.929+0700] {dagbag.py:538} INFO - Filling up the DagBag from /home/dmk/anaconda3/lib/python3.9/site-packages/airflow/example_dags/subdags/subdag.py
[2022-12-31T21:22:18.943+0700] {processor.py:755} WARNING - No viable dags retrieved from /home/dmk/anaconda3/lib/python3.9/site-packages/airflow/example_dags/subdags/subdag.py
[2022-12-31T21:22:18.958+0700] {processor.py:175} INFO - Processing /home/dmk/anaconda3/lib/python3.9/site-packages/airflow/example_dags/subdags/subdag.py took 0.037 seconds
[2022-12-31T21:23:07.966+0700] {processor.py:153} INFO - Started process (PID=25373) to work on /home/dmk/anaconda3/lib/python3.9/site-packages/airflow/example_dags/subdags/subdag.py
[2022-12-31T21:23:07.973+0700] {processor.py:743} INFO - Processing file /home/dmk/anaconda3/lib/python3.9/site-packages/airflow/example_dags/subdags/subdag.py for tasks to queue
[2022-12-31T21:23:07.975+0700] {logging_mixin.py:137} INFO - [2022-12-31T21:23:07.974+0700] {dagbag.py:538} INFO - Filling up the DagBag from /home/dmk/anaconda3/lib/python3.9/site-packages/airflow/example_dags/subdags/subdag.py
[2022-12-31T21:23:07.981+0700] {processor.py:755} WARNING - No viable dags retrieved from /home/dmk/anaconda3/lib/python3.9/site-packages/airflow/example_dags/subdags/subdag.py
[2022-12-31T21:23:07.996+0700] {processor.py:175} INFO - Processing /home/dmk/anaconda3/lib/python3.9/site-packages/airflow/example_dags/subdags/subdag.py took 0.040 seconds
[2022-12-31T21:23:51.490+0700] {processor.py:153} INFO - Started process (PID=25465) to work on /home/dmk/anaconda3/lib/python3.9/site-packages/airflow/example_dags/subdags/subdag.py
[2022-12-31T21:23:51.492+0700] {processor.py:743} INFO - Processing file /home/dmk/anaconda3/lib/python3.9/site-packages/airflow/example_dags/subdags/subdag.py for tasks to queue
[2022-12-31T21:23:51.493+0700] {logging_mixin.py:137} INFO - [2022-12-31T21:23:51.493+0700] {dagbag.py:538} INFO - Filling up the DagBag from /home/dmk/anaconda3/lib/python3.9/site-packages/airflow/example_dags/subdags/subdag.py
[2022-12-31T21:23:51.500+0700] {processor.py:755} WARNING - No viable dags retrieved from /home/dmk/anaconda3/lib/python3.9/site-packages/airflow/example_dags/subdags/subdag.py
[2022-12-31T21:23:51.511+0700] {processor.py:175} INFO - Processing /home/dmk/anaconda3/lib/python3.9/site-packages/airflow/example_dags/subdags/subdag.py took 0.028 seconds
[2022-12-31T21:24:52.388+0700] {processor.py:153} INFO - Started process (PID=25704) to work on /home/dmk/anaconda3/lib/python3.9/site-packages/airflow/example_dags/subdags/subdag.py
[2022-12-31T21:24:52.393+0700] {processor.py:743} INFO - Processing file /home/dmk/anaconda3/lib/python3.9/site-packages/airflow/example_dags/subdags/subdag.py for tasks to queue
[2022-12-31T21:24:52.395+0700] {logging_mixin.py:137} INFO - [2022-12-31T21:24:52.394+0700] {dagbag.py:538} INFO - Filling up the DagBag from /home/dmk/anaconda3/lib/python3.9/site-packages/airflow/example_dags/subdags/subdag.py
[2022-12-31T21:24:52.404+0700] {processor.py:755} WARNING - No viable dags retrieved from /home/dmk/anaconda3/lib/python3.9/site-packages/airflow/example_dags/subdags/subdag.py
[2022-12-31T21:24:52.417+0700] {processor.py:175} INFO - Processing /home/dmk/anaconda3/lib/python3.9/site-packages/airflow/example_dags/subdags/subdag.py took 0.037 seconds
[2022-12-31T21:25:32.190+0700] {processor.py:153} INFO - Started process (PID=25847) to work on /home/dmk/anaconda3/lib/python3.9/site-packages/airflow/example_dags/subdags/subdag.py
[2022-12-31T21:25:32.193+0700] {processor.py:743} INFO - Processing file /home/dmk/anaconda3/lib/python3.9/site-packages/airflow/example_dags/subdags/subdag.py for tasks to queue
[2022-12-31T21:25:32.195+0700] {logging_mixin.py:137} INFO - [2022-12-31T21:25:32.195+0700] {dagbag.py:538} INFO - Filling up the DagBag from /home/dmk/anaconda3/lib/python3.9/site-packages/airflow/example_dags/subdags/subdag.py
[2022-12-31T21:25:32.211+0700] {processor.py:755} WARNING - No viable dags retrieved from /home/dmk/anaconda3/lib/python3.9/site-packages/airflow/example_dags/subdags/subdag.py
[2022-12-31T21:25:32.250+0700] {processor.py:175} INFO - Processing /home/dmk/anaconda3/lib/python3.9/site-packages/airflow/example_dags/subdags/subdag.py took 0.071 seconds
[2022-12-31T21:26:17.272+0700] {processor.py:153} INFO - Started process (PID=25934) to work on /home/dmk/anaconda3/lib/python3.9/site-packages/airflow/example_dags/subdags/subdag.py
[2022-12-31T21:26:17.276+0700] {processor.py:743} INFO - Processing file /home/dmk/anaconda3/lib/python3.9/site-packages/airflow/example_dags/subdags/subdag.py for tasks to queue
[2022-12-31T21:26:17.280+0700] {logging_mixin.py:137} INFO - [2022-12-31T21:26:17.279+0700] {dagbag.py:538} INFO - Filling up the DagBag from /home/dmk/anaconda3/lib/python3.9/site-packages/airflow/example_dags/subdags/subdag.py
[2022-12-31T21:26:17.295+0700] {processor.py:755} WARNING - No viable dags retrieved from /home/dmk/anaconda3/lib/python3.9/site-packages/airflow/example_dags/subdags/subdag.py
[2022-12-31T21:26:17.319+0700] {processor.py:175} INFO - Processing /home/dmk/anaconda3/lib/python3.9/site-packages/airflow/example_dags/subdags/subdag.py took 0.059 seconds
[2022-12-31T21:27:20.290+0700] {processor.py:153} INFO - Started process (PID=26046) to work on /home/dmk/anaconda3/lib/python3.9/site-packages/airflow/example_dags/subdags/subdag.py
[2022-12-31T21:27:20.292+0700] {processor.py:743} INFO - Processing file /home/dmk/anaconda3/lib/python3.9/site-packages/airflow/example_dags/subdags/subdag.py for tasks to queue
[2022-12-31T21:27:20.294+0700] {logging_mixin.py:137} INFO - [2022-12-31T21:27:20.293+0700] {dagbag.py:538} INFO - Filling up the DagBag from /home/dmk/anaconda3/lib/python3.9/site-packages/airflow/example_dags/subdags/subdag.py
[2022-12-31T21:27:20.300+0700] {processor.py:755} WARNING - No viable dags retrieved from /home/dmk/anaconda3/lib/python3.9/site-packages/airflow/example_dags/subdags/subdag.py
[2022-12-31T21:27:20.311+0700] {processor.py:175} INFO - Processing /home/dmk/anaconda3/lib/python3.9/site-packages/airflow/example_dags/subdags/subdag.py took 0.027 seconds
[2022-12-31T21:28:12.034+0700] {processor.py:153} INFO - Started process (PID=26141) to work on /home/dmk/anaconda3/lib/python3.9/site-packages/airflow/example_dags/subdags/subdag.py
[2022-12-31T21:28:12.039+0700] {processor.py:743} INFO - Processing file /home/dmk/anaconda3/lib/python3.9/site-packages/airflow/example_dags/subdags/subdag.py for tasks to queue
[2022-12-31T21:28:12.041+0700] {logging_mixin.py:137} INFO - [2022-12-31T21:28:12.040+0700] {dagbag.py:538} INFO - Filling up the DagBag from /home/dmk/anaconda3/lib/python3.9/site-packages/airflow/example_dags/subdags/subdag.py
[2022-12-31T21:28:12.054+0700] {processor.py:755} WARNING - No viable dags retrieved from /home/dmk/anaconda3/lib/python3.9/site-packages/airflow/example_dags/subdags/subdag.py
[2022-12-31T21:28:12.078+0700] {processor.py:175} INFO - Processing /home/dmk/anaconda3/lib/python3.9/site-packages/airflow/example_dags/subdags/subdag.py took 0.052 seconds
[2022-12-31T21:28:53.919+0700] {processor.py:153} INFO - Started process (PID=26236) to work on /home/dmk/anaconda3/lib/python3.9/site-packages/airflow/example_dags/subdags/subdag.py
[2022-12-31T21:28:53.924+0700] {processor.py:743} INFO - Processing file /home/dmk/anaconda3/lib/python3.9/site-packages/airflow/example_dags/subdags/subdag.py for tasks to queue
[2022-12-31T21:28:53.926+0700] {logging_mixin.py:137} INFO - [2022-12-31T21:28:53.926+0700] {dagbag.py:538} INFO - Filling up the DagBag from /home/dmk/anaconda3/lib/python3.9/site-packages/airflow/example_dags/subdags/subdag.py
[2022-12-31T21:28:53.942+0700] {processor.py:755} WARNING - No viable dags retrieved from /home/dmk/anaconda3/lib/python3.9/site-packages/airflow/example_dags/subdags/subdag.py
[2022-12-31T21:28:53.972+0700] {processor.py:175} INFO - Processing /home/dmk/anaconda3/lib/python3.9/site-packages/airflow/example_dags/subdags/subdag.py took 0.064 seconds
[2022-12-31T21:29:36.094+0700] {processor.py:153} INFO - Started process (PID=26313) to work on /home/dmk/anaconda3/lib/python3.9/site-packages/airflow/example_dags/subdags/subdag.py
[2022-12-31T21:29:36.096+0700] {processor.py:743} INFO - Processing file /home/dmk/anaconda3/lib/python3.9/site-packages/airflow/example_dags/subdags/subdag.py for tasks to queue
[2022-12-31T21:29:36.097+0700] {logging_mixin.py:137} INFO - [2022-12-31T21:29:36.097+0700] {dagbag.py:538} INFO - Filling up the DagBag from /home/dmk/anaconda3/lib/python3.9/site-packages/airflow/example_dags/subdags/subdag.py
[2022-12-31T21:29:36.108+0700] {processor.py:755} WARNING - No viable dags retrieved from /home/dmk/anaconda3/lib/python3.9/site-packages/airflow/example_dags/subdags/subdag.py
[2022-12-31T21:29:36.132+0700] {processor.py:175} INFO - Processing /home/dmk/anaconda3/lib/python3.9/site-packages/airflow/example_dags/subdags/subdag.py took 0.044 seconds
[2022-12-31T21:30:34.367+0700] {processor.py:153} INFO - Started process (PID=26468) to work on /home/dmk/anaconda3/lib/python3.9/site-packages/airflow/example_dags/subdags/subdag.py
[2022-12-31T21:30:34.372+0700] {processor.py:743} INFO - Processing file /home/dmk/anaconda3/lib/python3.9/site-packages/airflow/example_dags/subdags/subdag.py for tasks to queue
[2022-12-31T21:30:34.373+0700] {logging_mixin.py:137} INFO - [2022-12-31T21:30:34.373+0700] {dagbag.py:538} INFO - Filling up the DagBag from /home/dmk/anaconda3/lib/python3.9/site-packages/airflow/example_dags/subdags/subdag.py
[2022-12-31T21:30:34.377+0700] {processor.py:755} WARNING - No viable dags retrieved from /home/dmk/anaconda3/lib/python3.9/site-packages/airflow/example_dags/subdags/subdag.py
[2022-12-31T21:30:34.386+0700] {processor.py:175} INFO - Processing /home/dmk/anaconda3/lib/python3.9/site-packages/airflow/example_dags/subdags/subdag.py took 0.022 seconds
[2022-12-31T21:31:29.753+0700] {processor.py:153} INFO - Started process (PID=26568) to work on /home/dmk/anaconda3/lib/python3.9/site-packages/airflow/example_dags/subdags/subdag.py
[2022-12-31T21:31:29.760+0700] {processor.py:743} INFO - Processing file /home/dmk/anaconda3/lib/python3.9/site-packages/airflow/example_dags/subdags/subdag.py for tasks to queue
[2022-12-31T21:31:29.762+0700] {logging_mixin.py:137} INFO - [2022-12-31T21:31:29.761+0700] {dagbag.py:538} INFO - Filling up the DagBag from /home/dmk/anaconda3/lib/python3.9/site-packages/airflow/example_dags/subdags/subdag.py
[2022-12-31T21:31:29.777+0700] {processor.py:755} WARNING - No viable dags retrieved from /home/dmk/anaconda3/lib/python3.9/site-packages/airflow/example_dags/subdags/subdag.py
[2022-12-31T21:31:29.796+0700] {processor.py:175} INFO - Processing /home/dmk/anaconda3/lib/python3.9/site-packages/airflow/example_dags/subdags/subdag.py took 0.056 seconds
[2022-12-31T21:32:13.499+0700] {processor.py:153} INFO - Started process (PID=26647) to work on /home/dmk/anaconda3/lib/python3.9/site-packages/airflow/example_dags/subdags/subdag.py
[2022-12-31T21:32:13.506+0700] {processor.py:743} INFO - Processing file /home/dmk/anaconda3/lib/python3.9/site-packages/airflow/example_dags/subdags/subdag.py for tasks to queue
[2022-12-31T21:32:13.509+0700] {logging_mixin.py:137} INFO - [2022-12-31T21:32:13.508+0700] {dagbag.py:538} INFO - Filling up the DagBag from /home/dmk/anaconda3/lib/python3.9/site-packages/airflow/example_dags/subdags/subdag.py
[2022-12-31T21:32:13.527+0700] {processor.py:755} WARNING - No viable dags retrieved from /home/dmk/anaconda3/lib/python3.9/site-packages/airflow/example_dags/subdags/subdag.py
[2022-12-31T21:32:13.556+0700] {processor.py:175} INFO - Processing /home/dmk/anaconda3/lib/python3.9/site-packages/airflow/example_dags/subdags/subdag.py took 0.068 seconds
[2022-12-31T21:32:58.360+0700] {processor.py:153} INFO - Started process (PID=26732) to work on /home/dmk/anaconda3/lib/python3.9/site-packages/airflow/example_dags/subdags/subdag.py
[2022-12-31T21:32:58.364+0700] {processor.py:743} INFO - Processing file /home/dmk/anaconda3/lib/python3.9/site-packages/airflow/example_dags/subdags/subdag.py for tasks to queue
[2022-12-31T21:32:58.365+0700] {logging_mixin.py:137} INFO - [2022-12-31T21:32:58.365+0700] {dagbag.py:538} INFO - Filling up the DagBag from /home/dmk/anaconda3/lib/python3.9/site-packages/airflow/example_dags/subdags/subdag.py
[2022-12-31T21:32:58.370+0700] {processor.py:755} WARNING - No viable dags retrieved from /home/dmk/anaconda3/lib/python3.9/site-packages/airflow/example_dags/subdags/subdag.py
[2022-12-31T21:32:58.382+0700] {processor.py:175} INFO - Processing /home/dmk/anaconda3/lib/python3.9/site-packages/airflow/example_dags/subdags/subdag.py took 0.029 seconds
[2022-12-31T21:33:58.523+0700] {processor.py:153} INFO - Started process (PID=26851) to work on /home/dmk/anaconda3/lib/python3.9/site-packages/airflow/example_dags/subdags/subdag.py
[2022-12-31T21:33:58.527+0700] {processor.py:743} INFO - Processing file /home/dmk/anaconda3/lib/python3.9/site-packages/airflow/example_dags/subdags/subdag.py for tasks to queue
[2022-12-31T21:33:58.529+0700] {logging_mixin.py:137} INFO - [2022-12-31T21:33:58.528+0700] {dagbag.py:538} INFO - Filling up the DagBag from /home/dmk/anaconda3/lib/python3.9/site-packages/airflow/example_dags/subdags/subdag.py
[2022-12-31T21:33:58.532+0700] {processor.py:755} WARNING - No viable dags retrieved from /home/dmk/anaconda3/lib/python3.9/site-packages/airflow/example_dags/subdags/subdag.py
[2022-12-31T21:33:58.543+0700] {processor.py:175} INFO - Processing /home/dmk/anaconda3/lib/python3.9/site-packages/airflow/example_dags/subdags/subdag.py took 0.024 seconds
[2022-12-31T21:34:27.461+0700] {processor.py:153} INFO - Started process (PID=27494) to work on /home/dmk/anaconda3/lib/python3.9/site-packages/airflow/example_dags/subdags/subdag.py
[2022-12-31T21:34:27.463+0700] {processor.py:743} INFO - Processing file /home/dmk/anaconda3/lib/python3.9/site-packages/airflow/example_dags/subdags/subdag.py for tasks to queue
[2022-12-31T21:34:27.466+0700] {logging_mixin.py:137} INFO - [2022-12-31T21:34:27.466+0700] {dagbag.py:538} INFO - Filling up the DagBag from /home/dmk/anaconda3/lib/python3.9/site-packages/airflow/example_dags/subdags/subdag.py
[2022-12-31T21:34:27.486+0700] {processor.py:755} WARNING - No viable dags retrieved from /home/dmk/anaconda3/lib/python3.9/site-packages/airflow/example_dags/subdags/subdag.py
[2022-12-31T21:34:27.509+0700] {processor.py:175} INFO - Processing /home/dmk/anaconda3/lib/python3.9/site-packages/airflow/example_dags/subdags/subdag.py took 0.057 seconds
[2022-12-31T21:35:16.544+0700] {processor.py:153} INFO - Started process (PID=27789) to work on /home/dmk/anaconda3/lib/python3.9/site-packages/airflow/example_dags/subdags/subdag.py
[2022-12-31T21:35:16.546+0700] {processor.py:743} INFO - Processing file /home/dmk/anaconda3/lib/python3.9/site-packages/airflow/example_dags/subdags/subdag.py for tasks to queue
[2022-12-31T21:35:16.547+0700] {logging_mixin.py:137} INFO - [2022-12-31T21:35:16.547+0700] {dagbag.py:538} INFO - Filling up the DagBag from /home/dmk/anaconda3/lib/python3.9/site-packages/airflow/example_dags/subdags/subdag.py
[2022-12-31T21:35:16.549+0700] {processor.py:755} WARNING - No viable dags retrieved from /home/dmk/anaconda3/lib/python3.9/site-packages/airflow/example_dags/subdags/subdag.py
[2022-12-31T21:35:16.558+0700] {processor.py:175} INFO - Processing /home/dmk/anaconda3/lib/python3.9/site-packages/airflow/example_dags/subdags/subdag.py took 0.017 seconds
[2022-12-31T21:35:56.706+0700] {processor.py:153} INFO - Started process (PID=27935) to work on /home/dmk/anaconda3/lib/python3.9/site-packages/airflow/example_dags/subdags/subdag.py
[2022-12-31T21:35:56.710+0700] {processor.py:743} INFO - Processing file /home/dmk/anaconda3/lib/python3.9/site-packages/airflow/example_dags/subdags/subdag.py for tasks to queue
[2022-12-31T21:35:56.711+0700] {logging_mixin.py:137} INFO - [2022-12-31T21:35:56.711+0700] {dagbag.py:538} INFO - Filling up the DagBag from /home/dmk/anaconda3/lib/python3.9/site-packages/airflow/example_dags/subdags/subdag.py
[2022-12-31T21:35:56.715+0700] {processor.py:755} WARNING - No viable dags retrieved from /home/dmk/anaconda3/lib/python3.9/site-packages/airflow/example_dags/subdags/subdag.py
[2022-12-31T21:35:56.725+0700] {processor.py:175} INFO - Processing /home/dmk/anaconda3/lib/python3.9/site-packages/airflow/example_dags/subdags/subdag.py took 0.021 seconds
[2022-12-31T21:37:58.611+0700] {processor.py:153} INFO - Started process (PID=28682) to work on /home/dmk/anaconda3/lib/python3.9/site-packages/airflow/example_dags/subdags/subdag.py
[2022-12-31T21:37:58.615+0700] {processor.py:743} INFO - Processing file /home/dmk/anaconda3/lib/python3.9/site-packages/airflow/example_dags/subdags/subdag.py for tasks to queue
[2022-12-31T21:37:58.616+0700] {logging_mixin.py:137} INFO - [2022-12-31T21:37:58.616+0700] {dagbag.py:538} INFO - Filling up the DagBag from /home/dmk/anaconda3/lib/python3.9/site-packages/airflow/example_dags/subdags/subdag.py
[2022-12-31T21:37:58.624+0700] {processor.py:755} WARNING - No viable dags retrieved from /home/dmk/anaconda3/lib/python3.9/site-packages/airflow/example_dags/subdags/subdag.py
[2022-12-31T21:37:58.639+0700] {processor.py:175} INFO - Processing /home/dmk/anaconda3/lib/python3.9/site-packages/airflow/example_dags/subdags/subdag.py took 0.035 seconds
[2022-12-31T21:38:51.675+0700] {processor.py:153} INFO - Started process (PID=29013) to work on /home/dmk/anaconda3/lib/python3.9/site-packages/airflow/example_dags/subdags/subdag.py
[2022-12-31T21:38:51.678+0700] {processor.py:743} INFO - Processing file /home/dmk/anaconda3/lib/python3.9/site-packages/airflow/example_dags/subdags/subdag.py for tasks to queue
[2022-12-31T21:38:51.678+0700] {logging_mixin.py:137} INFO - [2022-12-31T21:38:51.678+0700] {dagbag.py:538} INFO - Filling up the DagBag from /home/dmk/anaconda3/lib/python3.9/site-packages/airflow/example_dags/subdags/subdag.py
[2022-12-31T21:38:51.682+0700] {processor.py:755} WARNING - No viable dags retrieved from /home/dmk/anaconda3/lib/python3.9/site-packages/airflow/example_dags/subdags/subdag.py
[2022-12-31T21:38:51.690+0700] {processor.py:175} INFO - Processing /home/dmk/anaconda3/lib/python3.9/site-packages/airflow/example_dags/subdags/subdag.py took 0.017 seconds
[2022-12-31T21:39:38.479+0700] {processor.py:153} INFO - Started process (PID=29145) to work on /home/dmk/anaconda3/lib/python3.9/site-packages/airflow/example_dags/subdags/subdag.py
[2022-12-31T21:39:38.484+0700] {processor.py:743} INFO - Processing file /home/dmk/anaconda3/lib/python3.9/site-packages/airflow/example_dags/subdags/subdag.py for tasks to queue
[2022-12-31T21:39:38.486+0700] {logging_mixin.py:137} INFO - [2022-12-31T21:39:38.485+0700] {dagbag.py:538} INFO - Filling up the DagBag from /home/dmk/anaconda3/lib/python3.9/site-packages/airflow/example_dags/subdags/subdag.py
[2022-12-31T21:39:38.493+0700] {processor.py:755} WARNING - No viable dags retrieved from /home/dmk/anaconda3/lib/python3.9/site-packages/airflow/example_dags/subdags/subdag.py
[2022-12-31T21:39:38.504+0700] {processor.py:175} INFO - Processing /home/dmk/anaconda3/lib/python3.9/site-packages/airflow/example_dags/subdags/subdag.py took 0.033 seconds
[2022-12-31T21:40:26.959+0700] {processor.py:153} INFO - Started process (PID=29364) to work on /home/dmk/anaconda3/lib/python3.9/site-packages/airflow/example_dags/subdags/subdag.py
[2022-12-31T21:40:26.963+0700] {processor.py:743} INFO - Processing file /home/dmk/anaconda3/lib/python3.9/site-packages/airflow/example_dags/subdags/subdag.py for tasks to queue
[2022-12-31T21:40:26.964+0700] {logging_mixin.py:137} INFO - [2022-12-31T21:40:26.964+0700] {dagbag.py:538} INFO - Filling up the DagBag from /home/dmk/anaconda3/lib/python3.9/site-packages/airflow/example_dags/subdags/subdag.py
[2022-12-31T21:40:26.971+0700] {processor.py:755} WARNING - No viable dags retrieved from /home/dmk/anaconda3/lib/python3.9/site-packages/airflow/example_dags/subdags/subdag.py
[2022-12-31T21:40:26.984+0700] {processor.py:175} INFO - Processing /home/dmk/anaconda3/lib/python3.9/site-packages/airflow/example_dags/subdags/subdag.py took 0.028 seconds
[2022-12-31T21:41:11.608+0700] {processor.py:153} INFO - Started process (PID=29519) to work on /home/dmk/anaconda3/lib/python3.9/site-packages/airflow/example_dags/subdags/subdag.py
[2022-12-31T21:41:11.611+0700] {processor.py:743} INFO - Processing file /home/dmk/anaconda3/lib/python3.9/site-packages/airflow/example_dags/subdags/subdag.py for tasks to queue
[2022-12-31T21:41:11.611+0700] {logging_mixin.py:137} INFO - [2022-12-31T21:41:11.611+0700] {dagbag.py:538} INFO - Filling up the DagBag from /home/dmk/anaconda3/lib/python3.9/site-packages/airflow/example_dags/subdags/subdag.py
[2022-12-31T21:41:11.614+0700] {processor.py:755} WARNING - No viable dags retrieved from /home/dmk/anaconda3/lib/python3.9/site-packages/airflow/example_dags/subdags/subdag.py
[2022-12-31T21:41:11.622+0700] {processor.py:175} INFO - Processing /home/dmk/anaconda3/lib/python3.9/site-packages/airflow/example_dags/subdags/subdag.py took 0.016 seconds
[2022-12-31T21:41:59.388+0700] {processor.py:153} INFO - Started process (PID=29722) to work on /home/dmk/anaconda3/lib/python3.9/site-packages/airflow/example_dags/subdags/subdag.py
[2022-12-31T21:41:59.394+0700] {processor.py:743} INFO - Processing file /home/dmk/anaconda3/lib/python3.9/site-packages/airflow/example_dags/subdags/subdag.py for tasks to queue
[2022-12-31T21:41:59.396+0700] {logging_mixin.py:137} INFO - [2022-12-31T21:41:59.396+0700] {dagbag.py:538} INFO - Filling up the DagBag from /home/dmk/anaconda3/lib/python3.9/site-packages/airflow/example_dags/subdags/subdag.py
[2022-12-31T21:41:59.418+0700] {processor.py:755} WARNING - No viable dags retrieved from /home/dmk/anaconda3/lib/python3.9/site-packages/airflow/example_dags/subdags/subdag.py
[2022-12-31T21:41:59.442+0700] {processor.py:175} INFO - Processing /home/dmk/anaconda3/lib/python3.9/site-packages/airflow/example_dags/subdags/subdag.py took 0.064 seconds
[2022-12-31T21:42:48.246+0700] {processor.py:153} INFO - Started process (PID=29880) to work on /home/dmk/anaconda3/lib/python3.9/site-packages/airflow/example_dags/subdags/subdag.py
[2022-12-31T21:42:48.251+0700] {processor.py:743} INFO - Processing file /home/dmk/anaconda3/lib/python3.9/site-packages/airflow/example_dags/subdags/subdag.py for tasks to queue
[2022-12-31T21:42:48.253+0700] {logging_mixin.py:137} INFO - [2022-12-31T21:42:48.253+0700] {dagbag.py:538} INFO - Filling up the DagBag from /home/dmk/anaconda3/lib/python3.9/site-packages/airflow/example_dags/subdags/subdag.py
[2022-12-31T21:42:48.260+0700] {processor.py:755} WARNING - No viable dags retrieved from /home/dmk/anaconda3/lib/python3.9/site-packages/airflow/example_dags/subdags/subdag.py
[2022-12-31T21:42:48.273+0700] {processor.py:175} INFO - Processing /home/dmk/anaconda3/lib/python3.9/site-packages/airflow/example_dags/subdags/subdag.py took 0.036 seconds
[2022-12-31T21:43:26.410+0700] {processor.py:153} INFO - Started process (PID=30138) to work on /home/dmk/anaconda3/lib/python3.9/site-packages/airflow/example_dags/subdags/subdag.py
[2022-12-31T21:43:26.415+0700] {processor.py:743} INFO - Processing file /home/dmk/anaconda3/lib/python3.9/site-packages/airflow/example_dags/subdags/subdag.py for tasks to queue
[2022-12-31T21:43:26.417+0700] {logging_mixin.py:137} INFO - [2022-12-31T21:43:26.417+0700] {dagbag.py:538} INFO - Filling up the DagBag from /home/dmk/anaconda3/lib/python3.9/site-packages/airflow/example_dags/subdags/subdag.py
[2022-12-31T21:43:26.428+0700] {processor.py:755} WARNING - No viable dags retrieved from /home/dmk/anaconda3/lib/python3.9/site-packages/airflow/example_dags/subdags/subdag.py
[2022-12-31T21:43:26.447+0700] {processor.py:175} INFO - Processing /home/dmk/anaconda3/lib/python3.9/site-packages/airflow/example_dags/subdags/subdag.py took 0.046 seconds
[2022-12-31T22:20:44.489+0700] {processor.py:153} INFO - Started process (PID=46109) to work on /home/dmk/anaconda3/lib/python3.9/site-packages/airflow/example_dags/subdags/subdag.py
[2022-12-31T22:20:44.491+0700] {processor.py:743} INFO - Processing file /home/dmk/anaconda3/lib/python3.9/site-packages/airflow/example_dags/subdags/subdag.py for tasks to queue
[2022-12-31T22:20:44.492+0700] {logging_mixin.py:137} INFO - [2022-12-31T22:20:44.492+0700] {dagbag.py:538} INFO - Filling up the DagBag from /home/dmk/anaconda3/lib/python3.9/site-packages/airflow/example_dags/subdags/subdag.py
[2022-12-31T22:20:44.500+0700] {processor.py:755} WARNING - No viable dags retrieved from /home/dmk/anaconda3/lib/python3.9/site-packages/airflow/example_dags/subdags/subdag.py
[2022-12-31T22:20:44.514+0700] {processor.py:175} INFO - Processing /home/dmk/anaconda3/lib/python3.9/site-packages/airflow/example_dags/subdags/subdag.py took 0.029 seconds
[2022-12-31T22:22:20.219+0700] {processor.py:153} INFO - Started process (PID=47186) to work on /home/dmk/anaconda3/lib/python3.9/site-packages/airflow/example_dags/subdags/subdag.py
[2022-12-31T22:22:20.224+0700] {processor.py:743} INFO - Processing file /home/dmk/anaconda3/lib/python3.9/site-packages/airflow/example_dags/subdags/subdag.py for tasks to queue
[2022-12-31T22:22:20.226+0700] {logging_mixin.py:137} INFO - [2022-12-31T22:22:20.225+0700] {dagbag.py:538} INFO - Filling up the DagBag from /home/dmk/anaconda3/lib/python3.9/site-packages/airflow/example_dags/subdags/subdag.py
[2022-12-31T22:22:20.242+0700] {processor.py:755} WARNING - No viable dags retrieved from /home/dmk/anaconda3/lib/python3.9/site-packages/airflow/example_dags/subdags/subdag.py
[2022-12-31T22:22:20.253+0700] {processor.py:175} INFO - Processing /home/dmk/anaconda3/lib/python3.9/site-packages/airflow/example_dags/subdags/subdag.py took 0.042 seconds
[2022-12-31T22:22:58.529+0700] {processor.py:153} INFO - Started process (PID=47533) to work on /home/dmk/anaconda3/lib/python3.9/site-packages/airflow/example_dags/subdags/subdag.py
[2022-12-31T22:22:58.532+0700] {processor.py:743} INFO - Processing file /home/dmk/anaconda3/lib/python3.9/site-packages/airflow/example_dags/subdags/subdag.py for tasks to queue
[2022-12-31T22:22:58.533+0700] {logging_mixin.py:137} INFO - [2022-12-31T22:22:58.533+0700] {dagbag.py:538} INFO - Filling up the DagBag from /home/dmk/anaconda3/lib/python3.9/site-packages/airflow/example_dags/subdags/subdag.py
[2022-12-31T22:22:58.540+0700] {processor.py:755} WARNING - No viable dags retrieved from /home/dmk/anaconda3/lib/python3.9/site-packages/airflow/example_dags/subdags/subdag.py
[2022-12-31T22:22:58.549+0700] {processor.py:175} INFO - Processing /home/dmk/anaconda3/lib/python3.9/site-packages/airflow/example_dags/subdags/subdag.py took 0.024 seconds
[2022-12-31T22:23:46.088+0700] {processor.py:153} INFO - Started process (PID=47866) to work on /home/dmk/anaconda3/lib/python3.9/site-packages/airflow/example_dags/subdags/subdag.py
[2022-12-31T22:23:46.091+0700] {processor.py:743} INFO - Processing file /home/dmk/anaconda3/lib/python3.9/site-packages/airflow/example_dags/subdags/subdag.py for tasks to queue
[2022-12-31T22:23:46.091+0700] {logging_mixin.py:137} INFO - [2022-12-31T22:23:46.091+0700] {dagbag.py:538} INFO - Filling up the DagBag from /home/dmk/anaconda3/lib/python3.9/site-packages/airflow/example_dags/subdags/subdag.py
[2022-12-31T22:23:46.096+0700] {processor.py:755} WARNING - No viable dags retrieved from /home/dmk/anaconda3/lib/python3.9/site-packages/airflow/example_dags/subdags/subdag.py
[2022-12-31T22:23:46.107+0700] {processor.py:175} INFO - Processing /home/dmk/anaconda3/lib/python3.9/site-packages/airflow/example_dags/subdags/subdag.py took 0.023 seconds
[2022-12-31T22:24:28.941+0700] {processor.py:153} INFO - Started process (PID=48289) to work on /home/dmk/anaconda3/lib/python3.9/site-packages/airflow/example_dags/subdags/subdag.py
[2022-12-31T22:24:28.944+0700] {processor.py:743} INFO - Processing file /home/dmk/anaconda3/lib/python3.9/site-packages/airflow/example_dags/subdags/subdag.py for tasks to queue
[2022-12-31T22:24:28.946+0700] {logging_mixin.py:137} INFO - [2022-12-31T22:24:28.946+0700] {dagbag.py:538} INFO - Filling up the DagBag from /home/dmk/anaconda3/lib/python3.9/site-packages/airflow/example_dags/subdags/subdag.py
[2022-12-31T22:24:28.956+0700] {processor.py:755} WARNING - No viable dags retrieved from /home/dmk/anaconda3/lib/python3.9/site-packages/airflow/example_dags/subdags/subdag.py
[2022-12-31T22:24:28.975+0700] {processor.py:175} INFO - Processing /home/dmk/anaconda3/lib/python3.9/site-packages/airflow/example_dags/subdags/subdag.py took 0.042 seconds
[2022-12-31T22:25:05.860+0700] {processor.py:153} INFO - Started process (PID=48760) to work on /home/dmk/anaconda3/envs/airflow/lib/python3.7/site-packages/airflow/example_dags/subdags/subdag.py
[2022-12-31T22:25:05.865+0700] {processor.py:743} INFO - Processing file /home/dmk/anaconda3/envs/airflow/lib/python3.7/site-packages/airflow/example_dags/subdags/subdag.py for tasks to queue
[2022-12-31T22:25:05.868+0700] {logging_mixin.py:137} INFO - [2022-12-31T22:25:05.867+0700] {dagbag.py:538} INFO - Filling up the DagBag from /home/dmk/anaconda3/envs/airflow/lib/python3.7/site-packages/airflow/example_dags/subdags/subdag.py
[2022-12-31T22:25:05.877+0700] {processor.py:755} WARNING - No viable dags retrieved from /home/dmk/anaconda3/envs/airflow/lib/python3.7/site-packages/airflow/example_dags/subdags/subdag.py
[2022-12-31T22:25:05.907+0700] {processor.py:175} INFO - Processing /home/dmk/anaconda3/envs/airflow/lib/python3.7/site-packages/airflow/example_dags/subdags/subdag.py took 0.055 seconds
[2022-12-31T22:25:57.208+0700] {processor.py:153} INFO - Started process (PID=49745) to work on /home/dmk/anaconda3/envs/airflow/lib/python3.7/site-packages/airflow/example_dags/subdags/subdag.py
[2022-12-31T22:25:57.210+0700] {processor.py:743} INFO - Processing file /home/dmk/anaconda3/envs/airflow/lib/python3.7/site-packages/airflow/example_dags/subdags/subdag.py for tasks to queue
[2022-12-31T22:25:57.212+0700] {logging_mixin.py:137} INFO - [2022-12-31T22:25:57.211+0700] {dagbag.py:538} INFO - Filling up the DagBag from /home/dmk/anaconda3/envs/airflow/lib/python3.7/site-packages/airflow/example_dags/subdags/subdag.py
[2022-12-31T22:25:57.220+0700] {processor.py:755} WARNING - No viable dags retrieved from /home/dmk/anaconda3/envs/airflow/lib/python3.7/site-packages/airflow/example_dags/subdags/subdag.py
[2022-12-31T22:25:57.239+0700] {processor.py:175} INFO - Processing /home/dmk/anaconda3/envs/airflow/lib/python3.7/site-packages/airflow/example_dags/subdags/subdag.py took 0.037 seconds
[2022-12-31T22:26:47.383+0700] {processor.py:153} INFO - Started process (PID=49932) to work on /home/dmk/anaconda3/envs/airflow/lib/python3.7/site-packages/airflow/example_dags/subdags/subdag.py
[2022-12-31T22:26:47.388+0700] {processor.py:743} INFO - Processing file /home/dmk/anaconda3/envs/airflow/lib/python3.7/site-packages/airflow/example_dags/subdags/subdag.py for tasks to queue
[2022-12-31T22:26:47.389+0700] {logging_mixin.py:137} INFO - [2022-12-31T22:26:47.389+0700] {dagbag.py:538} INFO - Filling up the DagBag from /home/dmk/anaconda3/envs/airflow/lib/python3.7/site-packages/airflow/example_dags/subdags/subdag.py
[2022-12-31T22:26:47.395+0700] {processor.py:755} WARNING - No viable dags retrieved from /home/dmk/anaconda3/envs/airflow/lib/python3.7/site-packages/airflow/example_dags/subdags/subdag.py
[2022-12-31T22:26:47.406+0700] {processor.py:175} INFO - Processing /home/dmk/anaconda3/envs/airflow/lib/python3.7/site-packages/airflow/example_dags/subdags/subdag.py took 0.028 seconds
[2022-12-31T22:27:35.507+0700] {processor.py:153} INFO - Started process (PID=50229) to work on /home/dmk/anaconda3/envs/airflow/lib/python3.7/site-packages/airflow/example_dags/subdags/subdag.py
[2022-12-31T22:27:35.511+0700] {processor.py:743} INFO - Processing file /home/dmk/anaconda3/envs/airflow/lib/python3.7/site-packages/airflow/example_dags/subdags/subdag.py for tasks to queue
[2022-12-31T22:27:35.512+0700] {logging_mixin.py:137} INFO - [2022-12-31T22:27:35.512+0700] {dagbag.py:538} INFO - Filling up the DagBag from /home/dmk/anaconda3/envs/airflow/lib/python3.7/site-packages/airflow/example_dags/subdags/subdag.py
[2022-12-31T22:27:35.516+0700] {processor.py:755} WARNING - No viable dags retrieved from /home/dmk/anaconda3/envs/airflow/lib/python3.7/site-packages/airflow/example_dags/subdags/subdag.py
[2022-12-31T22:27:35.525+0700] {processor.py:175} INFO - Processing /home/dmk/anaconda3/envs/airflow/lib/python3.7/site-packages/airflow/example_dags/subdags/subdag.py took 0.022 seconds
[2022-12-31T22:28:26.229+0700] {processor.py:153} INFO - Started process (PID=50594) to work on /home/dmk/anaconda3/envs/airflow/lib/python3.7/site-packages/airflow/example_dags/subdags/subdag.py
[2022-12-31T22:28:26.232+0700] {processor.py:743} INFO - Processing file /home/dmk/anaconda3/envs/airflow/lib/python3.7/site-packages/airflow/example_dags/subdags/subdag.py for tasks to queue
[2022-12-31T22:28:26.233+0700] {logging_mixin.py:137} INFO - [2022-12-31T22:28:26.233+0700] {dagbag.py:538} INFO - Filling up the DagBag from /home/dmk/anaconda3/envs/airflow/lib/python3.7/site-packages/airflow/example_dags/subdags/subdag.py
[2022-12-31T22:28:26.236+0700] {processor.py:755} WARNING - No viable dags retrieved from /home/dmk/anaconda3/envs/airflow/lib/python3.7/site-packages/airflow/example_dags/subdags/subdag.py
[2022-12-31T22:28:26.246+0700] {processor.py:175} INFO - Processing /home/dmk/anaconda3/envs/airflow/lib/python3.7/site-packages/airflow/example_dags/subdags/subdag.py took 0.023 seconds
[2022-12-31T22:29:14.043+0700] {processor.py:153} INFO - Started process (PID=50697) to work on /home/dmk/anaconda3/envs/airflow/lib/python3.7/site-packages/airflow/example_dags/subdags/subdag.py
[2022-12-31T22:29:14.048+0700] {processor.py:743} INFO - Processing file /home/dmk/anaconda3/envs/airflow/lib/python3.7/site-packages/airflow/example_dags/subdags/subdag.py for tasks to queue
[2022-12-31T22:29:14.050+0700] {logging_mixin.py:137} INFO - [2022-12-31T22:29:14.049+0700] {dagbag.py:538} INFO - Filling up the DagBag from /home/dmk/anaconda3/envs/airflow/lib/python3.7/site-packages/airflow/example_dags/subdags/subdag.py
[2022-12-31T22:29:14.058+0700] {processor.py:755} WARNING - No viable dags retrieved from /home/dmk/anaconda3/envs/airflow/lib/python3.7/site-packages/airflow/example_dags/subdags/subdag.py
[2022-12-31T22:29:14.085+0700] {processor.py:175} INFO - Processing /home/dmk/anaconda3/envs/airflow/lib/python3.7/site-packages/airflow/example_dags/subdags/subdag.py took 0.050 seconds
[2022-12-31T22:30:00.360+0700] {processor.py:153} INFO - Started process (PID=51286) to work on /home/dmk/anaconda3/envs/airflow/lib/python3.7/site-packages/airflow/example_dags/subdags/subdag.py
[2022-12-31T22:30:00.364+0700] {processor.py:743} INFO - Processing file /home/dmk/anaconda3/envs/airflow/lib/python3.7/site-packages/airflow/example_dags/subdags/subdag.py for tasks to queue
[2022-12-31T22:30:00.365+0700] {logging_mixin.py:137} INFO - [2022-12-31T22:30:00.365+0700] {dagbag.py:538} INFO - Filling up the DagBag from /home/dmk/anaconda3/envs/airflow/lib/python3.7/site-packages/airflow/example_dags/subdags/subdag.py
[2022-12-31T22:30:00.368+0700] {processor.py:755} WARNING - No viable dags retrieved from /home/dmk/anaconda3/envs/airflow/lib/python3.7/site-packages/airflow/example_dags/subdags/subdag.py
[2022-12-31T22:30:00.376+0700] {processor.py:175} INFO - Processing /home/dmk/anaconda3/envs/airflow/lib/python3.7/site-packages/airflow/example_dags/subdags/subdag.py took 0.018 seconds
[2022-12-31T22:30:49.323+0700] {processor.py:153} INFO - Started process (PID=51602) to work on /home/dmk/anaconda3/envs/airflow/lib/python3.7/site-packages/airflow/example_dags/subdags/subdag.py
[2022-12-31T22:30:49.327+0700] {processor.py:743} INFO - Processing file /home/dmk/anaconda3/envs/airflow/lib/python3.7/site-packages/airflow/example_dags/subdags/subdag.py for tasks to queue
[2022-12-31T22:30:49.328+0700] {logging_mixin.py:137} INFO - [2022-12-31T22:30:49.328+0700] {dagbag.py:538} INFO - Filling up the DagBag from /home/dmk/anaconda3/envs/airflow/lib/python3.7/site-packages/airflow/example_dags/subdags/subdag.py
[2022-12-31T22:30:49.331+0700] {processor.py:755} WARNING - No viable dags retrieved from /home/dmk/anaconda3/envs/airflow/lib/python3.7/site-packages/airflow/example_dags/subdags/subdag.py
[2022-12-31T22:30:49.341+0700] {processor.py:175} INFO - Processing /home/dmk/anaconda3/envs/airflow/lib/python3.7/site-packages/airflow/example_dags/subdags/subdag.py took 0.024 seconds
[2022-12-31T22:31:37.085+0700] {processor.py:153} INFO - Started process (PID=51791) to work on /home/dmk/anaconda3/envs/airflow/lib/python3.7/site-packages/airflow/example_dags/subdags/subdag.py
[2022-12-31T22:31:37.090+0700] {processor.py:743} INFO - Processing file /home/dmk/anaconda3/envs/airflow/lib/python3.7/site-packages/airflow/example_dags/subdags/subdag.py for tasks to queue
[2022-12-31T22:31:37.091+0700] {logging_mixin.py:137} INFO - [2022-12-31T22:31:37.091+0700] {dagbag.py:538} INFO - Filling up the DagBag from /home/dmk/anaconda3/envs/airflow/lib/python3.7/site-packages/airflow/example_dags/subdags/subdag.py
[2022-12-31T22:31:37.097+0700] {processor.py:755} WARNING - No viable dags retrieved from /home/dmk/anaconda3/envs/airflow/lib/python3.7/site-packages/airflow/example_dags/subdags/subdag.py
[2022-12-31T22:31:37.110+0700] {processor.py:175} INFO - Processing /home/dmk/anaconda3/envs/airflow/lib/python3.7/site-packages/airflow/example_dags/subdags/subdag.py took 0.034 seconds
[2022-12-31T22:32:25.491+0700] {processor.py:153} INFO - Started process (PID=51870) to work on /home/dmk/anaconda3/envs/airflow/lib/python3.7/site-packages/airflow/example_dags/subdags/subdag.py
[2022-12-31T22:32:25.495+0700] {processor.py:743} INFO - Processing file /home/dmk/anaconda3/envs/airflow/lib/python3.7/site-packages/airflow/example_dags/subdags/subdag.py for tasks to queue
[2022-12-31T22:32:25.497+0700] {logging_mixin.py:137} INFO - [2022-12-31T22:32:25.496+0700] {dagbag.py:538} INFO - Filling up the DagBag from /home/dmk/anaconda3/envs/airflow/lib/python3.7/site-packages/airflow/example_dags/subdags/subdag.py
[2022-12-31T22:32:25.502+0700] {processor.py:755} WARNING - No viable dags retrieved from /home/dmk/anaconda3/envs/airflow/lib/python3.7/site-packages/airflow/example_dags/subdags/subdag.py
[2022-12-31T22:32:25.517+0700] {processor.py:175} INFO - Processing /home/dmk/anaconda3/envs/airflow/lib/python3.7/site-packages/airflow/example_dags/subdags/subdag.py took 0.031 seconds
