[2022-12-31T20:46:59.077+0700] {taskinstance.py:1087} INFO - Dependencies all met for <TaskInstance: tutorial.templated manual__2022-12-31T13:17:26.763177+00:00 [queued]>
[2022-12-31T20:46:59.085+0700] {taskinstance.py:1087} INFO - Dependencies all met for <TaskInstance: tutorial.templated manual__2022-12-31T13:17:26.763177+00:00 [queued]>
[2022-12-31T20:46:59.085+0700] {taskinstance.py:1283} INFO - 
--------------------------------------------------------------------------------
[2022-12-31T20:46:59.085+0700] {taskinstance.py:1284} INFO - Starting attempt 1 of 2
[2022-12-31T20:46:59.085+0700] {taskinstance.py:1285} INFO - 
--------------------------------------------------------------------------------
[2022-12-31T20:46:59.100+0700] {taskinstance.py:1304} INFO - Executing <Task(BashOperator): templated> on 2022-12-31 13:17:26.763177+00:00
[2022-12-31T20:46:59.103+0700] {standard_task_runner.py:55} INFO - Started process 7071 to run task
[2022-12-31T20:46:59.105+0700] {standard_task_runner.py:82} INFO - Running: ['airflow', 'tasks', 'run', 'tutorial', 'templated', 'manual__2022-12-31T13:17:26.763177+00:00', '--job-id', '33', '--raw', '--subdir', 'DAGS_FOLDER/tutorial.py', '--cfg-path', '/tmp/tmpb1vmt8yf']
[2022-12-31T20:46:59.106+0700] {standard_task_runner.py:83} INFO - Job 33: Subtask templated
[2022-12-31T20:46:59.149+0700] {task_command.py:389} INFO - Running <TaskInstance: tutorial.templated manual__2022-12-31T13:17:26.763177+00:00 [running]> on host daominhkhanh
[2022-12-31T20:46:59.210+0700] {taskinstance.py:1511} INFO - Exporting the following env vars:
AIRFLOW_CTX_DAG_EMAIL=airflow@example.com
AIRFLOW_CTX_DAG_OWNER=airflow
AIRFLOW_CTX_DAG_ID=tutorial
AIRFLOW_CTX_TASK_ID=templated
AIRFLOW_CTX_EXECUTION_DATE=2022-12-31T13:17:26.763177+00:00
AIRFLOW_CTX_TRY_NUMBER=1
AIRFLOW_CTX_DAG_RUN_ID=manual__2022-12-31T13:17:26.763177+00:00
[2022-12-31T20:46:59.211+0700] {subprocess.py:63} INFO - Tmp dir root location: 
 /tmp
[2022-12-31T20:46:59.212+0700] {subprocess.py:75} INFO - Running command: ['/usr/bin/bash', '-c', '\n\n    echo "2022-12-31"\n    echo "2023-01-07"\n    echo "Parameter I passed in"\n\n    echo "2022-12-31"\n    echo "2023-01-07"\n    echo "Parameter I passed in"\n\n    echo "2022-12-31"\n    echo "2023-01-07"\n    echo "Parameter I passed in"\n\n    echo "2022-12-31"\n    echo "2023-01-07"\n    echo "Parameter I passed in"\n\n    echo "2022-12-31"\n    echo "2023-01-07"\n    echo "Parameter I passed in"\n']
[2022-12-31T20:46:59.218+0700] {subprocess.py:86} INFO - Output:
[2022-12-31T20:46:59.219+0700] {subprocess.py:93} INFO - 2022-12-31
[2022-12-31T20:46:59.219+0700] {subprocess.py:93} INFO - 2023-01-07
[2022-12-31T20:46:59.219+0700] {subprocess.py:93} INFO - Parameter I passed in
[2022-12-31T20:46:59.219+0700] {subprocess.py:93} INFO - 2022-12-31
[2022-12-31T20:46:59.219+0700] {subprocess.py:93} INFO - 2023-01-07
[2022-12-31T20:46:59.220+0700] {subprocess.py:93} INFO - Parameter I passed in
[2022-12-31T20:46:59.220+0700] {subprocess.py:93} INFO - 2022-12-31
[2022-12-31T20:46:59.220+0700] {subprocess.py:93} INFO - 2023-01-07
[2022-12-31T20:46:59.220+0700] {subprocess.py:93} INFO - Parameter I passed in
[2022-12-31T20:46:59.220+0700] {subprocess.py:93} INFO - 2022-12-31
[2022-12-31T20:46:59.220+0700] {subprocess.py:93} INFO - 2023-01-07
[2022-12-31T20:46:59.220+0700] {subprocess.py:93} INFO - Parameter I passed in
[2022-12-31T20:46:59.220+0700] {subprocess.py:93} INFO - 2022-12-31
[2022-12-31T20:46:59.220+0700] {subprocess.py:93} INFO - 2023-01-07
[2022-12-31T20:46:59.220+0700] {subprocess.py:93} INFO - Parameter I passed in
[2022-12-31T20:46:59.220+0700] {subprocess.py:97} INFO - Command exited with return code 0
[2022-12-31T20:46:59.243+0700] {taskinstance.py:1322} INFO - Marking task as SUCCESS. dag_id=tutorial, task_id=templated, execution_date=20221231T131726, start_date=20221231T134659, end_date=20221231T134659
[2022-12-31T20:46:59.277+0700] {local_task_job.py:159} INFO - Task exited with return code 0
[2022-12-31T20:46:59.328+0700] {taskinstance.py:2582} INFO - 0 downstream tasks scheduled from follow-on schedule check
