[2022-12-31T20:36:08.866+0700] {taskinstance.py:1087} INFO - Dependencies all met for <TaskInstance: tutorial.print_date scheduled__2022-12-30T13:03:00.889962+00:00 [queued]>
[2022-12-31T20:36:08.872+0700] {taskinstance.py:1087} INFO - Dependencies all met for <TaskInstance: tutorial.print_date scheduled__2022-12-30T13:03:00.889962+00:00 [queued]>
[2022-12-31T20:36:08.872+0700] {taskinstance.py:1283} INFO - 
--------------------------------------------------------------------------------
[2022-12-31T20:36:08.872+0700] {taskinstance.py:1284} INFO - Starting attempt 1 of 2
[2022-12-31T20:36:08.872+0700] {taskinstance.py:1285} INFO - 
--------------------------------------------------------------------------------
[2022-12-31T20:36:08.884+0700] {taskinstance.py:1304} INFO - Executing <Task(BashOperator): print_date> on 2022-12-30 13:03:00.889962+00:00
[2022-12-31T20:36:08.887+0700] {standard_task_runner.py:55} INFO - Started process 155167 to run task
[2022-12-31T20:36:08.889+0700] {standard_task_runner.py:82} INFO - Running: ['airflow', 'tasks', 'run', 'tutorial', 'print_date', 'scheduled__2022-12-30T13:03:00.889962+00:00', '--job-id', '5', '--raw', '--subdir', 'DAGS_FOLDER/tutorial.py', '--cfg-path', '/tmp/tmpdrvhnll5']
[2022-12-31T20:36:08.890+0700] {standard_task_runner.py:83} INFO - Job 5: Subtask print_date
[2022-12-31T20:36:08.926+0700] {task_command.py:389} INFO - Running <TaskInstance: tutorial.print_date scheduled__2022-12-30T13:03:00.889962+00:00 [running]> on host daominhkhanh
[2022-12-31T20:36:08.965+0700] {taskinstance.py:1511} INFO - Exporting the following env vars:
AIRFLOW_CTX_DAG_EMAIL=airflow@example.com
AIRFLOW_CTX_DAG_OWNER=airflow
AIRFLOW_CTX_DAG_ID=tutorial
AIRFLOW_CTX_TASK_ID=print_date
AIRFLOW_CTX_EXECUTION_DATE=2022-12-30T13:03:00.889962+00:00
AIRFLOW_CTX_TRY_NUMBER=1
AIRFLOW_CTX_DAG_RUN_ID=scheduled__2022-12-30T13:03:00.889962+00:00
[2022-12-31T20:36:08.967+0700] {subprocess.py:63} INFO - Tmp dir root location: 
 /tmp
[2022-12-31T20:36:08.967+0700] {subprocess.py:75} INFO - Running command: ['/usr/bin/bash', '-c', 'date']
[2022-12-31T20:36:08.972+0700] {subprocess.py:86} INFO - Output:
[2022-12-31T20:36:08.974+0700] {subprocess.py:93} INFO - Thứ bảy, 31 Tháng 12 năm 2022 20:36:08 +07
[2022-12-31T20:36:08.974+0700] {subprocess.py:97} INFO - Command exited with return code 0
[2022-12-31T20:36:08.990+0700] {taskinstance.py:1322} INFO - Marking task as SUCCESS. dag_id=tutorial, task_id=print_date, execution_date=20221230T130300, start_date=20221231T133608, end_date=20221231T133608
[2022-12-31T20:36:09.021+0700] {local_task_job.py:159} INFO - Task exited with return code 0
[2022-12-31T20:36:09.035+0700] {taskinstance.py:2582} INFO - 2 downstream tasks scheduled from follow-on schedule check
