[2023-01-01T11:55:12.225+0700] {taskinstance.py:1087} INFO - Dependencies all met for <TaskInstance: run_daily.print_date scheduled__2022-12-30T00:12:00+00:00 [queued]>
[2023-01-01T11:55:12.235+0700] {taskinstance.py:1087} INFO - Dependencies all met for <TaskInstance: run_daily.print_date scheduled__2022-12-30T00:12:00+00:00 [queued]>
[2023-01-01T11:55:12.236+0700] {taskinstance.py:1283} INFO - 
--------------------------------------------------------------------------------
[2023-01-01T11:55:12.236+0700] {taskinstance.py:1284} INFO - Starting attempt 1 of 2
[2023-01-01T11:55:12.236+0700] {taskinstance.py:1285} INFO - 
--------------------------------------------------------------------------------
[2023-01-01T11:55:12.262+0700] {taskinstance.py:1304} INFO - Executing <Task(BashOperator): print_date> on 2022-12-30 00:12:00+00:00
[2023-01-01T11:55:12.266+0700] {standard_task_runner.py:55} INFO - Started process 95896 to run task
[2023-01-01T11:55:12.270+0700] {standard_task_runner.py:82} INFO - Running: ['airflow', 'tasks', 'run', 'run_daily', 'print_date', 'scheduled__2022-12-30T00:12:00+00:00', '--job-id', '22', '--raw', '--subdir', 'DAGS_FOLDER/run_daily.py', '--cfg-path', '/tmp/tmphe8_x9ro']
[2023-01-01T11:55:12.272+0700] {standard_task_runner.py:83} INFO - Job 22: Subtask print_date
[2023-01-01T11:55:12.398+0700] {task_command.py:389} INFO - Running <TaskInstance: run_daily.print_date scheduled__2022-12-30T00:12:00+00:00 [running]> on host daominhkhanh
[2023-01-01T11:55:12.533+0700] {taskinstance.py:1513} INFO - Exporting the following env vars:
AIRFLOW_CTX_DAG_EMAIL=airflow@example.com
AIRFLOW_CTX_DAG_OWNER=airflow
AIRFLOW_CTX_DAG_ID=run_daily
AIRFLOW_CTX_TASK_ID=print_date
AIRFLOW_CTX_EXECUTION_DATE=2022-12-30T00:12:00+00:00
AIRFLOW_CTX_TRY_NUMBER=1
AIRFLOW_CTX_DAG_RUN_ID=scheduled__2022-12-30T00:12:00+00:00
[2023-01-01T11:55:12.534+0700] {subprocess.py:63} INFO - Tmp dir root location: 
 /tmp
[2023-01-01T11:55:12.534+0700] {subprocess.py:75} INFO - Running command: ['/usr/bin/bash', '-c', 'date']
[2023-01-01T11:55:12.542+0700] {subprocess.py:86} INFO - Output:
[2023-01-01T11:55:12.544+0700] {subprocess.py:93} INFO - Chủ nhật, 01 Tháng 1 năm 2023 11:55:12 +07
[2023-01-01T11:55:12.544+0700] {subprocess.py:97} INFO - Command exited with return code 0
[2023-01-01T11:55:12.569+0700] {taskinstance.py:1327} INFO - Marking task as SUCCESS. dag_id=run_daily, task_id=print_date, execution_date=20221230T001200, start_date=20230101T045512, end_date=20230101T045512
[2023-01-01T11:55:12.604+0700] {local_task_job.py:159} INFO - Task exited with return code 0
[2023-01-01T11:55:12.635+0700] {taskinstance.py:2582} INFO - 1 downstream tasks scheduled from follow-on schedule check
