[2022-12-31T20:46:51.003+0700] {taskinstance.py:1087} INFO - Dependencies all met for <TaskInstance: tutorial.sleep manual__2022-12-31T13:17:26.763177+00:00 [queued]>
[2022-12-31T20:46:51.009+0700] {taskinstance.py:1087} INFO - Dependencies all met for <TaskInstance: tutorial.sleep manual__2022-12-31T13:17:26.763177+00:00 [queued]>
[2022-12-31T20:46:51.009+0700] {taskinstance.py:1283} INFO - 
--------------------------------------------------------------------------------
[2022-12-31T20:46:51.010+0700] {taskinstance.py:1284} INFO - Starting attempt 1 of 2
[2022-12-31T20:46:51.010+0700] {taskinstance.py:1285} INFO - 
--------------------------------------------------------------------------------
[2022-12-31T20:46:51.022+0700] {taskinstance.py:1304} INFO - Executing <Task(BashOperator): sleep> on 2022-12-31 13:17:26.763177+00:00
[2022-12-31T20:46:51.025+0700] {standard_task_runner.py:55} INFO - Started process 7061 to run task
[2022-12-31T20:46:51.027+0700] {standard_task_runner.py:82} INFO - Running: ['airflow', 'tasks', 'run', 'tutorial', 'sleep', 'manual__2022-12-31T13:17:26.763177+00:00', '--job-id', '32', '--raw', '--subdir', 'DAGS_FOLDER/tutorial.py', '--cfg-path', '/tmp/tmpgsf3tj5q']
[2022-12-31T20:46:51.028+0700] {standard_task_runner.py:83} INFO - Job 32: Subtask sleep
[2022-12-31T20:46:51.065+0700] {task_command.py:389} INFO - Running <TaskInstance: tutorial.sleep manual__2022-12-31T13:17:26.763177+00:00 [running]> on host daominhkhanh
[2022-12-31T20:46:51.106+0700] {taskinstance.py:1511} INFO - Exporting the following env vars:
AIRFLOW_CTX_DAG_EMAIL=airflow@example.com
AIRFLOW_CTX_DAG_OWNER=airflow
AIRFLOW_CTX_DAG_ID=tutorial
AIRFLOW_CTX_TASK_ID=sleep
AIRFLOW_CTX_EXECUTION_DATE=2022-12-31T13:17:26.763177+00:00
AIRFLOW_CTX_TRY_NUMBER=1
AIRFLOW_CTX_DAG_RUN_ID=manual__2022-12-31T13:17:26.763177+00:00
[2022-12-31T20:46:51.107+0700] {subprocess.py:63} INFO - Tmp dir root location: 
 /tmp
[2022-12-31T20:46:51.107+0700] {subprocess.py:75} INFO - Running command: ['/usr/bin/bash', '-c', 'sleep 5']
[2022-12-31T20:46:51.112+0700] {subprocess.py:86} INFO - Output:
[2022-12-31T20:46:56.114+0700] {subprocess.py:97} INFO - Command exited with return code 0
[2022-12-31T20:46:56.140+0700] {taskinstance.py:1322} INFO - Marking task as SUCCESS. dag_id=tutorial, task_id=sleep, execution_date=20221231T131726, start_date=20221231T134651, end_date=20221231T134656
[2022-12-31T20:46:56.171+0700] {local_task_job.py:159} INFO - Task exited with return code 0
[2022-12-31T20:46:56.183+0700] {taskinstance.py:2582} INFO - 0 downstream tasks scheduled from follow-on schedule check
