[2022-12-31T20:37:15.787+0700] {taskinstance.py:1087} INFO - Dependencies all met for <TaskInstance: tutorial.templated manual__2022-12-31T13:03:43.883841+00:00 [queued]>
[2022-12-31T20:37:15.795+0700] {taskinstance.py:1087} INFO - Dependencies all met for <TaskInstance: tutorial.templated manual__2022-12-31T13:03:43.883841+00:00 [queued]>
[2022-12-31T20:37:15.795+0700] {taskinstance.py:1283} INFO - 
--------------------------------------------------------------------------------
[2022-12-31T20:37:15.795+0700] {taskinstance.py:1284} INFO - Starting attempt 1 of 2
[2022-12-31T20:37:15.795+0700] {taskinstance.py:1285} INFO - 
--------------------------------------------------------------------------------
[2022-12-31T20:37:15.808+0700] {taskinstance.py:1304} INFO - Executing <Task(BashOperator): templated> on 2022-12-31 13:03:43.883841+00:00
[2022-12-31T20:37:15.811+0700] {standard_task_runner.py:55} INFO - Started process 155495 to run task
[2022-12-31T20:37:15.814+0700] {standard_task_runner.py:82} INFO - Running: ['airflow', 'tasks', 'run', 'tutorial', 'templated', 'manual__2022-12-31T13:03:43.883841+00:00', '--job-id', '25', '--raw', '--subdir', 'DAGS_FOLDER/tutorial.py', '--cfg-path', '/tmp/tmpot0kdn6w']
[2022-12-31T20:37:15.815+0700] {standard_task_runner.py:83} INFO - Job 25: Subtask templated
[2022-12-31T20:37:15.856+0700] {task_command.py:389} INFO - Running <TaskInstance: tutorial.templated manual__2022-12-31T13:03:43.883841+00:00 [running]> on host daominhkhanh
[2022-12-31T20:37:15.908+0700] {taskinstance.py:1511} INFO - Exporting the following env vars:
AIRFLOW_CTX_DAG_EMAIL=airflow@example.com
AIRFLOW_CTX_DAG_OWNER=airflow
AIRFLOW_CTX_DAG_ID=tutorial
AIRFLOW_CTX_TASK_ID=templated
AIRFLOW_CTX_EXECUTION_DATE=2022-12-31T13:03:43.883841+00:00
AIRFLOW_CTX_TRY_NUMBER=1
AIRFLOW_CTX_DAG_RUN_ID=manual__2022-12-31T13:03:43.883841+00:00
[2022-12-31T20:37:15.909+0700] {subprocess.py:63} INFO - Tmp dir root location: 
 /tmp
[2022-12-31T20:37:15.909+0700] {subprocess.py:75} INFO - Running command: ['/usr/bin/bash', '-c', '\n\n    echo "2022-12-31"\n    echo "2023-01-07"\n    echo "Parameter I passed in"\n\n    echo "2022-12-31"\n    echo "2023-01-07"\n    echo "Parameter I passed in"\n\n    echo "2022-12-31"\n    echo "2023-01-07"\n    echo "Parameter I passed in"\n\n    echo "2022-12-31"\n    echo "2023-01-07"\n    echo "Parameter I passed in"\n\n    echo "2022-12-31"\n    echo "2023-01-07"\n    echo "Parameter I passed in"\n']
[2022-12-31T20:37:15.916+0700] {subprocess.py:86} INFO - Output:
[2022-12-31T20:37:15.916+0700] {subprocess.py:93} INFO - 2022-12-31
[2022-12-31T20:37:15.917+0700] {subprocess.py:93} INFO - 2023-01-07
[2022-12-31T20:37:15.917+0700] {subprocess.py:93} INFO - Parameter I passed in
[2022-12-31T20:37:15.917+0700] {subprocess.py:93} INFO - 2022-12-31
[2022-12-31T20:37:15.917+0700] {subprocess.py:93} INFO - 2023-01-07
[2022-12-31T20:37:15.917+0700] {subprocess.py:93} INFO - Parameter I passed in
[2022-12-31T20:37:15.917+0700] {subprocess.py:93} INFO - 2022-12-31
[2022-12-31T20:37:15.917+0700] {subprocess.py:93} INFO - 2023-01-07
[2022-12-31T20:37:15.917+0700] {subprocess.py:93} INFO - Parameter I passed in
[2022-12-31T20:37:15.917+0700] {subprocess.py:93} INFO - 2022-12-31
[2022-12-31T20:37:15.917+0700] {subprocess.py:93} INFO - 2023-01-07
[2022-12-31T20:37:15.917+0700] {subprocess.py:93} INFO - Parameter I passed in
[2022-12-31T20:37:15.917+0700] {subprocess.py:93} INFO - 2022-12-31
[2022-12-31T20:37:15.917+0700] {subprocess.py:93} INFO - 2023-01-07
[2022-12-31T20:37:15.918+0700] {subprocess.py:93} INFO - Parameter I passed in
[2022-12-31T20:37:15.918+0700] {subprocess.py:97} INFO - Command exited with return code 0
[2022-12-31T20:37:15.937+0700] {taskinstance.py:1322} INFO - Marking task as SUCCESS. dag_id=tutorial, task_id=templated, execution_date=20221231T130343, start_date=20221231T133715, end_date=20221231T133715
[2022-12-31T20:37:15.985+0700] {local_task_job.py:159} INFO - Task exited with return code 0
[2022-12-31T20:37:15.998+0700] {taskinstance.py:2582} INFO - 0 downstream tasks scheduled from follow-on schedule check
