[2023-01-01T11:55:00.573+0700] {taskinstance.py:1087} INFO - Dependencies all met for <TaskInstance: run_daily.print_date scheduled__2022-12-30T00:10:00+00:00 [queued]>
[2023-01-01T11:55:00.580+0700] {taskinstance.py:1087} INFO - Dependencies all met for <TaskInstance: run_daily.print_date scheduled__2022-12-30T00:10:00+00:00 [queued]>
[2023-01-01T11:55:00.580+0700] {taskinstance.py:1283} INFO - 
--------------------------------------------------------------------------------
[2023-01-01T11:55:00.580+0700] {taskinstance.py:1284} INFO - Starting attempt 1 of 2
[2023-01-01T11:55:00.580+0700] {taskinstance.py:1285} INFO - 
--------------------------------------------------------------------------------
[2023-01-01T11:55:00.600+0700] {taskinstance.py:1304} INFO - Executing <Task(BashOperator): print_date> on 2022-12-30 00:10:00+00:00
[2023-01-01T11:55:00.604+0700] {standard_task_runner.py:55} INFO - Started process 95856 to run task
[2023-01-01T11:55:00.606+0700] {standard_task_runner.py:82} INFO - Running: ['airflow', 'tasks', 'run', 'run_daily', 'print_date', 'scheduled__2022-12-30T00:10:00+00:00', '--job-id', '19', '--raw', '--subdir', 'DAGS_FOLDER/run_daily.py', '--cfg-path', '/tmp/tmpmgyh2m2e']
[2023-01-01T11:55:00.608+0700] {standard_task_runner.py:83} INFO - Job 19: Subtask print_date
[2023-01-01T11:55:00.657+0700] {task_command.py:389} INFO - Running <TaskInstance: run_daily.print_date scheduled__2022-12-30T00:10:00+00:00 [running]> on host daominhkhanh
[2023-01-01T11:55:00.725+0700] {taskinstance.py:1513} INFO - Exporting the following env vars:
AIRFLOW_CTX_DAG_EMAIL=airflow@example.com
AIRFLOW_CTX_DAG_OWNER=airflow
AIRFLOW_CTX_DAG_ID=run_daily
AIRFLOW_CTX_TASK_ID=print_date
AIRFLOW_CTX_EXECUTION_DATE=2022-12-30T00:10:00+00:00
AIRFLOW_CTX_TRY_NUMBER=1
AIRFLOW_CTX_DAG_RUN_ID=scheduled__2022-12-30T00:10:00+00:00
[2023-01-01T11:55:00.726+0700] {subprocess.py:63} INFO - Tmp dir root location: 
 /tmp
[2023-01-01T11:55:00.726+0700] {subprocess.py:75} INFO - Running command: ['/usr/bin/bash', '-c', 'date']
[2023-01-01T11:55:00.735+0700] {subprocess.py:86} INFO - Output:
[2023-01-01T11:55:00.737+0700] {subprocess.py:93} INFO - Chủ nhật, 01 Tháng 1 năm 2023 11:55:00 +07
[2023-01-01T11:55:00.737+0700] {subprocess.py:97} INFO - Command exited with return code 0
[2023-01-01T11:55:00.758+0700] {taskinstance.py:1327} INFO - Marking task as SUCCESS. dag_id=run_daily, task_id=print_date, execution_date=20221230T001000, start_date=20230101T045500, end_date=20230101T045500
[2023-01-01T11:55:00.778+0700] {local_task_job.py:159} INFO - Task exited with return code 0
[2023-01-01T11:55:00.796+0700] {taskinstance.py:2582} INFO - 1 downstream tasks scheduled from follow-on schedule check
