[2023-01-01T11:54:49.795+0700] {taskinstance.py:1087} INFO - Dependencies all met for <TaskInstance: run_daily.print_date scheduled__2022-12-30T00:06:00+00:00 [queued]>
[2023-01-01T11:54:49.813+0700] {taskinstance.py:1087} INFO - Dependencies all met for <TaskInstance: run_daily.print_date scheduled__2022-12-30T00:06:00+00:00 [queued]>
[2023-01-01T11:54:49.814+0700] {taskinstance.py:1283} INFO - 
--------------------------------------------------------------------------------
[2023-01-01T11:54:49.814+0700] {taskinstance.py:1284} INFO - Starting attempt 1 of 2
[2023-01-01T11:54:49.814+0700] {taskinstance.py:1285} INFO - 
--------------------------------------------------------------------------------
[2023-01-01T11:54:49.853+0700] {taskinstance.py:1304} INFO - Executing <Task(BashOperator): print_date> on 2022-12-30 00:06:00+00:00
[2023-01-01T11:54:49.858+0700] {standard_task_runner.py:55} INFO - Started process 95821 to run task
[2023-01-01T11:54:49.868+0700] {standard_task_runner.py:82} INFO - Running: ['airflow', 'tasks', 'run', 'run_daily', 'print_date', 'scheduled__2022-12-30T00:06:00+00:00', '--job-id', '16', '--raw', '--subdir', 'DAGS_FOLDER/run_daily.py', '--cfg-path', '/tmp/tmpamj3m6d8']
[2023-01-01T11:54:49.871+0700] {standard_task_runner.py:83} INFO - Job 16: Subtask print_date
[2023-01-01T11:54:49.954+0700] {task_command.py:389} INFO - Running <TaskInstance: run_daily.print_date scheduled__2022-12-30T00:06:00+00:00 [running]> on host daominhkhanh
[2023-01-01T11:54:50.043+0700] {taskinstance.py:1513} INFO - Exporting the following env vars:
AIRFLOW_CTX_DAG_EMAIL=airflow@example.com
AIRFLOW_CTX_DAG_OWNER=airflow
AIRFLOW_CTX_DAG_ID=run_daily
AIRFLOW_CTX_TASK_ID=print_date
AIRFLOW_CTX_EXECUTION_DATE=2022-12-30T00:06:00+00:00
AIRFLOW_CTX_TRY_NUMBER=1
AIRFLOW_CTX_DAG_RUN_ID=scheduled__2022-12-30T00:06:00+00:00
[2023-01-01T11:54:50.044+0700] {subprocess.py:63} INFO - Tmp dir root location: 
 /tmp
[2023-01-01T11:54:50.044+0700] {subprocess.py:75} INFO - Running command: ['/usr/bin/bash', '-c', 'date']
[2023-01-01T11:54:50.060+0700] {subprocess.py:86} INFO - Output:
[2023-01-01T11:54:50.062+0700] {subprocess.py:93} INFO - Chủ nhật, 01 Tháng 1 năm 2023 11:54:50 +07
[2023-01-01T11:54:50.062+0700] {subprocess.py:97} INFO - Command exited with return code 0
[2023-01-01T11:54:50.088+0700] {taskinstance.py:1327} INFO - Marking task as SUCCESS. dag_id=run_daily, task_id=print_date, execution_date=20221230T000600, start_date=20230101T045449, end_date=20230101T045450
[2023-01-01T11:54:50.113+0700] {local_task_job.py:159} INFO - Task exited with return code 0
[2023-01-01T11:54:50.138+0700] {taskinstance.py:2582} INFO - 1 downstream tasks scheduled from follow-on schedule check
