[2022-12-31T20:51:14.622+0700] {processor.py:153} INFO - Started process (PID=10504) to work on /home/dmk/anaconda3/lib/python3.9/site-packages/airflow/example_dags/example_task_group_decorator.py
[2022-12-31T20:51:14.622+0700] {processor.py:743} INFO - Processing file /home/dmk/anaconda3/lib/python3.9/site-packages/airflow/example_dags/example_task_group_decorator.py for tasks to queue
[2022-12-31T20:51:14.623+0700] {logging_mixin.py:137} INFO - [2022-12-31T20:51:14.623+0700] {dagbag.py:538} INFO - Filling up the DagBag from /home/dmk/anaconda3/lib/python3.9/site-packages/airflow/example_dags/example_task_group_decorator.py
[2022-12-31T20:51:14.660+0700] {processor.py:753} INFO - DAG(s) dict_keys(['example_task_group_decorator']) retrieved from /home/dmk/anaconda3/lib/python3.9/site-packages/airflow/example_dags/example_task_group_decorator.py
[2022-12-31T20:51:14.832+0700] {logging_mixin.py:137} INFO - [2022-12-31T20:51:14.831+0700] {dag.py:2676} INFO - Sync 1 DAGs
[2022-12-31T20:51:14.851+0700] {logging_mixin.py:137} INFO - [2022-12-31T20:51:14.851+0700] {dag.py:3423} INFO - Setting next_dagrun for example_task_group_decorator to 2022-12-30T13:51:14.851444+00:00, run_after=2022-12-31T13:51:14.851444+00:00
[2022-12-31T20:51:14.880+0700] {processor.py:175} INFO - Processing /home/dmk/anaconda3/lib/python3.9/site-packages/airflow/example_dags/example_task_group_decorator.py took 0.261 seconds
[2022-12-31T20:55:13.926+0700] {processor.py:153} INFO - Started process (PID=11940) to work on /home/dmk/anaconda3/lib/python3.9/site-packages/airflow/example_dags/example_task_group_decorator.py
[2022-12-31T20:55:13.930+0700] {processor.py:743} INFO - Processing file /home/dmk/anaconda3/lib/python3.9/site-packages/airflow/example_dags/example_task_group_decorator.py for tasks to queue
[2022-12-31T20:55:13.931+0700] {logging_mixin.py:137} INFO - [2022-12-31T20:55:13.931+0700] {dagbag.py:538} INFO - Filling up the DagBag from /home/dmk/anaconda3/lib/python3.9/site-packages/airflow/example_dags/example_task_group_decorator.py
[2022-12-31T20:55:13.966+0700] {processor.py:753} INFO - DAG(s) dict_keys(['example_task_group_decorator']) retrieved from /home/dmk/anaconda3/lib/python3.9/site-packages/airflow/example_dags/example_task_group_decorator.py
[2022-12-31T20:55:14.103+0700] {logging_mixin.py:137} INFO - [2022-12-31T20:55:14.102+0700] {dag.py:2676} INFO - Sync 1 DAGs
[2022-12-31T20:55:14.122+0700] {logging_mixin.py:137} INFO - [2022-12-31T20:55:14.122+0700] {dag.py:3423} INFO - Setting next_dagrun for example_task_group_decorator to 2022-12-30T13:55:14.121966+00:00, run_after=2022-12-31T13:55:14.121966+00:00
[2022-12-31T20:55:14.148+0700] {processor.py:175} INFO - Processing /home/dmk/anaconda3/lib/python3.9/site-packages/airflow/example_dags/example_task_group_decorator.py took 0.224 seconds
[2022-12-31T20:56:06.992+0700] {processor.py:153} INFO - Started process (PID=12138) to work on /home/dmk/anaconda3/lib/python3.9/site-packages/airflow/example_dags/example_task_group_decorator.py
[2022-12-31T20:56:06.995+0700] {processor.py:743} INFO - Processing file /home/dmk/anaconda3/lib/python3.9/site-packages/airflow/example_dags/example_task_group_decorator.py for tasks to queue
[2022-12-31T20:56:06.996+0700] {logging_mixin.py:137} INFO - [2022-12-31T20:56:06.996+0700] {dagbag.py:538} INFO - Filling up the DagBag from /home/dmk/anaconda3/lib/python3.9/site-packages/airflow/example_dags/example_task_group_decorator.py
[2022-12-31T20:56:07.049+0700] {processor.py:753} INFO - DAG(s) dict_keys(['example_task_group_decorator']) retrieved from /home/dmk/anaconda3/lib/python3.9/site-packages/airflow/example_dags/example_task_group_decorator.py
[2022-12-31T20:56:07.243+0700] {logging_mixin.py:137} INFO - [2022-12-31T20:56:07.243+0700] {dag.py:2676} INFO - Sync 1 DAGs
[2022-12-31T20:56:07.269+0700] {logging_mixin.py:137} INFO - [2022-12-31T20:56:07.269+0700] {dag.py:3423} INFO - Setting next_dagrun for example_task_group_decorator to 2022-12-30T13:56:07.268980+00:00, run_after=2022-12-31T13:56:07.268980+00:00
[2022-12-31T20:56:07.299+0700] {processor.py:175} INFO - Processing /home/dmk/anaconda3/lib/python3.9/site-packages/airflow/example_dags/example_task_group_decorator.py took 0.312 seconds
[2022-12-31T20:57:29.297+0700] {processor.py:153} INFO - Started process (PID=12567) to work on /home/dmk/anaconda3/lib/python3.9/site-packages/airflow/example_dags/example_task_group_decorator.py
[2022-12-31T20:57:29.302+0700] {processor.py:743} INFO - Processing file /home/dmk/anaconda3/lib/python3.9/site-packages/airflow/example_dags/example_task_group_decorator.py for tasks to queue
[2022-12-31T20:57:29.305+0700] {logging_mixin.py:137} INFO - [2022-12-31T20:57:29.303+0700] {dagbag.py:538} INFO - Filling up the DagBag from /home/dmk/anaconda3/lib/python3.9/site-packages/airflow/example_dags/example_task_group_decorator.py
[2022-12-31T20:57:29.528+0700] {processor.py:753} INFO - DAG(s) dict_keys(['example_task_group_decorator']) retrieved from /home/dmk/anaconda3/lib/python3.9/site-packages/airflow/example_dags/example_task_group_decorator.py
[2022-12-31T20:57:29.562+0700] {logging_mixin.py:137} INFO - [2022-12-31T20:57:29.562+0700] {dag.py:2676} INFO - Sync 1 DAGs
[2022-12-31T20:57:29.588+0700] {logging_mixin.py:137} INFO - [2022-12-31T20:57:29.587+0700] {dag.py:3423} INFO - Setting next_dagrun for example_task_group_decorator to 2022-12-30T13:57:29.587473+00:00, run_after=2022-12-31T13:57:29.587473+00:00
[2022-12-31T20:57:29.622+0700] {processor.py:175} INFO - Processing /home/dmk/anaconda3/lib/python3.9/site-packages/airflow/example_dags/example_task_group_decorator.py took 0.330 seconds
[2022-12-31T20:58:22.666+0700] {processor.py:153} INFO - Started process (PID=12947) to work on /home/dmk/anaconda3/lib/python3.9/site-packages/airflow/example_dags/example_task_group_decorator.py
[2022-12-31T20:58:22.671+0700] {processor.py:743} INFO - Processing file /home/dmk/anaconda3/lib/python3.9/site-packages/airflow/example_dags/example_task_group_decorator.py for tasks to queue
[2022-12-31T20:58:22.673+0700] {logging_mixin.py:137} INFO - [2022-12-31T20:58:22.672+0700] {dagbag.py:538} INFO - Filling up the DagBag from /home/dmk/anaconda3/lib/python3.9/site-packages/airflow/example_dags/example_task_group_decorator.py
[2022-12-31T20:58:22.811+0700] {processor.py:753} INFO - DAG(s) dict_keys(['example_task_group_decorator']) retrieved from /home/dmk/anaconda3/lib/python3.9/site-packages/airflow/example_dags/example_task_group_decorator.py
[2022-12-31T20:58:22.834+0700] {logging_mixin.py:137} INFO - [2022-12-31T20:58:22.834+0700] {dag.py:2676} INFO - Sync 1 DAGs
[2022-12-31T20:58:22.850+0700] {logging_mixin.py:137} INFO - [2022-12-31T20:58:22.850+0700] {dag.py:3423} INFO - Setting next_dagrun for example_task_group_decorator to 2022-12-30T13:58:22.850639+00:00, run_after=2022-12-31T13:58:22.850639+00:00
[2022-12-31T20:58:22.871+0700] {processor.py:175} INFO - Processing /home/dmk/anaconda3/lib/python3.9/site-packages/airflow/example_dags/example_task_group_decorator.py took 0.213 seconds
[2022-12-31T20:59:12.485+0700] {processor.py:153} INFO - Started process (PID=13110) to work on /home/dmk/anaconda3/lib/python3.9/site-packages/airflow/example_dags/example_task_group_decorator.py
[2022-12-31T20:59:12.489+0700] {processor.py:743} INFO - Processing file /home/dmk/anaconda3/lib/python3.9/site-packages/airflow/example_dags/example_task_group_decorator.py for tasks to queue
[2022-12-31T20:59:12.490+0700] {logging_mixin.py:137} INFO - [2022-12-31T20:59:12.490+0700] {dagbag.py:538} INFO - Filling up the DagBag from /home/dmk/anaconda3/lib/python3.9/site-packages/airflow/example_dags/example_task_group_decorator.py
[2022-12-31T20:59:12.526+0700] {processor.py:753} INFO - DAG(s) dict_keys(['example_task_group_decorator']) retrieved from /home/dmk/anaconda3/lib/python3.9/site-packages/airflow/example_dags/example_task_group_decorator.py
[2022-12-31T20:59:12.556+0700] {logging_mixin.py:137} INFO - [2022-12-31T20:59:12.556+0700] {dag.py:2676} INFO - Sync 1 DAGs
[2022-12-31T20:59:12.575+0700] {logging_mixin.py:137} INFO - [2022-12-31T20:59:12.575+0700] {dag.py:3423} INFO - Setting next_dagrun for example_task_group_decorator to 2022-12-30T13:59:12.575096+00:00, run_after=2022-12-31T13:59:12.575096+00:00
[2022-12-31T20:59:12.597+0700] {processor.py:175} INFO - Processing /home/dmk/anaconda3/lib/python3.9/site-packages/airflow/example_dags/example_task_group_decorator.py took 0.117 seconds
[2022-12-31T20:59:58.040+0700] {processor.py:153} INFO - Started process (PID=14522) to work on /home/dmk/anaconda3/lib/python3.9/site-packages/airflow/example_dags/example_task_group_decorator.py
[2022-12-31T20:59:58.042+0700] {processor.py:743} INFO - Processing file /home/dmk/anaconda3/lib/python3.9/site-packages/airflow/example_dags/example_task_group_decorator.py for tasks to queue
[2022-12-31T20:59:58.044+0700] {logging_mixin.py:137} INFO - [2022-12-31T20:59:58.044+0700] {dagbag.py:538} INFO - Filling up the DagBag from /home/dmk/anaconda3/lib/python3.9/site-packages/airflow/example_dags/example_task_group_decorator.py
[2022-12-31T20:59:58.078+0700] {processor.py:753} INFO - DAG(s) dict_keys(['example_task_group_decorator']) retrieved from /home/dmk/anaconda3/lib/python3.9/site-packages/airflow/example_dags/example_task_group_decorator.py
[2022-12-31T20:59:58.109+0700] {logging_mixin.py:137} INFO - [2022-12-31T20:59:58.109+0700] {dag.py:2676} INFO - Sync 1 DAGs
[2022-12-31T20:59:58.128+0700] {logging_mixin.py:137} INFO - [2022-12-31T20:59:58.128+0700] {dag.py:3423} INFO - Setting next_dagrun for example_task_group_decorator to 2022-12-30T13:59:58.127946+00:00, run_after=2022-12-31T13:59:58.127946+00:00
[2022-12-31T20:59:58.150+0700] {processor.py:175} INFO - Processing /home/dmk/anaconda3/lib/python3.9/site-packages/airflow/example_dags/example_task_group_decorator.py took 0.115 seconds
[2022-12-31T21:00:56.837+0700] {processor.py:153} INFO - Started process (PID=15594) to work on /home/dmk/anaconda3/lib/python3.9/site-packages/airflow/example_dags/example_task_group_decorator.py
[2022-12-31T21:00:56.842+0700] {processor.py:743} INFO - Processing file /home/dmk/anaconda3/lib/python3.9/site-packages/airflow/example_dags/example_task_group_decorator.py for tasks to queue
[2022-12-31T21:00:56.844+0700] {logging_mixin.py:137} INFO - [2022-12-31T21:00:56.844+0700] {dagbag.py:538} INFO - Filling up the DagBag from /home/dmk/anaconda3/lib/python3.9/site-packages/airflow/example_dags/example_task_group_decorator.py
[2022-12-31T21:00:56.886+0700] {processor.py:753} INFO - DAG(s) dict_keys(['example_task_group_decorator']) retrieved from /home/dmk/anaconda3/lib/python3.9/site-packages/airflow/example_dags/example_task_group_decorator.py
[2022-12-31T21:00:56.913+0700] {logging_mixin.py:137} INFO - [2022-12-31T21:00:56.912+0700] {dag.py:2676} INFO - Sync 1 DAGs
[2022-12-31T21:00:56.930+0700] {logging_mixin.py:137} INFO - [2022-12-31T21:00:56.930+0700] {dag.py:3423} INFO - Setting next_dagrun for example_task_group_decorator to 2022-12-30T14:00:56.929813+00:00, run_after=2022-12-31T14:00:56.929813+00:00
[2022-12-31T21:00:56.953+0700] {processor.py:175} INFO - Processing /home/dmk/anaconda3/lib/python3.9/site-packages/airflow/example_dags/example_task_group_decorator.py took 0.124 seconds
[2022-12-31T21:01:50.110+0700] {processor.py:153} INFO - Started process (PID=16244) to work on /home/dmk/anaconda3/lib/python3.9/site-packages/airflow/example_dags/example_task_group_decorator.py
[2022-12-31T21:01:50.111+0700] {processor.py:743} INFO - Processing file /home/dmk/anaconda3/lib/python3.9/site-packages/airflow/example_dags/example_task_group_decorator.py for tasks to queue
[2022-12-31T21:01:50.111+0700] {logging_mixin.py:137} INFO - [2022-12-31T21:01:50.111+0700] {dagbag.py:538} INFO - Filling up the DagBag from /home/dmk/anaconda3/lib/python3.9/site-packages/airflow/example_dags/example_task_group_decorator.py
[2022-12-31T21:01:50.140+0700] {processor.py:753} INFO - DAG(s) dict_keys(['example_task_group_decorator']) retrieved from /home/dmk/anaconda3/lib/python3.9/site-packages/airflow/example_dags/example_task_group_decorator.py
[2022-12-31T21:01:50.166+0700] {logging_mixin.py:137} INFO - [2022-12-31T21:01:50.166+0700] {dag.py:2676} INFO - Sync 1 DAGs
[2022-12-31T21:01:50.184+0700] {logging_mixin.py:137} INFO - [2022-12-31T21:01:50.184+0700] {dag.py:3423} INFO - Setting next_dagrun for example_task_group_decorator to 2022-12-30T14:01:50.184132+00:00, run_after=2022-12-31T14:01:50.184132+00:00
[2022-12-31T21:01:50.212+0700] {processor.py:175} INFO - Processing /home/dmk/anaconda3/lib/python3.9/site-packages/airflow/example_dags/example_task_group_decorator.py took 0.105 seconds
[2022-12-31T21:02:44.966+0700] {processor.py:153} INFO - Started process (PID=16388) to work on /home/dmk/anaconda3/lib/python3.9/site-packages/airflow/example_dags/example_task_group_decorator.py
[2022-12-31T21:02:44.970+0700] {processor.py:743} INFO - Processing file /home/dmk/anaconda3/lib/python3.9/site-packages/airflow/example_dags/example_task_group_decorator.py for tasks to queue
[2022-12-31T21:02:44.971+0700] {logging_mixin.py:137} INFO - [2022-12-31T21:02:44.970+0700] {dagbag.py:538} INFO - Filling up the DagBag from /home/dmk/anaconda3/lib/python3.9/site-packages/airflow/example_dags/example_task_group_decorator.py
[2022-12-31T21:02:44.998+0700] {processor.py:753} INFO - DAG(s) dict_keys(['example_task_group_decorator']) retrieved from /home/dmk/anaconda3/lib/python3.9/site-packages/airflow/example_dags/example_task_group_decorator.py
[2022-12-31T21:02:45.025+0700] {logging_mixin.py:137} INFO - [2022-12-31T21:02:45.025+0700] {dag.py:2676} INFO - Sync 1 DAGs
[2022-12-31T21:02:45.042+0700] {logging_mixin.py:137} INFO - [2022-12-31T21:02:45.042+0700] {dag.py:3423} INFO - Setting next_dagrun for example_task_group_decorator to 2022-12-30T14:02:45.042515+00:00, run_after=2022-12-31T14:02:45.042515+00:00
[2022-12-31T21:02:45.064+0700] {processor.py:175} INFO - Processing /home/dmk/anaconda3/lib/python3.9/site-packages/airflow/example_dags/example_task_group_decorator.py took 0.100 seconds
[2022-12-31T21:03:51.200+0700] {processor.py:153} INFO - Started process (PID=17060) to work on /home/dmk/anaconda3/lib/python3.9/site-packages/airflow/example_dags/example_task_group_decorator.py
[2022-12-31T21:03:51.204+0700] {processor.py:743} INFO - Processing file /home/dmk/anaconda3/lib/python3.9/site-packages/airflow/example_dags/example_task_group_decorator.py for tasks to queue
[2022-12-31T21:03:51.204+0700] {logging_mixin.py:137} INFO - [2022-12-31T21:03:51.204+0700] {dagbag.py:538} INFO - Filling up the DagBag from /home/dmk/anaconda3/lib/python3.9/site-packages/airflow/example_dags/example_task_group_decorator.py
[2022-12-31T21:03:51.246+0700] {processor.py:753} INFO - DAG(s) dict_keys(['example_task_group_decorator']) retrieved from /home/dmk/anaconda3/lib/python3.9/site-packages/airflow/example_dags/example_task_group_decorator.py
[2022-12-31T21:03:51.470+0700] {logging_mixin.py:137} INFO - [2022-12-31T21:03:51.470+0700] {dag.py:2676} INFO - Sync 1 DAGs
[2022-12-31T21:03:51.489+0700] {logging_mixin.py:137} INFO - [2022-12-31T21:03:51.489+0700] {dag.py:3423} INFO - Setting next_dagrun for example_task_group_decorator to 2022-12-30T14:03:51.489128+00:00, run_after=2022-12-31T14:03:51.489128+00:00
[2022-12-31T21:03:51.522+0700] {processor.py:175} INFO - Processing /home/dmk/anaconda3/lib/python3.9/site-packages/airflow/example_dags/example_task_group_decorator.py took 0.325 seconds
[2022-12-31T21:04:48.872+0700] {processor.py:153} INFO - Started process (PID=17588) to work on /home/dmk/anaconda3/lib/python3.9/site-packages/airflow/example_dags/example_task_group_decorator.py
[2022-12-31T21:04:48.876+0700] {processor.py:743} INFO - Processing file /home/dmk/anaconda3/lib/python3.9/site-packages/airflow/example_dags/example_task_group_decorator.py for tasks to queue
[2022-12-31T21:04:48.877+0700] {logging_mixin.py:137} INFO - [2022-12-31T21:04:48.877+0700] {dagbag.py:538} INFO - Filling up the DagBag from /home/dmk/anaconda3/lib/python3.9/site-packages/airflow/example_dags/example_task_group_decorator.py
[2022-12-31T21:04:48.907+0700] {processor.py:753} INFO - DAG(s) dict_keys(['example_task_group_decorator']) retrieved from /home/dmk/anaconda3/lib/python3.9/site-packages/airflow/example_dags/example_task_group_decorator.py
[2022-12-31T21:04:49.054+0700] {logging_mixin.py:137} INFO - [2022-12-31T21:04:49.054+0700] {dag.py:2676} INFO - Sync 1 DAGs
[2022-12-31T21:04:49.076+0700] {logging_mixin.py:137} INFO - [2022-12-31T21:04:49.076+0700] {dag.py:3423} INFO - Setting next_dagrun for example_task_group_decorator to 2022-12-30T14:04:49.076065+00:00, run_after=2022-12-31T14:04:49.076065+00:00
[2022-12-31T21:04:49.103+0700] {processor.py:175} INFO - Processing /home/dmk/anaconda3/lib/python3.9/site-packages/airflow/example_dags/example_task_group_decorator.py took 0.233 seconds
[2022-12-31T21:05:42.176+0700] {processor.py:153} INFO - Started process (PID=18297) to work on /home/dmk/anaconda3/lib/python3.9/site-packages/airflow/example_dags/example_task_group_decorator.py
[2022-12-31T21:05:42.179+0700] {processor.py:743} INFO - Processing file /home/dmk/anaconda3/lib/python3.9/site-packages/airflow/example_dags/example_task_group_decorator.py for tasks to queue
[2022-12-31T21:05:42.181+0700] {logging_mixin.py:137} INFO - [2022-12-31T21:05:42.181+0700] {dagbag.py:538} INFO - Filling up the DagBag from /home/dmk/anaconda3/lib/python3.9/site-packages/airflow/example_dags/example_task_group_decorator.py
[2022-12-31T21:05:42.214+0700] {processor.py:753} INFO - DAG(s) dict_keys(['example_task_group_decorator']) retrieved from /home/dmk/anaconda3/lib/python3.9/site-packages/airflow/example_dags/example_task_group_decorator.py
[2022-12-31T21:05:42.365+0700] {logging_mixin.py:137} INFO - [2022-12-31T21:05:42.364+0700] {dag.py:2676} INFO - Sync 1 DAGs
[2022-12-31T21:05:42.380+0700] {logging_mixin.py:137} INFO - [2022-12-31T21:05:42.380+0700] {dag.py:3423} INFO - Setting next_dagrun for example_task_group_decorator to 2022-12-30T14:05:42.380554+00:00, run_after=2022-12-31T14:05:42.380554+00:00
[2022-12-31T21:05:42.402+0700] {processor.py:175} INFO - Processing /home/dmk/anaconda3/lib/python3.9/site-packages/airflow/example_dags/example_task_group_decorator.py took 0.234 seconds
[2022-12-31T21:06:43.729+0700] {processor.py:153} INFO - Started process (PID=18479) to work on /home/dmk/anaconda3/lib/python3.9/site-packages/airflow/example_dags/example_task_group_decorator.py
[2022-12-31T21:06:43.733+0700] {processor.py:743} INFO - Processing file /home/dmk/anaconda3/lib/python3.9/site-packages/airflow/example_dags/example_task_group_decorator.py for tasks to queue
[2022-12-31T21:06:43.734+0700] {logging_mixin.py:137} INFO - [2022-12-31T21:06:43.733+0700] {dagbag.py:538} INFO - Filling up the DagBag from /home/dmk/anaconda3/lib/python3.9/site-packages/airflow/example_dags/example_task_group_decorator.py
[2022-12-31T21:06:43.852+0700] {processor.py:753} INFO - DAG(s) dict_keys(['example_task_group_decorator']) retrieved from /home/dmk/anaconda3/lib/python3.9/site-packages/airflow/example_dags/example_task_group_decorator.py
[2022-12-31T21:06:43.876+0700] {logging_mixin.py:137} INFO - [2022-12-31T21:06:43.876+0700] {dag.py:2676} INFO - Sync 1 DAGs
[2022-12-31T21:06:43.891+0700] {logging_mixin.py:137} INFO - [2022-12-31T21:06:43.891+0700] {dag.py:3423} INFO - Setting next_dagrun for example_task_group_decorator to 2022-12-30T14:06:43.891061+00:00, run_after=2022-12-31T14:06:43.891061+00:00
[2022-12-31T21:06:43.913+0700] {processor.py:175} INFO - Processing /home/dmk/anaconda3/lib/python3.9/site-packages/airflow/example_dags/example_task_group_decorator.py took 0.186 seconds
[2022-12-31T21:07:35.828+0700] {processor.py:153} INFO - Started process (PID=18680) to work on /home/dmk/anaconda3/lib/python3.9/site-packages/airflow/example_dags/example_task_group_decorator.py
[2022-12-31T21:07:35.832+0700] {processor.py:743} INFO - Processing file /home/dmk/anaconda3/lib/python3.9/site-packages/airflow/example_dags/example_task_group_decorator.py for tasks to queue
[2022-12-31T21:07:35.834+0700] {logging_mixin.py:137} INFO - [2022-12-31T21:07:35.834+0700] {dagbag.py:538} INFO - Filling up the DagBag from /home/dmk/anaconda3/lib/python3.9/site-packages/airflow/example_dags/example_task_group_decorator.py
[2022-12-31T21:07:35.968+0700] {processor.py:753} INFO - DAG(s) dict_keys(['example_task_group_decorator']) retrieved from /home/dmk/anaconda3/lib/python3.9/site-packages/airflow/example_dags/example_task_group_decorator.py
[2022-12-31T21:07:35.990+0700] {logging_mixin.py:137} INFO - [2022-12-31T21:07:35.990+0700] {dag.py:2676} INFO - Sync 1 DAGs
[2022-12-31T21:07:36.007+0700] {logging_mixin.py:137} INFO - [2022-12-31T21:07:36.007+0700] {dag.py:3423} INFO - Setting next_dagrun for example_task_group_decorator to 2022-12-30T14:07:36.007514+00:00, run_after=2022-12-31T14:07:36.007514+00:00
[2022-12-31T21:07:36.035+0700] {processor.py:175} INFO - Processing /home/dmk/anaconda3/lib/python3.9/site-packages/airflow/example_dags/example_task_group_decorator.py took 0.214 seconds
[2022-12-31T21:08:28.519+0700] {processor.py:153} INFO - Started process (PID=18904) to work on /home/dmk/anaconda3/lib/python3.9/site-packages/airflow/example_dags/example_task_group_decorator.py
[2022-12-31T21:08:28.525+0700] {processor.py:743} INFO - Processing file /home/dmk/anaconda3/lib/python3.9/site-packages/airflow/example_dags/example_task_group_decorator.py for tasks to queue
[2022-12-31T21:08:28.525+0700] {logging_mixin.py:137} INFO - [2022-12-31T21:08:28.525+0700] {dagbag.py:538} INFO - Filling up the DagBag from /home/dmk/anaconda3/lib/python3.9/site-packages/airflow/example_dags/example_task_group_decorator.py
[2022-12-31T21:08:28.570+0700] {processor.py:753} INFO - DAG(s) dict_keys(['example_task_group_decorator']) retrieved from /home/dmk/anaconda3/lib/python3.9/site-packages/airflow/example_dags/example_task_group_decorator.py
[2022-12-31T21:08:28.609+0700] {logging_mixin.py:137} INFO - [2022-12-31T21:08:28.609+0700] {dag.py:2676} INFO - Sync 1 DAGs
[2022-12-31T21:08:28.638+0700] {logging_mixin.py:137} INFO - [2022-12-31T21:08:28.638+0700] {dag.py:3423} INFO - Setting next_dagrun for example_task_group_decorator to 2022-12-30T14:08:28.638058+00:00, run_after=2022-12-31T14:08:28.638058+00:00
[2022-12-31T21:08:28.663+0700] {processor.py:175} INFO - Processing /home/dmk/anaconda3/lib/python3.9/site-packages/airflow/example_dags/example_task_group_decorator.py took 0.149 seconds
[2022-12-31T21:09:38.708+0700] {processor.py:153} INFO - Started process (PID=19801) to work on /home/dmk/anaconda3/lib/python3.9/site-packages/airflow/example_dags/example_task_group_decorator.py
[2022-12-31T21:09:38.712+0700] {processor.py:743} INFO - Processing file /home/dmk/anaconda3/lib/python3.9/site-packages/airflow/example_dags/example_task_group_decorator.py for tasks to queue
[2022-12-31T21:09:38.715+0700] {logging_mixin.py:137} INFO - [2022-12-31T21:09:38.714+0700] {dagbag.py:538} INFO - Filling up the DagBag from /home/dmk/anaconda3/lib/python3.9/site-packages/airflow/example_dags/example_task_group_decorator.py
[2022-12-31T21:09:38.781+0700] {processor.py:753} INFO - DAG(s) dict_keys(['example_task_group_decorator']) retrieved from /home/dmk/anaconda3/lib/python3.9/site-packages/airflow/example_dags/example_task_group_decorator.py
[2022-12-31T21:09:38.812+0700] {logging_mixin.py:137} INFO - [2022-12-31T21:09:38.812+0700] {dag.py:2676} INFO - Sync 1 DAGs
[2022-12-31T21:09:38.832+0700] {logging_mixin.py:137} INFO - [2022-12-31T21:09:38.832+0700] {dag.py:3423} INFO - Setting next_dagrun for example_task_group_decorator to 2022-12-30T14:09:38.832637+00:00, run_after=2022-12-31T14:09:38.832637+00:00
[2022-12-31T21:09:38.858+0700] {processor.py:175} INFO - Processing /home/dmk/anaconda3/lib/python3.9/site-packages/airflow/example_dags/example_task_group_decorator.py took 0.159 seconds
[2022-12-31T21:10:27.131+0700] {processor.py:153} INFO - Started process (PID=19913) to work on /home/dmk/anaconda3/lib/python3.9/site-packages/airflow/example_dags/example_task_group_decorator.py
[2022-12-31T21:10:27.136+0700] {processor.py:743} INFO - Processing file /home/dmk/anaconda3/lib/python3.9/site-packages/airflow/example_dags/example_task_group_decorator.py for tasks to queue
[2022-12-31T21:10:27.138+0700] {logging_mixin.py:137} INFO - [2022-12-31T21:10:27.138+0700] {dagbag.py:538} INFO - Filling up the DagBag from /home/dmk/anaconda3/lib/python3.9/site-packages/airflow/example_dags/example_task_group_decorator.py
[2022-12-31T21:10:27.217+0700] {processor.py:753} INFO - DAG(s) dict_keys(['example_task_group_decorator']) retrieved from /home/dmk/anaconda3/lib/python3.9/site-packages/airflow/example_dags/example_task_group_decorator.py
[2022-12-31T21:10:27.247+0700] {logging_mixin.py:137} INFO - [2022-12-31T21:10:27.247+0700] {dag.py:2676} INFO - Sync 1 DAGs
[2022-12-31T21:10:27.268+0700] {logging_mixin.py:137} INFO - [2022-12-31T21:10:27.268+0700] {dag.py:3423} INFO - Setting next_dagrun for example_task_group_decorator to 2022-12-30T14:10:27.268047+00:00, run_after=2022-12-31T14:10:27.268047+00:00
[2022-12-31T21:10:27.295+0700] {processor.py:175} INFO - Processing /home/dmk/anaconda3/lib/python3.9/site-packages/airflow/example_dags/example_task_group_decorator.py took 0.175 seconds
[2022-12-31T21:11:17.201+0700] {processor.py:153} INFO - Started process (PID=20187) to work on /home/dmk/anaconda3/lib/python3.9/site-packages/airflow/example_dags/example_task_group_decorator.py
[2022-12-31T21:11:17.207+0700] {processor.py:743} INFO - Processing file /home/dmk/anaconda3/lib/python3.9/site-packages/airflow/example_dags/example_task_group_decorator.py for tasks to queue
[2022-12-31T21:11:17.211+0700] {logging_mixin.py:137} INFO - [2022-12-31T21:11:17.210+0700] {dagbag.py:538} INFO - Filling up the DagBag from /home/dmk/anaconda3/lib/python3.9/site-packages/airflow/example_dags/example_task_group_decorator.py
[2022-12-31T21:11:17.301+0700] {processor.py:753} INFO - DAG(s) dict_keys(['example_task_group_decorator']) retrieved from /home/dmk/anaconda3/lib/python3.9/site-packages/airflow/example_dags/example_task_group_decorator.py
[2022-12-31T21:11:17.333+0700] {logging_mixin.py:137} INFO - [2022-12-31T21:11:17.333+0700] {dag.py:2676} INFO - Sync 1 DAGs
[2022-12-31T21:11:17.357+0700] {logging_mixin.py:137} INFO - [2022-12-31T21:11:17.356+0700] {dag.py:3423} INFO - Setting next_dagrun for example_task_group_decorator to 2022-12-30T14:11:17.356527+00:00, run_after=2022-12-31T14:11:17.356527+00:00
[2022-12-31T21:11:17.383+0700] {processor.py:175} INFO - Processing /home/dmk/anaconda3/lib/python3.9/site-packages/airflow/example_dags/example_task_group_decorator.py took 0.195 seconds
[2022-12-31T21:12:28.959+0700] {processor.py:153} INFO - Started process (PID=20420) to work on /home/dmk/anaconda3/lib/python3.9/site-packages/airflow/example_dags/example_task_group_decorator.py
[2022-12-31T21:12:28.965+0700] {processor.py:743} INFO - Processing file /home/dmk/anaconda3/lib/python3.9/site-packages/airflow/example_dags/example_task_group_decorator.py for tasks to queue
[2022-12-31T21:12:28.967+0700] {logging_mixin.py:137} INFO - [2022-12-31T21:12:28.966+0700] {dagbag.py:538} INFO - Filling up the DagBag from /home/dmk/anaconda3/lib/python3.9/site-packages/airflow/example_dags/example_task_group_decorator.py
[2022-12-31T21:12:29.010+0700] {processor.py:753} INFO - DAG(s) dict_keys(['example_task_group_decorator']) retrieved from /home/dmk/anaconda3/lib/python3.9/site-packages/airflow/example_dags/example_task_group_decorator.py
[2022-12-31T21:12:29.038+0700] {logging_mixin.py:137} INFO - [2022-12-31T21:12:29.038+0700] {dag.py:2676} INFO - Sync 1 DAGs
[2022-12-31T21:12:29.059+0700] {logging_mixin.py:137} INFO - [2022-12-31T21:12:29.058+0700] {dag.py:3423} INFO - Setting next_dagrun for example_task_group_decorator to 2022-12-30T14:12:29.058662+00:00, run_after=2022-12-31T14:12:29.058662+00:00
[2022-12-31T21:12:29.081+0700] {processor.py:175} INFO - Processing /home/dmk/anaconda3/lib/python3.9/site-packages/airflow/example_dags/example_task_group_decorator.py took 0.130 seconds
[2022-12-31T21:13:15.513+0700] {processor.py:153} INFO - Started process (PID=20579) to work on /home/dmk/anaconda3/lib/python3.9/site-packages/airflow/example_dags/example_task_group_decorator.py
[2022-12-31T21:13:15.517+0700] {processor.py:743} INFO - Processing file /home/dmk/anaconda3/lib/python3.9/site-packages/airflow/example_dags/example_task_group_decorator.py for tasks to queue
[2022-12-31T21:13:15.517+0700] {logging_mixin.py:137} INFO - [2022-12-31T21:13:15.517+0700] {dagbag.py:538} INFO - Filling up the DagBag from /home/dmk/anaconda3/lib/python3.9/site-packages/airflow/example_dags/example_task_group_decorator.py
[2022-12-31T21:13:15.549+0700] {processor.py:753} INFO - DAG(s) dict_keys(['example_task_group_decorator']) retrieved from /home/dmk/anaconda3/lib/python3.9/site-packages/airflow/example_dags/example_task_group_decorator.py
[2022-12-31T21:13:15.586+0700] {logging_mixin.py:137} INFO - [2022-12-31T21:13:15.586+0700] {dag.py:2676} INFO - Sync 1 DAGs
[2022-12-31T21:13:15.611+0700] {logging_mixin.py:137} INFO - [2022-12-31T21:13:15.611+0700] {dag.py:3423} INFO - Setting next_dagrun for example_task_group_decorator to 2022-12-30T14:13:15.611248+00:00, run_after=2022-12-31T14:13:15.611248+00:00
[2022-12-31T21:13:15.636+0700] {processor.py:175} INFO - Processing /home/dmk/anaconda3/lib/python3.9/site-packages/airflow/example_dags/example_task_group_decorator.py took 0.126 seconds
[2022-12-31T21:14:05.086+0700] {processor.py:153} INFO - Started process (PID=21098) to work on /home/dmk/anaconda3/lib/python3.9/site-packages/airflow/example_dags/example_task_group_decorator.py
[2022-12-31T21:14:05.088+0700] {processor.py:743} INFO - Processing file /home/dmk/anaconda3/lib/python3.9/site-packages/airflow/example_dags/example_task_group_decorator.py for tasks to queue
[2022-12-31T21:14:05.090+0700] {logging_mixin.py:137} INFO - [2022-12-31T21:14:05.089+0700] {dagbag.py:538} INFO - Filling up the DagBag from /home/dmk/anaconda3/lib/python3.9/site-packages/airflow/example_dags/example_task_group_decorator.py
[2022-12-31T21:14:05.139+0700] {processor.py:753} INFO - DAG(s) dict_keys(['example_task_group_decorator']) retrieved from /home/dmk/anaconda3/lib/python3.9/site-packages/airflow/example_dags/example_task_group_decorator.py
[2022-12-31T21:14:05.168+0700] {logging_mixin.py:137} INFO - [2022-12-31T21:14:05.168+0700] {dag.py:2676} INFO - Sync 1 DAGs
[2022-12-31T21:14:05.187+0700] {logging_mixin.py:137} INFO - [2022-12-31T21:14:05.187+0700] {dag.py:3423} INFO - Setting next_dagrun for example_task_group_decorator to 2022-12-30T14:14:05.187219+00:00, run_after=2022-12-31T14:14:05.187219+00:00
[2022-12-31T21:14:05.212+0700] {processor.py:175} INFO - Processing /home/dmk/anaconda3/lib/python3.9/site-packages/airflow/example_dags/example_task_group_decorator.py took 0.132 seconds
[2022-12-31T21:14:56.869+0700] {processor.py:153} INFO - Started process (PID=22026) to work on /home/dmk/anaconda3/lib/python3.9/site-packages/airflow/example_dags/example_task_group_decorator.py
[2022-12-31T21:14:56.874+0700] {processor.py:743} INFO - Processing file /home/dmk/anaconda3/lib/python3.9/site-packages/airflow/example_dags/example_task_group_decorator.py for tasks to queue
[2022-12-31T21:14:56.875+0700] {logging_mixin.py:137} INFO - [2022-12-31T21:14:56.875+0700] {dagbag.py:538} INFO - Filling up the DagBag from /home/dmk/anaconda3/lib/python3.9/site-packages/airflow/example_dags/example_task_group_decorator.py
[2022-12-31T21:14:56.937+0700] {processor.py:753} INFO - DAG(s) dict_keys(['example_task_group_decorator']) retrieved from /home/dmk/anaconda3/lib/python3.9/site-packages/airflow/example_dags/example_task_group_decorator.py
[2022-12-31T21:14:56.987+0700] {logging_mixin.py:137} INFO - [2022-12-31T21:14:56.987+0700] {dag.py:2676} INFO - Sync 1 DAGs
[2022-12-31T21:14:57.012+0700] {logging_mixin.py:137} INFO - [2022-12-31T21:14:57.012+0700] {dag.py:3423} INFO - Setting next_dagrun for example_task_group_decorator to 2022-12-30T14:14:57.012329+00:00, run_after=2022-12-31T14:14:57.012329+00:00
[2022-12-31T21:14:57.035+0700] {processor.py:175} INFO - Processing /home/dmk/anaconda3/lib/python3.9/site-packages/airflow/example_dags/example_task_group_decorator.py took 0.170 seconds
[2022-12-31T21:15:49.671+0700] {processor.py:153} INFO - Started process (PID=22361) to work on /home/dmk/anaconda3/lib/python3.9/site-packages/airflow/example_dags/example_task_group_decorator.py
[2022-12-31T21:15:49.675+0700] {processor.py:743} INFO - Processing file /home/dmk/anaconda3/lib/python3.9/site-packages/airflow/example_dags/example_task_group_decorator.py for tasks to queue
[2022-12-31T21:15:49.676+0700] {logging_mixin.py:137} INFO - [2022-12-31T21:15:49.676+0700] {dagbag.py:538} INFO - Filling up the DagBag from /home/dmk/anaconda3/lib/python3.9/site-packages/airflow/example_dags/example_task_group_decorator.py
[2022-12-31T21:15:49.709+0700] {processor.py:753} INFO - DAG(s) dict_keys(['example_task_group_decorator']) retrieved from /home/dmk/anaconda3/lib/python3.9/site-packages/airflow/example_dags/example_task_group_decorator.py
[2022-12-31T21:15:49.735+0700] {logging_mixin.py:137} INFO - [2022-12-31T21:15:49.735+0700] {dag.py:2676} INFO - Sync 1 DAGs
[2022-12-31T21:15:49.753+0700] {logging_mixin.py:137} INFO - [2022-12-31T21:15:49.753+0700] {dag.py:3423} INFO - Setting next_dagrun for example_task_group_decorator to 2022-12-30T14:15:49.753491+00:00, run_after=2022-12-31T14:15:49.753491+00:00
[2022-12-31T21:15:49.775+0700] {processor.py:175} INFO - Processing /home/dmk/anaconda3/lib/python3.9/site-packages/airflow/example_dags/example_task_group_decorator.py took 0.106 seconds
[2022-12-31T21:16:35.173+0700] {processor.py:153} INFO - Started process (PID=22717) to work on /home/dmk/anaconda3/lib/python3.9/site-packages/airflow/example_dags/example_task_group_decorator.py
[2022-12-31T21:16:35.177+0700] {processor.py:743} INFO - Processing file /home/dmk/anaconda3/lib/python3.9/site-packages/airflow/example_dags/example_task_group_decorator.py for tasks to queue
[2022-12-31T21:16:35.178+0700] {logging_mixin.py:137} INFO - [2022-12-31T21:16:35.178+0700] {dagbag.py:538} INFO - Filling up the DagBag from /home/dmk/anaconda3/lib/python3.9/site-packages/airflow/example_dags/example_task_group_decorator.py
[2022-12-31T21:16:35.211+0700] {processor.py:753} INFO - DAG(s) dict_keys(['example_task_group_decorator']) retrieved from /home/dmk/anaconda3/lib/python3.9/site-packages/airflow/example_dags/example_task_group_decorator.py
[2022-12-31T21:16:35.238+0700] {logging_mixin.py:137} INFO - [2022-12-31T21:16:35.238+0700] {dag.py:2676} INFO - Sync 1 DAGs
[2022-12-31T21:16:35.257+0700] {logging_mixin.py:137} INFO - [2022-12-31T21:16:35.257+0700] {dag.py:3423} INFO - Setting next_dagrun for example_task_group_decorator to 2022-12-30T14:16:35.257531+00:00, run_after=2022-12-31T14:16:35.257531+00:00
[2022-12-31T21:16:35.290+0700] {processor.py:175} INFO - Processing /home/dmk/anaconda3/lib/python3.9/site-packages/airflow/example_dags/example_task_group_decorator.py took 0.119 seconds
[2022-12-31T21:17:23.571+0700] {processor.py:153} INFO - Started process (PID=23592) to work on /home/dmk/anaconda3/lib/python3.9/site-packages/airflow/example_dags/example_task_group_decorator.py
[2022-12-31T21:17:23.577+0700] {processor.py:743} INFO - Processing file /home/dmk/anaconda3/lib/python3.9/site-packages/airflow/example_dags/example_task_group_decorator.py for tasks to queue
[2022-12-31T21:17:23.579+0700] {logging_mixin.py:137} INFO - [2022-12-31T21:17:23.578+0700] {dagbag.py:538} INFO - Filling up the DagBag from /home/dmk/anaconda3/lib/python3.9/site-packages/airflow/example_dags/example_task_group_decorator.py
[2022-12-31T21:17:23.626+0700] {processor.py:753} INFO - DAG(s) dict_keys(['example_task_group_decorator']) retrieved from /home/dmk/anaconda3/lib/python3.9/site-packages/airflow/example_dags/example_task_group_decorator.py
[2022-12-31T21:17:23.653+0700] {logging_mixin.py:137} INFO - [2022-12-31T21:17:23.653+0700] {dag.py:2676} INFO - Sync 1 DAGs
[2022-12-31T21:17:23.670+0700] {logging_mixin.py:137} INFO - [2022-12-31T21:17:23.670+0700] {dag.py:3423} INFO - Setting next_dagrun for example_task_group_decorator to 2022-12-30T14:17:23.670253+00:00, run_after=2022-12-31T14:17:23.670253+00:00
[2022-12-31T21:17:23.703+0700] {processor.py:175} INFO - Processing /home/dmk/anaconda3/lib/python3.9/site-packages/airflow/example_dags/example_task_group_decorator.py took 0.139 seconds
[2022-12-31T21:18:24.419+0700] {processor.py:153} INFO - Started process (PID=23710) to work on /home/dmk/anaconda3/lib/python3.9/site-packages/airflow/example_dags/example_task_group_decorator.py
[2022-12-31T21:18:24.423+0700] {processor.py:743} INFO - Processing file /home/dmk/anaconda3/lib/python3.9/site-packages/airflow/example_dags/example_task_group_decorator.py for tasks to queue
[2022-12-31T21:18:24.424+0700] {logging_mixin.py:137} INFO - [2022-12-31T21:18:24.424+0700] {dagbag.py:538} INFO - Filling up the DagBag from /home/dmk/anaconda3/lib/python3.9/site-packages/airflow/example_dags/example_task_group_decorator.py
[2022-12-31T21:18:24.469+0700] {processor.py:753} INFO - DAG(s) dict_keys(['example_task_group_decorator']) retrieved from /home/dmk/anaconda3/lib/python3.9/site-packages/airflow/example_dags/example_task_group_decorator.py
[2022-12-31T21:18:24.514+0700] {logging_mixin.py:137} INFO - [2022-12-31T21:18:24.514+0700] {dag.py:2676} INFO - Sync 1 DAGs
[2022-12-31T21:18:24.545+0700] {logging_mixin.py:137} INFO - [2022-12-31T21:18:24.545+0700] {dag.py:3423} INFO - Setting next_dagrun for example_task_group_decorator to 2022-12-30T14:18:24.545240+00:00, run_after=2022-12-31T14:18:24.545240+00:00
[2022-12-31T21:18:24.592+0700] {processor.py:175} INFO - Processing /home/dmk/anaconda3/lib/python3.9/site-packages/airflow/example_dags/example_task_group_decorator.py took 0.178 seconds
[2022-12-31T21:19:16.665+0700] {processor.py:153} INFO - Started process (PID=24119) to work on /home/dmk/anaconda3/lib/python3.9/site-packages/airflow/example_dags/example_task_group_decorator.py
[2022-12-31T21:19:16.669+0700] {processor.py:743} INFO - Processing file /home/dmk/anaconda3/lib/python3.9/site-packages/airflow/example_dags/example_task_group_decorator.py for tasks to queue
[2022-12-31T21:19:16.669+0700] {logging_mixin.py:137} INFO - [2022-12-31T21:19:16.669+0700] {dagbag.py:538} INFO - Filling up the DagBag from /home/dmk/anaconda3/lib/python3.9/site-packages/airflow/example_dags/example_task_group_decorator.py
[2022-12-31T21:19:16.696+0700] {processor.py:753} INFO - DAG(s) dict_keys(['example_task_group_decorator']) retrieved from /home/dmk/anaconda3/lib/python3.9/site-packages/airflow/example_dags/example_task_group_decorator.py
[2022-12-31T21:19:16.725+0700] {logging_mixin.py:137} INFO - [2022-12-31T21:19:16.725+0700] {dag.py:2676} INFO - Sync 1 DAGs
[2022-12-31T21:19:16.834+0700] {logging_mixin.py:137} INFO - [2022-12-31T21:19:16.834+0700] {dag.py:3423} INFO - Setting next_dagrun for example_task_group_decorator to 2022-12-30T14:19:16.834109+00:00, run_after=2022-12-31T14:19:16.834109+00:00
[2022-12-31T21:19:16.864+0700] {processor.py:175} INFO - Processing /home/dmk/anaconda3/lib/python3.9/site-packages/airflow/example_dags/example_task_group_decorator.py took 0.201 seconds
[2022-12-31T21:20:09.070+0700] {processor.py:153} INFO - Started process (PID=24340) to work on /home/dmk/anaconda3/lib/python3.9/site-packages/airflow/example_dags/example_task_group_decorator.py
[2022-12-31T21:20:09.073+0700] {processor.py:743} INFO - Processing file /home/dmk/anaconda3/lib/python3.9/site-packages/airflow/example_dags/example_task_group_decorator.py for tasks to queue
[2022-12-31T21:20:09.073+0700] {logging_mixin.py:137} INFO - [2022-12-31T21:20:09.073+0700] {dagbag.py:538} INFO - Filling up the DagBag from /home/dmk/anaconda3/lib/python3.9/site-packages/airflow/example_dags/example_task_group_decorator.py
[2022-12-31T21:20:09.103+0700] {processor.py:753} INFO - DAG(s) dict_keys(['example_task_group_decorator']) retrieved from /home/dmk/anaconda3/lib/python3.9/site-packages/airflow/example_dags/example_task_group_decorator.py
[2022-12-31T21:20:09.227+0700] {logging_mixin.py:137} INFO - [2022-12-31T21:20:09.227+0700] {dag.py:2676} INFO - Sync 1 DAGs
[2022-12-31T21:20:09.249+0700] {logging_mixin.py:137} INFO - [2022-12-31T21:20:09.249+0700] {dag.py:3423} INFO - Setting next_dagrun for example_task_group_decorator to 2022-12-30T14:20:09.249018+00:00, run_after=2022-12-31T14:20:09.249018+00:00
[2022-12-31T21:20:09.282+0700] {processor.py:175} INFO - Processing /home/dmk/anaconda3/lib/python3.9/site-packages/airflow/example_dags/example_task_group_decorator.py took 0.214 seconds
[2022-12-31T21:21:01.809+0700] {processor.py:153} INFO - Started process (PID=24501) to work on /home/dmk/anaconda3/lib/python3.9/site-packages/airflow/example_dags/example_task_group_decorator.py
[2022-12-31T21:21:01.813+0700] {processor.py:743} INFO - Processing file /home/dmk/anaconda3/lib/python3.9/site-packages/airflow/example_dags/example_task_group_decorator.py for tasks to queue
[2022-12-31T21:21:01.814+0700] {logging_mixin.py:137} INFO - [2022-12-31T21:21:01.814+0700] {dagbag.py:538} INFO - Filling up the DagBag from /home/dmk/anaconda3/lib/python3.9/site-packages/airflow/example_dags/example_task_group_decorator.py
[2022-12-31T21:21:01.948+0700] {processor.py:753} INFO - DAG(s) dict_keys(['example_task_group_decorator']) retrieved from /home/dmk/anaconda3/lib/python3.9/site-packages/airflow/example_dags/example_task_group_decorator.py
[2022-12-31T21:21:02.290+0700] {logging_mixin.py:137} INFO - [2022-12-31T21:21:02.289+0700] {dag.py:2676} INFO - Sync 1 DAGs
[2022-12-31T21:21:02.352+0700] {logging_mixin.py:137} INFO - [2022-12-31T21:21:02.351+0700] {dag.py:3423} INFO - Setting next_dagrun for example_task_group_decorator to 2022-12-30T14:21:02.351604+00:00, run_after=2022-12-31T14:21:02.351604+00:00
[2022-12-31T21:21:02.428+0700] {processor.py:175} INFO - Processing /home/dmk/anaconda3/lib/python3.9/site-packages/airflow/example_dags/example_task_group_decorator.py took 0.627 seconds
[2022-12-31T21:22:40.081+0700] {processor.py:153} INFO - Started process (PID=25311) to work on /home/dmk/anaconda3/lib/python3.9/site-packages/airflow/example_dags/example_task_group_decorator.py
[2022-12-31T21:22:40.083+0700] {processor.py:743} INFO - Processing file /home/dmk/anaconda3/lib/python3.9/site-packages/airflow/example_dags/example_task_group_decorator.py for tasks to queue
[2022-12-31T21:22:40.084+0700] {logging_mixin.py:137} INFO - [2022-12-31T21:22:40.083+0700] {dagbag.py:538} INFO - Filling up the DagBag from /home/dmk/anaconda3/lib/python3.9/site-packages/airflow/example_dags/example_task_group_decorator.py
[2022-12-31T21:22:40.119+0700] {processor.py:753} INFO - DAG(s) dict_keys(['example_task_group_decorator']) retrieved from /home/dmk/anaconda3/lib/python3.9/site-packages/airflow/example_dags/example_task_group_decorator.py
[2022-12-31T21:22:40.164+0700] {logging_mixin.py:137} INFO - [2022-12-31T21:22:40.164+0700] {dag.py:2676} INFO - Sync 1 DAGs
[2022-12-31T21:22:40.330+0700] {logging_mixin.py:137} INFO - [2022-12-31T21:22:40.330+0700] {dag.py:3423} INFO - Setting next_dagrun for example_task_group_decorator to 2022-12-30T14:22:40.329917+00:00, run_after=2022-12-31T14:22:40.329917+00:00
[2022-12-31T21:22:40.365+0700] {processor.py:175} INFO - Processing /home/dmk/anaconda3/lib/python3.9/site-packages/airflow/example_dags/example_task_group_decorator.py took 0.289 seconds
[2022-12-31T21:23:32.966+0700] {processor.py:153} INFO - Started process (PID=25437) to work on /home/dmk/anaconda3/lib/python3.9/site-packages/airflow/example_dags/example_task_group_decorator.py
[2022-12-31T21:23:32.970+0700] {processor.py:743} INFO - Processing file /home/dmk/anaconda3/lib/python3.9/site-packages/airflow/example_dags/example_task_group_decorator.py for tasks to queue
[2022-12-31T21:23:32.972+0700] {logging_mixin.py:137} INFO - [2022-12-31T21:23:32.971+0700] {dagbag.py:538} INFO - Filling up the DagBag from /home/dmk/anaconda3/lib/python3.9/site-packages/airflow/example_dags/example_task_group_decorator.py
[2022-12-31T21:23:33.012+0700] {processor.py:753} INFO - DAG(s) dict_keys(['example_task_group_decorator']) retrieved from /home/dmk/anaconda3/lib/python3.9/site-packages/airflow/example_dags/example_task_group_decorator.py
[2022-12-31T21:23:33.131+0700] {logging_mixin.py:137} INFO - [2022-12-31T21:23:33.131+0700] {dag.py:2676} INFO - Sync 1 DAGs
[2022-12-31T21:23:33.148+0700] {logging_mixin.py:137} INFO - [2022-12-31T21:23:33.147+0700] {dag.py:3423} INFO - Setting next_dagrun for example_task_group_decorator to 2022-12-30T14:23:33.147769+00:00, run_after=2022-12-31T14:23:33.147769+00:00
[2022-12-31T21:23:33.179+0700] {processor.py:175} INFO - Processing /home/dmk/anaconda3/lib/python3.9/site-packages/airflow/example_dags/example_task_group_decorator.py took 0.219 seconds
[2022-12-31T21:24:35.146+0700] {processor.py:153} INFO - Started process (PID=25643) to work on /home/dmk/anaconda3/lib/python3.9/site-packages/airflow/example_dags/example_task_group_decorator.py
[2022-12-31T21:24:35.151+0700] {processor.py:743} INFO - Processing file /home/dmk/anaconda3/lib/python3.9/site-packages/airflow/example_dags/example_task_group_decorator.py for tasks to queue
[2022-12-31T21:24:35.152+0700] {logging_mixin.py:137} INFO - [2022-12-31T21:24:35.152+0700] {dagbag.py:538} INFO - Filling up the DagBag from /home/dmk/anaconda3/lib/python3.9/site-packages/airflow/example_dags/example_task_group_decorator.py
[2022-12-31T21:24:35.192+0700] {processor.py:753} INFO - DAG(s) dict_keys(['example_task_group_decorator']) retrieved from /home/dmk/anaconda3/lib/python3.9/site-packages/airflow/example_dags/example_task_group_decorator.py
[2022-12-31T21:24:35.315+0700] {logging_mixin.py:137} INFO - [2022-12-31T21:24:35.315+0700] {dag.py:2676} INFO - Sync 1 DAGs
[2022-12-31T21:24:35.330+0700] {logging_mixin.py:137} INFO - [2022-12-31T21:24:35.330+0700] {dag.py:3423} INFO - Setting next_dagrun for example_task_group_decorator to 2022-12-30T14:24:35.330464+00:00, run_after=2022-12-31T14:24:35.330464+00:00
[2022-12-31T21:24:35.378+0700] {processor.py:175} INFO - Processing /home/dmk/anaconda3/lib/python3.9/site-packages/airflow/example_dags/example_task_group_decorator.py took 0.241 seconds
[2022-12-31T21:25:22.480+0700] {processor.py:153} INFO - Started process (PID=25793) to work on /home/dmk/anaconda3/lib/python3.9/site-packages/airflow/example_dags/example_task_group_decorator.py
[2022-12-31T21:25:22.483+0700] {processor.py:743} INFO - Processing file /home/dmk/anaconda3/lib/python3.9/site-packages/airflow/example_dags/example_task_group_decorator.py for tasks to queue
[2022-12-31T21:25:22.484+0700] {logging_mixin.py:137} INFO - [2022-12-31T21:25:22.484+0700] {dagbag.py:538} INFO - Filling up the DagBag from /home/dmk/anaconda3/lib/python3.9/site-packages/airflow/example_dags/example_task_group_decorator.py
[2022-12-31T21:25:22.644+0700] {processor.py:753} INFO - DAG(s) dict_keys(['example_task_group_decorator']) retrieved from /home/dmk/anaconda3/lib/python3.9/site-packages/airflow/example_dags/example_task_group_decorator.py
[2022-12-31T21:25:22.669+0700] {logging_mixin.py:137} INFO - [2022-12-31T21:25:22.669+0700] {dag.py:2676} INFO - Sync 1 DAGs
[2022-12-31T21:25:22.685+0700] {logging_mixin.py:137} INFO - [2022-12-31T21:25:22.684+0700] {dag.py:3423} INFO - Setting next_dagrun for example_task_group_decorator to 2022-12-30T14:25:22.684716+00:00, run_after=2022-12-31T14:25:22.684716+00:00
[2022-12-31T21:25:22.715+0700] {processor.py:175} INFO - Processing /home/dmk/anaconda3/lib/python3.9/site-packages/airflow/example_dags/example_task_group_decorator.py took 0.239 seconds
[2022-12-31T21:26:29.014+0700] {processor.py:153} INFO - Started process (PID=25963) to work on /home/dmk/anaconda3/lib/python3.9/site-packages/airflow/example_dags/example_task_group_decorator.py
[2022-12-31T21:26:29.017+0700] {processor.py:743} INFO - Processing file /home/dmk/anaconda3/lib/python3.9/site-packages/airflow/example_dags/example_task_group_decorator.py for tasks to queue
[2022-12-31T21:26:29.018+0700] {logging_mixin.py:137} INFO - [2022-12-31T21:26:29.018+0700] {dagbag.py:538} INFO - Filling up the DagBag from /home/dmk/anaconda3/lib/python3.9/site-packages/airflow/example_dags/example_task_group_decorator.py
[2022-12-31T21:26:29.174+0700] {processor.py:753} INFO - DAG(s) dict_keys(['example_task_group_decorator']) retrieved from /home/dmk/anaconda3/lib/python3.9/site-packages/airflow/example_dags/example_task_group_decorator.py
[2022-12-31T21:26:29.202+0700] {logging_mixin.py:137} INFO - [2022-12-31T21:26:29.202+0700] {dag.py:2676} INFO - Sync 1 DAGs
[2022-12-31T21:26:29.222+0700] {logging_mixin.py:137} INFO - [2022-12-31T21:26:29.222+0700] {dag.py:3423} INFO - Setting next_dagrun for example_task_group_decorator to 2022-12-30T14:26:29.222490+00:00, run_after=2022-12-31T14:26:29.222490+00:00
[2022-12-31T21:26:29.257+0700] {processor.py:175} INFO - Processing /home/dmk/anaconda3/lib/python3.9/site-packages/airflow/example_dags/example_task_group_decorator.py took 0.248 seconds
[2022-12-31T21:27:31.526+0700] {processor.py:153} INFO - Started process (PID=26072) to work on /home/dmk/anaconda3/lib/python3.9/site-packages/airflow/example_dags/example_task_group_decorator.py
[2022-12-31T21:27:31.530+0700] {processor.py:743} INFO - Processing file /home/dmk/anaconda3/lib/python3.9/site-packages/airflow/example_dags/example_task_group_decorator.py for tasks to queue
[2022-12-31T21:27:31.533+0700] {logging_mixin.py:137} INFO - [2022-12-31T21:27:31.532+0700] {dagbag.py:538} INFO - Filling up the DagBag from /home/dmk/anaconda3/lib/python3.9/site-packages/airflow/example_dags/example_task_group_decorator.py
[2022-12-31T21:27:31.611+0700] {processor.py:753} INFO - DAG(s) dict_keys(['example_task_group_decorator']) retrieved from /home/dmk/anaconda3/lib/python3.9/site-packages/airflow/example_dags/example_task_group_decorator.py
[2022-12-31T21:27:31.644+0700] {logging_mixin.py:137} INFO - [2022-12-31T21:27:31.643+0700] {dag.py:2676} INFO - Sync 1 DAGs
[2022-12-31T21:27:31.665+0700] {logging_mixin.py:137} INFO - [2022-12-31T21:27:31.665+0700] {dag.py:3423} INFO - Setting next_dagrun for example_task_group_decorator to 2022-12-30T14:27:31.665395+00:00, run_after=2022-12-31T14:27:31.665395+00:00
[2022-12-31T21:27:31.739+0700] {processor.py:175} INFO - Processing /home/dmk/anaconda3/lib/python3.9/site-packages/airflow/example_dags/example_task_group_decorator.py took 0.225 seconds
[2022-12-31T21:28:21.435+0700] {processor.py:153} INFO - Started process (PID=26158) to work on /home/dmk/anaconda3/lib/python3.9/site-packages/airflow/example_dags/example_task_group_decorator.py
[2022-12-31T21:28:21.438+0700] {processor.py:743} INFO - Processing file /home/dmk/anaconda3/lib/python3.9/site-packages/airflow/example_dags/example_task_group_decorator.py for tasks to queue
[2022-12-31T21:28:21.439+0700] {logging_mixin.py:137} INFO - [2022-12-31T21:28:21.439+0700] {dagbag.py:538} INFO - Filling up the DagBag from /home/dmk/anaconda3/lib/python3.9/site-packages/airflow/example_dags/example_task_group_decorator.py
[2022-12-31T21:28:21.492+0700] {processor.py:753} INFO - DAG(s) dict_keys(['example_task_group_decorator']) retrieved from /home/dmk/anaconda3/lib/python3.9/site-packages/airflow/example_dags/example_task_group_decorator.py
[2022-12-31T21:28:21.523+0700] {logging_mixin.py:137} INFO - [2022-12-31T21:28:21.523+0700] {dag.py:2676} INFO - Sync 1 DAGs
[2022-12-31T21:28:21.542+0700] {logging_mixin.py:137} INFO - [2022-12-31T21:28:21.542+0700] {dag.py:3423} INFO - Setting next_dagrun for example_task_group_decorator to 2022-12-30T14:28:21.542409+00:00, run_after=2022-12-31T14:28:21.542409+00:00
[2022-12-31T21:28:21.578+0700] {processor.py:175} INFO - Processing /home/dmk/anaconda3/lib/python3.9/site-packages/airflow/example_dags/example_task_group_decorator.py took 0.148 seconds
[2022-12-31T21:29:23.425+0700] {processor.py:153} INFO - Started process (PID=26290) to work on /home/dmk/anaconda3/lib/python3.9/site-packages/airflow/example_dags/example_task_group_decorator.py
[2022-12-31T21:29:23.430+0700] {processor.py:743} INFO - Processing file /home/dmk/anaconda3/lib/python3.9/site-packages/airflow/example_dags/example_task_group_decorator.py for tasks to queue
[2022-12-31T21:29:23.432+0700] {logging_mixin.py:137} INFO - [2022-12-31T21:29:23.432+0700] {dagbag.py:538} INFO - Filling up the DagBag from /home/dmk/anaconda3/lib/python3.9/site-packages/airflow/example_dags/example_task_group_decorator.py
[2022-12-31T21:29:23.498+0700] {processor.py:753} INFO - DAG(s) dict_keys(['example_task_group_decorator']) retrieved from /home/dmk/anaconda3/lib/python3.9/site-packages/airflow/example_dags/example_task_group_decorator.py
[2022-12-31T21:29:23.529+0700] {logging_mixin.py:137} INFO - [2022-12-31T21:29:23.529+0700] {dag.py:2676} INFO - Sync 1 DAGs
[2022-12-31T21:29:23.549+0700] {logging_mixin.py:137} INFO - [2022-12-31T21:29:23.549+0700] {dag.py:3423} INFO - Setting next_dagrun for example_task_group_decorator to 2022-12-30T14:29:23.548898+00:00, run_after=2022-12-31T14:29:23.548898+00:00
[2022-12-31T21:29:23.587+0700] {processor.py:175} INFO - Processing /home/dmk/anaconda3/lib/python3.9/site-packages/airflow/example_dags/example_task_group_decorator.py took 0.175 seconds
[2022-12-31T21:30:46.315+0700] {processor.py:153} INFO - Started process (PID=26487) to work on /home/dmk/anaconda3/lib/python3.9/site-packages/airflow/example_dags/example_task_group_decorator.py
[2022-12-31T21:30:46.320+0700] {processor.py:743} INFO - Processing file /home/dmk/anaconda3/lib/python3.9/site-packages/airflow/example_dags/example_task_group_decorator.py for tasks to queue
[2022-12-31T21:30:46.323+0700] {logging_mixin.py:137} INFO - [2022-12-31T21:30:46.323+0700] {dagbag.py:538} INFO - Filling up the DagBag from /home/dmk/anaconda3/lib/python3.9/site-packages/airflow/example_dags/example_task_group_decorator.py
[2022-12-31T21:30:46.395+0700] {processor.py:753} INFO - DAG(s) dict_keys(['example_task_group_decorator']) retrieved from /home/dmk/anaconda3/lib/python3.9/site-packages/airflow/example_dags/example_task_group_decorator.py
[2022-12-31T21:30:46.427+0700] {logging_mixin.py:137} INFO - [2022-12-31T21:30:46.426+0700] {dag.py:2676} INFO - Sync 1 DAGs
[2022-12-31T21:30:46.447+0700] {logging_mixin.py:137} INFO - [2022-12-31T21:30:46.447+0700] {dag.py:3423} INFO - Setting next_dagrun for example_task_group_decorator to 2022-12-30T14:30:46.447618+00:00, run_after=2022-12-31T14:30:46.447618+00:00
[2022-12-31T21:30:46.482+0700] {processor.py:175} INFO - Processing /home/dmk/anaconda3/lib/python3.9/site-packages/airflow/example_dags/example_task_group_decorator.py took 0.177 seconds
[2022-12-31T21:31:40.107+0700] {processor.py:153} INFO - Started process (PID=26584) to work on /home/dmk/anaconda3/lib/python3.9/site-packages/airflow/example_dags/example_task_group_decorator.py
[2022-12-31T21:31:40.113+0700] {processor.py:743} INFO - Processing file /home/dmk/anaconda3/lib/python3.9/site-packages/airflow/example_dags/example_task_group_decorator.py for tasks to queue
[2022-12-31T21:31:40.115+0700] {logging_mixin.py:137} INFO - [2022-12-31T21:31:40.115+0700] {dagbag.py:538} INFO - Filling up the DagBag from /home/dmk/anaconda3/lib/python3.9/site-packages/airflow/example_dags/example_task_group_decorator.py
[2022-12-31T21:31:40.181+0700] {processor.py:753} INFO - DAG(s) dict_keys(['example_task_group_decorator']) retrieved from /home/dmk/anaconda3/lib/python3.9/site-packages/airflow/example_dags/example_task_group_decorator.py
[2022-12-31T21:31:40.213+0700] {logging_mixin.py:137} INFO - [2022-12-31T21:31:40.213+0700] {dag.py:2676} INFO - Sync 1 DAGs
[2022-12-31T21:31:40.233+0700] {logging_mixin.py:137} INFO - [2022-12-31T21:31:40.233+0700] {dag.py:3423} INFO - Setting next_dagrun for example_task_group_decorator to 2022-12-30T14:31:40.233005+00:00, run_after=2022-12-31T14:31:40.233005+00:00
[2022-12-31T21:31:40.266+0700] {processor.py:175} INFO - Processing /home/dmk/anaconda3/lib/python3.9/site-packages/airflow/example_dags/example_task_group_decorator.py took 0.169 seconds
[2022-12-31T21:32:44.400+0700] {processor.py:153} INFO - Started process (PID=26707) to work on /home/dmk/anaconda3/lib/python3.9/site-packages/airflow/example_dags/example_task_group_decorator.py
[2022-12-31T21:32:44.404+0700] {processor.py:743} INFO - Processing file /home/dmk/anaconda3/lib/python3.9/site-packages/airflow/example_dags/example_task_group_decorator.py for tasks to queue
[2022-12-31T21:32:44.405+0700] {logging_mixin.py:137} INFO - [2022-12-31T21:32:44.405+0700] {dagbag.py:538} INFO - Filling up the DagBag from /home/dmk/anaconda3/lib/python3.9/site-packages/airflow/example_dags/example_task_group_decorator.py
[2022-12-31T21:32:44.454+0700] {processor.py:753} INFO - DAG(s) dict_keys(['example_task_group_decorator']) retrieved from /home/dmk/anaconda3/lib/python3.9/site-packages/airflow/example_dags/example_task_group_decorator.py
[2022-12-31T21:32:44.485+0700] {logging_mixin.py:137} INFO - [2022-12-31T21:32:44.484+0700] {dag.py:2676} INFO - Sync 1 DAGs
[2022-12-31T21:32:44.504+0700] {logging_mixin.py:137} INFO - [2022-12-31T21:32:44.504+0700] {dag.py:3423} INFO - Setting next_dagrun for example_task_group_decorator to 2022-12-30T14:32:44.504432+00:00, run_after=2022-12-31T14:32:44.504432+00:00
[2022-12-31T21:32:44.536+0700] {processor.py:175} INFO - Processing /home/dmk/anaconda3/lib/python3.9/site-packages/airflow/example_dags/example_task_group_decorator.py took 0.141 seconds
[2022-12-31T21:33:45.045+0700] {processor.py:153} INFO - Started process (PID=26828) to work on /home/dmk/anaconda3/lib/python3.9/site-packages/airflow/example_dags/example_task_group_decorator.py
[2022-12-31T21:33:45.047+0700] {processor.py:743} INFO - Processing file /home/dmk/anaconda3/lib/python3.9/site-packages/airflow/example_dags/example_task_group_decorator.py for tasks to queue
[2022-12-31T21:33:45.048+0700] {logging_mixin.py:137} INFO - [2022-12-31T21:33:45.048+0700] {dagbag.py:538} INFO - Filling up the DagBag from /home/dmk/anaconda3/lib/python3.9/site-packages/airflow/example_dags/example_task_group_decorator.py
[2022-12-31T21:33:45.075+0700] {processor.py:753} INFO - DAG(s) dict_keys(['example_task_group_decorator']) retrieved from /home/dmk/anaconda3/lib/python3.9/site-packages/airflow/example_dags/example_task_group_decorator.py
[2022-12-31T21:33:45.102+0700] {logging_mixin.py:137} INFO - [2022-12-31T21:33:45.102+0700] {dag.py:2676} INFO - Sync 1 DAGs
[2022-12-31T21:33:45.119+0700] {logging_mixin.py:137} INFO - [2022-12-31T21:33:45.119+0700] {dag.py:3423} INFO - Setting next_dagrun for example_task_group_decorator to 2022-12-30T14:33:45.119065+00:00, run_after=2022-12-31T14:33:45.119065+00:00
[2022-12-31T21:33:45.150+0700] {processor.py:175} INFO - Processing /home/dmk/anaconda3/lib/python3.9/site-packages/airflow/example_dags/example_task_group_decorator.py took 0.107 seconds
[2022-12-31T21:34:47.764+0700] {processor.py:153} INFO - Started process (PID=27674) to work on /home/dmk/anaconda3/lib/python3.9/site-packages/airflow/example_dags/example_task_group_decorator.py
[2022-12-31T21:34:47.768+0700] {processor.py:743} INFO - Processing file /home/dmk/anaconda3/lib/python3.9/site-packages/airflow/example_dags/example_task_group_decorator.py for tasks to queue
[2022-12-31T21:34:47.768+0700] {logging_mixin.py:137} INFO - [2022-12-31T21:34:47.768+0700] {dagbag.py:538} INFO - Filling up the DagBag from /home/dmk/anaconda3/lib/python3.9/site-packages/airflow/example_dags/example_task_group_decorator.py
[2022-12-31T21:34:47.798+0700] {processor.py:753} INFO - DAG(s) dict_keys(['example_task_group_decorator']) retrieved from /home/dmk/anaconda3/lib/python3.9/site-packages/airflow/example_dags/example_task_group_decorator.py
[2022-12-31T21:34:47.824+0700] {logging_mixin.py:137} INFO - [2022-12-31T21:34:47.824+0700] {dag.py:2676} INFO - Sync 1 DAGs
[2022-12-31T21:34:47.942+0700] {logging_mixin.py:137} INFO - [2022-12-31T21:34:47.942+0700] {dag.py:3423} INFO - Setting next_dagrun for example_task_group_decorator to 2022-12-30T14:34:47.942629+00:00, run_after=2022-12-31T14:34:47.942629+00:00
[2022-12-31T21:34:47.972+0700] {processor.py:175} INFO - Processing /home/dmk/anaconda3/lib/python3.9/site-packages/airflow/example_dags/example_task_group_decorator.py took 0.211 seconds
[2022-12-31T21:35:38.646+0700] {processor.py:153} INFO - Started process (PID=27889) to work on /home/dmk/anaconda3/lib/python3.9/site-packages/airflow/example_dags/example_task_group_decorator.py
[2022-12-31T21:35:38.651+0700] {processor.py:743} INFO - Processing file /home/dmk/anaconda3/lib/python3.9/site-packages/airflow/example_dags/example_task_group_decorator.py for tasks to queue
[2022-12-31T21:35:38.653+0700] {logging_mixin.py:137} INFO - [2022-12-31T21:35:38.653+0700] {dagbag.py:538} INFO - Filling up the DagBag from /home/dmk/anaconda3/lib/python3.9/site-packages/airflow/example_dags/example_task_group_decorator.py
[2022-12-31T21:35:38.693+0700] {processor.py:753} INFO - DAG(s) dict_keys(['example_task_group_decorator']) retrieved from /home/dmk/anaconda3/lib/python3.9/site-packages/airflow/example_dags/example_task_group_decorator.py
[2022-12-31T21:35:38.714+0700] {logging_mixin.py:137} INFO - [2022-12-31T21:35:38.714+0700] {dag.py:2676} INFO - Sync 1 DAGs
[2022-12-31T21:35:38.830+0700] {logging_mixin.py:137} INFO - [2022-12-31T21:35:38.830+0700] {dag.py:3423} INFO - Setting next_dagrun for example_task_group_decorator to 2022-12-30T14:35:38.829877+00:00, run_after=2022-12-31T14:35:38.829877+00:00
[2022-12-31T21:35:38.862+0700] {processor.py:175} INFO - Processing /home/dmk/anaconda3/lib/python3.9/site-packages/airflow/example_dags/example_task_group_decorator.py took 0.224 seconds
[2022-12-31T21:38:22.086+0700] {processor.py:153} INFO - Started process (PID=28829) to work on /home/dmk/anaconda3/lib/python3.9/site-packages/airflow/example_dags/example_task_group_decorator.py
[2022-12-31T21:38:22.088+0700] {processor.py:743} INFO - Processing file /home/dmk/anaconda3/lib/python3.9/site-packages/airflow/example_dags/example_task_group_decorator.py for tasks to queue
[2022-12-31T21:38:22.089+0700] {logging_mixin.py:137} INFO - [2022-12-31T21:38:22.089+0700] {dagbag.py:538} INFO - Filling up the DagBag from /home/dmk/anaconda3/lib/python3.9/site-packages/airflow/example_dags/example_task_group_decorator.py
[2022-12-31T21:38:22.131+0700] {processor.py:753} INFO - DAG(s) dict_keys(['example_task_group_decorator']) retrieved from /home/dmk/anaconda3/lib/python3.9/site-packages/airflow/example_dags/example_task_group_decorator.py
[2022-12-31T21:38:22.369+0700] {logging_mixin.py:137} INFO - [2022-12-31T21:38:22.369+0700] {manager.py:504} INFO - Created Permission View: can delete on DAG:example_task_group_decorator
[2022-12-31T21:38:22.392+0700] {logging_mixin.py:137} INFO - [2022-12-31T21:38:22.391+0700] {manager.py:504} INFO - Created Permission View: can read on DAG:example_task_group_decorator
[2022-12-31T21:38:22.422+0700] {logging_mixin.py:137} INFO - [2022-12-31T21:38:22.421+0700] {manager.py:504} INFO - Created Permission View: can edit on DAG:example_task_group_decorator
[2022-12-31T21:38:22.423+0700] {logging_mixin.py:137} INFO - [2022-12-31T21:38:22.423+0700] {dag.py:2676} INFO - Sync 1 DAGs
[2022-12-31T21:38:22.464+0700] {logging_mixin.py:137} INFO - [2022-12-31T21:38:22.464+0700] {dag.py:2697} INFO - Creating ORM DAG for example_task_group_decorator
[2022-12-31T21:38:22.480+0700] {logging_mixin.py:137} INFO - [2022-12-31T21:38:22.480+0700] {dag.py:3423} INFO - Setting next_dagrun for example_task_group_decorator to 2022-12-30T14:38:22.480308+00:00, run_after=2022-12-31T14:38:22.480308+00:00
[2022-12-31T21:38:22.514+0700] {processor.py:175} INFO - Processing /home/dmk/anaconda3/lib/python3.9/site-packages/airflow/example_dags/example_task_group_decorator.py took 0.430 seconds
[2022-12-31T21:39:17.080+0700] {processor.py:153} INFO - Started process (PID=29106) to work on /home/dmk/anaconda3/lib/python3.9/site-packages/airflow/example_dags/example_task_group_decorator.py
[2022-12-31T21:39:17.085+0700] {processor.py:743} INFO - Processing file /home/dmk/anaconda3/lib/python3.9/site-packages/airflow/example_dags/example_task_group_decorator.py for tasks to queue
[2022-12-31T21:39:17.086+0700] {logging_mixin.py:137} INFO - [2022-12-31T21:39:17.086+0700] {dagbag.py:538} INFO - Filling up the DagBag from /home/dmk/anaconda3/lib/python3.9/site-packages/airflow/example_dags/example_task_group_decorator.py
[2022-12-31T21:39:17.137+0700] {processor.py:753} INFO - DAG(s) dict_keys(['example_task_group_decorator']) retrieved from /home/dmk/anaconda3/lib/python3.9/site-packages/airflow/example_dags/example_task_group_decorator.py
[2022-12-31T21:39:17.277+0700] {logging_mixin.py:137} INFO - [2022-12-31T21:39:17.277+0700] {dag.py:2676} INFO - Sync 1 DAGs
[2022-12-31T21:39:17.308+0700] {logging_mixin.py:137} INFO - [2022-12-31T21:39:17.308+0700] {dag.py:3423} INFO - Setting next_dagrun for example_task_group_decorator to 2022-12-30T14:39:17.308321+00:00, run_after=2022-12-31T14:39:17.308321+00:00
[2022-12-31T21:39:17.351+0700] {processor.py:175} INFO - Processing /home/dmk/anaconda3/lib/python3.9/site-packages/airflow/example_dags/example_task_group_decorator.py took 0.276 seconds
[2022-12-31T21:40:10.483+0700] {processor.py:153} INFO - Started process (PID=29273) to work on /home/dmk/anaconda3/lib/python3.9/site-packages/airflow/example_dags/example_task_group_decorator.py
[2022-12-31T21:40:10.487+0700] {processor.py:743} INFO - Processing file /home/dmk/anaconda3/lib/python3.9/site-packages/airflow/example_dags/example_task_group_decorator.py for tasks to queue
[2022-12-31T21:40:10.490+0700] {logging_mixin.py:137} INFO - [2022-12-31T21:40:10.489+0700] {dagbag.py:538} INFO - Filling up the DagBag from /home/dmk/anaconda3/lib/python3.9/site-packages/airflow/example_dags/example_task_group_decorator.py
[2022-12-31T21:40:10.538+0700] {processor.py:753} INFO - DAG(s) dict_keys(['example_task_group_decorator']) retrieved from /home/dmk/anaconda3/lib/python3.9/site-packages/airflow/example_dags/example_task_group_decorator.py
[2022-12-31T21:40:10.678+0700] {logging_mixin.py:137} INFO - [2022-12-31T21:40:10.678+0700] {dag.py:2676} INFO - Sync 1 DAGs
[2022-12-31T21:40:10.694+0700] {logging_mixin.py:137} INFO - [2022-12-31T21:40:10.693+0700] {dag.py:3423} INFO - Setting next_dagrun for example_task_group_decorator to 2022-12-30T14:40:10.693784+00:00, run_after=2022-12-31T14:40:10.693784+00:00
[2022-12-31T21:40:10.724+0700] {processor.py:175} INFO - Processing /home/dmk/anaconda3/lib/python3.9/site-packages/airflow/example_dags/example_task_group_decorator.py took 0.244 seconds
[2022-12-31T21:40:56.480+0700] {processor.py:153} INFO - Started process (PID=29495) to work on /home/dmk/anaconda3/lib/python3.9/site-packages/airflow/example_dags/example_task_group_decorator.py
[2022-12-31T21:40:56.484+0700] {processor.py:743} INFO - Processing file /home/dmk/anaconda3/lib/python3.9/site-packages/airflow/example_dags/example_task_group_decorator.py for tasks to queue
[2022-12-31T21:40:56.485+0700] {logging_mixin.py:137} INFO - [2022-12-31T21:40:56.485+0700] {dagbag.py:538} INFO - Filling up the DagBag from /home/dmk/anaconda3/lib/python3.9/site-packages/airflow/example_dags/example_task_group_decorator.py
[2022-12-31T21:40:56.519+0700] {processor.py:753} INFO - DAG(s) dict_keys(['example_task_group_decorator']) retrieved from /home/dmk/anaconda3/lib/python3.9/site-packages/airflow/example_dags/example_task_group_decorator.py
[2022-12-31T21:40:56.645+0700] {logging_mixin.py:137} INFO - [2022-12-31T21:40:56.645+0700] {dag.py:2676} INFO - Sync 1 DAGs
[2022-12-31T21:40:56.662+0700] {logging_mixin.py:137} INFO - [2022-12-31T21:40:56.662+0700] {dag.py:3423} INFO - Setting next_dagrun for example_task_group_decorator to 2022-12-30T14:40:56.662217+00:00, run_after=2022-12-31T14:40:56.662217+00:00
[2022-12-31T21:40:56.700+0700] {processor.py:175} INFO - Processing /home/dmk/anaconda3/lib/python3.9/site-packages/airflow/example_dags/example_task_group_decorator.py took 0.225 seconds
[2022-12-31T21:42:19.589+0700] {processor.py:153} INFO - Started process (PID=29770) to work on /home/dmk/anaconda3/lib/python3.9/site-packages/airflow/example_dags/example_task_group_decorator.py
[2022-12-31T21:42:19.593+0700] {processor.py:743} INFO - Processing file /home/dmk/anaconda3/lib/python3.9/site-packages/airflow/example_dags/example_task_group_decorator.py for tasks to queue
[2022-12-31T21:42:19.594+0700] {logging_mixin.py:137} INFO - [2022-12-31T21:42:19.594+0700] {dagbag.py:538} INFO - Filling up the DagBag from /home/dmk/anaconda3/lib/python3.9/site-packages/airflow/example_dags/example_task_group_decorator.py
[2022-12-31T21:42:19.627+0700] {processor.py:753} INFO - DAG(s) dict_keys(['example_task_group_decorator']) retrieved from /home/dmk/anaconda3/lib/python3.9/site-packages/airflow/example_dags/example_task_group_decorator.py
[2022-12-31T21:42:19.657+0700] {logging_mixin.py:137} INFO - [2022-12-31T21:42:19.657+0700] {dag.py:2676} INFO - Sync 1 DAGs
[2022-12-31T21:42:19.787+0700] {logging_mixin.py:137} INFO - [2022-12-31T21:42:19.786+0700] {dag.py:3423} INFO - Setting next_dagrun for example_task_group_decorator to 2022-12-30T14:42:19.786727+00:00, run_after=2022-12-31T14:42:19.786727+00:00
[2022-12-31T21:42:19.818+0700] {processor.py:175} INFO - Processing /home/dmk/anaconda3/lib/python3.9/site-packages/airflow/example_dags/example_task_group_decorator.py took 0.234 seconds
[2022-12-31T21:43:09.503+0700] {processor.py:153} INFO - Started process (PID=29919) to work on /home/dmk/anaconda3/lib/python3.9/site-packages/airflow/example_dags/example_task_group_decorator.py
[2022-12-31T21:43:09.508+0700] {processor.py:743} INFO - Processing file /home/dmk/anaconda3/lib/python3.9/site-packages/airflow/example_dags/example_task_group_decorator.py for tasks to queue
[2022-12-31T21:43:09.509+0700] {logging_mixin.py:137} INFO - [2022-12-31T21:43:09.509+0700] {dagbag.py:538} INFO - Filling up the DagBag from /home/dmk/anaconda3/lib/python3.9/site-packages/airflow/example_dags/example_task_group_decorator.py
[2022-12-31T21:43:09.543+0700] {processor.py:753} INFO - DAG(s) dict_keys(['example_task_group_decorator']) retrieved from /home/dmk/anaconda3/lib/python3.9/site-packages/airflow/example_dags/example_task_group_decorator.py
[2022-12-31T21:43:09.709+0700] {logging_mixin.py:137} INFO - [2022-12-31T21:43:09.708+0700] {dag.py:2676} INFO - Sync 1 DAGs
[2022-12-31T21:43:09.726+0700] {logging_mixin.py:137} INFO - [2022-12-31T21:43:09.726+0700] {dag.py:3423} INFO - Setting next_dagrun for example_task_group_decorator to 2022-12-30T14:43:09.726367+00:00, run_after=2022-12-31T14:43:09.726367+00:00
[2022-12-31T21:43:09.759+0700] {processor.py:175} INFO - Processing /home/dmk/anaconda3/lib/python3.9/site-packages/airflow/example_dags/example_task_group_decorator.py took 0.263 seconds
[2022-12-31T22:23:18.253+0700] {processor.py:153} INFO - Started process (PID=47576) to work on /home/dmk/anaconda3/lib/python3.9/site-packages/airflow/example_dags/example_task_group_decorator.py
[2022-12-31T22:23:18.257+0700] {processor.py:743} INFO - Processing file /home/dmk/anaconda3/lib/python3.9/site-packages/airflow/example_dags/example_task_group_decorator.py for tasks to queue
[2022-12-31T22:23:18.259+0700] {logging_mixin.py:137} INFO - [2022-12-31T22:23:18.258+0700] {dagbag.py:538} INFO - Filling up the DagBag from /home/dmk/anaconda3/lib/python3.9/site-packages/airflow/example_dags/example_task_group_decorator.py
[2022-12-31T22:23:18.318+0700] {processor.py:753} INFO - DAG(s) dict_keys(['example_task_group_decorator']) retrieved from /home/dmk/anaconda3/lib/python3.9/site-packages/airflow/example_dags/example_task_group_decorator.py
[2022-12-31T22:23:18.351+0700] {logging_mixin.py:137} INFO - [2022-12-31T22:23:18.351+0700] {dag.py:2676} INFO - Sync 1 DAGs
[2022-12-31T22:23:18.487+0700] {logging_mixin.py:137} INFO - [2022-12-31T22:23:18.487+0700] {dag.py:3423} INFO - Setting next_dagrun for example_task_group_decorator to 2022-12-30T15:23:18.487203+00:00, run_after=2022-12-31T15:23:18.487203+00:00
[2022-12-31T22:23:18.525+0700] {processor.py:175} INFO - Processing /home/dmk/anaconda3/lib/python3.9/site-packages/airflow/example_dags/example_task_group_decorator.py took 0.286 seconds
[2022-12-31T22:24:10.187+0700] {processor.py:153} INFO - Started process (PID=48150) to work on /home/dmk/anaconda3/lib/python3.9/site-packages/airflow/example_dags/example_task_group_decorator.py
[2022-12-31T22:24:10.190+0700] {processor.py:743} INFO - Processing file /home/dmk/anaconda3/lib/python3.9/site-packages/airflow/example_dags/example_task_group_decorator.py for tasks to queue
[2022-12-31T22:24:10.191+0700] {logging_mixin.py:137} INFO - [2022-12-31T22:24:10.190+0700] {dagbag.py:538} INFO - Filling up the DagBag from /home/dmk/anaconda3/lib/python3.9/site-packages/airflow/example_dags/example_task_group_decorator.py
[2022-12-31T22:24:10.237+0700] {processor.py:753} INFO - DAG(s) dict_keys(['example_task_group_decorator']) retrieved from /home/dmk/anaconda3/lib/python3.9/site-packages/airflow/example_dags/example_task_group_decorator.py
[2022-12-31T22:24:10.393+0700] {logging_mixin.py:137} INFO - [2022-12-31T22:24:10.393+0700] {dag.py:2676} INFO - Sync 1 DAGs
[2022-12-31T22:24:10.414+0700] {logging_mixin.py:137} INFO - [2022-12-31T22:24:10.414+0700] {dag.py:3423} INFO - Setting next_dagrun for example_task_group_decorator to 2022-12-30T15:24:10.414532+00:00, run_after=2022-12-31T15:24:10.414532+00:00
[2022-12-31T22:24:10.454+0700] {processor.py:175} INFO - Processing /home/dmk/anaconda3/lib/python3.9/site-packages/airflow/example_dags/example_task_group_decorator.py took 0.271 seconds
[2022-12-31T22:25:26.695+0700] {processor.py:153} INFO - Started process (PID=48893) to work on /home/dmk/anaconda3/envs/airflow/lib/python3.7/site-packages/airflow/example_dags/example_task_group_decorator.py
[2022-12-31T22:25:26.696+0700] {processor.py:743} INFO - Processing file /home/dmk/anaconda3/envs/airflow/lib/python3.7/site-packages/airflow/example_dags/example_task_group_decorator.py for tasks to queue
[2022-12-31T22:25:26.697+0700] {logging_mixin.py:137} INFO - [2022-12-31T22:25:26.697+0700] {dagbag.py:538} INFO - Filling up the DagBag from /home/dmk/anaconda3/envs/airflow/lib/python3.7/site-packages/airflow/example_dags/example_task_group_decorator.py
[2022-12-31T22:25:26.767+0700] {processor.py:753} INFO - DAG(s) dict_keys(['example_task_group_decorator']) retrieved from /home/dmk/anaconda3/envs/airflow/lib/python3.7/site-packages/airflow/example_dags/example_task_group_decorator.py
[2022-12-31T22:25:27.223+0700] {logging_mixin.py:137} INFO - [2022-12-31T22:25:27.223+0700] {dag.py:2676} INFO - Sync 1 DAGs
[2022-12-31T22:25:27.273+0700] {logging_mixin.py:137} INFO - [2022-12-31T22:25:27.273+0700] {dag.py:3427} INFO - Setting next_dagrun for example_task_group_decorator to 2022-12-30T15:25:27.272939+00:00, run_after=2022-12-31T15:25:27.272939+00:00
[2022-12-31T22:25:27.327+0700] {processor.py:175} INFO - Processing /home/dmk/anaconda3/envs/airflow/lib/python3.7/site-packages/airflow/example_dags/example_task_group_decorator.py took 0.636 seconds
[2022-12-31T22:26:16.232+0700] {processor.py:153} INFO - Started process (PID=49813) to work on /home/dmk/anaconda3/envs/airflow/lib/python3.7/site-packages/airflow/example_dags/example_task_group_decorator.py
[2022-12-31T22:26:16.234+0700] {processor.py:743} INFO - Processing file /home/dmk/anaconda3/envs/airflow/lib/python3.7/site-packages/airflow/example_dags/example_task_group_decorator.py for tasks to queue
[2022-12-31T22:26:16.236+0700] {logging_mixin.py:137} INFO - [2022-12-31T22:26:16.235+0700] {dagbag.py:538} INFO - Filling up the DagBag from /home/dmk/anaconda3/envs/airflow/lib/python3.7/site-packages/airflow/example_dags/example_task_group_decorator.py
[2022-12-31T22:26:16.276+0700] {processor.py:753} INFO - DAG(s) dict_keys(['example_task_group_decorator']) retrieved from /home/dmk/anaconda3/envs/airflow/lib/python3.7/site-packages/airflow/example_dags/example_task_group_decorator.py
[2022-12-31T22:26:16.407+0700] {logging_mixin.py:137} INFO - [2022-12-31T22:26:16.407+0700] {dag.py:2676} INFO - Sync 1 DAGs
[2022-12-31T22:26:16.426+0700] {logging_mixin.py:137} INFO - [2022-12-31T22:26:16.426+0700] {dag.py:3427} INFO - Setting next_dagrun for example_task_group_decorator to 2022-12-30T15:26:16.426645+00:00, run_after=2022-12-31T15:26:16.426645+00:00
[2022-12-31T22:26:16.455+0700] {processor.py:175} INFO - Processing /home/dmk/anaconda3/envs/airflow/lib/python3.7/site-packages/airflow/example_dags/example_task_group_decorator.py took 0.228 seconds
[2022-12-31T22:27:06.940+0700] {processor.py:153} INFO - Started process (PID=50160) to work on /home/dmk/anaconda3/envs/airflow/lib/python3.7/site-packages/airflow/example_dags/example_task_group_decorator.py
[2022-12-31T22:27:06.944+0700] {processor.py:743} INFO - Processing file /home/dmk/anaconda3/envs/airflow/lib/python3.7/site-packages/airflow/example_dags/example_task_group_decorator.py for tasks to queue
[2022-12-31T22:27:06.946+0700] {logging_mixin.py:137} INFO - [2022-12-31T22:27:06.945+0700] {dagbag.py:538} INFO - Filling up the DagBag from /home/dmk/anaconda3/envs/airflow/lib/python3.7/site-packages/airflow/example_dags/example_task_group_decorator.py
[2022-12-31T22:27:07.092+0700] {processor.py:753} INFO - DAG(s) dict_keys(['example_task_group_decorator']) retrieved from /home/dmk/anaconda3/envs/airflow/lib/python3.7/site-packages/airflow/example_dags/example_task_group_decorator.py
[2022-12-31T22:27:07.113+0700] {logging_mixin.py:137} INFO - [2022-12-31T22:27:07.113+0700] {dag.py:2676} INFO - Sync 1 DAGs
[2022-12-31T22:27:07.131+0700] {logging_mixin.py:137} INFO - [2022-12-31T22:27:07.131+0700] {dag.py:3427} INFO - Setting next_dagrun for example_task_group_decorator to 2022-12-30T15:27:07.131478+00:00, run_after=2022-12-31T15:27:07.131478+00:00
[2022-12-31T22:27:07.172+0700] {processor.py:175} INFO - Processing /home/dmk/anaconda3/envs/airflow/lib/python3.7/site-packages/airflow/example_dags/example_task_group_decorator.py took 0.241 seconds
[2022-12-31T22:27:56.822+0700] {processor.py:153} INFO - Started process (PID=50528) to work on /home/dmk/anaconda3/envs/airflow/lib/python3.7/site-packages/airflow/example_dags/example_task_group_decorator.py
[2022-12-31T22:27:56.825+0700] {processor.py:743} INFO - Processing file /home/dmk/anaconda3/envs/airflow/lib/python3.7/site-packages/airflow/example_dags/example_task_group_decorator.py for tasks to queue
[2022-12-31T22:27:56.827+0700] {logging_mixin.py:137} INFO - [2022-12-31T22:27:56.826+0700] {dagbag.py:538} INFO - Filling up the DagBag from /home/dmk/anaconda3/envs/airflow/lib/python3.7/site-packages/airflow/example_dags/example_task_group_decorator.py
[2022-12-31T22:27:56.968+0700] {processor.py:753} INFO - DAG(s) dict_keys(['example_task_group_decorator']) retrieved from /home/dmk/anaconda3/envs/airflow/lib/python3.7/site-packages/airflow/example_dags/example_task_group_decorator.py
[2022-12-31T22:27:56.988+0700] {logging_mixin.py:137} INFO - [2022-12-31T22:27:56.988+0700] {dag.py:2676} INFO - Sync 1 DAGs
[2022-12-31T22:27:57.009+0700] {logging_mixin.py:137} INFO - [2022-12-31T22:27:57.009+0700] {dag.py:3427} INFO - Setting next_dagrun for example_task_group_decorator to 2022-12-30T15:27:57.008959+00:00, run_after=2022-12-31T15:27:57.008959+00:00
[2022-12-31T22:27:57.038+0700] {processor.py:175} INFO - Processing /home/dmk/anaconda3/envs/airflow/lib/python3.7/site-packages/airflow/example_dags/example_task_group_decorator.py took 0.224 seconds
[2022-12-31T22:28:47.513+0700] {processor.py:153} INFO - Started process (PID=50627) to work on /home/dmk/anaconda3/envs/airflow/lib/python3.7/site-packages/airflow/example_dags/example_task_group_decorator.py
[2022-12-31T22:28:47.517+0700] {processor.py:743} INFO - Processing file /home/dmk/anaconda3/envs/airflow/lib/python3.7/site-packages/airflow/example_dags/example_task_group_decorator.py for tasks to queue
[2022-12-31T22:28:47.518+0700] {logging_mixin.py:137} INFO - [2022-12-31T22:28:47.518+0700] {dagbag.py:538} INFO - Filling up the DagBag from /home/dmk/anaconda3/envs/airflow/lib/python3.7/site-packages/airflow/example_dags/example_task_group_decorator.py
[2022-12-31T22:28:47.654+0700] {processor.py:753} INFO - DAG(s) dict_keys(['example_task_group_decorator']) retrieved from /home/dmk/anaconda3/envs/airflow/lib/python3.7/site-packages/airflow/example_dags/example_task_group_decorator.py
[2022-12-31T22:28:47.675+0700] {logging_mixin.py:137} INFO - [2022-12-31T22:28:47.675+0700] {dag.py:2676} INFO - Sync 1 DAGs
[2022-12-31T22:28:47.695+0700] {logging_mixin.py:137} INFO - [2022-12-31T22:28:47.695+0700] {dag.py:3427} INFO - Setting next_dagrun for example_task_group_decorator to 2022-12-30T15:28:47.695137+00:00, run_after=2022-12-31T15:28:47.695137+00:00
[2022-12-31T22:28:47.727+0700] {processor.py:175} INFO - Processing /home/dmk/anaconda3/envs/airflow/lib/python3.7/site-packages/airflow/example_dags/example_task_group_decorator.py took 0.216 seconds
[2022-12-31T22:29:33.509+0700] {processor.py:153} INFO - Started process (PID=51189) to work on /home/dmk/anaconda3/envs/airflow/lib/python3.7/site-packages/airflow/example_dags/example_task_group_decorator.py
[2022-12-31T22:29:33.515+0700] {processor.py:743} INFO - Processing file /home/dmk/anaconda3/envs/airflow/lib/python3.7/site-packages/airflow/example_dags/example_task_group_decorator.py for tasks to queue
[2022-12-31T22:29:33.518+0700] {logging_mixin.py:137} INFO - [2022-12-31T22:29:33.517+0700] {dagbag.py:538} INFO - Filling up the DagBag from /home/dmk/anaconda3/envs/airflow/lib/python3.7/site-packages/airflow/example_dags/example_task_group_decorator.py
[2022-12-31T22:29:33.571+0700] {processor.py:753} INFO - DAG(s) dict_keys(['example_task_group_decorator']) retrieved from /home/dmk/anaconda3/envs/airflow/lib/python3.7/site-packages/airflow/example_dags/example_task_group_decorator.py
[2022-12-31T22:29:33.596+0700] {logging_mixin.py:137} INFO - [2022-12-31T22:29:33.596+0700] {dag.py:2676} INFO - Sync 1 DAGs
[2022-12-31T22:29:33.617+0700] {logging_mixin.py:137} INFO - [2022-12-31T22:29:33.617+0700] {dag.py:3427} INFO - Setting next_dagrun for example_task_group_decorator to 2022-12-30T15:29:33.617276+00:00, run_after=2022-12-31T15:29:33.617276+00:00
[2022-12-31T22:29:33.649+0700] {processor.py:175} INFO - Processing /home/dmk/anaconda3/envs/airflow/lib/python3.7/site-packages/airflow/example_dags/example_task_group_decorator.py took 0.152 seconds
[2022-12-31T22:30:20.564+0700] {processor.py:153} INFO - Started process (PID=51468) to work on /home/dmk/anaconda3/envs/airflow/lib/python3.7/site-packages/airflow/example_dags/example_task_group_decorator.py
[2022-12-31T22:30:20.566+0700] {processor.py:743} INFO - Processing file /home/dmk/anaconda3/envs/airflow/lib/python3.7/site-packages/airflow/example_dags/example_task_group_decorator.py for tasks to queue
[2022-12-31T22:30:20.567+0700] {logging_mixin.py:137} INFO - [2022-12-31T22:30:20.567+0700] {dagbag.py:538} INFO - Filling up the DagBag from /home/dmk/anaconda3/envs/airflow/lib/python3.7/site-packages/airflow/example_dags/example_task_group_decorator.py
[2022-12-31T22:30:20.594+0700] {processor.py:753} INFO - DAG(s) dict_keys(['example_task_group_decorator']) retrieved from /home/dmk/anaconda3/envs/airflow/lib/python3.7/site-packages/airflow/example_dags/example_task_group_decorator.py
[2022-12-31T22:30:20.619+0700] {logging_mixin.py:137} INFO - [2022-12-31T22:30:20.619+0700] {dag.py:2676} INFO - Sync 1 DAGs
[2022-12-31T22:30:20.640+0700] {logging_mixin.py:137} INFO - [2022-12-31T22:30:20.640+0700] {dag.py:3427} INFO - Setting next_dagrun for example_task_group_decorator to 2022-12-30T15:30:20.640637+00:00, run_after=2022-12-31T15:30:20.640637+00:00
[2022-12-31T22:30:20.671+0700] {processor.py:175} INFO - Processing /home/dmk/anaconda3/envs/airflow/lib/python3.7/site-packages/airflow/example_dags/example_task_group_decorator.py took 0.109 seconds
[2022-12-31T22:31:06.915+0700] {processor.py:153} INFO - Started process (PID=51632) to work on /home/dmk/anaconda3/envs/airflow/lib/python3.7/site-packages/airflow/example_dags/example_task_group_decorator.py
[2022-12-31T22:31:06.918+0700] {processor.py:743} INFO - Processing file /home/dmk/anaconda3/envs/airflow/lib/python3.7/site-packages/airflow/example_dags/example_task_group_decorator.py for tasks to queue
[2022-12-31T22:31:06.919+0700] {logging_mixin.py:137} INFO - [2022-12-31T22:31:06.919+0700] {dagbag.py:538} INFO - Filling up the DagBag from /home/dmk/anaconda3/envs/airflow/lib/python3.7/site-packages/airflow/example_dags/example_task_group_decorator.py
[2022-12-31T22:31:06.947+0700] {processor.py:753} INFO - DAG(s) dict_keys(['example_task_group_decorator']) retrieved from /home/dmk/anaconda3/envs/airflow/lib/python3.7/site-packages/airflow/example_dags/example_task_group_decorator.py
[2022-12-31T22:31:06.970+0700] {logging_mixin.py:137} INFO - [2022-12-31T22:31:06.970+0700] {dag.py:2676} INFO - Sync 1 DAGs
[2022-12-31T22:31:06.990+0700] {logging_mixin.py:137} INFO - [2022-12-31T22:31:06.990+0700] {dag.py:3427} INFO - Setting next_dagrun for example_task_group_decorator to 2022-12-30T15:31:06.990426+00:00, run_after=2022-12-31T15:31:06.990426+00:00
[2022-12-31T22:31:07.028+0700] {processor.py:175} INFO - Processing /home/dmk/anaconda3/envs/airflow/lib/python3.7/site-packages/airflow/example_dags/example_task_group_decorator.py took 0.117 seconds
[2022-12-31T22:31:55.836+0700] {processor.py:153} INFO - Started process (PID=51825) to work on /home/dmk/anaconda3/envs/airflow/lib/python3.7/site-packages/airflow/example_dags/example_task_group_decorator.py
[2022-12-31T22:31:55.844+0700] {processor.py:743} INFO - Processing file /home/dmk/anaconda3/envs/airflow/lib/python3.7/site-packages/airflow/example_dags/example_task_group_decorator.py for tasks to queue
[2022-12-31T22:31:55.848+0700] {logging_mixin.py:137} INFO - [2022-12-31T22:31:55.847+0700] {dagbag.py:538} INFO - Filling up the DagBag from /home/dmk/anaconda3/envs/airflow/lib/python3.7/site-packages/airflow/example_dags/example_task_group_decorator.py
[2022-12-31T22:31:55.919+0700] {processor.py:753} INFO - DAG(s) dict_keys(['example_task_group_decorator']) retrieved from /home/dmk/anaconda3/envs/airflow/lib/python3.7/site-packages/airflow/example_dags/example_task_group_decorator.py
[2022-12-31T22:31:55.948+0700] {logging_mixin.py:137} INFO - [2022-12-31T22:31:55.948+0700] {dag.py:2676} INFO - Sync 1 DAGs
[2022-12-31T22:31:55.972+0700] {logging_mixin.py:137} INFO - [2022-12-31T22:31:55.971+0700] {dag.py:3427} INFO - Setting next_dagrun for example_task_group_decorator to 2022-12-30T15:31:55.971664+00:00, run_after=2022-12-31T15:31:55.971664+00:00
[2022-12-31T22:31:56.004+0700] {processor.py:175} INFO - Processing /home/dmk/anaconda3/envs/airflow/lib/python3.7/site-packages/airflow/example_dags/example_task_group_decorator.py took 0.181 seconds
[2022-12-31T22:32:46.102+0700] {processor.py:153} INFO - Started process (PID=51923) to work on /home/dmk/anaconda3/envs/airflow/lib/python3.7/site-packages/airflow/example_dags/example_task_group_decorator.py
[2022-12-31T22:32:46.104+0700] {processor.py:743} INFO - Processing file /home/dmk/anaconda3/envs/airflow/lib/python3.7/site-packages/airflow/example_dags/example_task_group_decorator.py for tasks to queue
[2022-12-31T22:32:46.106+0700] {logging_mixin.py:137} INFO - [2022-12-31T22:32:46.106+0700] {dagbag.py:538} INFO - Filling up the DagBag from /home/dmk/anaconda3/envs/airflow/lib/python3.7/site-packages/airflow/example_dags/example_task_group_decorator.py
[2022-12-31T22:32:46.174+0700] {processor.py:753} INFO - DAG(s) dict_keys(['example_task_group_decorator']) retrieved from /home/dmk/anaconda3/envs/airflow/lib/python3.7/site-packages/airflow/example_dags/example_task_group_decorator.py
[2022-12-31T22:32:46.206+0700] {logging_mixin.py:137} INFO - [2022-12-31T22:32:46.206+0700] {dag.py:2676} INFO - Sync 1 DAGs
[2022-12-31T22:32:46.233+0700] {logging_mixin.py:137} INFO - [2022-12-31T22:32:46.233+0700] {dag.py:3427} INFO - Setting next_dagrun for example_task_group_decorator to 2022-12-30T15:32:46.233360+00:00, run_after=2022-12-31T15:32:46.233360+00:00
[2022-12-31T22:32:46.284+0700] {processor.py:175} INFO - Processing /home/dmk/anaconda3/envs/airflow/lib/python3.7/site-packages/airflow/example_dags/example_task_group_decorator.py took 0.185 seconds
