[2022-12-31T20:52:02.247+0700] {processor.py:153} INFO - Started process (PID=10854) to work on /home/dmk/anaconda3/lib/python3.9/site-packages/airflow/example_dags/example_skip_dag.py
[2022-12-31T20:52:02.248+0700] {processor.py:743} INFO - Processing file /home/dmk/anaconda3/lib/python3.9/site-packages/airflow/example_dags/example_skip_dag.py for tasks to queue
[2022-12-31T20:52:02.249+0700] {logging_mixin.py:137} INFO - [2022-12-31T20:52:02.249+0700] {dagbag.py:538} INFO - Filling up the DagBag from /home/dmk/anaconda3/lib/python3.9/site-packages/airflow/example_dags/example_skip_dag.py
[2022-12-31T20:52:02.268+0700] {processor.py:753} INFO - DAG(s) dict_keys(['example_skip_dag']) retrieved from /home/dmk/anaconda3/lib/python3.9/site-packages/airflow/example_dags/example_skip_dag.py
[2022-12-31T20:52:02.454+0700] {logging_mixin.py:137} INFO - [2022-12-31T20:52:02.454+0700] {dag.py:2676} INFO - Sync 1 DAGs
[2022-12-31T20:52:02.474+0700] {logging_mixin.py:137} INFO - [2022-12-31T20:52:02.474+0700] {dag.py:3423} INFO - Setting next_dagrun for example_skip_dag to 2022-12-30T13:52:02.474391+00:00, run_after=2022-12-31T13:52:02.474391+00:00
[2022-12-31T20:52:02.511+0700] {processor.py:175} INFO - Processing /home/dmk/anaconda3/lib/python3.9/site-packages/airflow/example_dags/example_skip_dag.py took 0.268 seconds
[2022-12-31T20:55:17.939+0700] {processor.py:153} INFO - Started process (PID=11951) to work on /home/dmk/anaconda3/lib/python3.9/site-packages/airflow/example_dags/example_skip_dag.py
[2022-12-31T20:55:17.943+0700] {processor.py:743} INFO - Processing file /home/dmk/anaconda3/lib/python3.9/site-packages/airflow/example_dags/example_skip_dag.py for tasks to queue
[2022-12-31T20:55:17.944+0700] {logging_mixin.py:137} INFO - [2022-12-31T20:55:17.944+0700] {dagbag.py:538} INFO - Filling up the DagBag from /home/dmk/anaconda3/lib/python3.9/site-packages/airflow/example_dags/example_skip_dag.py
[2022-12-31T20:55:17.962+0700] {processor.py:753} INFO - DAG(s) dict_keys(['example_skip_dag']) retrieved from /home/dmk/anaconda3/lib/python3.9/site-packages/airflow/example_dags/example_skip_dag.py
[2022-12-31T20:55:17.996+0700] {logging_mixin.py:137} INFO - [2022-12-31T20:55:17.996+0700] {dag.py:2676} INFO - Sync 1 DAGs
[2022-12-31T20:55:18.146+0700] {logging_mixin.py:137} INFO - [2022-12-31T20:55:18.146+0700] {dag.py:3423} INFO - Setting next_dagrun for example_skip_dag to 2022-12-30T13:55:18.146254+00:00, run_after=2022-12-31T13:55:18.146254+00:00
[2022-12-31T20:55:18.178+0700] {processor.py:175} INFO - Processing /home/dmk/anaconda3/lib/python3.9/site-packages/airflow/example_dags/example_skip_dag.py took 0.243 seconds
[2022-12-31T20:56:25.481+0700] {processor.py:153} INFO - Started process (PID=12204) to work on /home/dmk/anaconda3/lib/python3.9/site-packages/airflow/example_dags/example_skip_dag.py
[2022-12-31T20:56:25.485+0700] {processor.py:743} INFO - Processing file /home/dmk/anaconda3/lib/python3.9/site-packages/airflow/example_dags/example_skip_dag.py for tasks to queue
[2022-12-31T20:56:25.485+0700] {logging_mixin.py:137} INFO - [2022-12-31T20:56:25.485+0700] {dagbag.py:538} INFO - Filling up the DagBag from /home/dmk/anaconda3/lib/python3.9/site-packages/airflow/example_dags/example_skip_dag.py
[2022-12-31T20:56:25.503+0700] {processor.py:753} INFO - DAG(s) dict_keys(['example_skip_dag']) retrieved from /home/dmk/anaconda3/lib/python3.9/site-packages/airflow/example_dags/example_skip_dag.py
[2022-12-31T20:56:25.666+0700] {logging_mixin.py:137} INFO - [2022-12-31T20:56:25.666+0700] {dag.py:2676} INFO - Sync 1 DAGs
[2022-12-31T20:56:25.687+0700] {logging_mixin.py:137} INFO - [2022-12-31T20:56:25.687+0700] {dag.py:3423} INFO - Setting next_dagrun for example_skip_dag to 2022-12-30T13:56:25.687463+00:00, run_after=2022-12-31T13:56:25.687463+00:00
[2022-12-31T20:56:25.719+0700] {processor.py:175} INFO - Processing /home/dmk/anaconda3/lib/python3.9/site-packages/airflow/example_dags/example_skip_dag.py took 0.241 seconds
[2022-12-31T20:57:32.036+0700] {processor.py:153} INFO - Started process (PID=12575) to work on /home/dmk/anaconda3/lib/python3.9/site-packages/airflow/example_dags/example_skip_dag.py
[2022-12-31T20:57:32.041+0700] {processor.py:743} INFO - Processing file /home/dmk/anaconda3/lib/python3.9/site-packages/airflow/example_dags/example_skip_dag.py for tasks to queue
[2022-12-31T20:57:32.042+0700] {logging_mixin.py:137} INFO - [2022-12-31T20:57:32.042+0700] {dagbag.py:538} INFO - Filling up the DagBag from /home/dmk/anaconda3/lib/python3.9/site-packages/airflow/example_dags/example_skip_dag.py
[2022-12-31T20:57:32.060+0700] {processor.py:753} INFO - DAG(s) dict_keys(['example_skip_dag']) retrieved from /home/dmk/anaconda3/lib/python3.9/site-packages/airflow/example_dags/example_skip_dag.py
[2022-12-31T20:57:32.219+0700] {logging_mixin.py:137} INFO - [2022-12-31T20:57:32.219+0700] {dag.py:2676} INFO - Sync 1 DAGs
[2022-12-31T20:57:32.248+0700] {logging_mixin.py:137} INFO - [2022-12-31T20:57:32.248+0700] {dag.py:3423} INFO - Setting next_dagrun for example_skip_dag to 2022-12-30T13:57:32.248464+00:00, run_after=2022-12-31T13:57:32.248464+00:00
[2022-12-31T20:57:32.290+0700] {processor.py:175} INFO - Processing /home/dmk/anaconda3/lib/python3.9/site-packages/airflow/example_dags/example_skip_dag.py took 0.260 seconds
[2022-12-31T20:58:26.451+0700] {processor.py:153} INFO - Started process (PID=12952) to work on /home/dmk/anaconda3/lib/python3.9/site-packages/airflow/example_dags/example_skip_dag.py
[2022-12-31T20:58:26.456+0700] {processor.py:743} INFO - Processing file /home/dmk/anaconda3/lib/python3.9/site-packages/airflow/example_dags/example_skip_dag.py for tasks to queue
[2022-12-31T20:58:26.457+0700] {logging_mixin.py:137} INFO - [2022-12-31T20:58:26.457+0700] {dagbag.py:538} INFO - Filling up the DagBag from /home/dmk/anaconda3/lib/python3.9/site-packages/airflow/example_dags/example_skip_dag.py
[2022-12-31T20:58:26.577+0700] {processor.py:753} INFO - DAG(s) dict_keys(['example_skip_dag']) retrieved from /home/dmk/anaconda3/lib/python3.9/site-packages/airflow/example_dags/example_skip_dag.py
[2022-12-31T20:58:26.606+0700] {logging_mixin.py:137} INFO - [2022-12-31T20:58:26.606+0700] {dag.py:2676} INFO - Sync 1 DAGs
[2022-12-31T20:58:26.624+0700] {logging_mixin.py:137} INFO - [2022-12-31T20:58:26.624+0700] {dag.py:3423} INFO - Setting next_dagrun for example_skip_dag to 2022-12-30T13:58:26.624010+00:00, run_after=2022-12-31T13:58:26.624010+00:00
[2022-12-31T20:58:26.654+0700] {processor.py:175} INFO - Processing /home/dmk/anaconda3/lib/python3.9/site-packages/airflow/example_dags/example_skip_dag.py took 0.207 seconds
[2022-12-31T20:59:16.306+0700] {processor.py:153} INFO - Started process (PID=13115) to work on /home/dmk/anaconda3/lib/python3.9/site-packages/airflow/example_dags/example_skip_dag.py
[2022-12-31T20:59:16.312+0700] {processor.py:743} INFO - Processing file /home/dmk/anaconda3/lib/python3.9/site-packages/airflow/example_dags/example_skip_dag.py for tasks to queue
[2022-12-31T20:59:16.314+0700] {logging_mixin.py:137} INFO - [2022-12-31T20:59:16.313+0700] {dagbag.py:538} INFO - Filling up the DagBag from /home/dmk/anaconda3/lib/python3.9/site-packages/airflow/example_dags/example_skip_dag.py
[2022-12-31T20:59:16.354+0700] {processor.py:753} INFO - DAG(s) dict_keys(['example_skip_dag']) retrieved from /home/dmk/anaconda3/lib/python3.9/site-packages/airflow/example_dags/example_skip_dag.py
[2022-12-31T20:59:16.386+0700] {logging_mixin.py:137} INFO - [2022-12-31T20:59:16.386+0700] {dag.py:2676} INFO - Sync 1 DAGs
[2022-12-31T20:59:16.409+0700] {logging_mixin.py:137} INFO - [2022-12-31T20:59:16.409+0700] {dag.py:3423} INFO - Setting next_dagrun for example_skip_dag to 2022-12-30T13:59:16.409122+00:00, run_after=2022-12-31T13:59:16.409122+00:00
[2022-12-31T20:59:16.432+0700] {processor.py:175} INFO - Processing /home/dmk/anaconda3/lib/python3.9/site-packages/airflow/example_dags/example_skip_dag.py took 0.136 seconds
[2022-12-31T21:00:34.239+0700] {processor.py:153} INFO - Started process (PID=15418) to work on /home/dmk/anaconda3/lib/python3.9/site-packages/airflow/example_dags/example_skip_dag.py
[2022-12-31T21:00:34.242+0700] {processor.py:743} INFO - Processing file /home/dmk/anaconda3/lib/python3.9/site-packages/airflow/example_dags/example_skip_dag.py for tasks to queue
[2022-12-31T21:00:34.242+0700] {logging_mixin.py:137} INFO - [2022-12-31T21:00:34.242+0700] {dagbag.py:538} INFO - Filling up the DagBag from /home/dmk/anaconda3/lib/python3.9/site-packages/airflow/example_dags/example_skip_dag.py
[2022-12-31T21:00:34.259+0700] {processor.py:753} INFO - DAG(s) dict_keys(['example_skip_dag']) retrieved from /home/dmk/anaconda3/lib/python3.9/site-packages/airflow/example_dags/example_skip_dag.py
[2022-12-31T21:00:34.290+0700] {logging_mixin.py:137} INFO - [2022-12-31T21:00:34.290+0700] {dag.py:2676} INFO - Sync 1 DAGs
[2022-12-31T21:00:34.311+0700] {logging_mixin.py:137} INFO - [2022-12-31T21:00:34.311+0700] {dag.py:3423} INFO - Setting next_dagrun for example_skip_dag to 2022-12-30T14:00:34.311331+00:00, run_after=2022-12-31T14:00:34.311331+00:00
[2022-12-31T21:00:34.333+0700] {processor.py:175} INFO - Processing /home/dmk/anaconda3/lib/python3.9/site-packages/airflow/example_dags/example_skip_dag.py took 0.097 seconds
[2022-12-31T21:01:30.633+0700] {processor.py:153} INFO - Started process (PID=16205) to work on /home/dmk/anaconda3/lib/python3.9/site-packages/airflow/example_dags/example_skip_dag.py
[2022-12-31T21:01:30.639+0700] {processor.py:743} INFO - Processing file /home/dmk/anaconda3/lib/python3.9/site-packages/airflow/example_dags/example_skip_dag.py for tasks to queue
[2022-12-31T21:01:30.642+0700] {logging_mixin.py:137} INFO - [2022-12-31T21:01:30.641+0700] {dagbag.py:538} INFO - Filling up the DagBag from /home/dmk/anaconda3/lib/python3.9/site-packages/airflow/example_dags/example_skip_dag.py
[2022-12-31T21:01:30.668+0700] {processor.py:753} INFO - DAG(s) dict_keys(['example_skip_dag']) retrieved from /home/dmk/anaconda3/lib/python3.9/site-packages/airflow/example_dags/example_skip_dag.py
[2022-12-31T21:01:30.696+0700] {logging_mixin.py:137} INFO - [2022-12-31T21:01:30.696+0700] {dag.py:2676} INFO - Sync 1 DAGs
[2022-12-31T21:01:30.714+0700] {logging_mixin.py:137} INFO - [2022-12-31T21:01:30.714+0700] {dag.py:3423} INFO - Setting next_dagrun for example_skip_dag to 2022-12-30T14:01:30.714282+00:00, run_after=2022-12-31T14:01:30.714282+00:00
[2022-12-31T21:01:30.737+0700] {processor.py:175} INFO - Processing /home/dmk/anaconda3/lib/python3.9/site-packages/airflow/example_dags/example_skip_dag.py took 0.113 seconds
[2022-12-31T21:02:21.926+0700] {processor.py:153} INFO - Started process (PID=16323) to work on /home/dmk/anaconda3/lib/python3.9/site-packages/airflow/example_dags/example_skip_dag.py
[2022-12-31T21:02:21.930+0700] {processor.py:743} INFO - Processing file /home/dmk/anaconda3/lib/python3.9/site-packages/airflow/example_dags/example_skip_dag.py for tasks to queue
[2022-12-31T21:02:21.930+0700] {logging_mixin.py:137} INFO - [2022-12-31T21:02:21.930+0700] {dagbag.py:538} INFO - Filling up the DagBag from /home/dmk/anaconda3/lib/python3.9/site-packages/airflow/example_dags/example_skip_dag.py
[2022-12-31T21:02:21.949+0700] {processor.py:753} INFO - DAG(s) dict_keys(['example_skip_dag']) retrieved from /home/dmk/anaconda3/lib/python3.9/site-packages/airflow/example_dags/example_skip_dag.py
[2022-12-31T21:02:21.987+0700] {logging_mixin.py:137} INFO - [2022-12-31T21:02:21.987+0700] {dag.py:2676} INFO - Sync 1 DAGs
[2022-12-31T21:02:22.014+0700] {logging_mixin.py:137} INFO - [2022-12-31T21:02:22.014+0700] {dag.py:3423} INFO - Setting next_dagrun for example_skip_dag to 2022-12-30T14:02:22.013739+00:00, run_after=2022-12-31T14:02:22.013739+00:00
[2022-12-31T21:02:22.045+0700] {processor.py:175} INFO - Processing /home/dmk/anaconda3/lib/python3.9/site-packages/airflow/example_dags/example_skip_dag.py took 0.132 seconds
[2022-12-31T21:03:55.146+0700] {processor.py:153} INFO - Started process (PID=17067) to work on /home/dmk/anaconda3/lib/python3.9/site-packages/airflow/example_dags/example_skip_dag.py
[2022-12-31T21:03:55.151+0700] {processor.py:743} INFO - Processing file /home/dmk/anaconda3/lib/python3.9/site-packages/airflow/example_dags/example_skip_dag.py for tasks to queue
[2022-12-31T21:03:55.153+0700] {logging_mixin.py:137} INFO - [2022-12-31T21:03:55.152+0700] {dagbag.py:538} INFO - Filling up the DagBag from /home/dmk/anaconda3/lib/python3.9/site-packages/airflow/example_dags/example_skip_dag.py
[2022-12-31T21:03:55.175+0700] {processor.py:753} INFO - DAG(s) dict_keys(['example_skip_dag']) retrieved from /home/dmk/anaconda3/lib/python3.9/site-packages/airflow/example_dags/example_skip_dag.py
[2022-12-31T21:03:55.338+0700] {logging_mixin.py:137} INFO - [2022-12-31T21:03:55.338+0700] {dag.py:2676} INFO - Sync 1 DAGs
[2022-12-31T21:03:55.359+0700] {logging_mixin.py:137} INFO - [2022-12-31T21:03:55.358+0700] {dag.py:3423} INFO - Setting next_dagrun for example_skip_dag to 2022-12-30T14:03:55.358820+00:00, run_after=2022-12-31T14:03:55.358820+00:00
[2022-12-31T21:03:55.382+0700] {processor.py:175} INFO - Processing /home/dmk/anaconda3/lib/python3.9/site-packages/airflow/example_dags/example_skip_dag.py took 0.246 seconds
[2022-12-31T21:04:52.894+0700] {processor.py:153} INFO - Started process (PID=17667) to work on /home/dmk/anaconda3/lib/python3.9/site-packages/airflow/example_dags/example_skip_dag.py
[2022-12-31T21:04:52.899+0700] {processor.py:743} INFO - Processing file /home/dmk/anaconda3/lib/python3.9/site-packages/airflow/example_dags/example_skip_dag.py for tasks to queue
[2022-12-31T21:04:52.900+0700] {logging_mixin.py:137} INFO - [2022-12-31T21:04:52.900+0700] {dagbag.py:538} INFO - Filling up the DagBag from /home/dmk/anaconda3/lib/python3.9/site-packages/airflow/example_dags/example_skip_dag.py
[2022-12-31T21:04:52.922+0700] {processor.py:753} INFO - DAG(s) dict_keys(['example_skip_dag']) retrieved from /home/dmk/anaconda3/lib/python3.9/site-packages/airflow/example_dags/example_skip_dag.py
[2022-12-31T21:04:52.949+0700] {logging_mixin.py:137} INFO - [2022-12-31T21:04:52.949+0700] {dag.py:2676} INFO - Sync 1 DAGs
[2022-12-31T21:04:53.066+0700] {logging_mixin.py:137} INFO - [2022-12-31T21:04:53.065+0700] {dag.py:3423} INFO - Setting next_dagrun for example_skip_dag to 2022-12-30T14:04:53.065702+00:00, run_after=2022-12-31T14:04:53.065702+00:00
[2022-12-31T21:04:53.088+0700] {processor.py:175} INFO - Processing /home/dmk/anaconda3/lib/python3.9/site-packages/airflow/example_dags/example_skip_dag.py took 0.199 seconds
[2022-12-31T21:05:46.190+0700] {processor.py:153} INFO - Started process (PID=18302) to work on /home/dmk/anaconda3/lib/python3.9/site-packages/airflow/example_dags/example_skip_dag.py
[2022-12-31T21:05:46.198+0700] {processor.py:743} INFO - Processing file /home/dmk/anaconda3/lib/python3.9/site-packages/airflow/example_dags/example_skip_dag.py for tasks to queue
[2022-12-31T21:05:46.201+0700] {logging_mixin.py:137} INFO - [2022-12-31T21:05:46.200+0700] {dagbag.py:538} INFO - Filling up the DagBag from /home/dmk/anaconda3/lib/python3.9/site-packages/airflow/example_dags/example_skip_dag.py
[2022-12-31T21:05:46.241+0700] {processor.py:753} INFO - DAG(s) dict_keys(['example_skip_dag']) retrieved from /home/dmk/anaconda3/lib/python3.9/site-packages/airflow/example_dags/example_skip_dag.py
[2022-12-31T21:05:46.389+0700] {logging_mixin.py:137} INFO - [2022-12-31T21:05:46.389+0700] {dag.py:2676} INFO - Sync 1 DAGs
[2022-12-31T21:05:46.409+0700] {logging_mixin.py:137} INFO - [2022-12-31T21:05:46.409+0700] {dag.py:3423} INFO - Setting next_dagrun for example_skip_dag to 2022-12-30T14:05:46.409586+00:00, run_after=2022-12-31T14:05:46.409586+00:00
[2022-12-31T21:05:46.443+0700] {processor.py:175} INFO - Processing /home/dmk/anaconda3/lib/python3.9/site-packages/airflow/example_dags/example_skip_dag.py took 0.268 seconds
[2022-12-31T21:06:46.477+0700] {processor.py:153} INFO - Started process (PID=18482) to work on /home/dmk/anaconda3/lib/python3.9/site-packages/airflow/example_dags/example_skip_dag.py
[2022-12-31T21:06:46.480+0700] {processor.py:743} INFO - Processing file /home/dmk/anaconda3/lib/python3.9/site-packages/airflow/example_dags/example_skip_dag.py for tasks to queue
[2022-12-31T21:06:46.481+0700] {logging_mixin.py:137} INFO - [2022-12-31T21:06:46.481+0700] {dagbag.py:538} INFO - Filling up the DagBag from /home/dmk/anaconda3/lib/python3.9/site-packages/airflow/example_dags/example_skip_dag.py
[2022-12-31T21:06:46.494+0700] {processor.py:753} INFO - DAG(s) dict_keys(['example_skip_dag']) retrieved from /home/dmk/anaconda3/lib/python3.9/site-packages/airflow/example_dags/example_skip_dag.py
[2022-12-31T21:06:46.614+0700] {logging_mixin.py:137} INFO - [2022-12-31T21:06:46.614+0700] {dag.py:2676} INFO - Sync 1 DAGs
[2022-12-31T21:06:46.629+0700] {logging_mixin.py:137} INFO - [2022-12-31T21:06:46.629+0700] {dag.py:3423} INFO - Setting next_dagrun for example_skip_dag to 2022-12-30T14:06:46.629357+00:00, run_after=2022-12-31T14:06:46.629357+00:00
[2022-12-31T21:06:46.656+0700] {processor.py:175} INFO - Processing /home/dmk/anaconda3/lib/python3.9/site-packages/airflow/example_dags/example_skip_dag.py took 0.182 seconds
[2022-12-31T21:07:39.705+0700] {processor.py:153} INFO - Started process (PID=18689) to work on /home/dmk/anaconda3/lib/python3.9/site-packages/airflow/example_dags/example_skip_dag.py
[2022-12-31T21:07:39.709+0700] {processor.py:743} INFO - Processing file /home/dmk/anaconda3/lib/python3.9/site-packages/airflow/example_dags/example_skip_dag.py for tasks to queue
[2022-12-31T21:07:39.711+0700] {logging_mixin.py:137} INFO - [2022-12-31T21:07:39.711+0700] {dagbag.py:538} INFO - Filling up the DagBag from /home/dmk/anaconda3/lib/python3.9/site-packages/airflow/example_dags/example_skip_dag.py
[2022-12-31T21:07:39.840+0700] {processor.py:753} INFO - DAG(s) dict_keys(['example_skip_dag']) retrieved from /home/dmk/anaconda3/lib/python3.9/site-packages/airflow/example_dags/example_skip_dag.py
[2022-12-31T21:07:39.862+0700] {logging_mixin.py:137} INFO - [2022-12-31T21:07:39.862+0700] {dag.py:2676} INFO - Sync 1 DAGs
[2022-12-31T21:07:39.877+0700] {logging_mixin.py:137} INFO - [2022-12-31T21:07:39.877+0700] {dag.py:3423} INFO - Setting next_dagrun for example_skip_dag to 2022-12-30T14:07:39.877599+00:00, run_after=2022-12-31T14:07:39.877599+00:00
[2022-12-31T21:07:39.899+0700] {processor.py:175} INFO - Processing /home/dmk/anaconda3/lib/python3.9/site-packages/airflow/example_dags/example_skip_dag.py took 0.202 seconds
[2022-12-31T21:08:48.813+0700] {processor.py:153} INFO - Started process (PID=19173) to work on /home/dmk/anaconda3/lib/python3.9/site-packages/airflow/example_dags/example_skip_dag.py
[2022-12-31T21:08:48.818+0700] {processor.py:743} INFO - Processing file /home/dmk/anaconda3/lib/python3.9/site-packages/airflow/example_dags/example_skip_dag.py for tasks to queue
[2022-12-31T21:08:48.820+0700] {logging_mixin.py:137} INFO - [2022-12-31T21:08:48.820+0700] {dagbag.py:538} INFO - Filling up the DagBag from /home/dmk/anaconda3/lib/python3.9/site-packages/airflow/example_dags/example_skip_dag.py
[2022-12-31T21:08:48.845+0700] {processor.py:753} INFO - DAG(s) dict_keys(['example_skip_dag']) retrieved from /home/dmk/anaconda3/lib/python3.9/site-packages/airflow/example_dags/example_skip_dag.py
[2022-12-31T21:08:48.871+0700] {logging_mixin.py:137} INFO - [2022-12-31T21:08:48.871+0700] {dag.py:2676} INFO - Sync 1 DAGs
[2022-12-31T21:08:48.889+0700] {logging_mixin.py:137} INFO - [2022-12-31T21:08:48.889+0700] {dag.py:3423} INFO - Setting next_dagrun for example_skip_dag to 2022-12-30T14:08:48.889443+00:00, run_after=2022-12-31T14:08:48.889443+00:00
[2022-12-31T21:08:48.928+0700] {processor.py:175} INFO - Processing /home/dmk/anaconda3/lib/python3.9/site-packages/airflow/example_dags/example_skip_dag.py took 0.122 seconds
[2022-12-31T21:09:41.527+0700] {processor.py:153} INFO - Started process (PID=19832) to work on /home/dmk/anaconda3/lib/python3.9/site-packages/airflow/example_dags/example_skip_dag.py
[2022-12-31T21:09:41.531+0700] {processor.py:743} INFO - Processing file /home/dmk/anaconda3/lib/python3.9/site-packages/airflow/example_dags/example_skip_dag.py for tasks to queue
[2022-12-31T21:09:41.533+0700] {logging_mixin.py:137} INFO - [2022-12-31T21:09:41.532+0700] {dagbag.py:538} INFO - Filling up the DagBag from /home/dmk/anaconda3/lib/python3.9/site-packages/airflow/example_dags/example_skip_dag.py
[2022-12-31T21:09:41.552+0700] {processor.py:753} INFO - DAG(s) dict_keys(['example_skip_dag']) retrieved from /home/dmk/anaconda3/lib/python3.9/site-packages/airflow/example_dags/example_skip_dag.py
[2022-12-31T21:09:41.580+0700] {logging_mixin.py:137} INFO - [2022-12-31T21:09:41.580+0700] {dag.py:2676} INFO - Sync 1 DAGs
[2022-12-31T21:09:41.599+0700] {logging_mixin.py:137} INFO - [2022-12-31T21:09:41.599+0700] {dag.py:3423} INFO - Setting next_dagrun for example_skip_dag to 2022-12-30T14:09:41.598962+00:00, run_after=2022-12-31T14:09:41.598962+00:00
[2022-12-31T21:09:41.623+0700] {processor.py:175} INFO - Processing /home/dmk/anaconda3/lib/python3.9/site-packages/airflow/example_dags/example_skip_dag.py took 0.107 seconds
[2022-12-31T21:10:30.714+0700] {processor.py:153} INFO - Started process (PID=19974) to work on /home/dmk/anaconda3/lib/python3.9/site-packages/airflow/example_dags/example_skip_dag.py
[2022-12-31T21:10:30.718+0700] {processor.py:743} INFO - Processing file /home/dmk/anaconda3/lib/python3.9/site-packages/airflow/example_dags/example_skip_dag.py for tasks to queue
[2022-12-31T21:10:30.720+0700] {logging_mixin.py:137} INFO - [2022-12-31T21:10:30.720+0700] {dagbag.py:538} INFO - Filling up the DagBag from /home/dmk/anaconda3/lib/python3.9/site-packages/airflow/example_dags/example_skip_dag.py
[2022-12-31T21:10:30.748+0700] {processor.py:753} INFO - DAG(s) dict_keys(['example_skip_dag']) retrieved from /home/dmk/anaconda3/lib/python3.9/site-packages/airflow/example_dags/example_skip_dag.py
[2022-12-31T21:10:30.779+0700] {logging_mixin.py:137} INFO - [2022-12-31T21:10:30.779+0700] {dag.py:2676} INFO - Sync 1 DAGs
[2022-12-31T21:10:30.802+0700] {logging_mixin.py:137} INFO - [2022-12-31T21:10:30.802+0700] {dag.py:3423} INFO - Setting next_dagrun for example_skip_dag to 2022-12-30T14:10:30.802168+00:00, run_after=2022-12-31T14:10:30.802168+00:00
[2022-12-31T21:10:30.829+0700] {processor.py:175} INFO - Processing /home/dmk/anaconda3/lib/python3.9/site-packages/airflow/example_dags/example_skip_dag.py took 0.117 seconds
[2022-12-31T21:11:21.047+0700] {processor.py:153} INFO - Started process (PID=20194) to work on /home/dmk/anaconda3/lib/python3.9/site-packages/airflow/example_dags/example_skip_dag.py
[2022-12-31T21:11:21.052+0700] {processor.py:743} INFO - Processing file /home/dmk/anaconda3/lib/python3.9/site-packages/airflow/example_dags/example_skip_dag.py for tasks to queue
[2022-12-31T21:11:21.053+0700] {logging_mixin.py:137} INFO - [2022-12-31T21:11:21.053+0700] {dagbag.py:538} INFO - Filling up the DagBag from /home/dmk/anaconda3/lib/python3.9/site-packages/airflow/example_dags/example_skip_dag.py
[2022-12-31T21:11:21.084+0700] {processor.py:753} INFO - DAG(s) dict_keys(['example_skip_dag']) retrieved from /home/dmk/anaconda3/lib/python3.9/site-packages/airflow/example_dags/example_skip_dag.py
[2022-12-31T21:11:21.110+0700] {logging_mixin.py:137} INFO - [2022-12-31T21:11:21.110+0700] {dag.py:2676} INFO - Sync 1 DAGs
[2022-12-31T21:11:21.129+0700] {logging_mixin.py:137} INFO - [2022-12-31T21:11:21.128+0700] {dag.py:3423} INFO - Setting next_dagrun for example_skip_dag to 2022-12-30T14:11:21.128720+00:00, run_after=2022-12-31T14:11:21.128720+00:00
[2022-12-31T21:11:21.154+0700] {processor.py:175} INFO - Processing /home/dmk/anaconda3/lib/python3.9/site-packages/airflow/example_dags/example_skip_dag.py took 0.112 seconds
[2022-12-31T21:12:32.184+0700] {processor.py:153} INFO - Started process (PID=20439) to work on /home/dmk/anaconda3/lib/python3.9/site-packages/airflow/example_dags/example_skip_dag.py
[2022-12-31T21:12:32.188+0700] {processor.py:743} INFO - Processing file /home/dmk/anaconda3/lib/python3.9/site-packages/airflow/example_dags/example_skip_dag.py for tasks to queue
[2022-12-31T21:12:32.189+0700] {logging_mixin.py:137} INFO - [2022-12-31T21:12:32.189+0700] {dagbag.py:538} INFO - Filling up the DagBag from /home/dmk/anaconda3/lib/python3.9/site-packages/airflow/example_dags/example_skip_dag.py
[2022-12-31T21:12:32.202+0700] {processor.py:753} INFO - DAG(s) dict_keys(['example_skip_dag']) retrieved from /home/dmk/anaconda3/lib/python3.9/site-packages/airflow/example_dags/example_skip_dag.py
[2022-12-31T21:12:32.232+0700] {logging_mixin.py:137} INFO - [2022-12-31T21:12:32.232+0700] {dag.py:2676} INFO - Sync 1 DAGs
[2022-12-31T21:12:32.254+0700] {logging_mixin.py:137} INFO - [2022-12-31T21:12:32.254+0700] {dag.py:3423} INFO - Setting next_dagrun for example_skip_dag to 2022-12-30T14:12:32.253869+00:00, run_after=2022-12-31T14:12:32.253869+00:00
[2022-12-31T21:12:32.287+0700] {processor.py:175} INFO - Processing /home/dmk/anaconda3/lib/python3.9/site-packages/airflow/example_dags/example_skip_dag.py took 0.107 seconds
[2022-12-31T21:13:19.119+0700] {processor.py:153} INFO - Started process (PID=20600) to work on /home/dmk/anaconda3/lib/python3.9/site-packages/airflow/example_dags/example_skip_dag.py
[2022-12-31T21:13:19.123+0700] {processor.py:743} INFO - Processing file /home/dmk/anaconda3/lib/python3.9/site-packages/airflow/example_dags/example_skip_dag.py for tasks to queue
[2022-12-31T21:13:19.123+0700] {logging_mixin.py:137} INFO - [2022-12-31T21:13:19.123+0700] {dagbag.py:538} INFO - Filling up the DagBag from /home/dmk/anaconda3/lib/python3.9/site-packages/airflow/example_dags/example_skip_dag.py
[2022-12-31T21:13:19.138+0700] {processor.py:753} INFO - DAG(s) dict_keys(['example_skip_dag']) retrieved from /home/dmk/anaconda3/lib/python3.9/site-packages/airflow/example_dags/example_skip_dag.py
[2022-12-31T21:13:19.165+0700] {logging_mixin.py:137} INFO - [2022-12-31T21:13:19.164+0700] {dag.py:2676} INFO - Sync 1 DAGs
[2022-12-31T21:13:19.182+0700] {logging_mixin.py:137} INFO - [2022-12-31T21:13:19.182+0700] {dag.py:3423} INFO - Setting next_dagrun for example_skip_dag to 2022-12-30T14:13:19.182542+00:00, run_after=2022-12-31T14:13:19.182542+00:00
[2022-12-31T21:13:19.204+0700] {processor.py:175} INFO - Processing /home/dmk/anaconda3/lib/python3.9/site-packages/airflow/example_dags/example_skip_dag.py took 0.088 seconds
[2022-12-31T21:14:07.697+0700] {processor.py:153} INFO - Started process (PID=21137) to work on /home/dmk/anaconda3/lib/python3.9/site-packages/airflow/example_dags/example_skip_dag.py
[2022-12-31T21:14:07.701+0700] {processor.py:743} INFO - Processing file /home/dmk/anaconda3/lib/python3.9/site-packages/airflow/example_dags/example_skip_dag.py for tasks to queue
[2022-12-31T21:14:07.701+0700] {logging_mixin.py:137} INFO - [2022-12-31T21:14:07.701+0700] {dagbag.py:538} INFO - Filling up the DagBag from /home/dmk/anaconda3/lib/python3.9/site-packages/airflow/example_dags/example_skip_dag.py
[2022-12-31T21:14:07.723+0700] {processor.py:753} INFO - DAG(s) dict_keys(['example_skip_dag']) retrieved from /home/dmk/anaconda3/lib/python3.9/site-packages/airflow/example_dags/example_skip_dag.py
[2022-12-31T21:14:07.767+0700] {logging_mixin.py:137} INFO - [2022-12-31T21:14:07.767+0700] {dag.py:2676} INFO - Sync 1 DAGs
[2022-12-31T21:14:07.796+0700] {logging_mixin.py:137} INFO - [2022-12-31T21:14:07.796+0700] {dag.py:3423} INFO - Setting next_dagrun for example_skip_dag to 2022-12-30T14:14:07.795722+00:00, run_after=2022-12-31T14:14:07.795722+00:00
[2022-12-31T21:14:07.828+0700] {processor.py:175} INFO - Processing /home/dmk/anaconda3/lib/python3.9/site-packages/airflow/example_dags/example_skip_dag.py took 0.134 seconds
[2022-12-31T21:15:00.685+0700] {processor.py:153} INFO - Started process (PID=22032) to work on /home/dmk/anaconda3/lib/python3.9/site-packages/airflow/example_dags/example_skip_dag.py
[2022-12-31T21:15:00.689+0700] {processor.py:743} INFO - Processing file /home/dmk/anaconda3/lib/python3.9/site-packages/airflow/example_dags/example_skip_dag.py for tasks to queue
[2022-12-31T21:15:00.690+0700] {logging_mixin.py:137} INFO - [2022-12-31T21:15:00.690+0700] {dagbag.py:538} INFO - Filling up the DagBag from /home/dmk/anaconda3/lib/python3.9/site-packages/airflow/example_dags/example_skip_dag.py
[2022-12-31T21:15:00.701+0700] {processor.py:753} INFO - DAG(s) dict_keys(['example_skip_dag']) retrieved from /home/dmk/anaconda3/lib/python3.9/site-packages/airflow/example_dags/example_skip_dag.py
[2022-12-31T21:15:00.726+0700] {logging_mixin.py:137} INFO - [2022-12-31T21:15:00.726+0700] {dag.py:2676} INFO - Sync 1 DAGs
[2022-12-31T21:15:00.743+0700] {logging_mixin.py:137} INFO - [2022-12-31T21:15:00.743+0700] {dag.py:3423} INFO - Setting next_dagrun for example_skip_dag to 2022-12-30T14:15:00.743392+00:00, run_after=2022-12-31T14:15:00.743392+00:00
[2022-12-31T21:15:00.774+0700] {processor.py:175} INFO - Processing /home/dmk/anaconda3/lib/python3.9/site-packages/airflow/example_dags/example_skip_dag.py took 0.092 seconds
[2022-12-31T21:15:52.759+0700] {processor.py:153} INFO - Started process (PID=22371) to work on /home/dmk/anaconda3/lib/python3.9/site-packages/airflow/example_dags/example_skip_dag.py
[2022-12-31T21:15:52.763+0700] {processor.py:743} INFO - Processing file /home/dmk/anaconda3/lib/python3.9/site-packages/airflow/example_dags/example_skip_dag.py for tasks to queue
[2022-12-31T21:15:52.764+0700] {logging_mixin.py:137} INFO - [2022-12-31T21:15:52.764+0700] {dagbag.py:538} INFO - Filling up the DagBag from /home/dmk/anaconda3/lib/python3.9/site-packages/airflow/example_dags/example_skip_dag.py
[2022-12-31T21:15:52.780+0700] {processor.py:753} INFO - DAG(s) dict_keys(['example_skip_dag']) retrieved from /home/dmk/anaconda3/lib/python3.9/site-packages/airflow/example_dags/example_skip_dag.py
[2022-12-31T21:15:52.810+0700] {logging_mixin.py:137} INFO - [2022-12-31T21:15:52.810+0700] {dag.py:2676} INFO - Sync 1 DAGs
[2022-12-31T21:15:52.830+0700] {logging_mixin.py:137} INFO - [2022-12-31T21:15:52.830+0700] {dag.py:3423} INFO - Setting next_dagrun for example_skip_dag to 2022-12-30T14:15:52.830187+00:00, run_after=2022-12-31T14:15:52.830187+00:00
[2022-12-31T21:15:52.856+0700] {processor.py:175} INFO - Processing /home/dmk/anaconda3/lib/python3.9/site-packages/airflow/example_dags/example_skip_dag.py took 0.100 seconds
[2022-12-31T21:16:37.417+0700] {processor.py:153} INFO - Started process (PID=22722) to work on /home/dmk/anaconda3/lib/python3.9/site-packages/airflow/example_dags/example_skip_dag.py
[2022-12-31T21:16:37.421+0700] {processor.py:743} INFO - Processing file /home/dmk/anaconda3/lib/python3.9/site-packages/airflow/example_dags/example_skip_dag.py for tasks to queue
[2022-12-31T21:16:37.422+0700] {logging_mixin.py:137} INFO - [2022-12-31T21:16:37.422+0700] {dagbag.py:538} INFO - Filling up the DagBag from /home/dmk/anaconda3/lib/python3.9/site-packages/airflow/example_dags/example_skip_dag.py
[2022-12-31T21:16:37.442+0700] {processor.py:753} INFO - DAG(s) dict_keys(['example_skip_dag']) retrieved from /home/dmk/anaconda3/lib/python3.9/site-packages/airflow/example_dags/example_skip_dag.py
[2022-12-31T21:16:37.469+0700] {logging_mixin.py:137} INFO - [2022-12-31T21:16:37.468+0700] {dag.py:2676} INFO - Sync 1 DAGs
[2022-12-31T21:16:37.488+0700] {logging_mixin.py:137} INFO - [2022-12-31T21:16:37.488+0700] {dag.py:3423} INFO - Setting next_dagrun for example_skip_dag to 2022-12-30T14:16:37.488068+00:00, run_after=2022-12-31T14:16:37.488068+00:00
[2022-12-31T21:16:37.542+0700] {processor.py:175} INFO - Processing /home/dmk/anaconda3/lib/python3.9/site-packages/airflow/example_dags/example_skip_dag.py took 0.129 seconds
[2022-12-31T21:17:26.405+0700] {processor.py:153} INFO - Started process (PID=23597) to work on /home/dmk/anaconda3/lib/python3.9/site-packages/airflow/example_dags/example_skip_dag.py
[2022-12-31T21:17:26.407+0700] {processor.py:743} INFO - Processing file /home/dmk/anaconda3/lib/python3.9/site-packages/airflow/example_dags/example_skip_dag.py for tasks to queue
[2022-12-31T21:17:26.408+0700] {logging_mixin.py:137} INFO - [2022-12-31T21:17:26.408+0700] {dagbag.py:538} INFO - Filling up the DagBag from /home/dmk/anaconda3/lib/python3.9/site-packages/airflow/example_dags/example_skip_dag.py
[2022-12-31T21:17:26.420+0700] {processor.py:753} INFO - DAG(s) dict_keys(['example_skip_dag']) retrieved from /home/dmk/anaconda3/lib/python3.9/site-packages/airflow/example_dags/example_skip_dag.py
[2022-12-31T21:17:26.444+0700] {logging_mixin.py:137} INFO - [2022-12-31T21:17:26.444+0700] {dag.py:2676} INFO - Sync 1 DAGs
[2022-12-31T21:17:26.462+0700] {logging_mixin.py:137} INFO - [2022-12-31T21:17:26.462+0700] {dag.py:3423} INFO - Setting next_dagrun for example_skip_dag to 2022-12-30T14:17:26.462475+00:00, run_after=2022-12-31T14:17:26.462475+00:00
[2022-12-31T21:17:26.492+0700] {processor.py:175} INFO - Processing /home/dmk/anaconda3/lib/python3.9/site-packages/airflow/example_dags/example_skip_dag.py took 0.089 seconds
[2022-12-31T21:18:27.926+0700] {processor.py:153} INFO - Started process (PID=23723) to work on /home/dmk/anaconda3/lib/python3.9/site-packages/airflow/example_dags/example_skip_dag.py
[2022-12-31T21:18:27.930+0700] {processor.py:743} INFO - Processing file /home/dmk/anaconda3/lib/python3.9/site-packages/airflow/example_dags/example_skip_dag.py for tasks to queue
[2022-12-31T21:18:27.930+0700] {logging_mixin.py:137} INFO - [2022-12-31T21:18:27.930+0700] {dagbag.py:538} INFO - Filling up the DagBag from /home/dmk/anaconda3/lib/python3.9/site-packages/airflow/example_dags/example_skip_dag.py
[2022-12-31T21:18:27.948+0700] {processor.py:753} INFO - DAG(s) dict_keys(['example_skip_dag']) retrieved from /home/dmk/anaconda3/lib/python3.9/site-packages/airflow/example_dags/example_skip_dag.py
[2022-12-31T21:18:27.973+0700] {logging_mixin.py:137} INFO - [2022-12-31T21:18:27.973+0700] {dag.py:2676} INFO - Sync 1 DAGs
[2022-12-31T21:18:27.990+0700] {logging_mixin.py:137} INFO - [2022-12-31T21:18:27.990+0700] {dag.py:3423} INFO - Setting next_dagrun for example_skip_dag to 2022-12-30T14:18:27.990440+00:00, run_after=2022-12-31T14:18:27.990440+00:00
[2022-12-31T21:18:28.032+0700] {processor.py:175} INFO - Processing /home/dmk/anaconda3/lib/python3.9/site-packages/airflow/example_dags/example_skip_dag.py took 0.109 seconds
[2022-12-31T21:19:19.328+0700] {processor.py:153} INFO - Started process (PID=24122) to work on /home/dmk/anaconda3/lib/python3.9/site-packages/airflow/example_dags/example_skip_dag.py
[2022-12-31T21:19:19.332+0700] {processor.py:743} INFO - Processing file /home/dmk/anaconda3/lib/python3.9/site-packages/airflow/example_dags/example_skip_dag.py for tasks to queue
[2022-12-31T21:19:19.333+0700] {logging_mixin.py:137} INFO - [2022-12-31T21:19:19.333+0700] {dagbag.py:538} INFO - Filling up the DagBag from /home/dmk/anaconda3/lib/python3.9/site-packages/airflow/example_dags/example_skip_dag.py
[2022-12-31T21:19:19.354+0700] {processor.py:753} INFO - DAG(s) dict_keys(['example_skip_dag']) retrieved from /home/dmk/anaconda3/lib/python3.9/site-packages/airflow/example_dags/example_skip_dag.py
[2022-12-31T21:19:19.381+0700] {logging_mixin.py:137} INFO - [2022-12-31T21:19:19.380+0700] {dag.py:2676} INFO - Sync 1 DAGs
[2022-12-31T21:19:19.400+0700] {logging_mixin.py:137} INFO - [2022-12-31T21:19:19.400+0700] {dag.py:3423} INFO - Setting next_dagrun for example_skip_dag to 2022-12-30T14:19:19.400515+00:00, run_after=2022-12-31T14:19:19.400515+00:00
[2022-12-31T21:19:19.536+0700] {processor.py:175} INFO - Processing /home/dmk/anaconda3/lib/python3.9/site-packages/airflow/example_dags/example_skip_dag.py took 0.213 seconds
[2022-12-31T21:20:12.670+0700] {processor.py:153} INFO - Started process (PID=24419) to work on /home/dmk/anaconda3/lib/python3.9/site-packages/airflow/example_dags/example_skip_dag.py
[2022-12-31T21:20:12.672+0700] {processor.py:743} INFO - Processing file /home/dmk/anaconda3/lib/python3.9/site-packages/airflow/example_dags/example_skip_dag.py for tasks to queue
[2022-12-31T21:20:12.673+0700] {logging_mixin.py:137} INFO - [2022-12-31T21:20:12.673+0700] {dagbag.py:538} INFO - Filling up the DagBag from /home/dmk/anaconda3/lib/python3.9/site-packages/airflow/example_dags/example_skip_dag.py
[2022-12-31T21:20:12.687+0700] {processor.py:753} INFO - DAG(s) dict_keys(['example_skip_dag']) retrieved from /home/dmk/anaconda3/lib/python3.9/site-packages/airflow/example_dags/example_skip_dag.py
[2022-12-31T21:20:12.714+0700] {logging_mixin.py:137} INFO - [2022-12-31T21:20:12.714+0700] {dag.py:2676} INFO - Sync 1 DAGs
[2022-12-31T21:20:12.829+0700] {logging_mixin.py:137} INFO - [2022-12-31T21:20:12.829+0700] {dag.py:3423} INFO - Setting next_dagrun for example_skip_dag to 2022-12-30T14:20:12.828930+00:00, run_after=2022-12-31T14:20:12.828930+00:00
[2022-12-31T21:20:12.859+0700] {processor.py:175} INFO - Processing /home/dmk/anaconda3/lib/python3.9/site-packages/airflow/example_dags/example_skip_dag.py took 0.192 seconds
[2022-12-31T21:22:43.686+0700] {processor.py:153} INFO - Started process (PID=25333) to work on /home/dmk/anaconda3/lib/python3.9/site-packages/airflow/example_dags/example_skip_dag.py
[2022-12-31T21:22:43.693+0700] {processor.py:743} INFO - Processing file /home/dmk/anaconda3/lib/python3.9/site-packages/airflow/example_dags/example_skip_dag.py for tasks to queue
[2022-12-31T21:22:43.697+0700] {logging_mixin.py:137} INFO - [2022-12-31T21:22:43.696+0700] {dagbag.py:538} INFO - Filling up the DagBag from /home/dmk/anaconda3/lib/python3.9/site-packages/airflow/example_dags/example_skip_dag.py
[2022-12-31T21:22:43.766+0700] {processor.py:753} INFO - DAG(s) dict_keys(['example_skip_dag']) retrieved from /home/dmk/anaconda3/lib/python3.9/site-packages/airflow/example_dags/example_skip_dag.py
[2022-12-31T21:22:43.803+0700] {logging_mixin.py:137} INFO - [2022-12-31T21:22:43.803+0700] {dag.py:2676} INFO - Sync 1 DAGs
[2022-12-31T21:22:43.826+0700] {logging_mixin.py:137} INFO - [2022-12-31T21:22:43.825+0700] {dag.py:3423} INFO - Setting next_dagrun for example_skip_dag to 2022-12-30T14:22:43.825557+00:00, run_after=2022-12-31T14:22:43.825557+00:00
[2022-12-31T21:22:43.972+0700] {processor.py:175} INFO - Processing /home/dmk/anaconda3/lib/python3.9/site-packages/airflow/example_dags/example_skip_dag.py took 0.298 seconds
[2022-12-31T21:23:36.914+0700] {processor.py:153} INFO - Started process (PID=25442) to work on /home/dmk/anaconda3/lib/python3.9/site-packages/airflow/example_dags/example_skip_dag.py
[2022-12-31T21:23:36.918+0700] {processor.py:743} INFO - Processing file /home/dmk/anaconda3/lib/python3.9/site-packages/airflow/example_dags/example_skip_dag.py for tasks to queue
[2022-12-31T21:23:36.919+0700] {logging_mixin.py:137} INFO - [2022-12-31T21:23:36.919+0700] {dagbag.py:538} INFO - Filling up the DagBag from /home/dmk/anaconda3/lib/python3.9/site-packages/airflow/example_dags/example_skip_dag.py
[2022-12-31T21:23:36.931+0700] {processor.py:753} INFO - DAG(s) dict_keys(['example_skip_dag']) retrieved from /home/dmk/anaconda3/lib/python3.9/site-packages/airflow/example_dags/example_skip_dag.py
[2022-12-31T21:23:36.955+0700] {logging_mixin.py:137} INFO - [2022-12-31T21:23:36.955+0700] {dag.py:2676} INFO - Sync 1 DAGs
[2022-12-31T21:23:37.065+0700] {logging_mixin.py:137} INFO - [2022-12-31T21:23:37.065+0700] {dag.py:3423} INFO - Setting next_dagrun for example_skip_dag to 2022-12-30T14:23:37.065566+00:00, run_after=2022-12-31T14:23:37.065566+00:00
[2022-12-31T21:23:37.098+0700] {processor.py:175} INFO - Processing /home/dmk/anaconda3/lib/python3.9/site-packages/airflow/example_dags/example_skip_dag.py took 0.185 seconds
[2022-12-31T21:24:37.734+0700] {processor.py:153} INFO - Started process (PID=25648) to work on /home/dmk/anaconda3/lib/python3.9/site-packages/airflow/example_dags/example_skip_dag.py
[2022-12-31T21:24:37.739+0700] {processor.py:743} INFO - Processing file /home/dmk/anaconda3/lib/python3.9/site-packages/airflow/example_dags/example_skip_dag.py for tasks to queue
[2022-12-31T21:24:37.741+0700] {logging_mixin.py:137} INFO - [2022-12-31T21:24:37.741+0700] {dagbag.py:538} INFO - Filling up the DagBag from /home/dmk/anaconda3/lib/python3.9/site-packages/airflow/example_dags/example_skip_dag.py
[2022-12-31T21:24:37.766+0700] {processor.py:753} INFO - DAG(s) dict_keys(['example_skip_dag']) retrieved from /home/dmk/anaconda3/lib/python3.9/site-packages/airflow/example_dags/example_skip_dag.py
[2022-12-31T21:24:37.885+0700] {logging_mixin.py:137} INFO - [2022-12-31T21:24:37.885+0700] {dag.py:2676} INFO - Sync 1 DAGs
[2022-12-31T21:24:37.902+0700] {logging_mixin.py:137} INFO - [2022-12-31T21:24:37.901+0700] {dag.py:3423} INFO - Setting next_dagrun for example_skip_dag to 2022-12-30T14:24:37.901836+00:00, run_after=2022-12-31T14:24:37.901836+00:00
[2022-12-31T21:24:37.954+0700] {processor.py:175} INFO - Processing /home/dmk/anaconda3/lib/python3.9/site-packages/airflow/example_dags/example_skip_dag.py took 0.228 seconds
[2022-12-31T21:25:36.497+0700] {processor.py:153} INFO - Started process (PID=25863) to work on /home/dmk/anaconda3/lib/python3.9/site-packages/airflow/example_dags/example_skip_dag.py
[2022-12-31T21:25:36.501+0700] {processor.py:743} INFO - Processing file /home/dmk/anaconda3/lib/python3.9/site-packages/airflow/example_dags/example_skip_dag.py for tasks to queue
[2022-12-31T21:25:36.502+0700] {logging_mixin.py:137} INFO - [2022-12-31T21:25:36.502+0700] {dagbag.py:538} INFO - Filling up the DagBag from /home/dmk/anaconda3/lib/python3.9/site-packages/airflow/example_dags/example_skip_dag.py
[2022-12-31T21:25:36.529+0700] {processor.py:753} INFO - DAG(s) dict_keys(['example_skip_dag']) retrieved from /home/dmk/anaconda3/lib/python3.9/site-packages/airflow/example_dags/example_skip_dag.py
[2022-12-31T21:25:36.678+0700] {logging_mixin.py:137} INFO - [2022-12-31T21:25:36.678+0700] {dag.py:2676} INFO - Sync 1 DAGs
[2022-12-31T21:25:36.698+0700] {logging_mixin.py:137} INFO - [2022-12-31T21:25:36.698+0700] {dag.py:3423} INFO - Setting next_dagrun for example_skip_dag to 2022-12-30T14:25:36.698212+00:00, run_after=2022-12-31T14:25:36.698212+00:00
[2022-12-31T21:25:36.733+0700] {processor.py:175} INFO - Processing /home/dmk/anaconda3/lib/python3.9/site-packages/airflow/example_dags/example_skip_dag.py took 0.244 seconds
[2022-12-31T21:26:32.363+0700] {processor.py:153} INFO - Started process (PID=25966) to work on /home/dmk/anaconda3/lib/python3.9/site-packages/airflow/example_dags/example_skip_dag.py
[2022-12-31T21:26:32.368+0700] {processor.py:743} INFO - Processing file /home/dmk/anaconda3/lib/python3.9/site-packages/airflow/example_dags/example_skip_dag.py for tasks to queue
[2022-12-31T21:26:32.370+0700] {logging_mixin.py:137} INFO - [2022-12-31T21:26:32.369+0700] {dagbag.py:538} INFO - Filling up the DagBag from /home/dmk/anaconda3/lib/python3.9/site-packages/airflow/example_dags/example_skip_dag.py
[2022-12-31T21:26:32.515+0700] {processor.py:753} INFO - DAG(s) dict_keys(['example_skip_dag']) retrieved from /home/dmk/anaconda3/lib/python3.9/site-packages/airflow/example_dags/example_skip_dag.py
[2022-12-31T21:26:32.541+0700] {logging_mixin.py:137} INFO - [2022-12-31T21:26:32.541+0700] {dag.py:2676} INFO - Sync 1 DAGs
[2022-12-31T21:26:32.559+0700] {logging_mixin.py:137} INFO - [2022-12-31T21:26:32.559+0700] {dag.py:3423} INFO - Setting next_dagrun for example_skip_dag to 2022-12-30T14:26:32.559251+00:00, run_after=2022-12-31T14:26:32.559251+00:00
[2022-12-31T21:26:32.594+0700] {processor.py:175} INFO - Processing /home/dmk/anaconda3/lib/python3.9/site-packages/airflow/example_dags/example_skip_dag.py took 0.245 seconds
[2022-12-31T21:27:51.292+0700] {processor.py:153} INFO - Started process (PID=26109) to work on /home/dmk/anaconda3/lib/python3.9/site-packages/airflow/example_dags/example_skip_dag.py
[2022-12-31T21:27:51.296+0700] {processor.py:743} INFO - Processing file /home/dmk/anaconda3/lib/python3.9/site-packages/airflow/example_dags/example_skip_dag.py for tasks to queue
[2022-12-31T21:27:51.300+0700] {logging_mixin.py:137} INFO - [2022-12-31T21:27:51.299+0700] {dagbag.py:538} INFO - Filling up the DagBag from /home/dmk/anaconda3/lib/python3.9/site-packages/airflow/example_dags/example_skip_dag.py
[2022-12-31T21:27:51.346+0700] {processor.py:753} INFO - DAG(s) dict_keys(['example_skip_dag']) retrieved from /home/dmk/anaconda3/lib/python3.9/site-packages/airflow/example_dags/example_skip_dag.py
[2022-12-31T21:27:51.379+0700] {logging_mixin.py:137} INFO - [2022-12-31T21:27:51.379+0700] {dag.py:2676} INFO - Sync 1 DAGs
[2022-12-31T21:27:51.400+0700] {logging_mixin.py:137} INFO - [2022-12-31T21:27:51.400+0700] {dag.py:3423} INFO - Setting next_dagrun for example_skip_dag to 2022-12-30T14:27:51.400329+00:00, run_after=2022-12-31T14:27:51.400329+00:00
[2022-12-31T21:27:51.434+0700] {processor.py:175} INFO - Processing /home/dmk/anaconda3/lib/python3.9/site-packages/airflow/example_dags/example_skip_dag.py took 0.152 seconds
[2022-12-31T21:28:41.160+0700] {processor.py:153} INFO - Started process (PID=26204) to work on /home/dmk/anaconda3/lib/python3.9/site-packages/airflow/example_dags/example_skip_dag.py
[2022-12-31T21:28:41.162+0700] {processor.py:743} INFO - Processing file /home/dmk/anaconda3/lib/python3.9/site-packages/airflow/example_dags/example_skip_dag.py for tasks to queue
[2022-12-31T21:28:41.163+0700] {logging_mixin.py:137} INFO - [2022-12-31T21:28:41.163+0700] {dagbag.py:538} INFO - Filling up the DagBag from /home/dmk/anaconda3/lib/python3.9/site-packages/airflow/example_dags/example_skip_dag.py
[2022-12-31T21:28:41.191+0700] {processor.py:753} INFO - DAG(s) dict_keys(['example_skip_dag']) retrieved from /home/dmk/anaconda3/lib/python3.9/site-packages/airflow/example_dags/example_skip_dag.py
[2022-12-31T21:28:41.237+0700] {logging_mixin.py:137} INFO - [2022-12-31T21:28:41.237+0700] {dag.py:2676} INFO - Sync 1 DAGs
[2022-12-31T21:28:41.268+0700] {logging_mixin.py:137} INFO - [2022-12-31T21:28:41.268+0700] {dag.py:3423} INFO - Setting next_dagrun for example_skip_dag to 2022-12-30T14:28:41.267876+00:00, run_after=2022-12-31T14:28:41.267876+00:00
[2022-12-31T21:28:41.330+0700] {processor.py:175} INFO - Processing /home/dmk/anaconda3/lib/python3.9/site-packages/airflow/example_dags/example_skip_dag.py took 0.173 seconds
[2022-12-31T21:29:44.371+0700] {processor.py:153} INFO - Started process (PID=26362) to work on /home/dmk/anaconda3/lib/python3.9/site-packages/airflow/example_dags/example_skip_dag.py
[2022-12-31T21:29:44.372+0700] {processor.py:743} INFO - Processing file /home/dmk/anaconda3/lib/python3.9/site-packages/airflow/example_dags/example_skip_dag.py for tasks to queue
[2022-12-31T21:29:44.373+0700] {logging_mixin.py:137} INFO - [2022-12-31T21:29:44.373+0700] {dagbag.py:538} INFO - Filling up the DagBag from /home/dmk/anaconda3/lib/python3.9/site-packages/airflow/example_dags/example_skip_dag.py
[2022-12-31T21:29:44.395+0700] {processor.py:753} INFO - DAG(s) dict_keys(['example_skip_dag']) retrieved from /home/dmk/anaconda3/lib/python3.9/site-packages/airflow/example_dags/example_skip_dag.py
[2022-12-31T21:29:44.448+0700] {logging_mixin.py:137} INFO - [2022-12-31T21:29:44.448+0700] {dag.py:2676} INFO - Sync 1 DAGs
[2022-12-31T21:29:44.487+0700] {logging_mixin.py:137} INFO - [2022-12-31T21:29:44.486+0700] {dag.py:3423} INFO - Setting next_dagrun for example_skip_dag to 2022-12-30T14:29:44.486373+00:00, run_after=2022-12-31T14:29:44.486373+00:00
[2022-12-31T21:29:44.539+0700] {processor.py:175} INFO - Processing /home/dmk/anaconda3/lib/python3.9/site-packages/airflow/example_dags/example_skip_dag.py took 0.171 seconds
[2022-12-31T21:30:50.208+0700] {processor.py:153} INFO - Started process (PID=26503) to work on /home/dmk/anaconda3/lib/python3.9/site-packages/airflow/example_dags/example_skip_dag.py
[2022-12-31T21:30:50.214+0700] {processor.py:743} INFO - Processing file /home/dmk/anaconda3/lib/python3.9/site-packages/airflow/example_dags/example_skip_dag.py for tasks to queue
[2022-12-31T21:30:50.217+0700] {logging_mixin.py:137} INFO - [2022-12-31T21:30:50.216+0700] {dagbag.py:538} INFO - Filling up the DagBag from /home/dmk/anaconda3/lib/python3.9/site-packages/airflow/example_dags/example_skip_dag.py
[2022-12-31T21:30:50.260+0700] {processor.py:753} INFO - DAG(s) dict_keys(['example_skip_dag']) retrieved from /home/dmk/anaconda3/lib/python3.9/site-packages/airflow/example_dags/example_skip_dag.py
[2022-12-31T21:30:50.292+0700] {logging_mixin.py:137} INFO - [2022-12-31T21:30:50.292+0700] {dag.py:2676} INFO - Sync 1 DAGs
[2022-12-31T21:30:50.313+0700] {logging_mixin.py:137} INFO - [2022-12-31T21:30:50.312+0700] {dag.py:3423} INFO - Setting next_dagrun for example_skip_dag to 2022-12-30T14:30:50.312626+00:00, run_after=2022-12-31T14:30:50.312626+00:00
[2022-12-31T21:30:50.349+0700] {processor.py:175} INFO - Processing /home/dmk/anaconda3/lib/python3.9/site-packages/airflow/example_dags/example_skip_dag.py took 0.152 seconds
[2022-12-31T21:31:42.970+0700] {processor.py:153} INFO - Started process (PID=26589) to work on /home/dmk/anaconda3/lib/python3.9/site-packages/airflow/example_dags/example_skip_dag.py
[2022-12-31T21:31:42.978+0700] {processor.py:743} INFO - Processing file /home/dmk/anaconda3/lib/python3.9/site-packages/airflow/example_dags/example_skip_dag.py for tasks to queue
[2022-12-31T21:31:42.981+0700] {logging_mixin.py:137} INFO - [2022-12-31T21:31:42.980+0700] {dagbag.py:538} INFO - Filling up the DagBag from /home/dmk/anaconda3/lib/python3.9/site-packages/airflow/example_dags/example_skip_dag.py
[2022-12-31T21:31:43.030+0700] {processor.py:753} INFO - DAG(s) dict_keys(['example_skip_dag']) retrieved from /home/dmk/anaconda3/lib/python3.9/site-packages/airflow/example_dags/example_skip_dag.py
[2022-12-31T21:31:43.067+0700] {logging_mixin.py:137} INFO - [2022-12-31T21:31:43.067+0700] {dag.py:2676} INFO - Sync 1 DAGs
[2022-12-31T21:31:43.093+0700] {logging_mixin.py:137} INFO - [2022-12-31T21:31:43.093+0700] {dag.py:3423} INFO - Setting next_dagrun for example_skip_dag to 2022-12-30T14:31:43.093403+00:00, run_after=2022-12-31T14:31:43.093403+00:00
[2022-12-31T21:31:43.122+0700] {processor.py:175} INFO - Processing /home/dmk/anaconda3/lib/python3.9/site-packages/airflow/example_dags/example_skip_dag.py took 0.161 seconds
[2022-12-31T21:32:48.185+0700] {processor.py:153} INFO - Started process (PID=26717) to work on /home/dmk/anaconda3/lib/python3.9/site-packages/airflow/example_dags/example_skip_dag.py
[2022-12-31T21:32:48.190+0700] {processor.py:743} INFO - Processing file /home/dmk/anaconda3/lib/python3.9/site-packages/airflow/example_dags/example_skip_dag.py for tasks to queue
[2022-12-31T21:32:48.193+0700] {logging_mixin.py:137} INFO - [2022-12-31T21:32:48.192+0700] {dagbag.py:538} INFO - Filling up the DagBag from /home/dmk/anaconda3/lib/python3.9/site-packages/airflow/example_dags/example_skip_dag.py
[2022-12-31T21:32:48.243+0700] {processor.py:753} INFO - DAG(s) dict_keys(['example_skip_dag']) retrieved from /home/dmk/anaconda3/lib/python3.9/site-packages/airflow/example_dags/example_skip_dag.py
[2022-12-31T21:32:48.286+0700] {logging_mixin.py:137} INFO - [2022-12-31T21:32:48.286+0700] {dag.py:2676} INFO - Sync 1 DAGs
[2022-12-31T21:32:48.307+0700] {logging_mixin.py:137} INFO - [2022-12-31T21:32:48.307+0700] {dag.py:3423} INFO - Setting next_dagrun for example_skip_dag to 2022-12-30T14:32:48.306792+00:00, run_after=2022-12-31T14:32:48.306792+00:00
[2022-12-31T21:32:48.338+0700] {processor.py:175} INFO - Processing /home/dmk/anaconda3/lib/python3.9/site-packages/airflow/example_dags/example_skip_dag.py took 0.163 seconds
[2022-12-31T21:33:48.047+0700] {processor.py:153} INFO - Started process (PID=26833) to work on /home/dmk/anaconda3/lib/python3.9/site-packages/airflow/example_dags/example_skip_dag.py
[2022-12-31T21:33:48.049+0700] {processor.py:743} INFO - Processing file /home/dmk/anaconda3/lib/python3.9/site-packages/airflow/example_dags/example_skip_dag.py for tasks to queue
[2022-12-31T21:33:48.050+0700] {logging_mixin.py:137} INFO - [2022-12-31T21:33:48.050+0700] {dagbag.py:538} INFO - Filling up the DagBag from /home/dmk/anaconda3/lib/python3.9/site-packages/airflow/example_dags/example_skip_dag.py
[2022-12-31T21:33:48.079+0700] {processor.py:753} INFO - DAG(s) dict_keys(['example_skip_dag']) retrieved from /home/dmk/anaconda3/lib/python3.9/site-packages/airflow/example_dags/example_skip_dag.py
[2022-12-31T21:33:48.107+0700] {logging_mixin.py:137} INFO - [2022-12-31T21:33:48.107+0700] {dag.py:2676} INFO - Sync 1 DAGs
[2022-12-31T21:33:48.124+0700] {logging_mixin.py:137} INFO - [2022-12-31T21:33:48.124+0700] {dag.py:3423} INFO - Setting next_dagrun for example_skip_dag to 2022-12-30T14:33:48.124099+00:00, run_after=2022-12-31T14:33:48.124099+00:00
[2022-12-31T21:33:48.151+0700] {processor.py:175} INFO - Processing /home/dmk/anaconda3/lib/python3.9/site-packages/airflow/example_dags/example_skip_dag.py took 0.107 seconds
[2022-12-31T21:34:50.633+0700] {processor.py:153} INFO - Started process (PID=27680) to work on /home/dmk/anaconda3/lib/python3.9/site-packages/airflow/example_dags/example_skip_dag.py
[2022-12-31T21:34:50.636+0700] {processor.py:743} INFO - Processing file /home/dmk/anaconda3/lib/python3.9/site-packages/airflow/example_dags/example_skip_dag.py for tasks to queue
[2022-12-31T21:34:50.637+0700] {logging_mixin.py:137} INFO - [2022-12-31T21:34:50.637+0700] {dagbag.py:538} INFO - Filling up the DagBag from /home/dmk/anaconda3/lib/python3.9/site-packages/airflow/example_dags/example_skip_dag.py
[2022-12-31T21:34:50.653+0700] {processor.py:753} INFO - DAG(s) dict_keys(['example_skip_dag']) retrieved from /home/dmk/anaconda3/lib/python3.9/site-packages/airflow/example_dags/example_skip_dag.py
[2022-12-31T21:34:50.680+0700] {logging_mixin.py:137} INFO - [2022-12-31T21:34:50.679+0700] {dag.py:2676} INFO - Sync 1 DAGs
[2022-12-31T21:34:50.698+0700] {logging_mixin.py:137} INFO - [2022-12-31T21:34:50.698+0700] {dag.py:3423} INFO - Setting next_dagrun for example_skip_dag to 2022-12-30T14:34:50.697951+00:00, run_after=2022-12-31T14:34:50.697951+00:00
[2022-12-31T21:34:50.820+0700] {processor.py:175} INFO - Processing /home/dmk/anaconda3/lib/python3.9/site-packages/airflow/example_dags/example_skip_dag.py took 0.193 seconds
[2022-12-31T21:35:42.344+0700] {processor.py:153} INFO - Started process (PID=27905) to work on /home/dmk/anaconda3/lib/python3.9/site-packages/airflow/example_dags/example_skip_dag.py
[2022-12-31T21:35:42.348+0700] {processor.py:743} INFO - Processing file /home/dmk/anaconda3/lib/python3.9/site-packages/airflow/example_dags/example_skip_dag.py for tasks to queue
[2022-12-31T21:35:42.349+0700] {logging_mixin.py:137} INFO - [2022-12-31T21:35:42.348+0700] {dagbag.py:538} INFO - Filling up the DagBag from /home/dmk/anaconda3/lib/python3.9/site-packages/airflow/example_dags/example_skip_dag.py
[2022-12-31T21:35:42.368+0700] {processor.py:753} INFO - DAG(s) dict_keys(['example_skip_dag']) retrieved from /home/dmk/anaconda3/lib/python3.9/site-packages/airflow/example_dags/example_skip_dag.py
[2022-12-31T21:35:42.395+0700] {logging_mixin.py:137} INFO - [2022-12-31T21:35:42.394+0700] {dag.py:2676} INFO - Sync 1 DAGs
[2022-12-31T21:35:42.539+0700] {logging_mixin.py:137} INFO - [2022-12-31T21:35:42.538+0700] {dag.py:3423} INFO - Setting next_dagrun for example_skip_dag to 2022-12-30T14:35:42.538805+00:00, run_after=2022-12-31T14:35:42.538805+00:00
[2022-12-31T21:35:42.569+0700] {processor.py:175} INFO - Processing /home/dmk/anaconda3/lib/python3.9/site-packages/airflow/example_dags/example_skip_dag.py took 0.228 seconds
[2022-12-31T21:38:26.726+0700] {processor.py:153} INFO - Started process (PID=28898) to work on /home/dmk/anaconda3/lib/python3.9/site-packages/airflow/example_dags/example_skip_dag.py
[2022-12-31T21:38:26.729+0700] {processor.py:743} INFO - Processing file /home/dmk/anaconda3/lib/python3.9/site-packages/airflow/example_dags/example_skip_dag.py for tasks to queue
[2022-12-31T21:38:26.730+0700] {logging_mixin.py:137} INFO - [2022-12-31T21:38:26.730+0700] {dagbag.py:538} INFO - Filling up the DagBag from /home/dmk/anaconda3/lib/python3.9/site-packages/airflow/example_dags/example_skip_dag.py
[2022-12-31T21:38:26.746+0700] {processor.py:753} INFO - DAG(s) dict_keys(['example_skip_dag']) retrieved from /home/dmk/anaconda3/lib/python3.9/site-packages/airflow/example_dags/example_skip_dag.py
[2022-12-31T21:38:26.958+0700] {logging_mixin.py:137} INFO - [2022-12-31T21:38:26.958+0700] {manager.py:504} INFO - Created Permission View: can delete on DAG:example_skip_dag
[2022-12-31T21:38:26.978+0700] {logging_mixin.py:137} INFO - [2022-12-31T21:38:26.978+0700] {manager.py:504} INFO - Created Permission View: can read on DAG:example_skip_dag
[2022-12-31T21:38:27.011+0700] {logging_mixin.py:137} INFO - [2022-12-31T21:38:27.010+0700] {manager.py:504} INFO - Created Permission View: can edit on DAG:example_skip_dag
[2022-12-31T21:38:27.012+0700] {logging_mixin.py:137} INFO - [2022-12-31T21:38:27.012+0700] {dag.py:2676} INFO - Sync 1 DAGs
[2022-12-31T21:38:27.050+0700] {logging_mixin.py:137} INFO - [2022-12-31T21:38:27.049+0700] {dag.py:2697} INFO - Creating ORM DAG for example_skip_dag
[2022-12-31T21:38:27.065+0700] {logging_mixin.py:137} INFO - [2022-12-31T21:38:27.065+0700] {dag.py:3423} INFO - Setting next_dagrun for example_skip_dag to 2022-12-30T14:38:27.065248+00:00, run_after=2022-12-31T14:38:27.065248+00:00
[2022-12-31T21:38:27.095+0700] {processor.py:175} INFO - Processing /home/dmk/anaconda3/lib/python3.9/site-packages/airflow/example_dags/example_skip_dag.py took 0.374 seconds
[2022-12-31T21:39:21.102+0700] {processor.py:153} INFO - Started process (PID=29119) to work on /home/dmk/anaconda3/lib/python3.9/site-packages/airflow/example_dags/example_skip_dag.py
[2022-12-31T21:39:21.107+0700] {processor.py:743} INFO - Processing file /home/dmk/anaconda3/lib/python3.9/site-packages/airflow/example_dags/example_skip_dag.py for tasks to queue
[2022-12-31T21:39:21.110+0700] {logging_mixin.py:137} INFO - [2022-12-31T21:39:21.109+0700] {dagbag.py:538} INFO - Filling up the DagBag from /home/dmk/anaconda3/lib/python3.9/site-packages/airflow/example_dags/example_skip_dag.py
[2022-12-31T21:39:21.174+0700] {processor.py:753} INFO - DAG(s) dict_keys(['example_skip_dag']) retrieved from /home/dmk/anaconda3/lib/python3.9/site-packages/airflow/example_dags/example_skip_dag.py
[2022-12-31T21:39:21.224+0700] {logging_mixin.py:137} INFO - [2022-12-31T21:39:21.224+0700] {dag.py:2676} INFO - Sync 1 DAGs
[2022-12-31T21:39:21.361+0700] {logging_mixin.py:137} INFO - [2022-12-31T21:39:21.360+0700] {dag.py:3423} INFO - Setting next_dagrun for example_skip_dag to 2022-12-30T14:39:21.360787+00:00, run_after=2022-12-31T14:39:21.360787+00:00
[2022-12-31T21:39:21.409+0700] {processor.py:175} INFO - Processing /home/dmk/anaconda3/lib/python3.9/site-packages/airflow/example_dags/example_skip_dag.py took 0.324 seconds
[2022-12-31T21:40:14.336+0700] {processor.py:153} INFO - Started process (PID=29278) to work on /home/dmk/anaconda3/lib/python3.9/site-packages/airflow/example_dags/example_skip_dag.py
[2022-12-31T21:40:14.339+0700] {processor.py:743} INFO - Processing file /home/dmk/anaconda3/lib/python3.9/site-packages/airflow/example_dags/example_skip_dag.py for tasks to queue
[2022-12-31T21:40:14.339+0700] {logging_mixin.py:137} INFO - [2022-12-31T21:40:14.339+0700] {dagbag.py:538} INFO - Filling up the DagBag from /home/dmk/anaconda3/lib/python3.9/site-packages/airflow/example_dags/example_skip_dag.py
[2022-12-31T21:40:14.353+0700] {processor.py:753} INFO - DAG(s) dict_keys(['example_skip_dag']) retrieved from /home/dmk/anaconda3/lib/python3.9/site-packages/airflow/example_dags/example_skip_dag.py
[2022-12-31T21:40:14.378+0700] {logging_mixin.py:137} INFO - [2022-12-31T21:40:14.378+0700] {dag.py:2676} INFO - Sync 1 DAGs
[2022-12-31T21:40:14.487+0700] {logging_mixin.py:137} INFO - [2022-12-31T21:40:14.487+0700] {dag.py:3423} INFO - Setting next_dagrun for example_skip_dag to 2022-12-30T14:40:14.487279+00:00, run_after=2022-12-31T14:40:14.487279+00:00
[2022-12-31T21:40:14.517+0700] {processor.py:175} INFO - Processing /home/dmk/anaconda3/lib/python3.9/site-packages/airflow/example_dags/example_skip_dag.py took 0.183 seconds
[2022-12-31T21:41:21.835+0700] {processor.py:153} INFO - Started process (PID=29532) to work on /home/dmk/anaconda3/lib/python3.9/site-packages/airflow/example_dags/example_skip_dag.py
[2022-12-31T21:41:21.839+0700] {processor.py:743} INFO - Processing file /home/dmk/anaconda3/lib/python3.9/site-packages/airflow/example_dags/example_skip_dag.py for tasks to queue
[2022-12-31T21:41:21.840+0700] {logging_mixin.py:137} INFO - [2022-12-31T21:41:21.840+0700] {dagbag.py:538} INFO - Filling up the DagBag from /home/dmk/anaconda3/lib/python3.9/site-packages/airflow/example_dags/example_skip_dag.py
[2022-12-31T21:41:21.854+0700] {processor.py:753} INFO - DAG(s) dict_keys(['example_skip_dag']) retrieved from /home/dmk/anaconda3/lib/python3.9/site-packages/airflow/example_dags/example_skip_dag.py
[2022-12-31T21:41:21.973+0700] {logging_mixin.py:137} INFO - [2022-12-31T21:41:21.973+0700] {dag.py:2676} INFO - Sync 1 DAGs
[2022-12-31T21:41:21.988+0700] {logging_mixin.py:137} INFO - [2022-12-31T21:41:21.988+0700] {dag.py:3423} INFO - Setting next_dagrun for example_skip_dag to 2022-12-30T14:41:21.988684+00:00, run_after=2022-12-31T14:41:21.988684+00:00
[2022-12-31T21:41:22.022+0700] {processor.py:175} INFO - Processing /home/dmk/anaconda3/lib/python3.9/site-packages/airflow/example_dags/example_skip_dag.py took 0.189 seconds
[2022-12-31T21:42:23.413+0700] {processor.py:153} INFO - Started process (PID=29803) to work on /home/dmk/anaconda3/lib/python3.9/site-packages/airflow/example_dags/example_skip_dag.py
[2022-12-31T21:42:23.417+0700] {processor.py:743} INFO - Processing file /home/dmk/anaconda3/lib/python3.9/site-packages/airflow/example_dags/example_skip_dag.py for tasks to queue
[2022-12-31T21:42:23.418+0700] {logging_mixin.py:137} INFO - [2022-12-31T21:42:23.418+0700] {dagbag.py:538} INFO - Filling up the DagBag from /home/dmk/anaconda3/lib/python3.9/site-packages/airflow/example_dags/example_skip_dag.py
[2022-12-31T21:42:23.433+0700] {processor.py:753} INFO - DAG(s) dict_keys(['example_skip_dag']) retrieved from /home/dmk/anaconda3/lib/python3.9/site-packages/airflow/example_dags/example_skip_dag.py
[2022-12-31T21:42:23.474+0700] {logging_mixin.py:137} INFO - [2022-12-31T21:42:23.473+0700] {dag.py:2676} INFO - Sync 1 DAGs
[2022-12-31T21:42:23.505+0700] {logging_mixin.py:137} INFO - [2022-12-31T21:42:23.505+0700] {dag.py:3423} INFO - Setting next_dagrun for example_skip_dag to 2022-12-30T14:42:23.505170+00:00, run_after=2022-12-31T14:42:23.505170+00:00
[2022-12-31T21:42:23.669+0700] {processor.py:175} INFO - Processing /home/dmk/anaconda3/lib/python3.9/site-packages/airflow/example_dags/example_skip_dag.py took 0.259 seconds
[2022-12-31T21:43:12.514+0700] {processor.py:153} INFO - Started process (PID=29988) to work on /home/dmk/anaconda3/lib/python3.9/site-packages/airflow/example_dags/example_skip_dag.py
[2022-12-31T21:43:12.517+0700] {processor.py:743} INFO - Processing file /home/dmk/anaconda3/lib/python3.9/site-packages/airflow/example_dags/example_skip_dag.py for tasks to queue
[2022-12-31T21:43:12.519+0700] {logging_mixin.py:137} INFO - [2022-12-31T21:43:12.519+0700] {dagbag.py:538} INFO - Filling up the DagBag from /home/dmk/anaconda3/lib/python3.9/site-packages/airflow/example_dags/example_skip_dag.py
[2022-12-31T21:43:12.545+0700] {processor.py:753} INFO - DAG(s) dict_keys(['example_skip_dag']) retrieved from /home/dmk/anaconda3/lib/python3.9/site-packages/airflow/example_dags/example_skip_dag.py
[2022-12-31T21:43:12.573+0700] {logging_mixin.py:137} INFO - [2022-12-31T21:43:12.573+0700] {dag.py:2676} INFO - Sync 1 DAGs
[2022-12-31T21:43:12.685+0700] {logging_mixin.py:137} INFO - [2022-12-31T21:43:12.684+0700] {dag.py:3423} INFO - Setting next_dagrun for example_skip_dag to 2022-12-30T14:43:12.684671+00:00, run_after=2022-12-31T14:43:12.684671+00:00
[2022-12-31T21:43:12.721+0700] {processor.py:175} INFO - Processing /home/dmk/anaconda3/lib/python3.9/site-packages/airflow/example_dags/example_skip_dag.py took 0.213 seconds
[2022-12-31T22:23:20.818+0700] {processor.py:153} INFO - Started process (PID=47655) to work on /home/dmk/anaconda3/lib/python3.9/site-packages/airflow/example_dags/example_skip_dag.py
[2022-12-31T22:23:20.820+0700] {processor.py:743} INFO - Processing file /home/dmk/anaconda3/lib/python3.9/site-packages/airflow/example_dags/example_skip_dag.py for tasks to queue
[2022-12-31T22:23:20.821+0700] {logging_mixin.py:137} INFO - [2022-12-31T22:23:20.821+0700] {dagbag.py:538} INFO - Filling up the DagBag from /home/dmk/anaconda3/lib/python3.9/site-packages/airflow/example_dags/example_skip_dag.py
[2022-12-31T22:23:20.836+0700] {processor.py:753} INFO - DAG(s) dict_keys(['example_skip_dag']) retrieved from /home/dmk/anaconda3/lib/python3.9/site-packages/airflow/example_dags/example_skip_dag.py
[2022-12-31T22:23:20.894+0700] {logging_mixin.py:137} INFO - [2022-12-31T22:23:20.893+0700] {dag.py:2676} INFO - Sync 1 DAGs
[2022-12-31T22:23:20.937+0700] {logging_mixin.py:137} INFO - [2022-12-31T22:23:20.937+0700] {dag.py:3423} INFO - Setting next_dagrun for example_skip_dag to 2022-12-30T15:23:20.937382+00:00, run_after=2022-12-31T15:23:20.937382+00:00
[2022-12-31T22:23:21.089+0700] {processor.py:175} INFO - Processing /home/dmk/anaconda3/lib/python3.9/site-packages/airflow/example_dags/example_skip_dag.py took 0.280 seconds
[2022-12-31T22:24:13.968+0700] {processor.py:153} INFO - Started process (PID=48162) to work on /home/dmk/anaconda3/lib/python3.9/site-packages/airflow/example_dags/example_skip_dag.py
[2022-12-31T22:24:13.972+0700] {processor.py:743} INFO - Processing file /home/dmk/anaconda3/lib/python3.9/site-packages/airflow/example_dags/example_skip_dag.py for tasks to queue
[2022-12-31T22:24:13.978+0700] {logging_mixin.py:137} INFO - [2022-12-31T22:24:13.977+0700] {dagbag.py:538} INFO - Filling up the DagBag from /home/dmk/anaconda3/lib/python3.9/site-packages/airflow/example_dags/example_skip_dag.py
[2022-12-31T22:24:14.004+0700] {processor.py:753} INFO - DAG(s) dict_keys(['example_skip_dag']) retrieved from /home/dmk/anaconda3/lib/python3.9/site-packages/airflow/example_dags/example_skip_dag.py
[2022-12-31T22:24:14.049+0700] {logging_mixin.py:137} INFO - [2022-12-31T22:24:14.047+0700] {dag.py:2676} INFO - Sync 1 DAGs
[2022-12-31T22:24:14.242+0700] {logging_mixin.py:137} INFO - [2022-12-31T22:24:14.242+0700] {dag.py:3423} INFO - Setting next_dagrun for example_skip_dag to 2022-12-30T15:24:14.242000+00:00, run_after=2022-12-31T15:24:14.242000+00:00
[2022-12-31T22:24:14.322+0700] {processor.py:175} INFO - Processing /home/dmk/anaconda3/lib/python3.9/site-packages/airflow/example_dags/example_skip_dag.py took 0.358 seconds
[2022-12-31T22:25:30.609+0700] {processor.py:153} INFO - Started process (PID=48899) to work on /home/dmk/anaconda3/envs/airflow/lib/python3.7/site-packages/airflow/example_dags/example_skip_dag.py
[2022-12-31T22:25:30.613+0700] {processor.py:743} INFO - Processing file /home/dmk/anaconda3/envs/airflow/lib/python3.7/site-packages/airflow/example_dags/example_skip_dag.py for tasks to queue
[2022-12-31T22:25:30.614+0700] {logging_mixin.py:137} INFO - [2022-12-31T22:25:30.614+0700] {dagbag.py:538} INFO - Filling up the DagBag from /home/dmk/anaconda3/envs/airflow/lib/python3.7/site-packages/airflow/example_dags/example_skip_dag.py
[2022-12-31T22:25:30.632+0700] {processor.py:753} INFO - DAG(s) dict_keys(['example_skip_dag']) retrieved from /home/dmk/anaconda3/envs/airflow/lib/python3.7/site-packages/airflow/example_dags/example_skip_dag.py
[2022-12-31T22:25:30.794+0700] {logging_mixin.py:137} INFO - [2022-12-31T22:25:30.794+0700] {dag.py:2676} INFO - Sync 1 DAGs
[2022-12-31T22:25:30.820+0700] {logging_mixin.py:137} INFO - [2022-12-31T22:25:30.820+0700] {dag.py:3427} INFO - Setting next_dagrun for example_skip_dag to 2022-12-30T15:25:30.820290+00:00, run_after=2022-12-31T15:25:30.820290+00:00
[2022-12-31T22:25:30.872+0700] {processor.py:175} INFO - Processing /home/dmk/anaconda3/envs/airflow/lib/python3.7/site-packages/airflow/example_dags/example_skip_dag.py took 0.266 seconds
[2022-12-31T22:26:20.426+0700] {processor.py:153} INFO - Started process (PID=49818) to work on /home/dmk/anaconda3/envs/airflow/lib/python3.7/site-packages/airflow/example_dags/example_skip_dag.py
[2022-12-31T22:26:20.432+0700] {processor.py:743} INFO - Processing file /home/dmk/anaconda3/envs/airflow/lib/python3.7/site-packages/airflow/example_dags/example_skip_dag.py for tasks to queue
[2022-12-31T22:26:20.434+0700] {logging_mixin.py:137} INFO - [2022-12-31T22:26:20.433+0700] {dagbag.py:538} INFO - Filling up the DagBag from /home/dmk/anaconda3/envs/airflow/lib/python3.7/site-packages/airflow/example_dags/example_skip_dag.py
[2022-12-31T22:26:20.470+0700] {processor.py:753} INFO - DAG(s) dict_keys(['example_skip_dag']) retrieved from /home/dmk/anaconda3/envs/airflow/lib/python3.7/site-packages/airflow/example_dags/example_skip_dag.py
[2022-12-31T22:26:20.496+0700] {logging_mixin.py:137} INFO - [2022-12-31T22:26:20.496+0700] {dag.py:2676} INFO - Sync 1 DAGs
[2022-12-31T22:26:20.625+0700] {logging_mixin.py:137} INFO - [2022-12-31T22:26:20.625+0700] {dag.py:3427} INFO - Setting next_dagrun for example_skip_dag to 2022-12-30T15:26:20.625647+00:00, run_after=2022-12-31T15:26:20.625647+00:00
[2022-12-31T22:26:20.656+0700] {processor.py:175} INFO - Processing /home/dmk/anaconda3/envs/airflow/lib/python3.7/site-packages/airflow/example_dags/example_skip_dag.py took 0.239 seconds
[2022-12-31T22:27:10.115+0700] {processor.py:153} INFO - Started process (PID=50167) to work on /home/dmk/anaconda3/envs/airflow/lib/python3.7/site-packages/airflow/example_dags/example_skip_dag.py
[2022-12-31T22:27:10.118+0700] {processor.py:743} INFO - Processing file /home/dmk/anaconda3/envs/airflow/lib/python3.7/site-packages/airflow/example_dags/example_skip_dag.py for tasks to queue
[2022-12-31T22:27:10.119+0700] {logging_mixin.py:137} INFO - [2022-12-31T22:27:10.119+0700] {dagbag.py:538} INFO - Filling up the DagBag from /home/dmk/anaconda3/envs/airflow/lib/python3.7/site-packages/airflow/example_dags/example_skip_dag.py
[2022-12-31T22:27:10.143+0700] {processor.py:753} INFO - DAG(s) dict_keys(['example_skip_dag']) retrieved from /home/dmk/anaconda3/envs/airflow/lib/python3.7/site-packages/airflow/example_dags/example_skip_dag.py
[2022-12-31T22:27:10.275+0700] {logging_mixin.py:137} INFO - [2022-12-31T22:27:10.275+0700] {dag.py:2676} INFO - Sync 1 DAGs
[2022-12-31T22:27:10.295+0700] {logging_mixin.py:137} INFO - [2022-12-31T22:27:10.295+0700] {dag.py:3427} INFO - Setting next_dagrun for example_skip_dag to 2022-12-30T15:27:10.294967+00:00, run_after=2022-12-31T15:27:10.294967+00:00
[2022-12-31T22:27:10.325+0700] {processor.py:175} INFO - Processing /home/dmk/anaconda3/envs/airflow/lib/python3.7/site-packages/airflow/example_dags/example_skip_dag.py took 0.216 seconds
[2022-12-31T22:28:00.983+0700] {processor.py:153} INFO - Started process (PID=50533) to work on /home/dmk/anaconda3/envs/airflow/lib/python3.7/site-packages/airflow/example_dags/example_skip_dag.py
[2022-12-31T22:28:00.988+0700] {processor.py:743} INFO - Processing file /home/dmk/anaconda3/envs/airflow/lib/python3.7/site-packages/airflow/example_dags/example_skip_dag.py for tasks to queue
[2022-12-31T22:28:00.990+0700] {logging_mixin.py:137} INFO - [2022-12-31T22:28:00.990+0700] {dagbag.py:538} INFO - Filling up the DagBag from /home/dmk/anaconda3/envs/airflow/lib/python3.7/site-packages/airflow/example_dags/example_skip_dag.py
[2022-12-31T22:28:01.130+0700] {processor.py:753} INFO - DAG(s) dict_keys(['example_skip_dag']) retrieved from /home/dmk/anaconda3/envs/airflow/lib/python3.7/site-packages/airflow/example_dags/example_skip_dag.py
[2022-12-31T22:28:01.149+0700] {logging_mixin.py:137} INFO - [2022-12-31T22:28:01.148+0700] {dag.py:2676} INFO - Sync 1 DAGs
[2022-12-31T22:28:01.168+0700] {logging_mixin.py:137} INFO - [2022-12-31T22:28:01.167+0700] {dag.py:3427} INFO - Setting next_dagrun for example_skip_dag to 2022-12-30T15:28:01.167724+00:00, run_after=2022-12-31T15:28:01.167724+00:00
[2022-12-31T22:28:01.199+0700] {processor.py:175} INFO - Processing /home/dmk/anaconda3/envs/airflow/lib/python3.7/site-packages/airflow/example_dags/example_skip_dag.py took 0.223 seconds
[2022-12-31T22:28:50.868+0700] {processor.py:153} INFO - Started process (PID=50635) to work on /home/dmk/anaconda3/envs/airflow/lib/python3.7/site-packages/airflow/example_dags/example_skip_dag.py
[2022-12-31T22:28:50.871+0700] {processor.py:743} INFO - Processing file /home/dmk/anaconda3/envs/airflow/lib/python3.7/site-packages/airflow/example_dags/example_skip_dag.py for tasks to queue
[2022-12-31T22:28:50.872+0700] {logging_mixin.py:137} INFO - [2022-12-31T22:28:50.872+0700] {dagbag.py:538} INFO - Filling up the DagBag from /home/dmk/anaconda3/envs/airflow/lib/python3.7/site-packages/airflow/example_dags/example_skip_dag.py
[2022-12-31T22:28:50.883+0700] {processor.py:753} INFO - DAG(s) dict_keys(['example_skip_dag']) retrieved from /home/dmk/anaconda3/envs/airflow/lib/python3.7/site-packages/airflow/example_dags/example_skip_dag.py
[2022-12-31T22:28:50.901+0700] {logging_mixin.py:137} INFO - [2022-12-31T22:28:50.901+0700] {dag.py:2676} INFO - Sync 1 DAGs
[2022-12-31T22:28:50.920+0700] {logging_mixin.py:137} INFO - [2022-12-31T22:28:50.920+0700] {dag.py:3427} INFO - Setting next_dagrun for example_skip_dag to 2022-12-30T15:28:50.920637+00:00, run_after=2022-12-31T15:28:50.920637+00:00
[2022-12-31T22:28:50.972+0700] {processor.py:175} INFO - Processing /home/dmk/anaconda3/envs/airflow/lib/python3.7/site-packages/airflow/example_dags/example_skip_dag.py took 0.234 seconds
[2022-12-31T22:29:36.787+0700] {processor.py:153} INFO - Started process (PID=51198) to work on /home/dmk/anaconda3/envs/airflow/lib/python3.7/site-packages/airflow/example_dags/example_skip_dag.py
[2022-12-31T22:29:36.791+0700] {processor.py:743} INFO - Processing file /home/dmk/anaconda3/envs/airflow/lib/python3.7/site-packages/airflow/example_dags/example_skip_dag.py for tasks to queue
[2022-12-31T22:29:36.794+0700] {logging_mixin.py:137} INFO - [2022-12-31T22:29:36.794+0700] {dagbag.py:538} INFO - Filling up the DagBag from /home/dmk/anaconda3/envs/airflow/lib/python3.7/site-packages/airflow/example_dags/example_skip_dag.py
[2022-12-31T22:29:36.858+0700] {processor.py:753} INFO - DAG(s) dict_keys(['example_skip_dag']) retrieved from /home/dmk/anaconda3/envs/airflow/lib/python3.7/site-packages/airflow/example_dags/example_skip_dag.py
[2022-12-31T22:29:36.905+0700] {logging_mixin.py:137} INFO - [2022-12-31T22:29:36.905+0700] {dag.py:2676} INFO - Sync 1 DAGs
[2022-12-31T22:29:36.928+0700] {logging_mixin.py:137} INFO - [2022-12-31T22:29:36.928+0700] {dag.py:3427} INFO - Setting next_dagrun for example_skip_dag to 2022-12-30T15:29:36.928131+00:00, run_after=2022-12-31T15:29:36.928131+00:00
[2022-12-31T22:29:36.957+0700] {processor.py:175} INFO - Processing /home/dmk/anaconda3/envs/airflow/lib/python3.7/site-packages/airflow/example_dags/example_skip_dag.py took 0.184 seconds
[2022-12-31T22:30:23.917+0700] {processor.py:153} INFO - Started process (PID=51534) to work on /home/dmk/anaconda3/envs/airflow/lib/python3.7/site-packages/airflow/example_dags/example_skip_dag.py
[2022-12-31T22:30:23.922+0700] {processor.py:743} INFO - Processing file /home/dmk/anaconda3/envs/airflow/lib/python3.7/site-packages/airflow/example_dags/example_skip_dag.py for tasks to queue
[2022-12-31T22:30:23.924+0700] {logging_mixin.py:137} INFO - [2022-12-31T22:30:23.923+0700] {dagbag.py:538} INFO - Filling up the DagBag from /home/dmk/anaconda3/envs/airflow/lib/python3.7/site-packages/airflow/example_dags/example_skip_dag.py
[2022-12-31T22:30:23.941+0700] {processor.py:753} INFO - DAG(s) dict_keys(['example_skip_dag']) retrieved from /home/dmk/anaconda3/envs/airflow/lib/python3.7/site-packages/airflow/example_dags/example_skip_dag.py
[2022-12-31T22:30:23.964+0700] {logging_mixin.py:137} INFO - [2022-12-31T22:30:23.964+0700] {dag.py:2676} INFO - Sync 1 DAGs
[2022-12-31T22:30:23.985+0700] {logging_mixin.py:137} INFO - [2022-12-31T22:30:23.985+0700] {dag.py:3427} INFO - Setting next_dagrun for example_skip_dag to 2022-12-30T15:30:23.984988+00:00, run_after=2022-12-31T15:30:23.984988+00:00
[2022-12-31T22:30:24.021+0700] {processor.py:175} INFO - Processing /home/dmk/anaconda3/envs/airflow/lib/python3.7/site-packages/airflow/example_dags/example_skip_dag.py took 0.114 seconds
[2022-12-31T22:31:10.584+0700] {processor.py:153} INFO - Started process (PID=51637) to work on /home/dmk/anaconda3/envs/airflow/lib/python3.7/site-packages/airflow/example_dags/example_skip_dag.py
[2022-12-31T22:31:10.590+0700] {processor.py:743} INFO - Processing file /home/dmk/anaconda3/envs/airflow/lib/python3.7/site-packages/airflow/example_dags/example_skip_dag.py for tasks to queue
[2022-12-31T22:31:10.591+0700] {logging_mixin.py:137} INFO - [2022-12-31T22:31:10.591+0700] {dagbag.py:538} INFO - Filling up the DagBag from /home/dmk/anaconda3/envs/airflow/lib/python3.7/site-packages/airflow/example_dags/example_skip_dag.py
[2022-12-31T22:31:10.615+0700] {processor.py:753} INFO - DAG(s) dict_keys(['example_skip_dag']) retrieved from /home/dmk/anaconda3/envs/airflow/lib/python3.7/site-packages/airflow/example_dags/example_skip_dag.py
[2022-12-31T22:31:10.640+0700] {logging_mixin.py:137} INFO - [2022-12-31T22:31:10.640+0700] {dag.py:2676} INFO - Sync 1 DAGs
[2022-12-31T22:31:10.660+0700] {logging_mixin.py:137} INFO - [2022-12-31T22:31:10.660+0700] {dag.py:3427} INFO - Setting next_dagrun for example_skip_dag to 2022-12-30T15:31:10.660121+00:00, run_after=2022-12-31T15:31:10.660121+00:00
[2022-12-31T22:31:10.690+0700] {processor.py:175} INFO - Processing /home/dmk/anaconda3/envs/airflow/lib/python3.7/site-packages/airflow/example_dags/example_skip_dag.py took 0.114 seconds
[2022-12-31T22:31:59.938+0700] {processor.py:153} INFO - Started process (PID=51830) to work on /home/dmk/anaconda3/envs/airflow/lib/python3.7/site-packages/airflow/example_dags/example_skip_dag.py
[2022-12-31T22:31:59.945+0700] {processor.py:743} INFO - Processing file /home/dmk/anaconda3/envs/airflow/lib/python3.7/site-packages/airflow/example_dags/example_skip_dag.py for tasks to queue
[2022-12-31T22:31:59.947+0700] {logging_mixin.py:137} INFO - [2022-12-31T22:31:59.947+0700] {dagbag.py:538} INFO - Filling up the DagBag from /home/dmk/anaconda3/envs/airflow/lib/python3.7/site-packages/airflow/example_dags/example_skip_dag.py
[2022-12-31T22:32:00.001+0700] {processor.py:753} INFO - DAG(s) dict_keys(['example_skip_dag']) retrieved from /home/dmk/anaconda3/envs/airflow/lib/python3.7/site-packages/airflow/example_dags/example_skip_dag.py
[2022-12-31T22:32:00.046+0700] {logging_mixin.py:137} INFO - [2022-12-31T22:32:00.046+0700] {dag.py:2676} INFO - Sync 1 DAGs
[2022-12-31T22:32:00.069+0700] {logging_mixin.py:137} INFO - [2022-12-31T22:32:00.069+0700] {dag.py:3427} INFO - Setting next_dagrun for example_skip_dag to 2022-12-30T15:32:00.069361+00:00, run_after=2022-12-31T15:32:00.069361+00:00
[2022-12-31T22:32:00.106+0700] {processor.py:175} INFO - Processing /home/dmk/anaconda3/envs/airflow/lib/python3.7/site-packages/airflow/example_dags/example_skip_dag.py took 0.177 seconds
[2022-12-31T22:32:49.154+0700] {processor.py:153} INFO - Started process (PID=51926) to work on /home/dmk/anaconda3/envs/airflow/lib/python3.7/site-packages/airflow/example_dags/example_skip_dag.py
[2022-12-31T22:32:49.158+0700] {processor.py:743} INFO - Processing file /home/dmk/anaconda3/envs/airflow/lib/python3.7/site-packages/airflow/example_dags/example_skip_dag.py for tasks to queue
[2022-12-31T22:32:49.161+0700] {logging_mixin.py:137} INFO - [2022-12-31T22:32:49.160+0700] {dagbag.py:538} INFO - Filling up the DagBag from /home/dmk/anaconda3/envs/airflow/lib/python3.7/site-packages/airflow/example_dags/example_skip_dag.py
[2022-12-31T22:32:49.218+0700] {processor.py:753} INFO - DAG(s) dict_keys(['example_skip_dag']) retrieved from /home/dmk/anaconda3/envs/airflow/lib/python3.7/site-packages/airflow/example_dags/example_skip_dag.py
[2022-12-31T22:32:49.285+0700] {logging_mixin.py:137} INFO - [2022-12-31T22:32:49.285+0700] {dag.py:2676} INFO - Sync 1 DAGs
[2022-12-31T22:32:49.329+0700] {logging_mixin.py:137} INFO - [2022-12-31T22:32:49.329+0700] {dag.py:3427} INFO - Setting next_dagrun for example_skip_dag to 2022-12-30T15:32:49.329144+00:00, run_after=2022-12-31T15:32:49.329144+00:00
[2022-12-31T22:32:49.383+0700] {processor.py:175} INFO - Processing /home/dmk/anaconda3/envs/airflow/lib/python3.7/site-packages/airflow/example_dags/example_skip_dag.py took 0.239 seconds
