[2022-12-31T20:52:16.467+0700] {processor.py:153} INFO - Started process (PID=10938) to work on /home/dmk/anaconda3/lib/python3.9/site-packages/airflow/example_dags/example_kubernetes_executor.py
[2022-12-31T20:52:16.468+0700] {processor.py:743} INFO - Processing file /home/dmk/anaconda3/lib/python3.9/site-packages/airflow/example_dags/example_kubernetes_executor.py for tasks to queue
[2022-12-31T20:52:16.469+0700] {logging_mixin.py:137} INFO - [2022-12-31T20:52:16.469+0700] {dagbag.py:538} INFO - Filling up the DagBag from /home/dmk/anaconda3/lib/python3.9/site-packages/airflow/example_dags/example_kubernetes_executor.py
[2022-12-31T20:52:16.495+0700] {logging_mixin.py:137} INFO - [2022-12-31T20:52:16.495+0700] {example_kubernetes_executor.py:41} WARNING - The example_kubernetes_executor example DAG requires the kubernetes provider. Please install it with: pip install apache-airflow[cncf.kubernetes]
[2022-12-31T20:52:16.496+0700] {processor.py:755} WARNING - No viable dags retrieved from /home/dmk/anaconda3/lib/python3.9/site-packages/airflow/example_dags/example_kubernetes_executor.py
[2022-12-31T20:52:16.505+0700] {processor.py:175} INFO - Processing /home/dmk/anaconda3/lib/python3.9/site-packages/airflow/example_dags/example_kubernetes_executor.py took 0.040 seconds
[2022-12-31T20:55:19.871+0700] {processor.py:153} INFO - Started process (PID=11955) to work on /home/dmk/anaconda3/lib/python3.9/site-packages/airflow/example_dags/example_kubernetes_executor.py
[2022-12-31T20:55:19.873+0700] {processor.py:743} INFO - Processing file /home/dmk/anaconda3/lib/python3.9/site-packages/airflow/example_dags/example_kubernetes_executor.py for tasks to queue
[2022-12-31T20:55:19.874+0700] {logging_mixin.py:137} INFO - [2022-12-31T20:55:19.873+0700] {dagbag.py:538} INFO - Filling up the DagBag from /home/dmk/anaconda3/lib/python3.9/site-packages/airflow/example_dags/example_kubernetes_executor.py
[2022-12-31T20:55:19.897+0700] {logging_mixin.py:137} INFO - [2022-12-31T20:55:19.897+0700] {example_kubernetes_executor.py:41} WARNING - The example_kubernetes_executor example DAG requires the kubernetes provider. Please install it with: pip install apache-airflow[cncf.kubernetes]
[2022-12-31T20:55:19.897+0700] {processor.py:755} WARNING - No viable dags retrieved from /home/dmk/anaconda3/lib/python3.9/site-packages/airflow/example_dags/example_kubernetes_executor.py
[2022-12-31T20:55:19.907+0700] {processor.py:175} INFO - Processing /home/dmk/anaconda3/lib/python3.9/site-packages/airflow/example_dags/example_kubernetes_executor.py took 0.040 seconds
[2022-12-31T20:56:28.177+0700] {processor.py:153} INFO - Started process (PID=12225) to work on /home/dmk/anaconda3/lib/python3.9/site-packages/airflow/example_dags/example_kubernetes_executor.py
[2022-12-31T20:56:28.181+0700] {processor.py:743} INFO - Processing file /home/dmk/anaconda3/lib/python3.9/site-packages/airflow/example_dags/example_kubernetes_executor.py for tasks to queue
[2022-12-31T20:56:28.182+0700] {logging_mixin.py:137} INFO - [2022-12-31T20:56:28.182+0700] {dagbag.py:538} INFO - Filling up the DagBag from /home/dmk/anaconda3/lib/python3.9/site-packages/airflow/example_dags/example_kubernetes_executor.py
[2022-12-31T20:56:28.207+0700] {logging_mixin.py:137} INFO - [2022-12-31T20:56:28.206+0700] {example_kubernetes_executor.py:41} WARNING - The example_kubernetes_executor example DAG requires the kubernetes provider. Please install it with: pip install apache-airflow[cncf.kubernetes]
[2022-12-31T20:56:28.207+0700] {processor.py:755} WARNING - No viable dags retrieved from /home/dmk/anaconda3/lib/python3.9/site-packages/airflow/example_dags/example_kubernetes_executor.py
[2022-12-31T20:56:28.217+0700] {processor.py:175} INFO - Processing /home/dmk/anaconda3/lib/python3.9/site-packages/airflow/example_dags/example_kubernetes_executor.py took 0.043 seconds
[2022-12-31T20:57:34.939+0700] {processor.py:153} INFO - Started process (PID=12644) to work on /home/dmk/anaconda3/lib/python3.9/site-packages/airflow/example_dags/example_kubernetes_executor.py
[2022-12-31T20:57:34.941+0700] {processor.py:743} INFO - Processing file /home/dmk/anaconda3/lib/python3.9/site-packages/airflow/example_dags/example_kubernetes_executor.py for tasks to queue
[2022-12-31T20:57:34.942+0700] {logging_mixin.py:137} INFO - [2022-12-31T20:57:34.942+0700] {dagbag.py:538} INFO - Filling up the DagBag from /home/dmk/anaconda3/lib/python3.9/site-packages/airflow/example_dags/example_kubernetes_executor.py
[2022-12-31T20:57:34.964+0700] {logging_mixin.py:137} INFO - [2022-12-31T20:57:34.964+0700] {example_kubernetes_executor.py:41} WARNING - The example_kubernetes_executor example DAG requires the kubernetes provider. Please install it with: pip install apache-airflow[cncf.kubernetes]
[2022-12-31T20:57:34.965+0700] {processor.py:755} WARNING - No viable dags retrieved from /home/dmk/anaconda3/lib/python3.9/site-packages/airflow/example_dags/example_kubernetes_executor.py
[2022-12-31T20:57:34.976+0700] {processor.py:175} INFO - Processing /home/dmk/anaconda3/lib/python3.9/site-packages/airflow/example_dags/example_kubernetes_executor.py took 0.040 seconds
[2022-12-31T20:58:29.192+0700] {processor.py:153} INFO - Started process (PID=12954) to work on /home/dmk/anaconda3/lib/python3.9/site-packages/airflow/example_dags/example_kubernetes_executor.py
[2022-12-31T20:58:29.196+0700] {processor.py:743} INFO - Processing file /home/dmk/anaconda3/lib/python3.9/site-packages/airflow/example_dags/example_kubernetes_executor.py for tasks to queue
[2022-12-31T20:58:29.197+0700] {logging_mixin.py:137} INFO - [2022-12-31T20:58:29.197+0700] {dagbag.py:538} INFO - Filling up the DagBag from /home/dmk/anaconda3/lib/python3.9/site-packages/airflow/example_dags/example_kubernetes_executor.py
[2022-12-31T20:58:29.333+0700] {logging_mixin.py:137} INFO - [2022-12-31T20:58:29.333+0700] {example_kubernetes_executor.py:41} WARNING - The example_kubernetes_executor example DAG requires the kubernetes provider. Please install it with: pip install apache-airflow[cncf.kubernetes]
[2022-12-31T20:58:29.333+0700] {processor.py:755} WARNING - No viable dags retrieved from /home/dmk/anaconda3/lib/python3.9/site-packages/airflow/example_dags/example_kubernetes_executor.py
[2022-12-31T20:58:29.341+0700] {processor.py:175} INFO - Processing /home/dmk/anaconda3/lib/python3.9/site-packages/airflow/example_dags/example_kubernetes_executor.py took 0.154 seconds
[2022-12-31T20:59:42.071+0700] {processor.py:153} INFO - Started process (PID=14225) to work on /home/dmk/anaconda3/lib/python3.9/site-packages/airflow/example_dags/example_kubernetes_executor.py
[2022-12-31T20:59:42.075+0700] {processor.py:743} INFO - Processing file /home/dmk/anaconda3/lib/python3.9/site-packages/airflow/example_dags/example_kubernetes_executor.py for tasks to queue
[2022-12-31T20:59:42.078+0700] {logging_mixin.py:137} INFO - [2022-12-31T20:59:42.077+0700] {dagbag.py:538} INFO - Filling up the DagBag from /home/dmk/anaconda3/lib/python3.9/site-packages/airflow/example_dags/example_kubernetes_executor.py
[2022-12-31T20:59:42.134+0700] {logging_mixin.py:137} INFO - [2022-12-31T20:59:42.134+0700] {example_kubernetes_executor.py:41} WARNING - The example_kubernetes_executor example DAG requires the kubernetes provider. Please install it with: pip install apache-airflow[cncf.kubernetes]
[2022-12-31T20:59:42.134+0700] {processor.py:755} WARNING - No viable dags retrieved from /home/dmk/anaconda3/lib/python3.9/site-packages/airflow/example_dags/example_kubernetes_executor.py
[2022-12-31T20:59:42.148+0700] {processor.py:175} INFO - Processing /home/dmk/anaconda3/lib/python3.9/site-packages/airflow/example_dags/example_kubernetes_executor.py took 0.086 seconds
[2022-12-31T21:00:35.916+0700] {processor.py:153} INFO - Started process (PID=15422) to work on /home/dmk/anaconda3/lib/python3.9/site-packages/airflow/example_dags/example_kubernetes_executor.py
[2022-12-31T21:00:35.921+0700] {processor.py:743} INFO - Processing file /home/dmk/anaconda3/lib/python3.9/site-packages/airflow/example_dags/example_kubernetes_executor.py for tasks to queue
[2022-12-31T21:00:35.923+0700] {logging_mixin.py:137} INFO - [2022-12-31T21:00:35.923+0700] {dagbag.py:538} INFO - Filling up the DagBag from /home/dmk/anaconda3/lib/python3.9/site-packages/airflow/example_dags/example_kubernetes_executor.py
[2022-12-31T21:00:35.949+0700] {logging_mixin.py:137} INFO - [2022-12-31T21:00:35.949+0700] {example_kubernetes_executor.py:41} WARNING - The example_kubernetes_executor example DAG requires the kubernetes provider. Please install it with: pip install apache-airflow[cncf.kubernetes]
[2022-12-31T21:00:35.950+0700] {processor.py:755} WARNING - No viable dags retrieved from /home/dmk/anaconda3/lib/python3.9/site-packages/airflow/example_dags/example_kubernetes_executor.py
[2022-12-31T21:00:35.957+0700] {processor.py:175} INFO - Processing /home/dmk/anaconda3/lib/python3.9/site-packages/airflow/example_dags/example_kubernetes_executor.py took 0.048 seconds
[2022-12-31T21:01:33.200+0700] {processor.py:153} INFO - Started process (PID=16208) to work on /home/dmk/anaconda3/lib/python3.9/site-packages/airflow/example_dags/example_kubernetes_executor.py
[2022-12-31T21:01:33.201+0700] {processor.py:743} INFO - Processing file /home/dmk/anaconda3/lib/python3.9/site-packages/airflow/example_dags/example_kubernetes_executor.py for tasks to queue
[2022-12-31T21:01:33.202+0700] {logging_mixin.py:137} INFO - [2022-12-31T21:01:33.201+0700] {dagbag.py:538} INFO - Filling up the DagBag from /home/dmk/anaconda3/lib/python3.9/site-packages/airflow/example_dags/example_kubernetes_executor.py
[2022-12-31T21:01:33.217+0700] {logging_mixin.py:137} INFO - [2022-12-31T21:01:33.217+0700] {example_kubernetes_executor.py:41} WARNING - The example_kubernetes_executor example DAG requires the kubernetes provider. Please install it with: pip install apache-airflow[cncf.kubernetes]
[2022-12-31T21:01:33.217+0700] {processor.py:755} WARNING - No viable dags retrieved from /home/dmk/anaconda3/lib/python3.9/site-packages/airflow/example_dags/example_kubernetes_executor.py
[2022-12-31T21:01:33.225+0700] {processor.py:175} INFO - Processing /home/dmk/anaconda3/lib/python3.9/site-packages/airflow/example_dags/example_kubernetes_executor.py took 0.027 seconds
[2022-12-31T21:02:24.062+0700] {processor.py:153} INFO - Started process (PID=16327) to work on /home/dmk/anaconda3/lib/python3.9/site-packages/airflow/example_dags/example_kubernetes_executor.py
[2022-12-31T21:02:24.068+0700] {processor.py:743} INFO - Processing file /home/dmk/anaconda3/lib/python3.9/site-packages/airflow/example_dags/example_kubernetes_executor.py for tasks to queue
[2022-12-31T21:02:24.071+0700] {logging_mixin.py:137} INFO - [2022-12-31T21:02:24.070+0700] {dagbag.py:538} INFO - Filling up the DagBag from /home/dmk/anaconda3/lib/python3.9/site-packages/airflow/example_dags/example_kubernetes_executor.py
[2022-12-31T21:02:24.140+0700] {logging_mixin.py:137} INFO - [2022-12-31T21:02:24.140+0700] {example_kubernetes_executor.py:41} WARNING - The example_kubernetes_executor example DAG requires the kubernetes provider. Please install it with: pip install apache-airflow[cncf.kubernetes]
[2022-12-31T21:02:24.140+0700] {processor.py:755} WARNING - No viable dags retrieved from /home/dmk/anaconda3/lib/python3.9/site-packages/airflow/example_dags/example_kubernetes_executor.py
[2022-12-31T21:02:24.151+0700] {processor.py:175} INFO - Processing /home/dmk/anaconda3/lib/python3.9/site-packages/airflow/example_dags/example_kubernetes_executor.py took 0.101 seconds
[2022-12-31T21:03:57.882+0700] {processor.py:153} INFO - Started process (PID=17070) to work on /home/dmk/anaconda3/lib/python3.9/site-packages/airflow/example_dags/example_kubernetes_executor.py
[2022-12-31T21:03:57.886+0700] {processor.py:743} INFO - Processing file /home/dmk/anaconda3/lib/python3.9/site-packages/airflow/example_dags/example_kubernetes_executor.py for tasks to queue
[2022-12-31T21:03:57.887+0700] {logging_mixin.py:137} INFO - [2022-12-31T21:03:57.887+0700] {dagbag.py:538} INFO - Filling up the DagBag from /home/dmk/anaconda3/lib/python3.9/site-packages/airflow/example_dags/example_kubernetes_executor.py
[2022-12-31T21:03:57.902+0700] {logging_mixin.py:137} INFO - [2022-12-31T21:03:57.902+0700] {example_kubernetes_executor.py:41} WARNING - The example_kubernetes_executor example DAG requires the kubernetes provider. Please install it with: pip install apache-airflow[cncf.kubernetes]
[2022-12-31T21:03:57.902+0700] {processor.py:755} WARNING - No viable dags retrieved from /home/dmk/anaconda3/lib/python3.9/site-packages/airflow/example_dags/example_kubernetes_executor.py
[2022-12-31T21:03:57.910+0700] {processor.py:175} INFO - Processing /home/dmk/anaconda3/lib/python3.9/site-packages/airflow/example_dags/example_kubernetes_executor.py took 0.030 seconds
[2022-12-31T21:04:54.876+0700] {processor.py:153} INFO - Started process (PID=17671) to work on /home/dmk/anaconda3/lib/python3.9/site-packages/airflow/example_dags/example_kubernetes_executor.py
[2022-12-31T21:04:54.880+0700] {processor.py:743} INFO - Processing file /home/dmk/anaconda3/lib/python3.9/site-packages/airflow/example_dags/example_kubernetes_executor.py for tasks to queue
[2022-12-31T21:04:54.881+0700] {logging_mixin.py:137} INFO - [2022-12-31T21:04:54.881+0700] {dagbag.py:538} INFO - Filling up the DagBag from /home/dmk/anaconda3/lib/python3.9/site-packages/airflow/example_dags/example_kubernetes_executor.py
[2022-12-31T21:04:54.897+0700] {logging_mixin.py:137} INFO - [2022-12-31T21:04:54.897+0700] {example_kubernetes_executor.py:41} WARNING - The example_kubernetes_executor example DAG requires the kubernetes provider. Please install it with: pip install apache-airflow[cncf.kubernetes]
[2022-12-31T21:04:54.897+0700] {processor.py:755} WARNING - No viable dags retrieved from /home/dmk/anaconda3/lib/python3.9/site-packages/airflow/example_dags/example_kubernetes_executor.py
[2022-12-31T21:04:54.904+0700] {processor.py:175} INFO - Processing /home/dmk/anaconda3/lib/python3.9/site-packages/airflow/example_dags/example_kubernetes_executor.py took 0.032 seconds
[2022-12-31T21:05:49.010+0700] {processor.py:153} INFO - Started process (PID=18326) to work on /home/dmk/anaconda3/lib/python3.9/site-packages/airflow/example_dags/example_kubernetes_executor.py
[2022-12-31T21:05:49.014+0700] {processor.py:743} INFO - Processing file /home/dmk/anaconda3/lib/python3.9/site-packages/airflow/example_dags/example_kubernetes_executor.py for tasks to queue
[2022-12-31T21:05:49.015+0700] {logging_mixin.py:137} INFO - [2022-12-31T21:05:49.015+0700] {dagbag.py:538} INFO - Filling up the DagBag from /home/dmk/anaconda3/lib/python3.9/site-packages/airflow/example_dags/example_kubernetes_executor.py
[2022-12-31T21:05:49.029+0700] {logging_mixin.py:137} INFO - [2022-12-31T21:05:49.029+0700] {example_kubernetes_executor.py:41} WARNING - The example_kubernetes_executor example DAG requires the kubernetes provider. Please install it with: pip install apache-airflow[cncf.kubernetes]
[2022-12-31T21:05:49.029+0700] {processor.py:755} WARNING - No viable dags retrieved from /home/dmk/anaconda3/lib/python3.9/site-packages/airflow/example_dags/example_kubernetes_executor.py
[2022-12-31T21:05:49.036+0700] {processor.py:175} INFO - Processing /home/dmk/anaconda3/lib/python3.9/site-packages/airflow/example_dags/example_kubernetes_executor.py took 0.028 seconds
[2022-12-31T21:06:49.012+0700] {processor.py:153} INFO - Started process (PID=18487) to work on /home/dmk/anaconda3/lib/python3.9/site-packages/airflow/example_dags/example_kubernetes_executor.py
[2022-12-31T21:06:49.015+0700] {processor.py:743} INFO - Processing file /home/dmk/anaconda3/lib/python3.9/site-packages/airflow/example_dags/example_kubernetes_executor.py for tasks to queue
[2022-12-31T21:06:49.016+0700] {logging_mixin.py:137} INFO - [2022-12-31T21:06:49.016+0700] {dagbag.py:538} INFO - Filling up the DagBag from /home/dmk/anaconda3/lib/python3.9/site-packages/airflow/example_dags/example_kubernetes_executor.py
[2022-12-31T21:06:49.034+0700] {logging_mixin.py:137} INFO - [2022-12-31T21:06:49.033+0700] {example_kubernetes_executor.py:41} WARNING - The example_kubernetes_executor example DAG requires the kubernetes provider. Please install it with: pip install apache-airflow[cncf.kubernetes]
[2022-12-31T21:06:49.034+0700] {processor.py:755} WARNING - No viable dags retrieved from /home/dmk/anaconda3/lib/python3.9/site-packages/airflow/example_dags/example_kubernetes_executor.py
[2022-12-31T21:06:49.042+0700] {processor.py:175} INFO - Processing /home/dmk/anaconda3/lib/python3.9/site-packages/airflow/example_dags/example_kubernetes_executor.py took 0.033 seconds
[2022-12-31T21:07:42.439+0700] {processor.py:153} INFO - Started process (PID=18725) to work on /home/dmk/anaconda3/lib/python3.9/site-packages/airflow/example_dags/example_kubernetes_executor.py
[2022-12-31T21:07:42.443+0700] {processor.py:743} INFO - Processing file /home/dmk/anaconda3/lib/python3.9/site-packages/airflow/example_dags/example_kubernetes_executor.py for tasks to queue
[2022-12-31T21:07:42.443+0700] {logging_mixin.py:137} INFO - [2022-12-31T21:07:42.443+0700] {dagbag.py:538} INFO - Filling up the DagBag from /home/dmk/anaconda3/lib/python3.9/site-packages/airflow/example_dags/example_kubernetes_executor.py
[2022-12-31T21:07:42.461+0700] {logging_mixin.py:137} INFO - [2022-12-31T21:07:42.461+0700] {example_kubernetes_executor.py:41} WARNING - The example_kubernetes_executor example DAG requires the kubernetes provider. Please install it with: pip install apache-airflow[cncf.kubernetes]
[2022-12-31T21:07:42.462+0700] {processor.py:755} WARNING - No viable dags retrieved from /home/dmk/anaconda3/lib/python3.9/site-packages/airflow/example_dags/example_kubernetes_executor.py
[2022-12-31T21:07:42.562+0700] {processor.py:175} INFO - Processing /home/dmk/anaconda3/lib/python3.9/site-packages/airflow/example_dags/example_kubernetes_executor.py took 0.126 seconds
[2022-12-31T21:08:51.000+0700] {processor.py:153} INFO - Started process (PID=19177) to work on /home/dmk/anaconda3/lib/python3.9/site-packages/airflow/example_dags/example_kubernetes_executor.py
[2022-12-31T21:08:51.004+0700] {processor.py:743} INFO - Processing file /home/dmk/anaconda3/lib/python3.9/site-packages/airflow/example_dags/example_kubernetes_executor.py for tasks to queue
[2022-12-31T21:08:51.006+0700] {logging_mixin.py:137} INFO - [2022-12-31T21:08:51.006+0700] {dagbag.py:538} INFO - Filling up the DagBag from /home/dmk/anaconda3/lib/python3.9/site-packages/airflow/example_dags/example_kubernetes_executor.py
[2022-12-31T21:08:51.028+0700] {logging_mixin.py:137} INFO - [2022-12-31T21:08:51.028+0700] {example_kubernetes_executor.py:41} WARNING - The example_kubernetes_executor example DAG requires the kubernetes provider. Please install it with: pip install apache-airflow[cncf.kubernetes]
[2022-12-31T21:08:51.028+0700] {processor.py:755} WARNING - No viable dags retrieved from /home/dmk/anaconda3/lib/python3.9/site-packages/airflow/example_dags/example_kubernetes_executor.py
[2022-12-31T21:08:51.035+0700] {processor.py:175} INFO - Processing /home/dmk/anaconda3/lib/python3.9/site-packages/airflow/example_dags/example_kubernetes_executor.py took 0.043 seconds
[2022-12-31T21:09:43.745+0700] {processor.py:153} INFO - Started process (PID=19834) to work on /home/dmk/anaconda3/lib/python3.9/site-packages/airflow/example_dags/example_kubernetes_executor.py
[2022-12-31T21:09:43.747+0700] {processor.py:743} INFO - Processing file /home/dmk/anaconda3/lib/python3.9/site-packages/airflow/example_dags/example_kubernetes_executor.py for tasks to queue
[2022-12-31T21:09:43.748+0700] {logging_mixin.py:137} INFO - [2022-12-31T21:09:43.748+0700] {dagbag.py:538} INFO - Filling up the DagBag from /home/dmk/anaconda3/lib/python3.9/site-packages/airflow/example_dags/example_kubernetes_executor.py
[2022-12-31T21:09:43.764+0700] {logging_mixin.py:137} INFO - [2022-12-31T21:09:43.764+0700] {example_kubernetes_executor.py:41} WARNING - The example_kubernetes_executor example DAG requires the kubernetes provider. Please install it with: pip install apache-airflow[cncf.kubernetes]
[2022-12-31T21:09:43.764+0700] {processor.py:755} WARNING - No viable dags retrieved from /home/dmk/anaconda3/lib/python3.9/site-packages/airflow/example_dags/example_kubernetes_executor.py
[2022-12-31T21:09:43.771+0700] {processor.py:175} INFO - Processing /home/dmk/anaconda3/lib/python3.9/site-packages/airflow/example_dags/example_kubernetes_executor.py took 0.031 seconds
[2022-12-31T21:10:32.398+0700] {processor.py:153} INFO - Started process (PID=19977) to work on /home/dmk/anaconda3/lib/python3.9/site-packages/airflow/example_dags/example_kubernetes_executor.py
[2022-12-31T21:10:32.401+0700] {processor.py:743} INFO - Processing file /home/dmk/anaconda3/lib/python3.9/site-packages/airflow/example_dags/example_kubernetes_executor.py for tasks to queue
[2022-12-31T21:10:32.403+0700] {logging_mixin.py:137} INFO - [2022-12-31T21:10:32.403+0700] {dagbag.py:538} INFO - Filling up the DagBag from /home/dmk/anaconda3/lib/python3.9/site-packages/airflow/example_dags/example_kubernetes_executor.py
[2022-12-31T21:10:32.431+0700] {logging_mixin.py:137} INFO - [2022-12-31T21:10:32.431+0700] {example_kubernetes_executor.py:41} WARNING - The example_kubernetes_executor example DAG requires the kubernetes provider. Please install it with: pip install apache-airflow[cncf.kubernetes]
[2022-12-31T21:10:32.431+0700] {processor.py:755} WARNING - No viable dags retrieved from /home/dmk/anaconda3/lib/python3.9/site-packages/airflow/example_dags/example_kubernetes_executor.py
[2022-12-31T21:10:32.438+0700] {processor.py:175} INFO - Processing /home/dmk/anaconda3/lib/python3.9/site-packages/airflow/example_dags/example_kubernetes_executor.py took 0.044 seconds
[2022-12-31T21:11:23.568+0700] {processor.py:153} INFO - Started process (PID=20200) to work on /home/dmk/anaconda3/lib/python3.9/site-packages/airflow/example_dags/example_kubernetes_executor.py
[2022-12-31T21:11:23.569+0700] {processor.py:743} INFO - Processing file /home/dmk/anaconda3/lib/python3.9/site-packages/airflow/example_dags/example_kubernetes_executor.py for tasks to queue
[2022-12-31T21:11:23.570+0700] {logging_mixin.py:137} INFO - [2022-12-31T21:11:23.569+0700] {dagbag.py:538} INFO - Filling up the DagBag from /home/dmk/anaconda3/lib/python3.9/site-packages/airflow/example_dags/example_kubernetes_executor.py
[2022-12-31T21:11:23.584+0700] {logging_mixin.py:137} INFO - [2022-12-31T21:11:23.584+0700] {example_kubernetes_executor.py:41} WARNING - The example_kubernetes_executor example DAG requires the kubernetes provider. Please install it with: pip install apache-airflow[cncf.kubernetes]
[2022-12-31T21:11:23.584+0700] {processor.py:755} WARNING - No viable dags retrieved from /home/dmk/anaconda3/lib/python3.9/site-packages/airflow/example_dags/example_kubernetes_executor.py
[2022-12-31T21:11:23.591+0700] {processor.py:175} INFO - Processing /home/dmk/anaconda3/lib/python3.9/site-packages/airflow/example_dags/example_kubernetes_executor.py took 0.025 seconds
[2022-12-31T21:12:34.118+0700] {processor.py:153} INFO - Started process (PID=20449) to work on /home/dmk/anaconda3/lib/python3.9/site-packages/airflow/example_dags/example_kubernetes_executor.py
[2022-12-31T21:12:34.122+0700] {processor.py:743} INFO - Processing file /home/dmk/anaconda3/lib/python3.9/site-packages/airflow/example_dags/example_kubernetes_executor.py for tasks to queue
[2022-12-31T21:12:34.123+0700] {logging_mixin.py:137} INFO - [2022-12-31T21:12:34.122+0700] {dagbag.py:538} INFO - Filling up the DagBag from /home/dmk/anaconda3/lib/python3.9/site-packages/airflow/example_dags/example_kubernetes_executor.py
[2022-12-31T21:12:34.146+0700] {logging_mixin.py:137} INFO - [2022-12-31T21:12:34.145+0700] {example_kubernetes_executor.py:41} WARNING - The example_kubernetes_executor example DAG requires the kubernetes provider. Please install it with: pip install apache-airflow[cncf.kubernetes]
[2022-12-31T21:12:34.146+0700] {processor.py:755} WARNING - No viable dags retrieved from /home/dmk/anaconda3/lib/python3.9/site-packages/airflow/example_dags/example_kubernetes_executor.py
[2022-12-31T21:12:34.155+0700] {processor.py:175} INFO - Processing /home/dmk/anaconda3/lib/python3.9/site-packages/airflow/example_dags/example_kubernetes_executor.py took 0.040 seconds
[2022-12-31T21:13:26.099+0700] {processor.py:153} INFO - Started process (PID=20638) to work on /home/dmk/anaconda3/lib/python3.9/site-packages/airflow/example_dags/example_kubernetes_executor.py
[2022-12-31T21:13:26.105+0700] {processor.py:743} INFO - Processing file /home/dmk/anaconda3/lib/python3.9/site-packages/airflow/example_dags/example_kubernetes_executor.py for tasks to queue
[2022-12-31T21:13:26.107+0700] {logging_mixin.py:137} INFO - [2022-12-31T21:13:26.107+0700] {dagbag.py:538} INFO - Filling up the DagBag from /home/dmk/anaconda3/lib/python3.9/site-packages/airflow/example_dags/example_kubernetes_executor.py
[2022-12-31T21:13:26.162+0700] {logging_mixin.py:137} INFO - [2022-12-31T21:13:26.161+0700] {example_kubernetes_executor.py:41} WARNING - The example_kubernetes_executor example DAG requires the kubernetes provider. Please install it with: pip install apache-airflow[cncf.kubernetes]
[2022-12-31T21:13:26.162+0700] {processor.py:755} WARNING - No viable dags retrieved from /home/dmk/anaconda3/lib/python3.9/site-packages/airflow/example_dags/example_kubernetes_executor.py
[2022-12-31T21:13:26.172+0700] {processor.py:175} INFO - Processing /home/dmk/anaconda3/lib/python3.9/site-packages/airflow/example_dags/example_kubernetes_executor.py took 0.083 seconds
[2022-12-31T21:14:17.308+0700] {processor.py:153} INFO - Started process (PID=21154) to work on /home/dmk/anaconda3/lib/python3.9/site-packages/airflow/example_dags/example_kubernetes_executor.py
[2022-12-31T21:14:17.310+0700] {processor.py:743} INFO - Processing file /home/dmk/anaconda3/lib/python3.9/site-packages/airflow/example_dags/example_kubernetes_executor.py for tasks to queue
[2022-12-31T21:14:17.311+0700] {logging_mixin.py:137} INFO - [2022-12-31T21:14:17.310+0700] {dagbag.py:538} INFO - Filling up the DagBag from /home/dmk/anaconda3/lib/python3.9/site-packages/airflow/example_dags/example_kubernetes_executor.py
[2022-12-31T21:14:17.328+0700] {logging_mixin.py:137} INFO - [2022-12-31T21:14:17.328+0700] {example_kubernetes_executor.py:41} WARNING - The example_kubernetes_executor example DAG requires the kubernetes provider. Please install it with: pip install apache-airflow[cncf.kubernetes]
[2022-12-31T21:14:17.328+0700] {processor.py:755} WARNING - No viable dags retrieved from /home/dmk/anaconda3/lib/python3.9/site-packages/airflow/example_dags/example_kubernetes_executor.py
[2022-12-31T21:14:17.336+0700] {processor.py:175} INFO - Processing /home/dmk/anaconda3/lib/python3.9/site-packages/airflow/example_dags/example_kubernetes_executor.py took 0.032 seconds
[2022-12-31T21:15:23.944+0700] {processor.py:153} INFO - Started process (PID=22096) to work on /home/dmk/anaconda3/lib/python3.9/site-packages/airflow/example_dags/example_kubernetes_executor.py
[2022-12-31T21:15:23.949+0700] {processor.py:743} INFO - Processing file /home/dmk/anaconda3/lib/python3.9/site-packages/airflow/example_dags/example_kubernetes_executor.py for tasks to queue
[2022-12-31T21:15:23.951+0700] {logging_mixin.py:137} INFO - [2022-12-31T21:15:23.950+0700] {dagbag.py:538} INFO - Filling up the DagBag from /home/dmk/anaconda3/lib/python3.9/site-packages/airflow/example_dags/example_kubernetes_executor.py
[2022-12-31T21:15:23.979+0700] {logging_mixin.py:137} INFO - [2022-12-31T21:15:23.979+0700] {example_kubernetes_executor.py:41} WARNING - The example_kubernetes_executor example DAG requires the kubernetes provider. Please install it with: pip install apache-airflow[cncf.kubernetes]
[2022-12-31T21:15:23.979+0700] {processor.py:755} WARNING - No viable dags retrieved from /home/dmk/anaconda3/lib/python3.9/site-packages/airflow/example_dags/example_kubernetes_executor.py
[2022-12-31T21:15:23.986+0700] {processor.py:175} INFO - Processing /home/dmk/anaconda3/lib/python3.9/site-packages/airflow/example_dags/example_kubernetes_executor.py took 0.050 seconds
[2022-12-31T21:16:08.502+0700] {processor.py:153} INFO - Started process (PID=22613) to work on /home/dmk/anaconda3/lib/python3.9/site-packages/airflow/example_dags/example_kubernetes_executor.py
[2022-12-31T21:16:08.506+0700] {processor.py:743} INFO - Processing file /home/dmk/anaconda3/lib/python3.9/site-packages/airflow/example_dags/example_kubernetes_executor.py for tasks to queue
[2022-12-31T21:16:08.507+0700] {logging_mixin.py:137} INFO - [2022-12-31T21:16:08.506+0700] {dagbag.py:538} INFO - Filling up the DagBag from /home/dmk/anaconda3/lib/python3.9/site-packages/airflow/example_dags/example_kubernetes_executor.py
[2022-12-31T21:16:08.523+0700] {logging_mixin.py:137} INFO - [2022-12-31T21:16:08.523+0700] {example_kubernetes_executor.py:41} WARNING - The example_kubernetes_executor example DAG requires the kubernetes provider. Please install it with: pip install apache-airflow[cncf.kubernetes]
[2022-12-31T21:16:08.523+0700] {processor.py:755} WARNING - No viable dags retrieved from /home/dmk/anaconda3/lib/python3.9/site-packages/airflow/example_dags/example_kubernetes_executor.py
[2022-12-31T21:16:08.531+0700] {processor.py:175} INFO - Processing /home/dmk/anaconda3/lib/python3.9/site-packages/airflow/example_dags/example_kubernetes_executor.py took 0.031 seconds
[2022-12-31T21:16:52.951+0700] {processor.py:153} INFO - Started process (PID=23255) to work on /home/dmk/anaconda3/lib/python3.9/site-packages/airflow/example_dags/example_kubernetes_executor.py
[2022-12-31T21:16:52.955+0700] {processor.py:743} INFO - Processing file /home/dmk/anaconda3/lib/python3.9/site-packages/airflow/example_dags/example_kubernetes_executor.py for tasks to queue
[2022-12-31T21:16:52.956+0700] {logging_mixin.py:137} INFO - [2022-12-31T21:16:52.956+0700] {dagbag.py:538} INFO - Filling up the DagBag from /home/dmk/anaconda3/lib/python3.9/site-packages/airflow/example_dags/example_kubernetes_executor.py
[2022-12-31T21:16:52.977+0700] {logging_mixin.py:137} INFO - [2022-12-31T21:16:52.977+0700] {example_kubernetes_executor.py:41} WARNING - The example_kubernetes_executor example DAG requires the kubernetes provider. Please install it with: pip install apache-airflow[cncf.kubernetes]
[2022-12-31T21:16:52.978+0700] {processor.py:755} WARNING - No viable dags retrieved from /home/dmk/anaconda3/lib/python3.9/site-packages/airflow/example_dags/example_kubernetes_executor.py
[2022-12-31T21:16:52.990+0700] {processor.py:175} INFO - Processing /home/dmk/anaconda3/lib/python3.9/site-packages/airflow/example_dags/example_kubernetes_executor.py took 0.043 seconds
[2022-12-31T21:17:41.952+0700] {processor.py:153} INFO - Started process (PID=23631) to work on /home/dmk/anaconda3/lib/python3.9/site-packages/airflow/example_dags/example_kubernetes_executor.py
[2022-12-31T21:17:41.957+0700] {processor.py:743} INFO - Processing file /home/dmk/anaconda3/lib/python3.9/site-packages/airflow/example_dags/example_kubernetes_executor.py for tasks to queue
[2022-12-31T21:17:41.959+0700] {logging_mixin.py:137} INFO - [2022-12-31T21:17:41.959+0700] {dagbag.py:538} INFO - Filling up the DagBag from /home/dmk/anaconda3/lib/python3.9/site-packages/airflow/example_dags/example_kubernetes_executor.py
[2022-12-31T21:17:41.990+0700] {logging_mixin.py:137} INFO - [2022-12-31T21:17:41.989+0700] {example_kubernetes_executor.py:41} WARNING - The example_kubernetes_executor example DAG requires the kubernetes provider. Please install it with: pip install apache-airflow[cncf.kubernetes]
[2022-12-31T21:17:41.990+0700] {processor.py:755} WARNING - No viable dags retrieved from /home/dmk/anaconda3/lib/python3.9/site-packages/airflow/example_dags/example_kubernetes_executor.py
[2022-12-31T21:17:41.997+0700] {processor.py:175} INFO - Processing /home/dmk/anaconda3/lib/python3.9/site-packages/airflow/example_dags/example_kubernetes_executor.py took 0.051 seconds
[2022-12-31T21:19:22.043+0700] {processor.py:153} INFO - Started process (PID=24127) to work on /home/dmk/anaconda3/lib/python3.9/site-packages/airflow/example_dags/example_kubernetes_executor.py
[2022-12-31T21:19:22.048+0700] {processor.py:743} INFO - Processing file /home/dmk/anaconda3/lib/python3.9/site-packages/airflow/example_dags/example_kubernetes_executor.py for tasks to queue
[2022-12-31T21:19:22.050+0700] {logging_mixin.py:137} INFO - [2022-12-31T21:19:22.050+0700] {dagbag.py:538} INFO - Filling up the DagBag from /home/dmk/anaconda3/lib/python3.9/site-packages/airflow/example_dags/example_kubernetes_executor.py
[2022-12-31T21:19:22.076+0700] {logging_mixin.py:137} INFO - [2022-12-31T21:19:22.076+0700] {example_kubernetes_executor.py:41} WARNING - The example_kubernetes_executor example DAG requires the kubernetes provider. Please install it with: pip install apache-airflow[cncf.kubernetes]
[2022-12-31T21:19:22.077+0700] {processor.py:755} WARNING - No viable dags retrieved from /home/dmk/anaconda3/lib/python3.9/site-packages/airflow/example_dags/example_kubernetes_executor.py
[2022-12-31T21:19:22.084+0700] {processor.py:175} INFO - Processing /home/dmk/anaconda3/lib/python3.9/site-packages/airflow/example_dags/example_kubernetes_executor.py took 0.044 seconds
[2022-12-31T21:20:15.304+0700] {processor.py:153} INFO - Started process (PID=24421) to work on /home/dmk/anaconda3/lib/python3.9/site-packages/airflow/example_dags/example_kubernetes_executor.py
[2022-12-31T21:20:15.309+0700] {processor.py:743} INFO - Processing file /home/dmk/anaconda3/lib/python3.9/site-packages/airflow/example_dags/example_kubernetes_executor.py for tasks to queue
[2022-12-31T21:20:15.310+0700] {logging_mixin.py:137} INFO - [2022-12-31T21:20:15.310+0700] {dagbag.py:538} INFO - Filling up the DagBag from /home/dmk/anaconda3/lib/python3.9/site-packages/airflow/example_dags/example_kubernetes_executor.py
[2022-12-31T21:20:15.335+0700] {logging_mixin.py:137} INFO - [2022-12-31T21:20:15.335+0700] {example_kubernetes_executor.py:41} WARNING - The example_kubernetes_executor example DAG requires the kubernetes provider. Please install it with: pip install apache-airflow[cncf.kubernetes]
[2022-12-31T21:20:15.335+0700] {processor.py:755} WARNING - No viable dags retrieved from /home/dmk/anaconda3/lib/python3.9/site-packages/airflow/example_dags/example_kubernetes_executor.py
[2022-12-31T21:20:15.342+0700] {processor.py:175} INFO - Processing /home/dmk/anaconda3/lib/python3.9/site-packages/airflow/example_dags/example_kubernetes_executor.py took 0.044 seconds
[2022-12-31T21:22:45.889+0700] {processor.py:153} INFO - Started process (PID=25337) to work on /home/dmk/anaconda3/lib/python3.9/site-packages/airflow/example_dags/example_kubernetes_executor.py
[2022-12-31T21:22:45.893+0700] {processor.py:743} INFO - Processing file /home/dmk/anaconda3/lib/python3.9/site-packages/airflow/example_dags/example_kubernetes_executor.py for tasks to queue
[2022-12-31T21:22:45.894+0700] {logging_mixin.py:137} INFO - [2022-12-31T21:22:45.894+0700] {dagbag.py:538} INFO - Filling up the DagBag from /home/dmk/anaconda3/lib/python3.9/site-packages/airflow/example_dags/example_kubernetes_executor.py
[2022-12-31T21:22:45.908+0700] {logging_mixin.py:137} INFO - [2022-12-31T21:22:45.908+0700] {example_kubernetes_executor.py:41} WARNING - The example_kubernetes_executor example DAG requires the kubernetes provider. Please install it with: pip install apache-airflow[cncf.kubernetes]
[2022-12-31T21:22:45.908+0700] {processor.py:755} WARNING - No viable dags retrieved from /home/dmk/anaconda3/lib/python3.9/site-packages/airflow/example_dags/example_kubernetes_executor.py
[2022-12-31T21:22:45.915+0700] {processor.py:175} INFO - Processing /home/dmk/anaconda3/lib/python3.9/site-packages/airflow/example_dags/example_kubernetes_executor.py took 0.028 seconds
[2022-12-31T21:23:39.438+0700] {processor.py:153} INFO - Started process (PID=25445) to work on /home/dmk/anaconda3/lib/python3.9/site-packages/airflow/example_dags/example_kubernetes_executor.py
[2022-12-31T21:23:39.443+0700] {processor.py:743} INFO - Processing file /home/dmk/anaconda3/lib/python3.9/site-packages/airflow/example_dags/example_kubernetes_executor.py for tasks to queue
[2022-12-31T21:23:39.444+0700] {logging_mixin.py:137} INFO - [2022-12-31T21:23:39.444+0700] {dagbag.py:538} INFO - Filling up the DagBag from /home/dmk/anaconda3/lib/python3.9/site-packages/airflow/example_dags/example_kubernetes_executor.py
[2022-12-31T21:23:39.472+0700] {logging_mixin.py:137} INFO - [2022-12-31T21:23:39.472+0700] {example_kubernetes_executor.py:41} WARNING - The example_kubernetes_executor example DAG requires the kubernetes provider. Please install it with: pip install apache-airflow[cncf.kubernetes]
[2022-12-31T21:23:39.473+0700] {processor.py:755} WARNING - No viable dags retrieved from /home/dmk/anaconda3/lib/python3.9/site-packages/airflow/example_dags/example_kubernetes_executor.py
[2022-12-31T21:23:39.480+0700] {processor.py:175} INFO - Processing /home/dmk/anaconda3/lib/python3.9/site-packages/airflow/example_dags/example_kubernetes_executor.py took 0.048 seconds
[2022-12-31T21:24:40.466+0700] {processor.py:153} INFO - Started process (PID=25682) to work on /home/dmk/anaconda3/lib/python3.9/site-packages/airflow/example_dags/example_kubernetes_executor.py
[2022-12-31T21:24:40.468+0700] {processor.py:743} INFO - Processing file /home/dmk/anaconda3/lib/python3.9/site-packages/airflow/example_dags/example_kubernetes_executor.py for tasks to queue
[2022-12-31T21:24:40.468+0700] {logging_mixin.py:137} INFO - [2022-12-31T21:24:40.468+0700] {dagbag.py:538} INFO - Filling up the DagBag from /home/dmk/anaconda3/lib/python3.9/site-packages/airflow/example_dags/example_kubernetes_executor.py
[2022-12-31T21:24:40.484+0700] {logging_mixin.py:137} INFO - [2022-12-31T21:24:40.484+0700] {example_kubernetes_executor.py:41} WARNING - The example_kubernetes_executor example DAG requires the kubernetes provider. Please install it with: pip install apache-airflow[cncf.kubernetes]
[2022-12-31T21:24:40.484+0700] {processor.py:755} WARNING - No viable dags retrieved from /home/dmk/anaconda3/lib/python3.9/site-packages/airflow/example_dags/example_kubernetes_executor.py
[2022-12-31T21:24:40.492+0700] {processor.py:175} INFO - Processing /home/dmk/anaconda3/lib/python3.9/site-packages/airflow/example_dags/example_kubernetes_executor.py took 0.029 seconds
[2022-12-31T21:25:39.334+0700] {processor.py:153} INFO - Started process (PID=25865) to work on /home/dmk/anaconda3/lib/python3.9/site-packages/airflow/example_dags/example_kubernetes_executor.py
[2022-12-31T21:25:39.338+0700] {processor.py:743} INFO - Processing file /home/dmk/anaconda3/lib/python3.9/site-packages/airflow/example_dags/example_kubernetes_executor.py for tasks to queue
[2022-12-31T21:25:39.340+0700] {logging_mixin.py:137} INFO - [2022-12-31T21:25:39.340+0700] {dagbag.py:538} INFO - Filling up the DagBag from /home/dmk/anaconda3/lib/python3.9/site-packages/airflow/example_dags/example_kubernetes_executor.py
[2022-12-31T21:25:39.396+0700] {logging_mixin.py:137} INFO - [2022-12-31T21:25:39.396+0700] {example_kubernetes_executor.py:41} WARNING - The example_kubernetes_executor example DAG requires the kubernetes provider. Please install it with: pip install apache-airflow[cncf.kubernetes]
[2022-12-31T21:25:39.397+0700] {processor.py:755} WARNING - No viable dags retrieved from /home/dmk/anaconda3/lib/python3.9/site-packages/airflow/example_dags/example_kubernetes_executor.py
[2022-12-31T21:25:39.412+0700] {processor.py:175} INFO - Processing /home/dmk/anaconda3/lib/python3.9/site-packages/airflow/example_dags/example_kubernetes_executor.py took 0.089 seconds
[2022-12-31T21:26:50.236+0700] {processor.py:153} INFO - Started process (PID=25992) to work on /home/dmk/anaconda3/lib/python3.9/site-packages/airflow/example_dags/example_kubernetes_executor.py
[2022-12-31T21:26:50.241+0700] {processor.py:743} INFO - Processing file /home/dmk/anaconda3/lib/python3.9/site-packages/airflow/example_dags/example_kubernetes_executor.py for tasks to queue
[2022-12-31T21:26:50.243+0700] {logging_mixin.py:137} INFO - [2022-12-31T21:26:50.242+0700] {dagbag.py:538} INFO - Filling up the DagBag from /home/dmk/anaconda3/lib/python3.9/site-packages/airflow/example_dags/example_kubernetes_executor.py
[2022-12-31T21:26:50.415+0700] {logging_mixin.py:137} INFO - [2022-12-31T21:26:50.414+0700] {example_kubernetes_executor.py:41} WARNING - The example_kubernetes_executor example DAG requires the kubernetes provider. Please install it with: pip install apache-airflow[cncf.kubernetes]
[2022-12-31T21:26:50.415+0700] {processor.py:755} WARNING - No viable dags retrieved from /home/dmk/anaconda3/lib/python3.9/site-packages/airflow/example_dags/example_kubernetes_executor.py
[2022-12-31T21:26:50.421+0700] {processor.py:175} INFO - Processing /home/dmk/anaconda3/lib/python3.9/site-packages/airflow/example_dags/example_kubernetes_executor.py took 0.198 seconds
[2022-12-31T21:27:53.842+0700] {processor.py:153} INFO - Started process (PID=26113) to work on /home/dmk/anaconda3/lib/python3.9/site-packages/airflow/example_dags/example_kubernetes_executor.py
[2022-12-31T21:27:53.854+0700] {processor.py:743} INFO - Processing file /home/dmk/anaconda3/lib/python3.9/site-packages/airflow/example_dags/example_kubernetes_executor.py for tasks to queue
[2022-12-31T21:27:53.855+0700] {logging_mixin.py:137} INFO - [2022-12-31T21:27:53.854+0700] {dagbag.py:538} INFO - Filling up the DagBag from /home/dmk/anaconda3/lib/python3.9/site-packages/airflow/example_dags/example_kubernetes_executor.py
[2022-12-31T21:27:53.887+0700] {logging_mixin.py:137} INFO - [2022-12-31T21:27:53.886+0700] {example_kubernetes_executor.py:41} WARNING - The example_kubernetes_executor example DAG requires the kubernetes provider. Please install it with: pip install apache-airflow[cncf.kubernetes]
[2022-12-31T21:27:53.887+0700] {processor.py:755} WARNING - No viable dags retrieved from /home/dmk/anaconda3/lib/python3.9/site-packages/airflow/example_dags/example_kubernetes_executor.py
[2022-12-31T21:27:53.897+0700] {processor.py:175} INFO - Processing /home/dmk/anaconda3/lib/python3.9/site-packages/airflow/example_dags/example_kubernetes_executor.py took 0.059 seconds
[2022-12-31T21:28:43.889+0700] {processor.py:153} INFO - Started process (PID=26214) to work on /home/dmk/anaconda3/lib/python3.9/site-packages/airflow/example_dags/example_kubernetes_executor.py
[2022-12-31T21:28:43.893+0700] {processor.py:743} INFO - Processing file /home/dmk/anaconda3/lib/python3.9/site-packages/airflow/example_dags/example_kubernetes_executor.py for tasks to queue
[2022-12-31T21:28:43.895+0700] {logging_mixin.py:137} INFO - [2022-12-31T21:28:43.894+0700] {dagbag.py:538} INFO - Filling up the DagBag from /home/dmk/anaconda3/lib/python3.9/site-packages/airflow/example_dags/example_kubernetes_executor.py
[2022-12-31T21:28:43.927+0700] {logging_mixin.py:137} INFO - [2022-12-31T21:28:43.927+0700] {example_kubernetes_executor.py:41} WARNING - The example_kubernetes_executor example DAG requires the kubernetes provider. Please install it with: pip install apache-airflow[cncf.kubernetes]
[2022-12-31T21:28:43.927+0700] {processor.py:755} WARNING - No viable dags retrieved from /home/dmk/anaconda3/lib/python3.9/site-packages/airflow/example_dags/example_kubernetes_executor.py
[2022-12-31T21:28:43.937+0700] {processor.py:175} INFO - Processing /home/dmk/anaconda3/lib/python3.9/site-packages/airflow/example_dags/example_kubernetes_executor.py took 0.060 seconds
[2022-12-31T21:29:46.915+0700] {processor.py:153} INFO - Started process (PID=26370) to work on /home/dmk/anaconda3/lib/python3.9/site-packages/airflow/example_dags/example_kubernetes_executor.py
[2022-12-31T21:29:46.921+0700] {processor.py:743} INFO - Processing file /home/dmk/anaconda3/lib/python3.9/site-packages/airflow/example_dags/example_kubernetes_executor.py for tasks to queue
[2022-12-31T21:29:46.925+0700] {logging_mixin.py:137} INFO - [2022-12-31T21:29:46.924+0700] {dagbag.py:538} INFO - Filling up the DagBag from /home/dmk/anaconda3/lib/python3.9/site-packages/airflow/example_dags/example_kubernetes_executor.py
[2022-12-31T21:29:46.989+0700] {logging_mixin.py:137} INFO - [2022-12-31T21:29:46.989+0700] {example_kubernetes_executor.py:41} WARNING - The example_kubernetes_executor example DAG requires the kubernetes provider. Please install it with: pip install apache-airflow[cncf.kubernetes]
[2022-12-31T21:29:46.990+0700] {processor.py:755} WARNING - No viable dags retrieved from /home/dmk/anaconda3/lib/python3.9/site-packages/airflow/example_dags/example_kubernetes_executor.py
[2022-12-31T21:29:47.002+0700] {processor.py:175} INFO - Processing /home/dmk/anaconda3/lib/python3.9/site-packages/airflow/example_dags/example_kubernetes_executor.py took 0.099 seconds
[2022-12-31T21:30:52.881+0700] {processor.py:153} INFO - Started process (PID=26505) to work on /home/dmk/anaconda3/lib/python3.9/site-packages/airflow/example_dags/example_kubernetes_executor.py
[2022-12-31T21:30:52.887+0700] {processor.py:743} INFO - Processing file /home/dmk/anaconda3/lib/python3.9/site-packages/airflow/example_dags/example_kubernetes_executor.py for tasks to queue
[2022-12-31T21:30:52.891+0700] {logging_mixin.py:137} INFO - [2022-12-31T21:30:52.890+0700] {dagbag.py:538} INFO - Filling up the DagBag from /home/dmk/anaconda3/lib/python3.9/site-packages/airflow/example_dags/example_kubernetes_executor.py
[2022-12-31T21:30:52.960+0700] {logging_mixin.py:137} INFO - [2022-12-31T21:30:52.959+0700] {example_kubernetes_executor.py:41} WARNING - The example_kubernetes_executor example DAG requires the kubernetes provider. Please install it with: pip install apache-airflow[cncf.kubernetes]
[2022-12-31T21:30:52.960+0700] {processor.py:755} WARNING - No viable dags retrieved from /home/dmk/anaconda3/lib/python3.9/site-packages/airflow/example_dags/example_kubernetes_executor.py
[2022-12-31T21:30:52.970+0700] {processor.py:175} INFO - Processing /home/dmk/anaconda3/lib/python3.9/site-packages/airflow/example_dags/example_kubernetes_executor.py took 0.103 seconds
[2022-12-31T21:31:57.725+0700] {processor.py:153} INFO - Started process (PID=26616) to work on /home/dmk/anaconda3/lib/python3.9/site-packages/airflow/example_dags/example_kubernetes_executor.py
[2022-12-31T21:31:57.730+0700] {processor.py:743} INFO - Processing file /home/dmk/anaconda3/lib/python3.9/site-packages/airflow/example_dags/example_kubernetes_executor.py for tasks to queue
[2022-12-31T21:31:57.732+0700] {logging_mixin.py:137} INFO - [2022-12-31T21:31:57.732+0700] {dagbag.py:538} INFO - Filling up the DagBag from /home/dmk/anaconda3/lib/python3.9/site-packages/airflow/example_dags/example_kubernetes_executor.py
[2022-12-31T21:31:57.767+0700] {logging_mixin.py:137} INFO - [2022-12-31T21:31:57.767+0700] {example_kubernetes_executor.py:41} WARNING - The example_kubernetes_executor example DAG requires the kubernetes provider. Please install it with: pip install apache-airflow[cncf.kubernetes]
[2022-12-31T21:31:57.767+0700] {processor.py:755} WARNING - No viable dags retrieved from /home/dmk/anaconda3/lib/python3.9/site-packages/airflow/example_dags/example_kubernetes_executor.py
[2022-12-31T21:31:57.777+0700] {processor.py:175} INFO - Processing /home/dmk/anaconda3/lib/python3.9/site-packages/airflow/example_dags/example_kubernetes_executor.py took 0.066 seconds
[2022-12-31T21:33:17.281+0700] {processor.py:153} INFO - Started process (PID=26780) to work on /home/dmk/anaconda3/lib/python3.9/site-packages/airflow/example_dags/example_kubernetes_executor.py
[2022-12-31T21:33:17.287+0700] {processor.py:743} INFO - Processing file /home/dmk/anaconda3/lib/python3.9/site-packages/airflow/example_dags/example_kubernetes_executor.py for tasks to queue
[2022-12-31T21:33:17.288+0700] {logging_mixin.py:137} INFO - [2022-12-31T21:33:17.288+0700] {dagbag.py:538} INFO - Filling up the DagBag from /home/dmk/anaconda3/lib/python3.9/site-packages/airflow/example_dags/example_kubernetes_executor.py
[2022-12-31T21:33:17.321+0700] {logging_mixin.py:137} INFO - [2022-12-31T21:33:17.321+0700] {example_kubernetes_executor.py:41} WARNING - The example_kubernetes_executor example DAG requires the kubernetes provider. Please install it with: pip install apache-airflow[cncf.kubernetes]
[2022-12-31T21:33:17.321+0700] {processor.py:755} WARNING - No viable dags retrieved from /home/dmk/anaconda3/lib/python3.9/site-packages/airflow/example_dags/example_kubernetes_executor.py
[2022-12-31T21:33:17.332+0700] {processor.py:175} INFO - Processing /home/dmk/anaconda3/lib/python3.9/site-packages/airflow/example_dags/example_kubernetes_executor.py took 0.064 seconds
[2022-12-31T21:34:06.038+0700] {processor.py:153} INFO - Started process (PID=27258) to work on /home/dmk/anaconda3/lib/python3.9/site-packages/airflow/example_dags/example_kubernetes_executor.py
[2022-12-31T21:34:06.041+0700] {processor.py:743} INFO - Processing file /home/dmk/anaconda3/lib/python3.9/site-packages/airflow/example_dags/example_kubernetes_executor.py for tasks to queue
[2022-12-31T21:34:06.042+0700] {logging_mixin.py:137} INFO - [2022-12-31T21:34:06.042+0700] {dagbag.py:538} INFO - Filling up the DagBag from /home/dmk/anaconda3/lib/python3.9/site-packages/airflow/example_dags/example_kubernetes_executor.py
[2022-12-31T21:34:06.057+0700] {logging_mixin.py:137} INFO - [2022-12-31T21:34:06.057+0700] {example_kubernetes_executor.py:41} WARNING - The example_kubernetes_executor example DAG requires the kubernetes provider. Please install it with: pip install apache-airflow[cncf.kubernetes]
[2022-12-31T21:34:06.057+0700] {processor.py:755} WARNING - No viable dags retrieved from /home/dmk/anaconda3/lib/python3.9/site-packages/airflow/example_dags/example_kubernetes_executor.py
[2022-12-31T21:34:06.065+0700] {processor.py:175} INFO - Processing /home/dmk/anaconda3/lib/python3.9/site-packages/airflow/example_dags/example_kubernetes_executor.py took 0.029 seconds
[2022-12-31T21:34:53.036+0700] {processor.py:153} INFO - Started process (PID=27682) to work on /home/dmk/anaconda3/lib/python3.9/site-packages/airflow/example_dags/example_kubernetes_executor.py
[2022-12-31T21:34:53.040+0700] {processor.py:743} INFO - Processing file /home/dmk/anaconda3/lib/python3.9/site-packages/airflow/example_dags/example_kubernetes_executor.py for tasks to queue
[2022-12-31T21:34:53.041+0700] {logging_mixin.py:137} INFO - [2022-12-31T21:34:53.040+0700] {dagbag.py:538} INFO - Filling up the DagBag from /home/dmk/anaconda3/lib/python3.9/site-packages/airflow/example_dags/example_kubernetes_executor.py
[2022-12-31T21:34:53.060+0700] {logging_mixin.py:137} INFO - [2022-12-31T21:34:53.060+0700] {example_kubernetes_executor.py:41} WARNING - The example_kubernetes_executor example DAG requires the kubernetes provider. Please install it with: pip install apache-airflow[cncf.kubernetes]
[2022-12-31T21:34:53.060+0700] {processor.py:755} WARNING - No viable dags retrieved from /home/dmk/anaconda3/lib/python3.9/site-packages/airflow/example_dags/example_kubernetes_executor.py
[2022-12-31T21:34:53.068+0700] {processor.py:175} INFO - Processing /home/dmk/anaconda3/lib/python3.9/site-packages/airflow/example_dags/example_kubernetes_executor.py took 0.035 seconds
[2022-12-31T21:35:45.107+0700] {processor.py:153} INFO - Started process (PID=27912) to work on /home/dmk/anaconda3/lib/python3.9/site-packages/airflow/example_dags/example_kubernetes_executor.py
[2022-12-31T21:35:45.112+0700] {processor.py:743} INFO - Processing file /home/dmk/anaconda3/lib/python3.9/site-packages/airflow/example_dags/example_kubernetes_executor.py for tasks to queue
[2022-12-31T21:35:45.112+0700] {logging_mixin.py:137} INFO - [2022-12-31T21:35:45.112+0700] {dagbag.py:538} INFO - Filling up the DagBag from /home/dmk/anaconda3/lib/python3.9/site-packages/airflow/example_dags/example_kubernetes_executor.py
[2022-12-31T21:35:45.134+0700] {logging_mixin.py:137} INFO - [2022-12-31T21:35:45.134+0700] {example_kubernetes_executor.py:41} WARNING - The example_kubernetes_executor example DAG requires the kubernetes provider. Please install it with: pip install apache-airflow[cncf.kubernetes]
[2022-12-31T21:35:45.134+0700] {processor.py:755} WARNING - No viable dags retrieved from /home/dmk/anaconda3/lib/python3.9/site-packages/airflow/example_dags/example_kubernetes_executor.py
[2022-12-31T21:35:45.143+0700] {processor.py:175} INFO - Processing /home/dmk/anaconda3/lib/python3.9/site-packages/airflow/example_dags/example_kubernetes_executor.py took 0.038 seconds
[2022-12-31T21:38:29.145+0700] {processor.py:153} INFO - Started process (PID=28900) to work on /home/dmk/anaconda3/lib/python3.9/site-packages/airflow/example_dags/example_kubernetes_executor.py
[2022-12-31T21:38:29.147+0700] {processor.py:743} INFO - Processing file /home/dmk/anaconda3/lib/python3.9/site-packages/airflow/example_dags/example_kubernetes_executor.py for tasks to queue
[2022-12-31T21:38:29.147+0700] {logging_mixin.py:137} INFO - [2022-12-31T21:38:29.147+0700] {dagbag.py:538} INFO - Filling up the DagBag from /home/dmk/anaconda3/lib/python3.9/site-packages/airflow/example_dags/example_kubernetes_executor.py
[2022-12-31T21:38:29.162+0700] {logging_mixin.py:137} INFO - [2022-12-31T21:38:29.161+0700] {example_kubernetes_executor.py:41} WARNING - The example_kubernetes_executor example DAG requires the kubernetes provider. Please install it with: pip install apache-airflow[cncf.kubernetes]
[2022-12-31T21:38:29.162+0700] {processor.py:755} WARNING - No viable dags retrieved from /home/dmk/anaconda3/lib/python3.9/site-packages/airflow/example_dags/example_kubernetes_executor.py
[2022-12-31T21:38:29.168+0700] {processor.py:175} INFO - Processing /home/dmk/anaconda3/lib/python3.9/site-packages/airflow/example_dags/example_kubernetes_executor.py took 0.026 seconds
[2022-12-31T21:39:23.324+0700] {processor.py:153} INFO - Started process (PID=29124) to work on /home/dmk/anaconda3/lib/python3.9/site-packages/airflow/example_dags/example_kubernetes_executor.py
[2022-12-31T21:39:23.327+0700] {processor.py:743} INFO - Processing file /home/dmk/anaconda3/lib/python3.9/site-packages/airflow/example_dags/example_kubernetes_executor.py for tasks to queue
[2022-12-31T21:39:23.329+0700] {logging_mixin.py:137} INFO - [2022-12-31T21:39:23.328+0700] {dagbag.py:538} INFO - Filling up the DagBag from /home/dmk/anaconda3/lib/python3.9/site-packages/airflow/example_dags/example_kubernetes_executor.py
[2022-12-31T21:39:23.361+0700] {logging_mixin.py:137} INFO - [2022-12-31T21:39:23.360+0700] {example_kubernetes_executor.py:41} WARNING - The example_kubernetes_executor example DAG requires the kubernetes provider. Please install it with: pip install apache-airflow[cncf.kubernetes]
[2022-12-31T21:39:23.361+0700] {processor.py:755} WARNING - No viable dags retrieved from /home/dmk/anaconda3/lib/python3.9/site-packages/airflow/example_dags/example_kubernetes_executor.py
[2022-12-31T21:39:23.370+0700] {processor.py:175} INFO - Processing /home/dmk/anaconda3/lib/python3.9/site-packages/airflow/example_dags/example_kubernetes_executor.py took 0.054 seconds
[2022-12-31T21:40:16.980+0700] {processor.py:153} INFO - Started process (PID=29280) to work on /home/dmk/anaconda3/lib/python3.9/site-packages/airflow/example_dags/example_kubernetes_executor.py
[2022-12-31T21:40:16.984+0700] {processor.py:743} INFO - Processing file /home/dmk/anaconda3/lib/python3.9/site-packages/airflow/example_dags/example_kubernetes_executor.py for tasks to queue
[2022-12-31T21:40:16.985+0700] {logging_mixin.py:137} INFO - [2022-12-31T21:40:16.985+0700] {dagbag.py:538} INFO - Filling up the DagBag from /home/dmk/anaconda3/lib/python3.9/site-packages/airflow/example_dags/example_kubernetes_executor.py
[2022-12-31T21:40:17.004+0700] {logging_mixin.py:137} INFO - [2022-12-31T21:40:17.004+0700] {example_kubernetes_executor.py:41} WARNING - The example_kubernetes_executor example DAG requires the kubernetes provider. Please install it with: pip install apache-airflow[cncf.kubernetes]
[2022-12-31T21:40:17.004+0700] {processor.py:755} WARNING - No viable dags retrieved from /home/dmk/anaconda3/lib/python3.9/site-packages/airflow/example_dags/example_kubernetes_executor.py
[2022-12-31T21:40:17.015+0700] {processor.py:175} INFO - Processing /home/dmk/anaconda3/lib/python3.9/site-packages/airflow/example_dags/example_kubernetes_executor.py took 0.037 seconds
[2022-12-31T21:41:24.481+0700] {processor.py:153} INFO - Started process (PID=29537) to work on /home/dmk/anaconda3/lib/python3.9/site-packages/airflow/example_dags/example_kubernetes_executor.py
[2022-12-31T21:41:24.486+0700] {processor.py:743} INFO - Processing file /home/dmk/anaconda3/lib/python3.9/site-packages/airflow/example_dags/example_kubernetes_executor.py for tasks to queue
[2022-12-31T21:41:24.488+0700] {logging_mixin.py:137} INFO - [2022-12-31T21:41:24.488+0700] {dagbag.py:538} INFO - Filling up the DagBag from /home/dmk/anaconda3/lib/python3.9/site-packages/airflow/example_dags/example_kubernetes_executor.py
[2022-12-31T21:41:24.515+0700] {logging_mixin.py:137} INFO - [2022-12-31T21:41:24.514+0700] {example_kubernetes_executor.py:41} WARNING - The example_kubernetes_executor example DAG requires the kubernetes provider. Please install it with: pip install apache-airflow[cncf.kubernetes]
[2022-12-31T21:41:24.515+0700] {processor.py:755} WARNING - No viable dags retrieved from /home/dmk/anaconda3/lib/python3.9/site-packages/airflow/example_dags/example_kubernetes_executor.py
[2022-12-31T21:41:24.522+0700] {processor.py:175} INFO - Processing /home/dmk/anaconda3/lib/python3.9/site-packages/airflow/example_dags/example_kubernetes_executor.py took 0.049 seconds
[2022-12-31T21:42:26.038+0700] {processor.py:153} INFO - Started process (PID=29807) to work on /home/dmk/anaconda3/lib/python3.9/site-packages/airflow/example_dags/example_kubernetes_executor.py
[2022-12-31T21:42:26.044+0700] {processor.py:743} INFO - Processing file /home/dmk/anaconda3/lib/python3.9/site-packages/airflow/example_dags/example_kubernetes_executor.py for tasks to queue
[2022-12-31T21:42:26.045+0700] {logging_mixin.py:137} INFO - [2022-12-31T21:42:26.045+0700] {dagbag.py:538} INFO - Filling up the DagBag from /home/dmk/anaconda3/lib/python3.9/site-packages/airflow/example_dags/example_kubernetes_executor.py
[2022-12-31T21:42:26.073+0700] {logging_mixin.py:137} INFO - [2022-12-31T21:42:26.073+0700] {example_kubernetes_executor.py:41} WARNING - The example_kubernetes_executor example DAG requires the kubernetes provider. Please install it with: pip install apache-airflow[cncf.kubernetes]
[2022-12-31T21:42:26.074+0700] {processor.py:755} WARNING - No viable dags retrieved from /home/dmk/anaconda3/lib/python3.9/site-packages/airflow/example_dags/example_kubernetes_executor.py
[2022-12-31T21:42:26.081+0700] {processor.py:175} INFO - Processing /home/dmk/anaconda3/lib/python3.9/site-packages/airflow/example_dags/example_kubernetes_executor.py took 0.050 seconds
[2022-12-31T21:43:14.866+0700] {processor.py:153} INFO - Started process (PID=29992) to work on /home/dmk/anaconda3/lib/python3.9/site-packages/airflow/example_dags/example_kubernetes_executor.py
[2022-12-31T21:43:14.870+0700] {processor.py:743} INFO - Processing file /home/dmk/anaconda3/lib/python3.9/site-packages/airflow/example_dags/example_kubernetes_executor.py for tasks to queue
[2022-12-31T21:43:14.871+0700] {logging_mixin.py:137} INFO - [2022-12-31T21:43:14.871+0700] {dagbag.py:538} INFO - Filling up the DagBag from /home/dmk/anaconda3/lib/python3.9/site-packages/airflow/example_dags/example_kubernetes_executor.py
[2022-12-31T21:43:14.887+0700] {logging_mixin.py:137} INFO - [2022-12-31T21:43:14.887+0700] {example_kubernetes_executor.py:41} WARNING - The example_kubernetes_executor example DAG requires the kubernetes provider. Please install it with: pip install apache-airflow[cncf.kubernetes]
[2022-12-31T21:43:14.887+0700] {processor.py:755} WARNING - No viable dags retrieved from /home/dmk/anaconda3/lib/python3.9/site-packages/airflow/example_dags/example_kubernetes_executor.py
[2022-12-31T21:43:14.895+0700] {processor.py:175} INFO - Processing /home/dmk/anaconda3/lib/python3.9/site-packages/airflow/example_dags/example_kubernetes_executor.py took 0.032 seconds
[2022-12-31T22:23:23.530+0700] {processor.py:153} INFO - Started process (PID=47663) to work on /home/dmk/anaconda3/lib/python3.9/site-packages/airflow/example_dags/example_kubernetes_executor.py
[2022-12-31T22:23:23.533+0700] {processor.py:743} INFO - Processing file /home/dmk/anaconda3/lib/python3.9/site-packages/airflow/example_dags/example_kubernetes_executor.py for tasks to queue
[2022-12-31T22:23:23.534+0700] {logging_mixin.py:137} INFO - [2022-12-31T22:23:23.534+0700] {dagbag.py:538} INFO - Filling up the DagBag from /home/dmk/anaconda3/lib/python3.9/site-packages/airflow/example_dags/example_kubernetes_executor.py
[2022-12-31T22:23:23.558+0700] {logging_mixin.py:137} INFO - [2022-12-31T22:23:23.558+0700] {example_kubernetes_executor.py:41} WARNING - The example_kubernetes_executor example DAG requires the kubernetes provider. Please install it with: pip install apache-airflow[cncf.kubernetes]
[2022-12-31T22:23:23.558+0700] {processor.py:755} WARNING - No viable dags retrieved from /home/dmk/anaconda3/lib/python3.9/site-packages/airflow/example_dags/example_kubernetes_executor.py
[2022-12-31T22:23:23.569+0700] {processor.py:175} INFO - Processing /home/dmk/anaconda3/lib/python3.9/site-packages/airflow/example_dags/example_kubernetes_executor.py took 0.042 seconds
[2022-12-31T22:24:16.993+0700] {processor.py:153} INFO - Started process (PID=48165) to work on /home/dmk/anaconda3/lib/python3.9/site-packages/airflow/example_dags/example_kubernetes_executor.py
[2022-12-31T22:24:16.994+0700] {processor.py:743} INFO - Processing file /home/dmk/anaconda3/lib/python3.9/site-packages/airflow/example_dags/example_kubernetes_executor.py for tasks to queue
[2022-12-31T22:24:16.995+0700] {logging_mixin.py:137} INFO - [2022-12-31T22:24:16.995+0700] {dagbag.py:538} INFO - Filling up the DagBag from /home/dmk/anaconda3/lib/python3.9/site-packages/airflow/example_dags/example_kubernetes_executor.py
[2022-12-31T22:24:17.028+0700] {logging_mixin.py:137} INFO - [2022-12-31T22:24:17.027+0700] {example_kubernetes_executor.py:41} WARNING - The example_kubernetes_executor example DAG requires the kubernetes provider. Please install it with: pip install apache-airflow[cncf.kubernetes]
[2022-12-31T22:24:17.028+0700] {processor.py:755} WARNING - No viable dags retrieved from /home/dmk/anaconda3/lib/python3.9/site-packages/airflow/example_dags/example_kubernetes_executor.py
[2022-12-31T22:24:17.040+0700] {processor.py:175} INFO - Processing /home/dmk/anaconda3/lib/python3.9/site-packages/airflow/example_dags/example_kubernetes_executor.py took 0.050 seconds
[2022-12-31T22:25:32.141+0700] {processor.py:153} INFO - Started process (PID=48903) to work on /home/dmk/anaconda3/envs/airflow/lib/python3.7/site-packages/airflow/example_dags/example_kubernetes_executor.py
[2022-12-31T22:25:32.145+0700] {processor.py:743} INFO - Processing file /home/dmk/anaconda3/envs/airflow/lib/python3.7/site-packages/airflow/example_dags/example_kubernetes_executor.py for tasks to queue
[2022-12-31T22:25:32.146+0700] {logging_mixin.py:137} INFO - [2022-12-31T22:25:32.146+0700] {dagbag.py:538} INFO - Filling up the DagBag from /home/dmk/anaconda3/envs/airflow/lib/python3.7/site-packages/airflow/example_dags/example_kubernetes_executor.py
[2022-12-31T22:25:32.189+0700] {processor.py:753} INFO - DAG(s) dict_keys(['example_kubernetes_executor']) retrieved from /home/dmk/anaconda3/envs/airflow/lib/python3.7/site-packages/airflow/example_dags/example_kubernetes_executor.py
[2022-12-31T22:25:32.496+0700] {logging_mixin.py:137} INFO - [2022-12-31T22:25:32.496+0700] {manager.py:504} INFO - Created Permission View: can read on DAG:example_kubernetes_executor
[2022-12-31T22:25:32.523+0700] {logging_mixin.py:137} INFO - [2022-12-31T22:25:32.523+0700] {manager.py:504} INFO - Created Permission View: can edit on DAG:example_kubernetes_executor
[2022-12-31T22:25:32.547+0700] {logging_mixin.py:137} INFO - [2022-12-31T22:25:32.547+0700] {manager.py:504} INFO - Created Permission View: can delete on DAG:example_kubernetes_executor
[2022-12-31T22:25:32.547+0700] {logging_mixin.py:137} INFO - [2022-12-31T22:25:32.547+0700] {dag.py:2676} INFO - Sync 1 DAGs
[2022-12-31T22:25:32.566+0700] {logging_mixin.py:137} INFO - [2022-12-31T22:25:32.566+0700] {dag.py:2697} INFO - Creating ORM DAG for example_kubernetes_executor
[2022-12-31T22:25:32.585+0700] {logging_mixin.py:137} INFO - [2022-12-31T22:25:32.584+0700] {dag.py:3427} INFO - Setting next_dagrun for example_kubernetes_executor to None, run_after=None
[2022-12-31T22:25:32.654+0700] {processor.py:175} INFO - Processing /home/dmk/anaconda3/envs/airflow/lib/python3.7/site-packages/airflow/example_dags/example_kubernetes_executor.py took 0.518 seconds
[2022-12-31T22:26:23.089+0700] {processor.py:153} INFO - Started process (PID=49822) to work on /home/dmk/anaconda3/envs/airflow/lib/python3.7/site-packages/airflow/example_dags/example_kubernetes_executor.py
[2022-12-31T22:26:23.094+0700] {processor.py:743} INFO - Processing file /home/dmk/anaconda3/envs/airflow/lib/python3.7/site-packages/airflow/example_dags/example_kubernetes_executor.py for tasks to queue
[2022-12-31T22:26:23.095+0700] {logging_mixin.py:137} INFO - [2022-12-31T22:26:23.095+0700] {dagbag.py:538} INFO - Filling up the DagBag from /home/dmk/anaconda3/envs/airflow/lib/python3.7/site-packages/airflow/example_dags/example_kubernetes_executor.py
[2022-12-31T22:26:23.128+0700] {processor.py:753} INFO - DAG(s) dict_keys(['example_kubernetes_executor']) retrieved from /home/dmk/anaconda3/envs/airflow/lib/python3.7/site-packages/airflow/example_dags/example_kubernetes_executor.py
[2022-12-31T22:26:23.260+0700] {logging_mixin.py:137} INFO - [2022-12-31T22:26:23.260+0700] {dag.py:2676} INFO - Sync 1 DAGs
[2022-12-31T22:26:23.278+0700] {logging_mixin.py:137} INFO - [2022-12-31T22:26:23.278+0700] {dag.py:3427} INFO - Setting next_dagrun for example_kubernetes_executor to None, run_after=None
[2022-12-31T22:26:23.308+0700] {processor.py:175} INFO - Processing /home/dmk/anaconda3/envs/airflow/lib/python3.7/site-packages/airflow/example_dags/example_kubernetes_executor.py took 0.224 seconds
[2022-12-31T22:27:12.876+0700] {processor.py:153} INFO - Started process (PID=50171) to work on /home/dmk/anaconda3/envs/airflow/lib/python3.7/site-packages/airflow/example_dags/example_kubernetes_executor.py
[2022-12-31T22:27:12.881+0700] {processor.py:743} INFO - Processing file /home/dmk/anaconda3/envs/airflow/lib/python3.7/site-packages/airflow/example_dags/example_kubernetes_executor.py for tasks to queue
[2022-12-31T22:27:12.883+0700] {logging_mixin.py:137} INFO - [2022-12-31T22:27:12.882+0700] {dagbag.py:538} INFO - Filling up the DagBag from /home/dmk/anaconda3/envs/airflow/lib/python3.7/site-packages/airflow/example_dags/example_kubernetes_executor.py
[2022-12-31T22:27:13.047+0700] {processor.py:753} INFO - DAG(s) dict_keys(['example_kubernetes_executor']) retrieved from /home/dmk/anaconda3/envs/airflow/lib/python3.7/site-packages/airflow/example_dags/example_kubernetes_executor.py
[2022-12-31T22:27:13.071+0700] {logging_mixin.py:137} INFO - [2022-12-31T22:27:13.071+0700] {dag.py:2676} INFO - Sync 1 DAGs
[2022-12-31T22:27:13.095+0700] {logging_mixin.py:137} INFO - [2022-12-31T22:27:13.094+0700] {dag.py:3427} INFO - Setting next_dagrun for example_kubernetes_executor to None, run_after=None
[2022-12-31T22:27:13.130+0700] {processor.py:175} INFO - Processing /home/dmk/anaconda3/envs/airflow/lib/python3.7/site-packages/airflow/example_dags/example_kubernetes_executor.py took 0.260 seconds
[2022-12-31T22:28:03.576+0700] {processor.py:153} INFO - Started process (PID=50537) to work on /home/dmk/anaconda3/envs/airflow/lib/python3.7/site-packages/airflow/example_dags/example_kubernetes_executor.py
[2022-12-31T22:28:03.583+0700] {processor.py:743} INFO - Processing file /home/dmk/anaconda3/envs/airflow/lib/python3.7/site-packages/airflow/example_dags/example_kubernetes_executor.py for tasks to queue
[2022-12-31T22:28:03.586+0700] {logging_mixin.py:137} INFO - [2022-12-31T22:28:03.585+0700] {dagbag.py:538} INFO - Filling up the DagBag from /home/dmk/anaconda3/envs/airflow/lib/python3.7/site-packages/airflow/example_dags/example_kubernetes_executor.py
[2022-12-31T22:28:03.743+0700] {processor.py:753} INFO - DAG(s) dict_keys(['example_kubernetes_executor']) retrieved from /home/dmk/anaconda3/envs/airflow/lib/python3.7/site-packages/airflow/example_dags/example_kubernetes_executor.py
[2022-12-31T22:28:03.765+0700] {logging_mixin.py:137} INFO - [2022-12-31T22:28:03.765+0700] {dag.py:2676} INFO - Sync 1 DAGs
[2022-12-31T22:28:03.787+0700] {logging_mixin.py:137} INFO - [2022-12-31T22:28:03.787+0700] {dag.py:3427} INFO - Setting next_dagrun for example_kubernetes_executor to None, run_after=None
[2022-12-31T22:28:03.823+0700] {processor.py:175} INFO - Processing /home/dmk/anaconda3/envs/airflow/lib/python3.7/site-packages/airflow/example_dags/example_kubernetes_executor.py took 0.257 seconds
[2022-12-31T22:28:53.077+0700] {processor.py:153} INFO - Started process (PID=50639) to work on /home/dmk/anaconda3/envs/airflow/lib/python3.7/site-packages/airflow/example_dags/example_kubernetes_executor.py
[2022-12-31T22:28:53.081+0700] {processor.py:743} INFO - Processing file /home/dmk/anaconda3/envs/airflow/lib/python3.7/site-packages/airflow/example_dags/example_kubernetes_executor.py for tasks to queue
[2022-12-31T22:28:53.082+0700] {logging_mixin.py:137} INFO - [2022-12-31T22:28:53.082+0700] {dagbag.py:538} INFO - Filling up the DagBag from /home/dmk/anaconda3/envs/airflow/lib/python3.7/site-packages/airflow/example_dags/example_kubernetes_executor.py
[2022-12-31T22:28:53.109+0700] {processor.py:753} INFO - DAG(s) dict_keys(['example_kubernetes_executor']) retrieved from /home/dmk/anaconda3/envs/airflow/lib/python3.7/site-packages/airflow/example_dags/example_kubernetes_executor.py
[2022-12-31T22:28:53.135+0700] {logging_mixin.py:137} INFO - [2022-12-31T22:28:53.135+0700] {dag.py:2676} INFO - Sync 1 DAGs
[2022-12-31T22:28:53.156+0700] {logging_mixin.py:137} INFO - [2022-12-31T22:28:53.155+0700] {dag.py:3427} INFO - Setting next_dagrun for example_kubernetes_executor to None, run_after=None
[2022-12-31T22:28:53.190+0700] {processor.py:175} INFO - Processing /home/dmk/anaconda3/envs/airflow/lib/python3.7/site-packages/airflow/example_dags/example_kubernetes_executor.py took 0.115 seconds
[2022-12-31T22:29:38.800+0700] {processor.py:153} INFO - Started process (PID=51203) to work on /home/dmk/anaconda3/envs/airflow/lib/python3.7/site-packages/airflow/example_dags/example_kubernetes_executor.py
[2022-12-31T22:29:38.806+0700] {processor.py:743} INFO - Processing file /home/dmk/anaconda3/envs/airflow/lib/python3.7/site-packages/airflow/example_dags/example_kubernetes_executor.py for tasks to queue
[2022-12-31T22:29:38.809+0700] {logging_mixin.py:137} INFO - [2022-12-31T22:29:38.808+0700] {dagbag.py:538} INFO - Filling up the DagBag from /home/dmk/anaconda3/envs/airflow/lib/python3.7/site-packages/airflow/example_dags/example_kubernetes_executor.py
[2022-12-31T22:29:38.904+0700] {processor.py:753} INFO - DAG(s) dict_keys(['example_kubernetes_executor']) retrieved from /home/dmk/anaconda3/envs/airflow/lib/python3.7/site-packages/airflow/example_dags/example_kubernetes_executor.py
[2022-12-31T22:29:38.945+0700] {logging_mixin.py:137} INFO - [2022-12-31T22:29:38.945+0700] {dag.py:2676} INFO - Sync 1 DAGs
[2022-12-31T22:29:38.969+0700] {logging_mixin.py:137} INFO - [2022-12-31T22:29:38.968+0700] {dag.py:3427} INFO - Setting next_dagrun for example_kubernetes_executor to None, run_after=None
[2022-12-31T22:29:39.021+0700] {processor.py:175} INFO - Processing /home/dmk/anaconda3/envs/airflow/lib/python3.7/site-packages/airflow/example_dags/example_kubernetes_executor.py took 0.230 seconds
[2022-12-31T22:30:25.855+0700] {processor.py:153} INFO - Started process (PID=51541) to work on /home/dmk/anaconda3/envs/airflow/lib/python3.7/site-packages/airflow/example_dags/example_kubernetes_executor.py
[2022-12-31T22:30:25.859+0700] {processor.py:743} INFO - Processing file /home/dmk/anaconda3/envs/airflow/lib/python3.7/site-packages/airflow/example_dags/example_kubernetes_executor.py for tasks to queue
[2022-12-31T22:30:25.860+0700] {logging_mixin.py:137} INFO - [2022-12-31T22:30:25.859+0700] {dagbag.py:538} INFO - Filling up the DagBag from /home/dmk/anaconda3/envs/airflow/lib/python3.7/site-packages/airflow/example_dags/example_kubernetes_executor.py
[2022-12-31T22:30:25.888+0700] {processor.py:753} INFO - DAG(s) dict_keys(['example_kubernetes_executor']) retrieved from /home/dmk/anaconda3/envs/airflow/lib/python3.7/site-packages/airflow/example_dags/example_kubernetes_executor.py
[2022-12-31T22:30:25.915+0700] {logging_mixin.py:137} INFO - [2022-12-31T22:30:25.914+0700] {dag.py:2676} INFO - Sync 1 DAGs
[2022-12-31T22:30:25.936+0700] {logging_mixin.py:137} INFO - [2022-12-31T22:30:25.935+0700] {dag.py:3427} INFO - Setting next_dagrun for example_kubernetes_executor to None, run_after=None
[2022-12-31T22:30:25.973+0700] {processor.py:175} INFO - Processing /home/dmk/anaconda3/envs/airflow/lib/python3.7/site-packages/airflow/example_dags/example_kubernetes_executor.py took 0.123 seconds
[2022-12-31T22:31:13.155+0700] {processor.py:153} INFO - Started process (PID=51639) to work on /home/dmk/anaconda3/envs/airflow/lib/python3.7/site-packages/airflow/example_dags/example_kubernetes_executor.py
[2022-12-31T22:31:13.161+0700] {processor.py:743} INFO - Processing file /home/dmk/anaconda3/envs/airflow/lib/python3.7/site-packages/airflow/example_dags/example_kubernetes_executor.py for tasks to queue
[2022-12-31T22:31:13.163+0700] {logging_mixin.py:137} INFO - [2022-12-31T22:31:13.162+0700] {dagbag.py:538} INFO - Filling up the DagBag from /home/dmk/anaconda3/envs/airflow/lib/python3.7/site-packages/airflow/example_dags/example_kubernetes_executor.py
[2022-12-31T22:31:13.201+0700] {processor.py:753} INFO - DAG(s) dict_keys(['example_kubernetes_executor']) retrieved from /home/dmk/anaconda3/envs/airflow/lib/python3.7/site-packages/airflow/example_dags/example_kubernetes_executor.py
[2022-12-31T22:31:13.228+0700] {logging_mixin.py:137} INFO - [2022-12-31T22:31:13.228+0700] {dag.py:2676} INFO - Sync 1 DAGs
[2022-12-31T22:31:13.252+0700] {logging_mixin.py:137} INFO - [2022-12-31T22:31:13.252+0700] {dag.py:3427} INFO - Setting next_dagrun for example_kubernetes_executor to None, run_after=None
[2022-12-31T22:31:13.277+0700] {processor.py:175} INFO - Processing /home/dmk/anaconda3/envs/airflow/lib/python3.7/site-packages/airflow/example_dags/example_kubernetes_executor.py took 0.131 seconds
[2022-12-31T22:32:02.506+0700] {processor.py:153} INFO - Started process (PID=51836) to work on /home/dmk/anaconda3/envs/airflow/lib/python3.7/site-packages/airflow/example_dags/example_kubernetes_executor.py
[2022-12-31T22:32:02.512+0700] {processor.py:743} INFO - Processing file /home/dmk/anaconda3/envs/airflow/lib/python3.7/site-packages/airflow/example_dags/example_kubernetes_executor.py for tasks to queue
[2022-12-31T22:32:02.515+0700] {logging_mixin.py:137} INFO - [2022-12-31T22:32:02.514+0700] {dagbag.py:538} INFO - Filling up the DagBag from /home/dmk/anaconda3/envs/airflow/lib/python3.7/site-packages/airflow/example_dags/example_kubernetes_executor.py
[2022-12-31T22:32:02.590+0700] {processor.py:753} INFO - DAG(s) dict_keys(['example_kubernetes_executor']) retrieved from /home/dmk/anaconda3/envs/airflow/lib/python3.7/site-packages/airflow/example_dags/example_kubernetes_executor.py
[2022-12-31T22:32:02.624+0700] {logging_mixin.py:137} INFO - [2022-12-31T22:32:02.624+0700] {dag.py:2676} INFO - Sync 1 DAGs
[2022-12-31T22:32:02.652+0700] {logging_mixin.py:137} INFO - [2022-12-31T22:32:02.652+0700] {dag.py:3427} INFO - Setting next_dagrun for example_kubernetes_executor to None, run_after=None
[2022-12-31T22:32:02.687+0700] {processor.py:175} INFO - Processing /home/dmk/anaconda3/envs/airflow/lib/python3.7/site-packages/airflow/example_dags/example_kubernetes_executor.py took 0.186 seconds
[2022-12-31T22:32:51.881+0700] {processor.py:153} INFO - Started process (PID=51936) to work on /home/dmk/anaconda3/envs/airflow/lib/python3.7/site-packages/airflow/example_dags/example_kubernetes_executor.py
[2022-12-31T22:32:51.882+0700] {processor.py:743} INFO - Processing file /home/dmk/anaconda3/envs/airflow/lib/python3.7/site-packages/airflow/example_dags/example_kubernetes_executor.py for tasks to queue
[2022-12-31T22:32:51.883+0700] {logging_mixin.py:137} INFO - [2022-12-31T22:32:51.883+0700] {dagbag.py:538} INFO - Filling up the DagBag from /home/dmk/anaconda3/envs/airflow/lib/python3.7/site-packages/airflow/example_dags/example_kubernetes_executor.py
[2022-12-31T22:32:51.941+0700] {processor.py:753} INFO - DAG(s) dict_keys(['example_kubernetes_executor']) retrieved from /home/dmk/anaconda3/envs/airflow/lib/python3.7/site-packages/airflow/example_dags/example_kubernetes_executor.py
[2022-12-31T22:32:51.995+0700] {logging_mixin.py:137} INFO - [2022-12-31T22:32:51.995+0700] {dag.py:2676} INFO - Sync 1 DAGs
[2022-12-31T22:32:52.034+0700] {logging_mixin.py:137} INFO - [2022-12-31T22:32:52.034+0700] {dag.py:3427} INFO - Setting next_dagrun for example_kubernetes_executor to None, run_after=None
[2022-12-31T22:32:52.072+0700] {processor.py:175} INFO - Processing /home/dmk/anaconda3/envs/airflow/lib/python3.7/site-packages/airflow/example_dags/example_kubernetes_executor.py took 0.196 seconds
