[2022-12-31T20:52:57.619+0700] {processor.py:153} INFO - Started process (PID=11172) to work on /home/dmk/anaconda3/lib/python3.9/site-packages/airflow/example_dags/example_sensor_decorator.py
[2022-12-31T20:52:57.619+0700] {processor.py:743} INFO - Processing file /home/dmk/anaconda3/lib/python3.9/site-packages/airflow/example_dags/example_sensor_decorator.py for tasks to queue
[2022-12-31T20:52:57.620+0700] {logging_mixin.py:137} INFO - [2022-12-31T20:52:57.620+0700] {dagbag.py:538} INFO - Filling up the DagBag from /home/dmk/anaconda3/lib/python3.9/site-packages/airflow/example_dags/example_sensor_decorator.py
[2022-12-31T20:52:57.641+0700] {logging_mixin.py:137} WARNING - /home/dmk/anaconda3/lib/python3.9/site-packages/airflow/models/dag.py:3492 RemovedInAirflow3Warning: Param `schedule_interval` is deprecated and will be removed in a future release. Please use `schedule` instead.
[2022-12-31T20:52:57.651+0700] {processor.py:753} INFO - DAG(s) dict_keys(['example_sensor_decorator']) retrieved from /home/dmk/anaconda3/lib/python3.9/site-packages/airflow/example_dags/example_sensor_decorator.py
[2022-12-31T20:52:57.874+0700] {logging_mixin.py:137} INFO - [2022-12-31T20:52:57.873+0700] {dag.py:2676} INFO - Sync 1 DAGs
[2022-12-31T20:52:57.889+0700] {logging_mixin.py:137} INFO - [2022-12-31T20:52:57.889+0700] {dag.py:3423} INFO - Setting next_dagrun for example_sensor_decorator to None, run_after=None
[2022-12-31T20:52:57.918+0700] {processor.py:175} INFO - Processing /home/dmk/anaconda3/lib/python3.9/site-packages/airflow/example_dags/example_sensor_decorator.py took 0.302 seconds
[2022-12-31T20:55:21.961+0700] {processor.py:153} INFO - Started process (PID=11962) to work on /home/dmk/anaconda3/lib/python3.9/site-packages/airflow/example_dags/example_sensor_decorator.py
[2022-12-31T20:55:21.967+0700] {processor.py:743} INFO - Processing file /home/dmk/anaconda3/lib/python3.9/site-packages/airflow/example_dags/example_sensor_decorator.py for tasks to queue
[2022-12-31T20:55:21.969+0700] {logging_mixin.py:137} INFO - [2022-12-31T20:55:21.968+0700] {dagbag.py:538} INFO - Filling up the DagBag from /home/dmk/anaconda3/lib/python3.9/site-packages/airflow/example_dags/example_sensor_decorator.py
[2022-12-31T20:55:22.066+0700] {logging_mixin.py:137} WARNING - /home/dmk/anaconda3/lib/python3.9/site-packages/airflow/models/dag.py:3492 RemovedInAirflow3Warning: Param `schedule_interval` is deprecated and will be removed in a future release. Please use `schedule` instead.
[2022-12-31T20:55:22.097+0700] {processor.py:753} INFO - DAG(s) dict_keys(['example_sensor_decorator']) retrieved from /home/dmk/anaconda3/lib/python3.9/site-packages/airflow/example_dags/example_sensor_decorator.py
[2022-12-31T20:55:22.283+0700] {logging_mixin.py:137} INFO - [2022-12-31T20:55:22.283+0700] {dag.py:2676} INFO - Sync 1 DAGs
[2022-12-31T20:55:22.313+0700] {logging_mixin.py:137} INFO - [2022-12-31T20:55:22.313+0700] {dag.py:3423} INFO - Setting next_dagrun for example_sensor_decorator to None, run_after=None
[2022-12-31T20:55:22.348+0700] {processor.py:175} INFO - Processing /home/dmk/anaconda3/lib/python3.9/site-packages/airflow/example_dags/example_sensor_decorator.py took 0.402 seconds
[2022-12-31T20:56:31.670+0700] {processor.py:153} INFO - Started process (PID=12230) to work on /home/dmk/anaconda3/lib/python3.9/site-packages/airflow/example_dags/example_sensor_decorator.py
[2022-12-31T20:56:31.674+0700] {processor.py:743} INFO - Processing file /home/dmk/anaconda3/lib/python3.9/site-packages/airflow/example_dags/example_sensor_decorator.py for tasks to queue
[2022-12-31T20:56:31.674+0700] {logging_mixin.py:137} INFO - [2022-12-31T20:56:31.674+0700] {dagbag.py:538} INFO - Filling up the DagBag from /home/dmk/anaconda3/lib/python3.9/site-packages/airflow/example_dags/example_sensor_decorator.py
[2022-12-31T20:56:31.700+0700] {logging_mixin.py:137} WARNING - /home/dmk/anaconda3/lib/python3.9/site-packages/airflow/models/dag.py:3492 RemovedInAirflow3Warning: Param `schedule_interval` is deprecated and will be removed in a future release. Please use `schedule` instead.
[2022-12-31T20:56:31.710+0700] {processor.py:753} INFO - DAG(s) dict_keys(['example_sensor_decorator']) retrieved from /home/dmk/anaconda3/lib/python3.9/site-packages/airflow/example_dags/example_sensor_decorator.py
[2022-12-31T20:56:31.855+0700] {logging_mixin.py:137} INFO - [2022-12-31T20:56:31.855+0700] {dag.py:2676} INFO - Sync 1 DAGs
[2022-12-31T20:56:31.881+0700] {logging_mixin.py:137} INFO - [2022-12-31T20:56:31.880+0700] {dag.py:3423} INFO - Setting next_dagrun for example_sensor_decorator to None, run_after=None
[2022-12-31T20:56:31.910+0700] {processor.py:175} INFO - Processing /home/dmk/anaconda3/lib/python3.9/site-packages/airflow/example_dags/example_sensor_decorator.py took 0.243 seconds
[2022-12-31T20:57:37.459+0700] {processor.py:153} INFO - Started process (PID=12647) to work on /home/dmk/anaconda3/lib/python3.9/site-packages/airflow/example_dags/example_sensor_decorator.py
[2022-12-31T20:57:37.465+0700] {processor.py:743} INFO - Processing file /home/dmk/anaconda3/lib/python3.9/site-packages/airflow/example_dags/example_sensor_decorator.py for tasks to queue
[2022-12-31T20:57:37.467+0700] {logging_mixin.py:137} INFO - [2022-12-31T20:57:37.466+0700] {dagbag.py:538} INFO - Filling up the DagBag from /home/dmk/anaconda3/lib/python3.9/site-packages/airflow/example_dags/example_sensor_decorator.py
[2022-12-31T20:57:37.496+0700] {logging_mixin.py:137} WARNING - /home/dmk/anaconda3/lib/python3.9/site-packages/airflow/models/dag.py:3492 RemovedInAirflow3Warning: Param `schedule_interval` is deprecated and will be removed in a future release. Please use `schedule` instead.
[2022-12-31T20:57:37.601+0700] {processor.py:753} INFO - DAG(s) dict_keys(['example_sensor_decorator']) retrieved from /home/dmk/anaconda3/lib/python3.9/site-packages/airflow/example_dags/example_sensor_decorator.py
[2022-12-31T20:57:37.621+0700] {logging_mixin.py:137} INFO - [2022-12-31T20:57:37.621+0700] {dag.py:2676} INFO - Sync 1 DAGs
[2022-12-31T20:57:37.638+0700] {logging_mixin.py:137} INFO - [2022-12-31T20:57:37.638+0700] {dag.py:3423} INFO - Setting next_dagrun for example_sensor_decorator to None, run_after=None
[2022-12-31T20:57:37.658+0700] {processor.py:175} INFO - Processing /home/dmk/anaconda3/lib/python3.9/site-packages/airflow/example_dags/example_sensor_decorator.py took 0.207 seconds
[2022-12-31T20:58:52.709+0700] {processor.py:153} INFO - Started process (PID=13025) to work on /home/dmk/anaconda3/lib/python3.9/site-packages/airflow/example_dags/example_sensor_decorator.py
[2022-12-31T20:58:52.712+0700] {processor.py:743} INFO - Processing file /home/dmk/anaconda3/lib/python3.9/site-packages/airflow/example_dags/example_sensor_decorator.py for tasks to queue
[2022-12-31T20:58:52.713+0700] {logging_mixin.py:137} INFO - [2022-12-31T20:58:52.712+0700] {dagbag.py:538} INFO - Filling up the DagBag from /home/dmk/anaconda3/lib/python3.9/site-packages/airflow/example_dags/example_sensor_decorator.py
[2022-12-31T20:58:52.847+0700] {logging_mixin.py:137} WARNING - /home/dmk/anaconda3/lib/python3.9/site-packages/airflow/models/dag.py:3492 RemovedInAirflow3Warning: Param `schedule_interval` is deprecated and will be removed in a future release. Please use `schedule` instead.
[2022-12-31T20:58:52.854+0700] {processor.py:753} INFO - DAG(s) dict_keys(['example_sensor_decorator']) retrieved from /home/dmk/anaconda3/lib/python3.9/site-packages/airflow/example_dags/example_sensor_decorator.py
[2022-12-31T20:58:52.877+0700] {logging_mixin.py:137} INFO - [2022-12-31T20:58:52.877+0700] {dag.py:2676} INFO - Sync 1 DAGs
[2022-12-31T20:58:52.896+0700] {logging_mixin.py:137} INFO - [2022-12-31T20:58:52.896+0700] {dag.py:3423} INFO - Setting next_dagrun for example_sensor_decorator to None, run_after=None
[2022-12-31T20:58:52.918+0700] {processor.py:175} INFO - Processing /home/dmk/anaconda3/lib/python3.9/site-packages/airflow/example_dags/example_sensor_decorator.py took 0.212 seconds
[2022-12-31T20:59:59.983+0700] {processor.py:153} INFO - Started process (PID=14527) to work on /home/dmk/anaconda3/lib/python3.9/site-packages/airflow/example_dags/example_sensor_decorator.py
[2022-12-31T20:59:59.988+0700] {processor.py:743} INFO - Processing file /home/dmk/anaconda3/lib/python3.9/site-packages/airflow/example_dags/example_sensor_decorator.py for tasks to queue
[2022-12-31T20:59:59.990+0700] {logging_mixin.py:137} INFO - [2022-12-31T20:59:59.989+0700] {dagbag.py:538} INFO - Filling up the DagBag from /home/dmk/anaconda3/lib/python3.9/site-packages/airflow/example_dags/example_sensor_decorator.py
[2022-12-31T21:00:00.021+0700] {logging_mixin.py:137} WARNING - /home/dmk/anaconda3/lib/python3.9/site-packages/airflow/models/dag.py:3492 RemovedInAirflow3Warning: Param `schedule_interval` is deprecated and will be removed in a future release. Please use `schedule` instead.
[2022-12-31T21:00:00.029+0700] {processor.py:753} INFO - DAG(s) dict_keys(['example_sensor_decorator']) retrieved from /home/dmk/anaconda3/lib/python3.9/site-packages/airflow/example_dags/example_sensor_decorator.py
[2022-12-31T21:00:00.054+0700] {logging_mixin.py:137} INFO - [2022-12-31T21:00:00.054+0700] {dag.py:2676} INFO - Sync 1 DAGs
[2022-12-31T21:00:00.072+0700] {logging_mixin.py:137} INFO - [2022-12-31T21:00:00.071+0700] {dag.py:3423} INFO - Setting next_dagrun for example_sensor_decorator to None, run_after=None
[2022-12-31T21:00:00.093+0700] {processor.py:175} INFO - Processing /home/dmk/anaconda3/lib/python3.9/site-packages/airflow/example_dags/example_sensor_decorator.py took 0.118 seconds
[2022-12-31T21:00:59.347+0700] {processor.py:153} INFO - Started process (PID=15725) to work on /home/dmk/anaconda3/lib/python3.9/site-packages/airflow/example_dags/example_sensor_decorator.py
[2022-12-31T21:00:59.352+0700] {processor.py:743} INFO - Processing file /home/dmk/anaconda3/lib/python3.9/site-packages/airflow/example_dags/example_sensor_decorator.py for tasks to queue
[2022-12-31T21:00:59.354+0700] {logging_mixin.py:137} INFO - [2022-12-31T21:00:59.354+0700] {dagbag.py:538} INFO - Filling up the DagBag from /home/dmk/anaconda3/lib/python3.9/site-packages/airflow/example_dags/example_sensor_decorator.py
[2022-12-31T21:00:59.385+0700] {logging_mixin.py:137} WARNING - /home/dmk/anaconda3/lib/python3.9/site-packages/airflow/models/dag.py:3492 RemovedInAirflow3Warning: Param `schedule_interval` is deprecated and will be removed in a future release. Please use `schedule` instead.
[2022-12-31T21:00:59.393+0700] {processor.py:753} INFO - DAG(s) dict_keys(['example_sensor_decorator']) retrieved from /home/dmk/anaconda3/lib/python3.9/site-packages/airflow/example_dags/example_sensor_decorator.py
[2022-12-31T21:00:59.417+0700] {logging_mixin.py:137} INFO - [2022-12-31T21:00:59.417+0700] {dag.py:2676} INFO - Sync 1 DAGs
[2022-12-31T21:00:59.434+0700] {logging_mixin.py:137} INFO - [2022-12-31T21:00:59.434+0700] {dag.py:3423} INFO - Setting next_dagrun for example_sensor_decorator to None, run_after=None
[2022-12-31T21:00:59.457+0700] {processor.py:175} INFO - Processing /home/dmk/anaconda3/lib/python3.9/site-packages/airflow/example_dags/example_sensor_decorator.py took 0.116 seconds
[2022-12-31T21:01:52.666+0700] {processor.py:153} INFO - Started process (PID=16263) to work on /home/dmk/anaconda3/lib/python3.9/site-packages/airflow/example_dags/example_sensor_decorator.py
[2022-12-31T21:01:52.670+0700] {processor.py:743} INFO - Processing file /home/dmk/anaconda3/lib/python3.9/site-packages/airflow/example_dags/example_sensor_decorator.py for tasks to queue
[2022-12-31T21:01:52.671+0700] {logging_mixin.py:137} INFO - [2022-12-31T21:01:52.671+0700] {dagbag.py:538} INFO - Filling up the DagBag from /home/dmk/anaconda3/lib/python3.9/site-packages/airflow/example_dags/example_sensor_decorator.py
[2022-12-31T21:01:52.704+0700] {logging_mixin.py:137} WARNING - /home/dmk/anaconda3/lib/python3.9/site-packages/airflow/models/dag.py:3492 RemovedInAirflow3Warning: Param `schedule_interval` is deprecated and will be removed in a future release. Please use `schedule` instead.
[2022-12-31T21:01:52.718+0700] {processor.py:753} INFO - DAG(s) dict_keys(['example_sensor_decorator']) retrieved from /home/dmk/anaconda3/lib/python3.9/site-packages/airflow/example_dags/example_sensor_decorator.py
[2022-12-31T21:01:52.760+0700] {logging_mixin.py:137} INFO - [2022-12-31T21:01:52.760+0700] {dag.py:2676} INFO - Sync 1 DAGs
[2022-12-31T21:01:52.790+0700] {logging_mixin.py:137} INFO - [2022-12-31T21:01:52.790+0700] {dag.py:3423} INFO - Setting next_dagrun for example_sensor_decorator to None, run_after=None
[2022-12-31T21:01:52.822+0700] {processor.py:175} INFO - Processing /home/dmk/anaconda3/lib/python3.9/site-packages/airflow/example_dags/example_sensor_decorator.py took 0.159 seconds
[2022-12-31T21:02:47.321+0700] {processor.py:153} INFO - Started process (PID=16404) to work on /home/dmk/anaconda3/lib/python3.9/site-packages/airflow/example_dags/example_sensor_decorator.py
[2022-12-31T21:02:47.325+0700] {processor.py:743} INFO - Processing file /home/dmk/anaconda3/lib/python3.9/site-packages/airflow/example_dags/example_sensor_decorator.py for tasks to queue
[2022-12-31T21:02:47.326+0700] {logging_mixin.py:137} INFO - [2022-12-31T21:02:47.326+0700] {dagbag.py:538} INFO - Filling up the DagBag from /home/dmk/anaconda3/lib/python3.9/site-packages/airflow/example_dags/example_sensor_decorator.py
[2022-12-31T21:02:47.389+0700] {logging_mixin.py:137} WARNING - /home/dmk/anaconda3/lib/python3.9/site-packages/airflow/models/dag.py:3492 RemovedInAirflow3Warning: Param `schedule_interval` is deprecated and will be removed in a future release. Please use `schedule` instead.
[2022-12-31T21:02:47.406+0700] {processor.py:753} INFO - DAG(s) dict_keys(['example_sensor_decorator']) retrieved from /home/dmk/anaconda3/lib/python3.9/site-packages/airflow/example_dags/example_sensor_decorator.py
[2022-12-31T21:02:47.446+0700] {logging_mixin.py:137} INFO - [2022-12-31T21:02:47.446+0700] {dag.py:2676} INFO - Sync 1 DAGs
[2022-12-31T21:02:47.466+0700] {logging_mixin.py:137} INFO - [2022-12-31T21:02:47.466+0700] {dag.py:3423} INFO - Setting next_dagrun for example_sensor_decorator to None, run_after=None
[2022-12-31T21:02:47.491+0700] {processor.py:175} INFO - Processing /home/dmk/anaconda3/lib/python3.9/site-packages/airflow/example_dags/example_sensor_decorator.py took 0.177 seconds
[2022-12-31T21:04:02.128+0700] {processor.py:153} INFO - Started process (PID=17080) to work on /home/dmk/anaconda3/lib/python3.9/site-packages/airflow/example_dags/example_sensor_decorator.py
[2022-12-31T21:04:02.134+0700] {processor.py:743} INFO - Processing file /home/dmk/anaconda3/lib/python3.9/site-packages/airflow/example_dags/example_sensor_decorator.py for tasks to queue
[2022-12-31T21:04:02.136+0700] {logging_mixin.py:137} INFO - [2022-12-31T21:04:02.136+0700] {dagbag.py:538} INFO - Filling up the DagBag from /home/dmk/anaconda3/lib/python3.9/site-packages/airflow/example_dags/example_sensor_decorator.py
[2022-12-31T21:04:02.199+0700] {logging_mixin.py:137} WARNING - /home/dmk/anaconda3/lib/python3.9/site-packages/airflow/models/dag.py:3492 RemovedInAirflow3Warning: Param `schedule_interval` is deprecated and will be removed in a future release. Please use `schedule` instead.
[2022-12-31T21:04:02.210+0700] {processor.py:753} INFO - DAG(s) dict_keys(['example_sensor_decorator']) retrieved from /home/dmk/anaconda3/lib/python3.9/site-packages/airflow/example_dags/example_sensor_decorator.py
[2022-12-31T21:04:02.371+0700] {logging_mixin.py:137} INFO - [2022-12-31T21:04:02.371+0700] {dag.py:2676} INFO - Sync 1 DAGs
[2022-12-31T21:04:02.388+0700] {logging_mixin.py:137} INFO - [2022-12-31T21:04:02.388+0700] {dag.py:3423} INFO - Setting next_dagrun for example_sensor_decorator to None, run_after=None
[2022-12-31T21:04:02.425+0700] {processor.py:175} INFO - Processing /home/dmk/anaconda3/lib/python3.9/site-packages/airflow/example_dags/example_sensor_decorator.py took 0.307 seconds
[2022-12-31T21:04:58.282+0700] {processor.py:153} INFO - Started process (PID=17760) to work on /home/dmk/anaconda3/lib/python3.9/site-packages/airflow/example_dags/example_sensor_decorator.py
[2022-12-31T21:04:58.284+0700] {processor.py:743} INFO - Processing file /home/dmk/anaconda3/lib/python3.9/site-packages/airflow/example_dags/example_sensor_decorator.py for tasks to queue
[2022-12-31T21:04:58.285+0700] {logging_mixin.py:137} INFO - [2022-12-31T21:04:58.284+0700] {dagbag.py:538} INFO - Filling up the DagBag from /home/dmk/anaconda3/lib/python3.9/site-packages/airflow/example_dags/example_sensor_decorator.py
[2022-12-31T21:04:58.303+0700] {logging_mixin.py:137} WARNING - /home/dmk/anaconda3/lib/python3.9/site-packages/airflow/models/dag.py:3492 RemovedInAirflow3Warning: Param `schedule_interval` is deprecated and will be removed in a future release. Please use `schedule` instead.
[2022-12-31T21:04:58.310+0700] {processor.py:753} INFO - DAG(s) dict_keys(['example_sensor_decorator']) retrieved from /home/dmk/anaconda3/lib/python3.9/site-packages/airflow/example_dags/example_sensor_decorator.py
[2022-12-31T21:04:58.430+0700] {logging_mixin.py:137} INFO - [2022-12-31T21:04:58.429+0700] {dag.py:2676} INFO - Sync 1 DAGs
[2022-12-31T21:04:58.446+0700] {logging_mixin.py:137} INFO - [2022-12-31T21:04:58.446+0700] {dag.py:3423} INFO - Setting next_dagrun for example_sensor_decorator to None, run_after=None
[2022-12-31T21:04:58.467+0700] {processor.py:175} INFO - Processing /home/dmk/anaconda3/lib/python3.9/site-packages/airflow/example_dags/example_sensor_decorator.py took 0.187 seconds
[2022-12-31T21:05:52.890+0700] {processor.py:153} INFO - Started process (PID=18357) to work on /home/dmk/anaconda3/lib/python3.9/site-packages/airflow/example_dags/example_sensor_decorator.py
[2022-12-31T21:05:52.892+0700] {processor.py:743} INFO - Processing file /home/dmk/anaconda3/lib/python3.9/site-packages/airflow/example_dags/example_sensor_decorator.py for tasks to queue
[2022-12-31T21:05:52.892+0700] {logging_mixin.py:137} INFO - [2022-12-31T21:05:52.892+0700] {dagbag.py:538} INFO - Filling up the DagBag from /home/dmk/anaconda3/lib/python3.9/site-packages/airflow/example_dags/example_sensor_decorator.py
[2022-12-31T21:05:52.926+0700] {logging_mixin.py:137} WARNING - /home/dmk/anaconda3/lib/python3.9/site-packages/airflow/models/dag.py:3492 RemovedInAirflow3Warning: Param `schedule_interval` is deprecated and will be removed in a future release. Please use `schedule` instead.
[2022-12-31T21:05:52.936+0700] {processor.py:753} INFO - DAG(s) dict_keys(['example_sensor_decorator']) retrieved from /home/dmk/anaconda3/lib/python3.9/site-packages/airflow/example_dags/example_sensor_decorator.py
[2022-12-31T21:05:53.123+0700] {logging_mixin.py:137} INFO - [2022-12-31T21:05:53.123+0700] {dag.py:2676} INFO - Sync 1 DAGs
[2022-12-31T21:05:53.156+0700] {logging_mixin.py:137} INFO - [2022-12-31T21:05:53.156+0700] {dag.py:3423} INFO - Setting next_dagrun for example_sensor_decorator to None, run_after=None
[2022-12-31T21:05:53.184+0700] {processor.py:175} INFO - Processing /home/dmk/anaconda3/lib/python3.9/site-packages/airflow/example_dags/example_sensor_decorator.py took 0.298 seconds
[2022-12-31T21:06:52.968+0700] {processor.py:153} INFO - Started process (PID=18493) to work on /home/dmk/anaconda3/lib/python3.9/site-packages/airflow/example_dags/example_sensor_decorator.py
[2022-12-31T21:06:52.975+0700] {processor.py:743} INFO - Processing file /home/dmk/anaconda3/lib/python3.9/site-packages/airflow/example_dags/example_sensor_decorator.py for tasks to queue
[2022-12-31T21:06:52.976+0700] {logging_mixin.py:137} INFO - [2022-12-31T21:06:52.975+0700] {dagbag.py:538} INFO - Filling up the DagBag from /home/dmk/anaconda3/lib/python3.9/site-packages/airflow/example_dags/example_sensor_decorator.py
[2022-12-31T21:06:53.005+0700] {logging_mixin.py:137} WARNING - /home/dmk/anaconda3/lib/python3.9/site-packages/airflow/models/dag.py:3492 RemovedInAirflow3Warning: Param `schedule_interval` is deprecated and will be removed in a future release. Please use `schedule` instead.
[2022-12-31T21:06:53.115+0700] {processor.py:753} INFO - DAG(s) dict_keys(['example_sensor_decorator']) retrieved from /home/dmk/anaconda3/lib/python3.9/site-packages/airflow/example_dags/example_sensor_decorator.py
[2022-12-31T21:06:53.138+0700] {logging_mixin.py:137} INFO - [2022-12-31T21:06:53.138+0700] {dag.py:2676} INFO - Sync 1 DAGs
[2022-12-31T21:06:53.155+0700] {logging_mixin.py:137} INFO - [2022-12-31T21:06:53.155+0700] {dag.py:3423} INFO - Setting next_dagrun for example_sensor_decorator to None, run_after=None
[2022-12-31T21:06:53.177+0700] {processor.py:175} INFO - Processing /home/dmk/anaconda3/lib/python3.9/site-packages/airflow/example_dags/example_sensor_decorator.py took 0.213 seconds
[2022-12-31T21:08:00.792+0700] {processor.py:153} INFO - Started process (PID=18772) to work on /home/dmk/anaconda3/lib/python3.9/site-packages/airflow/example_dags/example_sensor_decorator.py
[2022-12-31T21:08:00.796+0700] {processor.py:743} INFO - Processing file /home/dmk/anaconda3/lib/python3.9/site-packages/airflow/example_dags/example_sensor_decorator.py for tasks to queue
[2022-12-31T21:08:00.797+0700] {logging_mixin.py:137} INFO - [2022-12-31T21:08:00.796+0700] {dagbag.py:538} INFO - Filling up the DagBag from /home/dmk/anaconda3/lib/python3.9/site-packages/airflow/example_dags/example_sensor_decorator.py
[2022-12-31T21:08:00.914+0700] {logging_mixin.py:137} WARNING - /home/dmk/anaconda3/lib/python3.9/site-packages/airflow/models/dag.py:3492 RemovedInAirflow3Warning: Param `schedule_interval` is deprecated and will be removed in a future release. Please use `schedule` instead.
[2022-12-31T21:08:00.920+0700] {processor.py:753} INFO - DAG(s) dict_keys(['example_sensor_decorator']) retrieved from /home/dmk/anaconda3/lib/python3.9/site-packages/airflow/example_dags/example_sensor_decorator.py
[2022-12-31T21:08:00.940+0700] {logging_mixin.py:137} INFO - [2022-12-31T21:08:00.939+0700] {dag.py:2676} INFO - Sync 1 DAGs
[2022-12-31T21:08:00.956+0700] {logging_mixin.py:137} INFO - [2022-12-31T21:08:00.955+0700] {dag.py:3423} INFO - Setting next_dagrun for example_sensor_decorator to None, run_after=None
[2022-12-31T21:08:00.981+0700] {processor.py:175} INFO - Processing /home/dmk/anaconda3/lib/python3.9/site-packages/airflow/example_dags/example_sensor_decorator.py took 0.196 seconds
[2022-12-31T21:08:54.706+0700] {processor.py:153} INFO - Started process (PID=19182) to work on /home/dmk/anaconda3/lib/python3.9/site-packages/airflow/example_dags/example_sensor_decorator.py
[2022-12-31T21:08:54.712+0700] {processor.py:743} INFO - Processing file /home/dmk/anaconda3/lib/python3.9/site-packages/airflow/example_dags/example_sensor_decorator.py for tasks to queue
[2022-12-31T21:08:54.714+0700] {logging_mixin.py:137} INFO - [2022-12-31T21:08:54.713+0700] {dagbag.py:538} INFO - Filling up the DagBag from /home/dmk/anaconda3/lib/python3.9/site-packages/airflow/example_dags/example_sensor_decorator.py
[2022-12-31T21:08:54.743+0700] {logging_mixin.py:137} WARNING - /home/dmk/anaconda3/lib/python3.9/site-packages/airflow/models/dag.py:3492 RemovedInAirflow3Warning: Param `schedule_interval` is deprecated and will be removed in a future release. Please use `schedule` instead.
[2022-12-31T21:08:54.749+0700] {processor.py:753} INFO - DAG(s) dict_keys(['example_sensor_decorator']) retrieved from /home/dmk/anaconda3/lib/python3.9/site-packages/airflow/example_dags/example_sensor_decorator.py
[2022-12-31T21:08:54.774+0700] {logging_mixin.py:137} INFO - [2022-12-31T21:08:54.774+0700] {dag.py:2676} INFO - Sync 1 DAGs
[2022-12-31T21:08:54.790+0700] {logging_mixin.py:137} INFO - [2022-12-31T21:08:54.790+0700] {dag.py:3423} INFO - Setting next_dagrun for example_sensor_decorator to None, run_after=None
[2022-12-31T21:08:54.812+0700] {processor.py:175} INFO - Processing /home/dmk/anaconda3/lib/python3.9/site-packages/airflow/example_dags/example_sensor_decorator.py took 0.114 seconds
[2022-12-31T21:10:02.423+0700] {processor.py:153} INFO - Started process (PID=19865) to work on /home/dmk/anaconda3/lib/python3.9/site-packages/airflow/example_dags/example_sensor_decorator.py
[2022-12-31T21:10:02.427+0700] {processor.py:743} INFO - Processing file /home/dmk/anaconda3/lib/python3.9/site-packages/airflow/example_dags/example_sensor_decorator.py for tasks to queue
[2022-12-31T21:10:02.428+0700] {logging_mixin.py:137} INFO - [2022-12-31T21:10:02.428+0700] {dagbag.py:538} INFO - Filling up the DagBag from /home/dmk/anaconda3/lib/python3.9/site-packages/airflow/example_dags/example_sensor_decorator.py
[2022-12-31T21:10:02.449+0700] {logging_mixin.py:137} WARNING - /home/dmk/anaconda3/lib/python3.9/site-packages/airflow/models/dag.py:3492 RemovedInAirflow3Warning: Param `schedule_interval` is deprecated and will be removed in a future release. Please use `schedule` instead.
[2022-12-31T21:10:02.457+0700] {processor.py:753} INFO - DAG(s) dict_keys(['example_sensor_decorator']) retrieved from /home/dmk/anaconda3/lib/python3.9/site-packages/airflow/example_dags/example_sensor_decorator.py
[2022-12-31T21:10:02.482+0700] {logging_mixin.py:137} INFO - [2022-12-31T21:10:02.481+0700] {dag.py:2676} INFO - Sync 1 DAGs
[2022-12-31T21:10:02.498+0700] {logging_mixin.py:137} INFO - [2022-12-31T21:10:02.498+0700] {dag.py:3423} INFO - Setting next_dagrun for example_sensor_decorator to None, run_after=None
[2022-12-31T21:10:02.521+0700] {processor.py:175} INFO - Processing /home/dmk/anaconda3/lib/python3.9/site-packages/airflow/example_dags/example_sensor_decorator.py took 0.100 seconds
[2022-12-31T21:10:52.097+0700] {processor.py:153} INFO - Started process (PID=20137) to work on /home/dmk/anaconda3/lib/python3.9/site-packages/airflow/example_dags/example_sensor_decorator.py
[2022-12-31T21:10:52.100+0700] {processor.py:743} INFO - Processing file /home/dmk/anaconda3/lib/python3.9/site-packages/airflow/example_dags/example_sensor_decorator.py for tasks to queue
[2022-12-31T21:10:52.101+0700] {logging_mixin.py:137} INFO - [2022-12-31T21:10:52.100+0700] {dagbag.py:538} INFO - Filling up the DagBag from /home/dmk/anaconda3/lib/python3.9/site-packages/airflow/example_dags/example_sensor_decorator.py
[2022-12-31T21:10:52.133+0700] {logging_mixin.py:137} WARNING - /home/dmk/anaconda3/lib/python3.9/site-packages/airflow/models/dag.py:3492 RemovedInAirflow3Warning: Param `schedule_interval` is deprecated and will be removed in a future release. Please use `schedule` instead.
[2022-12-31T21:10:52.145+0700] {processor.py:753} INFO - DAG(s) dict_keys(['example_sensor_decorator']) retrieved from /home/dmk/anaconda3/lib/python3.9/site-packages/airflow/example_dags/example_sensor_decorator.py
[2022-12-31T21:10:52.180+0700] {logging_mixin.py:137} INFO - [2022-12-31T21:10:52.180+0700] {dag.py:2676} INFO - Sync 1 DAGs
[2022-12-31T21:10:52.206+0700] {logging_mixin.py:137} INFO - [2022-12-31T21:10:52.206+0700] {dag.py:3423} INFO - Setting next_dagrun for example_sensor_decorator to None, run_after=None
[2022-12-31T21:10:52.243+0700] {processor.py:175} INFO - Processing /home/dmk/anaconda3/lib/python3.9/site-packages/airflow/example_dags/example_sensor_decorator.py took 0.149 seconds
[2022-12-31T21:11:43.355+0700] {processor.py:153} INFO - Started process (PID=20269) to work on /home/dmk/anaconda3/lib/python3.9/site-packages/airflow/example_dags/example_sensor_decorator.py
[2022-12-31T21:11:43.359+0700] {processor.py:743} INFO - Processing file /home/dmk/anaconda3/lib/python3.9/site-packages/airflow/example_dags/example_sensor_decorator.py for tasks to queue
[2022-12-31T21:11:43.362+0700] {logging_mixin.py:137} INFO - [2022-12-31T21:11:43.361+0700] {dagbag.py:538} INFO - Filling up the DagBag from /home/dmk/anaconda3/lib/python3.9/site-packages/airflow/example_dags/example_sensor_decorator.py
[2022-12-31T21:11:43.425+0700] {logging_mixin.py:137} WARNING - /home/dmk/anaconda3/lib/python3.9/site-packages/airflow/models/dag.py:3492 RemovedInAirflow3Warning: Param `schedule_interval` is deprecated and will be removed in a future release. Please use `schedule` instead.
[2022-12-31T21:11:43.435+0700] {processor.py:753} INFO - DAG(s) dict_keys(['example_sensor_decorator']) retrieved from /home/dmk/anaconda3/lib/python3.9/site-packages/airflow/example_dags/example_sensor_decorator.py
[2022-12-31T21:11:43.465+0700] {logging_mixin.py:137} INFO - [2022-12-31T21:11:43.465+0700] {dag.py:2676} INFO - Sync 1 DAGs
[2022-12-31T21:11:43.489+0700] {logging_mixin.py:137} INFO - [2022-12-31T21:11:43.489+0700] {dag.py:3423} INFO - Setting next_dagrun for example_sensor_decorator to None, run_after=None
[2022-12-31T21:11:43.515+0700] {processor.py:175} INFO - Processing /home/dmk/anaconda3/lib/python3.9/site-packages/airflow/example_dags/example_sensor_decorator.py took 0.170 seconds
[2022-12-31T21:12:37.722+0700] {processor.py:153} INFO - Started process (PID=20454) to work on /home/dmk/anaconda3/lib/python3.9/site-packages/airflow/example_dags/example_sensor_decorator.py
[2022-12-31T21:12:37.727+0700] {processor.py:743} INFO - Processing file /home/dmk/anaconda3/lib/python3.9/site-packages/airflow/example_dags/example_sensor_decorator.py for tasks to queue
[2022-12-31T21:12:37.730+0700] {logging_mixin.py:137} INFO - [2022-12-31T21:12:37.729+0700] {dagbag.py:538} INFO - Filling up the DagBag from /home/dmk/anaconda3/lib/python3.9/site-packages/airflow/example_dags/example_sensor_decorator.py
[2022-12-31T21:12:37.756+0700] {logging_mixin.py:137} WARNING - /home/dmk/anaconda3/lib/python3.9/site-packages/airflow/models/dag.py:3492 RemovedInAirflow3Warning: Param `schedule_interval` is deprecated and will be removed in a future release. Please use `schedule` instead.
[2022-12-31T21:12:37.763+0700] {processor.py:753} INFO - DAG(s) dict_keys(['example_sensor_decorator']) retrieved from /home/dmk/anaconda3/lib/python3.9/site-packages/airflow/example_dags/example_sensor_decorator.py
[2022-12-31T21:12:37.788+0700] {logging_mixin.py:137} INFO - [2022-12-31T21:12:37.788+0700] {dag.py:2676} INFO - Sync 1 DAGs
[2022-12-31T21:12:37.804+0700] {logging_mixin.py:137} INFO - [2022-12-31T21:12:37.804+0700] {dag.py:3423} INFO - Setting next_dagrun for example_sensor_decorator to None, run_after=None
[2022-12-31T21:12:37.827+0700] {processor.py:175} INFO - Processing /home/dmk/anaconda3/lib/python3.9/site-packages/airflow/example_dags/example_sensor_decorator.py took 0.118 seconds
[2022-12-31T21:13:29.803+0700] {processor.py:153} INFO - Started process (PID=20667) to work on /home/dmk/anaconda3/lib/python3.9/site-packages/airflow/example_dags/example_sensor_decorator.py
[2022-12-31T21:13:29.807+0700] {processor.py:743} INFO - Processing file /home/dmk/anaconda3/lib/python3.9/site-packages/airflow/example_dags/example_sensor_decorator.py for tasks to queue
[2022-12-31T21:13:29.807+0700] {logging_mixin.py:137} INFO - [2022-12-31T21:13:29.807+0700] {dagbag.py:538} INFO - Filling up the DagBag from /home/dmk/anaconda3/lib/python3.9/site-packages/airflow/example_dags/example_sensor_decorator.py
[2022-12-31T21:13:29.828+0700] {logging_mixin.py:137} WARNING - /home/dmk/anaconda3/lib/python3.9/site-packages/airflow/models/dag.py:3492 RemovedInAirflow3Warning: Param `schedule_interval` is deprecated and will be removed in a future release. Please use `schedule` instead.
[2022-12-31T21:13:29.836+0700] {processor.py:753} INFO - DAG(s) dict_keys(['example_sensor_decorator']) retrieved from /home/dmk/anaconda3/lib/python3.9/site-packages/airflow/example_dags/example_sensor_decorator.py
[2022-12-31T21:13:29.863+0700] {logging_mixin.py:137} INFO - [2022-12-31T21:13:29.863+0700] {dag.py:2676} INFO - Sync 1 DAGs
[2022-12-31T21:13:29.887+0700] {logging_mixin.py:137} INFO - [2022-12-31T21:13:29.886+0700] {dag.py:3423} INFO - Setting next_dagrun for example_sensor_decorator to None, run_after=None
[2022-12-31T21:13:29.912+0700] {processor.py:175} INFO - Processing /home/dmk/anaconda3/lib/python3.9/site-packages/airflow/example_dags/example_sensor_decorator.py took 0.112 seconds
[2022-12-31T21:14:19.565+0700] {processor.py:153} INFO - Started process (PID=21249) to work on /home/dmk/anaconda3/lib/python3.9/site-packages/airflow/example_dags/example_sensor_decorator.py
[2022-12-31T21:14:19.568+0700] {processor.py:743} INFO - Processing file /home/dmk/anaconda3/lib/python3.9/site-packages/airflow/example_dags/example_sensor_decorator.py for tasks to queue
[2022-12-31T21:14:19.569+0700] {logging_mixin.py:137} INFO - [2022-12-31T21:14:19.569+0700] {dagbag.py:538} INFO - Filling up the DagBag from /home/dmk/anaconda3/lib/python3.9/site-packages/airflow/example_dags/example_sensor_decorator.py
[2022-12-31T21:14:19.590+0700] {logging_mixin.py:137} WARNING - /home/dmk/anaconda3/lib/python3.9/site-packages/airflow/models/dag.py:3492 RemovedInAirflow3Warning: Param `schedule_interval` is deprecated and will be removed in a future release. Please use `schedule` instead.
[2022-12-31T21:14:19.599+0700] {processor.py:753} INFO - DAG(s) dict_keys(['example_sensor_decorator']) retrieved from /home/dmk/anaconda3/lib/python3.9/site-packages/airflow/example_dags/example_sensor_decorator.py
[2022-12-31T21:14:19.625+0700] {logging_mixin.py:137} INFO - [2022-12-31T21:14:19.625+0700] {dag.py:2676} INFO - Sync 1 DAGs
[2022-12-31T21:14:19.646+0700] {logging_mixin.py:137} INFO - [2022-12-31T21:14:19.646+0700] {dag.py:3423} INFO - Setting next_dagrun for example_sensor_decorator to None, run_after=None
[2022-12-31T21:14:19.670+0700] {processor.py:175} INFO - Processing /home/dmk/anaconda3/lib/python3.9/site-packages/airflow/example_dags/example_sensor_decorator.py took 0.108 seconds
[2022-12-31T21:15:27.140+0700] {processor.py:153} INFO - Started process (PID=22101) to work on /home/dmk/anaconda3/lib/python3.9/site-packages/airflow/example_dags/example_sensor_decorator.py
[2022-12-31T21:15:27.145+0700] {processor.py:743} INFO - Processing file /home/dmk/anaconda3/lib/python3.9/site-packages/airflow/example_dags/example_sensor_decorator.py for tasks to queue
[2022-12-31T21:15:27.147+0700] {logging_mixin.py:137} INFO - [2022-12-31T21:15:27.147+0700] {dagbag.py:538} INFO - Filling up the DagBag from /home/dmk/anaconda3/lib/python3.9/site-packages/airflow/example_dags/example_sensor_decorator.py
[2022-12-31T21:15:27.189+0700] {logging_mixin.py:137} WARNING - /home/dmk/anaconda3/lib/python3.9/site-packages/airflow/models/dag.py:3492 RemovedInAirflow3Warning: Param `schedule_interval` is deprecated and will be removed in a future release. Please use `schedule` instead.
[2022-12-31T21:15:27.196+0700] {processor.py:753} INFO - DAG(s) dict_keys(['example_sensor_decorator']) retrieved from /home/dmk/anaconda3/lib/python3.9/site-packages/airflow/example_dags/example_sensor_decorator.py
[2022-12-31T21:15:27.220+0700] {logging_mixin.py:137} INFO - [2022-12-31T21:15:27.220+0700] {dag.py:2676} INFO - Sync 1 DAGs
[2022-12-31T21:15:27.239+0700] {logging_mixin.py:137} INFO - [2022-12-31T21:15:27.239+0700] {dag.py:3423} INFO - Setting next_dagrun for example_sensor_decorator to None, run_after=None
[2022-12-31T21:15:27.266+0700] {processor.py:175} INFO - Processing /home/dmk/anaconda3/lib/python3.9/site-packages/airflow/example_dags/example_sensor_decorator.py took 0.133 seconds
[2022-12-31T21:16:11.262+0700] {processor.py:153} INFO - Started process (PID=22677) to work on /home/dmk/anaconda3/lib/python3.9/site-packages/airflow/example_dags/example_sensor_decorator.py
[2022-12-31T21:16:11.264+0700] {processor.py:743} INFO - Processing file /home/dmk/anaconda3/lib/python3.9/site-packages/airflow/example_dags/example_sensor_decorator.py for tasks to queue
[2022-12-31T21:16:11.265+0700] {logging_mixin.py:137} INFO - [2022-12-31T21:16:11.265+0700] {dagbag.py:538} INFO - Filling up the DagBag from /home/dmk/anaconda3/lib/python3.9/site-packages/airflow/example_dags/example_sensor_decorator.py
[2022-12-31T21:16:11.285+0700] {logging_mixin.py:137} WARNING - /home/dmk/anaconda3/lib/python3.9/site-packages/airflow/models/dag.py:3492 RemovedInAirflow3Warning: Param `schedule_interval` is deprecated and will be removed in a future release. Please use `schedule` instead.
[2022-12-31T21:16:11.293+0700] {processor.py:753} INFO - DAG(s) dict_keys(['example_sensor_decorator']) retrieved from /home/dmk/anaconda3/lib/python3.9/site-packages/airflow/example_dags/example_sensor_decorator.py
[2022-12-31T21:16:11.320+0700] {logging_mixin.py:137} INFO - [2022-12-31T21:16:11.320+0700] {dag.py:2676} INFO - Sync 1 DAGs
[2022-12-31T21:16:11.338+0700] {logging_mixin.py:137} INFO - [2022-12-31T21:16:11.338+0700] {dag.py:3423} INFO - Setting next_dagrun for example_sensor_decorator to None, run_after=None
[2022-12-31T21:16:11.360+0700] {processor.py:175} INFO - Processing /home/dmk/anaconda3/lib/python3.9/site-packages/airflow/example_dags/example_sensor_decorator.py took 0.104 seconds
[2022-12-31T21:16:55.938+0700] {processor.py:153} INFO - Started process (PID=23486) to work on /home/dmk/anaconda3/lib/python3.9/site-packages/airflow/example_dags/example_sensor_decorator.py
[2022-12-31T21:16:55.943+0700] {processor.py:743} INFO - Processing file /home/dmk/anaconda3/lib/python3.9/site-packages/airflow/example_dags/example_sensor_decorator.py for tasks to queue
[2022-12-31T21:16:55.945+0700] {logging_mixin.py:137} INFO - [2022-12-31T21:16:55.945+0700] {dagbag.py:538} INFO - Filling up the DagBag from /home/dmk/anaconda3/lib/python3.9/site-packages/airflow/example_dags/example_sensor_decorator.py
[2022-12-31T21:16:56.027+0700] {logging_mixin.py:137} WARNING - /home/dmk/anaconda3/lib/python3.9/site-packages/airflow/models/dag.py:3492 RemovedInAirflow3Warning: Param `schedule_interval` is deprecated and will be removed in a future release. Please use `schedule` instead.
[2022-12-31T21:16:56.041+0700] {processor.py:753} INFO - DAG(s) dict_keys(['example_sensor_decorator']) retrieved from /home/dmk/anaconda3/lib/python3.9/site-packages/airflow/example_dags/example_sensor_decorator.py
[2022-12-31T21:16:56.086+0700] {logging_mixin.py:137} INFO - [2022-12-31T21:16:56.086+0700] {dag.py:2676} INFO - Sync 1 DAGs
[2022-12-31T21:16:56.119+0700] {logging_mixin.py:137} INFO - [2022-12-31T21:16:56.119+0700] {dag.py:3423} INFO - Setting next_dagrun for example_sensor_decorator to None, run_after=None
[2022-12-31T21:16:56.171+0700] {processor.py:175} INFO - Processing /home/dmk/anaconda3/lib/python3.9/site-packages/airflow/example_dags/example_sensor_decorator.py took 0.244 seconds
[2022-12-31T21:17:44.672+0700] {processor.py:153} INFO - Started process (PID=23638) to work on /home/dmk/anaconda3/lib/python3.9/site-packages/airflow/example_dags/example_sensor_decorator.py
[2022-12-31T21:17:44.674+0700] {processor.py:743} INFO - Processing file /home/dmk/anaconda3/lib/python3.9/site-packages/airflow/example_dags/example_sensor_decorator.py for tasks to queue
[2022-12-31T21:17:44.675+0700] {logging_mixin.py:137} INFO - [2022-12-31T21:17:44.675+0700] {dagbag.py:538} INFO - Filling up the DagBag from /home/dmk/anaconda3/lib/python3.9/site-packages/airflow/example_dags/example_sensor_decorator.py
[2022-12-31T21:17:44.695+0700] {logging_mixin.py:137} WARNING - /home/dmk/anaconda3/lib/python3.9/site-packages/airflow/models/dag.py:3492 RemovedInAirflow3Warning: Param `schedule_interval` is deprecated and will be removed in a future release. Please use `schedule` instead.
[2022-12-31T21:17:44.702+0700] {processor.py:753} INFO - DAG(s) dict_keys(['example_sensor_decorator']) retrieved from /home/dmk/anaconda3/lib/python3.9/site-packages/airflow/example_dags/example_sensor_decorator.py
[2022-12-31T21:17:44.729+0700] {logging_mixin.py:137} INFO - [2022-12-31T21:17:44.729+0700] {dag.py:2676} INFO - Sync 1 DAGs
[2022-12-31T21:17:44.748+0700] {logging_mixin.py:137} INFO - [2022-12-31T21:17:44.748+0700] {dag.py:3423} INFO - Setting next_dagrun for example_sensor_decorator to None, run_after=None
[2022-12-31T21:17:44.790+0700] {processor.py:175} INFO - Processing /home/dmk/anaconda3/lib/python3.9/site-packages/airflow/example_dags/example_sensor_decorator.py took 0.121 seconds
[2022-12-31T21:19:25.992+0700] {processor.py:153} INFO - Started process (PID=24132) to work on /home/dmk/anaconda3/lib/python3.9/site-packages/airflow/example_dags/example_sensor_decorator.py
[2022-12-31T21:19:25.998+0700] {processor.py:743} INFO - Processing file /home/dmk/anaconda3/lib/python3.9/site-packages/airflow/example_dags/example_sensor_decorator.py for tasks to queue
[2022-12-31T21:19:25.999+0700] {logging_mixin.py:137} INFO - [2022-12-31T21:19:25.999+0700] {dagbag.py:538} INFO - Filling up the DagBag from /home/dmk/anaconda3/lib/python3.9/site-packages/airflow/example_dags/example_sensor_decorator.py
[2022-12-31T21:19:26.032+0700] {logging_mixin.py:137} WARNING - /home/dmk/anaconda3/lib/python3.9/site-packages/airflow/models/dag.py:3492 RemovedInAirflow3Warning: Param `schedule_interval` is deprecated and will be removed in a future release. Please use `schedule` instead.
[2022-12-31T21:19:26.039+0700] {processor.py:753} INFO - DAG(s) dict_keys(['example_sensor_decorator']) retrieved from /home/dmk/anaconda3/lib/python3.9/site-packages/airflow/example_dags/example_sensor_decorator.py
[2022-12-31T21:19:26.062+0700] {logging_mixin.py:137} INFO - [2022-12-31T21:19:26.062+0700] {dag.py:2676} INFO - Sync 1 DAGs
[2022-12-31T21:19:26.171+0700] {logging_mixin.py:137} INFO - [2022-12-31T21:19:26.171+0700] {dag.py:3423} INFO - Setting next_dagrun for example_sensor_decorator to None, run_after=None
[2022-12-31T21:19:26.201+0700] {processor.py:175} INFO - Processing /home/dmk/anaconda3/lib/python3.9/site-packages/airflow/example_dags/example_sensor_decorator.py took 0.215 seconds
[2022-12-31T21:20:18.537+0700] {processor.py:153} INFO - Started process (PID=24426) to work on /home/dmk/anaconda3/lib/python3.9/site-packages/airflow/example_dags/example_sensor_decorator.py
[2022-12-31T21:20:18.543+0700] {processor.py:743} INFO - Processing file /home/dmk/anaconda3/lib/python3.9/site-packages/airflow/example_dags/example_sensor_decorator.py for tasks to queue
[2022-12-31T21:20:18.545+0700] {logging_mixin.py:137} INFO - [2022-12-31T21:20:18.545+0700] {dagbag.py:538} INFO - Filling up the DagBag from /home/dmk/anaconda3/lib/python3.9/site-packages/airflow/example_dags/example_sensor_decorator.py
[2022-12-31T21:20:18.577+0700] {logging_mixin.py:137} WARNING - /home/dmk/anaconda3/lib/python3.9/site-packages/airflow/models/dag.py:3492 RemovedInAirflow3Warning: Param `schedule_interval` is deprecated and will be removed in a future release. Please use `schedule` instead.
[2022-12-31T21:20:18.584+0700] {processor.py:753} INFO - DAG(s) dict_keys(['example_sensor_decorator']) retrieved from /home/dmk/anaconda3/lib/python3.9/site-packages/airflow/example_dags/example_sensor_decorator.py
[2022-12-31T21:20:18.702+0700] {logging_mixin.py:137} INFO - [2022-12-31T21:20:18.702+0700] {dag.py:2676} INFO - Sync 1 DAGs
[2022-12-31T21:20:18.719+0700] {logging_mixin.py:137} INFO - [2022-12-31T21:20:18.719+0700] {dag.py:3423} INFO - Setting next_dagrun for example_sensor_decorator to None, run_after=None
[2022-12-31T21:20:18.749+0700] {processor.py:175} INFO - Processing /home/dmk/anaconda3/lib/python3.9/site-packages/airflow/example_dags/example_sensor_decorator.py took 0.219 seconds
[2022-12-31T21:22:49.203+0700] {processor.py:153} INFO - Started process (PID=25342) to work on /home/dmk/anaconda3/lib/python3.9/site-packages/airflow/example_dags/example_sensor_decorator.py
[2022-12-31T21:22:49.207+0700] {processor.py:743} INFO - Processing file /home/dmk/anaconda3/lib/python3.9/site-packages/airflow/example_dags/example_sensor_decorator.py for tasks to queue
[2022-12-31T21:22:49.208+0700] {logging_mixin.py:137} INFO - [2022-12-31T21:22:49.207+0700] {dagbag.py:538} INFO - Filling up the DagBag from /home/dmk/anaconda3/lib/python3.9/site-packages/airflow/example_dags/example_sensor_decorator.py
[2022-12-31T21:22:49.229+0700] {logging_mixin.py:137} WARNING - /home/dmk/anaconda3/lib/python3.9/site-packages/airflow/models/dag.py:3492 RemovedInAirflow3Warning: Param `schedule_interval` is deprecated and will be removed in a future release. Please use `schedule` instead.
[2022-12-31T21:22:49.236+0700] {processor.py:753} INFO - DAG(s) dict_keys(['example_sensor_decorator']) retrieved from /home/dmk/anaconda3/lib/python3.9/site-packages/airflow/example_dags/example_sensor_decorator.py
[2022-12-31T21:22:49.263+0700] {logging_mixin.py:137} INFO - [2022-12-31T21:22:49.263+0700] {dag.py:2676} INFO - Sync 1 DAGs
[2022-12-31T21:22:49.372+0700] {logging_mixin.py:137} INFO - [2022-12-31T21:22:49.371+0700] {dag.py:3423} INFO - Setting next_dagrun for example_sensor_decorator to None, run_after=None
[2022-12-31T21:22:49.401+0700] {processor.py:175} INFO - Processing /home/dmk/anaconda3/lib/python3.9/site-packages/airflow/example_dags/example_sensor_decorator.py took 0.200 seconds
[2022-12-31T21:23:42.183+0700] {processor.py:153} INFO - Started process (PID=25450) to work on /home/dmk/anaconda3/lib/python3.9/site-packages/airflow/example_dags/example_sensor_decorator.py
[2022-12-31T21:23:42.187+0700] {processor.py:743} INFO - Processing file /home/dmk/anaconda3/lib/python3.9/site-packages/airflow/example_dags/example_sensor_decorator.py for tasks to queue
[2022-12-31T21:23:42.188+0700] {logging_mixin.py:137} INFO - [2022-12-31T21:23:42.188+0700] {dagbag.py:538} INFO - Filling up the DagBag from /home/dmk/anaconda3/lib/python3.9/site-packages/airflow/example_dags/example_sensor_decorator.py
[2022-12-31T21:23:42.217+0700] {logging_mixin.py:137} WARNING - /home/dmk/anaconda3/lib/python3.9/site-packages/airflow/models/dag.py:3492 RemovedInAirflow3Warning: Param `schedule_interval` is deprecated and will be removed in a future release. Please use `schedule` instead.
[2022-12-31T21:23:42.224+0700] {processor.py:753} INFO - DAG(s) dict_keys(['example_sensor_decorator']) retrieved from /home/dmk/anaconda3/lib/python3.9/site-packages/airflow/example_dags/example_sensor_decorator.py
[2022-12-31T21:23:42.343+0700] {logging_mixin.py:137} INFO - [2022-12-31T21:23:42.343+0700] {dag.py:2676} INFO - Sync 1 DAGs
[2022-12-31T21:23:42.360+0700] {logging_mixin.py:137} INFO - [2022-12-31T21:23:42.360+0700] {dag.py:3423} INFO - Setting next_dagrun for example_sensor_decorator to None, run_after=None
[2022-12-31T21:23:42.390+0700] {processor.py:175} INFO - Processing /home/dmk/anaconda3/lib/python3.9/site-packages/airflow/example_dags/example_sensor_decorator.py took 0.212 seconds
[2022-12-31T21:24:44.250+0700] {processor.py:153} INFO - Started process (PID=25686) to work on /home/dmk/anaconda3/lib/python3.9/site-packages/airflow/example_dags/example_sensor_decorator.py
[2022-12-31T21:24:44.252+0700] {processor.py:743} INFO - Processing file /home/dmk/anaconda3/lib/python3.9/site-packages/airflow/example_dags/example_sensor_decorator.py for tasks to queue
[2022-12-31T21:24:44.253+0700] {logging_mixin.py:137} INFO - [2022-12-31T21:24:44.253+0700] {dagbag.py:538} INFO - Filling up the DagBag from /home/dmk/anaconda3/lib/python3.9/site-packages/airflow/example_dags/example_sensor_decorator.py
[2022-12-31T21:24:44.273+0700] {logging_mixin.py:137} WARNING - /home/dmk/anaconda3/lib/python3.9/site-packages/airflow/models/dag.py:3492 RemovedInAirflow3Warning: Param `schedule_interval` is deprecated and will be removed in a future release. Please use `schedule` instead.
[2022-12-31T21:24:44.280+0700] {processor.py:753} INFO - DAG(s) dict_keys(['example_sensor_decorator']) retrieved from /home/dmk/anaconda3/lib/python3.9/site-packages/airflow/example_dags/example_sensor_decorator.py
[2022-12-31T21:24:44.420+0700] {logging_mixin.py:137} INFO - [2022-12-31T21:24:44.420+0700] {dag.py:2676} INFO - Sync 1 DAGs
[2022-12-31T21:24:44.446+0700] {logging_mixin.py:137} INFO - [2022-12-31T21:24:44.445+0700] {dag.py:3423} INFO - Setting next_dagrun for example_sensor_decorator to None, run_after=None
[2022-12-31T21:24:44.479+0700] {processor.py:175} INFO - Processing /home/dmk/anaconda3/lib/python3.9/site-packages/airflow/example_dags/example_sensor_decorator.py took 0.233 seconds
[2022-12-31T21:25:43.532+0700] {processor.py:153} INFO - Started process (PID=25871) to work on /home/dmk/anaconda3/lib/python3.9/site-packages/airflow/example_dags/example_sensor_decorator.py
[2022-12-31T21:25:43.534+0700] {processor.py:743} INFO - Processing file /home/dmk/anaconda3/lib/python3.9/site-packages/airflow/example_dags/example_sensor_decorator.py for tasks to queue
[2022-12-31T21:25:43.535+0700] {logging_mixin.py:137} INFO - [2022-12-31T21:25:43.535+0700] {dagbag.py:538} INFO - Filling up the DagBag from /home/dmk/anaconda3/lib/python3.9/site-packages/airflow/example_dags/example_sensor_decorator.py
[2022-12-31T21:25:43.564+0700] {logging_mixin.py:137} WARNING - /home/dmk/anaconda3/lib/python3.9/site-packages/airflow/models/dag.py:3492 RemovedInAirflow3Warning: Param `schedule_interval` is deprecated and will be removed in a future release. Please use `schedule` instead.
[2022-12-31T21:25:43.684+0700] {processor.py:753} INFO - DAG(s) dict_keys(['example_sensor_decorator']) retrieved from /home/dmk/anaconda3/lib/python3.9/site-packages/airflow/example_dags/example_sensor_decorator.py
[2022-12-31T21:25:43.718+0700] {logging_mixin.py:137} INFO - [2022-12-31T21:25:43.718+0700] {dag.py:2676} INFO - Sync 1 DAGs
[2022-12-31T21:25:43.740+0700] {logging_mixin.py:137} INFO - [2022-12-31T21:25:43.740+0700] {dag.py:3423} INFO - Setting next_dagrun for example_sensor_decorator to None, run_after=None
[2022-12-31T21:25:43.778+0700] {processor.py:175} INFO - Processing /home/dmk/anaconda3/lib/python3.9/site-packages/airflow/example_dags/example_sensor_decorator.py took 0.255 seconds
[2022-12-31T21:26:52.589+0700] {processor.py:153} INFO - Started process (PID=25995) to work on /home/dmk/anaconda3/lib/python3.9/site-packages/airflow/example_dags/example_sensor_decorator.py
[2022-12-31T21:26:52.594+0700] {processor.py:743} INFO - Processing file /home/dmk/anaconda3/lib/python3.9/site-packages/airflow/example_dags/example_sensor_decorator.py for tasks to queue
[2022-12-31T21:26:52.597+0700] {logging_mixin.py:137} INFO - [2022-12-31T21:26:52.596+0700] {dagbag.py:538} INFO - Filling up the DagBag from /home/dmk/anaconda3/lib/python3.9/site-packages/airflow/example_dags/example_sensor_decorator.py
[2022-12-31T21:26:52.772+0700] {logging_mixin.py:137} WARNING - /home/dmk/anaconda3/lib/python3.9/site-packages/airflow/models/dag.py:3492 RemovedInAirflow3Warning: Param `schedule_interval` is deprecated and will be removed in a future release. Please use `schedule` instead.
[2022-12-31T21:26:52.779+0700] {processor.py:753} INFO - DAG(s) dict_keys(['example_sensor_decorator']) retrieved from /home/dmk/anaconda3/lib/python3.9/site-packages/airflow/example_dags/example_sensor_decorator.py
[2022-12-31T21:26:52.805+0700] {logging_mixin.py:137} INFO - [2022-12-31T21:26:52.805+0700] {dag.py:2676} INFO - Sync 1 DAGs
[2022-12-31T21:26:52.824+0700] {logging_mixin.py:137} INFO - [2022-12-31T21:26:52.824+0700] {dag.py:3423} INFO - Setting next_dagrun for example_sensor_decorator to None, run_after=None
[2022-12-31T21:26:52.857+0700] {processor.py:175} INFO - Processing /home/dmk/anaconda3/lib/python3.9/site-packages/airflow/example_dags/example_sensor_decorator.py took 0.280 seconds
[2022-12-31T21:27:57.717+0700] {processor.py:153} INFO - Started process (PID=26118) to work on /home/dmk/anaconda3/lib/python3.9/site-packages/airflow/example_dags/example_sensor_decorator.py
[2022-12-31T21:27:57.722+0700] {processor.py:743} INFO - Processing file /home/dmk/anaconda3/lib/python3.9/site-packages/airflow/example_dags/example_sensor_decorator.py for tasks to queue
[2022-12-31T21:27:57.724+0700] {logging_mixin.py:137} INFO - [2022-12-31T21:27:57.724+0700] {dagbag.py:538} INFO - Filling up the DagBag from /home/dmk/anaconda3/lib/python3.9/site-packages/airflow/example_dags/example_sensor_decorator.py
[2022-12-31T21:27:57.784+0700] {logging_mixin.py:137} WARNING - /home/dmk/anaconda3/lib/python3.9/site-packages/airflow/models/dag.py:3492 RemovedInAirflow3Warning: Param `schedule_interval` is deprecated and will be removed in a future release. Please use `schedule` instead.
[2022-12-31T21:27:57.794+0700] {processor.py:753} INFO - DAG(s) dict_keys(['example_sensor_decorator']) retrieved from /home/dmk/anaconda3/lib/python3.9/site-packages/airflow/example_dags/example_sensor_decorator.py
[2022-12-31T21:27:57.823+0700] {logging_mixin.py:137} INFO - [2022-12-31T21:27:57.823+0700] {dag.py:2676} INFO - Sync 1 DAGs
[2022-12-31T21:27:57.843+0700] {logging_mixin.py:137} INFO - [2022-12-31T21:27:57.842+0700] {dag.py:3423} INFO - Setting next_dagrun for example_sensor_decorator to None, run_after=None
[2022-12-31T21:27:57.878+0700] {processor.py:175} INFO - Processing /home/dmk/anaconda3/lib/python3.9/site-packages/airflow/example_dags/example_sensor_decorator.py took 0.170 seconds
[2022-12-31T21:28:59.203+0700] {processor.py:153} INFO - Started process (PID=26243) to work on /home/dmk/anaconda3/lib/python3.9/site-packages/airflow/example_dags/example_sensor_decorator.py
[2022-12-31T21:28:59.207+0700] {processor.py:743} INFO - Processing file /home/dmk/anaconda3/lib/python3.9/site-packages/airflow/example_dags/example_sensor_decorator.py for tasks to queue
[2022-12-31T21:28:59.208+0700] {logging_mixin.py:137} INFO - [2022-12-31T21:28:59.208+0700] {dagbag.py:538} INFO - Filling up the DagBag from /home/dmk/anaconda3/lib/python3.9/site-packages/airflow/example_dags/example_sensor_decorator.py
[2022-12-31T21:28:59.242+0700] {logging_mixin.py:137} WARNING - /home/dmk/anaconda3/lib/python3.9/site-packages/airflow/models/dag.py:3492 RemovedInAirflow3Warning: Param `schedule_interval` is deprecated and will be removed in a future release. Please use `schedule` instead.
[2022-12-31T21:28:59.252+0700] {processor.py:753} INFO - DAG(s) dict_keys(['example_sensor_decorator']) retrieved from /home/dmk/anaconda3/lib/python3.9/site-packages/airflow/example_dags/example_sensor_decorator.py
[2022-12-31T21:28:59.280+0700] {logging_mixin.py:137} INFO - [2022-12-31T21:28:59.280+0700] {dag.py:2676} INFO - Sync 1 DAGs
[2022-12-31T21:28:59.303+0700] {logging_mixin.py:137} INFO - [2022-12-31T21:28:59.303+0700] {dag.py:3423} INFO - Setting next_dagrun for example_sensor_decorator to None, run_after=None
[2022-12-31T21:28:59.340+0700] {processor.py:175} INFO - Processing /home/dmk/anaconda3/lib/python3.9/site-packages/airflow/example_dags/example_sensor_decorator.py took 0.145 seconds
[2022-12-31T21:30:18.045+0700] {processor.py:153} INFO - Started process (PID=26436) to work on /home/dmk/anaconda3/lib/python3.9/site-packages/airflow/example_dags/example_sensor_decorator.py
[2022-12-31T21:30:18.052+0700] {processor.py:743} INFO - Processing file /home/dmk/anaconda3/lib/python3.9/site-packages/airflow/example_dags/example_sensor_decorator.py for tasks to queue
[2022-12-31T21:30:18.055+0700] {logging_mixin.py:137} INFO - [2022-12-31T21:30:18.055+0700] {dagbag.py:538} INFO - Filling up the DagBag from /home/dmk/anaconda3/lib/python3.9/site-packages/airflow/example_dags/example_sensor_decorator.py
[2022-12-31T21:30:18.119+0700] {logging_mixin.py:137} WARNING - /home/dmk/anaconda3/lib/python3.9/site-packages/airflow/models/dag.py:3492 RemovedInAirflow3Warning: Param `schedule_interval` is deprecated and will be removed in a future release. Please use `schedule` instead.
[2022-12-31T21:30:18.129+0700] {processor.py:753} INFO - DAG(s) dict_keys(['example_sensor_decorator']) retrieved from /home/dmk/anaconda3/lib/python3.9/site-packages/airflow/example_dags/example_sensor_decorator.py
[2022-12-31T21:30:18.159+0700] {logging_mixin.py:137} INFO - [2022-12-31T21:30:18.159+0700] {dag.py:2676} INFO - Sync 1 DAGs
[2022-12-31T21:30:18.181+0700] {logging_mixin.py:137} INFO - [2022-12-31T21:30:18.180+0700] {dag.py:3423} INFO - Setting next_dagrun for example_sensor_decorator to None, run_after=None
[2022-12-31T21:30:18.215+0700] {processor.py:175} INFO - Processing /home/dmk/anaconda3/lib/python3.9/site-packages/airflow/example_dags/example_sensor_decorator.py took 0.183 seconds
[2022-12-31T21:31:11.559+0700] {processor.py:153} INFO - Started process (PID=26535) to work on /home/dmk/anaconda3/lib/python3.9/site-packages/airflow/example_dags/example_sensor_decorator.py
[2022-12-31T21:31:11.563+0700] {processor.py:743} INFO - Processing file /home/dmk/anaconda3/lib/python3.9/site-packages/airflow/example_dags/example_sensor_decorator.py for tasks to queue
[2022-12-31T21:31:11.566+0700] {logging_mixin.py:137} INFO - [2022-12-31T21:31:11.565+0700] {dagbag.py:538} INFO - Filling up the DagBag from /home/dmk/anaconda3/lib/python3.9/site-packages/airflow/example_dags/example_sensor_decorator.py
[2022-12-31T21:31:11.636+0700] {logging_mixin.py:137} WARNING - /home/dmk/anaconda3/lib/python3.9/site-packages/airflow/models/dag.py:3492 RemovedInAirflow3Warning: Param `schedule_interval` is deprecated and will be removed in a future release. Please use `schedule` instead.
[2022-12-31T21:31:11.646+0700] {processor.py:753} INFO - DAG(s) dict_keys(['example_sensor_decorator']) retrieved from /home/dmk/anaconda3/lib/python3.9/site-packages/airflow/example_dags/example_sensor_decorator.py
[2022-12-31T21:31:11.679+0700] {logging_mixin.py:137} INFO - [2022-12-31T21:31:11.679+0700] {dag.py:2676} INFO - Sync 1 DAGs
[2022-12-31T21:31:11.701+0700] {logging_mixin.py:137} INFO - [2022-12-31T21:31:11.701+0700] {dag.py:3423} INFO - Setting next_dagrun for example_sensor_decorator to None, run_after=None
[2022-12-31T21:31:11.749+0700] {processor.py:175} INFO - Processing /home/dmk/anaconda3/lib/python3.9/site-packages/airflow/example_dags/example_sensor_decorator.py took 0.202 seconds
[2022-12-31T21:32:00.646+0700] {processor.py:153} INFO - Started process (PID=26621) to work on /home/dmk/anaconda3/lib/python3.9/site-packages/airflow/example_dags/example_sensor_decorator.py
[2022-12-31T21:32:00.650+0700] {processor.py:743} INFO - Processing file /home/dmk/anaconda3/lib/python3.9/site-packages/airflow/example_dags/example_sensor_decorator.py for tasks to queue
[2022-12-31T21:32:00.650+0700] {logging_mixin.py:137} INFO - [2022-12-31T21:32:00.650+0700] {dagbag.py:538} INFO - Filling up the DagBag from /home/dmk/anaconda3/lib/python3.9/site-packages/airflow/example_dags/example_sensor_decorator.py
[2022-12-31T21:32:00.674+0700] {logging_mixin.py:137} WARNING - /home/dmk/anaconda3/lib/python3.9/site-packages/airflow/models/dag.py:3492 RemovedInAirflow3Warning: Param `schedule_interval` is deprecated and will be removed in a future release. Please use `schedule` instead.
[2022-12-31T21:32:00.681+0700] {processor.py:753} INFO - DAG(s) dict_keys(['example_sensor_decorator']) retrieved from /home/dmk/anaconda3/lib/python3.9/site-packages/airflow/example_dags/example_sensor_decorator.py
[2022-12-31T21:32:00.712+0700] {logging_mixin.py:137} INFO - [2022-12-31T21:32:00.712+0700] {dag.py:2676} INFO - Sync 1 DAGs
[2022-12-31T21:32:00.732+0700] {logging_mixin.py:137} INFO - [2022-12-31T21:32:00.732+0700] {dag.py:3423} INFO - Setting next_dagrun for example_sensor_decorator to None, run_after=None
[2022-12-31T21:32:00.766+0700] {processor.py:175} INFO - Processing /home/dmk/anaconda3/lib/python3.9/site-packages/airflow/example_dags/example_sensor_decorator.py took 0.123 seconds
[2022-12-31T21:33:21.002+0700] {processor.py:153} INFO - Started process (PID=26785) to work on /home/dmk/anaconda3/lib/python3.9/site-packages/airflow/example_dags/example_sensor_decorator.py
[2022-12-31T21:33:21.008+0700] {processor.py:743} INFO - Processing file /home/dmk/anaconda3/lib/python3.9/site-packages/airflow/example_dags/example_sensor_decorator.py for tasks to queue
[2022-12-31T21:33:21.013+0700] {logging_mixin.py:137} INFO - [2022-12-31T21:33:21.011+0700] {dagbag.py:538} INFO - Filling up the DagBag from /home/dmk/anaconda3/lib/python3.9/site-packages/airflow/example_dags/example_sensor_decorator.py
[2022-12-31T21:33:21.081+0700] {logging_mixin.py:137} WARNING - /home/dmk/anaconda3/lib/python3.9/site-packages/airflow/models/dag.py:3492 RemovedInAirflow3Warning: Param `schedule_interval` is deprecated and will be removed in a future release. Please use `schedule` instead.
[2022-12-31T21:33:21.090+0700] {processor.py:753} INFO - DAG(s) dict_keys(['example_sensor_decorator']) retrieved from /home/dmk/anaconda3/lib/python3.9/site-packages/airflow/example_dags/example_sensor_decorator.py
[2022-12-31T21:33:21.120+0700] {logging_mixin.py:137} INFO - [2022-12-31T21:33:21.120+0700] {dag.py:2676} INFO - Sync 1 DAGs
[2022-12-31T21:33:21.141+0700] {logging_mixin.py:137} INFO - [2022-12-31T21:33:21.140+0700] {dag.py:3423} INFO - Setting next_dagrun for example_sensor_decorator to None, run_after=None
[2022-12-31T21:33:21.200+0700] {processor.py:175} INFO - Processing /home/dmk/anaconda3/lib/python3.9/site-packages/airflow/example_dags/example_sensor_decorator.py took 0.212 seconds
[2022-12-31T21:34:08.922+0700] {processor.py:153} INFO - Started process (PID=27267) to work on /home/dmk/anaconda3/lib/python3.9/site-packages/airflow/example_dags/example_sensor_decorator.py
[2022-12-31T21:34:08.923+0700] {processor.py:743} INFO - Processing file /home/dmk/anaconda3/lib/python3.9/site-packages/airflow/example_dags/example_sensor_decorator.py for tasks to queue
[2022-12-31T21:34:08.924+0700] {logging_mixin.py:137} INFO - [2022-12-31T21:34:08.924+0700] {dagbag.py:538} INFO - Filling up the DagBag from /home/dmk/anaconda3/lib/python3.9/site-packages/airflow/example_dags/example_sensor_decorator.py
[2022-12-31T21:34:08.945+0700] {logging_mixin.py:137} WARNING - /home/dmk/anaconda3/lib/python3.9/site-packages/airflow/models/dag.py:3492 RemovedInAirflow3Warning: Param `schedule_interval` is deprecated and will be removed in a future release. Please use `schedule` instead.
[2022-12-31T21:34:08.953+0700] {processor.py:753} INFO - DAG(s) dict_keys(['example_sensor_decorator']) retrieved from /home/dmk/anaconda3/lib/python3.9/site-packages/airflow/example_dags/example_sensor_decorator.py
[2022-12-31T21:34:08.971+0700] {logging_mixin.py:137} INFO - [2022-12-31T21:34:08.971+0700] {dag.py:2676} INFO - Sync 1 DAGs
[2022-12-31T21:34:08.991+0700] {logging_mixin.py:137} INFO - [2022-12-31T21:34:08.991+0700] {dag.py:3423} INFO - Setting next_dagrun for example_sensor_decorator to None, run_after=None
[2022-12-31T21:34:09.026+0700] {processor.py:175} INFO - Processing /home/dmk/anaconda3/lib/python3.9/site-packages/airflow/example_dags/example_sensor_decorator.py took 0.106 seconds
[2022-12-31T21:34:56.799+0700] {processor.py:153} INFO - Started process (PID=27687) to work on /home/dmk/anaconda3/lib/python3.9/site-packages/airflow/example_dags/example_sensor_decorator.py
[2022-12-31T21:34:56.801+0700] {processor.py:743} INFO - Processing file /home/dmk/anaconda3/lib/python3.9/site-packages/airflow/example_dags/example_sensor_decorator.py for tasks to queue
[2022-12-31T21:34:56.803+0700] {logging_mixin.py:137} INFO - [2022-12-31T21:34:56.803+0700] {dagbag.py:538} INFO - Filling up the DagBag from /home/dmk/anaconda3/lib/python3.9/site-packages/airflow/example_dags/example_sensor_decorator.py
[2022-12-31T21:34:56.841+0700] {logging_mixin.py:137} WARNING - /home/dmk/anaconda3/lib/python3.9/site-packages/airflow/models/dag.py:3492 RemovedInAirflow3Warning: Param `schedule_interval` is deprecated and will be removed in a future release. Please use `schedule` instead.
[2022-12-31T21:34:56.848+0700] {processor.py:753} INFO - DAG(s) dict_keys(['example_sensor_decorator']) retrieved from /home/dmk/anaconda3/lib/python3.9/site-packages/airflow/example_dags/example_sensor_decorator.py
[2022-12-31T21:34:56.871+0700] {logging_mixin.py:137} INFO - [2022-12-31T21:34:56.871+0700] {dag.py:2676} INFO - Sync 1 DAGs
[2022-12-31T21:34:56.982+0700] {logging_mixin.py:137} INFO - [2022-12-31T21:34:56.982+0700] {dag.py:3423} INFO - Setting next_dagrun for example_sensor_decorator to None, run_after=None
[2022-12-31T21:34:57.019+0700] {processor.py:175} INFO - Processing /home/dmk/anaconda3/lib/python3.9/site-packages/airflow/example_dags/example_sensor_decorator.py took 0.223 seconds
[2022-12-31T21:35:59.355+0700] {processor.py:153} INFO - Started process (PID=27940) to work on /home/dmk/anaconda3/lib/python3.9/site-packages/airflow/example_dags/example_sensor_decorator.py
[2022-12-31T21:35:59.360+0700] {processor.py:743} INFO - Processing file /home/dmk/anaconda3/lib/python3.9/site-packages/airflow/example_dags/example_sensor_decorator.py for tasks to queue
[2022-12-31T21:35:59.361+0700] {logging_mixin.py:137} INFO - [2022-12-31T21:35:59.361+0700] {dagbag.py:538} INFO - Filling up the DagBag from /home/dmk/anaconda3/lib/python3.9/site-packages/airflow/example_dags/example_sensor_decorator.py
[2022-12-31T21:35:59.386+0700] {logging_mixin.py:137} WARNING - /home/dmk/anaconda3/lib/python3.9/site-packages/airflow/models/dag.py:3492 RemovedInAirflow3Warning: Param `schedule_interval` is deprecated and will be removed in a future release. Please use `schedule` instead.
[2022-12-31T21:35:59.394+0700] {processor.py:753} INFO - DAG(s) dict_keys(['example_sensor_decorator']) retrieved from /home/dmk/anaconda3/lib/python3.9/site-packages/airflow/example_dags/example_sensor_decorator.py
[2022-12-31T21:35:59.565+0700] {logging_mixin.py:137} INFO - [2022-12-31T21:35:59.564+0700] {dag.py:2676} INFO - Sync 1 DAGs
[2022-12-31T21:35:59.585+0700] {logging_mixin.py:137} INFO - [2022-12-31T21:35:59.585+0700] {dag.py:3423} INFO - Setting next_dagrun for example_sensor_decorator to None, run_after=None
[2022-12-31T21:35:59.635+0700] {processor.py:175} INFO - Processing /home/dmk/anaconda3/lib/python3.9/site-packages/airflow/example_dags/example_sensor_decorator.py took 0.285 seconds
[2022-12-31T21:38:32.968+0700] {processor.py:153} INFO - Started process (PID=28906) to work on /home/dmk/anaconda3/lib/python3.9/site-packages/airflow/example_dags/example_sensor_decorator.py
[2022-12-31T21:38:32.973+0700] {processor.py:743} INFO - Processing file /home/dmk/anaconda3/lib/python3.9/site-packages/airflow/example_dags/example_sensor_decorator.py for tasks to queue
[2022-12-31T21:38:32.975+0700] {logging_mixin.py:137} INFO - [2022-12-31T21:38:32.975+0700] {dagbag.py:538} INFO - Filling up the DagBag from /home/dmk/anaconda3/lib/python3.9/site-packages/airflow/example_dags/example_sensor_decorator.py
[2022-12-31T21:38:33.003+0700] {logging_mixin.py:137} WARNING - /home/dmk/anaconda3/lib/python3.9/site-packages/airflow/models/dag.py:3492 RemovedInAirflow3Warning: Param `schedule_interval` is deprecated and will be removed in a future release. Please use `schedule` instead.
[2022-12-31T21:38:33.010+0700] {processor.py:753} INFO - DAG(s) dict_keys(['example_sensor_decorator']) retrieved from /home/dmk/anaconda3/lib/python3.9/site-packages/airflow/example_dags/example_sensor_decorator.py
[2022-12-31T21:38:33.221+0700] {logging_mixin.py:137} INFO - [2022-12-31T21:38:33.221+0700] {manager.py:504} INFO - Created Permission View: can delete on DAG:example_sensor_decorator
[2022-12-31T21:38:33.242+0700] {logging_mixin.py:137} INFO - [2022-12-31T21:38:33.242+0700] {manager.py:504} INFO - Created Permission View: can read on DAG:example_sensor_decorator
[2022-12-31T21:38:33.260+0700] {logging_mixin.py:137} INFO - [2022-12-31T21:38:33.259+0700] {manager.py:504} INFO - Created Permission View: can edit on DAG:example_sensor_decorator
[2022-12-31T21:38:33.260+0700] {logging_mixin.py:137} INFO - [2022-12-31T21:38:33.260+0700] {dag.py:2676} INFO - Sync 1 DAGs
[2022-12-31T21:38:33.271+0700] {logging_mixin.py:137} INFO - [2022-12-31T21:38:33.270+0700] {dag.py:2697} INFO - Creating ORM DAG for example_sensor_decorator
[2022-12-31T21:38:33.278+0700] {logging_mixin.py:137} INFO - [2022-12-31T21:38:33.278+0700] {dag.py:3423} INFO - Setting next_dagrun for example_sensor_decorator to None, run_after=None
[2022-12-31T21:38:33.321+0700] {processor.py:175} INFO - Processing /home/dmk/anaconda3/lib/python3.9/site-packages/airflow/example_dags/example_sensor_decorator.py took 0.361 seconds
[2022-12-31T21:39:26.601+0700] {processor.py:153} INFO - Started process (PID=29129) to work on /home/dmk/anaconda3/lib/python3.9/site-packages/airflow/example_dags/example_sensor_decorator.py
[2022-12-31T21:39:26.605+0700] {processor.py:743} INFO - Processing file /home/dmk/anaconda3/lib/python3.9/site-packages/airflow/example_dags/example_sensor_decorator.py for tasks to queue
[2022-12-31T21:39:26.607+0700] {logging_mixin.py:137} INFO - [2022-12-31T21:39:26.606+0700] {dagbag.py:538} INFO - Filling up the DagBag from /home/dmk/anaconda3/lib/python3.9/site-packages/airflow/example_dags/example_sensor_decorator.py
[2022-12-31T21:39:26.637+0700] {logging_mixin.py:137} WARNING - /home/dmk/anaconda3/lib/python3.9/site-packages/airflow/models/dag.py:3492 RemovedInAirflow3Warning: Param `schedule_interval` is deprecated and will be removed in a future release. Please use `schedule` instead.
[2022-12-31T21:39:26.643+0700] {processor.py:753} INFO - DAG(s) dict_keys(['example_sensor_decorator']) retrieved from /home/dmk/anaconda3/lib/python3.9/site-packages/airflow/example_dags/example_sensor_decorator.py
[2022-12-31T21:39:26.760+0700] {logging_mixin.py:137} INFO - [2022-12-31T21:39:26.760+0700] {dag.py:2676} INFO - Sync 1 DAGs
[2022-12-31T21:39:26.777+0700] {logging_mixin.py:137} INFO - [2022-12-31T21:39:26.777+0700] {dag.py:3423} INFO - Setting next_dagrun for example_sensor_decorator to None, run_after=None
[2022-12-31T21:39:26.809+0700] {processor.py:175} INFO - Processing /home/dmk/anaconda3/lib/python3.9/site-packages/airflow/example_dags/example_sensor_decorator.py took 0.216 seconds
[2022-12-31T21:40:36.483+0700] {processor.py:153} INFO - Started process (PID=29458) to work on /home/dmk/anaconda3/lib/python3.9/site-packages/airflow/example_dags/example_sensor_decorator.py
[2022-12-31T21:40:36.487+0700] {processor.py:743} INFO - Processing file /home/dmk/anaconda3/lib/python3.9/site-packages/airflow/example_dags/example_sensor_decorator.py for tasks to queue
[2022-12-31T21:40:36.488+0700] {logging_mixin.py:137} INFO - [2022-12-31T21:40:36.488+0700] {dagbag.py:538} INFO - Filling up the DagBag from /home/dmk/anaconda3/lib/python3.9/site-packages/airflow/example_dags/example_sensor_decorator.py
[2022-12-31T21:40:36.516+0700] {logging_mixin.py:137} WARNING - /home/dmk/anaconda3/lib/python3.9/site-packages/airflow/models/dag.py:3492 RemovedInAirflow3Warning: Param `schedule_interval` is deprecated and will be removed in a future release. Please use `schedule` instead.
[2022-12-31T21:40:36.526+0700] {processor.py:753} INFO - DAG(s) dict_keys(['example_sensor_decorator']) retrieved from /home/dmk/anaconda3/lib/python3.9/site-packages/airflow/example_dags/example_sensor_decorator.py
[2022-12-31T21:40:36.668+0700] {logging_mixin.py:137} INFO - [2022-12-31T21:40:36.668+0700] {dag.py:2676} INFO - Sync 1 DAGs
[2022-12-31T21:40:36.685+0700] {logging_mixin.py:137} INFO - [2022-12-31T21:40:36.685+0700] {dag.py:3423} INFO - Setting next_dagrun for example_sensor_decorator to None, run_after=None
[2022-12-31T21:40:36.714+0700] {processor.py:175} INFO - Processing /home/dmk/anaconda3/lib/python3.9/site-packages/airflow/example_dags/example_sensor_decorator.py took 0.234 seconds
[2022-12-31T21:41:43.596+0700] {processor.py:153} INFO - Started process (PID=29566) to work on /home/dmk/anaconda3/lib/python3.9/site-packages/airflow/example_dags/example_sensor_decorator.py
[2022-12-31T21:41:43.601+0700] {processor.py:743} INFO - Processing file /home/dmk/anaconda3/lib/python3.9/site-packages/airflow/example_dags/example_sensor_decorator.py for tasks to queue
[2022-12-31T21:41:43.603+0700] {logging_mixin.py:137} INFO - [2022-12-31T21:41:43.602+0700] {dagbag.py:538} INFO - Filling up the DagBag from /home/dmk/anaconda3/lib/python3.9/site-packages/airflow/example_dags/example_sensor_decorator.py
[2022-12-31T21:41:43.629+0700] {logging_mixin.py:137} WARNING - /home/dmk/anaconda3/lib/python3.9/site-packages/airflow/models/dag.py:3492 RemovedInAirflow3Warning: Param `schedule_interval` is deprecated and will be removed in a future release. Please use `schedule` instead.
[2022-12-31T21:41:43.733+0700] {processor.py:753} INFO - DAG(s) dict_keys(['example_sensor_decorator']) retrieved from /home/dmk/anaconda3/lib/python3.9/site-packages/airflow/example_dags/example_sensor_decorator.py
[2022-12-31T21:41:43.756+0700] {logging_mixin.py:137} INFO - [2022-12-31T21:41:43.756+0700] {dag.py:2676} INFO - Sync 1 DAGs
[2022-12-31T21:41:43.773+0700] {logging_mixin.py:137} INFO - [2022-12-31T21:41:43.773+0700] {dag.py:3423} INFO - Setting next_dagrun for example_sensor_decorator to None, run_after=None
[2022-12-31T21:41:43.804+0700] {processor.py:175} INFO - Processing /home/dmk/anaconda3/lib/python3.9/site-packages/airflow/example_dags/example_sensor_decorator.py took 0.216 seconds
[2022-12-31T21:42:29.937+0700] {processor.py:153} INFO - Started process (PID=29824) to work on /home/dmk/anaconda3/lib/python3.9/site-packages/airflow/example_dags/example_sensor_decorator.py
[2022-12-31T21:42:29.941+0700] {processor.py:743} INFO - Processing file /home/dmk/anaconda3/lib/python3.9/site-packages/airflow/example_dags/example_sensor_decorator.py for tasks to queue
[2022-12-31T21:42:29.942+0700] {logging_mixin.py:137} INFO - [2022-12-31T21:42:29.941+0700] {dagbag.py:538} INFO - Filling up the DagBag from /home/dmk/anaconda3/lib/python3.9/site-packages/airflow/example_dags/example_sensor_decorator.py
[2022-12-31T21:42:29.962+0700] {logging_mixin.py:137} WARNING - /home/dmk/anaconda3/lib/python3.9/site-packages/airflow/models/dag.py:3492 RemovedInAirflow3Warning: Param `schedule_interval` is deprecated and will be removed in a future release. Please use `schedule` instead.
[2022-12-31T21:42:29.970+0700] {processor.py:753} INFO - DAG(s) dict_keys(['example_sensor_decorator']) retrieved from /home/dmk/anaconda3/lib/python3.9/site-packages/airflow/example_dags/example_sensor_decorator.py
[2022-12-31T21:42:29.999+0700] {logging_mixin.py:137} INFO - [2022-12-31T21:42:29.999+0700] {dag.py:2676} INFO - Sync 1 DAGs
[2022-12-31T21:42:30.130+0700] {logging_mixin.py:137} INFO - [2022-12-31T21:42:30.130+0700] {dag.py:3423} INFO - Setting next_dagrun for example_sensor_decorator to None, run_after=None
[2022-12-31T21:42:30.163+0700] {processor.py:175} INFO - Processing /home/dmk/anaconda3/lib/python3.9/site-packages/airflow/example_dags/example_sensor_decorator.py took 0.230 seconds
[2022-12-31T21:43:27.584+0700] {processor.py:153} INFO - Started process (PID=30164) to work on /home/dmk/anaconda3/lib/python3.9/site-packages/airflow/example_dags/example_sensor_decorator.py
[2022-12-31T21:43:27.595+0700] {processor.py:743} INFO - Processing file /home/dmk/anaconda3/lib/python3.9/site-packages/airflow/example_dags/example_sensor_decorator.py for tasks to queue
[2022-12-31T21:43:27.597+0700] {logging_mixin.py:137} INFO - [2022-12-31T21:43:27.597+0700] {dagbag.py:538} INFO - Filling up the DagBag from /home/dmk/anaconda3/lib/python3.9/site-packages/airflow/example_dags/example_sensor_decorator.py
[2022-12-31T21:43:27.643+0700] {logging_mixin.py:137} WARNING - /home/dmk/anaconda3/lib/python3.9/site-packages/airflow/models/dag.py:3492 RemovedInAirflow3Warning: Param `schedule_interval` is deprecated and will be removed in a future release. Please use `schedule` instead.
[2022-12-31T21:43:27.661+0700] {processor.py:753} INFO - DAG(s) dict_keys(['example_sensor_decorator']) retrieved from /home/dmk/anaconda3/lib/python3.9/site-packages/airflow/example_dags/example_sensor_decorator.py
[2022-12-31T21:43:27.981+0700] {logging_mixin.py:137} INFO - [2022-12-31T21:43:27.981+0700] {dag.py:2676} INFO - Sync 1 DAGs
[2022-12-31T21:43:28.012+0700] {logging_mixin.py:137} INFO - [2022-12-31T21:43:28.012+0700] {dag.py:3423} INFO - Setting next_dagrun for example_sensor_decorator to None, run_after=None
[2022-12-31T21:43:28.107+0700] {processor.py:175} INFO - Processing /home/dmk/anaconda3/lib/python3.9/site-packages/airflow/example_dags/example_sensor_decorator.py took 0.527 seconds
[2022-12-31T22:23:27.393+0700] {processor.py:153} INFO - Started process (PID=47672) to work on /home/dmk/anaconda3/lib/python3.9/site-packages/airflow/example_dags/example_sensor_decorator.py
[2022-12-31T22:23:27.395+0700] {processor.py:743} INFO - Processing file /home/dmk/anaconda3/lib/python3.9/site-packages/airflow/example_dags/example_sensor_decorator.py for tasks to queue
[2022-12-31T22:23:27.396+0700] {logging_mixin.py:137} INFO - [2022-12-31T22:23:27.396+0700] {dagbag.py:538} INFO - Filling up the DagBag from /home/dmk/anaconda3/lib/python3.9/site-packages/airflow/example_dags/example_sensor_decorator.py
[2022-12-31T22:23:27.422+0700] {logging_mixin.py:137} WARNING - /home/dmk/anaconda3/lib/python3.9/site-packages/airflow/models/dag.py:3492 RemovedInAirflow3Warning: Param `schedule_interval` is deprecated and will be removed in a future release. Please use `schedule` instead.
[2022-12-31T22:23:27.430+0700] {processor.py:753} INFO - DAG(s) dict_keys(['example_sensor_decorator']) retrieved from /home/dmk/anaconda3/lib/python3.9/site-packages/airflow/example_dags/example_sensor_decorator.py
[2022-12-31T22:23:27.465+0700] {logging_mixin.py:137} INFO - [2022-12-31T22:23:27.464+0700] {dag.py:2676} INFO - Sync 1 DAGs
[2022-12-31T22:23:27.605+0700] {logging_mixin.py:137} INFO - [2022-12-31T22:23:27.605+0700] {dag.py:3423} INFO - Setting next_dagrun for example_sensor_decorator to None, run_after=None
[2022-12-31T22:23:27.675+0700] {processor.py:175} INFO - Processing /home/dmk/anaconda3/lib/python3.9/site-packages/airflow/example_dags/example_sensor_decorator.py took 0.285 seconds
[2022-12-31T22:24:34.926+0700] {processor.py:153} INFO - Started process (PID=48299) to work on /home/dmk/anaconda3/lib/python3.9/site-packages/airflow/example_dags/example_sensor_decorator.py
[2022-12-31T22:24:34.935+0700] {processor.py:743} INFO - Processing file /home/dmk/anaconda3/lib/python3.9/site-packages/airflow/example_dags/example_sensor_decorator.py for tasks to queue
[2022-12-31T22:24:34.936+0700] {logging_mixin.py:137} INFO - [2022-12-31T22:24:34.936+0700] {dagbag.py:538} INFO - Filling up the DagBag from /home/dmk/anaconda3/lib/python3.9/site-packages/airflow/example_dags/example_sensor_decorator.py
[2022-12-31T22:24:35.028+0700] {logging_mixin.py:137} WARNING - /home/dmk/anaconda3/lib/python3.9/site-packages/airflow/models/dag.py:3492 RemovedInAirflow3Warning: Param `schedule_interval` is deprecated and will be removed in a future release. Please use `schedule` instead.
[2022-12-31T22:24:35.063+0700] {processor.py:753} INFO - DAG(s) dict_keys(['example_sensor_decorator']) retrieved from /home/dmk/anaconda3/lib/python3.9/site-packages/airflow/example_dags/example_sensor_decorator.py
[2022-12-31T22:24:35.430+0700] {logging_mixin.py:137} INFO - [2022-12-31T22:24:35.429+0700] {dag.py:2676} INFO - Sync 1 DAGs
[2022-12-31T22:24:35.463+0700] {logging_mixin.py:137} INFO - [2022-12-31T22:24:35.463+0700] {dag.py:3423} INFO - Setting next_dagrun for example_sensor_decorator to None, run_after=None
[2022-12-31T22:24:35.496+0700] {processor.py:175} INFO - Processing /home/dmk/anaconda3/lib/python3.9/site-packages/airflow/example_dags/example_sensor_decorator.py took 0.585 seconds
[2022-12-31T22:25:34.767+0700] {processor.py:153} INFO - Started process (PID=48913) to work on /home/dmk/anaconda3/envs/airflow/lib/python3.7/site-packages/airflow/example_dags/example_sensor_decorator.py
[2022-12-31T22:25:34.772+0700] {processor.py:743} INFO - Processing file /home/dmk/anaconda3/envs/airflow/lib/python3.7/site-packages/airflow/example_dags/example_sensor_decorator.py for tasks to queue
[2022-12-31T22:25:34.773+0700] {logging_mixin.py:137} INFO - [2022-12-31T22:25:34.773+0700] {dagbag.py:538} INFO - Filling up the DagBag from /home/dmk/anaconda3/envs/airflow/lib/python3.7/site-packages/airflow/example_dags/example_sensor_decorator.py
[2022-12-31T22:25:34.807+0700] {logging_mixin.py:137} WARNING - /home/dmk/anaconda3/envs/airflow/lib/python3.7/site-packages/airflow/models/dag.py:3524 RemovedInAirflow3Warning: Param `schedule_interval` is deprecated and will be removed in a future release. Please use `schedule` instead.
[2022-12-31T22:25:34.817+0700] {processor.py:753} INFO - DAG(s) dict_keys(['example_sensor_decorator']) retrieved from /home/dmk/anaconda3/envs/airflow/lib/python3.7/site-packages/airflow/example_dags/example_sensor_decorator.py
[2022-12-31T22:25:34.982+0700] {logging_mixin.py:137} INFO - [2022-12-31T22:25:34.981+0700] {dag.py:2676} INFO - Sync 1 DAGs
[2022-12-31T22:25:34.999+0700] {logging_mixin.py:137} INFO - [2022-12-31T22:25:34.999+0700] {dag.py:3427} INFO - Setting next_dagrun for example_sensor_decorator to None, run_after=None
[2022-12-31T22:25:35.042+0700] {processor.py:175} INFO - Processing /home/dmk/anaconda3/envs/airflow/lib/python3.7/site-packages/airflow/example_dags/example_sensor_decorator.py took 0.282 seconds
[2022-12-31T22:26:25.793+0700] {processor.py:153} INFO - Started process (PID=49826) to work on /home/dmk/anaconda3/envs/airflow/lib/python3.7/site-packages/airflow/example_dags/example_sensor_decorator.py
[2022-12-31T22:26:25.799+0700] {processor.py:743} INFO - Processing file /home/dmk/anaconda3/envs/airflow/lib/python3.7/site-packages/airflow/example_dags/example_sensor_decorator.py for tasks to queue
[2022-12-31T22:26:25.801+0700] {logging_mixin.py:137} INFO - [2022-12-31T22:26:25.800+0700] {dagbag.py:538} INFO - Filling up the DagBag from /home/dmk/anaconda3/envs/airflow/lib/python3.7/site-packages/airflow/example_dags/example_sensor_decorator.py
[2022-12-31T22:26:25.831+0700] {logging_mixin.py:137} WARNING - /home/dmk/anaconda3/envs/airflow/lib/python3.7/site-packages/airflow/models/dag.py:3524 RemovedInAirflow3Warning: Param `schedule_interval` is deprecated and will be removed in a future release. Please use `schedule` instead.
[2022-12-31T22:26:25.838+0700] {processor.py:753} INFO - DAG(s) dict_keys(['example_sensor_decorator']) retrieved from /home/dmk/anaconda3/envs/airflow/lib/python3.7/site-packages/airflow/example_dags/example_sensor_decorator.py
[2022-12-31T22:26:25.968+0700] {logging_mixin.py:137} INFO - [2022-12-31T22:26:25.968+0700] {dag.py:2676} INFO - Sync 1 DAGs
[2022-12-31T22:26:25.989+0700] {logging_mixin.py:137} INFO - [2022-12-31T22:26:25.989+0700] {dag.py:3427} INFO - Setting next_dagrun for example_sensor_decorator to None, run_after=None
[2022-12-31T22:26:26.022+0700] {processor.py:175} INFO - Processing /home/dmk/anaconda3/envs/airflow/lib/python3.7/site-packages/airflow/example_dags/example_sensor_decorator.py took 0.238 seconds
[2022-12-31T22:27:15.541+0700] {processor.py:153} INFO - Started process (PID=50182) to work on /home/dmk/anaconda3/envs/airflow/lib/python3.7/site-packages/airflow/example_dags/example_sensor_decorator.py
[2022-12-31T22:27:15.547+0700] {processor.py:743} INFO - Processing file /home/dmk/anaconda3/envs/airflow/lib/python3.7/site-packages/airflow/example_dags/example_sensor_decorator.py for tasks to queue
[2022-12-31T22:27:15.550+0700] {logging_mixin.py:137} INFO - [2022-12-31T22:27:15.550+0700] {dagbag.py:538} INFO - Filling up the DagBag from /home/dmk/anaconda3/envs/airflow/lib/python3.7/site-packages/airflow/example_dags/example_sensor_decorator.py
[2022-12-31T22:27:15.620+0700] {logging_mixin.py:137} WARNING - /home/dmk/anaconda3/envs/airflow/lib/python3.7/site-packages/airflow/models/dag.py:3524 RemovedInAirflow3Warning: Param `schedule_interval` is deprecated and will be removed in a future release. Please use `schedule` instead.
[2022-12-31T22:27:15.741+0700] {processor.py:753} INFO - DAG(s) dict_keys(['example_sensor_decorator']) retrieved from /home/dmk/anaconda3/envs/airflow/lib/python3.7/site-packages/airflow/example_dags/example_sensor_decorator.py
[2022-12-31T22:27:15.760+0700] {logging_mixin.py:137} INFO - [2022-12-31T22:27:15.760+0700] {dag.py:2676} INFO - Sync 1 DAGs
[2022-12-31T22:27:15.782+0700] {logging_mixin.py:137} INFO - [2022-12-31T22:27:15.782+0700] {dag.py:3427} INFO - Setting next_dagrun for example_sensor_decorator to None, run_after=None
[2022-12-31T22:27:15.821+0700] {processor.py:175} INFO - Processing /home/dmk/anaconda3/envs/airflow/lib/python3.7/site-packages/airflow/example_dags/example_sensor_decorator.py took 0.291 seconds
[2022-12-31T22:28:05.959+0700] {processor.py:153} INFO - Started process (PID=50541) to work on /home/dmk/anaconda3/envs/airflow/lib/python3.7/site-packages/airflow/example_dags/example_sensor_decorator.py
[2022-12-31T22:28:05.964+0700] {processor.py:743} INFO - Processing file /home/dmk/anaconda3/envs/airflow/lib/python3.7/site-packages/airflow/example_dags/example_sensor_decorator.py for tasks to queue
[2022-12-31T22:28:05.965+0700] {logging_mixin.py:137} INFO - [2022-12-31T22:28:05.965+0700] {dagbag.py:538} INFO - Filling up the DagBag from /home/dmk/anaconda3/envs/airflow/lib/python3.7/site-packages/airflow/example_dags/example_sensor_decorator.py
[2022-12-31T22:28:06.108+0700] {logging_mixin.py:137} WARNING - /home/dmk/anaconda3/envs/airflow/lib/python3.7/site-packages/airflow/models/dag.py:3524 RemovedInAirflow3Warning: Param `schedule_interval` is deprecated and will be removed in a future release. Please use `schedule` instead.
[2022-12-31T22:28:06.114+0700] {processor.py:753} INFO - DAG(s) dict_keys(['example_sensor_decorator']) retrieved from /home/dmk/anaconda3/envs/airflow/lib/python3.7/site-packages/airflow/example_dags/example_sensor_decorator.py
[2022-12-31T22:28:06.131+0700] {logging_mixin.py:137} INFO - [2022-12-31T22:28:06.131+0700] {dag.py:2676} INFO - Sync 1 DAGs
[2022-12-31T22:28:06.151+0700] {logging_mixin.py:137} INFO - [2022-12-31T22:28:06.151+0700] {dag.py:3427} INFO - Setting next_dagrun for example_sensor_decorator to None, run_after=None
[2022-12-31T22:28:06.180+0700] {processor.py:175} INFO - Processing /home/dmk/anaconda3/envs/airflow/lib/python3.7/site-packages/airflow/example_dags/example_sensor_decorator.py took 0.227 seconds
[2022-12-31T22:28:55.662+0700] {processor.py:153} INFO - Started process (PID=50644) to work on /home/dmk/anaconda3/envs/airflow/lib/python3.7/site-packages/airflow/example_dags/example_sensor_decorator.py
[2022-12-31T22:28:55.668+0700] {processor.py:743} INFO - Processing file /home/dmk/anaconda3/envs/airflow/lib/python3.7/site-packages/airflow/example_dags/example_sensor_decorator.py for tasks to queue
[2022-12-31T22:28:55.670+0700] {logging_mixin.py:137} INFO - [2022-12-31T22:28:55.670+0700] {dagbag.py:538} INFO - Filling up the DagBag from /home/dmk/anaconda3/envs/airflow/lib/python3.7/site-packages/airflow/example_dags/example_sensor_decorator.py
[2022-12-31T22:28:55.719+0700] {logging_mixin.py:137} WARNING - /home/dmk/anaconda3/envs/airflow/lib/python3.7/site-packages/airflow/models/dag.py:3524 RemovedInAirflow3Warning: Param `schedule_interval` is deprecated and will be removed in a future release. Please use `schedule` instead.
[2022-12-31T22:28:55.728+0700] {processor.py:753} INFO - DAG(s) dict_keys(['example_sensor_decorator']) retrieved from /home/dmk/anaconda3/envs/airflow/lib/python3.7/site-packages/airflow/example_dags/example_sensor_decorator.py
[2022-12-31T22:28:55.750+0700] {logging_mixin.py:137} INFO - [2022-12-31T22:28:55.749+0700] {dag.py:2676} INFO - Sync 1 DAGs
[2022-12-31T22:28:55.771+0700] {logging_mixin.py:137} INFO - [2022-12-31T22:28:55.771+0700] {dag.py:3427} INFO - Setting next_dagrun for example_sensor_decorator to None, run_after=None
[2022-12-31T22:28:55.815+0700] {processor.py:175} INFO - Processing /home/dmk/anaconda3/envs/airflow/lib/python3.7/site-packages/airflow/example_dags/example_sensor_decorator.py took 0.162 seconds
[2022-12-31T22:29:41.103+0700] {processor.py:153} INFO - Started process (PID=51245) to work on /home/dmk/anaconda3/envs/airflow/lib/python3.7/site-packages/airflow/example_dags/example_sensor_decorator.py
[2022-12-31T22:29:41.108+0700] {processor.py:743} INFO - Processing file /home/dmk/anaconda3/envs/airflow/lib/python3.7/site-packages/airflow/example_dags/example_sensor_decorator.py for tasks to queue
[2022-12-31T22:29:41.109+0700] {logging_mixin.py:137} INFO - [2022-12-31T22:29:41.109+0700] {dagbag.py:538} INFO - Filling up the DagBag from /home/dmk/anaconda3/envs/airflow/lib/python3.7/site-packages/airflow/example_dags/example_sensor_decorator.py
[2022-12-31T22:29:41.140+0700] {logging_mixin.py:137} WARNING - /home/dmk/anaconda3/envs/airflow/lib/python3.7/site-packages/airflow/models/dag.py:3524 RemovedInAirflow3Warning: Param `schedule_interval` is deprecated and will be removed in a future release. Please use `schedule` instead.
[2022-12-31T22:29:41.149+0700] {processor.py:753} INFO - DAG(s) dict_keys(['example_sensor_decorator']) retrieved from /home/dmk/anaconda3/envs/airflow/lib/python3.7/site-packages/airflow/example_dags/example_sensor_decorator.py
[2022-12-31T22:29:41.172+0700] {logging_mixin.py:137} INFO - [2022-12-31T22:29:41.172+0700] {dag.py:2676} INFO - Sync 1 DAGs
[2022-12-31T22:29:41.193+0700] {logging_mixin.py:137} INFO - [2022-12-31T22:29:41.193+0700] {dag.py:3427} INFO - Setting next_dagrun for example_sensor_decorator to None, run_after=None
[2022-12-31T22:29:41.222+0700] {processor.py:175} INFO - Processing /home/dmk/anaconda3/envs/airflow/lib/python3.7/site-packages/airflow/example_dags/example_sensor_decorator.py took 0.124 seconds
[2022-12-31T22:30:28.421+0700] {processor.py:153} INFO - Started process (PID=51548) to work on /home/dmk/anaconda3/envs/airflow/lib/python3.7/site-packages/airflow/example_dags/example_sensor_decorator.py
[2022-12-31T22:30:28.425+0700] {processor.py:743} INFO - Processing file /home/dmk/anaconda3/envs/airflow/lib/python3.7/site-packages/airflow/example_dags/example_sensor_decorator.py for tasks to queue
[2022-12-31T22:30:28.426+0700] {logging_mixin.py:137} INFO - [2022-12-31T22:30:28.426+0700] {dagbag.py:538} INFO - Filling up the DagBag from /home/dmk/anaconda3/envs/airflow/lib/python3.7/site-packages/airflow/example_dags/example_sensor_decorator.py
[2022-12-31T22:30:28.453+0700] {logging_mixin.py:137} WARNING - /home/dmk/anaconda3/envs/airflow/lib/python3.7/site-packages/airflow/models/dag.py:3524 RemovedInAirflow3Warning: Param `schedule_interval` is deprecated and will be removed in a future release. Please use `schedule` instead.
[2022-12-31T22:30:28.464+0700] {processor.py:753} INFO - DAG(s) dict_keys(['example_sensor_decorator']) retrieved from /home/dmk/anaconda3/envs/airflow/lib/python3.7/site-packages/airflow/example_dags/example_sensor_decorator.py
[2022-12-31T22:30:28.490+0700] {logging_mixin.py:137} INFO - [2022-12-31T22:30:28.490+0700] {dag.py:2676} INFO - Sync 1 DAGs
[2022-12-31T22:30:28.513+0700] {logging_mixin.py:137} INFO - [2022-12-31T22:30:28.513+0700] {dag.py:3427} INFO - Setting next_dagrun for example_sensor_decorator to None, run_after=None
[2022-12-31T22:30:28.547+0700] {processor.py:175} INFO - Processing /home/dmk/anaconda3/envs/airflow/lib/python3.7/site-packages/airflow/example_dags/example_sensor_decorator.py took 0.131 seconds
[2022-12-31T22:31:15.712+0700] {processor.py:153} INFO - Started process (PID=51649) to work on /home/dmk/anaconda3/envs/airflow/lib/python3.7/site-packages/airflow/example_dags/example_sensor_decorator.py
[2022-12-31T22:31:15.716+0700] {processor.py:743} INFO - Processing file /home/dmk/anaconda3/envs/airflow/lib/python3.7/site-packages/airflow/example_dags/example_sensor_decorator.py for tasks to queue
[2022-12-31T22:31:15.717+0700] {logging_mixin.py:137} INFO - [2022-12-31T22:31:15.716+0700] {dagbag.py:538} INFO - Filling up the DagBag from /home/dmk/anaconda3/envs/airflow/lib/python3.7/site-packages/airflow/example_dags/example_sensor_decorator.py
[2022-12-31T22:31:15.743+0700] {logging_mixin.py:137} WARNING - /home/dmk/anaconda3/envs/airflow/lib/python3.7/site-packages/airflow/models/dag.py:3524 RemovedInAirflow3Warning: Param `schedule_interval` is deprecated and will be removed in a future release. Please use `schedule` instead.
[2022-12-31T22:31:15.750+0700] {processor.py:753} INFO - DAG(s) dict_keys(['example_sensor_decorator']) retrieved from /home/dmk/anaconda3/envs/airflow/lib/python3.7/site-packages/airflow/example_dags/example_sensor_decorator.py
[2022-12-31T22:31:15.891+0700] {logging_mixin.py:137} INFO - [2022-12-31T22:31:15.891+0700] {dag.py:2676} INFO - Sync 1 DAGs
[2022-12-31T22:31:15.942+0700] {logging_mixin.py:137} INFO - [2022-12-31T22:31:15.942+0700] {dag.py:3427} INFO - Setting next_dagrun for example_sensor_decorator to None, run_after=None
[2022-12-31T22:31:16.157+0700] {processor.py:175} INFO - Processing /home/dmk/anaconda3/envs/airflow/lib/python3.7/site-packages/airflow/example_dags/example_sensor_decorator.py took 0.450 seconds
[2022-12-31T22:32:04.700+0700] {processor.py:153} INFO - Started process (PID=51838) to work on /home/dmk/anaconda3/envs/airflow/lib/python3.7/site-packages/airflow/example_dags/example_sensor_decorator.py
[2022-12-31T22:32:04.704+0700] {processor.py:743} INFO - Processing file /home/dmk/anaconda3/envs/airflow/lib/python3.7/site-packages/airflow/example_dags/example_sensor_decorator.py for tasks to queue
[2022-12-31T22:32:04.705+0700] {logging_mixin.py:137} INFO - [2022-12-31T22:32:04.704+0700] {dagbag.py:538} INFO - Filling up the DagBag from /home/dmk/anaconda3/envs/airflow/lib/python3.7/site-packages/airflow/example_dags/example_sensor_decorator.py
[2022-12-31T22:32:04.729+0700] {logging_mixin.py:137} WARNING - /home/dmk/anaconda3/envs/airflow/lib/python3.7/site-packages/airflow/models/dag.py:3524 RemovedInAirflow3Warning: Param `schedule_interval` is deprecated and will be removed in a future release. Please use `schedule` instead.
[2022-12-31T22:32:04.736+0700] {processor.py:753} INFO - DAG(s) dict_keys(['example_sensor_decorator']) retrieved from /home/dmk/anaconda3/envs/airflow/lib/python3.7/site-packages/airflow/example_dags/example_sensor_decorator.py
[2022-12-31T22:32:04.762+0700] {logging_mixin.py:137} INFO - [2022-12-31T22:32:04.762+0700] {dag.py:2676} INFO - Sync 1 DAGs
[2022-12-31T22:32:04.789+0700] {logging_mixin.py:137} INFO - [2022-12-31T22:32:04.789+0700] {dag.py:3427} INFO - Setting next_dagrun for example_sensor_decorator to None, run_after=None
[2022-12-31T22:32:04.821+0700] {processor.py:175} INFO - Processing /home/dmk/anaconda3/envs/airflow/lib/python3.7/site-packages/airflow/example_dags/example_sensor_decorator.py took 0.125 seconds
[2022-12-31T22:32:54.545+0700] {processor.py:153} INFO - Started process (PID=51941) to work on /home/dmk/anaconda3/envs/airflow/lib/python3.7/site-packages/airflow/example_dags/example_sensor_decorator.py
[2022-12-31T22:32:54.547+0700] {processor.py:743} INFO - Processing file /home/dmk/anaconda3/envs/airflow/lib/python3.7/site-packages/airflow/example_dags/example_sensor_decorator.py for tasks to queue
[2022-12-31T22:32:54.548+0700] {logging_mixin.py:137} INFO - [2022-12-31T22:32:54.548+0700] {dagbag.py:538} INFO - Filling up the DagBag from /home/dmk/anaconda3/envs/airflow/lib/python3.7/site-packages/airflow/example_dags/example_sensor_decorator.py
[2022-12-31T22:32:54.578+0700] {logging_mixin.py:137} WARNING - /home/dmk/anaconda3/envs/airflow/lib/python3.7/site-packages/airflow/models/dag.py:3524 RemovedInAirflow3Warning: Param `schedule_interval` is deprecated and will be removed in a future release. Please use `schedule` instead.
[2022-12-31T22:32:54.585+0700] {processor.py:753} INFO - DAG(s) dict_keys(['example_sensor_decorator']) retrieved from /home/dmk/anaconda3/envs/airflow/lib/python3.7/site-packages/airflow/example_dags/example_sensor_decorator.py
[2022-12-31T22:32:54.619+0700] {logging_mixin.py:137} INFO - [2022-12-31T22:32:54.619+0700] {dag.py:2676} INFO - Sync 1 DAGs
[2022-12-31T22:32:54.653+0700] {logging_mixin.py:137} INFO - [2022-12-31T22:32:54.652+0700] {dag.py:3427} INFO - Setting next_dagrun for example_sensor_decorator to None, run_after=None
[2022-12-31T22:32:54.688+0700] {processor.py:175} INFO - Processing /home/dmk/anaconda3/envs/airflow/lib/python3.7/site-packages/airflow/example_dags/example_sensor_decorator.py took 0.150 seconds
