[2022-12-31T20:49:31.446+0700] {processor.py:153} INFO - Started process (PID=9660) to work on /home/dmk/anaconda3/lib/python3.9/site-packages/airflow/example_dags/example_trigger_controller_dag.py
[2022-12-31T20:49:31.447+0700] {processor.py:743} INFO - Processing file /home/dmk/anaconda3/lib/python3.9/site-packages/airflow/example_dags/example_trigger_controller_dag.py for tasks to queue
[2022-12-31T20:49:31.447+0700] {logging_mixin.py:137} INFO - [2022-12-31T20:49:31.447+0700] {dagbag.py:538} INFO - Filling up the DagBag from /home/dmk/anaconda3/lib/python3.9/site-packages/airflow/example_dags/example_trigger_controller_dag.py
[2022-12-31T20:49:31.460+0700] {processor.py:753} INFO - DAG(s) dict_keys(['example_trigger_controller_dag']) retrieved from /home/dmk/anaconda3/lib/python3.9/site-packages/airflow/example_dags/example_trigger_controller_dag.py
[2022-12-31T20:49:31.508+0700] {logging_mixin.py:137} INFO - [2022-12-31T20:49:31.508+0700] {dag.py:2676} INFO - Sync 1 DAGs
[2022-12-31T20:49:31.622+0700] {logging_mixin.py:137} INFO - [2022-12-31T20:49:31.622+0700] {dag.py:3423} INFO - Setting next_dagrun for example_trigger_controller_dag to 2021-01-01T00:00:00+00:00, run_after=2021-01-01T00:00:00+00:00
[2022-12-31T20:49:31.646+0700] {processor.py:175} INFO - Processing /home/dmk/anaconda3/lib/python3.9/site-packages/airflow/example_dags/example_trigger_controller_dag.py took 0.203 seconds
[2022-12-31T20:55:03.665+0700] {processor.py:153} INFO - Started process (PID=11877) to work on /home/dmk/anaconda3/lib/python3.9/site-packages/airflow/example_dags/example_trigger_controller_dag.py
[2022-12-31T20:55:03.678+0700] {processor.py:743} INFO - Processing file /home/dmk/anaconda3/lib/python3.9/site-packages/airflow/example_dags/example_trigger_controller_dag.py for tasks to queue
[2022-12-31T20:55:03.679+0700] {logging_mixin.py:137} INFO - [2022-12-31T20:55:03.678+0700] {dagbag.py:538} INFO - Filling up the DagBag from /home/dmk/anaconda3/lib/python3.9/site-packages/airflow/example_dags/example_trigger_controller_dag.py
[2022-12-31T20:55:03.712+0700] {processor.py:753} INFO - DAG(s) dict_keys(['example_trigger_controller_dag']) retrieved from /home/dmk/anaconda3/lib/python3.9/site-packages/airflow/example_dags/example_trigger_controller_dag.py
[2022-12-31T20:55:03.755+0700] {logging_mixin.py:137} INFO - [2022-12-31T20:55:03.755+0700] {dag.py:2676} INFO - Sync 1 DAGs
[2022-12-31T20:55:03.921+0700] {logging_mixin.py:137} INFO - [2022-12-31T20:55:03.921+0700] {dag.py:3423} INFO - Setting next_dagrun for example_trigger_controller_dag to 2021-01-01T00:00:00+00:00, run_after=2021-01-01T00:00:00+00:00
[2022-12-31T20:55:03.954+0700] {processor.py:175} INFO - Processing /home/dmk/anaconda3/lib/python3.9/site-packages/airflow/example_dags/example_trigger_controller_dag.py took 0.294 seconds
[2022-12-31T20:55:55.048+0700] {processor.py:153} INFO - Started process (PID=12108) to work on /home/dmk/anaconda3/lib/python3.9/site-packages/airflow/example_dags/example_trigger_controller_dag.py
[2022-12-31T20:55:55.053+0700] {processor.py:743} INFO - Processing file /home/dmk/anaconda3/lib/python3.9/site-packages/airflow/example_dags/example_trigger_controller_dag.py for tasks to queue
[2022-12-31T20:55:55.054+0700] {logging_mixin.py:137} INFO - [2022-12-31T20:55:55.054+0700] {dagbag.py:538} INFO - Filling up the DagBag from /home/dmk/anaconda3/lib/python3.9/site-packages/airflow/example_dags/example_trigger_controller_dag.py
[2022-12-31T20:55:55.079+0700] {processor.py:753} INFO - DAG(s) dict_keys(['example_trigger_controller_dag']) retrieved from /home/dmk/anaconda3/lib/python3.9/site-packages/airflow/example_dags/example_trigger_controller_dag.py
[2022-12-31T20:55:55.116+0700] {logging_mixin.py:137} INFO - [2022-12-31T20:55:55.115+0700] {dag.py:2676} INFO - Sync 1 DAGs
[2022-12-31T20:55:55.289+0700] {logging_mixin.py:137} INFO - [2022-12-31T20:55:55.289+0700] {dag.py:3423} INFO - Setting next_dagrun for example_trigger_controller_dag to 2021-01-01T00:00:00+00:00, run_after=2021-01-01T00:00:00+00:00
[2022-12-31T20:55:55.333+0700] {processor.py:175} INFO - Processing /home/dmk/anaconda3/lib/python3.9/site-packages/airflow/example_dags/example_trigger_controller_dag.py took 0.288 seconds
[2022-12-31T20:56:46.495+0700] {processor.py:153} INFO - Started process (PID=12334) to work on /home/dmk/anaconda3/lib/python3.9/site-packages/airflow/example_dags/example_trigger_controller_dag.py
[2022-12-31T20:56:46.501+0700] {processor.py:743} INFO - Processing file /home/dmk/anaconda3/lib/python3.9/site-packages/airflow/example_dags/example_trigger_controller_dag.py for tasks to queue
[2022-12-31T20:56:46.503+0700] {logging_mixin.py:137} INFO - [2022-12-31T20:56:46.503+0700] {dagbag.py:538} INFO - Filling up the DagBag from /home/dmk/anaconda3/lib/python3.9/site-packages/airflow/example_dags/example_trigger_controller_dag.py
[2022-12-31T20:56:46.555+0700] {processor.py:753} INFO - DAG(s) dict_keys(['example_trigger_controller_dag']) retrieved from /home/dmk/anaconda3/lib/python3.9/site-packages/airflow/example_dags/example_trigger_controller_dag.py
[2022-12-31T20:56:46.709+0700] {logging_mixin.py:137} INFO - [2022-12-31T20:56:46.709+0700] {dag.py:2676} INFO - Sync 1 DAGs
[2022-12-31T20:56:46.726+0700] {logging_mixin.py:137} INFO - [2022-12-31T20:56:46.725+0700] {dag.py:3423} INFO - Setting next_dagrun for example_trigger_controller_dag to 2021-01-01T00:00:00+00:00, run_after=2021-01-01T00:00:00+00:00
[2022-12-31T20:56:46.746+0700] {processor.py:175} INFO - Processing /home/dmk/anaconda3/lib/python3.9/site-packages/airflow/example_dags/example_trigger_controller_dag.py took 0.259 seconds
[2022-12-31T20:57:50.612+0700] {processor.py:153} INFO - Started process (PID=12724) to work on /home/dmk/anaconda3/lib/python3.9/site-packages/airflow/example_dags/example_trigger_controller_dag.py
[2022-12-31T20:57:50.616+0700] {processor.py:743} INFO - Processing file /home/dmk/anaconda3/lib/python3.9/site-packages/airflow/example_dags/example_trigger_controller_dag.py for tasks to queue
[2022-12-31T20:57:50.617+0700] {logging_mixin.py:137} INFO - [2022-12-31T20:57:50.617+0700] {dagbag.py:538} INFO - Filling up the DagBag from /home/dmk/anaconda3/lib/python3.9/site-packages/airflow/example_dags/example_trigger_controller_dag.py
[2022-12-31T20:57:50.634+0700] {processor.py:753} INFO - DAG(s) dict_keys(['example_trigger_controller_dag']) retrieved from /home/dmk/anaconda3/lib/python3.9/site-packages/airflow/example_dags/example_trigger_controller_dag.py
[2022-12-31T20:57:50.784+0700] {logging_mixin.py:137} INFO - [2022-12-31T20:57:50.783+0700] {dag.py:2676} INFO - Sync 1 DAGs
[2022-12-31T20:57:50.804+0700] {logging_mixin.py:137} INFO - [2022-12-31T20:57:50.804+0700] {dag.py:3423} INFO - Setting next_dagrun for example_trigger_controller_dag to 2021-01-01T00:00:00+00:00, run_after=2021-01-01T00:00:00+00:00
[2022-12-31T20:57:50.828+0700] {processor.py:175} INFO - Processing /home/dmk/anaconda3/lib/python3.9/site-packages/airflow/example_dags/example_trigger_controller_dag.py took 0.220 seconds
[2022-12-31T20:58:40.886+0700] {processor.py:153} INFO - Started process (PID=12994) to work on /home/dmk/anaconda3/lib/python3.9/site-packages/airflow/example_dags/example_trigger_controller_dag.py
[2022-12-31T20:58:40.888+0700] {processor.py:743} INFO - Processing file /home/dmk/anaconda3/lib/python3.9/site-packages/airflow/example_dags/example_trigger_controller_dag.py for tasks to queue
[2022-12-31T20:58:40.888+0700] {logging_mixin.py:137} INFO - [2022-12-31T20:58:40.888+0700] {dagbag.py:538} INFO - Filling up the DagBag from /home/dmk/anaconda3/lib/python3.9/site-packages/airflow/example_dags/example_trigger_controller_dag.py
[2022-12-31T20:58:41.080+0700] {processor.py:753} INFO - DAG(s) dict_keys(['example_trigger_controller_dag']) retrieved from /home/dmk/anaconda3/lib/python3.9/site-packages/airflow/example_dags/example_trigger_controller_dag.py
[2022-12-31T20:58:41.117+0700] {logging_mixin.py:137} INFO - [2022-12-31T20:58:41.117+0700] {dag.py:2676} INFO - Sync 1 DAGs
[2022-12-31T20:58:41.144+0700] {logging_mixin.py:137} INFO - [2022-12-31T20:58:41.143+0700] {dag.py:3423} INFO - Setting next_dagrun for example_trigger_controller_dag to 2021-01-01T00:00:00+00:00, run_after=2021-01-01T00:00:00+00:00
[2022-12-31T20:58:41.175+0700] {processor.py:175} INFO - Processing /home/dmk/anaconda3/lib/python3.9/site-packages/airflow/example_dags/example_trigger_controller_dag.py took 0.292 seconds
[2022-12-31T20:59:30.772+0700] {processor.py:153} INFO - Started process (PID=14108) to work on /home/dmk/anaconda3/lib/python3.9/site-packages/airflow/example_dags/example_trigger_controller_dag.py
[2022-12-31T20:59:30.776+0700] {processor.py:743} INFO - Processing file /home/dmk/anaconda3/lib/python3.9/site-packages/airflow/example_dags/example_trigger_controller_dag.py for tasks to queue
[2022-12-31T20:59:30.777+0700] {logging_mixin.py:137} INFO - [2022-12-31T20:59:30.777+0700] {dagbag.py:538} INFO - Filling up the DagBag from /home/dmk/anaconda3/lib/python3.9/site-packages/airflow/example_dags/example_trigger_controller_dag.py
[2022-12-31T20:59:30.792+0700] {processor.py:753} INFO - DAG(s) dict_keys(['example_trigger_controller_dag']) retrieved from /home/dmk/anaconda3/lib/python3.9/site-packages/airflow/example_dags/example_trigger_controller_dag.py
[2022-12-31T20:59:30.827+0700] {logging_mixin.py:137} INFO - [2022-12-31T20:59:30.826+0700] {dag.py:2676} INFO - Sync 1 DAGs
[2022-12-31T20:59:30.848+0700] {logging_mixin.py:137} INFO - [2022-12-31T20:59:30.848+0700] {dag.py:3423} INFO - Setting next_dagrun for example_trigger_controller_dag to 2021-01-01T00:00:00+00:00, run_after=2021-01-01T00:00:00+00:00
[2022-12-31T20:59:30.874+0700] {processor.py:175} INFO - Processing /home/dmk/anaconda3/lib/python3.9/site-packages/airflow/example_dags/example_trigger_controller_dag.py took 0.105 seconds
[2022-12-31T21:00:24.099+0700] {processor.py:153} INFO - Started process (PID=15110) to work on /home/dmk/anaconda3/lib/python3.9/site-packages/airflow/example_dags/example_trigger_controller_dag.py
[2022-12-31T21:00:24.102+0700] {processor.py:743} INFO - Processing file /home/dmk/anaconda3/lib/python3.9/site-packages/airflow/example_dags/example_trigger_controller_dag.py for tasks to queue
[2022-12-31T21:00:24.103+0700] {logging_mixin.py:137} INFO - [2022-12-31T21:00:24.103+0700] {dagbag.py:538} INFO - Filling up the DagBag from /home/dmk/anaconda3/lib/python3.9/site-packages/airflow/example_dags/example_trigger_controller_dag.py
[2022-12-31T21:00:24.116+0700] {processor.py:753} INFO - DAG(s) dict_keys(['example_trigger_controller_dag']) retrieved from /home/dmk/anaconda3/lib/python3.9/site-packages/airflow/example_dags/example_trigger_controller_dag.py
[2022-12-31T21:00:24.145+0700] {logging_mixin.py:137} INFO - [2022-12-31T21:00:24.145+0700] {dag.py:2676} INFO - Sync 1 DAGs
[2022-12-31T21:00:24.164+0700] {logging_mixin.py:137} INFO - [2022-12-31T21:00:24.164+0700] {dag.py:3423} INFO - Setting next_dagrun for example_trigger_controller_dag to 2021-01-01T00:00:00+00:00, run_after=2021-01-01T00:00:00+00:00
[2022-12-31T21:00:24.186+0700] {processor.py:175} INFO - Processing /home/dmk/anaconda3/lib/python3.9/site-packages/airflow/example_dags/example_trigger_controller_dag.py took 0.090 seconds
[2022-12-31T21:01:10.966+0700] {processor.py:153} INFO - Started process (PID=15885) to work on /home/dmk/anaconda3/lib/python3.9/site-packages/airflow/example_dags/example_trigger_controller_dag.py
[2022-12-31T21:01:10.970+0700] {processor.py:743} INFO - Processing file /home/dmk/anaconda3/lib/python3.9/site-packages/airflow/example_dags/example_trigger_controller_dag.py for tasks to queue
[2022-12-31T21:01:10.970+0700] {logging_mixin.py:137} INFO - [2022-12-31T21:01:10.970+0700] {dagbag.py:538} INFO - Filling up the DagBag from /home/dmk/anaconda3/lib/python3.9/site-packages/airflow/example_dags/example_trigger_controller_dag.py
[2022-12-31T21:01:10.984+0700] {processor.py:753} INFO - DAG(s) dict_keys(['example_trigger_controller_dag']) retrieved from /home/dmk/anaconda3/lib/python3.9/site-packages/airflow/example_dags/example_trigger_controller_dag.py
[2022-12-31T21:01:11.012+0700] {logging_mixin.py:137} INFO - [2022-12-31T21:01:11.012+0700] {dag.py:2676} INFO - Sync 1 DAGs
[2022-12-31T21:01:11.029+0700] {logging_mixin.py:137} INFO - [2022-12-31T21:01:11.029+0700] {dag.py:3423} INFO - Setting next_dagrun for example_trigger_controller_dag to 2021-01-01T00:00:00+00:00, run_after=2021-01-01T00:00:00+00:00
[2022-12-31T21:01:11.050+0700] {processor.py:175} INFO - Processing /home/dmk/anaconda3/lib/python3.9/site-packages/airflow/example_dags/example_trigger_controller_dag.py took 0.086 seconds
[2022-12-31T21:02:02.987+0700] {processor.py:153} INFO - Started process (PID=16280) to work on /home/dmk/anaconda3/lib/python3.9/site-packages/airflow/example_dags/example_trigger_controller_dag.py
[2022-12-31T21:02:02.990+0700] {processor.py:743} INFO - Processing file /home/dmk/anaconda3/lib/python3.9/site-packages/airflow/example_dags/example_trigger_controller_dag.py for tasks to queue
[2022-12-31T21:02:02.990+0700] {logging_mixin.py:137} INFO - [2022-12-31T21:02:02.990+0700] {dagbag.py:538} INFO - Filling up the DagBag from /home/dmk/anaconda3/lib/python3.9/site-packages/airflow/example_dags/example_trigger_controller_dag.py
[2022-12-31T21:02:03.007+0700] {processor.py:753} INFO - DAG(s) dict_keys(['example_trigger_controller_dag']) retrieved from /home/dmk/anaconda3/lib/python3.9/site-packages/airflow/example_dags/example_trigger_controller_dag.py
[2022-12-31T21:02:03.036+0700] {logging_mixin.py:137} INFO - [2022-12-31T21:02:03.036+0700] {dag.py:2676} INFO - Sync 1 DAGs
[2022-12-31T21:02:03.055+0700] {logging_mixin.py:137} INFO - [2022-12-31T21:02:03.055+0700] {dag.py:3423} INFO - Setting next_dagrun for example_trigger_controller_dag to 2021-01-01T00:00:00+00:00, run_after=2021-01-01T00:00:00+00:00
[2022-12-31T21:02:03.077+0700] {processor.py:175} INFO - Processing /home/dmk/anaconda3/lib/python3.9/site-packages/airflow/example_dags/example_trigger_controller_dag.py took 0.093 seconds
[2022-12-31T21:02:56.615+0700] {processor.py:153} INFO - Started process (PID=16568) to work on /home/dmk/anaconda3/lib/python3.9/site-packages/airflow/example_dags/example_trigger_controller_dag.py
[2022-12-31T21:02:56.620+0700] {processor.py:743} INFO - Processing file /home/dmk/anaconda3/lib/python3.9/site-packages/airflow/example_dags/example_trigger_controller_dag.py for tasks to queue
[2022-12-31T21:02:56.622+0700] {logging_mixin.py:137} INFO - [2022-12-31T21:02:56.622+0700] {dagbag.py:538} INFO - Filling up the DagBag from /home/dmk/anaconda3/lib/python3.9/site-packages/airflow/example_dags/example_trigger_controller_dag.py
[2022-12-31T21:02:56.645+0700] {processor.py:753} INFO - DAG(s) dict_keys(['example_trigger_controller_dag']) retrieved from /home/dmk/anaconda3/lib/python3.9/site-packages/airflow/example_dags/example_trigger_controller_dag.py
[2022-12-31T21:02:56.676+0700] {logging_mixin.py:137} INFO - [2022-12-31T21:02:56.676+0700] {dag.py:2676} INFO - Sync 1 DAGs
[2022-12-31T21:02:56.698+0700] {logging_mixin.py:137} INFO - [2022-12-31T21:02:56.698+0700] {dag.py:3423} INFO - Setting next_dagrun for example_trigger_controller_dag to 2021-01-01T00:00:00+00:00, run_after=2021-01-01T00:00:00+00:00
[2022-12-31T21:02:56.732+0700] {processor.py:175} INFO - Processing /home/dmk/anaconda3/lib/python3.9/site-packages/airflow/example_dags/example_trigger_controller_dag.py took 0.122 seconds
[2022-12-31T21:03:40.451+0700] {processor.py:153} INFO - Started process (PID=16960) to work on /home/dmk/anaconda3/lib/python3.9/site-packages/airflow/example_dags/example_trigger_controller_dag.py
[2022-12-31T21:03:40.456+0700] {processor.py:743} INFO - Processing file /home/dmk/anaconda3/lib/python3.9/site-packages/airflow/example_dags/example_trigger_controller_dag.py for tasks to queue
[2022-12-31T21:03:40.457+0700] {logging_mixin.py:137} INFO - [2022-12-31T21:03:40.457+0700] {dagbag.py:538} INFO - Filling up the DagBag from /home/dmk/anaconda3/lib/python3.9/site-packages/airflow/example_dags/example_trigger_controller_dag.py
[2022-12-31T21:03:40.479+0700] {processor.py:753} INFO - DAG(s) dict_keys(['example_trigger_controller_dag']) retrieved from /home/dmk/anaconda3/lib/python3.9/site-packages/airflow/example_dags/example_trigger_controller_dag.py
[2022-12-31T21:03:40.508+0700] {logging_mixin.py:137} INFO - [2022-12-31T21:03:40.507+0700] {dag.py:2676} INFO - Sync 1 DAGs
[2022-12-31T21:03:40.526+0700] {logging_mixin.py:137} INFO - [2022-12-31T21:03:40.525+0700] {dag.py:3423} INFO - Setting next_dagrun for example_trigger_controller_dag to 2021-01-01T00:00:00+00:00, run_after=2021-01-01T00:00:00+00:00
[2022-12-31T21:03:40.644+0700] {processor.py:175} INFO - Processing /home/dmk/anaconda3/lib/python3.9/site-packages/airflow/example_dags/example_trigger_controller_dag.py took 0.197 seconds
[2022-12-31T21:04:32.889+0700] {processor.py:153} INFO - Started process (PID=17370) to work on /home/dmk/anaconda3/lib/python3.9/site-packages/airflow/example_dags/example_trigger_controller_dag.py
[2022-12-31T21:04:32.894+0700] {processor.py:743} INFO - Processing file /home/dmk/anaconda3/lib/python3.9/site-packages/airflow/example_dags/example_trigger_controller_dag.py for tasks to queue
[2022-12-31T21:04:32.896+0700] {logging_mixin.py:137} INFO - [2022-12-31T21:04:32.895+0700] {dagbag.py:538} INFO - Filling up the DagBag from /home/dmk/anaconda3/lib/python3.9/site-packages/airflow/example_dags/example_trigger_controller_dag.py
[2022-12-31T21:04:32.921+0700] {processor.py:753} INFO - DAG(s) dict_keys(['example_trigger_controller_dag']) retrieved from /home/dmk/anaconda3/lib/python3.9/site-packages/airflow/example_dags/example_trigger_controller_dag.py
[2022-12-31T21:04:33.075+0700] {logging_mixin.py:137} INFO - [2022-12-31T21:04:33.075+0700] {dag.py:2676} INFO - Sync 1 DAGs
[2022-12-31T21:04:33.091+0700] {logging_mixin.py:137} INFO - [2022-12-31T21:04:33.091+0700] {dag.py:3423} INFO - Setting next_dagrun for example_trigger_controller_dag to 2021-01-01T00:00:00+00:00, run_after=2021-01-01T00:00:00+00:00
[2022-12-31T21:04:33.122+0700] {processor.py:175} INFO - Processing /home/dmk/anaconda3/lib/python3.9/site-packages/airflow/example_dags/example_trigger_controller_dag.py took 0.237 seconds
[2022-12-31T21:05:23.440+0700] {processor.py:153} INFO - Started process (PID=18127) to work on /home/dmk/anaconda3/lib/python3.9/site-packages/airflow/example_dags/example_trigger_controller_dag.py
[2022-12-31T21:05:23.444+0700] {processor.py:743} INFO - Processing file /home/dmk/anaconda3/lib/python3.9/site-packages/airflow/example_dags/example_trigger_controller_dag.py for tasks to queue
[2022-12-31T21:05:23.445+0700] {logging_mixin.py:137} INFO - [2022-12-31T21:05:23.445+0700] {dagbag.py:538} INFO - Filling up the DagBag from /home/dmk/anaconda3/lib/python3.9/site-packages/airflow/example_dags/example_trigger_controller_dag.py
[2022-12-31T21:05:23.460+0700] {processor.py:753} INFO - DAG(s) dict_keys(['example_trigger_controller_dag']) retrieved from /home/dmk/anaconda3/lib/python3.9/site-packages/airflow/example_dags/example_trigger_controller_dag.py
[2022-12-31T21:05:23.686+0700] {logging_mixin.py:137} INFO - [2022-12-31T21:05:23.685+0700] {dag.py:2676} INFO - Sync 1 DAGs
[2022-12-31T21:05:23.707+0700] {logging_mixin.py:137} INFO - [2022-12-31T21:05:23.707+0700] {dag.py:3423} INFO - Setting next_dagrun for example_trigger_controller_dag to 2021-01-01T00:00:00+00:00, run_after=2021-01-01T00:00:00+00:00
[2022-12-31T21:05:23.741+0700] {processor.py:175} INFO - Processing /home/dmk/anaconda3/lib/python3.9/site-packages/airflow/example_dags/example_trigger_controller_dag.py took 0.304 seconds
[2022-12-31T21:06:23.678+0700] {processor.py:153} INFO - Started process (PID=18432) to work on /home/dmk/anaconda3/lib/python3.9/site-packages/airflow/example_dags/example_trigger_controller_dag.py
[2022-12-31T21:06:23.680+0700] {processor.py:743} INFO - Processing file /home/dmk/anaconda3/lib/python3.9/site-packages/airflow/example_dags/example_trigger_controller_dag.py for tasks to queue
[2022-12-31T21:06:23.681+0700] {logging_mixin.py:137} INFO - [2022-12-31T21:06:23.681+0700] {dagbag.py:538} INFO - Filling up the DagBag from /home/dmk/anaconda3/lib/python3.9/site-packages/airflow/example_dags/example_trigger_controller_dag.py
[2022-12-31T21:06:23.691+0700] {processor.py:753} INFO - DAG(s) dict_keys(['example_trigger_controller_dag']) retrieved from /home/dmk/anaconda3/lib/python3.9/site-packages/airflow/example_dags/example_trigger_controller_dag.py
[2022-12-31T21:06:23.812+0700] {logging_mixin.py:137} INFO - [2022-12-31T21:06:23.812+0700] {dag.py:2676} INFO - Sync 1 DAGs
[2022-12-31T21:06:23.828+0700] {logging_mixin.py:137} INFO - [2022-12-31T21:06:23.828+0700] {dag.py:3423} INFO - Setting next_dagrun for example_trigger_controller_dag to 2021-01-01T00:00:00+00:00, run_after=2021-01-01T00:00:00+00:00
[2022-12-31T21:06:23.856+0700] {processor.py:175} INFO - Processing /home/dmk/anaconda3/lib/python3.9/site-packages/airflow/example_dags/example_trigger_controller_dag.py took 0.181 seconds
[2022-12-31T21:07:14.491+0700] {processor.py:153} INFO - Started process (PID=18647) to work on /home/dmk/anaconda3/lib/python3.9/site-packages/airflow/example_dags/example_trigger_controller_dag.py
[2022-12-31T21:07:14.495+0700] {processor.py:743} INFO - Processing file /home/dmk/anaconda3/lib/python3.9/site-packages/airflow/example_dags/example_trigger_controller_dag.py for tasks to queue
[2022-12-31T21:07:14.496+0700] {logging_mixin.py:137} INFO - [2022-12-31T21:07:14.496+0700] {dagbag.py:538} INFO - Filling up the DagBag from /home/dmk/anaconda3/lib/python3.9/site-packages/airflow/example_dags/example_trigger_controller_dag.py
[2022-12-31T21:07:14.514+0700] {processor.py:753} INFO - DAG(s) dict_keys(['example_trigger_controller_dag']) retrieved from /home/dmk/anaconda3/lib/python3.9/site-packages/airflow/example_dags/example_trigger_controller_dag.py
[2022-12-31T21:07:14.634+0700] {logging_mixin.py:137} INFO - [2022-12-31T21:07:14.634+0700] {dag.py:2676} INFO - Sync 1 DAGs
[2022-12-31T21:07:14.650+0700] {logging_mixin.py:137} INFO - [2022-12-31T21:07:14.649+0700] {dag.py:3423} INFO - Setting next_dagrun for example_trigger_controller_dag to 2021-01-01T00:00:00+00:00, run_after=2021-01-01T00:00:00+00:00
[2022-12-31T21:07:14.671+0700] {processor.py:175} INFO - Processing /home/dmk/anaconda3/lib/python3.9/site-packages/airflow/example_dags/example_trigger_controller_dag.py took 0.184 seconds
[2022-12-31T21:08:18.513+0700] {processor.py:153} INFO - Started process (PID=18853) to work on /home/dmk/anaconda3/lib/python3.9/site-packages/airflow/example_dags/example_trigger_controller_dag.py
[2022-12-31T21:08:18.514+0700] {processor.py:743} INFO - Processing file /home/dmk/anaconda3/lib/python3.9/site-packages/airflow/example_dags/example_trigger_controller_dag.py for tasks to queue
[2022-12-31T21:08:18.514+0700] {logging_mixin.py:137} INFO - [2022-12-31T21:08:18.514+0700] {dagbag.py:538} INFO - Filling up the DagBag from /home/dmk/anaconda3/lib/python3.9/site-packages/airflow/example_dags/example_trigger_controller_dag.py
[2022-12-31T21:08:18.642+0700] {processor.py:753} INFO - DAG(s) dict_keys(['example_trigger_controller_dag']) retrieved from /home/dmk/anaconda3/lib/python3.9/site-packages/airflow/example_dags/example_trigger_controller_dag.py
[2022-12-31T21:08:18.663+0700] {logging_mixin.py:137} INFO - [2022-12-31T21:08:18.663+0700] {dag.py:2676} INFO - Sync 1 DAGs
[2022-12-31T21:08:18.682+0700] {logging_mixin.py:137} INFO - [2022-12-31T21:08:18.682+0700] {dag.py:3423} INFO - Setting next_dagrun for example_trigger_controller_dag to 2021-01-01T00:00:00+00:00, run_after=2021-01-01T00:00:00+00:00
[2022-12-31T21:08:18.710+0700] {processor.py:175} INFO - Processing /home/dmk/anaconda3/lib/python3.9/site-packages/airflow/example_dags/example_trigger_controller_dag.py took 0.199 seconds
[2022-12-31T21:09:03.917+0700] {processor.py:153} INFO - Started process (PID=19687) to work on /home/dmk/anaconda3/lib/python3.9/site-packages/airflow/example_dags/example_trigger_controller_dag.py
[2022-12-31T21:09:03.919+0700] {processor.py:743} INFO - Processing file /home/dmk/anaconda3/lib/python3.9/site-packages/airflow/example_dags/example_trigger_controller_dag.py for tasks to queue
[2022-12-31T21:09:03.920+0700] {logging_mixin.py:137} INFO - [2022-12-31T21:09:03.920+0700] {dagbag.py:538} INFO - Filling up the DagBag from /home/dmk/anaconda3/lib/python3.9/site-packages/airflow/example_dags/example_trigger_controller_dag.py
[2022-12-31T21:09:03.930+0700] {processor.py:753} INFO - DAG(s) dict_keys(['example_trigger_controller_dag']) retrieved from /home/dmk/anaconda3/lib/python3.9/site-packages/airflow/example_dags/example_trigger_controller_dag.py
[2022-12-31T21:09:03.955+0700] {logging_mixin.py:137} INFO - [2022-12-31T21:09:03.955+0700] {dag.py:2676} INFO - Sync 1 DAGs
[2022-12-31T21:09:03.973+0700] {logging_mixin.py:137} INFO - [2022-12-31T21:09:03.973+0700] {dag.py:3423} INFO - Setting next_dagrun for example_trigger_controller_dag to 2021-01-01T00:00:00+00:00, run_after=2021-01-01T00:00:00+00:00
[2022-12-31T21:09:04.001+0700] {processor.py:175} INFO - Processing /home/dmk/anaconda3/lib/python3.9/site-packages/airflow/example_dags/example_trigger_controller_dag.py took 0.086 seconds
[2022-12-31T21:09:54.605+0700] {processor.py:153} INFO - Started process (PID=19854) to work on /home/dmk/anaconda3/lib/python3.9/site-packages/airflow/example_dags/example_trigger_controller_dag.py
[2022-12-31T21:09:54.610+0700] {processor.py:743} INFO - Processing file /home/dmk/anaconda3/lib/python3.9/site-packages/airflow/example_dags/example_trigger_controller_dag.py for tasks to queue
[2022-12-31T21:09:54.611+0700] {logging_mixin.py:137} INFO - [2022-12-31T21:09:54.611+0700] {dagbag.py:538} INFO - Filling up the DagBag from /home/dmk/anaconda3/lib/python3.9/site-packages/airflow/example_dags/example_trigger_controller_dag.py
[2022-12-31T21:09:54.635+0700] {processor.py:753} INFO - DAG(s) dict_keys(['example_trigger_controller_dag']) retrieved from /home/dmk/anaconda3/lib/python3.9/site-packages/airflow/example_dags/example_trigger_controller_dag.py
[2022-12-31T21:09:54.663+0700] {logging_mixin.py:137} INFO - [2022-12-31T21:09:54.663+0700] {dag.py:2676} INFO - Sync 1 DAGs
[2022-12-31T21:09:54.680+0700] {logging_mixin.py:137} INFO - [2022-12-31T21:09:54.680+0700] {dag.py:3423} INFO - Setting next_dagrun for example_trigger_controller_dag to 2021-01-01T00:00:00+00:00, run_after=2021-01-01T00:00:00+00:00
[2022-12-31T21:09:54.705+0700] {processor.py:175} INFO - Processing /home/dmk/anaconda3/lib/python3.9/site-packages/airflow/example_dags/example_trigger_controller_dag.py took 0.104 seconds
[2022-12-31T21:10:44.719+0700] {processor.py:153} INFO - Started process (PID=20097) to work on /home/dmk/anaconda3/lib/python3.9/site-packages/airflow/example_dags/example_trigger_controller_dag.py
[2022-12-31T21:10:44.723+0700] {processor.py:743} INFO - Processing file /home/dmk/anaconda3/lib/python3.9/site-packages/airflow/example_dags/example_trigger_controller_dag.py for tasks to queue
[2022-12-31T21:10:44.724+0700] {logging_mixin.py:137} INFO - [2022-12-31T21:10:44.723+0700] {dagbag.py:538} INFO - Filling up the DagBag from /home/dmk/anaconda3/lib/python3.9/site-packages/airflow/example_dags/example_trigger_controller_dag.py
[2022-12-31T21:10:44.735+0700] {processor.py:753} INFO - DAG(s) dict_keys(['example_trigger_controller_dag']) retrieved from /home/dmk/anaconda3/lib/python3.9/site-packages/airflow/example_dags/example_trigger_controller_dag.py
[2022-12-31T21:10:44.763+0700] {logging_mixin.py:137} INFO - [2022-12-31T21:10:44.763+0700] {dag.py:2676} INFO - Sync 1 DAGs
[2022-12-31T21:10:44.783+0700] {logging_mixin.py:137} INFO - [2022-12-31T21:10:44.782+0700] {dag.py:3423} INFO - Setting next_dagrun for example_trigger_controller_dag to 2021-01-01T00:00:00+00:00, run_after=2021-01-01T00:00:00+00:00
[2022-12-31T21:10:44.809+0700] {processor.py:175} INFO - Processing /home/dmk/anaconda3/lib/python3.9/site-packages/airflow/example_dags/example_trigger_controller_dag.py took 0.093 seconds
[2022-12-31T21:11:35.537+0700] {processor.py:153} INFO - Started process (PID=20240) to work on /home/dmk/anaconda3/lib/python3.9/site-packages/airflow/example_dags/example_trigger_controller_dag.py
[2022-12-31T21:11:35.541+0700] {processor.py:743} INFO - Processing file /home/dmk/anaconda3/lib/python3.9/site-packages/airflow/example_dags/example_trigger_controller_dag.py for tasks to queue
[2022-12-31T21:11:35.542+0700] {logging_mixin.py:137} INFO - [2022-12-31T21:11:35.542+0700] {dagbag.py:538} INFO - Filling up the DagBag from /home/dmk/anaconda3/lib/python3.9/site-packages/airflow/example_dags/example_trigger_controller_dag.py
[2022-12-31T21:11:35.557+0700] {processor.py:753} INFO - DAG(s) dict_keys(['example_trigger_controller_dag']) retrieved from /home/dmk/anaconda3/lib/python3.9/site-packages/airflow/example_dags/example_trigger_controller_dag.py
[2022-12-31T21:11:35.601+0700] {logging_mixin.py:137} INFO - [2022-12-31T21:11:35.601+0700] {dag.py:2676} INFO - Sync 1 DAGs
[2022-12-31T21:11:35.626+0700] {logging_mixin.py:137} INFO - [2022-12-31T21:11:35.626+0700] {dag.py:3423} INFO - Setting next_dagrun for example_trigger_controller_dag to 2021-01-01T00:00:00+00:00, run_after=2021-01-01T00:00:00+00:00
[2022-12-31T21:11:35.667+0700] {processor.py:175} INFO - Processing /home/dmk/anaconda3/lib/python3.9/site-packages/airflow/example_dags/example_trigger_controller_dag.py took 0.134 seconds
[2022-12-31T21:12:21.277+0700] {processor.py:153} INFO - Started process (PID=20393) to work on /home/dmk/anaconda3/lib/python3.9/site-packages/airflow/example_dags/example_trigger_controller_dag.py
[2022-12-31T21:12:21.282+0700] {processor.py:743} INFO - Processing file /home/dmk/anaconda3/lib/python3.9/site-packages/airflow/example_dags/example_trigger_controller_dag.py for tasks to queue
[2022-12-31T21:12:21.284+0700] {logging_mixin.py:137} INFO - [2022-12-31T21:12:21.284+0700] {dagbag.py:538} INFO - Filling up the DagBag from /home/dmk/anaconda3/lib/python3.9/site-packages/airflow/example_dags/example_trigger_controller_dag.py
[2022-12-31T21:12:21.320+0700] {processor.py:753} INFO - DAG(s) dict_keys(['example_trigger_controller_dag']) retrieved from /home/dmk/anaconda3/lib/python3.9/site-packages/airflow/example_dags/example_trigger_controller_dag.py
[2022-12-31T21:12:21.354+0700] {logging_mixin.py:137} INFO - [2022-12-31T21:12:21.354+0700] {dag.py:2676} INFO - Sync 1 DAGs
[2022-12-31T21:12:21.372+0700] {logging_mixin.py:137} INFO - [2022-12-31T21:12:21.372+0700] {dag.py:3423} INFO - Setting next_dagrun for example_trigger_controller_dag to 2021-01-01T00:00:00+00:00, run_after=2021-01-01T00:00:00+00:00
[2022-12-31T21:12:21.394+0700] {processor.py:175} INFO - Processing /home/dmk/anaconda3/lib/python3.9/site-packages/airflow/example_dags/example_trigger_controller_dag.py took 0.127 seconds
[2022-12-31T21:13:09.880+0700] {processor.py:153} INFO - Started process (PID=20555) to work on /home/dmk/anaconda3/lib/python3.9/site-packages/airflow/example_dags/example_trigger_controller_dag.py
[2022-12-31T21:13:09.883+0700] {processor.py:743} INFO - Processing file /home/dmk/anaconda3/lib/python3.9/site-packages/airflow/example_dags/example_trigger_controller_dag.py for tasks to queue
[2022-12-31T21:13:09.883+0700] {logging_mixin.py:137} INFO - [2022-12-31T21:13:09.883+0700] {dagbag.py:538} INFO - Filling up the DagBag from /home/dmk/anaconda3/lib/python3.9/site-packages/airflow/example_dags/example_trigger_controller_dag.py
[2022-12-31T21:13:09.893+0700] {processor.py:753} INFO - DAG(s) dict_keys(['example_trigger_controller_dag']) retrieved from /home/dmk/anaconda3/lib/python3.9/site-packages/airflow/example_dags/example_trigger_controller_dag.py
[2022-12-31T21:13:09.918+0700] {logging_mixin.py:137} INFO - [2022-12-31T21:13:09.917+0700] {dag.py:2676} INFO - Sync 1 DAGs
[2022-12-31T21:13:09.935+0700] {logging_mixin.py:137} INFO - [2022-12-31T21:13:09.935+0700] {dag.py:3423} INFO - Setting next_dagrun for example_trigger_controller_dag to 2021-01-01T00:00:00+00:00, run_after=2021-01-01T00:00:00+00:00
[2022-12-31T21:13:09.966+0700] {processor.py:175} INFO - Processing /home/dmk/anaconda3/lib/python3.9/site-packages/airflow/example_dags/example_trigger_controller_dag.py took 0.088 seconds
[2022-12-31T21:13:58.476+0700] {processor.py:153} INFO - Started process (PID=20800) to work on /home/dmk/anaconda3/lib/python3.9/site-packages/airflow/example_dags/example_trigger_controller_dag.py
[2022-12-31T21:13:58.480+0700] {processor.py:743} INFO - Processing file /home/dmk/anaconda3/lib/python3.9/site-packages/airflow/example_dags/example_trigger_controller_dag.py for tasks to queue
[2022-12-31T21:13:58.481+0700] {logging_mixin.py:137} INFO - [2022-12-31T21:13:58.480+0700] {dagbag.py:538} INFO - Filling up the DagBag from /home/dmk/anaconda3/lib/python3.9/site-packages/airflow/example_dags/example_trigger_controller_dag.py
[2022-12-31T21:13:58.491+0700] {processor.py:753} INFO - DAG(s) dict_keys(['example_trigger_controller_dag']) retrieved from /home/dmk/anaconda3/lib/python3.9/site-packages/airflow/example_dags/example_trigger_controller_dag.py
[2022-12-31T21:13:58.519+0700] {logging_mixin.py:137} INFO - [2022-12-31T21:13:58.519+0700] {dag.py:2676} INFO - Sync 1 DAGs
[2022-12-31T21:13:58.537+0700] {logging_mixin.py:137} INFO - [2022-12-31T21:13:58.537+0700] {dag.py:3423} INFO - Setting next_dagrun for example_trigger_controller_dag to 2021-01-01T00:00:00+00:00, run_after=2021-01-01T00:00:00+00:00
[2022-12-31T21:13:58.565+0700] {processor.py:175} INFO - Processing /home/dmk/anaconda3/lib/python3.9/site-packages/airflow/example_dags/example_trigger_controller_dag.py took 0.092 seconds
[2022-12-31T21:14:49.317+0700] {processor.py:153} INFO - Started process (PID=22003) to work on /home/dmk/anaconda3/lib/python3.9/site-packages/airflow/example_dags/example_trigger_controller_dag.py
[2022-12-31T21:14:49.321+0700] {processor.py:743} INFO - Processing file /home/dmk/anaconda3/lib/python3.9/site-packages/airflow/example_dags/example_trigger_controller_dag.py for tasks to queue
[2022-12-31T21:14:49.322+0700] {logging_mixin.py:137} INFO - [2022-12-31T21:14:49.322+0700] {dagbag.py:538} INFO - Filling up the DagBag from /home/dmk/anaconda3/lib/python3.9/site-packages/airflow/example_dags/example_trigger_controller_dag.py
[2022-12-31T21:14:49.333+0700] {processor.py:753} INFO - DAG(s) dict_keys(['example_trigger_controller_dag']) retrieved from /home/dmk/anaconda3/lib/python3.9/site-packages/airflow/example_dags/example_trigger_controller_dag.py
[2022-12-31T21:14:49.363+0700] {logging_mixin.py:137} INFO - [2022-12-31T21:14:49.362+0700] {dag.py:2676} INFO - Sync 1 DAGs
[2022-12-31T21:14:49.383+0700] {logging_mixin.py:137} INFO - [2022-12-31T21:14:49.382+0700] {dag.py:3423} INFO - Setting next_dagrun for example_trigger_controller_dag to 2021-01-01T00:00:00+00:00, run_after=2021-01-01T00:00:00+00:00
[2022-12-31T21:14:49.407+0700] {processor.py:175} INFO - Processing /home/dmk/anaconda3/lib/python3.9/site-packages/airflow/example_dags/example_trigger_controller_dag.py took 0.092 seconds
[2022-12-31T21:15:39.683+0700] {processor.py:153} INFO - Started process (PID=22209) to work on /home/dmk/anaconda3/lib/python3.9/site-packages/airflow/example_dags/example_trigger_controller_dag.py
[2022-12-31T21:15:39.687+0700] {processor.py:743} INFO - Processing file /home/dmk/anaconda3/lib/python3.9/site-packages/airflow/example_dags/example_trigger_controller_dag.py for tasks to queue
[2022-12-31T21:15:39.689+0700] {logging_mixin.py:137} INFO - [2022-12-31T21:15:39.688+0700] {dagbag.py:538} INFO - Filling up the DagBag from /home/dmk/anaconda3/lib/python3.9/site-packages/airflow/example_dags/example_trigger_controller_dag.py
[2022-12-31T21:15:39.709+0700] {processor.py:753} INFO - DAG(s) dict_keys(['example_trigger_controller_dag']) retrieved from /home/dmk/anaconda3/lib/python3.9/site-packages/airflow/example_dags/example_trigger_controller_dag.py
[2022-12-31T21:15:39.737+0700] {logging_mixin.py:137} INFO - [2022-12-31T21:15:39.737+0700] {dag.py:2676} INFO - Sync 1 DAGs
[2022-12-31T21:15:39.754+0700] {logging_mixin.py:137} INFO - [2022-12-31T21:15:39.754+0700] {dag.py:3423} INFO - Setting next_dagrun for example_trigger_controller_dag to 2021-01-01T00:00:00+00:00, run_after=2021-01-01T00:00:00+00:00
[2022-12-31T21:15:39.783+0700] {processor.py:175} INFO - Processing /home/dmk/anaconda3/lib/python3.9/site-packages/airflow/example_dags/example_trigger_controller_dag.py took 0.107 seconds
[2022-12-31T21:16:18.970+0700] {processor.py:153} INFO - Started process (PID=22691) to work on /home/dmk/anaconda3/lib/python3.9/site-packages/airflow/example_dags/example_trigger_controller_dag.py
[2022-12-31T21:16:18.974+0700] {processor.py:743} INFO - Processing file /home/dmk/anaconda3/lib/python3.9/site-packages/airflow/example_dags/example_trigger_controller_dag.py for tasks to queue
[2022-12-31T21:16:18.974+0700] {logging_mixin.py:137} INFO - [2022-12-31T21:16:18.974+0700] {dagbag.py:538} INFO - Filling up the DagBag from /home/dmk/anaconda3/lib/python3.9/site-packages/airflow/example_dags/example_trigger_controller_dag.py
[2022-12-31T21:16:18.985+0700] {processor.py:753} INFO - DAG(s) dict_keys(['example_trigger_controller_dag']) retrieved from /home/dmk/anaconda3/lib/python3.9/site-packages/airflow/example_dags/example_trigger_controller_dag.py
[2022-12-31T21:16:19.013+0700] {logging_mixin.py:137} INFO - [2022-12-31T21:16:19.013+0700] {dag.py:2676} INFO - Sync 1 DAGs
[2022-12-31T21:16:19.031+0700] {logging_mixin.py:137} INFO - [2022-12-31T21:16:19.031+0700] {dag.py:3423} INFO - Setting next_dagrun for example_trigger_controller_dag to 2021-01-01T00:00:00+00:00, run_after=2021-01-01T00:00:00+00:00
[2022-12-31T21:16:19.059+0700] {processor.py:175} INFO - Processing /home/dmk/anaconda3/lib/python3.9/site-packages/airflow/example_dags/example_trigger_controller_dag.py took 0.091 seconds
[2022-12-31T21:17:04.687+0700] {processor.py:153} INFO - Started process (PID=23518) to work on /home/dmk/anaconda3/lib/python3.9/site-packages/airflow/example_dags/example_trigger_controller_dag.py
[2022-12-31T21:17:04.691+0700] {processor.py:743} INFO - Processing file /home/dmk/anaconda3/lib/python3.9/site-packages/airflow/example_dags/example_trigger_controller_dag.py for tasks to queue
[2022-12-31T21:17:04.692+0700] {logging_mixin.py:137} INFO - [2022-12-31T21:17:04.692+0700] {dagbag.py:538} INFO - Filling up the DagBag from /home/dmk/anaconda3/lib/python3.9/site-packages/airflow/example_dags/example_trigger_controller_dag.py
[2022-12-31T21:17:04.704+0700] {processor.py:753} INFO - DAG(s) dict_keys(['example_trigger_controller_dag']) retrieved from /home/dmk/anaconda3/lib/python3.9/site-packages/airflow/example_dags/example_trigger_controller_dag.py
[2022-12-31T21:17:04.730+0700] {logging_mixin.py:137} INFO - [2022-12-31T21:17:04.730+0700] {dag.py:2676} INFO - Sync 1 DAGs
[2022-12-31T21:17:04.749+0700] {logging_mixin.py:137} INFO - [2022-12-31T21:17:04.749+0700] {dag.py:3423} INFO - Setting next_dagrun for example_trigger_controller_dag to 2021-01-01T00:00:00+00:00, run_after=2021-01-01T00:00:00+00:00
[2022-12-31T21:17:04.783+0700] {processor.py:175} INFO - Processing /home/dmk/anaconda3/lib/python3.9/site-packages/airflow/example_dags/example_trigger_controller_dag.py took 0.101 seconds
[2022-12-31T21:17:52.745+0700] {processor.py:153} INFO - Started process (PID=23652) to work on /home/dmk/anaconda3/lib/python3.9/site-packages/airflow/example_dags/example_trigger_controller_dag.py
[2022-12-31T21:17:52.747+0700] {processor.py:743} INFO - Processing file /home/dmk/anaconda3/lib/python3.9/site-packages/airflow/example_dags/example_trigger_controller_dag.py for tasks to queue
[2022-12-31T21:17:52.747+0700] {logging_mixin.py:137} INFO - [2022-12-31T21:17:52.747+0700] {dagbag.py:538} INFO - Filling up the DagBag from /home/dmk/anaconda3/lib/python3.9/site-packages/airflow/example_dags/example_trigger_controller_dag.py
[2022-12-31T21:17:52.758+0700] {processor.py:753} INFO - DAG(s) dict_keys(['example_trigger_controller_dag']) retrieved from /home/dmk/anaconda3/lib/python3.9/site-packages/airflow/example_dags/example_trigger_controller_dag.py
[2022-12-31T21:17:52.786+0700] {logging_mixin.py:137} INFO - [2022-12-31T21:17:52.786+0700] {dag.py:2676} INFO - Sync 1 DAGs
[2022-12-31T21:17:52.805+0700] {logging_mixin.py:137} INFO - [2022-12-31T21:17:52.805+0700] {dag.py:3423} INFO - Setting next_dagrun for example_trigger_controller_dag to 2021-01-01T00:00:00+00:00, run_after=2021-01-01T00:00:00+00:00
[2022-12-31T21:17:52.835+0700] {processor.py:175} INFO - Processing /home/dmk/anaconda3/lib/python3.9/site-packages/airflow/example_dags/example_trigger_controller_dag.py took 0.094 seconds
[2022-12-31T21:19:05.398+0700] {processor.py:153} INFO - Started process (PID=24102) to work on /home/dmk/anaconda3/lib/python3.9/site-packages/airflow/example_dags/example_trigger_controller_dag.py
[2022-12-31T21:19:05.402+0700] {processor.py:743} INFO - Processing file /home/dmk/anaconda3/lib/python3.9/site-packages/airflow/example_dags/example_trigger_controller_dag.py for tasks to queue
[2022-12-31T21:19:05.403+0700] {logging_mixin.py:137} INFO - [2022-12-31T21:19:05.403+0700] {dagbag.py:538} INFO - Filling up the DagBag from /home/dmk/anaconda3/lib/python3.9/site-packages/airflow/example_dags/example_trigger_controller_dag.py
[2022-12-31T21:19:05.417+0700] {processor.py:753} INFO - DAG(s) dict_keys(['example_trigger_controller_dag']) retrieved from /home/dmk/anaconda3/lib/python3.9/site-packages/airflow/example_dags/example_trigger_controller_dag.py
[2022-12-31T21:19:05.441+0700] {logging_mixin.py:137} INFO - [2022-12-31T21:19:05.441+0700] {dag.py:2676} INFO - Sync 1 DAGs
[2022-12-31T21:19:05.470+0700] {logging_mixin.py:137} INFO - [2022-12-31T21:19:05.470+0700] {dag.py:3423} INFO - Setting next_dagrun for example_trigger_controller_dag to 2021-01-01T00:00:00+00:00, run_after=2021-01-01T00:00:00+00:00
[2022-12-31T21:19:05.515+0700] {processor.py:175} INFO - Processing /home/dmk/anaconda3/lib/python3.9/site-packages/airflow/example_dags/example_trigger_controller_dag.py took 0.119 seconds
[2022-12-31T21:19:55.123+0700] {processor.py:153} INFO - Started process (PID=24224) to work on /home/dmk/anaconda3/lib/python3.9/site-packages/airflow/example_dags/example_trigger_controller_dag.py
[2022-12-31T21:19:55.129+0700] {processor.py:743} INFO - Processing file /home/dmk/anaconda3/lib/python3.9/site-packages/airflow/example_dags/example_trigger_controller_dag.py for tasks to queue
[2022-12-31T21:19:55.132+0700] {logging_mixin.py:137} INFO - [2022-12-31T21:19:55.132+0700] {dagbag.py:538} INFO - Filling up the DagBag from /home/dmk/anaconda3/lib/python3.9/site-packages/airflow/example_dags/example_trigger_controller_dag.py
[2022-12-31T21:19:55.172+0700] {processor.py:753} INFO - DAG(s) dict_keys(['example_trigger_controller_dag']) retrieved from /home/dmk/anaconda3/lib/python3.9/site-packages/airflow/example_dags/example_trigger_controller_dag.py
[2022-12-31T21:19:55.209+0700] {logging_mixin.py:137} INFO - [2022-12-31T21:19:55.209+0700] {dag.py:2676} INFO - Sync 1 DAGs
[2022-12-31T21:19:55.328+0700] {logging_mixin.py:137} INFO - [2022-12-31T21:19:55.328+0700] {dag.py:3423} INFO - Setting next_dagrun for example_trigger_controller_dag to 2021-01-01T00:00:00+00:00, run_after=2021-01-01T00:00:00+00:00
[2022-12-31T21:19:55.366+0700] {processor.py:175} INFO - Processing /home/dmk/anaconda3/lib/python3.9/site-packages/airflow/example_dags/example_trigger_controller_dag.py took 0.255 seconds
[2022-12-31T21:20:50.145+0700] {processor.py:153} INFO - Started process (PID=24486) to work on /home/dmk/anaconda3/lib/python3.9/site-packages/airflow/example_dags/example_trigger_controller_dag.py
[2022-12-31T21:20:50.150+0700] {processor.py:743} INFO - Processing file /home/dmk/anaconda3/lib/python3.9/site-packages/airflow/example_dags/example_trigger_controller_dag.py for tasks to queue
[2022-12-31T21:20:50.152+0700] {logging_mixin.py:137} INFO - [2022-12-31T21:20:50.152+0700] {dagbag.py:538} INFO - Filling up the DagBag from /home/dmk/anaconda3/lib/python3.9/site-packages/airflow/example_dags/example_trigger_controller_dag.py
[2022-12-31T21:20:50.170+0700] {processor.py:753} INFO - DAG(s) dict_keys(['example_trigger_controller_dag']) retrieved from /home/dmk/anaconda3/lib/python3.9/site-packages/airflow/example_dags/example_trigger_controller_dag.py
[2022-12-31T21:20:50.196+0700] {logging_mixin.py:137} INFO - [2022-12-31T21:20:50.196+0700] {dag.py:2676} INFO - Sync 1 DAGs
[2022-12-31T21:20:50.306+0700] {logging_mixin.py:137} INFO - [2022-12-31T21:20:50.305+0700] {dag.py:3423} INFO - Setting next_dagrun for example_trigger_controller_dag to 2021-01-01T00:00:00+00:00, run_after=2021-01-01T00:00:00+00:00
[2022-12-31T21:20:50.335+0700] {processor.py:175} INFO - Processing /home/dmk/anaconda3/lib/python3.9/site-packages/airflow/example_dags/example_trigger_controller_dag.py took 0.198 seconds
[2022-12-31T21:22:28.297+0700] {processor.py:153} INFO - Started process (PID=25180) to work on /home/dmk/anaconda3/lib/python3.9/site-packages/airflow/example_dags/example_trigger_controller_dag.py
[2022-12-31T21:22:28.301+0700] {processor.py:743} INFO - Processing file /home/dmk/anaconda3/lib/python3.9/site-packages/airflow/example_dags/example_trigger_controller_dag.py for tasks to queue
[2022-12-31T21:22:28.302+0700] {logging_mixin.py:137} INFO - [2022-12-31T21:22:28.302+0700] {dagbag.py:538} INFO - Filling up the DagBag from /home/dmk/anaconda3/lib/python3.9/site-packages/airflow/example_dags/example_trigger_controller_dag.py
[2022-12-31T21:22:28.317+0700] {processor.py:753} INFO - DAG(s) dict_keys(['example_trigger_controller_dag']) retrieved from /home/dmk/anaconda3/lib/python3.9/site-packages/airflow/example_dags/example_trigger_controller_dag.py
[2022-12-31T21:22:28.343+0700] {logging_mixin.py:137} INFO - [2022-12-31T21:22:28.343+0700] {dag.py:2676} INFO - Sync 1 DAGs
[2022-12-31T21:22:28.360+0700] {logging_mixin.py:137} INFO - [2022-12-31T21:22:28.359+0700] {dag.py:3423} INFO - Setting next_dagrun for example_trigger_controller_dag to 2021-01-01T00:00:00+00:00, run_after=2021-01-01T00:00:00+00:00
[2022-12-31T21:22:28.481+0700] {processor.py:175} INFO - Processing /home/dmk/anaconda3/lib/python3.9/site-packages/airflow/example_dags/example_trigger_controller_dag.py took 0.187 seconds
[2022-12-31T21:23:17.698+0700] {processor.py:153} INFO - Started process (PID=25414) to work on /home/dmk/anaconda3/lib/python3.9/site-packages/airflow/example_dags/example_trigger_controller_dag.py
[2022-12-31T21:23:17.702+0700] {processor.py:743} INFO - Processing file /home/dmk/anaconda3/lib/python3.9/site-packages/airflow/example_dags/example_trigger_controller_dag.py for tasks to queue
[2022-12-31T21:23:17.703+0700] {logging_mixin.py:137} INFO - [2022-12-31T21:23:17.703+0700] {dagbag.py:538} INFO - Filling up the DagBag from /home/dmk/anaconda3/lib/python3.9/site-packages/airflow/example_dags/example_trigger_controller_dag.py
[2022-12-31T21:23:17.723+0700] {processor.py:753} INFO - DAG(s) dict_keys(['example_trigger_controller_dag']) retrieved from /home/dmk/anaconda3/lib/python3.9/site-packages/airflow/example_dags/example_trigger_controller_dag.py
[2022-12-31T21:23:17.751+0700] {logging_mixin.py:137} INFO - [2022-12-31T21:23:17.751+0700] {dag.py:2676} INFO - Sync 1 DAGs
[2022-12-31T21:23:17.867+0700] {logging_mixin.py:137} INFO - [2022-12-31T21:23:17.867+0700] {dag.py:3423} INFO - Setting next_dagrun for example_trigger_controller_dag to 2021-01-01T00:00:00+00:00, run_after=2021-01-01T00:00:00+00:00
[2022-12-31T21:23:17.899+0700] {processor.py:175} INFO - Processing /home/dmk/anaconda3/lib/python3.9/site-packages/airflow/example_dags/example_trigger_controller_dag.py took 0.205 seconds
[2022-12-31T21:24:23.078+0700] {processor.py:153} INFO - Started process (PID=25615) to work on /home/dmk/anaconda3/lib/python3.9/site-packages/airflow/example_dags/example_trigger_controller_dag.py
[2022-12-31T21:24:23.082+0700] {processor.py:743} INFO - Processing file /home/dmk/anaconda3/lib/python3.9/site-packages/airflow/example_dags/example_trigger_controller_dag.py for tasks to queue
[2022-12-31T21:24:23.083+0700] {logging_mixin.py:137} INFO - [2022-12-31T21:24:23.083+0700] {dagbag.py:538} INFO - Filling up the DagBag from /home/dmk/anaconda3/lib/python3.9/site-packages/airflow/example_dags/example_trigger_controller_dag.py
[2022-12-31T21:24:23.095+0700] {processor.py:753} INFO - DAG(s) dict_keys(['example_trigger_controller_dag']) retrieved from /home/dmk/anaconda3/lib/python3.9/site-packages/airflow/example_dags/example_trigger_controller_dag.py
[2022-12-31T21:24:23.128+0700] {logging_mixin.py:137} INFO - [2022-12-31T21:24:23.127+0700] {dag.py:2676} INFO - Sync 1 DAGs
[2022-12-31T21:24:23.256+0700] {logging_mixin.py:137} INFO - [2022-12-31T21:24:23.256+0700] {dag.py:3423} INFO - Setting next_dagrun for example_trigger_controller_dag to 2021-01-01T00:00:00+00:00, run_after=2021-01-01T00:00:00+00:00
[2022-12-31T21:24:23.290+0700] {processor.py:175} INFO - Processing /home/dmk/anaconda3/lib/python3.9/site-packages/airflow/example_dags/example_trigger_controller_dag.py took 0.215 seconds
[2022-12-31T21:25:12.343+0700] {processor.py:153} INFO - Started process (PID=25746) to work on /home/dmk/anaconda3/lib/python3.9/site-packages/airflow/example_dags/example_trigger_controller_dag.py
[2022-12-31T21:25:12.346+0700] {processor.py:743} INFO - Processing file /home/dmk/anaconda3/lib/python3.9/site-packages/airflow/example_dags/example_trigger_controller_dag.py for tasks to queue
[2022-12-31T21:25:12.347+0700] {logging_mixin.py:137} INFO - [2022-12-31T21:25:12.347+0700] {dagbag.py:538} INFO - Filling up the DagBag from /home/dmk/anaconda3/lib/python3.9/site-packages/airflow/example_dags/example_trigger_controller_dag.py
[2022-12-31T21:25:12.357+0700] {processor.py:753} INFO - DAG(s) dict_keys(['example_trigger_controller_dag']) retrieved from /home/dmk/anaconda3/lib/python3.9/site-packages/airflow/example_dags/example_trigger_controller_dag.py
[2022-12-31T21:25:12.474+0700] {logging_mixin.py:137} INFO - [2022-12-31T21:25:12.474+0700] {dag.py:2676} INFO - Sync 1 DAGs
[2022-12-31T21:25:12.490+0700] {logging_mixin.py:137} INFO - [2022-12-31T21:25:12.489+0700] {dag.py:3423} INFO - Setting next_dagrun for example_trigger_controller_dag to 2021-01-01T00:00:00+00:00, run_after=2021-01-01T00:00:00+00:00
[2022-12-31T21:25:12.517+0700] {processor.py:175} INFO - Processing /home/dmk/anaconda3/lib/python3.9/site-packages/airflow/example_dags/example_trigger_controller_dag.py took 0.177 seconds
[2022-12-31T21:25:55.787+0700] {processor.py:153} INFO - Started process (PID=25890) to work on /home/dmk/anaconda3/lib/python3.9/site-packages/airflow/example_dags/example_trigger_controller_dag.py
[2022-12-31T21:25:55.791+0700] {processor.py:743} INFO - Processing file /home/dmk/anaconda3/lib/python3.9/site-packages/airflow/example_dags/example_trigger_controller_dag.py for tasks to queue
[2022-12-31T21:25:55.793+0700] {logging_mixin.py:137} INFO - [2022-12-31T21:25:55.792+0700] {dagbag.py:538} INFO - Filling up the DagBag from /home/dmk/anaconda3/lib/python3.9/site-packages/airflow/example_dags/example_trigger_controller_dag.py
[2022-12-31T21:25:55.832+0700] {processor.py:753} INFO - DAG(s) dict_keys(['example_trigger_controller_dag']) retrieved from /home/dmk/anaconda3/lib/python3.9/site-packages/airflow/example_dags/example_trigger_controller_dag.py
[2022-12-31T21:25:55.975+0700] {logging_mixin.py:137} INFO - [2022-12-31T21:25:55.974+0700] {dag.py:2676} INFO - Sync 1 DAGs
[2022-12-31T21:25:55.992+0700] {logging_mixin.py:137} INFO - [2022-12-31T21:25:55.992+0700] {dag.py:3423} INFO - Setting next_dagrun for example_trigger_controller_dag to 2021-01-01T00:00:00+00:00, run_after=2021-01-01T00:00:00+00:00
[2022-12-31T21:25:56.026+0700] {processor.py:175} INFO - Processing /home/dmk/anaconda3/lib/python3.9/site-packages/airflow/example_dags/example_trigger_controller_dag.py took 0.251 seconds
[2022-12-31T21:26:46.622+0700] {processor.py:153} INFO - Started process (PID=25986) to work on /home/dmk/anaconda3/lib/python3.9/site-packages/airflow/example_dags/example_trigger_controller_dag.py
[2022-12-31T21:26:46.627+0700] {processor.py:743} INFO - Processing file /home/dmk/anaconda3/lib/python3.9/site-packages/airflow/example_dags/example_trigger_controller_dag.py for tasks to queue
[2022-12-31T21:26:46.631+0700] {logging_mixin.py:137} INFO - [2022-12-31T21:26:46.630+0700] {dagbag.py:538} INFO - Filling up the DagBag from /home/dmk/anaconda3/lib/python3.9/site-packages/airflow/example_dags/example_trigger_controller_dag.py
[2022-12-31T21:26:46.808+0700] {processor.py:753} INFO - DAG(s) dict_keys(['example_trigger_controller_dag']) retrieved from /home/dmk/anaconda3/lib/python3.9/site-packages/airflow/example_dags/example_trigger_controller_dag.py
[2022-12-31T21:26:46.842+0700] {logging_mixin.py:137} INFO - [2022-12-31T21:26:46.841+0700] {dag.py:2676} INFO - Sync 1 DAGs
[2022-12-31T21:26:46.862+0700] {logging_mixin.py:137} INFO - [2022-12-31T21:26:46.862+0700] {dag.py:3423} INFO - Setting next_dagrun for example_trigger_controller_dag to 2021-01-01T00:00:00+00:00, run_after=2021-01-01T00:00:00+00:00
[2022-12-31T21:26:46.898+0700] {processor.py:175} INFO - Processing /home/dmk/anaconda3/lib/python3.9/site-packages/airflow/example_dags/example_trigger_controller_dag.py took 0.288 seconds
[2022-12-31T21:27:47.388+0700] {processor.py:153} INFO - Started process (PID=26103) to work on /home/dmk/anaconda3/lib/python3.9/site-packages/airflow/example_dags/example_trigger_controller_dag.py
[2022-12-31T21:27:47.390+0700] {processor.py:743} INFO - Processing file /home/dmk/anaconda3/lib/python3.9/site-packages/airflow/example_dags/example_trigger_controller_dag.py for tasks to queue
[2022-12-31T21:27:47.391+0700] {logging_mixin.py:137} INFO - [2022-12-31T21:27:47.391+0700] {dagbag.py:538} INFO - Filling up the DagBag from /home/dmk/anaconda3/lib/python3.9/site-packages/airflow/example_dags/example_trigger_controller_dag.py
[2022-12-31T21:27:47.404+0700] {processor.py:753} INFO - DAG(s) dict_keys(['example_trigger_controller_dag']) retrieved from /home/dmk/anaconda3/lib/python3.9/site-packages/airflow/example_dags/example_trigger_controller_dag.py
[2022-12-31T21:27:47.432+0700] {logging_mixin.py:137} INFO - [2022-12-31T21:27:47.432+0700] {dag.py:2676} INFO - Sync 1 DAGs
[2022-12-31T21:27:47.451+0700] {logging_mixin.py:137} INFO - [2022-12-31T21:27:47.451+0700] {dag.py:3423} INFO - Setting next_dagrun for example_trigger_controller_dag to 2021-01-01T00:00:00+00:00, run_after=2021-01-01T00:00:00+00:00
[2022-12-31T21:27:47.484+0700] {processor.py:175} INFO - Processing /home/dmk/anaconda3/lib/python3.9/site-packages/airflow/example_dags/example_trigger_controller_dag.py took 0.099 seconds
[2022-12-31T21:28:37.373+0700] {processor.py:153} INFO - Started process (PID=26195) to work on /home/dmk/anaconda3/lib/python3.9/site-packages/airflow/example_dags/example_trigger_controller_dag.py
[2022-12-31T21:28:37.376+0700] {processor.py:743} INFO - Processing file /home/dmk/anaconda3/lib/python3.9/site-packages/airflow/example_dags/example_trigger_controller_dag.py for tasks to queue
[2022-12-31T21:28:37.377+0700] {logging_mixin.py:137} INFO - [2022-12-31T21:28:37.377+0700] {dagbag.py:538} INFO - Filling up the DagBag from /home/dmk/anaconda3/lib/python3.9/site-packages/airflow/example_dags/example_trigger_controller_dag.py
[2022-12-31T21:28:37.391+0700] {processor.py:753} INFO - DAG(s) dict_keys(['example_trigger_controller_dag']) retrieved from /home/dmk/anaconda3/lib/python3.9/site-packages/airflow/example_dags/example_trigger_controller_dag.py
[2022-12-31T21:28:37.423+0700] {logging_mixin.py:137} INFO - [2022-12-31T21:28:37.422+0700] {dag.py:2676} INFO - Sync 1 DAGs
[2022-12-31T21:28:37.449+0700] {logging_mixin.py:137} INFO - [2022-12-31T21:28:37.449+0700] {dag.py:3423} INFO - Setting next_dagrun for example_trigger_controller_dag to 2021-01-01T00:00:00+00:00, run_after=2021-01-01T00:00:00+00:00
[2022-12-31T21:28:37.496+0700] {processor.py:175} INFO - Processing /home/dmk/anaconda3/lib/python3.9/site-packages/airflow/example_dags/example_trigger_controller_dag.py took 0.126 seconds
[2022-12-31T21:29:39.083+0700] {processor.py:153} INFO - Started process (PID=26319) to work on /home/dmk/anaconda3/lib/python3.9/site-packages/airflow/example_dags/example_trigger_controller_dag.py
[2022-12-31T21:29:39.087+0700] {processor.py:743} INFO - Processing file /home/dmk/anaconda3/lib/python3.9/site-packages/airflow/example_dags/example_trigger_controller_dag.py for tasks to queue
[2022-12-31T21:29:39.090+0700] {logging_mixin.py:137} INFO - [2022-12-31T21:29:39.089+0700] {dagbag.py:538} INFO - Filling up the DagBag from /home/dmk/anaconda3/lib/python3.9/site-packages/airflow/example_dags/example_trigger_controller_dag.py
[2022-12-31T21:29:39.104+0700] {processor.py:753} INFO - DAG(s) dict_keys(['example_trigger_controller_dag']) retrieved from /home/dmk/anaconda3/lib/python3.9/site-packages/airflow/example_dags/example_trigger_controller_dag.py
[2022-12-31T21:29:39.133+0700] {logging_mixin.py:137} INFO - [2022-12-31T21:29:39.133+0700] {dag.py:2676} INFO - Sync 1 DAGs
[2022-12-31T21:29:39.157+0700] {logging_mixin.py:137} INFO - [2022-12-31T21:29:39.157+0700] {dag.py:3423} INFO - Setting next_dagrun for example_trigger_controller_dag to 2021-01-01T00:00:00+00:00, run_after=2021-01-01T00:00:00+00:00
[2022-12-31T21:29:39.190+0700] {processor.py:175} INFO - Processing /home/dmk/anaconda3/lib/python3.9/site-packages/airflow/example_dags/example_trigger_controller_dag.py took 0.111 seconds
[2022-12-31T21:30:38.594+0700] {processor.py:153} INFO - Started process (PID=26477) to work on /home/dmk/anaconda3/lib/python3.9/site-packages/airflow/example_dags/example_trigger_controller_dag.py
[2022-12-31T21:30:38.598+0700] {processor.py:743} INFO - Processing file /home/dmk/anaconda3/lib/python3.9/site-packages/airflow/example_dags/example_trigger_controller_dag.py for tasks to queue
[2022-12-31T21:30:38.599+0700] {logging_mixin.py:137} INFO - [2022-12-31T21:30:38.599+0700] {dagbag.py:538} INFO - Filling up the DagBag from /home/dmk/anaconda3/lib/python3.9/site-packages/airflow/example_dags/example_trigger_controller_dag.py
[2022-12-31T21:30:38.616+0700] {processor.py:753} INFO - DAG(s) dict_keys(['example_trigger_controller_dag']) retrieved from /home/dmk/anaconda3/lib/python3.9/site-packages/airflow/example_dags/example_trigger_controller_dag.py
[2022-12-31T21:30:38.649+0700] {logging_mixin.py:137} INFO - [2022-12-31T21:30:38.649+0700] {dag.py:2676} INFO - Sync 1 DAGs
[2022-12-31T21:30:38.669+0700] {logging_mixin.py:137} INFO - [2022-12-31T21:30:38.669+0700] {dag.py:3423} INFO - Setting next_dagrun for example_trigger_controller_dag to 2021-01-01T00:00:00+00:00, run_after=2021-01-01T00:00:00+00:00
[2022-12-31T21:30:38.705+0700] {processor.py:175} INFO - Processing /home/dmk/anaconda3/lib/python3.9/site-packages/airflow/example_dags/example_trigger_controller_dag.py took 0.115 seconds
[2022-12-31T21:31:34.573+0700] {processor.py:153} INFO - Started process (PID=26576) to work on /home/dmk/anaconda3/lib/python3.9/site-packages/airflow/example_dags/example_trigger_controller_dag.py
[2022-12-31T21:31:34.580+0700] {processor.py:743} INFO - Processing file /home/dmk/anaconda3/lib/python3.9/site-packages/airflow/example_dags/example_trigger_controller_dag.py for tasks to queue
[2022-12-31T21:31:34.583+0700] {logging_mixin.py:137} INFO - [2022-12-31T21:31:34.583+0700] {dagbag.py:538} INFO - Filling up the DagBag from /home/dmk/anaconda3/lib/python3.9/site-packages/airflow/example_dags/example_trigger_controller_dag.py
[2022-12-31T21:31:34.635+0700] {processor.py:753} INFO - DAG(s) dict_keys(['example_trigger_controller_dag']) retrieved from /home/dmk/anaconda3/lib/python3.9/site-packages/airflow/example_dags/example_trigger_controller_dag.py
[2022-12-31T21:31:34.677+0700] {logging_mixin.py:137} INFO - [2022-12-31T21:31:34.677+0700] {dag.py:2676} INFO - Sync 1 DAGs
[2022-12-31T21:31:34.698+0700] {logging_mixin.py:137} INFO - [2022-12-31T21:31:34.698+0700] {dag.py:3423} INFO - Setting next_dagrun for example_trigger_controller_dag to 2021-01-01T00:00:00+00:00, run_after=2021-01-01T00:00:00+00:00
[2022-12-31T21:31:34.731+0700] {processor.py:175} INFO - Processing /home/dmk/anaconda3/lib/python3.9/site-packages/airflow/example_dags/example_trigger_controller_dag.py took 0.169 seconds
[2022-12-31T21:32:17.500+0700] {processor.py:153} INFO - Started process (PID=26653) to work on /home/dmk/anaconda3/lib/python3.9/site-packages/airflow/example_dags/example_trigger_controller_dag.py
[2022-12-31T21:32:17.505+0700] {processor.py:743} INFO - Processing file /home/dmk/anaconda3/lib/python3.9/site-packages/airflow/example_dags/example_trigger_controller_dag.py for tasks to queue
[2022-12-31T21:32:17.509+0700] {logging_mixin.py:137} INFO - [2022-12-31T21:32:17.507+0700] {dagbag.py:538} INFO - Filling up the DagBag from /home/dmk/anaconda3/lib/python3.9/site-packages/airflow/example_dags/example_trigger_controller_dag.py
[2022-12-31T21:32:17.540+0700] {processor.py:753} INFO - DAG(s) dict_keys(['example_trigger_controller_dag']) retrieved from /home/dmk/anaconda3/lib/python3.9/site-packages/airflow/example_dags/example_trigger_controller_dag.py
[2022-12-31T21:32:17.576+0700] {logging_mixin.py:137} INFO - [2022-12-31T21:32:17.576+0700] {dag.py:2676} INFO - Sync 1 DAGs
[2022-12-31T21:32:17.598+0700] {logging_mixin.py:137} INFO - [2022-12-31T21:32:17.598+0700] {dag.py:3423} INFO - Setting next_dagrun for example_trigger_controller_dag to 2021-01-01T00:00:00+00:00, run_after=2021-01-01T00:00:00+00:00
[2022-12-31T21:32:17.633+0700] {processor.py:175} INFO - Processing /home/dmk/anaconda3/lib/python3.9/site-packages/airflow/example_dags/example_trigger_controller_dag.py took 0.147 seconds
[2022-12-31T21:33:04.067+0700] {processor.py:153} INFO - Started process (PID=26744) to work on /home/dmk/anaconda3/lib/python3.9/site-packages/airflow/example_dags/example_trigger_controller_dag.py
[2022-12-31T21:33:04.068+0700] {processor.py:743} INFO - Processing file /home/dmk/anaconda3/lib/python3.9/site-packages/airflow/example_dags/example_trigger_controller_dag.py for tasks to queue
[2022-12-31T21:33:04.068+0700] {logging_mixin.py:137} INFO - [2022-12-31T21:33:04.068+0700] {dagbag.py:538} INFO - Filling up the DagBag from /home/dmk/anaconda3/lib/python3.9/site-packages/airflow/example_dags/example_trigger_controller_dag.py
[2022-12-31T21:33:04.081+0700] {processor.py:753} INFO - DAG(s) dict_keys(['example_trigger_controller_dag']) retrieved from /home/dmk/anaconda3/lib/python3.9/site-packages/airflow/example_dags/example_trigger_controller_dag.py
[2022-12-31T21:33:04.112+0700] {logging_mixin.py:137} INFO - [2022-12-31T21:33:04.112+0700] {dag.py:2676} INFO - Sync 1 DAGs
[2022-12-31T21:33:04.134+0700] {logging_mixin.py:137} INFO - [2022-12-31T21:33:04.133+0700] {dag.py:3423} INFO - Setting next_dagrun for example_trigger_controller_dag to 2021-01-01T00:00:00+00:00, run_after=2021-01-01T00:00:00+00:00
[2022-12-31T21:33:04.168+0700] {processor.py:175} INFO - Processing /home/dmk/anaconda3/lib/python3.9/site-packages/airflow/example_dags/example_trigger_controller_dag.py took 0.104 seconds
[2022-12-31T21:34:02.638+0700] {processor.py:153} INFO - Started process (PID=27249) to work on /home/dmk/anaconda3/lib/python3.9/site-packages/airflow/example_dags/example_trigger_controller_dag.py
[2022-12-31T21:34:02.643+0700] {processor.py:743} INFO - Processing file /home/dmk/anaconda3/lib/python3.9/site-packages/airflow/example_dags/example_trigger_controller_dag.py for tasks to queue
[2022-12-31T21:34:02.644+0700] {logging_mixin.py:137} INFO - [2022-12-31T21:34:02.644+0700] {dagbag.py:538} INFO - Filling up the DagBag from /home/dmk/anaconda3/lib/python3.9/site-packages/airflow/example_dags/example_trigger_controller_dag.py
[2022-12-31T21:34:02.661+0700] {processor.py:753} INFO - DAG(s) dict_keys(['example_trigger_controller_dag']) retrieved from /home/dmk/anaconda3/lib/python3.9/site-packages/airflow/example_dags/example_trigger_controller_dag.py
[2022-12-31T21:34:02.688+0700] {logging_mixin.py:137} INFO - [2022-12-31T21:34:02.687+0700] {dag.py:2676} INFO - Sync 1 DAGs
[2022-12-31T21:34:02.705+0700] {logging_mixin.py:137} INFO - [2022-12-31T21:34:02.704+0700] {dag.py:3423} INFO - Setting next_dagrun for example_trigger_controller_dag to 2021-01-01T00:00:00+00:00, run_after=2021-01-01T00:00:00+00:00
[2022-12-31T21:34:02.736+0700] {processor.py:175} INFO - Processing /home/dmk/anaconda3/lib/python3.9/site-packages/airflow/example_dags/example_trigger_controller_dag.py took 0.106 seconds
[2022-12-31T21:34:36.994+0700] {processor.py:153} INFO - Started process (PID=27624) to work on /home/dmk/anaconda3/lib/python3.9/site-packages/airflow/example_dags/example_trigger_controller_dag.py
[2022-12-31T21:34:36.998+0700] {processor.py:743} INFO - Processing file /home/dmk/anaconda3/lib/python3.9/site-packages/airflow/example_dags/example_trigger_controller_dag.py for tasks to queue
[2022-12-31T21:34:36.999+0700] {logging_mixin.py:137} INFO - [2022-12-31T21:34:36.999+0700] {dagbag.py:538} INFO - Filling up the DagBag from /home/dmk/anaconda3/lib/python3.9/site-packages/airflow/example_dags/example_trigger_controller_dag.py
[2022-12-31T21:34:37.015+0700] {processor.py:753} INFO - DAG(s) dict_keys(['example_trigger_controller_dag']) retrieved from /home/dmk/anaconda3/lib/python3.9/site-packages/airflow/example_dags/example_trigger_controller_dag.py
[2022-12-31T21:34:37.041+0700] {logging_mixin.py:137} INFO - [2022-12-31T21:34:37.041+0700] {dag.py:2676} INFO - Sync 1 DAGs
[2022-12-31T21:34:37.080+0700] {logging_mixin.py:137} INFO - [2022-12-31T21:34:37.080+0700] {dag.py:3423} INFO - Setting next_dagrun for example_trigger_controller_dag to 2021-01-01T00:00:00+00:00, run_after=2021-01-01T00:00:00+00:00
[2022-12-31T21:34:37.124+0700] {processor.py:175} INFO - Processing /home/dmk/anaconda3/lib/python3.9/site-packages/airflow/example_dags/example_trigger_controller_dag.py took 0.133 seconds
[2022-12-31T21:35:24.314+0700] {processor.py:153} INFO - Started process (PID=27867) to work on /home/dmk/anaconda3/lib/python3.9/site-packages/airflow/example_dags/example_trigger_controller_dag.py
[2022-12-31T21:35:24.319+0700] {processor.py:743} INFO - Processing file /home/dmk/anaconda3/lib/python3.9/site-packages/airflow/example_dags/example_trigger_controller_dag.py for tasks to queue
[2022-12-31T21:35:24.321+0700] {logging_mixin.py:137} INFO - [2022-12-31T21:35:24.321+0700] {dagbag.py:538} INFO - Filling up the DagBag from /home/dmk/anaconda3/lib/python3.9/site-packages/airflow/example_dags/example_trigger_controller_dag.py
[2022-12-31T21:35:24.343+0700] {processor.py:753} INFO - DAG(s) dict_keys(['example_trigger_controller_dag']) retrieved from /home/dmk/anaconda3/lib/python3.9/site-packages/airflow/example_dags/example_trigger_controller_dag.py
[2022-12-31T21:35:24.362+0700] {logging_mixin.py:137} INFO - [2022-12-31T21:35:24.362+0700] {dag.py:2676} INFO - Sync 1 DAGs
[2022-12-31T21:35:24.380+0700] {logging_mixin.py:137} INFO - [2022-12-31T21:35:24.380+0700] {dag.py:3423} INFO - Setting next_dagrun for example_trigger_controller_dag to 2021-01-01T00:00:00+00:00, run_after=2021-01-01T00:00:00+00:00
[2022-12-31T21:35:24.505+0700] {processor.py:175} INFO - Processing /home/dmk/anaconda3/lib/python3.9/site-packages/airflow/example_dags/example_trigger_controller_dag.py took 0.198 seconds
[2022-12-31T21:38:09.973+0700] {processor.py:153} INFO - Started process (PID=28805) to work on /home/dmk/anaconda3/lib/python3.9/site-packages/airflow/example_dags/example_trigger_controller_dag.py
[2022-12-31T21:38:09.977+0700] {processor.py:743} INFO - Processing file /home/dmk/anaconda3/lib/python3.9/site-packages/airflow/example_dags/example_trigger_controller_dag.py for tasks to queue
[2022-12-31T21:38:09.979+0700] {logging_mixin.py:137} INFO - [2022-12-31T21:38:09.979+0700] {dagbag.py:538} INFO - Filling up the DagBag from /home/dmk/anaconda3/lib/python3.9/site-packages/airflow/example_dags/example_trigger_controller_dag.py
[2022-12-31T21:38:10.003+0700] {processor.py:753} INFO - DAG(s) dict_keys(['example_trigger_controller_dag']) retrieved from /home/dmk/anaconda3/lib/python3.9/site-packages/airflow/example_dags/example_trigger_controller_dag.py
[2022-12-31T21:38:10.222+0700] {logging_mixin.py:137} INFO - [2022-12-31T21:38:10.222+0700] {manager.py:504} INFO - Created Permission View: can delete on DAG:example_trigger_controller_dag
[2022-12-31T21:38:10.246+0700] {logging_mixin.py:137} INFO - [2022-12-31T21:38:10.246+0700] {manager.py:504} INFO - Created Permission View: can read on DAG:example_trigger_controller_dag
[2022-12-31T21:38:10.268+0700] {logging_mixin.py:137} INFO - [2022-12-31T21:38:10.268+0700] {manager.py:504} INFO - Created Permission View: can edit on DAG:example_trigger_controller_dag
[2022-12-31T21:38:10.268+0700] {logging_mixin.py:137} INFO - [2022-12-31T21:38:10.268+0700] {dag.py:2676} INFO - Sync 1 DAGs
[2022-12-31T21:38:10.283+0700] {logging_mixin.py:137} INFO - [2022-12-31T21:38:10.283+0700] {dag.py:2697} INFO - Creating ORM DAG for example_trigger_controller_dag
[2022-12-31T21:38:10.295+0700] {logging_mixin.py:137} INFO - [2022-12-31T21:38:10.295+0700] {dag.py:3423} INFO - Setting next_dagrun for example_trigger_controller_dag to 2021-01-01T00:00:00+00:00, run_after=2021-01-01T00:00:00+00:00
[2022-12-31T21:38:10.326+0700] {processor.py:175} INFO - Processing /home/dmk/anaconda3/lib/python3.9/site-packages/airflow/example_dags/example_trigger_controller_dag.py took 0.358 seconds
[2022-12-31T21:39:01.232+0700] {processor.py:153} INFO - Started process (PID=29078) to work on /home/dmk/anaconda3/lib/python3.9/site-packages/airflow/example_dags/example_trigger_controller_dag.py
[2022-12-31T21:39:01.236+0700] {processor.py:743} INFO - Processing file /home/dmk/anaconda3/lib/python3.9/site-packages/airflow/example_dags/example_trigger_controller_dag.py for tasks to queue
[2022-12-31T21:39:01.238+0700] {logging_mixin.py:137} INFO - [2022-12-31T21:39:01.237+0700] {dagbag.py:538} INFO - Filling up the DagBag from /home/dmk/anaconda3/lib/python3.9/site-packages/airflow/example_dags/example_trigger_controller_dag.py
[2022-12-31T21:39:01.268+0700] {processor.py:753} INFO - DAG(s) dict_keys(['example_trigger_controller_dag']) retrieved from /home/dmk/anaconda3/lib/python3.9/site-packages/airflow/example_dags/example_trigger_controller_dag.py
[2022-12-31T21:39:01.296+0700] {logging_mixin.py:137} INFO - [2022-12-31T21:39:01.296+0700] {dag.py:2676} INFO - Sync 1 DAGs
[2022-12-31T21:39:01.408+0700] {logging_mixin.py:137} INFO - [2022-12-31T21:39:01.407+0700] {dag.py:3423} INFO - Setting next_dagrun for example_trigger_controller_dag to 2021-01-01T00:00:00+00:00, run_after=2021-01-01T00:00:00+00:00
[2022-12-31T21:39:01.437+0700] {processor.py:175} INFO - Processing /home/dmk/anaconda3/lib/python3.9/site-packages/airflow/example_dags/example_trigger_controller_dag.py took 0.212 seconds
[2022-12-31T21:39:58.536+0700] {processor.py:153} INFO - Started process (PID=29256) to work on /home/dmk/anaconda3/lib/python3.9/site-packages/airflow/example_dags/example_trigger_controller_dag.py
[2022-12-31T21:39:58.538+0700] {processor.py:743} INFO - Processing file /home/dmk/anaconda3/lib/python3.9/site-packages/airflow/example_dags/example_trigger_controller_dag.py for tasks to queue
[2022-12-31T21:39:58.539+0700] {logging_mixin.py:137} INFO - [2022-12-31T21:39:58.539+0700] {dagbag.py:538} INFO - Filling up the DagBag from /home/dmk/anaconda3/lib/python3.9/site-packages/airflow/example_dags/example_trigger_controller_dag.py
[2022-12-31T21:39:58.550+0700] {processor.py:753} INFO - DAG(s) dict_keys(['example_trigger_controller_dag']) retrieved from /home/dmk/anaconda3/lib/python3.9/site-packages/airflow/example_dags/example_trigger_controller_dag.py
[2022-12-31T21:39:58.580+0700] {logging_mixin.py:137} INFO - [2022-12-31T21:39:58.580+0700] {dag.py:2676} INFO - Sync 1 DAGs
[2022-12-31T21:39:58.698+0700] {logging_mixin.py:137} INFO - [2022-12-31T21:39:58.698+0700] {dag.py:3423} INFO - Setting next_dagrun for example_trigger_controller_dag to 2021-01-01T00:00:00+00:00, run_after=2021-01-01T00:00:00+00:00
[2022-12-31T21:39:58.734+0700] {processor.py:175} INFO - Processing /home/dmk/anaconda3/lib/python3.9/site-packages/airflow/example_dags/example_trigger_controller_dag.py took 0.201 seconds
[2022-12-31T21:40:45.995+0700] {processor.py:153} INFO - Started process (PID=29478) to work on /home/dmk/anaconda3/lib/python3.9/site-packages/airflow/example_dags/example_trigger_controller_dag.py
[2022-12-31T21:40:45.999+0700] {processor.py:743} INFO - Processing file /home/dmk/anaconda3/lib/python3.9/site-packages/airflow/example_dags/example_trigger_controller_dag.py for tasks to queue
[2022-12-31T21:40:46.000+0700] {logging_mixin.py:137} INFO - [2022-12-31T21:40:46.000+0700] {dagbag.py:538} INFO - Filling up the DagBag from /home/dmk/anaconda3/lib/python3.9/site-packages/airflow/example_dags/example_trigger_controller_dag.py
[2022-12-31T21:40:46.014+0700] {processor.py:753} INFO - DAG(s) dict_keys(['example_trigger_controller_dag']) retrieved from /home/dmk/anaconda3/lib/python3.9/site-packages/airflow/example_dags/example_trigger_controller_dag.py
[2022-12-31T21:40:46.136+0700] {logging_mixin.py:137} INFO - [2022-12-31T21:40:46.135+0700] {dag.py:2676} INFO - Sync 1 DAGs
[2022-12-31T21:40:46.154+0700] {logging_mixin.py:137} INFO - [2022-12-31T21:40:46.154+0700] {dag.py:3423} INFO - Setting next_dagrun for example_trigger_controller_dag to 2021-01-01T00:00:00+00:00, run_after=2021-01-01T00:00:00+00:00
[2022-12-31T21:40:46.176+0700] {processor.py:175} INFO - Processing /home/dmk/anaconda3/lib/python3.9/site-packages/airflow/example_dags/example_trigger_controller_dag.py took 0.183 seconds
[2022-12-31T21:41:29.916+0700] {processor.py:153} INFO - Started process (PID=29545) to work on /home/dmk/anaconda3/lib/python3.9/site-packages/airflow/example_dags/example_trigger_controller_dag.py
[2022-12-31T21:41:29.921+0700] {processor.py:743} INFO - Processing file /home/dmk/anaconda3/lib/python3.9/site-packages/airflow/example_dags/example_trigger_controller_dag.py for tasks to queue
[2022-12-31T21:41:29.922+0700] {logging_mixin.py:137} INFO - [2022-12-31T21:41:29.922+0700] {dagbag.py:538} INFO - Filling up the DagBag from /home/dmk/anaconda3/lib/python3.9/site-packages/airflow/example_dags/example_trigger_controller_dag.py
[2022-12-31T21:41:29.937+0700] {processor.py:753} INFO - DAG(s) dict_keys(['example_trigger_controller_dag']) retrieved from /home/dmk/anaconda3/lib/python3.9/site-packages/airflow/example_dags/example_trigger_controller_dag.py
[2022-12-31T21:41:30.060+0700] {logging_mixin.py:137} INFO - [2022-12-31T21:41:30.060+0700] {dag.py:2676} INFO - Sync 1 DAGs
[2022-12-31T21:41:30.078+0700] {logging_mixin.py:137} INFO - [2022-12-31T21:41:30.078+0700] {dag.py:3423} INFO - Setting next_dagrun for example_trigger_controller_dag to 2021-01-01T00:00:00+00:00, run_after=2021-01-01T00:00:00+00:00
[2022-12-31T21:41:30.120+0700] {processor.py:175} INFO - Processing /home/dmk/anaconda3/lib/python3.9/site-packages/airflow/example_dags/example_trigger_controller_dag.py took 0.210 seconds
[2022-12-31T21:42:07.421+0700] {processor.py:153} INFO - Started process (PID=29754) to work on /home/dmk/anaconda3/lib/python3.9/site-packages/airflow/example_dags/example_trigger_controller_dag.py
[2022-12-31T21:42:07.425+0700] {processor.py:743} INFO - Processing file /home/dmk/anaconda3/lib/python3.9/site-packages/airflow/example_dags/example_trigger_controller_dag.py for tasks to queue
[2022-12-31T21:42:07.425+0700] {logging_mixin.py:137} INFO - [2022-12-31T21:42:07.425+0700] {dagbag.py:538} INFO - Filling up the DagBag from /home/dmk/anaconda3/lib/python3.9/site-packages/airflow/example_dags/example_trigger_controller_dag.py
[2022-12-31T21:42:07.437+0700] {processor.py:753} INFO - DAG(s) dict_keys(['example_trigger_controller_dag']) retrieved from /home/dmk/anaconda3/lib/python3.9/site-packages/airflow/example_dags/example_trigger_controller_dag.py
[2022-12-31T21:42:07.463+0700] {logging_mixin.py:137} INFO - [2022-12-31T21:42:07.463+0700] {dag.py:2676} INFO - Sync 1 DAGs
[2022-12-31T21:42:07.481+0700] {logging_mixin.py:137} INFO - [2022-12-31T21:42:07.481+0700] {dag.py:3423} INFO - Setting next_dagrun for example_trigger_controller_dag to 2021-01-01T00:00:00+00:00, run_after=2021-01-01T00:00:00+00:00
[2022-12-31T21:42:07.613+0700] {processor.py:175} INFO - Processing /home/dmk/anaconda3/lib/python3.9/site-packages/airflow/example_dags/example_trigger_controller_dag.py took 0.197 seconds
[2022-12-31T21:42:55.164+0700] {processor.py:153} INFO - Started process (PID=29892) to work on /home/dmk/anaconda3/lib/python3.9/site-packages/airflow/example_dags/example_trigger_controller_dag.py
[2022-12-31T21:42:55.168+0700] {processor.py:743} INFO - Processing file /home/dmk/anaconda3/lib/python3.9/site-packages/airflow/example_dags/example_trigger_controller_dag.py for tasks to queue
[2022-12-31T21:42:55.168+0700] {logging_mixin.py:137} INFO - [2022-12-31T21:42:55.168+0700] {dagbag.py:538} INFO - Filling up the DagBag from /home/dmk/anaconda3/lib/python3.9/site-packages/airflow/example_dags/example_trigger_controller_dag.py
[2022-12-31T21:42:55.182+0700] {processor.py:753} INFO - DAG(s) dict_keys(['example_trigger_controller_dag']) retrieved from /home/dmk/anaconda3/lib/python3.9/site-packages/airflow/example_dags/example_trigger_controller_dag.py
[2022-12-31T21:42:55.211+0700] {logging_mixin.py:137} INFO - [2022-12-31T21:42:55.211+0700] {dag.py:2676} INFO - Sync 1 DAGs
[2022-12-31T21:42:55.324+0700] {logging_mixin.py:137} INFO - [2022-12-31T21:42:55.324+0700] {dag.py:3423} INFO - Setting next_dagrun for example_trigger_controller_dag to 2021-01-01T00:00:00+00:00, run_after=2021-01-01T00:00:00+00:00
[2022-12-31T21:42:55.354+0700] {processor.py:175} INFO - Processing /home/dmk/anaconda3/lib/python3.9/site-packages/airflow/example_dags/example_trigger_controller_dag.py took 0.193 seconds
[2022-12-31T22:20:54.008+0700] {processor.py:153} INFO - Started process (PID=46126) to work on /home/dmk/anaconda3/lib/python3.9/site-packages/airflow/example_dags/example_trigger_controller_dag.py
[2022-12-31T22:20:54.015+0700] {processor.py:743} INFO - Processing file /home/dmk/anaconda3/lib/python3.9/site-packages/airflow/example_dags/example_trigger_controller_dag.py for tasks to queue
[2022-12-31T22:20:54.016+0700] {logging_mixin.py:137} INFO - [2022-12-31T22:20:54.016+0700] {dagbag.py:538} INFO - Filling up the DagBag from /home/dmk/anaconda3/lib/python3.9/site-packages/airflow/example_dags/example_trigger_controller_dag.py
[2022-12-31T22:20:54.039+0700] {processor.py:753} INFO - DAG(s) dict_keys(['example_trigger_controller_dag']) retrieved from /home/dmk/anaconda3/lib/python3.9/site-packages/airflow/example_dags/example_trigger_controller_dag.py
[2022-12-31T22:20:54.086+0700] {logging_mixin.py:137} INFO - [2022-12-31T22:20:54.086+0700] {dag.py:2676} INFO - Sync 1 DAGs
[2022-12-31T22:20:54.117+0700] {logging_mixin.py:137} INFO - [2022-12-31T22:20:54.117+0700] {dag.py:3423} INFO - Setting next_dagrun for example_trigger_controller_dag to 2021-01-01T00:00:00+00:00, run_after=2021-01-01T00:00:00+00:00
[2022-12-31T22:20:54.341+0700] {processor.py:175} INFO - Processing /home/dmk/anaconda3/lib/python3.9/site-packages/airflow/example_dags/example_trigger_controller_dag.py took 0.339 seconds
[2022-12-31T22:23:06.414+0700] {processor.py:153} INFO - Started process (PID=47545) to work on /home/dmk/anaconda3/lib/python3.9/site-packages/airflow/example_dags/example_trigger_controller_dag.py
[2022-12-31T22:23:06.420+0700] {processor.py:743} INFO - Processing file /home/dmk/anaconda3/lib/python3.9/site-packages/airflow/example_dags/example_trigger_controller_dag.py for tasks to queue
[2022-12-31T22:23:06.421+0700] {logging_mixin.py:137} INFO - [2022-12-31T22:23:06.420+0700] {dagbag.py:538} INFO - Filling up the DagBag from /home/dmk/anaconda3/lib/python3.9/site-packages/airflow/example_dags/example_trigger_controller_dag.py
[2022-12-31T22:23:06.435+0700] {processor.py:753} INFO - DAG(s) dict_keys(['example_trigger_controller_dag']) retrieved from /home/dmk/anaconda3/lib/python3.9/site-packages/airflow/example_dags/example_trigger_controller_dag.py
[2022-12-31T22:23:06.466+0700] {logging_mixin.py:137} INFO - [2022-12-31T22:23:06.466+0700] {dag.py:2676} INFO - Sync 1 DAGs
[2022-12-31T22:23:06.492+0700] {logging_mixin.py:137} INFO - [2022-12-31T22:23:06.492+0700] {dag.py:3423} INFO - Setting next_dagrun for example_trigger_controller_dag to 2021-01-01T00:00:00+00:00, run_after=2021-01-01T00:00:00+00:00
[2022-12-31T22:23:06.625+0700] {processor.py:175} INFO - Processing /home/dmk/anaconda3/lib/python3.9/site-packages/airflow/example_dags/example_trigger_controller_dag.py took 0.216 seconds
[2022-12-31T22:23:54.309+0700] {processor.py:153} INFO - Started process (PID=47883) to work on /home/dmk/anaconda3/lib/python3.9/site-packages/airflow/example_dags/example_trigger_controller_dag.py
[2022-12-31T22:23:54.313+0700] {processor.py:743} INFO - Processing file /home/dmk/anaconda3/lib/python3.9/site-packages/airflow/example_dags/example_trigger_controller_dag.py for tasks to queue
[2022-12-31T22:23:54.317+0700] {logging_mixin.py:137} INFO - [2022-12-31T22:23:54.316+0700] {dagbag.py:538} INFO - Filling up the DagBag from /home/dmk/anaconda3/lib/python3.9/site-packages/airflow/example_dags/example_trigger_controller_dag.py
[2022-12-31T22:23:54.361+0700] {processor.py:753} INFO - DAG(s) dict_keys(['example_trigger_controller_dag']) retrieved from /home/dmk/anaconda3/lib/python3.9/site-packages/airflow/example_dags/example_trigger_controller_dag.py
[2022-12-31T22:23:54.408+0700] {logging_mixin.py:137} INFO - [2022-12-31T22:23:54.408+0700] {dag.py:2676} INFO - Sync 1 DAGs
[2022-12-31T22:23:54.568+0700] {logging_mixin.py:137} INFO - [2022-12-31T22:23:54.567+0700] {dag.py:3423} INFO - Setting next_dagrun for example_trigger_controller_dag to 2021-01-01T00:00:00+00:00, run_after=2021-01-01T00:00:00+00:00
[2022-12-31T22:23:54.638+0700] {processor.py:175} INFO - Processing /home/dmk/anaconda3/lib/python3.9/site-packages/airflow/example_dags/example_trigger_controller_dag.py took 0.340 seconds
[2022-12-31T22:25:16.772+0700] {processor.py:153} INFO - Started process (PID=48863) to work on /home/dmk/anaconda3/envs/airflow/lib/python3.7/site-packages/airflow/example_dags/example_trigger_controller_dag.py
[2022-12-31T22:25:16.773+0700] {processor.py:743} INFO - Processing file /home/dmk/anaconda3/envs/airflow/lib/python3.7/site-packages/airflow/example_dags/example_trigger_controller_dag.py for tasks to queue
[2022-12-31T22:25:16.773+0700] {logging_mixin.py:137} INFO - [2022-12-31T22:25:16.773+0700] {dagbag.py:538} INFO - Filling up the DagBag from /home/dmk/anaconda3/envs/airflow/lib/python3.7/site-packages/airflow/example_dags/example_trigger_controller_dag.py
[2022-12-31T22:25:16.786+0700] {processor.py:753} INFO - DAG(s) dict_keys(['example_trigger_controller_dag']) retrieved from /home/dmk/anaconda3/envs/airflow/lib/python3.7/site-packages/airflow/example_dags/example_trigger_controller_dag.py
[2022-12-31T22:25:16.983+0700] {logging_mixin.py:137} INFO - [2022-12-31T22:25:16.983+0700] {dag.py:2676} INFO - Sync 1 DAGs
[2022-12-31T22:25:17.008+0700] {logging_mixin.py:137} INFO - [2022-12-31T22:25:17.008+0700] {dag.py:3427} INFO - Setting next_dagrun for example_trigger_controller_dag to 2021-01-01T00:00:00+00:00, run_after=2021-01-01T00:00:00+00:00
[2022-12-31T22:25:17.052+0700] {processor.py:175} INFO - Processing /home/dmk/anaconda3/envs/airflow/lib/python3.7/site-packages/airflow/example_dags/example_trigger_controller_dag.py took 0.282 seconds
[2022-12-31T22:26:06.845+0700] {processor.py:153} INFO - Started process (PID=49783) to work on /home/dmk/anaconda3/envs/airflow/lib/python3.7/site-packages/airflow/example_dags/example_trigger_controller_dag.py
[2022-12-31T22:26:06.846+0700] {processor.py:743} INFO - Processing file /home/dmk/anaconda3/envs/airflow/lib/python3.7/site-packages/airflow/example_dags/example_trigger_controller_dag.py for tasks to queue
[2022-12-31T22:26:06.847+0700] {logging_mixin.py:137} INFO - [2022-12-31T22:26:06.847+0700] {dagbag.py:538} INFO - Filling up the DagBag from /home/dmk/anaconda3/envs/airflow/lib/python3.7/site-packages/airflow/example_dags/example_trigger_controller_dag.py
[2022-12-31T22:26:06.858+0700] {processor.py:753} INFO - DAG(s) dict_keys(['example_trigger_controller_dag']) retrieved from /home/dmk/anaconda3/envs/airflow/lib/python3.7/site-packages/airflow/example_dags/example_trigger_controller_dag.py
[2022-12-31T22:26:06.881+0700] {logging_mixin.py:137} INFO - [2022-12-31T22:26:06.881+0700] {dag.py:2676} INFO - Sync 1 DAGs
[2022-12-31T22:26:07.009+0700] {logging_mixin.py:137} INFO - [2022-12-31T22:26:07.009+0700] {dag.py:3427} INFO - Setting next_dagrun for example_trigger_controller_dag to 2021-01-01T00:00:00+00:00, run_after=2021-01-01T00:00:00+00:00
[2022-12-31T22:26:07.046+0700] {processor.py:175} INFO - Processing /home/dmk/anaconda3/envs/airflow/lib/python3.7/site-packages/airflow/example_dags/example_trigger_controller_dag.py took 0.204 seconds
[2022-12-31T22:26:57.945+0700] {processor.py:153} INFO - Started process (PID=50079) to work on /home/dmk/anaconda3/envs/airflow/lib/python3.7/site-packages/airflow/example_dags/example_trigger_controller_dag.py
[2022-12-31T22:26:57.951+0700] {processor.py:743} INFO - Processing file /home/dmk/anaconda3/envs/airflow/lib/python3.7/site-packages/airflow/example_dags/example_trigger_controller_dag.py for tasks to queue
[2022-12-31T22:26:57.953+0700] {logging_mixin.py:137} INFO - [2022-12-31T22:26:57.952+0700] {dagbag.py:538} INFO - Filling up the DagBag from /home/dmk/anaconda3/envs/airflow/lib/python3.7/site-packages/airflow/example_dags/example_trigger_controller_dag.py
[2022-12-31T22:26:57.974+0700] {processor.py:753} INFO - DAG(s) dict_keys(['example_trigger_controller_dag']) retrieved from /home/dmk/anaconda3/envs/airflow/lib/python3.7/site-packages/airflow/example_dags/example_trigger_controller_dag.py
[2022-12-31T22:26:58.105+0700] {logging_mixin.py:137} INFO - [2022-12-31T22:26:58.105+0700] {dag.py:2676} INFO - Sync 1 DAGs
[2022-12-31T22:26:58.125+0700] {logging_mixin.py:137} INFO - [2022-12-31T22:26:58.125+0700] {dag.py:3427} INFO - Setting next_dagrun for example_trigger_controller_dag to 2021-01-01T00:00:00+00:00, run_after=2021-01-01T00:00:00+00:00
[2022-12-31T22:26:58.156+0700] {processor.py:175} INFO - Processing /home/dmk/anaconda3/envs/airflow/lib/python3.7/site-packages/airflow/example_dags/example_trigger_controller_dag.py took 0.220 seconds
[2022-12-31T22:27:46.532+0700] {processor.py:153} INFO - Started process (PID=50447) to work on /home/dmk/anaconda3/envs/airflow/lib/python3.7/site-packages/airflow/example_dags/example_trigger_controller_dag.py
[2022-12-31T22:27:46.534+0700] {processor.py:743} INFO - Processing file /home/dmk/anaconda3/envs/airflow/lib/python3.7/site-packages/airflow/example_dags/example_trigger_controller_dag.py for tasks to queue
[2022-12-31T22:27:46.534+0700] {logging_mixin.py:137} INFO - [2022-12-31T22:27:46.534+0700] {dagbag.py:538} INFO - Filling up the DagBag from /home/dmk/anaconda3/envs/airflow/lib/python3.7/site-packages/airflow/example_dags/example_trigger_controller_dag.py
[2022-12-31T22:27:46.545+0700] {processor.py:753} INFO - DAG(s) dict_keys(['example_trigger_controller_dag']) retrieved from /home/dmk/anaconda3/envs/airflow/lib/python3.7/site-packages/airflow/example_dags/example_trigger_controller_dag.py
[2022-12-31T22:27:46.675+0700] {logging_mixin.py:137} INFO - [2022-12-31T22:27:46.675+0700] {dag.py:2676} INFO - Sync 1 DAGs
[2022-12-31T22:27:46.695+0700] {logging_mixin.py:137} INFO - [2022-12-31T22:27:46.694+0700] {dag.py:3427} INFO - Setting next_dagrun for example_trigger_controller_dag to 2021-01-01T00:00:00+00:00, run_after=2021-01-01T00:00:00+00:00
[2022-12-31T22:27:46.724+0700] {processor.py:175} INFO - Processing /home/dmk/anaconda3/envs/airflow/lib/python3.7/site-packages/airflow/example_dags/example_trigger_controller_dag.py took 0.195 seconds
[2022-12-31T22:28:36.747+0700] {processor.py:153} INFO - Started process (PID=50613) to work on /home/dmk/anaconda3/envs/airflow/lib/python3.7/site-packages/airflow/example_dags/example_trigger_controller_dag.py
[2022-12-31T22:28:36.751+0700] {processor.py:743} INFO - Processing file /home/dmk/anaconda3/envs/airflow/lib/python3.7/site-packages/airflow/example_dags/example_trigger_controller_dag.py for tasks to queue
[2022-12-31T22:28:36.753+0700] {logging_mixin.py:137} INFO - [2022-12-31T22:28:36.753+0700] {dagbag.py:538} INFO - Filling up the DagBag from /home/dmk/anaconda3/envs/airflow/lib/python3.7/site-packages/airflow/example_dags/example_trigger_controller_dag.py
[2022-12-31T22:28:36.886+0700] {processor.py:753} INFO - DAG(s) dict_keys(['example_trigger_controller_dag']) retrieved from /home/dmk/anaconda3/envs/airflow/lib/python3.7/site-packages/airflow/example_dags/example_trigger_controller_dag.py
[2022-12-31T22:28:36.904+0700] {logging_mixin.py:137} INFO - [2022-12-31T22:28:36.904+0700] {dag.py:2676} INFO - Sync 1 DAGs
[2022-12-31T22:28:36.922+0700] {logging_mixin.py:137} INFO - [2022-12-31T22:28:36.922+0700] {dag.py:3427} INFO - Setting next_dagrun for example_trigger_controller_dag to 2021-01-01T00:00:00+00:00, run_after=2021-01-01T00:00:00+00:00
[2022-12-31T22:28:36.954+0700] {processor.py:175} INFO - Processing /home/dmk/anaconda3/envs/airflow/lib/python3.7/site-packages/airflow/example_dags/example_trigger_controller_dag.py took 0.215 seconds
[2022-12-31T22:29:23.314+0700] {processor.py:153} INFO - Started process (PID=50719) to work on /home/dmk/anaconda3/envs/airflow/lib/python3.7/site-packages/airflow/example_dags/example_trigger_controller_dag.py
[2022-12-31T22:29:23.319+0700] {processor.py:743} INFO - Processing file /home/dmk/anaconda3/envs/airflow/lib/python3.7/site-packages/airflow/example_dags/example_trigger_controller_dag.py for tasks to queue
[2022-12-31T22:29:23.320+0700] {logging_mixin.py:137} INFO - [2022-12-31T22:29:23.320+0700] {dagbag.py:538} INFO - Filling up the DagBag from /home/dmk/anaconda3/envs/airflow/lib/python3.7/site-packages/airflow/example_dags/example_trigger_controller_dag.py
[2022-12-31T22:29:23.338+0700] {processor.py:753} INFO - DAG(s) dict_keys(['example_trigger_controller_dag']) retrieved from /home/dmk/anaconda3/envs/airflow/lib/python3.7/site-packages/airflow/example_dags/example_trigger_controller_dag.py
[2022-12-31T22:29:23.363+0700] {logging_mixin.py:137} INFO - [2022-12-31T22:29:23.363+0700] {dag.py:2676} INFO - Sync 1 DAGs
[2022-12-31T22:29:23.389+0700] {logging_mixin.py:137} INFO - [2022-12-31T22:29:23.389+0700] {dag.py:3427} INFO - Setting next_dagrun for example_trigger_controller_dag to 2021-01-01T00:00:00+00:00, run_after=2021-01-01T00:00:00+00:00
[2022-12-31T22:29:23.423+0700] {processor.py:175} INFO - Processing /home/dmk/anaconda3/envs/airflow/lib/python3.7/site-packages/airflow/example_dags/example_trigger_controller_dag.py took 0.114 seconds
[2022-12-31T22:30:10.400+0700] {processor.py:153} INFO - Started process (PID=51382) to work on /home/dmk/anaconda3/envs/airflow/lib/python3.7/site-packages/airflow/example_dags/example_trigger_controller_dag.py
[2022-12-31T22:30:10.400+0700] {processor.py:743} INFO - Processing file /home/dmk/anaconda3/envs/airflow/lib/python3.7/site-packages/airflow/example_dags/example_trigger_controller_dag.py for tasks to queue
[2022-12-31T22:30:10.401+0700] {logging_mixin.py:137} INFO - [2022-12-31T22:30:10.401+0700] {dagbag.py:538} INFO - Filling up the DagBag from /home/dmk/anaconda3/envs/airflow/lib/python3.7/site-packages/airflow/example_dags/example_trigger_controller_dag.py
[2022-12-31T22:30:10.413+0700] {processor.py:753} INFO - DAG(s) dict_keys(['example_trigger_controller_dag']) retrieved from /home/dmk/anaconda3/envs/airflow/lib/python3.7/site-packages/airflow/example_dags/example_trigger_controller_dag.py
[2022-12-31T22:30:10.436+0700] {logging_mixin.py:137} INFO - [2022-12-31T22:30:10.436+0700] {dag.py:2676} INFO - Sync 1 DAGs
[2022-12-31T22:30:10.458+0700] {logging_mixin.py:137} INFO - [2022-12-31T22:30:10.458+0700] {dag.py:3427} INFO - Setting next_dagrun for example_trigger_controller_dag to 2021-01-01T00:00:00+00:00, run_after=2021-01-01T00:00:00+00:00
[2022-12-31T22:30:10.488+0700] {processor.py:175} INFO - Processing /home/dmk/anaconda3/envs/airflow/lib/python3.7/site-packages/airflow/example_dags/example_trigger_controller_dag.py took 0.090 seconds
[2022-12-31T22:30:58.708+0700] {processor.py:153} INFO - Started process (PID=51619) to work on /home/dmk/anaconda3/envs/airflow/lib/python3.7/site-packages/airflow/example_dags/example_trigger_controller_dag.py
[2022-12-31T22:30:58.709+0700] {processor.py:743} INFO - Processing file /home/dmk/anaconda3/envs/airflow/lib/python3.7/site-packages/airflow/example_dags/example_trigger_controller_dag.py for tasks to queue
[2022-12-31T22:30:58.710+0700] {logging_mixin.py:137} INFO - [2022-12-31T22:30:58.710+0700] {dagbag.py:538} INFO - Filling up the DagBag from /home/dmk/anaconda3/envs/airflow/lib/python3.7/site-packages/airflow/example_dags/example_trigger_controller_dag.py
[2022-12-31T22:30:58.721+0700] {processor.py:753} INFO - DAG(s) dict_keys(['example_trigger_controller_dag']) retrieved from /home/dmk/anaconda3/envs/airflow/lib/python3.7/site-packages/airflow/example_dags/example_trigger_controller_dag.py
[2022-12-31T22:30:58.743+0700] {logging_mixin.py:137} INFO - [2022-12-31T22:30:58.743+0700] {dag.py:2676} INFO - Sync 1 DAGs
[2022-12-31T22:30:58.763+0700] {logging_mixin.py:137} INFO - [2022-12-31T22:30:58.763+0700] {dag.py:3427} INFO - Setting next_dagrun for example_trigger_controller_dag to 2021-01-01T00:00:00+00:00, run_after=2021-01-01T00:00:00+00:00
[2022-12-31T22:30:58.793+0700] {processor.py:175} INFO - Processing /home/dmk/anaconda3/envs/airflow/lib/python3.7/site-packages/airflow/example_dags/example_trigger_controller_dag.py took 0.087 seconds
[2022-12-31T22:31:46.423+0700] {processor.py:153} INFO - Started process (PID=51811) to work on /home/dmk/anaconda3/envs/airflow/lib/python3.7/site-packages/airflow/example_dags/example_trigger_controller_dag.py
[2022-12-31T22:31:46.425+0700] {processor.py:743} INFO - Processing file /home/dmk/anaconda3/envs/airflow/lib/python3.7/site-packages/airflow/example_dags/example_trigger_controller_dag.py for tasks to queue
[2022-12-31T22:31:46.426+0700] {logging_mixin.py:137} INFO - [2022-12-31T22:31:46.426+0700] {dagbag.py:538} INFO - Filling up the DagBag from /home/dmk/anaconda3/envs/airflow/lib/python3.7/site-packages/airflow/example_dags/example_trigger_controller_dag.py
[2022-12-31T22:31:46.436+0700] {processor.py:753} INFO - DAG(s) dict_keys(['example_trigger_controller_dag']) retrieved from /home/dmk/anaconda3/envs/airflow/lib/python3.7/site-packages/airflow/example_dags/example_trigger_controller_dag.py
[2022-12-31T22:31:46.465+0700] {logging_mixin.py:137} INFO - [2022-12-31T22:31:46.465+0700] {dag.py:2676} INFO - Sync 1 DAGs
[2022-12-31T22:31:46.487+0700] {logging_mixin.py:137} INFO - [2022-12-31T22:31:46.487+0700] {dag.py:3427} INFO - Setting next_dagrun for example_trigger_controller_dag to 2021-01-01T00:00:00+00:00, run_after=2021-01-01T00:00:00+00:00
[2022-12-31T22:31:46.521+0700] {processor.py:175} INFO - Processing /home/dmk/anaconda3/envs/airflow/lib/python3.7/site-packages/airflow/example_dags/example_trigger_controller_dag.py took 0.101 seconds
[2022-12-31T22:32:37.006+0700] {processor.py:153} INFO - Started process (PID=51903) to work on /home/dmk/anaconda3/envs/airflow/lib/python3.7/site-packages/airflow/example_dags/example_trigger_controller_dag.py
[2022-12-31T22:32:37.011+0700] {processor.py:743} INFO - Processing file /home/dmk/anaconda3/envs/airflow/lib/python3.7/site-packages/airflow/example_dags/example_trigger_controller_dag.py for tasks to queue
[2022-12-31T22:32:37.012+0700] {logging_mixin.py:137} INFO - [2022-12-31T22:32:37.012+0700] {dagbag.py:538} INFO - Filling up the DagBag from /home/dmk/anaconda3/envs/airflow/lib/python3.7/site-packages/airflow/example_dags/example_trigger_controller_dag.py
[2022-12-31T22:32:37.028+0700] {processor.py:753} INFO - DAG(s) dict_keys(['example_trigger_controller_dag']) retrieved from /home/dmk/anaconda3/envs/airflow/lib/python3.7/site-packages/airflow/example_dags/example_trigger_controller_dag.py
[2022-12-31T22:32:37.070+0700] {logging_mixin.py:137} INFO - [2022-12-31T22:32:37.070+0700] {dag.py:2676} INFO - Sync 1 DAGs
[2022-12-31T22:32:37.106+0700] {logging_mixin.py:137} INFO - [2022-12-31T22:32:37.106+0700] {dag.py:3427} INFO - Setting next_dagrun for example_trigger_controller_dag to 2021-01-01T00:00:00+00:00, run_after=2021-01-01T00:00:00+00:00
[2022-12-31T22:32:37.167+0700] {processor.py:175} INFO - Processing /home/dmk/anaconda3/envs/airflow/lib/python3.7/site-packages/airflow/example_dags/example_trigger_controller_dag.py took 0.166 seconds
