[2022-12-31T20:51:17.465+0700] {processor.py:153} INFO - Started process (PID=10525) to work on /home/dmk/anaconda3/lib/python3.9/site-packages/airflow/example_dags/example_latest_only_with_trigger.py
[2022-12-31T20:51:17.466+0700] {processor.py:743} INFO - Processing file /home/dmk/anaconda3/lib/python3.9/site-packages/airflow/example_dags/example_latest_only_with_trigger.py for tasks to queue
[2022-12-31T20:51:17.470+0700] {logging_mixin.py:137} INFO - [2022-12-31T20:51:17.470+0700] {dagbag.py:538} INFO - Filling up the DagBag from /home/dmk/anaconda3/lib/python3.9/site-packages/airflow/example_dags/example_latest_only_with_trigger.py
[2022-12-31T20:51:17.483+0700] {processor.py:753} INFO - DAG(s) dict_keys(['latest_only_with_trigger']) retrieved from /home/dmk/anaconda3/lib/python3.9/site-packages/airflow/example_dags/example_latest_only_with_trigger.py
[2022-12-31T20:51:17.631+0700] {logging_mixin.py:137} INFO - [2022-12-31T20:51:17.630+0700] {dag.py:2676} INFO - Sync 1 DAGs
[2022-12-31T20:51:17.648+0700] {logging_mixin.py:137} INFO - [2022-12-31T20:51:17.648+0700] {dag.py:3423} INFO - Setting next_dagrun for latest_only_with_trigger to 2022-12-31T09:51:17.647985+00:00, run_after=2022-12-31T13:51:17.647985+00:00
[2022-12-31T20:51:17.678+0700] {processor.py:175} INFO - Processing /home/dmk/anaconda3/lib/python3.9/site-packages/airflow/example_dags/example_latest_only_with_trigger.py took 0.215 seconds
[2022-12-31T20:55:15.229+0700] {processor.py:153} INFO - Started process (PID=11947) to work on /home/dmk/anaconda3/lib/python3.9/site-packages/airflow/example_dags/example_latest_only_with_trigger.py
[2022-12-31T20:55:15.232+0700] {processor.py:743} INFO - Processing file /home/dmk/anaconda3/lib/python3.9/site-packages/airflow/example_dags/example_latest_only_with_trigger.py for tasks to queue
[2022-12-31T20:55:15.233+0700] {logging_mixin.py:137} INFO - [2022-12-31T20:55:15.233+0700] {dagbag.py:538} INFO - Filling up the DagBag from /home/dmk/anaconda3/lib/python3.9/site-packages/airflow/example_dags/example_latest_only_with_trigger.py
[2022-12-31T20:55:15.251+0700] {processor.py:753} INFO - DAG(s) dict_keys(['latest_only_with_trigger']) retrieved from /home/dmk/anaconda3/lib/python3.9/site-packages/airflow/example_dags/example_latest_only_with_trigger.py
[2022-12-31T20:55:15.281+0700] {logging_mixin.py:137} INFO - [2022-12-31T20:55:15.281+0700] {dag.py:2676} INFO - Sync 1 DAGs
[2022-12-31T20:55:15.407+0700] {logging_mixin.py:137} INFO - [2022-12-31T20:55:15.407+0700] {dag.py:3423} INFO - Setting next_dagrun for latest_only_with_trigger to 2022-12-31T09:55:15.407073+00:00, run_after=2022-12-31T13:55:15.407073+00:00
[2022-12-31T20:55:15.430+0700] {processor.py:175} INFO - Processing /home/dmk/anaconda3/lib/python3.9/site-packages/airflow/example_dags/example_latest_only_with_trigger.py took 0.203 seconds
[2022-12-31T20:56:08.300+0700] {processor.py:153} INFO - Started process (PID=12139) to work on /home/dmk/anaconda3/lib/python3.9/site-packages/airflow/example_dags/example_latest_only_with_trigger.py
[2022-12-31T20:56:08.304+0700] {processor.py:743} INFO - Processing file /home/dmk/anaconda3/lib/python3.9/site-packages/airflow/example_dags/example_latest_only_with_trigger.py for tasks to queue
[2022-12-31T20:56:08.305+0700] {logging_mixin.py:137} INFO - [2022-12-31T20:56:08.304+0700] {dagbag.py:538} INFO - Filling up the DagBag from /home/dmk/anaconda3/lib/python3.9/site-packages/airflow/example_dags/example_latest_only_with_trigger.py
[2022-12-31T20:56:08.327+0700] {processor.py:753} INFO - DAG(s) dict_keys(['latest_only_with_trigger']) retrieved from /home/dmk/anaconda3/lib/python3.9/site-packages/airflow/example_dags/example_latest_only_with_trigger.py
[2022-12-31T20:56:08.492+0700] {logging_mixin.py:137} INFO - [2022-12-31T20:56:08.492+0700] {dag.py:2676} INFO - Sync 1 DAGs
[2022-12-31T20:56:08.522+0700] {logging_mixin.py:137} INFO - [2022-12-31T20:56:08.521+0700] {dag.py:3423} INFO - Setting next_dagrun for latest_only_with_trigger to 2022-12-31T09:56:08.521339+00:00, run_after=2022-12-31T13:56:08.521339+00:00
[2022-12-31T20:56:08.556+0700] {processor.py:175} INFO - Processing /home/dmk/anaconda3/lib/python3.9/site-packages/airflow/example_dags/example_latest_only_with_trigger.py took 0.260 seconds
[2022-12-31T20:57:30.007+0700] {processor.py:153} INFO - Started process (PID=12570) to work on /home/dmk/anaconda3/lib/python3.9/site-packages/airflow/example_dags/example_latest_only_with_trigger.py
[2022-12-31T20:57:30.011+0700] {processor.py:743} INFO - Processing file /home/dmk/anaconda3/lib/python3.9/site-packages/airflow/example_dags/example_latest_only_with_trigger.py for tasks to queue
[2022-12-31T20:57:30.012+0700] {logging_mixin.py:137} INFO - [2022-12-31T20:57:30.012+0700] {dagbag.py:538} INFO - Filling up the DagBag from /home/dmk/anaconda3/lib/python3.9/site-packages/airflow/example_dags/example_latest_only_with_trigger.py
[2022-12-31T20:57:30.037+0700] {processor.py:753} INFO - DAG(s) dict_keys(['latest_only_with_trigger']) retrieved from /home/dmk/anaconda3/lib/python3.9/site-packages/airflow/example_dags/example_latest_only_with_trigger.py
[2022-12-31T20:57:30.196+0700] {logging_mixin.py:137} INFO - [2022-12-31T20:57:30.196+0700] {dag.py:2676} INFO - Sync 1 DAGs
[2022-12-31T20:57:30.217+0700] {logging_mixin.py:137} INFO - [2022-12-31T20:57:30.217+0700] {dag.py:3423} INFO - Setting next_dagrun for latest_only_with_trigger to 2022-12-31T09:57:30.217140+00:00, run_after=2022-12-31T13:57:30.217140+00:00
[2022-12-31T20:57:30.265+0700] {processor.py:175} INFO - Processing /home/dmk/anaconda3/lib/python3.9/site-packages/airflow/example_dags/example_latest_only_with_trigger.py took 0.263 seconds
[2022-12-31T20:58:23.935+0700] {processor.py:153} INFO - Started process (PID=12948) to work on /home/dmk/anaconda3/lib/python3.9/site-packages/airflow/example_dags/example_latest_only_with_trigger.py
[2022-12-31T20:58:23.939+0700] {processor.py:743} INFO - Processing file /home/dmk/anaconda3/lib/python3.9/site-packages/airflow/example_dags/example_latest_only_with_trigger.py for tasks to queue
[2022-12-31T20:58:23.940+0700] {logging_mixin.py:137} INFO - [2022-12-31T20:58:23.940+0700] {dagbag.py:538} INFO - Filling up the DagBag from /home/dmk/anaconda3/lib/python3.9/site-packages/airflow/example_dags/example_latest_only_with_trigger.py
[2022-12-31T20:58:24.054+0700] {processor.py:753} INFO - DAG(s) dict_keys(['latest_only_with_trigger']) retrieved from /home/dmk/anaconda3/lib/python3.9/site-packages/airflow/example_dags/example_latest_only_with_trigger.py
[2022-12-31T20:58:24.076+0700] {logging_mixin.py:137} INFO - [2022-12-31T20:58:24.076+0700] {dag.py:2676} INFO - Sync 1 DAGs
[2022-12-31T20:58:24.094+0700] {logging_mixin.py:137} INFO - [2022-12-31T20:58:24.094+0700] {dag.py:3423} INFO - Setting next_dagrun for latest_only_with_trigger to 2022-12-31T09:58:24.094465+00:00, run_after=2022-12-31T13:58:24.094465+00:00
[2022-12-31T20:58:24.115+0700] {processor.py:175} INFO - Processing /home/dmk/anaconda3/lib/python3.9/site-packages/airflow/example_dags/example_latest_only_with_trigger.py took 0.184 seconds
[2022-12-31T20:59:13.782+0700] {processor.py:153} INFO - Started process (PID=13111) to work on /home/dmk/anaconda3/lib/python3.9/site-packages/airflow/example_dags/example_latest_only_with_trigger.py
[2022-12-31T20:59:13.789+0700] {processor.py:743} INFO - Processing file /home/dmk/anaconda3/lib/python3.9/site-packages/airflow/example_dags/example_latest_only_with_trigger.py for tasks to queue
[2022-12-31T20:59:13.793+0700] {logging_mixin.py:137} INFO - [2022-12-31T20:59:13.792+0700] {dagbag.py:538} INFO - Filling up the DagBag from /home/dmk/anaconda3/lib/python3.9/site-packages/airflow/example_dags/example_latest_only_with_trigger.py
[2022-12-31T20:59:13.833+0700] {processor.py:753} INFO - DAG(s) dict_keys(['latest_only_with_trigger']) retrieved from /home/dmk/anaconda3/lib/python3.9/site-packages/airflow/example_dags/example_latest_only_with_trigger.py
[2022-12-31T20:59:13.864+0700] {logging_mixin.py:137} INFO - [2022-12-31T20:59:13.864+0700] {dag.py:2676} INFO - Sync 1 DAGs
[2022-12-31T20:59:13.888+0700] {logging_mixin.py:137} INFO - [2022-12-31T20:59:13.888+0700] {dag.py:3423} INFO - Setting next_dagrun for latest_only_with_trigger to 2022-12-31T09:59:13.887967+00:00, run_after=2022-12-31T13:59:13.887967+00:00
[2022-12-31T20:59:13.911+0700] {processor.py:175} INFO - Processing /home/dmk/anaconda3/lib/python3.9/site-packages/airflow/example_dags/example_latest_only_with_trigger.py took 0.142 seconds
[2022-12-31T20:59:58.821+0700] {processor.py:153} INFO - Started process (PID=14526) to work on /home/dmk/anaconda3/lib/python3.9/site-packages/airflow/example_dags/example_latest_only_with_trigger.py
[2022-12-31T20:59:58.825+0700] {processor.py:743} INFO - Processing file /home/dmk/anaconda3/lib/python3.9/site-packages/airflow/example_dags/example_latest_only_with_trigger.py for tasks to queue
[2022-12-31T20:59:58.826+0700] {logging_mixin.py:137} INFO - [2022-12-31T20:59:58.825+0700] {dagbag.py:538} INFO - Filling up the DagBag from /home/dmk/anaconda3/lib/python3.9/site-packages/airflow/example_dags/example_latest_only_with_trigger.py
[2022-12-31T20:59:58.840+0700] {processor.py:753} INFO - DAG(s) dict_keys(['latest_only_with_trigger']) retrieved from /home/dmk/anaconda3/lib/python3.9/site-packages/airflow/example_dags/example_latest_only_with_trigger.py
[2022-12-31T20:59:58.866+0700] {logging_mixin.py:137} INFO - [2022-12-31T20:59:58.866+0700] {dag.py:2676} INFO - Sync 1 DAGs
[2022-12-31T20:59:58.883+0700] {logging_mixin.py:137} INFO - [2022-12-31T20:59:58.883+0700] {dag.py:3423} INFO - Setting next_dagrun for latest_only_with_trigger to 2022-12-31T09:59:58.883165+00:00, run_after=2022-12-31T13:59:58.883165+00:00
[2022-12-31T20:59:58.905+0700] {processor.py:175} INFO - Processing /home/dmk/anaconda3/lib/python3.9/site-packages/airflow/example_dags/example_latest_only_with_trigger.py took 0.089 seconds
[2022-12-31T21:00:58.085+0700] {processor.py:153} INFO - Started process (PID=15597) to work on /home/dmk/anaconda3/lib/python3.9/site-packages/airflow/example_dags/example_latest_only_with_trigger.py
[2022-12-31T21:00:58.090+0700] {processor.py:743} INFO - Processing file /home/dmk/anaconda3/lib/python3.9/site-packages/airflow/example_dags/example_latest_only_with_trigger.py for tasks to queue
[2022-12-31T21:00:58.091+0700] {logging_mixin.py:137} INFO - [2022-12-31T21:00:58.090+0700] {dagbag.py:538} INFO - Filling up the DagBag from /home/dmk/anaconda3/lib/python3.9/site-packages/airflow/example_dags/example_latest_only_with_trigger.py
[2022-12-31T21:00:58.107+0700] {processor.py:753} INFO - DAG(s) dict_keys(['latest_only_with_trigger']) retrieved from /home/dmk/anaconda3/lib/python3.9/site-packages/airflow/example_dags/example_latest_only_with_trigger.py
[2022-12-31T21:00:58.134+0700] {logging_mixin.py:137} INFO - [2022-12-31T21:00:58.134+0700] {dag.py:2676} INFO - Sync 1 DAGs
[2022-12-31T21:00:58.152+0700] {logging_mixin.py:137} INFO - [2022-12-31T21:00:58.152+0700] {dag.py:3423} INFO - Setting next_dagrun for latest_only_with_trigger to 2022-12-31T10:00:58.151823+00:00, run_after=2022-12-31T14:00:58.151823+00:00
[2022-12-31T21:00:58.174+0700] {processor.py:175} INFO - Processing /home/dmk/anaconda3/lib/python3.9/site-packages/airflow/example_dags/example_latest_only_with_trigger.py took 0.093 seconds
[2022-12-31T21:01:51.438+0700] {processor.py:153} INFO - Started process (PID=16257) to work on /home/dmk/anaconda3/lib/python3.9/site-packages/airflow/example_dags/example_latest_only_with_trigger.py
[2022-12-31T21:01:51.440+0700] {processor.py:743} INFO - Processing file /home/dmk/anaconda3/lib/python3.9/site-packages/airflow/example_dags/example_latest_only_with_trigger.py for tasks to queue
[2022-12-31T21:01:51.441+0700] {logging_mixin.py:137} INFO - [2022-12-31T21:01:51.441+0700] {dagbag.py:538} INFO - Filling up the DagBag from /home/dmk/anaconda3/lib/python3.9/site-packages/airflow/example_dags/example_latest_only_with_trigger.py
[2022-12-31T21:01:51.459+0700] {processor.py:753} INFO - DAG(s) dict_keys(['latest_only_with_trigger']) retrieved from /home/dmk/anaconda3/lib/python3.9/site-packages/airflow/example_dags/example_latest_only_with_trigger.py
[2022-12-31T21:01:51.490+0700] {logging_mixin.py:137} INFO - [2022-12-31T21:01:51.490+0700] {dag.py:2676} INFO - Sync 1 DAGs
[2022-12-31T21:01:51.516+0700] {logging_mixin.py:137} INFO - [2022-12-31T21:01:51.516+0700] {dag.py:3423} INFO - Setting next_dagrun for latest_only_with_trigger to 2022-12-31T10:01:51.516044+00:00, run_after=2022-12-31T14:01:51.516044+00:00
[2022-12-31T21:01:51.556+0700] {processor.py:175} INFO - Processing /home/dmk/anaconda3/lib/python3.9/site-packages/airflow/example_dags/example_latest_only_with_trigger.py took 0.121 seconds
[2022-12-31T21:02:46.269+0700] {processor.py:153} INFO - Started process (PID=16401) to work on /home/dmk/anaconda3/lib/python3.9/site-packages/airflow/example_dags/example_latest_only_with_trigger.py
[2022-12-31T21:02:46.274+0700] {processor.py:743} INFO - Processing file /home/dmk/anaconda3/lib/python3.9/site-packages/airflow/example_dags/example_latest_only_with_trigger.py for tasks to queue
[2022-12-31T21:02:46.276+0700] {logging_mixin.py:137} INFO - [2022-12-31T21:02:46.275+0700] {dagbag.py:538} INFO - Filling up the DagBag from /home/dmk/anaconda3/lib/python3.9/site-packages/airflow/example_dags/example_latest_only_with_trigger.py
[2022-12-31T21:02:46.309+0700] {processor.py:753} INFO - DAG(s) dict_keys(['latest_only_with_trigger']) retrieved from /home/dmk/anaconda3/lib/python3.9/site-packages/airflow/example_dags/example_latest_only_with_trigger.py
[2022-12-31T21:02:46.341+0700] {logging_mixin.py:137} INFO - [2022-12-31T21:02:46.341+0700] {dag.py:2676} INFO - Sync 1 DAGs
[2022-12-31T21:02:46.365+0700] {logging_mixin.py:137} INFO - [2022-12-31T21:02:46.365+0700] {dag.py:3423} INFO - Setting next_dagrun for latest_only_with_trigger to 2022-12-31T10:02:46.365254+00:00, run_after=2022-12-31T14:02:46.365254+00:00
[2022-12-31T21:02:46.394+0700] {processor.py:175} INFO - Processing /home/dmk/anaconda3/lib/python3.9/site-packages/airflow/example_dags/example_latest_only_with_trigger.py took 0.132 seconds
[2022-12-31T21:03:52.083+0700] {processor.py:153} INFO - Started process (PID=17061) to work on /home/dmk/anaconda3/lib/python3.9/site-packages/airflow/example_dags/example_latest_only_with_trigger.py
[2022-12-31T21:03:52.085+0700] {processor.py:743} INFO - Processing file /home/dmk/anaconda3/lib/python3.9/site-packages/airflow/example_dags/example_latest_only_with_trigger.py for tasks to queue
[2022-12-31T21:03:52.086+0700] {logging_mixin.py:137} INFO - [2022-12-31T21:03:52.086+0700] {dagbag.py:538} INFO - Filling up the DagBag from /home/dmk/anaconda3/lib/python3.9/site-packages/airflow/example_dags/example_latest_only_with_trigger.py
[2022-12-31T21:03:52.115+0700] {processor.py:753} INFO - DAG(s) dict_keys(['latest_only_with_trigger']) retrieved from /home/dmk/anaconda3/lib/python3.9/site-packages/airflow/example_dags/example_latest_only_with_trigger.py
[2022-12-31T21:03:52.330+0700] {logging_mixin.py:137} INFO - [2022-12-31T21:03:52.330+0700] {dag.py:2676} INFO - Sync 1 DAGs
[2022-12-31T21:03:52.349+0700] {logging_mixin.py:137} INFO - [2022-12-31T21:03:52.349+0700] {dag.py:3423} INFO - Setting next_dagrun for latest_only_with_trigger to 2022-12-31T10:03:52.349413+00:00, run_after=2022-12-31T14:03:52.349413+00:00
[2022-12-31T21:03:52.380+0700] {processor.py:175} INFO - Processing /home/dmk/anaconda3/lib/python3.9/site-packages/airflow/example_dags/example_latest_only_with_trigger.py took 0.323 seconds
[2022-12-31T21:04:50.225+0700] {processor.py:153} INFO - Started process (PID=17589) to work on /home/dmk/anaconda3/lib/python3.9/site-packages/airflow/example_dags/example_latest_only_with_trigger.py
[2022-12-31T21:04:50.229+0700] {processor.py:743} INFO - Processing file /home/dmk/anaconda3/lib/python3.9/site-packages/airflow/example_dags/example_latest_only_with_trigger.py for tasks to queue
[2022-12-31T21:04:50.230+0700] {logging_mixin.py:137} INFO - [2022-12-31T21:04:50.230+0700] {dagbag.py:538} INFO - Filling up the DagBag from /home/dmk/anaconda3/lib/python3.9/site-packages/airflow/example_dags/example_latest_only_with_trigger.py
[2022-12-31T21:04:50.243+0700] {processor.py:753} INFO - DAG(s) dict_keys(['latest_only_with_trigger']) retrieved from /home/dmk/anaconda3/lib/python3.9/site-packages/airflow/example_dags/example_latest_only_with_trigger.py
[2022-12-31T21:04:50.277+0700] {logging_mixin.py:137} INFO - [2022-12-31T21:04:50.277+0700] {dag.py:2676} INFO - Sync 1 DAGs
[2022-12-31T21:04:50.399+0700] {logging_mixin.py:137} INFO - [2022-12-31T21:04:50.398+0700] {dag.py:3423} INFO - Setting next_dagrun for latest_only_with_trigger to 2022-12-31T10:04:50.398696+00:00, run_after=2022-12-31T14:04:50.398696+00:00
[2022-12-31T21:04:50.427+0700] {processor.py:175} INFO - Processing /home/dmk/anaconda3/lib/python3.9/site-packages/airflow/example_dags/example_latest_only_with_trigger.py took 0.204 seconds
[2022-12-31T21:05:43.552+0700] {processor.py:153} INFO - Started process (PID=18300) to work on /home/dmk/anaconda3/lib/python3.9/site-packages/airflow/example_dags/example_latest_only_with_trigger.py
[2022-12-31T21:05:43.558+0700] {processor.py:743} INFO - Processing file /home/dmk/anaconda3/lib/python3.9/site-packages/airflow/example_dags/example_latest_only_with_trigger.py for tasks to queue
[2022-12-31T21:05:43.559+0700] {logging_mixin.py:137} INFO - [2022-12-31T21:05:43.559+0700] {dagbag.py:538} INFO - Filling up the DagBag from /home/dmk/anaconda3/lib/python3.9/site-packages/airflow/example_dags/example_latest_only_with_trigger.py
[2022-12-31T21:05:43.584+0700] {processor.py:753} INFO - DAG(s) dict_keys(['latest_only_with_trigger']) retrieved from /home/dmk/anaconda3/lib/python3.9/site-packages/airflow/example_dags/example_latest_only_with_trigger.py
[2022-12-31T21:05:43.730+0700] {logging_mixin.py:137} INFO - [2022-12-31T21:05:43.730+0700] {dag.py:2676} INFO - Sync 1 DAGs
[2022-12-31T21:05:43.744+0700] {logging_mixin.py:137} INFO - [2022-12-31T21:05:43.744+0700] {dag.py:3423} INFO - Setting next_dagrun for latest_only_with_trigger to 2022-12-31T10:05:43.744551+00:00, run_after=2022-12-31T14:05:43.744551+00:00
[2022-12-31T21:05:43.769+0700] {processor.py:175} INFO - Processing /home/dmk/anaconda3/lib/python3.9/site-packages/airflow/example_dags/example_latest_only_with_trigger.py took 0.225 seconds
[2022-12-31T21:06:44.818+0700] {processor.py:153} INFO - Started process (PID=18480) to work on /home/dmk/anaconda3/lib/python3.9/site-packages/airflow/example_dags/example_latest_only_with_trigger.py
[2022-12-31T21:06:44.822+0700] {processor.py:743} INFO - Processing file /home/dmk/anaconda3/lib/python3.9/site-packages/airflow/example_dags/example_latest_only_with_trigger.py for tasks to queue
[2022-12-31T21:06:44.822+0700] {logging_mixin.py:137} INFO - [2022-12-31T21:06:44.822+0700] {dagbag.py:538} INFO - Filling up the DagBag from /home/dmk/anaconda3/lib/python3.9/site-packages/airflow/example_dags/example_latest_only_with_trigger.py
[2022-12-31T21:06:44.834+0700] {processor.py:753} INFO - DAG(s) dict_keys(['latest_only_with_trigger']) retrieved from /home/dmk/anaconda3/lib/python3.9/site-packages/airflow/example_dags/example_latest_only_with_trigger.py
[2022-12-31T21:06:44.951+0700] {logging_mixin.py:137} INFO - [2022-12-31T21:06:44.951+0700] {dag.py:2676} INFO - Sync 1 DAGs
[2022-12-31T21:06:44.966+0700] {logging_mixin.py:137} INFO - [2022-12-31T21:06:44.966+0700] {dag.py:3423} INFO - Setting next_dagrun for latest_only_with_trigger to 2022-12-31T10:06:44.966325+00:00, run_after=2022-12-31T14:06:44.966325+00:00
[2022-12-31T21:06:44.987+0700] {processor.py:175} INFO - Processing /home/dmk/anaconda3/lib/python3.9/site-packages/airflow/example_dags/example_latest_only_with_trigger.py took 0.172 seconds
[2022-12-31T21:07:36.916+0700] {processor.py:153} INFO - Started process (PID=18681) to work on /home/dmk/anaconda3/lib/python3.9/site-packages/airflow/example_dags/example_latest_only_with_trigger.py
[2022-12-31T21:07:36.921+0700] {processor.py:743} INFO - Processing file /home/dmk/anaconda3/lib/python3.9/site-packages/airflow/example_dags/example_latest_only_with_trigger.py for tasks to queue
[2022-12-31T21:07:36.922+0700] {logging_mixin.py:137} INFO - [2022-12-31T21:07:36.922+0700] {dagbag.py:538} INFO - Filling up the DagBag from /home/dmk/anaconda3/lib/python3.9/site-packages/airflow/example_dags/example_latest_only_with_trigger.py
[2022-12-31T21:07:37.052+0700] {processor.py:753} INFO - DAG(s) dict_keys(['latest_only_with_trigger']) retrieved from /home/dmk/anaconda3/lib/python3.9/site-packages/airflow/example_dags/example_latest_only_with_trigger.py
[2022-12-31T21:07:37.074+0700] {logging_mixin.py:137} INFO - [2022-12-31T21:07:37.074+0700] {dag.py:2676} INFO - Sync 1 DAGs
[2022-12-31T21:07:37.089+0700] {logging_mixin.py:137} INFO - [2022-12-31T21:07:37.089+0700] {dag.py:3423} INFO - Setting next_dagrun for latest_only_with_trigger to 2022-12-31T10:07:37.089464+00:00, run_after=2022-12-31T14:07:37.089464+00:00
[2022-12-31T21:07:37.111+0700] {processor.py:175} INFO - Processing /home/dmk/anaconda3/lib/python3.9/site-packages/airflow/example_dags/example_latest_only_with_trigger.py took 0.203 seconds
[2022-12-31T21:08:46.995+0700] {processor.py:153} INFO - Started process (PID=19170) to work on /home/dmk/anaconda3/lib/python3.9/site-packages/airflow/example_dags/example_latest_only_with_trigger.py
[2022-12-31T21:08:47.000+0700] {processor.py:743} INFO - Processing file /home/dmk/anaconda3/lib/python3.9/site-packages/airflow/example_dags/example_latest_only_with_trigger.py for tasks to queue
[2022-12-31T21:08:47.002+0700] {logging_mixin.py:137} INFO - [2022-12-31T21:08:47.002+0700] {dagbag.py:538} INFO - Filling up the DagBag from /home/dmk/anaconda3/lib/python3.9/site-packages/airflow/example_dags/example_latest_only_with_trigger.py
[2022-12-31T21:08:47.024+0700] {processor.py:753} INFO - DAG(s) dict_keys(['latest_only_with_trigger']) retrieved from /home/dmk/anaconda3/lib/python3.9/site-packages/airflow/example_dags/example_latest_only_with_trigger.py
[2022-12-31T21:08:47.051+0700] {logging_mixin.py:137} INFO - [2022-12-31T21:08:47.051+0700] {dag.py:2676} INFO - Sync 1 DAGs
[2022-12-31T21:08:47.071+0700] {logging_mixin.py:137} INFO - [2022-12-31T21:08:47.071+0700] {dag.py:3423} INFO - Setting next_dagrun for latest_only_with_trigger to 2022-12-31T10:08:47.071544+00:00, run_after=2022-12-31T14:08:47.071544+00:00
[2022-12-31T21:08:47.094+0700] {processor.py:175} INFO - Processing /home/dmk/anaconda3/lib/python3.9/site-packages/airflow/example_dags/example_latest_only_with_trigger.py took 0.107 seconds
[2022-12-31T21:09:38.944+0700] {processor.py:153} INFO - Started process (PID=19802) to work on /home/dmk/anaconda3/lib/python3.9/site-packages/airflow/example_dags/example_latest_only_with_trigger.py
[2022-12-31T21:09:38.946+0700] {processor.py:743} INFO - Processing file /home/dmk/anaconda3/lib/python3.9/site-packages/airflow/example_dags/example_latest_only_with_trigger.py for tasks to queue
[2022-12-31T21:09:38.948+0700] {logging_mixin.py:137} INFO - [2022-12-31T21:09:38.948+0700] {dagbag.py:538} INFO - Filling up the DagBag from /home/dmk/anaconda3/lib/python3.9/site-packages/airflow/example_dags/example_latest_only_with_trigger.py
[2022-12-31T21:09:38.970+0700] {processor.py:753} INFO - DAG(s) dict_keys(['latest_only_with_trigger']) retrieved from /home/dmk/anaconda3/lib/python3.9/site-packages/airflow/example_dags/example_latest_only_with_trigger.py
[2022-12-31T21:09:39.000+0700] {logging_mixin.py:137} INFO - [2022-12-31T21:09:39.000+0700] {dag.py:2676} INFO - Sync 1 DAGs
[2022-12-31T21:09:39.021+0700] {logging_mixin.py:137} INFO - [2022-12-31T21:09:39.021+0700] {dag.py:3423} INFO - Setting next_dagrun for latest_only_with_trigger to 2022-12-31T10:09:39.020811+00:00, run_after=2022-12-31T14:09:39.020811+00:00
[2022-12-31T21:09:39.044+0700] {processor.py:175} INFO - Processing /home/dmk/anaconda3/lib/python3.9/site-packages/airflow/example_dags/example_latest_only_with_trigger.py took 0.102 seconds
[2022-12-31T21:10:28.399+0700] {processor.py:153} INFO - Started process (PID=19969) to work on /home/dmk/anaconda3/lib/python3.9/site-packages/airflow/example_dags/example_latest_only_with_trigger.py
[2022-12-31T21:10:28.406+0700] {processor.py:743} INFO - Processing file /home/dmk/anaconda3/lib/python3.9/site-packages/airflow/example_dags/example_latest_only_with_trigger.py for tasks to queue
[2022-12-31T21:10:28.409+0700] {logging_mixin.py:137} INFO - [2022-12-31T21:10:28.408+0700] {dagbag.py:538} INFO - Filling up the DagBag from /home/dmk/anaconda3/lib/python3.9/site-packages/airflow/example_dags/example_latest_only_with_trigger.py
[2022-12-31T21:10:28.454+0700] {processor.py:753} INFO - DAG(s) dict_keys(['latest_only_with_trigger']) retrieved from /home/dmk/anaconda3/lib/python3.9/site-packages/airflow/example_dags/example_latest_only_with_trigger.py
[2022-12-31T21:10:28.492+0700] {logging_mixin.py:137} INFO - [2022-12-31T21:10:28.492+0700] {dag.py:2676} INFO - Sync 1 DAGs
[2022-12-31T21:10:28.510+0700] {logging_mixin.py:137} INFO - [2022-12-31T21:10:28.510+0700] {dag.py:3423} INFO - Setting next_dagrun for latest_only_with_trigger to 2022-12-31T10:10:28.510076+00:00, run_after=2022-12-31T14:10:28.510076+00:00
[2022-12-31T21:10:28.531+0700] {processor.py:175} INFO - Processing /home/dmk/anaconda3/lib/python3.9/site-packages/airflow/example_dags/example_latest_only_with_trigger.py took 0.144 seconds
[2022-12-31T21:11:18.435+0700] {processor.py:153} INFO - Started process (PID=20190) to work on /home/dmk/anaconda3/lib/python3.9/site-packages/airflow/example_dags/example_latest_only_with_trigger.py
[2022-12-31T21:11:18.436+0700] {processor.py:743} INFO - Processing file /home/dmk/anaconda3/lib/python3.9/site-packages/airflow/example_dags/example_latest_only_with_trigger.py for tasks to queue
[2022-12-31T21:11:18.438+0700] {logging_mixin.py:137} INFO - [2022-12-31T21:11:18.437+0700] {dagbag.py:538} INFO - Filling up the DagBag from /home/dmk/anaconda3/lib/python3.9/site-packages/airflow/example_dags/example_latest_only_with_trigger.py
[2022-12-31T21:11:18.468+0700] {processor.py:753} INFO - DAG(s) dict_keys(['latest_only_with_trigger']) retrieved from /home/dmk/anaconda3/lib/python3.9/site-packages/airflow/example_dags/example_latest_only_with_trigger.py
[2022-12-31T21:11:18.520+0700] {logging_mixin.py:137} INFO - [2022-12-31T21:11:18.520+0700] {dag.py:2676} INFO - Sync 1 DAGs
[2022-12-31T21:11:18.554+0700] {logging_mixin.py:137} INFO - [2022-12-31T21:11:18.554+0700] {dag.py:3423} INFO - Setting next_dagrun for latest_only_with_trigger to 2022-12-31T10:11:18.554221+00:00, run_after=2022-12-31T14:11:18.554221+00:00
[2022-12-31T21:11:18.584+0700] {processor.py:175} INFO - Processing /home/dmk/anaconda3/lib/python3.9/site-packages/airflow/example_dags/example_latest_only_with_trigger.py took 0.155 seconds
[2022-12-31T21:12:30.229+0700] {processor.py:153} INFO - Started process (PID=20423) to work on /home/dmk/anaconda3/lib/python3.9/site-packages/airflow/example_dags/example_latest_only_with_trigger.py
[2022-12-31T21:12:30.233+0700] {processor.py:743} INFO - Processing file /home/dmk/anaconda3/lib/python3.9/site-packages/airflow/example_dags/example_latest_only_with_trigger.py for tasks to queue
[2022-12-31T21:12:30.235+0700] {logging_mixin.py:137} INFO - [2022-12-31T21:12:30.235+0700] {dagbag.py:538} INFO - Filling up the DagBag from /home/dmk/anaconda3/lib/python3.9/site-packages/airflow/example_dags/example_latest_only_with_trigger.py
[2022-12-31T21:12:30.281+0700] {processor.py:753} INFO - DAG(s) dict_keys(['latest_only_with_trigger']) retrieved from /home/dmk/anaconda3/lib/python3.9/site-packages/airflow/example_dags/example_latest_only_with_trigger.py
[2022-12-31T21:12:30.315+0700] {logging_mixin.py:137} INFO - [2022-12-31T21:12:30.315+0700] {dag.py:2676} INFO - Sync 1 DAGs
[2022-12-31T21:12:30.336+0700] {logging_mixin.py:137} INFO - [2022-12-31T21:12:30.336+0700] {dag.py:3423} INFO - Setting next_dagrun for latest_only_with_trigger to 2022-12-31T10:12:30.336082+00:00, run_after=2022-12-31T14:12:30.336082+00:00
[2022-12-31T21:12:30.366+0700] {processor.py:175} INFO - Processing /home/dmk/anaconda3/lib/python3.9/site-packages/airflow/example_dags/example_latest_only_with_trigger.py took 0.147 seconds
[2022-12-31T21:13:16.734+0700] {processor.py:153} INFO - Started process (PID=20596) to work on /home/dmk/anaconda3/lib/python3.9/site-packages/airflow/example_dags/example_latest_only_with_trigger.py
[2022-12-31T21:13:16.740+0700] {processor.py:743} INFO - Processing file /home/dmk/anaconda3/lib/python3.9/site-packages/airflow/example_dags/example_latest_only_with_trigger.py for tasks to queue
[2022-12-31T21:13:16.742+0700] {logging_mixin.py:137} INFO - [2022-12-31T21:13:16.742+0700] {dagbag.py:538} INFO - Filling up the DagBag from /home/dmk/anaconda3/lib/python3.9/site-packages/airflow/example_dags/example_latest_only_with_trigger.py
[2022-12-31T21:13:16.780+0700] {processor.py:753} INFO - DAG(s) dict_keys(['latest_only_with_trigger']) retrieved from /home/dmk/anaconda3/lib/python3.9/site-packages/airflow/example_dags/example_latest_only_with_trigger.py
[2022-12-31T21:13:16.813+0700] {logging_mixin.py:137} INFO - [2022-12-31T21:13:16.813+0700] {dag.py:2676} INFO - Sync 1 DAGs
[2022-12-31T21:13:16.832+0700] {logging_mixin.py:137} INFO - [2022-12-31T21:13:16.832+0700] {dag.py:3423} INFO - Setting next_dagrun for latest_only_with_trigger to 2022-12-31T10:13:16.832002+00:00, run_after=2022-12-31T14:13:16.832002+00:00
[2022-12-31T21:13:16.856+0700] {processor.py:175} INFO - Processing /home/dmk/anaconda3/lib/python3.9/site-packages/airflow/example_dags/example_latest_only_with_trigger.py took 0.131 seconds
[2022-12-31T21:14:05.932+0700] {processor.py:153} INFO - Started process (PID=21103) to work on /home/dmk/anaconda3/lib/python3.9/site-packages/airflow/example_dags/example_latest_only_with_trigger.py
[2022-12-31T21:14:05.936+0700] {processor.py:743} INFO - Processing file /home/dmk/anaconda3/lib/python3.9/site-packages/airflow/example_dags/example_latest_only_with_trigger.py for tasks to queue
[2022-12-31T21:14:05.936+0700] {logging_mixin.py:137} INFO - [2022-12-31T21:14:05.936+0700] {dagbag.py:538} INFO - Filling up the DagBag from /home/dmk/anaconda3/lib/python3.9/site-packages/airflow/example_dags/example_latest_only_with_trigger.py
[2022-12-31T21:14:05.951+0700] {processor.py:753} INFO - DAG(s) dict_keys(['latest_only_with_trigger']) retrieved from /home/dmk/anaconda3/lib/python3.9/site-packages/airflow/example_dags/example_latest_only_with_trigger.py
[2022-12-31T21:14:05.978+0700] {logging_mixin.py:137} INFO - [2022-12-31T21:14:05.977+0700] {dag.py:2676} INFO - Sync 1 DAGs
[2022-12-31T21:14:05.996+0700] {logging_mixin.py:137} INFO - [2022-12-31T21:14:05.996+0700] {dag.py:3423} INFO - Setting next_dagrun for latest_only_with_trigger to 2022-12-31T10:14:05.996454+00:00, run_after=2022-12-31T14:14:05.996454+00:00
[2022-12-31T21:14:06.019+0700] {processor.py:175} INFO - Processing /home/dmk/anaconda3/lib/python3.9/site-packages/airflow/example_dags/example_latest_only_with_trigger.py took 0.090 seconds
[2022-12-31T21:14:58.142+0700] {processor.py:153} INFO - Started process (PID=22027) to work on /home/dmk/anaconda3/lib/python3.9/site-packages/airflow/example_dags/example_latest_only_with_trigger.py
[2022-12-31T21:14:58.148+0700] {processor.py:743} INFO - Processing file /home/dmk/anaconda3/lib/python3.9/site-packages/airflow/example_dags/example_latest_only_with_trigger.py for tasks to queue
[2022-12-31T21:14:58.150+0700] {logging_mixin.py:137} INFO - [2022-12-31T21:14:58.149+0700] {dagbag.py:538} INFO - Filling up the DagBag from /home/dmk/anaconda3/lib/python3.9/site-packages/airflow/example_dags/example_latest_only_with_trigger.py
[2022-12-31T21:14:58.174+0700] {processor.py:753} INFO - DAG(s) dict_keys(['latest_only_with_trigger']) retrieved from /home/dmk/anaconda3/lib/python3.9/site-packages/airflow/example_dags/example_latest_only_with_trigger.py
[2022-12-31T21:14:58.202+0700] {logging_mixin.py:137} INFO - [2022-12-31T21:14:58.202+0700] {dag.py:2676} INFO - Sync 1 DAGs
[2022-12-31T21:14:58.219+0700] {logging_mixin.py:137} INFO - [2022-12-31T21:14:58.219+0700] {dag.py:3423} INFO - Setting next_dagrun for latest_only_with_trigger to 2022-12-31T10:14:58.219622+00:00, run_after=2022-12-31T14:14:58.219622+00:00
[2022-12-31T21:14:58.243+0700] {processor.py:175} INFO - Processing /home/dmk/anaconda3/lib/python3.9/site-packages/airflow/example_dags/example_latest_only_with_trigger.py took 0.109 seconds
[2022-12-31T21:15:50.235+0700] {processor.py:153} INFO - Started process (PID=22363) to work on /home/dmk/anaconda3/lib/python3.9/site-packages/airflow/example_dags/example_latest_only_with_trigger.py
[2022-12-31T21:15:50.241+0700] {processor.py:743} INFO - Processing file /home/dmk/anaconda3/lib/python3.9/site-packages/airflow/example_dags/example_latest_only_with_trigger.py for tasks to queue
[2022-12-31T21:15:50.243+0700] {logging_mixin.py:137} INFO - [2022-12-31T21:15:50.242+0700] {dagbag.py:538} INFO - Filling up the DagBag from /home/dmk/anaconda3/lib/python3.9/site-packages/airflow/example_dags/example_latest_only_with_trigger.py
[2022-12-31T21:15:50.275+0700] {processor.py:753} INFO - DAG(s) dict_keys(['latest_only_with_trigger']) retrieved from /home/dmk/anaconda3/lib/python3.9/site-packages/airflow/example_dags/example_latest_only_with_trigger.py
[2022-12-31T21:15:50.303+0700] {logging_mixin.py:137} INFO - [2022-12-31T21:15:50.303+0700] {dag.py:2676} INFO - Sync 1 DAGs
[2022-12-31T21:15:50.324+0700] {logging_mixin.py:137} INFO - [2022-12-31T21:15:50.323+0700] {dag.py:3423} INFO - Setting next_dagrun for latest_only_with_trigger to 2022-12-31T10:15:50.323781+00:00, run_after=2022-12-31T14:15:50.323781+00:00
[2022-12-31T21:15:50.345+0700] {processor.py:175} INFO - Processing /home/dmk/anaconda3/lib/python3.9/site-packages/airflow/example_dags/example_latest_only_with_trigger.py took 0.120 seconds
[2022-12-31T21:16:35.460+0700] {processor.py:153} INFO - Started process (PID=22718) to work on /home/dmk/anaconda3/lib/python3.9/site-packages/airflow/example_dags/example_latest_only_with_trigger.py
[2022-12-31T21:16:35.462+0700] {processor.py:743} INFO - Processing file /home/dmk/anaconda3/lib/python3.9/site-packages/airflow/example_dags/example_latest_only_with_trigger.py for tasks to queue
[2022-12-31T21:16:35.463+0700] {logging_mixin.py:137} INFO - [2022-12-31T21:16:35.463+0700] {dagbag.py:538} INFO - Filling up the DagBag from /home/dmk/anaconda3/lib/python3.9/site-packages/airflow/example_dags/example_latest_only_with_trigger.py
[2022-12-31T21:16:35.479+0700] {processor.py:753} INFO - DAG(s) dict_keys(['latest_only_with_trigger']) retrieved from /home/dmk/anaconda3/lib/python3.9/site-packages/airflow/example_dags/example_latest_only_with_trigger.py
[2022-12-31T21:16:35.504+0700] {logging_mixin.py:137} INFO - [2022-12-31T21:16:35.504+0700] {dag.py:2676} INFO - Sync 1 DAGs
[2022-12-31T21:16:35.522+0700] {logging_mixin.py:137} INFO - [2022-12-31T21:16:35.522+0700] {dag.py:3423} INFO - Setting next_dagrun for latest_only_with_trigger to 2022-12-31T10:16:35.522103+00:00, run_after=2022-12-31T14:16:35.522103+00:00
[2022-12-31T21:16:35.553+0700] {processor.py:175} INFO - Processing /home/dmk/anaconda3/lib/python3.9/site-packages/airflow/example_dags/example_latest_only_with_trigger.py took 0.096 seconds
[2022-12-31T21:17:24.136+0700] {processor.py:153} INFO - Started process (PID=23593) to work on /home/dmk/anaconda3/lib/python3.9/site-packages/airflow/example_dags/example_latest_only_with_trigger.py
[2022-12-31T21:17:24.140+0700] {processor.py:743} INFO - Processing file /home/dmk/anaconda3/lib/python3.9/site-packages/airflow/example_dags/example_latest_only_with_trigger.py for tasks to queue
[2022-12-31T21:17:24.140+0700] {logging_mixin.py:137} INFO - [2022-12-31T21:17:24.140+0700] {dagbag.py:538} INFO - Filling up the DagBag from /home/dmk/anaconda3/lib/python3.9/site-packages/airflow/example_dags/example_latest_only_with_trigger.py
[2022-12-31T21:17:24.153+0700] {processor.py:753} INFO - DAG(s) dict_keys(['latest_only_with_trigger']) retrieved from /home/dmk/anaconda3/lib/python3.9/site-packages/airflow/example_dags/example_latest_only_with_trigger.py
[2022-12-31T21:17:24.178+0700] {logging_mixin.py:137} INFO - [2022-12-31T21:17:24.178+0700] {dag.py:2676} INFO - Sync 1 DAGs
[2022-12-31T21:17:24.195+0700] {logging_mixin.py:137} INFO - [2022-12-31T21:17:24.195+0700] {dag.py:3423} INFO - Setting next_dagrun for latest_only_with_trigger to 2022-12-31T10:17:24.195196+00:00, run_after=2022-12-31T14:17:24.195196+00:00
[2022-12-31T21:17:24.226+0700] {processor.py:175} INFO - Processing /home/dmk/anaconda3/lib/python3.9/site-packages/airflow/example_dags/example_latest_only_with_trigger.py took 0.092 seconds
[2022-12-31T21:18:25.412+0700] {processor.py:153} INFO - Started process (PID=23713) to work on /home/dmk/anaconda3/lib/python3.9/site-packages/airflow/example_dags/example_latest_only_with_trigger.py
[2022-12-31T21:18:25.417+0700] {processor.py:743} INFO - Processing file /home/dmk/anaconda3/lib/python3.9/site-packages/airflow/example_dags/example_latest_only_with_trigger.py for tasks to queue
[2022-12-31T21:18:25.418+0700] {logging_mixin.py:137} INFO - [2022-12-31T21:18:25.417+0700] {dagbag.py:538} INFO - Filling up the DagBag from /home/dmk/anaconda3/lib/python3.9/site-packages/airflow/example_dags/example_latest_only_with_trigger.py
[2022-12-31T21:18:25.435+0700] {processor.py:753} INFO - DAG(s) dict_keys(['latest_only_with_trigger']) retrieved from /home/dmk/anaconda3/lib/python3.9/site-packages/airflow/example_dags/example_latest_only_with_trigger.py
[2022-12-31T21:18:25.463+0700] {logging_mixin.py:137} INFO - [2022-12-31T21:18:25.463+0700] {dag.py:2676} INFO - Sync 1 DAGs
[2022-12-31T21:18:25.483+0700] {logging_mixin.py:137} INFO - [2022-12-31T21:18:25.483+0700] {dag.py:3423} INFO - Setting next_dagrun for latest_only_with_trigger to 2022-12-31T10:18:25.483203+00:00, run_after=2022-12-31T14:18:25.483203+00:00
[2022-12-31T21:18:25.515+0700] {processor.py:175} INFO - Processing /home/dmk/anaconda3/lib/python3.9/site-packages/airflow/example_dags/example_latest_only_with_trigger.py took 0.108 seconds
[2022-12-31T21:19:17.370+0700] {processor.py:153} INFO - Started process (PID=24120) to work on /home/dmk/anaconda3/lib/python3.9/site-packages/airflow/example_dags/example_latest_only_with_trigger.py
[2022-12-31T21:19:17.374+0700] {processor.py:743} INFO - Processing file /home/dmk/anaconda3/lib/python3.9/site-packages/airflow/example_dags/example_latest_only_with_trigger.py for tasks to queue
[2022-12-31T21:19:17.374+0700] {logging_mixin.py:137} INFO - [2022-12-31T21:19:17.374+0700] {dagbag.py:538} INFO - Filling up the DagBag from /home/dmk/anaconda3/lib/python3.9/site-packages/airflow/example_dags/example_latest_only_with_trigger.py
[2022-12-31T21:19:17.393+0700] {processor.py:753} INFO - DAG(s) dict_keys(['latest_only_with_trigger']) retrieved from /home/dmk/anaconda3/lib/python3.9/site-packages/airflow/example_dags/example_latest_only_with_trigger.py
[2022-12-31T21:19:17.424+0700] {logging_mixin.py:137} INFO - [2022-12-31T21:19:17.424+0700] {dag.py:2676} INFO - Sync 1 DAGs
[2022-12-31T21:19:17.538+0700] {logging_mixin.py:137} INFO - [2022-12-31T21:19:17.538+0700] {dag.py:3423} INFO - Setting next_dagrun for latest_only_with_trigger to 2022-12-31T10:19:17.537983+00:00, run_after=2022-12-31T14:19:17.537983+00:00
[2022-12-31T21:19:17.568+0700] {processor.py:175} INFO - Processing /home/dmk/anaconda3/lib/python3.9/site-packages/airflow/example_dags/example_latest_only_with_trigger.py took 0.203 seconds
[2022-12-31T21:20:10.435+0700] {processor.py:153} INFO - Started process (PID=24342) to work on /home/dmk/anaconda3/lib/python3.9/site-packages/airflow/example_dags/example_latest_only_with_trigger.py
[2022-12-31T21:20:10.439+0700] {processor.py:743} INFO - Processing file /home/dmk/anaconda3/lib/python3.9/site-packages/airflow/example_dags/example_latest_only_with_trigger.py for tasks to queue
[2022-12-31T21:20:10.440+0700] {logging_mixin.py:137} INFO - [2022-12-31T21:20:10.440+0700] {dagbag.py:538} INFO - Filling up the DagBag from /home/dmk/anaconda3/lib/python3.9/site-packages/airflow/example_dags/example_latest_only_with_trigger.py
[2022-12-31T21:20:10.463+0700] {processor.py:753} INFO - DAG(s) dict_keys(['latest_only_with_trigger']) retrieved from /home/dmk/anaconda3/lib/python3.9/site-packages/airflow/example_dags/example_latest_only_with_trigger.py
[2022-12-31T21:20:10.502+0700] {logging_mixin.py:137} INFO - [2022-12-31T21:20:10.502+0700] {dag.py:2676} INFO - Sync 1 DAGs
[2022-12-31T21:20:10.633+0700] {logging_mixin.py:137} INFO - [2022-12-31T21:20:10.633+0700] {dag.py:3423} INFO - Setting next_dagrun for latest_only_with_trigger to 2022-12-31T10:20:10.633074+00:00, run_after=2022-12-31T14:20:10.633074+00:00
[2022-12-31T21:20:10.663+0700] {processor.py:175} INFO - Processing /home/dmk/anaconda3/lib/python3.9/site-packages/airflow/example_dags/example_latest_only_with_trigger.py took 0.237 seconds
[2022-12-31T21:22:41.462+0700] {processor.py:153} INFO - Started process (PID=25314) to work on /home/dmk/anaconda3/lib/python3.9/site-packages/airflow/example_dags/example_latest_only_with_trigger.py
[2022-12-31T21:22:41.465+0700] {processor.py:743} INFO - Processing file /home/dmk/anaconda3/lib/python3.9/site-packages/airflow/example_dags/example_latest_only_with_trigger.py for tasks to queue
[2022-12-31T21:22:41.467+0700] {logging_mixin.py:137} INFO - [2022-12-31T21:22:41.467+0700] {dagbag.py:538} INFO - Filling up the DagBag from /home/dmk/anaconda3/lib/python3.9/site-packages/airflow/example_dags/example_latest_only_with_trigger.py
[2022-12-31T21:22:41.502+0700] {processor.py:753} INFO - DAG(s) dict_keys(['latest_only_with_trigger']) retrieved from /home/dmk/anaconda3/lib/python3.9/site-packages/airflow/example_dags/example_latest_only_with_trigger.py
[2022-12-31T21:22:41.539+0700] {logging_mixin.py:137} INFO - [2022-12-31T21:22:41.538+0700] {dag.py:2676} INFO - Sync 1 DAGs
[2022-12-31T21:22:41.672+0700] {logging_mixin.py:137} INFO - [2022-12-31T21:22:41.672+0700] {dag.py:3423} INFO - Setting next_dagrun for latest_only_with_trigger to 2022-12-31T10:22:41.672431+00:00, run_after=2022-12-31T14:22:41.672431+00:00
[2022-12-31T21:22:41.704+0700] {processor.py:175} INFO - Processing /home/dmk/anaconda3/lib/python3.9/site-packages/airflow/example_dags/example_latest_only_with_trigger.py took 0.254 seconds
[2022-12-31T21:23:34.340+0700] {processor.py:153} INFO - Started process (PID=25438) to work on /home/dmk/anaconda3/lib/python3.9/site-packages/airflow/example_dags/example_latest_only_with_trigger.py
[2022-12-31T21:23:34.345+0700] {processor.py:743} INFO - Processing file /home/dmk/anaconda3/lib/python3.9/site-packages/airflow/example_dags/example_latest_only_with_trigger.py for tasks to queue
[2022-12-31T21:23:34.346+0700] {logging_mixin.py:137} INFO - [2022-12-31T21:23:34.346+0700] {dagbag.py:538} INFO - Filling up the DagBag from /home/dmk/anaconda3/lib/python3.9/site-packages/airflow/example_dags/example_latest_only_with_trigger.py
[2022-12-31T21:23:34.366+0700] {processor.py:753} INFO - DAG(s) dict_keys(['latest_only_with_trigger']) retrieved from /home/dmk/anaconda3/lib/python3.9/site-packages/airflow/example_dags/example_latest_only_with_trigger.py
[2022-12-31T21:23:34.394+0700] {logging_mixin.py:137} INFO - [2022-12-31T21:23:34.394+0700] {dag.py:2676} INFO - Sync 1 DAGs
[2022-12-31T21:23:34.505+0700] {logging_mixin.py:137} INFO - [2022-12-31T21:23:34.505+0700] {dag.py:3423} INFO - Setting next_dagrun for latest_only_with_trigger to 2022-12-31T10:23:34.505563+00:00, run_after=2022-12-31T14:23:34.505563+00:00
[2022-12-31T21:23:34.535+0700] {processor.py:175} INFO - Processing /home/dmk/anaconda3/lib/python3.9/site-packages/airflow/example_dags/example_latest_only_with_trigger.py took 0.199 seconds
[2022-12-31T21:24:35.988+0700] {processor.py:153} INFO - Started process (PID=25644) to work on /home/dmk/anaconda3/lib/python3.9/site-packages/airflow/example_dags/example_latest_only_with_trigger.py
[2022-12-31T21:24:35.994+0700] {processor.py:743} INFO - Processing file /home/dmk/anaconda3/lib/python3.9/site-packages/airflow/example_dags/example_latest_only_with_trigger.py for tasks to queue
[2022-12-31T21:24:35.996+0700] {logging_mixin.py:137} INFO - [2022-12-31T21:24:35.996+0700] {dagbag.py:538} INFO - Filling up the DagBag from /home/dmk/anaconda3/lib/python3.9/site-packages/airflow/example_dags/example_latest_only_with_trigger.py
[2022-12-31T21:24:36.033+0700] {processor.py:753} INFO - DAG(s) dict_keys(['latest_only_with_trigger']) retrieved from /home/dmk/anaconda3/lib/python3.9/site-packages/airflow/example_dags/example_latest_only_with_trigger.py
[2022-12-31T21:24:36.158+0700] {logging_mixin.py:137} INFO - [2022-12-31T21:24:36.157+0700] {dag.py:2676} INFO - Sync 1 DAGs
[2022-12-31T21:24:36.175+0700] {logging_mixin.py:137} INFO - [2022-12-31T21:24:36.175+0700] {dag.py:3423} INFO - Setting next_dagrun for latest_only_with_trigger to 2022-12-31T10:24:36.175205+00:00, run_after=2022-12-31T14:24:36.175205+00:00
[2022-12-31T21:24:36.204+0700] {processor.py:175} INFO - Processing /home/dmk/anaconda3/lib/python3.9/site-packages/airflow/example_dags/example_latest_only_with_trigger.py took 0.224 seconds
[2022-12-31T21:25:34.493+0700] {processor.py:153} INFO - Started process (PID=25858) to work on /home/dmk/anaconda3/lib/python3.9/site-packages/airflow/example_dags/example_latest_only_with_trigger.py
[2022-12-31T21:25:34.496+0700] {processor.py:743} INFO - Processing file /home/dmk/anaconda3/lib/python3.9/site-packages/airflow/example_dags/example_latest_only_with_trigger.py for tasks to queue
[2022-12-31T21:25:34.497+0700] {logging_mixin.py:137} INFO - [2022-12-31T21:25:34.496+0700] {dagbag.py:538} INFO - Filling up the DagBag from /home/dmk/anaconda3/lib/python3.9/site-packages/airflow/example_dags/example_latest_only_with_trigger.py
[2022-12-31T21:25:34.513+0700] {processor.py:753} INFO - DAG(s) dict_keys(['latest_only_with_trigger']) retrieved from /home/dmk/anaconda3/lib/python3.9/site-packages/airflow/example_dags/example_latest_only_with_trigger.py
[2022-12-31T21:25:34.753+0700] {logging_mixin.py:137} INFO - [2022-12-31T21:25:34.753+0700] {dag.py:2676} INFO - Sync 1 DAGs
[2022-12-31T21:25:34.789+0700] {logging_mixin.py:137} INFO - [2022-12-31T21:25:34.789+0700] {dag.py:3423} INFO - Setting next_dagrun for latest_only_with_trigger to 2022-12-31T10:25:34.788896+00:00, run_after=2022-12-31T14:25:34.788896+00:00
[2022-12-31T21:25:34.855+0700] {processor.py:175} INFO - Processing /home/dmk/anaconda3/lib/python3.9/site-packages/airflow/example_dags/example_latest_only_with_trigger.py took 0.365 seconds
[2022-12-31T21:26:29.533+0700] {processor.py:153} INFO - Started process (PID=25964) to work on /home/dmk/anaconda3/lib/python3.9/site-packages/airflow/example_dags/example_latest_only_with_trigger.py
[2022-12-31T21:26:29.536+0700] {processor.py:743} INFO - Processing file /home/dmk/anaconda3/lib/python3.9/site-packages/airflow/example_dags/example_latest_only_with_trigger.py for tasks to queue
[2022-12-31T21:26:29.537+0700] {logging_mixin.py:137} INFO - [2022-12-31T21:26:29.537+0700] {dagbag.py:538} INFO - Filling up the DagBag from /home/dmk/anaconda3/lib/python3.9/site-packages/airflow/example_dags/example_latest_only_with_trigger.py
[2022-12-31T21:26:29.675+0700] {processor.py:753} INFO - DAG(s) dict_keys(['latest_only_with_trigger']) retrieved from /home/dmk/anaconda3/lib/python3.9/site-packages/airflow/example_dags/example_latest_only_with_trigger.py
[2022-12-31T21:26:29.704+0700] {logging_mixin.py:137} INFO - [2022-12-31T21:26:29.704+0700] {dag.py:2676} INFO - Sync 1 DAGs
[2022-12-31T21:26:29.725+0700] {logging_mixin.py:137} INFO - [2022-12-31T21:26:29.725+0700] {dag.py:3423} INFO - Setting next_dagrun for latest_only_with_trigger to 2022-12-31T10:26:29.724867+00:00, run_after=2022-12-31T14:26:29.724867+00:00
[2022-12-31T21:26:29.762+0700] {processor.py:175} INFO - Processing /home/dmk/anaconda3/lib/python3.9/site-packages/airflow/example_dags/example_latest_only_with_trigger.py took 0.233 seconds
[2022-12-31T21:27:31.937+0700] {processor.py:153} INFO - Started process (PID=26073) to work on /home/dmk/anaconda3/lib/python3.9/site-packages/airflow/example_dags/example_latest_only_with_trigger.py
[2022-12-31T21:27:31.940+0700] {processor.py:743} INFO - Processing file /home/dmk/anaconda3/lib/python3.9/site-packages/airflow/example_dags/example_latest_only_with_trigger.py for tasks to queue
[2022-12-31T21:27:31.941+0700] {logging_mixin.py:137} INFO - [2022-12-31T21:27:31.941+0700] {dagbag.py:538} INFO - Filling up the DagBag from /home/dmk/anaconda3/lib/python3.9/site-packages/airflow/example_dags/example_latest_only_with_trigger.py
[2022-12-31T21:27:31.960+0700] {processor.py:753} INFO - DAG(s) dict_keys(['latest_only_with_trigger']) retrieved from /home/dmk/anaconda3/lib/python3.9/site-packages/airflow/example_dags/example_latest_only_with_trigger.py
[2022-12-31T21:27:31.990+0700] {logging_mixin.py:137} INFO - [2022-12-31T21:27:31.990+0700] {dag.py:2676} INFO - Sync 1 DAGs
[2022-12-31T21:27:32.014+0700] {logging_mixin.py:137} INFO - [2022-12-31T21:27:32.013+0700] {dag.py:3423} INFO - Setting next_dagrun for latest_only_with_trigger to 2022-12-31T10:27:32.013452+00:00, run_after=2022-12-31T14:27:32.013452+00:00
[2022-12-31T21:27:32.060+0700] {processor.py:175} INFO - Processing /home/dmk/anaconda3/lib/python3.9/site-packages/airflow/example_dags/example_latest_only_with_trigger.py took 0.127 seconds
[2022-12-31T21:28:22.732+0700] {processor.py:153} INFO - Started process (PID=26160) to work on /home/dmk/anaconda3/lib/python3.9/site-packages/airflow/example_dags/example_latest_only_with_trigger.py
[2022-12-31T21:28:22.738+0700] {processor.py:743} INFO - Processing file /home/dmk/anaconda3/lib/python3.9/site-packages/airflow/example_dags/example_latest_only_with_trigger.py for tasks to queue
[2022-12-31T21:28:22.742+0700] {logging_mixin.py:137} INFO - [2022-12-31T21:28:22.741+0700] {dagbag.py:538} INFO - Filling up the DagBag from /home/dmk/anaconda3/lib/python3.9/site-packages/airflow/example_dags/example_latest_only_with_trigger.py
[2022-12-31T21:28:22.790+0700] {processor.py:753} INFO - DAG(s) dict_keys(['latest_only_with_trigger']) retrieved from /home/dmk/anaconda3/lib/python3.9/site-packages/airflow/example_dags/example_latest_only_with_trigger.py
[2022-12-31T21:28:22.839+0700] {logging_mixin.py:137} INFO - [2022-12-31T21:28:22.839+0700] {dag.py:2676} INFO - Sync 1 DAGs
[2022-12-31T21:28:22.860+0700] {logging_mixin.py:137} INFO - [2022-12-31T21:28:22.860+0700] {dag.py:3423} INFO - Setting next_dagrun for latest_only_with_trigger to 2022-12-31T10:28:22.860193+00:00, run_after=2022-12-31T14:28:22.860193+00:00
[2022-12-31T21:28:22.893+0700] {processor.py:175} INFO - Processing /home/dmk/anaconda3/lib/python3.9/site-packages/airflow/example_dags/example_latest_only_with_trigger.py took 0.176 seconds
[2022-12-31T21:29:24.697+0700] {processor.py:153} INFO - Started process (PID=26291) to work on /home/dmk/anaconda3/lib/python3.9/site-packages/airflow/example_dags/example_latest_only_with_trigger.py
[2022-12-31T21:29:24.702+0700] {processor.py:743} INFO - Processing file /home/dmk/anaconda3/lib/python3.9/site-packages/airflow/example_dags/example_latest_only_with_trigger.py for tasks to queue
[2022-12-31T21:29:24.705+0700] {logging_mixin.py:137} INFO - [2022-12-31T21:29:24.704+0700] {dagbag.py:538} INFO - Filling up the DagBag from /home/dmk/anaconda3/lib/python3.9/site-packages/airflow/example_dags/example_latest_only_with_trigger.py
[2022-12-31T21:29:24.743+0700] {processor.py:753} INFO - DAG(s) dict_keys(['latest_only_with_trigger']) retrieved from /home/dmk/anaconda3/lib/python3.9/site-packages/airflow/example_dags/example_latest_only_with_trigger.py
[2022-12-31T21:29:24.801+0700] {logging_mixin.py:137} INFO - [2022-12-31T21:29:24.801+0700] {dag.py:2676} INFO - Sync 1 DAGs
[2022-12-31T21:29:24.823+0700] {logging_mixin.py:137} INFO - [2022-12-31T21:29:24.823+0700] {dag.py:3423} INFO - Setting next_dagrun for latest_only_with_trigger to 2022-12-31T10:29:24.822876+00:00, run_after=2022-12-31T14:29:24.822876+00:00
[2022-12-31T21:29:24.853+0700] {processor.py:175} INFO - Processing /home/dmk/anaconda3/lib/python3.9/site-packages/airflow/example_dags/example_latest_only_with_trigger.py took 0.167 seconds
[2022-12-31T21:30:47.557+0700] {processor.py:153} INFO - Started process (PID=26489) to work on /home/dmk/anaconda3/lib/python3.9/site-packages/airflow/example_dags/example_latest_only_with_trigger.py
[2022-12-31T21:30:47.560+0700] {processor.py:743} INFO - Processing file /home/dmk/anaconda3/lib/python3.9/site-packages/airflow/example_dags/example_latest_only_with_trigger.py for tasks to queue
[2022-12-31T21:30:47.561+0700] {logging_mixin.py:137} INFO - [2022-12-31T21:30:47.561+0700] {dagbag.py:538} INFO - Filling up the DagBag from /home/dmk/anaconda3/lib/python3.9/site-packages/airflow/example_dags/example_latest_only_with_trigger.py
[2022-12-31T21:30:47.580+0700] {processor.py:753} INFO - DAG(s) dict_keys(['latest_only_with_trigger']) retrieved from /home/dmk/anaconda3/lib/python3.9/site-packages/airflow/example_dags/example_latest_only_with_trigger.py
[2022-12-31T21:30:47.618+0700] {logging_mixin.py:137} INFO - [2022-12-31T21:30:47.617+0700] {dag.py:2676} INFO - Sync 1 DAGs
[2022-12-31T21:30:47.648+0700] {logging_mixin.py:137} INFO - [2022-12-31T21:30:47.648+0700] {dag.py:3423} INFO - Setting next_dagrun for latest_only_with_trigger to 2022-12-31T10:30:47.647956+00:00, run_after=2022-12-31T14:30:47.647956+00:00
[2022-12-31T21:30:47.699+0700] {processor.py:175} INFO - Processing /home/dmk/anaconda3/lib/python3.9/site-packages/airflow/example_dags/example_latest_only_with_trigger.py took 0.150 seconds
[2022-12-31T21:31:40.382+0700] {processor.py:153} INFO - Started process (PID=26585) to work on /home/dmk/anaconda3/lib/python3.9/site-packages/airflow/example_dags/example_latest_only_with_trigger.py
[2022-12-31T21:31:40.384+0700] {processor.py:743} INFO - Processing file /home/dmk/anaconda3/lib/python3.9/site-packages/airflow/example_dags/example_latest_only_with_trigger.py for tasks to queue
[2022-12-31T21:31:40.385+0700] {logging_mixin.py:137} INFO - [2022-12-31T21:31:40.385+0700] {dagbag.py:538} INFO - Filling up the DagBag from /home/dmk/anaconda3/lib/python3.9/site-packages/airflow/example_dags/example_latest_only_with_trigger.py
[2022-12-31T21:31:40.403+0700] {processor.py:753} INFO - DAG(s) dict_keys(['latest_only_with_trigger']) retrieved from /home/dmk/anaconda3/lib/python3.9/site-packages/airflow/example_dags/example_latest_only_with_trigger.py
[2022-12-31T21:31:40.433+0700] {logging_mixin.py:137} INFO - [2022-12-31T21:31:40.433+0700] {dag.py:2676} INFO - Sync 1 DAGs
[2022-12-31T21:31:40.456+0700] {logging_mixin.py:137} INFO - [2022-12-31T21:31:40.455+0700] {dag.py:3423} INFO - Setting next_dagrun for latest_only_with_trigger to 2022-12-31T10:31:40.455635+00:00, run_after=2022-12-31T14:31:40.455635+00:00
[2022-12-31T21:31:40.491+0700] {processor.py:175} INFO - Processing /home/dmk/anaconda3/lib/python3.9/site-packages/airflow/example_dags/example_latest_only_with_trigger.py took 0.114 seconds
[2022-12-31T21:32:45.670+0700] {processor.py:153} INFO - Started process (PID=26713) to work on /home/dmk/anaconda3/lib/python3.9/site-packages/airflow/example_dags/example_latest_only_with_trigger.py
[2022-12-31T21:32:45.675+0700] {processor.py:743} INFO - Processing file /home/dmk/anaconda3/lib/python3.9/site-packages/airflow/example_dags/example_latest_only_with_trigger.py for tasks to queue
[2022-12-31T21:32:45.678+0700] {logging_mixin.py:137} INFO - [2022-12-31T21:32:45.677+0700] {dagbag.py:538} INFO - Filling up the DagBag from /home/dmk/anaconda3/lib/python3.9/site-packages/airflow/example_dags/example_latest_only_with_trigger.py
[2022-12-31T21:32:45.728+0700] {processor.py:753} INFO - DAG(s) dict_keys(['latest_only_with_trigger']) retrieved from /home/dmk/anaconda3/lib/python3.9/site-packages/airflow/example_dags/example_latest_only_with_trigger.py
[2022-12-31T21:32:45.774+0700] {logging_mixin.py:137} INFO - [2022-12-31T21:32:45.773+0700] {dag.py:2676} INFO - Sync 1 DAGs
[2022-12-31T21:32:45.794+0700] {logging_mixin.py:137} INFO - [2022-12-31T21:32:45.794+0700] {dag.py:3423} INFO - Setting next_dagrun for latest_only_with_trigger to 2022-12-31T10:32:45.793974+00:00, run_after=2022-12-31T14:32:45.793974+00:00
[2022-12-31T21:32:45.826+0700] {processor.py:175} INFO - Processing /home/dmk/anaconda3/lib/python3.9/site-packages/airflow/example_dags/example_latest_only_with_trigger.py took 0.166 seconds
[2022-12-31T21:33:45.502+0700] {processor.py:153} INFO - Started process (PID=26829) to work on /home/dmk/anaconda3/lib/python3.9/site-packages/airflow/example_dags/example_latest_only_with_trigger.py
[2022-12-31T21:33:45.504+0700] {processor.py:743} INFO - Processing file /home/dmk/anaconda3/lib/python3.9/site-packages/airflow/example_dags/example_latest_only_with_trigger.py for tasks to queue
[2022-12-31T21:33:45.505+0700] {logging_mixin.py:137} INFO - [2022-12-31T21:33:45.504+0700] {dagbag.py:538} INFO - Filling up the DagBag from /home/dmk/anaconda3/lib/python3.9/site-packages/airflow/example_dags/example_latest_only_with_trigger.py
[2022-12-31T21:33:45.521+0700] {processor.py:753} INFO - DAG(s) dict_keys(['latest_only_with_trigger']) retrieved from /home/dmk/anaconda3/lib/python3.9/site-packages/airflow/example_dags/example_latest_only_with_trigger.py
[2022-12-31T21:33:45.547+0700] {logging_mixin.py:137} INFO - [2022-12-31T21:33:45.547+0700] {dag.py:2676} INFO - Sync 1 DAGs
[2022-12-31T21:33:45.564+0700] {logging_mixin.py:137} INFO - [2022-12-31T21:33:45.564+0700] {dag.py:3423} INFO - Setting next_dagrun for latest_only_with_trigger to 2022-12-31T10:33:45.564148+00:00, run_after=2022-12-31T14:33:45.564148+00:00
[2022-12-31T21:33:45.597+0700] {processor.py:175} INFO - Processing /home/dmk/anaconda3/lib/python3.9/site-packages/airflow/example_dags/example_latest_only_with_trigger.py took 0.099 seconds
[2022-12-31T21:34:49.155+0700] {processor.py:153} INFO - Started process (PID=27675) to work on /home/dmk/anaconda3/lib/python3.9/site-packages/airflow/example_dags/example_latest_only_with_trigger.py
[2022-12-31T21:34:49.160+0700] {processor.py:743} INFO - Processing file /home/dmk/anaconda3/lib/python3.9/site-packages/airflow/example_dags/example_latest_only_with_trigger.py for tasks to queue
[2022-12-31T21:34:49.162+0700] {logging_mixin.py:137} INFO - [2022-12-31T21:34:49.162+0700] {dagbag.py:538} INFO - Filling up the DagBag from /home/dmk/anaconda3/lib/python3.9/site-packages/airflow/example_dags/example_latest_only_with_trigger.py
[2022-12-31T21:34:49.184+0700] {processor.py:753} INFO - DAG(s) dict_keys(['latest_only_with_trigger']) retrieved from /home/dmk/anaconda3/lib/python3.9/site-packages/airflow/example_dags/example_latest_only_with_trigger.py
[2022-12-31T21:34:49.211+0700] {logging_mixin.py:137} INFO - [2022-12-31T21:34:49.211+0700] {dag.py:2676} INFO - Sync 1 DAGs
[2022-12-31T21:34:49.332+0700] {logging_mixin.py:137} INFO - [2022-12-31T21:34:49.332+0700] {dag.py:3423} INFO - Setting next_dagrun for latest_only_with_trigger to 2022-12-31T10:34:49.331897+00:00, run_after=2022-12-31T14:34:49.331897+00:00
[2022-12-31T21:34:49.363+0700] {processor.py:175} INFO - Processing /home/dmk/anaconda3/lib/python3.9/site-packages/airflow/example_dags/example_latest_only_with_trigger.py took 0.217 seconds
[2022-12-31T21:35:40.053+0700] {processor.py:153} INFO - Started process (PID=27892) to work on /home/dmk/anaconda3/lib/python3.9/site-packages/airflow/example_dags/example_latest_only_with_trigger.py
[2022-12-31T21:35:40.059+0700] {processor.py:743} INFO - Processing file /home/dmk/anaconda3/lib/python3.9/site-packages/airflow/example_dags/example_latest_only_with_trigger.py for tasks to queue
[2022-12-31T21:35:40.063+0700] {logging_mixin.py:137} INFO - [2022-12-31T21:35:40.062+0700] {dagbag.py:538} INFO - Filling up the DagBag from /home/dmk/anaconda3/lib/python3.9/site-packages/airflow/example_dags/example_latest_only_with_trigger.py
[2022-12-31T21:35:40.113+0700] {processor.py:753} INFO - DAG(s) dict_keys(['latest_only_with_trigger']) retrieved from /home/dmk/anaconda3/lib/python3.9/site-packages/airflow/example_dags/example_latest_only_with_trigger.py
[2022-12-31T21:35:40.143+0700] {logging_mixin.py:137} INFO - [2022-12-31T21:35:40.143+0700] {dag.py:2676} INFO - Sync 1 DAGs
[2022-12-31T21:35:40.287+0700] {logging_mixin.py:137} INFO - [2022-12-31T21:35:40.287+0700] {dag.py:3423} INFO - Setting next_dagrun for latest_only_with_trigger to 2022-12-31T10:35:40.287568+00:00, run_after=2022-12-31T14:35:40.287568+00:00
[2022-12-31T21:35:40.324+0700] {processor.py:175} INFO - Processing /home/dmk/anaconda3/lib/python3.9/site-packages/airflow/example_dags/example_latest_only_with_trigger.py took 0.283 seconds
[2022-12-31T21:38:23.690+0700] {processor.py:153} INFO - Started process (PID=28894) to work on /home/dmk/anaconda3/lib/python3.9/site-packages/airflow/example_dags/example_latest_only_with_trigger.py
[2022-12-31T21:38:23.693+0700] {processor.py:743} INFO - Processing file /home/dmk/anaconda3/lib/python3.9/site-packages/airflow/example_dags/example_latest_only_with_trigger.py for tasks to queue
[2022-12-31T21:38:23.695+0700] {logging_mixin.py:137} INFO - [2022-12-31T21:38:23.695+0700] {dagbag.py:538} INFO - Filling up the DagBag from /home/dmk/anaconda3/lib/python3.9/site-packages/airflow/example_dags/example_latest_only_with_trigger.py
[2022-12-31T21:38:23.719+0700] {processor.py:753} INFO - DAG(s) dict_keys(['latest_only_with_trigger']) retrieved from /home/dmk/anaconda3/lib/python3.9/site-packages/airflow/example_dags/example_latest_only_with_trigger.py
[2022-12-31T21:38:23.929+0700] {logging_mixin.py:137} INFO - [2022-12-31T21:38:23.928+0700] {manager.py:504} INFO - Created Permission View: can delete on DAG:latest_only_with_trigger
[2022-12-31T21:38:23.950+0700] {logging_mixin.py:137} INFO - [2022-12-31T21:38:23.950+0700] {manager.py:504} INFO - Created Permission View: can read on DAG:latest_only_with_trigger
[2022-12-31T21:38:23.981+0700] {logging_mixin.py:137} INFO - [2022-12-31T21:38:23.981+0700] {manager.py:504} INFO - Created Permission View: can edit on DAG:latest_only_with_trigger
[2022-12-31T21:38:23.982+0700] {logging_mixin.py:137} INFO - [2022-12-31T21:38:23.982+0700] {dag.py:2676} INFO - Sync 1 DAGs
[2022-12-31T21:38:24.005+0700] {logging_mixin.py:137} INFO - [2022-12-31T21:38:24.005+0700] {dag.py:2697} INFO - Creating ORM DAG for latest_only_with_trigger
[2022-12-31T21:38:24.015+0700] {logging_mixin.py:137} INFO - [2022-12-31T21:38:24.015+0700] {dag.py:3423} INFO - Setting next_dagrun for latest_only_with_trigger to 2022-12-31T10:38:24.015355+00:00, run_after=2022-12-31T14:38:24.015355+00:00
[2022-12-31T21:38:24.055+0700] {processor.py:175} INFO - Processing /home/dmk/anaconda3/lib/python3.9/site-packages/airflow/example_dags/example_latest_only_with_trigger.py took 0.373 seconds
[2022-12-31T21:39:18.453+0700] {processor.py:153} INFO - Started process (PID=29114) to work on /home/dmk/anaconda3/lib/python3.9/site-packages/airflow/example_dags/example_latest_only_with_trigger.py
[2022-12-31T21:39:18.457+0700] {processor.py:743} INFO - Processing file /home/dmk/anaconda3/lib/python3.9/site-packages/airflow/example_dags/example_latest_only_with_trigger.py for tasks to queue
[2022-12-31T21:39:18.459+0700] {logging_mixin.py:137} INFO - [2022-12-31T21:39:18.459+0700] {dagbag.py:538} INFO - Filling up the DagBag from /home/dmk/anaconda3/lib/python3.9/site-packages/airflow/example_dags/example_latest_only_with_trigger.py
[2022-12-31T21:39:18.505+0700] {processor.py:753} INFO - DAG(s) dict_keys(['latest_only_with_trigger']) retrieved from /home/dmk/anaconda3/lib/python3.9/site-packages/airflow/example_dags/example_latest_only_with_trigger.py
[2022-12-31T21:39:18.543+0700] {logging_mixin.py:137} INFO - [2022-12-31T21:39:18.543+0700] {dag.py:2676} INFO - Sync 1 DAGs
[2022-12-31T21:39:18.724+0700] {logging_mixin.py:137} INFO - [2022-12-31T21:39:18.723+0700] {dag.py:3423} INFO - Setting next_dagrun for latest_only_with_trigger to 2022-12-31T10:39:18.722984+00:00, run_after=2022-12-31T14:39:18.722984+00:00
[2022-12-31T21:39:18.778+0700] {processor.py:175} INFO - Processing /home/dmk/anaconda3/lib/python3.9/site-packages/airflow/example_dags/example_latest_only_with_trigger.py took 0.334 seconds
[2022-12-31T21:40:11.845+0700] {processor.py:153} INFO - Started process (PID=29274) to work on /home/dmk/anaconda3/lib/python3.9/site-packages/airflow/example_dags/example_latest_only_with_trigger.py
[2022-12-31T21:40:11.850+0700] {processor.py:743} INFO - Processing file /home/dmk/anaconda3/lib/python3.9/site-packages/airflow/example_dags/example_latest_only_with_trigger.py for tasks to queue
[2022-12-31T21:40:11.852+0700] {logging_mixin.py:137} INFO - [2022-12-31T21:40:11.851+0700] {dagbag.py:538} INFO - Filling up the DagBag from /home/dmk/anaconda3/lib/python3.9/site-packages/airflow/example_dags/example_latest_only_with_trigger.py
[2022-12-31T21:40:11.876+0700] {processor.py:753} INFO - DAG(s) dict_keys(['latest_only_with_trigger']) retrieved from /home/dmk/anaconda3/lib/python3.9/site-packages/airflow/example_dags/example_latest_only_with_trigger.py
[2022-12-31T21:40:11.998+0700] {logging_mixin.py:137} INFO - [2022-12-31T21:40:11.998+0700] {dag.py:2676} INFO - Sync 1 DAGs
[2022-12-31T21:40:12.015+0700] {logging_mixin.py:137} INFO - [2022-12-31T21:40:12.015+0700] {dag.py:3423} INFO - Setting next_dagrun for latest_only_with_trigger to 2022-12-31T10:40:12.015398+00:00, run_after=2022-12-31T14:40:12.015398+00:00
[2022-12-31T21:40:12.045+0700] {processor.py:175} INFO - Processing /home/dmk/anaconda3/lib/python3.9/site-packages/airflow/example_dags/example_latest_only_with_trigger.py took 0.205 seconds
[2022-12-31T21:41:19.230+0700] {processor.py:153} INFO - Started process (PID=29530) to work on /home/dmk/anaconda3/lib/python3.9/site-packages/airflow/example_dags/example_latest_only_with_trigger.py
[2022-12-31T21:41:19.234+0700] {processor.py:743} INFO - Processing file /home/dmk/anaconda3/lib/python3.9/site-packages/airflow/example_dags/example_latest_only_with_trigger.py for tasks to queue
[2022-12-31T21:41:19.235+0700] {logging_mixin.py:137} INFO - [2022-12-31T21:41:19.235+0700] {dagbag.py:538} INFO - Filling up the DagBag from /home/dmk/anaconda3/lib/python3.9/site-packages/airflow/example_dags/example_latest_only_with_trigger.py
[2022-12-31T21:41:19.249+0700] {processor.py:753} INFO - DAG(s) dict_keys(['latest_only_with_trigger']) retrieved from /home/dmk/anaconda3/lib/python3.9/site-packages/airflow/example_dags/example_latest_only_with_trigger.py
[2022-12-31T21:41:19.385+0700] {logging_mixin.py:137} INFO - [2022-12-31T21:41:19.385+0700] {dag.py:2676} INFO - Sync 1 DAGs
[2022-12-31T21:41:19.402+0700] {logging_mixin.py:137} INFO - [2022-12-31T21:41:19.402+0700] {dag.py:3423} INFO - Setting next_dagrun for latest_only_with_trigger to 2022-12-31T10:41:19.402249+00:00, run_after=2022-12-31T14:41:19.402249+00:00
[2022-12-31T21:41:19.433+0700] {processor.py:175} INFO - Processing /home/dmk/anaconda3/lib/python3.9/site-packages/airflow/example_dags/example_latest_only_with_trigger.py took 0.205 seconds
[2022-12-31T21:42:20.690+0700] {processor.py:153} INFO - Started process (PID=29773) to work on /home/dmk/anaconda3/lib/python3.9/site-packages/airflow/example_dags/example_latest_only_with_trigger.py
[2022-12-31T21:42:20.696+0700] {processor.py:743} INFO - Processing file /home/dmk/anaconda3/lib/python3.9/site-packages/airflow/example_dags/example_latest_only_with_trigger.py for tasks to queue
[2022-12-31T21:42:20.698+0700] {logging_mixin.py:137} INFO - [2022-12-31T21:42:20.697+0700] {dagbag.py:538} INFO - Filling up the DagBag from /home/dmk/anaconda3/lib/python3.9/site-packages/airflow/example_dags/example_latest_only_with_trigger.py
[2022-12-31T21:42:20.729+0700] {processor.py:753} INFO - DAG(s) dict_keys(['latest_only_with_trigger']) retrieved from /home/dmk/anaconda3/lib/python3.9/site-packages/airflow/example_dags/example_latest_only_with_trigger.py
[2022-12-31T21:42:20.757+0700] {logging_mixin.py:137} INFO - [2022-12-31T21:42:20.757+0700] {dag.py:2676} INFO - Sync 1 DAGs
[2022-12-31T21:42:20.874+0700] {logging_mixin.py:137} INFO - [2022-12-31T21:42:20.874+0700] {dag.py:3423} INFO - Setting next_dagrun for latest_only_with_trigger to 2022-12-31T10:42:20.874250+00:00, run_after=2022-12-31T14:42:20.874250+00:00
[2022-12-31T21:42:20.912+0700] {processor.py:175} INFO - Processing /home/dmk/anaconda3/lib/python3.9/site-packages/airflow/example_dags/example_latest_only_with_trigger.py took 0.233 seconds
[2022-12-31T21:43:10.863+0700] {processor.py:153} INFO - Started process (PID=29982) to work on /home/dmk/anaconda3/lib/python3.9/site-packages/airflow/example_dags/example_latest_only_with_trigger.py
[2022-12-31T21:43:10.867+0700] {processor.py:743} INFO - Processing file /home/dmk/anaconda3/lib/python3.9/site-packages/airflow/example_dags/example_latest_only_with_trigger.py for tasks to queue
[2022-12-31T21:43:10.867+0700] {logging_mixin.py:137} INFO - [2022-12-31T21:43:10.867+0700] {dagbag.py:538} INFO - Filling up the DagBag from /home/dmk/anaconda3/lib/python3.9/site-packages/airflow/example_dags/example_latest_only_with_trigger.py
[2022-12-31T21:43:10.880+0700] {processor.py:753} INFO - DAG(s) dict_keys(['latest_only_with_trigger']) retrieved from /home/dmk/anaconda3/lib/python3.9/site-packages/airflow/example_dags/example_latest_only_with_trigger.py
[2022-12-31T21:43:10.904+0700] {logging_mixin.py:137} INFO - [2022-12-31T21:43:10.904+0700] {dag.py:2676} INFO - Sync 1 DAGs
[2022-12-31T21:43:11.017+0700] {logging_mixin.py:137} INFO - [2022-12-31T21:43:11.017+0700] {dag.py:3423} INFO - Setting next_dagrun for latest_only_with_trigger to 2022-12-31T10:43:11.017364+00:00, run_after=2022-12-31T14:43:11.017364+00:00
[2022-12-31T21:43:11.055+0700] {processor.py:175} INFO - Processing /home/dmk/anaconda3/lib/python3.9/site-packages/airflow/example_dags/example_latest_only_with_trigger.py took 0.194 seconds
[2022-12-31T22:23:19.755+0700] {processor.py:153} INFO - Started process (PID=47652) to work on /home/dmk/anaconda3/lib/python3.9/site-packages/airflow/example_dags/example_latest_only_with_trigger.py
[2022-12-31T22:23:19.760+0700] {processor.py:743} INFO - Processing file /home/dmk/anaconda3/lib/python3.9/site-packages/airflow/example_dags/example_latest_only_with_trigger.py for tasks to queue
[2022-12-31T22:23:19.763+0700] {logging_mixin.py:137} INFO - [2022-12-31T22:23:19.763+0700] {dagbag.py:538} INFO - Filling up the DagBag from /home/dmk/anaconda3/lib/python3.9/site-packages/airflow/example_dags/example_latest_only_with_trigger.py
[2022-12-31T22:23:19.792+0700] {processor.py:753} INFO - DAG(s) dict_keys(['latest_only_with_trigger']) retrieved from /home/dmk/anaconda3/lib/python3.9/site-packages/airflow/example_dags/example_latest_only_with_trigger.py
[2022-12-31T22:23:19.824+0700] {logging_mixin.py:137} INFO - [2022-12-31T22:23:19.824+0700] {dag.py:2676} INFO - Sync 1 DAGs
[2022-12-31T22:23:19.953+0700] {logging_mixin.py:137} INFO - [2022-12-31T22:23:19.953+0700] {dag.py:3423} INFO - Setting next_dagrun for latest_only_with_trigger to 2022-12-31T11:23:19.953294+00:00, run_after=2022-12-31T15:23:19.953294+00:00
[2022-12-31T22:23:19.993+0700] {processor.py:175} INFO - Processing /home/dmk/anaconda3/lib/python3.9/site-packages/airflow/example_dags/example_latest_only_with_trigger.py took 0.257 seconds
[2022-12-31T22:24:11.537+0700] {processor.py:153} INFO - Started process (PID=48154) to work on /home/dmk/anaconda3/lib/python3.9/site-packages/airflow/example_dags/example_latest_only_with_trigger.py
[2022-12-31T22:24:11.539+0700] {processor.py:743} INFO - Processing file /home/dmk/anaconda3/lib/python3.9/site-packages/airflow/example_dags/example_latest_only_with_trigger.py for tasks to queue
[2022-12-31T22:24:11.540+0700] {logging_mixin.py:137} INFO - [2022-12-31T22:24:11.540+0700] {dagbag.py:538} INFO - Filling up the DagBag from /home/dmk/anaconda3/lib/python3.9/site-packages/airflow/example_dags/example_latest_only_with_trigger.py
[2022-12-31T22:24:11.562+0700] {processor.py:753} INFO - DAG(s) dict_keys(['latest_only_with_trigger']) retrieved from /home/dmk/anaconda3/lib/python3.9/site-packages/airflow/example_dags/example_latest_only_with_trigger.py
[2022-12-31T22:24:11.596+0700] {logging_mixin.py:137} INFO - [2022-12-31T22:24:11.596+0700] {dag.py:2676} INFO - Sync 1 DAGs
[2022-12-31T22:24:11.742+0700] {logging_mixin.py:137} INFO - [2022-12-31T22:24:11.742+0700] {dag.py:3423} INFO - Setting next_dagrun for latest_only_with_trigger to 2022-12-31T11:24:11.742595+00:00, run_after=2022-12-31T15:24:11.742595+00:00
[2022-12-31T22:24:11.777+0700] {processor.py:175} INFO - Processing /home/dmk/anaconda3/lib/python3.9/site-packages/airflow/example_dags/example_latest_only_with_trigger.py took 0.243 seconds
[2022-12-31T22:25:27.698+0700] {processor.py:153} INFO - Started process (PID=48895) to work on /home/dmk/anaconda3/envs/airflow/lib/python3.7/site-packages/airflow/example_dags/example_latest_only_with_trigger.py
[2022-12-31T22:25:27.700+0700] {processor.py:743} INFO - Processing file /home/dmk/anaconda3/envs/airflow/lib/python3.7/site-packages/airflow/example_dags/example_latest_only_with_trigger.py for tasks to queue
[2022-12-31T22:25:27.703+0700] {logging_mixin.py:137} INFO - [2022-12-31T22:25:27.702+0700] {dagbag.py:538} INFO - Filling up the DagBag from /home/dmk/anaconda3/envs/airflow/lib/python3.7/site-packages/airflow/example_dags/example_latest_only_with_trigger.py
[2022-12-31T22:25:27.726+0700] {processor.py:753} INFO - DAG(s) dict_keys(['latest_only_with_trigger']) retrieved from /home/dmk/anaconda3/envs/airflow/lib/python3.7/site-packages/airflow/example_dags/example_latest_only_with_trigger.py
[2022-12-31T22:25:27.939+0700] {logging_mixin.py:137} INFO - [2022-12-31T22:25:27.939+0700] {dag.py:2676} INFO - Sync 1 DAGs
[2022-12-31T22:25:27.965+0700] {logging_mixin.py:137} INFO - [2022-12-31T22:25:27.964+0700] {dag.py:3427} INFO - Setting next_dagrun for latest_only_with_trigger to 2022-12-31T11:25:27.964613+00:00, run_after=2022-12-31T15:25:27.964613+00:00
[2022-12-31T22:25:28.006+0700] {processor.py:175} INFO - Processing /home/dmk/anaconda3/envs/airflow/lib/python3.7/site-packages/airflow/example_dags/example_latest_only_with_trigger.py took 0.311 seconds
[2022-12-31T22:26:17.671+0700] {processor.py:153} INFO - Started process (PID=49814) to work on /home/dmk/anaconda3/envs/airflow/lib/python3.7/site-packages/airflow/example_dags/example_latest_only_with_trigger.py
[2022-12-31T22:26:17.673+0700] {processor.py:743} INFO - Processing file /home/dmk/anaconda3/envs/airflow/lib/python3.7/site-packages/airflow/example_dags/example_latest_only_with_trigger.py for tasks to queue
[2022-12-31T22:26:17.673+0700] {logging_mixin.py:137} INFO - [2022-12-31T22:26:17.673+0700] {dagbag.py:538} INFO - Filling up the DagBag from /home/dmk/anaconda3/envs/airflow/lib/python3.7/site-packages/airflow/example_dags/example_latest_only_with_trigger.py
[2022-12-31T22:26:17.691+0700] {processor.py:753} INFO - DAG(s) dict_keys(['latest_only_with_trigger']) retrieved from /home/dmk/anaconda3/envs/airflow/lib/python3.7/site-packages/airflow/example_dags/example_latest_only_with_trigger.py
[2022-12-31T22:26:17.823+0700] {logging_mixin.py:137} INFO - [2022-12-31T22:26:17.823+0700] {dag.py:2676} INFO - Sync 1 DAGs
[2022-12-31T22:26:17.845+0700] {logging_mixin.py:137} INFO - [2022-12-31T22:26:17.845+0700] {dag.py:3427} INFO - Setting next_dagrun for latest_only_with_trigger to 2022-12-31T11:26:17.845071+00:00, run_after=2022-12-31T15:26:17.845071+00:00
[2022-12-31T22:26:17.877+0700] {processor.py:175} INFO - Processing /home/dmk/anaconda3/envs/airflow/lib/python3.7/site-packages/airflow/example_dags/example_latest_only_with_trigger.py took 0.210 seconds
[2022-12-31T22:27:08.302+0700] {processor.py:153} INFO - Started process (PID=50163) to work on /home/dmk/anaconda3/envs/airflow/lib/python3.7/site-packages/airflow/example_dags/example_latest_only_with_trigger.py
[2022-12-31T22:27:08.306+0700] {processor.py:743} INFO - Processing file /home/dmk/anaconda3/envs/airflow/lib/python3.7/site-packages/airflow/example_dags/example_latest_only_with_trigger.py for tasks to queue
[2022-12-31T22:27:08.307+0700] {logging_mixin.py:137} INFO - [2022-12-31T22:27:08.307+0700] {dagbag.py:538} INFO - Filling up the DagBag from /home/dmk/anaconda3/envs/airflow/lib/python3.7/site-packages/airflow/example_dags/example_latest_only_with_trigger.py
[2022-12-31T22:27:08.325+0700] {processor.py:753} INFO - DAG(s) dict_keys(['latest_only_with_trigger']) retrieved from /home/dmk/anaconda3/envs/airflow/lib/python3.7/site-packages/airflow/example_dags/example_latest_only_with_trigger.py
[2022-12-31T22:27:08.454+0700] {logging_mixin.py:137} INFO - [2022-12-31T22:27:08.454+0700] {dag.py:2676} INFO - Sync 1 DAGs
[2022-12-31T22:27:08.474+0700] {logging_mixin.py:137} INFO - [2022-12-31T22:27:08.474+0700] {dag.py:3427} INFO - Setting next_dagrun for latest_only_with_trigger to 2022-12-31T11:27:08.473878+00:00, run_after=2022-12-31T15:27:08.473878+00:00
[2022-12-31T22:27:08.508+0700] {processor.py:175} INFO - Processing /home/dmk/anaconda3/envs/airflow/lib/python3.7/site-packages/airflow/example_dags/example_latest_only_with_trigger.py took 0.214 seconds
[2022-12-31T22:27:58.200+0700] {processor.py:153} INFO - Started process (PID=50531) to work on /home/dmk/anaconda3/envs/airflow/lib/python3.7/site-packages/airflow/example_dags/example_latest_only_with_trigger.py
[2022-12-31T22:27:58.205+0700] {processor.py:743} INFO - Processing file /home/dmk/anaconda3/envs/airflow/lib/python3.7/site-packages/airflow/example_dags/example_latest_only_with_trigger.py for tasks to queue
[2022-12-31T22:27:58.207+0700] {logging_mixin.py:137} INFO - [2022-12-31T22:27:58.207+0700] {dagbag.py:538} INFO - Filling up the DagBag from /home/dmk/anaconda3/envs/airflow/lib/python3.7/site-packages/airflow/example_dags/example_latest_only_with_trigger.py
[2022-12-31T22:27:58.340+0700] {processor.py:753} INFO - DAG(s) dict_keys(['latest_only_with_trigger']) retrieved from /home/dmk/anaconda3/envs/airflow/lib/python3.7/site-packages/airflow/example_dags/example_latest_only_with_trigger.py
[2022-12-31T22:27:58.359+0700] {logging_mixin.py:137} INFO - [2022-12-31T22:27:58.359+0700] {dag.py:2676} INFO - Sync 1 DAGs
[2022-12-31T22:27:58.379+0700] {logging_mixin.py:137} INFO - [2022-12-31T22:27:58.378+0700] {dag.py:3427} INFO - Setting next_dagrun for latest_only_with_trigger to 2022-12-31T11:27:58.378807+00:00, run_after=2022-12-31T15:27:58.378807+00:00
[2022-12-31T22:27:58.409+0700] {processor.py:175} INFO - Processing /home/dmk/anaconda3/envs/airflow/lib/python3.7/site-packages/airflow/example_dags/example_latest_only_with_trigger.py took 0.217 seconds
[2022-12-31T22:28:48.509+0700] {processor.py:153} INFO - Started process (PID=50628) to work on /home/dmk/anaconda3/envs/airflow/lib/python3.7/site-packages/airflow/example_dags/example_latest_only_with_trigger.py
[2022-12-31T22:28:48.510+0700] {processor.py:743} INFO - Processing file /home/dmk/anaconda3/envs/airflow/lib/python3.7/site-packages/airflow/example_dags/example_latest_only_with_trigger.py for tasks to queue
[2022-12-31T22:28:48.511+0700] {logging_mixin.py:137} INFO - [2022-12-31T22:28:48.511+0700] {dagbag.py:538} INFO - Filling up the DagBag from /home/dmk/anaconda3/envs/airflow/lib/python3.7/site-packages/airflow/example_dags/example_latest_only_with_trigger.py
[2022-12-31T22:28:48.671+0700] {processor.py:753} INFO - DAG(s) dict_keys(['latest_only_with_trigger']) retrieved from /home/dmk/anaconda3/envs/airflow/lib/python3.7/site-packages/airflow/example_dags/example_latest_only_with_trigger.py
[2022-12-31T22:28:48.691+0700] {logging_mixin.py:137} INFO - [2022-12-31T22:28:48.691+0700] {dag.py:2676} INFO - Sync 1 DAGs
[2022-12-31T22:28:48.712+0700] {logging_mixin.py:137} INFO - [2022-12-31T22:28:48.712+0700] {dag.py:3427} INFO - Setting next_dagrun for latest_only_with_trigger to 2022-12-31T11:28:48.711831+00:00, run_after=2022-12-31T15:28:48.711831+00:00
[2022-12-31T22:28:48.741+0700] {processor.py:175} INFO - Processing /home/dmk/anaconda3/envs/airflow/lib/python3.7/site-packages/airflow/example_dags/example_latest_only_with_trigger.py took 0.235 seconds
[2022-12-31T22:29:34.807+0700] {processor.py:153} INFO - Started process (PID=51195) to work on /home/dmk/anaconda3/envs/airflow/lib/python3.7/site-packages/airflow/example_dags/example_latest_only_with_trigger.py
[2022-12-31T22:29:34.813+0700] {processor.py:743} INFO - Processing file /home/dmk/anaconda3/envs/airflow/lib/python3.7/site-packages/airflow/example_dags/example_latest_only_with_trigger.py for tasks to queue
[2022-12-31T22:29:34.815+0700] {logging_mixin.py:137} INFO - [2022-12-31T22:29:34.814+0700] {dagbag.py:538} INFO - Filling up the DagBag from /home/dmk/anaconda3/envs/airflow/lib/python3.7/site-packages/airflow/example_dags/example_latest_only_with_trigger.py
[2022-12-31T22:29:34.863+0700] {processor.py:753} INFO - DAG(s) dict_keys(['latest_only_with_trigger']) retrieved from /home/dmk/anaconda3/envs/airflow/lib/python3.7/site-packages/airflow/example_dags/example_latest_only_with_trigger.py
[2022-12-31T22:29:34.897+0700] {logging_mixin.py:137} INFO - [2022-12-31T22:29:34.896+0700] {dag.py:2676} INFO - Sync 1 DAGs
[2022-12-31T22:29:34.921+0700] {logging_mixin.py:137} INFO - [2022-12-31T22:29:34.920+0700] {dag.py:3427} INFO - Setting next_dagrun for latest_only_with_trigger to 2022-12-31T11:29:34.920699+00:00, run_after=2022-12-31T15:29:34.920699+00:00
[2022-12-31T22:29:34.953+0700] {processor.py:175} INFO - Processing /home/dmk/anaconda3/envs/airflow/lib/python3.7/site-packages/airflow/example_dags/example_latest_only_with_trigger.py took 0.154 seconds
[2022-12-31T22:30:21.835+0700] {processor.py:153} INFO - Started process (PID=51471) to work on /home/dmk/anaconda3/envs/airflow/lib/python3.7/site-packages/airflow/example_dags/example_latest_only_with_trigger.py
[2022-12-31T22:30:21.839+0700] {processor.py:743} INFO - Processing file /home/dmk/anaconda3/envs/airflow/lib/python3.7/site-packages/airflow/example_dags/example_latest_only_with_trigger.py for tasks to queue
[2022-12-31T22:30:21.840+0700] {logging_mixin.py:137} INFO - [2022-12-31T22:30:21.840+0700] {dagbag.py:538} INFO - Filling up the DagBag from /home/dmk/anaconda3/envs/airflow/lib/python3.7/site-packages/airflow/example_dags/example_latest_only_with_trigger.py
[2022-12-31T22:30:21.862+0700] {processor.py:753} INFO - DAG(s) dict_keys(['latest_only_with_trigger']) retrieved from /home/dmk/anaconda3/envs/airflow/lib/python3.7/site-packages/airflow/example_dags/example_latest_only_with_trigger.py
[2022-12-31T22:30:21.898+0700] {logging_mixin.py:137} INFO - [2022-12-31T22:30:21.898+0700] {dag.py:2676} INFO - Sync 1 DAGs
[2022-12-31T22:30:21.935+0700] {logging_mixin.py:137} INFO - [2022-12-31T22:30:21.934+0700] {dag.py:3427} INFO - Setting next_dagrun for latest_only_with_trigger to 2022-12-31T11:30:21.934538+00:00, run_after=2022-12-31T15:30:21.934538+00:00
[2022-12-31T22:30:21.969+0700] {processor.py:175} INFO - Processing /home/dmk/anaconda3/envs/airflow/lib/python3.7/site-packages/airflow/example_dags/example_latest_only_with_trigger.py took 0.137 seconds
[2022-12-31T22:31:07.999+0700] {processor.py:153} INFO - Started process (PID=51633) to work on /home/dmk/anaconda3/envs/airflow/lib/python3.7/site-packages/airflow/example_dags/example_latest_only_with_trigger.py
[2022-12-31T22:31:08.005+0700] {processor.py:743} INFO - Processing file /home/dmk/anaconda3/envs/airflow/lib/python3.7/site-packages/airflow/example_dags/example_latest_only_with_trigger.py for tasks to queue
[2022-12-31T22:31:08.007+0700] {logging_mixin.py:137} INFO - [2022-12-31T22:31:08.007+0700] {dagbag.py:538} INFO - Filling up the DagBag from /home/dmk/anaconda3/envs/airflow/lib/python3.7/site-packages/airflow/example_dags/example_latest_only_with_trigger.py
[2022-12-31T22:31:08.026+0700] {processor.py:753} INFO - DAG(s) dict_keys(['latest_only_with_trigger']) retrieved from /home/dmk/anaconda3/envs/airflow/lib/python3.7/site-packages/airflow/example_dags/example_latest_only_with_trigger.py
[2022-12-31T22:31:08.048+0700] {logging_mixin.py:137} INFO - [2022-12-31T22:31:08.048+0700] {dag.py:2676} INFO - Sync 1 DAGs
[2022-12-31T22:31:08.069+0700] {logging_mixin.py:137} INFO - [2022-12-31T22:31:08.069+0700] {dag.py:3427} INFO - Setting next_dagrun for latest_only_with_trigger to 2022-12-31T11:31:08.069020+00:00, run_after=2022-12-31T15:31:08.069020+00:00
[2022-12-31T22:31:08.110+0700] {processor.py:175} INFO - Processing /home/dmk/anaconda3/envs/airflow/lib/python3.7/site-packages/airflow/example_dags/example_latest_only_with_trigger.py took 0.120 seconds
[2022-12-31T22:31:57.270+0700] {processor.py:153} INFO - Started process (PID=51826) to work on /home/dmk/anaconda3/envs/airflow/lib/python3.7/site-packages/airflow/example_dags/example_latest_only_with_trigger.py
[2022-12-31T22:31:57.277+0700] {processor.py:743} INFO - Processing file /home/dmk/anaconda3/envs/airflow/lib/python3.7/site-packages/airflow/example_dags/example_latest_only_with_trigger.py for tasks to queue
[2022-12-31T22:31:57.279+0700] {logging_mixin.py:137} INFO - [2022-12-31T22:31:57.279+0700] {dagbag.py:538} INFO - Filling up the DagBag from /home/dmk/anaconda3/envs/airflow/lib/python3.7/site-packages/airflow/example_dags/example_latest_only_with_trigger.py
[2022-12-31T22:31:57.324+0700] {processor.py:753} INFO - DAG(s) dict_keys(['latest_only_with_trigger']) retrieved from /home/dmk/anaconda3/envs/airflow/lib/python3.7/site-packages/airflow/example_dags/example_latest_only_with_trigger.py
[2022-12-31T22:31:57.356+0700] {logging_mixin.py:137} INFO - [2022-12-31T22:31:57.356+0700] {dag.py:2676} INFO - Sync 1 DAGs
[2022-12-31T22:31:57.382+0700] {logging_mixin.py:137} INFO - [2022-12-31T22:31:57.382+0700] {dag.py:3427} INFO - Setting next_dagrun for latest_only_with_trigger to 2022-12-31T11:31:57.382213+00:00, run_after=2022-12-31T15:31:57.382213+00:00
[2022-12-31T22:31:57.415+0700] {processor.py:175} INFO - Processing /home/dmk/anaconda3/envs/airflow/lib/python3.7/site-packages/airflow/example_dags/example_latest_only_with_trigger.py took 0.157 seconds
[2022-12-31T22:32:47.372+0700] {processor.py:153} INFO - Started process (PID=51924) to work on /home/dmk/anaconda3/envs/airflow/lib/python3.7/site-packages/airflow/example_dags/example_latest_only_with_trigger.py
[2022-12-31T22:32:47.376+0700] {processor.py:743} INFO - Processing file /home/dmk/anaconda3/envs/airflow/lib/python3.7/site-packages/airflow/example_dags/example_latest_only_with_trigger.py for tasks to queue
[2022-12-31T22:32:47.377+0700] {logging_mixin.py:137} INFO - [2022-12-31T22:32:47.377+0700] {dagbag.py:538} INFO - Filling up the DagBag from /home/dmk/anaconda3/envs/airflow/lib/python3.7/site-packages/airflow/example_dags/example_latest_only_with_trigger.py
[2022-12-31T22:32:47.406+0700] {processor.py:753} INFO - DAG(s) dict_keys(['latest_only_with_trigger']) retrieved from /home/dmk/anaconda3/envs/airflow/lib/python3.7/site-packages/airflow/example_dags/example_latest_only_with_trigger.py
[2022-12-31T22:32:47.509+0700] {logging_mixin.py:137} INFO - [2022-12-31T22:32:47.508+0700] {dag.py:2676} INFO - Sync 1 DAGs
[2022-12-31T22:32:47.562+0700] {logging_mixin.py:137} INFO - [2022-12-31T22:32:47.562+0700] {dag.py:3427} INFO - Setting next_dagrun for latest_only_with_trigger to 2022-12-31T11:32:47.562006+00:00, run_after=2022-12-31T15:32:47.562006+00:00
[2022-12-31T22:32:47.621+0700] {processor.py:175} INFO - Processing /home/dmk/anaconda3/envs/airflow/lib/python3.7/site-packages/airflow/example_dags/example_latest_only_with_trigger.py took 0.252 seconds
