[2022-12-31T20:52:30.458+0700] {processor.py:153} INFO - Started process (PID=10985) to work on /home/dmk/anaconda3/lib/python3.9/site-packages/airflow/example_dags/example_time_delta_sensor_async.py
[2022-12-31T20:52:30.458+0700] {processor.py:743} INFO - Processing file /home/dmk/anaconda3/lib/python3.9/site-packages/airflow/example_dags/example_time_delta_sensor_async.py for tasks to queue
[2022-12-31T20:52:30.459+0700] {logging_mixin.py:137} INFO - [2022-12-31T20:52:30.459+0700] {dagbag.py:538} INFO - Filling up the DagBag from /home/dmk/anaconda3/lib/python3.9/site-packages/airflow/example_dags/example_time_delta_sensor_async.py
[2022-12-31T20:52:30.472+0700] {processor.py:753} INFO - DAG(s) dict_keys(['example_time_delta_sensor_async']) retrieved from /home/dmk/anaconda3/lib/python3.9/site-packages/airflow/example_dags/example_time_delta_sensor_async.py
[2022-12-31T20:52:30.657+0700] {logging_mixin.py:137} INFO - [2022-12-31T20:52:30.657+0700] {dag.py:2676} INFO - Sync 1 DAGs
[2022-12-31T20:52:30.675+0700] {logging_mixin.py:137} INFO - [2022-12-31T20:52:30.675+0700] {dag.py:3423} INFO - Setting next_dagrun for example_time_delta_sensor_async to None, run_after=None
[2022-12-31T20:52:30.705+0700] {processor.py:175} INFO - Processing /home/dmk/anaconda3/lib/python3.9/site-packages/airflow/example_dags/example_time_delta_sensor_async.py took 0.250 seconds
[2022-12-31T20:55:20.231+0700] {processor.py:153} INFO - Started process (PID=11957) to work on /home/dmk/anaconda3/lib/python3.9/site-packages/airflow/example_dags/example_time_delta_sensor_async.py
[2022-12-31T20:55:20.235+0700] {processor.py:743} INFO - Processing file /home/dmk/anaconda3/lib/python3.9/site-packages/airflow/example_dags/example_time_delta_sensor_async.py for tasks to queue
[2022-12-31T20:55:20.236+0700] {logging_mixin.py:137} INFO - [2022-12-31T20:55:20.236+0700] {dagbag.py:538} INFO - Filling up the DagBag from /home/dmk/anaconda3/lib/python3.9/site-packages/airflow/example_dags/example_time_delta_sensor_async.py
[2022-12-31T20:55:20.257+0700] {processor.py:753} INFO - DAG(s) dict_keys(['example_time_delta_sensor_async']) retrieved from /home/dmk/anaconda3/lib/python3.9/site-packages/airflow/example_dags/example_time_delta_sensor_async.py
[2022-12-31T20:55:20.301+0700] {logging_mixin.py:137} INFO - [2022-12-31T20:55:20.301+0700] {dag.py:2676} INFO - Sync 1 DAGs
[2022-12-31T20:55:20.467+0700] {logging_mixin.py:137} INFO - [2022-12-31T20:55:20.466+0700] {dag.py:3423} INFO - Setting next_dagrun for example_time_delta_sensor_async to None, run_after=None
[2022-12-31T20:55:20.500+0700] {processor.py:175} INFO - Processing /home/dmk/anaconda3/lib/python3.9/site-packages/airflow/example_dags/example_time_delta_sensor_async.py took 0.272 seconds
[2022-12-31T20:56:29.313+0700] {processor.py:153} INFO - Started process (PID=12226) to work on /home/dmk/anaconda3/lib/python3.9/site-packages/airflow/example_dags/example_time_delta_sensor_async.py
[2022-12-31T20:56:29.316+0700] {processor.py:743} INFO - Processing file /home/dmk/anaconda3/lib/python3.9/site-packages/airflow/example_dags/example_time_delta_sensor_async.py for tasks to queue
[2022-12-31T20:56:29.317+0700] {logging_mixin.py:137} INFO - [2022-12-31T20:56:29.317+0700] {dagbag.py:538} INFO - Filling up the DagBag from /home/dmk/anaconda3/lib/python3.9/site-packages/airflow/example_dags/example_time_delta_sensor_async.py
[2022-12-31T20:56:29.336+0700] {processor.py:753} INFO - DAG(s) dict_keys(['example_time_delta_sensor_async']) retrieved from /home/dmk/anaconda3/lib/python3.9/site-packages/airflow/example_dags/example_time_delta_sensor_async.py
[2022-12-31T20:56:29.506+0700] {logging_mixin.py:137} INFO - [2022-12-31T20:56:29.506+0700] {dag.py:2676} INFO - Sync 1 DAGs
[2022-12-31T20:56:29.531+0700] {logging_mixin.py:137} INFO - [2022-12-31T20:56:29.531+0700] {dag.py:3423} INFO - Setting next_dagrun for example_time_delta_sensor_async to None, run_after=None
[2022-12-31T20:56:29.562+0700] {processor.py:175} INFO - Processing /home/dmk/anaconda3/lib/python3.9/site-packages/airflow/example_dags/example_time_delta_sensor_async.py took 0.252 seconds
[2022-12-31T20:57:35.209+0700] {processor.py:153} INFO - Started process (PID=12645) to work on /home/dmk/anaconda3/lib/python3.9/site-packages/airflow/example_dags/example_time_delta_sensor_async.py
[2022-12-31T20:57:35.211+0700] {processor.py:743} INFO - Processing file /home/dmk/anaconda3/lib/python3.9/site-packages/airflow/example_dags/example_time_delta_sensor_async.py for tasks to queue
[2022-12-31T20:57:35.213+0700] {logging_mixin.py:137} INFO - [2022-12-31T20:57:35.213+0700] {dagbag.py:538} INFO - Filling up the DagBag from /home/dmk/anaconda3/lib/python3.9/site-packages/airflow/example_dags/example_time_delta_sensor_async.py
[2022-12-31T20:57:35.236+0700] {processor.py:753} INFO - DAG(s) dict_keys(['example_time_delta_sensor_async']) retrieved from /home/dmk/anaconda3/lib/python3.9/site-packages/airflow/example_dags/example_time_delta_sensor_async.py
[2022-12-31T20:57:35.379+0700] {logging_mixin.py:137} INFO - [2022-12-31T20:57:35.378+0700] {dag.py:2676} INFO - Sync 1 DAGs
[2022-12-31T20:57:35.405+0700] {logging_mixin.py:137} INFO - [2022-12-31T20:57:35.405+0700] {dag.py:3423} INFO - Setting next_dagrun for example_time_delta_sensor_async to None, run_after=None
[2022-12-31T20:57:35.429+0700] {processor.py:175} INFO - Processing /home/dmk/anaconda3/lib/python3.9/site-packages/airflow/example_dags/example_time_delta_sensor_async.py took 0.229 seconds
[2022-12-31T20:58:30.470+0700] {processor.py:153} INFO - Started process (PID=12957) to work on /home/dmk/anaconda3/lib/python3.9/site-packages/airflow/example_dags/example_time_delta_sensor_async.py
[2022-12-31T20:58:30.472+0700] {processor.py:743} INFO - Processing file /home/dmk/anaconda3/lib/python3.9/site-packages/airflow/example_dags/example_time_delta_sensor_async.py for tasks to queue
[2022-12-31T20:58:30.474+0700] {logging_mixin.py:137} INFO - [2022-12-31T20:58:30.474+0700] {dagbag.py:538} INFO - Filling up the DagBag from /home/dmk/anaconda3/lib/python3.9/site-packages/airflow/example_dags/example_time_delta_sensor_async.py
[2022-12-31T20:58:30.591+0700] {processor.py:753} INFO - DAG(s) dict_keys(['example_time_delta_sensor_async']) retrieved from /home/dmk/anaconda3/lib/python3.9/site-packages/airflow/example_dags/example_time_delta_sensor_async.py
[2022-12-31T20:58:30.612+0700] {logging_mixin.py:137} INFO - [2022-12-31T20:58:30.612+0700] {dag.py:2676} INFO - Sync 1 DAGs
[2022-12-31T20:58:30.628+0700] {logging_mixin.py:137} INFO - [2022-12-31T20:58:30.628+0700] {dag.py:3423} INFO - Setting next_dagrun for example_time_delta_sensor_async to None, run_after=None
[2022-12-31T20:58:30.648+0700] {processor.py:175} INFO - Processing /home/dmk/anaconda3/lib/python3.9/site-packages/airflow/example_dags/example_time_delta_sensor_async.py took 0.185 seconds
[2022-12-31T20:59:42.332+0700] {processor.py:153} INFO - Started process (PID=14228) to work on /home/dmk/anaconda3/lib/python3.9/site-packages/airflow/example_dags/example_time_delta_sensor_async.py
[2022-12-31T20:59:42.336+0700] {processor.py:743} INFO - Processing file /home/dmk/anaconda3/lib/python3.9/site-packages/airflow/example_dags/example_time_delta_sensor_async.py for tasks to queue
[2022-12-31T20:59:42.338+0700] {logging_mixin.py:137} INFO - [2022-12-31T20:59:42.337+0700] {dagbag.py:538} INFO - Filling up the DagBag from /home/dmk/anaconda3/lib/python3.9/site-packages/airflow/example_dags/example_time_delta_sensor_async.py
[2022-12-31T20:59:42.386+0700] {processor.py:753} INFO - DAG(s) dict_keys(['example_time_delta_sensor_async']) retrieved from /home/dmk/anaconda3/lib/python3.9/site-packages/airflow/example_dags/example_time_delta_sensor_async.py
[2022-12-31T20:59:42.446+0700] {logging_mixin.py:137} INFO - [2022-12-31T20:59:42.446+0700] {dag.py:2676} INFO - Sync 1 DAGs
[2022-12-31T20:59:42.467+0700] {logging_mixin.py:137} INFO - [2022-12-31T20:59:42.467+0700] {dag.py:3423} INFO - Setting next_dagrun for example_time_delta_sensor_async to None, run_after=None
[2022-12-31T20:59:42.507+0700] {processor.py:175} INFO - Processing /home/dmk/anaconda3/lib/python3.9/site-packages/airflow/example_dags/example_time_delta_sensor_async.py took 0.183 seconds
[2022-12-31T21:00:37.072+0700] {processor.py:153} INFO - Started process (PID=15423) to work on /home/dmk/anaconda3/lib/python3.9/site-packages/airflow/example_dags/example_time_delta_sensor_async.py
[2022-12-31T21:00:37.077+0700] {processor.py:743} INFO - Processing file /home/dmk/anaconda3/lib/python3.9/site-packages/airflow/example_dags/example_time_delta_sensor_async.py for tasks to queue
[2022-12-31T21:00:37.079+0700] {logging_mixin.py:137} INFO - [2022-12-31T21:00:37.079+0700] {dagbag.py:538} INFO - Filling up the DagBag from /home/dmk/anaconda3/lib/python3.9/site-packages/airflow/example_dags/example_time_delta_sensor_async.py
[2022-12-31T21:00:37.102+0700] {processor.py:753} INFO - DAG(s) dict_keys(['example_time_delta_sensor_async']) retrieved from /home/dmk/anaconda3/lib/python3.9/site-packages/airflow/example_dags/example_time_delta_sensor_async.py
[2022-12-31T21:00:37.129+0700] {logging_mixin.py:137} INFO - [2022-12-31T21:00:37.128+0700] {dag.py:2676} INFO - Sync 1 DAGs
[2022-12-31T21:00:37.145+0700] {logging_mixin.py:137} INFO - [2022-12-31T21:00:37.145+0700] {dag.py:3423} INFO - Setting next_dagrun for example_time_delta_sensor_async to None, run_after=None
[2022-12-31T21:00:37.173+0700] {processor.py:175} INFO - Processing /home/dmk/anaconda3/lib/python3.9/site-packages/airflow/example_dags/example_time_delta_sensor_async.py took 0.108 seconds
[2022-12-31T21:01:34.382+0700] {processor.py:153} INFO - Started process (PID=16209) to work on /home/dmk/anaconda3/lib/python3.9/site-packages/airflow/example_dags/example_time_delta_sensor_async.py
[2022-12-31T21:01:34.383+0700] {processor.py:743} INFO - Processing file /home/dmk/anaconda3/lib/python3.9/site-packages/airflow/example_dags/example_time_delta_sensor_async.py for tasks to queue
[2022-12-31T21:01:34.384+0700] {logging_mixin.py:137} INFO - [2022-12-31T21:01:34.384+0700] {dagbag.py:538} INFO - Filling up the DagBag from /home/dmk/anaconda3/lib/python3.9/site-packages/airflow/example_dags/example_time_delta_sensor_async.py
[2022-12-31T21:01:34.400+0700] {processor.py:753} INFO - DAG(s) dict_keys(['example_time_delta_sensor_async']) retrieved from /home/dmk/anaconda3/lib/python3.9/site-packages/airflow/example_dags/example_time_delta_sensor_async.py
[2022-12-31T21:01:34.431+0700] {logging_mixin.py:137} INFO - [2022-12-31T21:01:34.431+0700] {dag.py:2676} INFO - Sync 1 DAGs
[2022-12-31T21:01:34.452+0700] {logging_mixin.py:137} INFO - [2022-12-31T21:01:34.452+0700] {dag.py:3423} INFO - Setting next_dagrun for example_time_delta_sensor_async to None, run_after=None
[2022-12-31T21:01:34.495+0700] {processor.py:175} INFO - Processing /home/dmk/anaconda3/lib/python3.9/site-packages/airflow/example_dags/example_time_delta_sensor_async.py took 0.115 seconds
[2022-12-31T21:02:25.386+0700] {processor.py:153} INFO - Started process (PID=16328) to work on /home/dmk/anaconda3/lib/python3.9/site-packages/airflow/example_dags/example_time_delta_sensor_async.py
[2022-12-31T21:02:25.391+0700] {processor.py:743} INFO - Processing file /home/dmk/anaconda3/lib/python3.9/site-packages/airflow/example_dags/example_time_delta_sensor_async.py for tasks to queue
[2022-12-31T21:02:25.394+0700] {logging_mixin.py:137} INFO - [2022-12-31T21:02:25.393+0700] {dagbag.py:538} INFO - Filling up the DagBag from /home/dmk/anaconda3/lib/python3.9/site-packages/airflow/example_dags/example_time_delta_sensor_async.py
[2022-12-31T21:02:25.428+0700] {processor.py:753} INFO - DAG(s) dict_keys(['example_time_delta_sensor_async']) retrieved from /home/dmk/anaconda3/lib/python3.9/site-packages/airflow/example_dags/example_time_delta_sensor_async.py
[2022-12-31T21:02:25.455+0700] {logging_mixin.py:137} INFO - [2022-12-31T21:02:25.455+0700] {dag.py:2676} INFO - Sync 1 DAGs
[2022-12-31T21:02:25.473+0700] {logging_mixin.py:137} INFO - [2022-12-31T21:02:25.473+0700] {dag.py:3423} INFO - Setting next_dagrun for example_time_delta_sensor_async to None, run_after=None
[2022-12-31T21:02:25.503+0700] {processor.py:175} INFO - Processing /home/dmk/anaconda3/lib/python3.9/site-packages/airflow/example_dags/example_time_delta_sensor_async.py took 0.125 seconds
[2022-12-31T21:03:59.104+0700] {processor.py:153} INFO - Started process (PID=17075) to work on /home/dmk/anaconda3/lib/python3.9/site-packages/airflow/example_dags/example_time_delta_sensor_async.py
[2022-12-31T21:03:59.111+0700] {processor.py:743} INFO - Processing file /home/dmk/anaconda3/lib/python3.9/site-packages/airflow/example_dags/example_time_delta_sensor_async.py for tasks to queue
[2022-12-31T21:03:59.115+0700] {logging_mixin.py:137} INFO - [2022-12-31T21:03:59.114+0700] {dagbag.py:538} INFO - Filling up the DagBag from /home/dmk/anaconda3/lib/python3.9/site-packages/airflow/example_dags/example_time_delta_sensor_async.py
[2022-12-31T21:03:59.161+0700] {processor.py:753} INFO - DAG(s) dict_keys(['example_time_delta_sensor_async']) retrieved from /home/dmk/anaconda3/lib/python3.9/site-packages/airflow/example_dags/example_time_delta_sensor_async.py
[2022-12-31T21:03:59.346+0700] {logging_mixin.py:137} INFO - [2022-12-31T21:03:59.346+0700] {dag.py:2676} INFO - Sync 1 DAGs
[2022-12-31T21:03:59.365+0700] {logging_mixin.py:137} INFO - [2022-12-31T21:03:59.365+0700] {dag.py:3423} INFO - Setting next_dagrun for example_time_delta_sensor_async to None, run_after=None
[2022-12-31T21:03:59.389+0700] {processor.py:175} INFO - Processing /home/dmk/anaconda3/lib/python3.9/site-packages/airflow/example_dags/example_time_delta_sensor_async.py took 0.297 seconds
[2022-12-31T21:04:56.061+0700] {processor.py:153} INFO - Started process (PID=17750) to work on /home/dmk/anaconda3/lib/python3.9/site-packages/airflow/example_dags/example_time_delta_sensor_async.py
[2022-12-31T21:04:56.065+0700] {processor.py:743} INFO - Processing file /home/dmk/anaconda3/lib/python3.9/site-packages/airflow/example_dags/example_time_delta_sensor_async.py for tasks to queue
[2022-12-31T21:04:56.066+0700] {logging_mixin.py:137} INFO - [2022-12-31T21:04:56.066+0700] {dagbag.py:538} INFO - Filling up the DagBag from /home/dmk/anaconda3/lib/python3.9/site-packages/airflow/example_dags/example_time_delta_sensor_async.py
[2022-12-31T21:04:56.077+0700] {processor.py:753} INFO - DAG(s) dict_keys(['example_time_delta_sensor_async']) retrieved from /home/dmk/anaconda3/lib/python3.9/site-packages/airflow/example_dags/example_time_delta_sensor_async.py
[2022-12-31T21:04:56.104+0700] {logging_mixin.py:137} INFO - [2022-12-31T21:04:56.104+0700] {dag.py:2676} INFO - Sync 1 DAGs
[2022-12-31T21:04:56.220+0700] {logging_mixin.py:137} INFO - [2022-12-31T21:04:56.220+0700] {dag.py:3423} INFO - Setting next_dagrun for example_time_delta_sensor_async to None, run_after=None
[2022-12-31T21:04:56.241+0700] {processor.py:175} INFO - Processing /home/dmk/anaconda3/lib/python3.9/site-packages/airflow/example_dags/example_time_delta_sensor_async.py took 0.183 seconds
[2022-12-31T21:05:50.172+0700] {processor.py:153} INFO - Started process (PID=18327) to work on /home/dmk/anaconda3/lib/python3.9/site-packages/airflow/example_dags/example_time_delta_sensor_async.py
[2022-12-31T21:05:50.176+0700] {processor.py:743} INFO - Processing file /home/dmk/anaconda3/lib/python3.9/site-packages/airflow/example_dags/example_time_delta_sensor_async.py for tasks to queue
[2022-12-31T21:05:50.176+0700] {logging_mixin.py:137} INFO - [2022-12-31T21:05:50.176+0700] {dagbag.py:538} INFO - Filling up the DagBag from /home/dmk/anaconda3/lib/python3.9/site-packages/airflow/example_dags/example_time_delta_sensor_async.py
[2022-12-31T21:05:50.188+0700] {processor.py:753} INFO - DAG(s) dict_keys(['example_time_delta_sensor_async']) retrieved from /home/dmk/anaconda3/lib/python3.9/site-packages/airflow/example_dags/example_time_delta_sensor_async.py
[2022-12-31T21:05:50.344+0700] {logging_mixin.py:137} INFO - [2022-12-31T21:05:50.343+0700] {dag.py:2676} INFO - Sync 1 DAGs
[2022-12-31T21:05:50.364+0700] {logging_mixin.py:137} INFO - [2022-12-31T21:05:50.364+0700] {dag.py:3423} INFO - Setting next_dagrun for example_time_delta_sensor_async to None, run_after=None
[2022-12-31T21:05:50.387+0700] {processor.py:175} INFO - Processing /home/dmk/anaconda3/lib/python3.9/site-packages/airflow/example_dags/example_time_delta_sensor_async.py took 0.217 seconds
[2022-12-31T21:06:50.169+0700] {processor.py:153} INFO - Started process (PID=18488) to work on /home/dmk/anaconda3/lib/python3.9/site-packages/airflow/example_dags/example_time_delta_sensor_async.py
[2022-12-31T21:06:50.173+0700] {processor.py:743} INFO - Processing file /home/dmk/anaconda3/lib/python3.9/site-packages/airflow/example_dags/example_time_delta_sensor_async.py for tasks to queue
[2022-12-31T21:06:50.174+0700] {logging_mixin.py:137} INFO - [2022-12-31T21:06:50.174+0700] {dagbag.py:538} INFO - Filling up the DagBag from /home/dmk/anaconda3/lib/python3.9/site-packages/airflow/example_dags/example_time_delta_sensor_async.py
[2022-12-31T21:06:50.187+0700] {processor.py:753} INFO - DAG(s) dict_keys(['example_time_delta_sensor_async']) retrieved from /home/dmk/anaconda3/lib/python3.9/site-packages/airflow/example_dags/example_time_delta_sensor_async.py
[2022-12-31T21:06:50.320+0700] {logging_mixin.py:137} INFO - [2022-12-31T21:06:50.320+0700] {dag.py:2676} INFO - Sync 1 DAGs
[2022-12-31T21:06:50.343+0700] {logging_mixin.py:137} INFO - [2022-12-31T21:06:50.342+0700] {dag.py:3423} INFO - Setting next_dagrun for example_time_delta_sensor_async to None, run_after=None
[2022-12-31T21:06:50.368+0700] {processor.py:175} INFO - Processing /home/dmk/anaconda3/lib/python3.9/site-packages/airflow/example_dags/example_time_delta_sensor_async.py took 0.202 seconds
[2022-12-31T21:07:59.058+0700] {processor.py:153} INFO - Started process (PID=18768) to work on /home/dmk/anaconda3/lib/python3.9/site-packages/airflow/example_dags/example_time_delta_sensor_async.py
[2022-12-31T21:07:59.062+0700] {processor.py:743} INFO - Processing file /home/dmk/anaconda3/lib/python3.9/site-packages/airflow/example_dags/example_time_delta_sensor_async.py for tasks to queue
[2022-12-31T21:07:59.064+0700] {logging_mixin.py:137} INFO - [2022-12-31T21:07:59.063+0700] {dagbag.py:538} INFO - Filling up the DagBag from /home/dmk/anaconda3/lib/python3.9/site-packages/airflow/example_dags/example_time_delta_sensor_async.py
[2022-12-31T21:07:59.182+0700] {processor.py:753} INFO - DAG(s) dict_keys(['example_time_delta_sensor_async']) retrieved from /home/dmk/anaconda3/lib/python3.9/site-packages/airflow/example_dags/example_time_delta_sensor_async.py
[2022-12-31T21:07:59.203+0700] {logging_mixin.py:137} INFO - [2022-12-31T21:07:59.203+0700] {dag.py:2676} INFO - Sync 1 DAGs
[2022-12-31T21:07:59.220+0700] {logging_mixin.py:137} INFO - [2022-12-31T21:07:59.220+0700] {dag.py:3423} INFO - Setting next_dagrun for example_time_delta_sensor_async to None, run_after=None
[2022-12-31T21:07:59.250+0700] {processor.py:175} INFO - Processing /home/dmk/anaconda3/lib/python3.9/site-packages/airflow/example_dags/example_time_delta_sensor_async.py took 0.194 seconds
[2022-12-31T21:08:52.158+0700] {processor.py:153} INFO - Started process (PID=19178) to work on /home/dmk/anaconda3/lib/python3.9/site-packages/airflow/example_dags/example_time_delta_sensor_async.py
[2022-12-31T21:08:52.163+0700] {processor.py:743} INFO - Processing file /home/dmk/anaconda3/lib/python3.9/site-packages/airflow/example_dags/example_time_delta_sensor_async.py for tasks to queue
[2022-12-31T21:08:52.165+0700] {logging_mixin.py:137} INFO - [2022-12-31T21:08:52.165+0700] {dagbag.py:538} INFO - Filling up the DagBag from /home/dmk/anaconda3/lib/python3.9/site-packages/airflow/example_dags/example_time_delta_sensor_async.py
[2022-12-31T21:08:52.189+0700] {processor.py:753} INFO - DAG(s) dict_keys(['example_time_delta_sensor_async']) retrieved from /home/dmk/anaconda3/lib/python3.9/site-packages/airflow/example_dags/example_time_delta_sensor_async.py
[2022-12-31T21:08:52.217+0700] {logging_mixin.py:137} INFO - [2022-12-31T21:08:52.216+0700] {dag.py:2676} INFO - Sync 1 DAGs
[2022-12-31T21:08:52.236+0700] {logging_mixin.py:137} INFO - [2022-12-31T21:08:52.236+0700] {dag.py:3423} INFO - Setting next_dagrun for example_time_delta_sensor_async to None, run_after=None
[2022-12-31T21:08:52.267+0700] {processor.py:175} INFO - Processing /home/dmk/anaconda3/lib/python3.9/site-packages/airflow/example_dags/example_time_delta_sensor_async.py took 0.117 seconds
[2022-12-31T21:09:43.967+0700] {processor.py:153} INFO - Started process (PID=19835) to work on /home/dmk/anaconda3/lib/python3.9/site-packages/airflow/example_dags/example_time_delta_sensor_async.py
[2022-12-31T21:09:43.970+0700] {processor.py:743} INFO - Processing file /home/dmk/anaconda3/lib/python3.9/site-packages/airflow/example_dags/example_time_delta_sensor_async.py for tasks to queue
[2022-12-31T21:09:43.970+0700] {logging_mixin.py:137} INFO - [2022-12-31T21:09:43.970+0700] {dagbag.py:538} INFO - Filling up the DagBag from /home/dmk/anaconda3/lib/python3.9/site-packages/airflow/example_dags/example_time_delta_sensor_async.py
[2022-12-31T21:09:43.985+0700] {processor.py:753} INFO - DAG(s) dict_keys(['example_time_delta_sensor_async']) retrieved from /home/dmk/anaconda3/lib/python3.9/site-packages/airflow/example_dags/example_time_delta_sensor_async.py
[2022-12-31T21:09:44.014+0700] {logging_mixin.py:137} INFO - [2022-12-31T21:09:44.014+0700] {dag.py:2676} INFO - Sync 1 DAGs
[2022-12-31T21:09:44.031+0700] {logging_mixin.py:137} INFO - [2022-12-31T21:09:44.031+0700] {dag.py:3423} INFO - Setting next_dagrun for example_time_delta_sensor_async to None, run_after=None
[2022-12-31T21:09:44.054+0700] {processor.py:175} INFO - Processing /home/dmk/anaconda3/lib/python3.9/site-packages/airflow/example_dags/example_time_delta_sensor_async.py took 0.090 seconds
[2022-12-31T21:10:33.541+0700] {processor.py:153} INFO - Started process (PID=19981) to work on /home/dmk/anaconda3/lib/python3.9/site-packages/airflow/example_dags/example_time_delta_sensor_async.py
[2022-12-31T21:10:33.543+0700] {processor.py:743} INFO - Processing file /home/dmk/anaconda3/lib/python3.9/site-packages/airflow/example_dags/example_time_delta_sensor_async.py for tasks to queue
[2022-12-31T21:10:33.544+0700] {logging_mixin.py:137} INFO - [2022-12-31T21:10:33.544+0700] {dagbag.py:538} INFO - Filling up the DagBag from /home/dmk/anaconda3/lib/python3.9/site-packages/airflow/example_dags/example_time_delta_sensor_async.py
[2022-12-31T21:10:33.565+0700] {processor.py:753} INFO - DAG(s) dict_keys(['example_time_delta_sensor_async']) retrieved from /home/dmk/anaconda3/lib/python3.9/site-packages/airflow/example_dags/example_time_delta_sensor_async.py
[2022-12-31T21:10:33.605+0700] {logging_mixin.py:137} INFO - [2022-12-31T21:10:33.605+0700] {dag.py:2676} INFO - Sync 1 DAGs
[2022-12-31T21:10:33.639+0700] {logging_mixin.py:137} INFO - [2022-12-31T21:10:33.639+0700] {dag.py:3423} INFO - Setting next_dagrun for example_time_delta_sensor_async to None, run_after=None
[2022-12-31T21:10:33.667+0700] {processor.py:175} INFO - Processing /home/dmk/anaconda3/lib/python3.9/site-packages/airflow/example_dags/example_time_delta_sensor_async.py took 0.129 seconds
[2022-12-31T21:11:23.771+0700] {processor.py:153} INFO - Started process (PID=20201) to work on /home/dmk/anaconda3/lib/python3.9/site-packages/airflow/example_dags/example_time_delta_sensor_async.py
[2022-12-31T21:11:23.775+0700] {processor.py:743} INFO - Processing file /home/dmk/anaconda3/lib/python3.9/site-packages/airflow/example_dags/example_time_delta_sensor_async.py for tasks to queue
[2022-12-31T21:11:23.777+0700] {logging_mixin.py:137} INFO - [2022-12-31T21:11:23.776+0700] {dagbag.py:538} INFO - Filling up the DagBag from /home/dmk/anaconda3/lib/python3.9/site-packages/airflow/example_dags/example_time_delta_sensor_async.py
[2022-12-31T21:11:23.796+0700] {processor.py:753} INFO - DAG(s) dict_keys(['example_time_delta_sensor_async']) retrieved from /home/dmk/anaconda3/lib/python3.9/site-packages/airflow/example_dags/example_time_delta_sensor_async.py
[2022-12-31T21:11:23.822+0700] {logging_mixin.py:137} INFO - [2022-12-31T21:11:23.822+0700] {dag.py:2676} INFO - Sync 1 DAGs
[2022-12-31T21:11:23.838+0700] {logging_mixin.py:137} INFO - [2022-12-31T21:11:23.838+0700] {dag.py:3423} INFO - Setting next_dagrun for example_time_delta_sensor_async to None, run_after=None
[2022-12-31T21:11:23.861+0700] {processor.py:175} INFO - Processing /home/dmk/anaconda3/lib/python3.9/site-packages/airflow/example_dags/example_time_delta_sensor_async.py took 0.099 seconds
[2022-12-31T21:12:35.275+0700] {processor.py:153} INFO - Started process (PID=20450) to work on /home/dmk/anaconda3/lib/python3.9/site-packages/airflow/example_dags/example_time_delta_sensor_async.py
[2022-12-31T21:12:35.276+0700] {processor.py:743} INFO - Processing file /home/dmk/anaconda3/lib/python3.9/site-packages/airflow/example_dags/example_time_delta_sensor_async.py for tasks to queue
[2022-12-31T21:12:35.276+0700] {logging_mixin.py:137} INFO - [2022-12-31T21:12:35.276+0700] {dagbag.py:538} INFO - Filling up the DagBag from /home/dmk/anaconda3/lib/python3.9/site-packages/airflow/example_dags/example_time_delta_sensor_async.py
[2022-12-31T21:12:35.287+0700] {processor.py:753} INFO - DAG(s) dict_keys(['example_time_delta_sensor_async']) retrieved from /home/dmk/anaconda3/lib/python3.9/site-packages/airflow/example_dags/example_time_delta_sensor_async.py
[2022-12-31T21:12:35.312+0700] {logging_mixin.py:137} INFO - [2022-12-31T21:12:35.312+0700] {dag.py:2676} INFO - Sync 1 DAGs
[2022-12-31T21:12:35.330+0700] {logging_mixin.py:137} INFO - [2022-12-31T21:12:35.330+0700] {dag.py:3423} INFO - Setting next_dagrun for example_time_delta_sensor_async to None, run_after=None
[2022-12-31T21:12:35.351+0700] {processor.py:175} INFO - Processing /home/dmk/anaconda3/lib/python3.9/site-packages/airflow/example_dags/example_time_delta_sensor_async.py took 0.079 seconds
[2022-12-31T21:13:27.272+0700] {processor.py:153} INFO - Started process (PID=20653) to work on /home/dmk/anaconda3/lib/python3.9/site-packages/airflow/example_dags/example_time_delta_sensor_async.py
[2022-12-31T21:13:27.276+0700] {processor.py:743} INFO - Processing file /home/dmk/anaconda3/lib/python3.9/site-packages/airflow/example_dags/example_time_delta_sensor_async.py for tasks to queue
[2022-12-31T21:13:27.278+0700] {logging_mixin.py:137} INFO - [2022-12-31T21:13:27.278+0700] {dagbag.py:538} INFO - Filling up the DagBag from /home/dmk/anaconda3/lib/python3.9/site-packages/airflow/example_dags/example_time_delta_sensor_async.py
[2022-12-31T21:13:27.314+0700] {processor.py:753} INFO - DAG(s) dict_keys(['example_time_delta_sensor_async']) retrieved from /home/dmk/anaconda3/lib/python3.9/site-packages/airflow/example_dags/example_time_delta_sensor_async.py
[2022-12-31T21:13:27.352+0700] {logging_mixin.py:137} INFO - [2022-12-31T21:13:27.351+0700] {dag.py:2676} INFO - Sync 1 DAGs
[2022-12-31T21:13:27.369+0700] {logging_mixin.py:137} INFO - [2022-12-31T21:13:27.369+0700] {dag.py:3423} INFO - Setting next_dagrun for example_time_delta_sensor_async to None, run_after=None
[2022-12-31T21:13:27.393+0700] {processor.py:175} INFO - Processing /home/dmk/anaconda3/lib/python3.9/site-packages/airflow/example_dags/example_time_delta_sensor_async.py took 0.130 seconds
[2022-12-31T21:14:17.691+0700] {processor.py:153} INFO - Started process (PID=21155) to work on /home/dmk/anaconda3/lib/python3.9/site-packages/airflow/example_dags/example_time_delta_sensor_async.py
[2022-12-31T21:14:17.694+0700] {processor.py:743} INFO - Processing file /home/dmk/anaconda3/lib/python3.9/site-packages/airflow/example_dags/example_time_delta_sensor_async.py for tasks to queue
[2022-12-31T21:14:17.695+0700] {logging_mixin.py:137} INFO - [2022-12-31T21:14:17.695+0700] {dagbag.py:538} INFO - Filling up the DagBag from /home/dmk/anaconda3/lib/python3.9/site-packages/airflow/example_dags/example_time_delta_sensor_async.py
[2022-12-31T21:14:17.711+0700] {processor.py:753} INFO - DAG(s) dict_keys(['example_time_delta_sensor_async']) retrieved from /home/dmk/anaconda3/lib/python3.9/site-packages/airflow/example_dags/example_time_delta_sensor_async.py
[2022-12-31T21:14:17.748+0700] {logging_mixin.py:137} INFO - [2022-12-31T21:14:17.748+0700] {dag.py:2676} INFO - Sync 1 DAGs
[2022-12-31T21:14:17.770+0700] {logging_mixin.py:137} INFO - [2022-12-31T21:14:17.770+0700] {dag.py:3423} INFO - Setting next_dagrun for example_time_delta_sensor_async to None, run_after=None
[2022-12-31T21:14:17.806+0700] {processor.py:175} INFO - Processing /home/dmk/anaconda3/lib/python3.9/site-packages/airflow/example_dags/example_time_delta_sensor_async.py took 0.120 seconds
[2022-12-31T21:15:24.583+0700] {processor.py:153} INFO - Started process (PID=22099) to work on /home/dmk/anaconda3/lib/python3.9/site-packages/airflow/example_dags/example_time_delta_sensor_async.py
[2022-12-31T21:15:24.589+0700] {processor.py:743} INFO - Processing file /home/dmk/anaconda3/lib/python3.9/site-packages/airflow/example_dags/example_time_delta_sensor_async.py for tasks to queue
[2022-12-31T21:15:24.590+0700] {logging_mixin.py:137} INFO - [2022-12-31T21:15:24.590+0700] {dagbag.py:538} INFO - Filling up the DagBag from /home/dmk/anaconda3/lib/python3.9/site-packages/airflow/example_dags/example_time_delta_sensor_async.py
[2022-12-31T21:15:24.614+0700] {processor.py:753} INFO - DAG(s) dict_keys(['example_time_delta_sensor_async']) retrieved from /home/dmk/anaconda3/lib/python3.9/site-packages/airflow/example_dags/example_time_delta_sensor_async.py
[2022-12-31T21:15:24.640+0700] {logging_mixin.py:137} INFO - [2022-12-31T21:15:24.640+0700] {dag.py:2676} INFO - Sync 1 DAGs
[2022-12-31T21:15:24.657+0700] {logging_mixin.py:137} INFO - [2022-12-31T21:15:24.657+0700] {dag.py:3423} INFO - Setting next_dagrun for example_time_delta_sensor_async to None, run_after=None
[2022-12-31T21:15:24.687+0700] {processor.py:175} INFO - Processing /home/dmk/anaconda3/lib/python3.9/site-packages/airflow/example_dags/example_time_delta_sensor_async.py took 0.111 seconds
[2022-12-31T21:16:09.643+0700] {processor.py:153} INFO - Started process (PID=22614) to work on /home/dmk/anaconda3/lib/python3.9/site-packages/airflow/example_dags/example_time_delta_sensor_async.py
[2022-12-31T21:16:09.647+0700] {processor.py:743} INFO - Processing file /home/dmk/anaconda3/lib/python3.9/site-packages/airflow/example_dags/example_time_delta_sensor_async.py for tasks to queue
[2022-12-31T21:16:09.648+0700] {logging_mixin.py:137} INFO - [2022-12-31T21:16:09.648+0700] {dagbag.py:538} INFO - Filling up the DagBag from /home/dmk/anaconda3/lib/python3.9/site-packages/airflow/example_dags/example_time_delta_sensor_async.py
[2022-12-31T21:16:09.665+0700] {processor.py:753} INFO - DAG(s) dict_keys(['example_time_delta_sensor_async']) retrieved from /home/dmk/anaconda3/lib/python3.9/site-packages/airflow/example_dags/example_time_delta_sensor_async.py
[2022-12-31T21:16:09.702+0700] {logging_mixin.py:137} INFO - [2022-12-31T21:16:09.702+0700] {dag.py:2676} INFO - Sync 1 DAGs
[2022-12-31T21:16:09.730+0700] {logging_mixin.py:137} INFO - [2022-12-31T21:16:09.730+0700] {dag.py:3423} INFO - Setting next_dagrun for example_time_delta_sensor_async to None, run_after=None
[2022-12-31T21:16:09.759+0700] {processor.py:175} INFO - Processing /home/dmk/anaconda3/lib/python3.9/site-packages/airflow/example_dags/example_time_delta_sensor_async.py took 0.118 seconds
[2022-12-31T21:16:54.122+0700] {processor.py:153} INFO - Started process (PID=23427) to work on /home/dmk/anaconda3/lib/python3.9/site-packages/airflow/example_dags/example_time_delta_sensor_async.py
[2022-12-31T21:16:54.126+0700] {processor.py:743} INFO - Processing file /home/dmk/anaconda3/lib/python3.9/site-packages/airflow/example_dags/example_time_delta_sensor_async.py for tasks to queue
[2022-12-31T21:16:54.127+0700] {logging_mixin.py:137} INFO - [2022-12-31T21:16:54.127+0700] {dagbag.py:538} INFO - Filling up the DagBag from /home/dmk/anaconda3/lib/python3.9/site-packages/airflow/example_dags/example_time_delta_sensor_async.py
[2022-12-31T21:16:54.141+0700] {processor.py:753} INFO - DAG(s) dict_keys(['example_time_delta_sensor_async']) retrieved from /home/dmk/anaconda3/lib/python3.9/site-packages/airflow/example_dags/example_time_delta_sensor_async.py
[2022-12-31T21:16:54.183+0700] {logging_mixin.py:137} INFO - [2022-12-31T21:16:54.183+0700] {dag.py:2676} INFO - Sync 1 DAGs
[2022-12-31T21:16:54.203+0700] {logging_mixin.py:137} INFO - [2022-12-31T21:16:54.203+0700] {dag.py:3423} INFO - Setting next_dagrun for example_time_delta_sensor_async to None, run_after=None
[2022-12-31T21:16:54.259+0700] {processor.py:175} INFO - Processing /home/dmk/anaconda3/lib/python3.9/site-packages/airflow/example_dags/example_time_delta_sensor_async.py took 0.140 seconds
[2022-12-31T21:17:43.105+0700] {processor.py:153} INFO - Started process (PID=23636) to work on /home/dmk/anaconda3/lib/python3.9/site-packages/airflow/example_dags/example_time_delta_sensor_async.py
[2022-12-31T21:17:43.110+0700] {processor.py:743} INFO - Processing file /home/dmk/anaconda3/lib/python3.9/site-packages/airflow/example_dags/example_time_delta_sensor_async.py for tasks to queue
[2022-12-31T21:17:43.112+0700] {logging_mixin.py:137} INFO - [2022-12-31T21:17:43.112+0700] {dagbag.py:538} INFO - Filling up the DagBag from /home/dmk/anaconda3/lib/python3.9/site-packages/airflow/example_dags/example_time_delta_sensor_async.py
[2022-12-31T21:17:43.136+0700] {processor.py:753} INFO - DAG(s) dict_keys(['example_time_delta_sensor_async']) retrieved from /home/dmk/anaconda3/lib/python3.9/site-packages/airflow/example_dags/example_time_delta_sensor_async.py
[2022-12-31T21:17:43.164+0700] {logging_mixin.py:137} INFO - [2022-12-31T21:17:43.163+0700] {dag.py:2676} INFO - Sync 1 DAGs
[2022-12-31T21:17:43.180+0700] {logging_mixin.py:137} INFO - [2022-12-31T21:17:43.180+0700] {dag.py:3423} INFO - Setting next_dagrun for example_time_delta_sensor_async to None, run_after=None
[2022-12-31T21:17:43.210+0700] {processor.py:175} INFO - Processing /home/dmk/anaconda3/lib/python3.9/site-packages/airflow/example_dags/example_time_delta_sensor_async.py took 0.113 seconds
[2022-12-31T21:19:23.193+0700] {processor.py:153} INFO - Started process (PID=24128) to work on /home/dmk/anaconda3/lib/python3.9/site-packages/airflow/example_dags/example_time_delta_sensor_async.py
[2022-12-31T21:19:23.197+0700] {processor.py:743} INFO - Processing file /home/dmk/anaconda3/lib/python3.9/site-packages/airflow/example_dags/example_time_delta_sensor_async.py for tasks to queue
[2022-12-31T21:19:23.197+0700] {logging_mixin.py:137} INFO - [2022-12-31T21:19:23.197+0700] {dagbag.py:538} INFO - Filling up the DagBag from /home/dmk/anaconda3/lib/python3.9/site-packages/airflow/example_dags/example_time_delta_sensor_async.py
[2022-12-31T21:19:23.209+0700] {processor.py:753} INFO - DAG(s) dict_keys(['example_time_delta_sensor_async']) retrieved from /home/dmk/anaconda3/lib/python3.9/site-packages/airflow/example_dags/example_time_delta_sensor_async.py
[2022-12-31T21:19:23.235+0700] {logging_mixin.py:137} INFO - [2022-12-31T21:19:23.235+0700] {dag.py:2676} INFO - Sync 1 DAGs
[2022-12-31T21:19:23.257+0700] {logging_mixin.py:137} INFO - [2022-12-31T21:19:23.257+0700] {dag.py:3423} INFO - Setting next_dagrun for example_time_delta_sensor_async to None, run_after=None
[2022-12-31T21:19:23.387+0700] {processor.py:175} INFO - Processing /home/dmk/anaconda3/lib/python3.9/site-packages/airflow/example_dags/example_time_delta_sensor_async.py took 0.197 seconds
[2022-12-31T21:20:16.475+0700] {processor.py:153} INFO - Started process (PID=24424) to work on /home/dmk/anaconda3/lib/python3.9/site-packages/airflow/example_dags/example_time_delta_sensor_async.py
[2022-12-31T21:20:16.481+0700] {processor.py:743} INFO - Processing file /home/dmk/anaconda3/lib/python3.9/site-packages/airflow/example_dags/example_time_delta_sensor_async.py for tasks to queue
[2022-12-31T21:20:16.483+0700] {logging_mixin.py:137} INFO - [2022-12-31T21:20:16.482+0700] {dagbag.py:538} INFO - Filling up the DagBag from /home/dmk/anaconda3/lib/python3.9/site-packages/airflow/example_dags/example_time_delta_sensor_async.py
[2022-12-31T21:20:16.510+0700] {processor.py:753} INFO - DAG(s) dict_keys(['example_time_delta_sensor_async']) retrieved from /home/dmk/anaconda3/lib/python3.9/site-packages/airflow/example_dags/example_time_delta_sensor_async.py
[2022-12-31T21:20:16.539+0700] {logging_mixin.py:137} INFO - [2022-12-31T21:20:16.539+0700] {dag.py:2676} INFO - Sync 1 DAGs
[2022-12-31T21:20:16.665+0700] {logging_mixin.py:137} INFO - [2022-12-31T21:20:16.664+0700] {dag.py:3423} INFO - Setting next_dagrun for example_time_delta_sensor_async to None, run_after=None
[2022-12-31T21:20:16.702+0700] {processor.py:175} INFO - Processing /home/dmk/anaconda3/lib/python3.9/site-packages/airflow/example_dags/example_time_delta_sensor_async.py took 0.235 seconds
[2022-12-31T21:22:47.054+0700] {processor.py:153} INFO - Started process (PID=25338) to work on /home/dmk/anaconda3/lib/python3.9/site-packages/airflow/example_dags/example_time_delta_sensor_async.py
[2022-12-31T21:22:47.058+0700] {processor.py:743} INFO - Processing file /home/dmk/anaconda3/lib/python3.9/site-packages/airflow/example_dags/example_time_delta_sensor_async.py for tasks to queue
[2022-12-31T21:22:47.058+0700] {logging_mixin.py:137} INFO - [2022-12-31T21:22:47.058+0700] {dagbag.py:538} INFO - Filling up the DagBag from /home/dmk/anaconda3/lib/python3.9/site-packages/airflow/example_dags/example_time_delta_sensor_async.py
[2022-12-31T21:22:47.069+0700] {processor.py:753} INFO - DAG(s) dict_keys(['example_time_delta_sensor_async']) retrieved from /home/dmk/anaconda3/lib/python3.9/site-packages/airflow/example_dags/example_time_delta_sensor_async.py
[2022-12-31T21:22:47.094+0700] {logging_mixin.py:137} INFO - [2022-12-31T21:22:47.094+0700] {dag.py:2676} INFO - Sync 1 DAGs
[2022-12-31T21:22:47.112+0700] {logging_mixin.py:137} INFO - [2022-12-31T21:22:47.111+0700] {dag.py:3423} INFO - Setting next_dagrun for example_time_delta_sensor_async to None, run_after=None
[2022-12-31T21:22:47.231+0700] {processor.py:175} INFO - Processing /home/dmk/anaconda3/lib/python3.9/site-packages/airflow/example_dags/example_time_delta_sensor_async.py took 0.179 seconds
[2022-12-31T21:23:40.568+0700] {processor.py:153} INFO - Started process (PID=25448) to work on /home/dmk/anaconda3/lib/python3.9/site-packages/airflow/example_dags/example_time_delta_sensor_async.py
[2022-12-31T21:23:40.570+0700] {processor.py:743} INFO - Processing file /home/dmk/anaconda3/lib/python3.9/site-packages/airflow/example_dags/example_time_delta_sensor_async.py for tasks to queue
[2022-12-31T21:23:40.571+0700] {logging_mixin.py:137} INFO - [2022-12-31T21:23:40.571+0700] {dagbag.py:538} INFO - Filling up the DagBag from /home/dmk/anaconda3/lib/python3.9/site-packages/airflow/example_dags/example_time_delta_sensor_async.py
[2022-12-31T21:23:40.584+0700] {processor.py:753} INFO - DAG(s) dict_keys(['example_time_delta_sensor_async']) retrieved from /home/dmk/anaconda3/lib/python3.9/site-packages/airflow/example_dags/example_time_delta_sensor_async.py
[2022-12-31T21:23:40.611+0700] {logging_mixin.py:137} INFO - [2022-12-31T21:23:40.611+0700] {dag.py:2676} INFO - Sync 1 DAGs
[2022-12-31T21:23:40.719+0700] {logging_mixin.py:137} INFO - [2022-12-31T21:23:40.719+0700] {dag.py:3423} INFO - Setting next_dagrun for example_time_delta_sensor_async to None, run_after=None
[2022-12-31T21:23:40.740+0700] {processor.py:175} INFO - Processing /home/dmk/anaconda3/lib/python3.9/site-packages/airflow/example_dags/example_time_delta_sensor_async.py took 0.174 seconds
[2022-12-31T21:24:41.619+0700] {processor.py:153} INFO - Started process (PID=25683) to work on /home/dmk/anaconda3/lib/python3.9/site-packages/airflow/example_dags/example_time_delta_sensor_async.py
[2022-12-31T21:24:41.621+0700] {processor.py:743} INFO - Processing file /home/dmk/anaconda3/lib/python3.9/site-packages/airflow/example_dags/example_time_delta_sensor_async.py for tasks to queue
[2022-12-31T21:24:41.622+0700] {logging_mixin.py:137} INFO - [2022-12-31T21:24:41.621+0700] {dagbag.py:538} INFO - Filling up the DagBag from /home/dmk/anaconda3/lib/python3.9/site-packages/airflow/example_dags/example_time_delta_sensor_async.py
[2022-12-31T21:24:41.637+0700] {processor.py:753} INFO - DAG(s) dict_keys(['example_time_delta_sensor_async']) retrieved from /home/dmk/anaconda3/lib/python3.9/site-packages/airflow/example_dags/example_time_delta_sensor_async.py
[2022-12-31T21:24:41.757+0700] {logging_mixin.py:137} INFO - [2022-12-31T21:24:41.757+0700] {dag.py:2676} INFO - Sync 1 DAGs
[2022-12-31T21:24:41.774+0700] {logging_mixin.py:137} INFO - [2022-12-31T21:24:41.774+0700] {dag.py:3423} INFO - Setting next_dagrun for example_time_delta_sensor_async to None, run_after=None
[2022-12-31T21:24:41.803+0700] {processor.py:175} INFO - Processing /home/dmk/anaconda3/lib/python3.9/site-packages/airflow/example_dags/example_time_delta_sensor_async.py took 0.188 seconds
[2022-12-31T21:25:40.545+0700] {processor.py:153} INFO - Started process (PID=25869) to work on /home/dmk/anaconda3/lib/python3.9/site-packages/airflow/example_dags/example_time_delta_sensor_async.py
[2022-12-31T21:25:40.552+0700] {processor.py:743} INFO - Processing file /home/dmk/anaconda3/lib/python3.9/site-packages/airflow/example_dags/example_time_delta_sensor_async.py for tasks to queue
[2022-12-31T21:25:40.556+0700] {logging_mixin.py:137} INFO - [2022-12-31T21:25:40.555+0700] {dagbag.py:538} INFO - Filling up the DagBag from /home/dmk/anaconda3/lib/python3.9/site-packages/airflow/example_dags/example_time_delta_sensor_async.py
[2022-12-31T21:25:40.595+0700] {processor.py:753} INFO - DAG(s) dict_keys(['example_time_delta_sensor_async']) retrieved from /home/dmk/anaconda3/lib/python3.9/site-packages/airflow/example_dags/example_time_delta_sensor_async.py
[2022-12-31T21:25:40.750+0700] {logging_mixin.py:137} INFO - [2022-12-31T21:25:40.750+0700] {dag.py:2676} INFO - Sync 1 DAGs
[2022-12-31T21:25:40.778+0700] {logging_mixin.py:137} INFO - [2022-12-31T21:25:40.778+0700] {dag.py:3423} INFO - Setting next_dagrun for example_time_delta_sensor_async to None, run_after=None
[2022-12-31T21:25:40.820+0700] {processor.py:175} INFO - Processing /home/dmk/anaconda3/lib/python3.9/site-packages/airflow/example_dags/example_time_delta_sensor_async.py took 0.288 seconds
[2022-12-31T21:26:50.585+0700] {processor.py:153} INFO - Started process (PID=25993) to work on /home/dmk/anaconda3/lib/python3.9/site-packages/airflow/example_dags/example_time_delta_sensor_async.py
[2022-12-31T21:26:50.588+0700] {processor.py:743} INFO - Processing file /home/dmk/anaconda3/lib/python3.9/site-packages/airflow/example_dags/example_time_delta_sensor_async.py for tasks to queue
[2022-12-31T21:26:50.589+0700] {logging_mixin.py:137} INFO - [2022-12-31T21:26:50.589+0700] {dagbag.py:538} INFO - Filling up the DagBag from /home/dmk/anaconda3/lib/python3.9/site-packages/airflow/example_dags/example_time_delta_sensor_async.py
[2022-12-31T21:26:50.722+0700] {processor.py:753} INFO - DAG(s) dict_keys(['example_time_delta_sensor_async']) retrieved from /home/dmk/anaconda3/lib/python3.9/site-packages/airflow/example_dags/example_time_delta_sensor_async.py
[2022-12-31T21:26:50.747+0700] {logging_mixin.py:137} INFO - [2022-12-31T21:26:50.747+0700] {dag.py:2676} INFO - Sync 1 DAGs
[2022-12-31T21:26:50.769+0700] {logging_mixin.py:137} INFO - [2022-12-31T21:26:50.769+0700] {dag.py:3423} INFO - Setting next_dagrun for example_time_delta_sensor_async to None, run_after=None
[2022-12-31T21:26:50.809+0700] {processor.py:175} INFO - Processing /home/dmk/anaconda3/lib/python3.9/site-packages/airflow/example_dags/example_time_delta_sensor_async.py took 0.229 seconds
[2022-12-31T21:27:55.025+0700] {processor.py:153} INFO - Started process (PID=26114) to work on /home/dmk/anaconda3/lib/python3.9/site-packages/airflow/example_dags/example_time_delta_sensor_async.py
[2022-12-31T21:27:55.030+0700] {processor.py:743} INFO - Processing file /home/dmk/anaconda3/lib/python3.9/site-packages/airflow/example_dags/example_time_delta_sensor_async.py for tasks to queue
[2022-12-31T21:27:55.033+0700] {logging_mixin.py:137} INFO - [2022-12-31T21:27:55.032+0700] {dagbag.py:538} INFO - Filling up the DagBag from /home/dmk/anaconda3/lib/python3.9/site-packages/airflow/example_dags/example_time_delta_sensor_async.py
[2022-12-31T21:27:55.087+0700] {processor.py:753} INFO - DAG(s) dict_keys(['example_time_delta_sensor_async']) retrieved from /home/dmk/anaconda3/lib/python3.9/site-packages/airflow/example_dags/example_time_delta_sensor_async.py
[2022-12-31T21:27:55.135+0700] {logging_mixin.py:137} INFO - [2022-12-31T21:27:55.134+0700] {dag.py:2676} INFO - Sync 1 DAGs
[2022-12-31T21:27:55.156+0700] {logging_mixin.py:137} INFO - [2022-12-31T21:27:55.156+0700] {dag.py:3423} INFO - Setting next_dagrun for example_time_delta_sensor_async to None, run_after=None
[2022-12-31T21:27:55.219+0700] {processor.py:175} INFO - Processing /home/dmk/anaconda3/lib/python3.9/site-packages/airflow/example_dags/example_time_delta_sensor_async.py took 0.209 seconds
[2022-12-31T21:28:45.051+0700] {processor.py:153} INFO - Started process (PID=26216) to work on /home/dmk/anaconda3/lib/python3.9/site-packages/airflow/example_dags/example_time_delta_sensor_async.py
[2022-12-31T21:28:45.054+0700] {processor.py:743} INFO - Processing file /home/dmk/anaconda3/lib/python3.9/site-packages/airflow/example_dags/example_time_delta_sensor_async.py for tasks to queue
[2022-12-31T21:28:45.056+0700] {logging_mixin.py:137} INFO - [2022-12-31T21:28:45.055+0700] {dagbag.py:538} INFO - Filling up the DagBag from /home/dmk/anaconda3/lib/python3.9/site-packages/airflow/example_dags/example_time_delta_sensor_async.py
[2022-12-31T21:28:45.076+0700] {processor.py:753} INFO - DAG(s) dict_keys(['example_time_delta_sensor_async']) retrieved from /home/dmk/anaconda3/lib/python3.9/site-packages/airflow/example_dags/example_time_delta_sensor_async.py
[2022-12-31T21:28:45.110+0700] {logging_mixin.py:137} INFO - [2022-12-31T21:28:45.110+0700] {dag.py:2676} INFO - Sync 1 DAGs
[2022-12-31T21:28:45.132+0700] {logging_mixin.py:137} INFO - [2022-12-31T21:28:45.132+0700] {dag.py:3423} INFO - Setting next_dagrun for example_time_delta_sensor_async to None, run_after=None
[2022-12-31T21:28:45.208+0700] {processor.py:175} INFO - Processing /home/dmk/anaconda3/lib/python3.9/site-packages/airflow/example_dags/example_time_delta_sensor_async.py took 0.165 seconds
[2022-12-31T21:29:48.250+0700] {processor.py:153} INFO - Started process (PID=26371) to work on /home/dmk/anaconda3/lib/python3.9/site-packages/airflow/example_dags/example_time_delta_sensor_async.py
[2022-12-31T21:29:48.258+0700] {processor.py:743} INFO - Processing file /home/dmk/anaconda3/lib/python3.9/site-packages/airflow/example_dags/example_time_delta_sensor_async.py for tasks to queue
[2022-12-31T21:29:48.261+0700] {logging_mixin.py:137} INFO - [2022-12-31T21:29:48.260+0700] {dagbag.py:538} INFO - Filling up the DagBag from /home/dmk/anaconda3/lib/python3.9/site-packages/airflow/example_dags/example_time_delta_sensor_async.py
[2022-12-31T21:29:48.305+0700] {processor.py:753} INFO - DAG(s) dict_keys(['example_time_delta_sensor_async']) retrieved from /home/dmk/anaconda3/lib/python3.9/site-packages/airflow/example_dags/example_time_delta_sensor_async.py
[2022-12-31T21:29:48.341+0700] {logging_mixin.py:137} INFO - [2022-12-31T21:29:48.341+0700] {dag.py:2676} INFO - Sync 1 DAGs
[2022-12-31T21:29:48.361+0700] {logging_mixin.py:137} INFO - [2022-12-31T21:29:48.361+0700] {dag.py:3423} INFO - Setting next_dagrun for example_time_delta_sensor_async to None, run_after=None
[2022-12-31T21:29:48.397+0700] {processor.py:175} INFO - Processing /home/dmk/anaconda3/lib/python3.9/site-packages/airflow/example_dags/example_time_delta_sensor_async.py took 0.159 seconds
[2022-12-31T21:30:54.180+0700] {processor.py:153} INFO - Started process (PID=26508) to work on /home/dmk/anaconda3/lib/python3.9/site-packages/airflow/example_dags/example_time_delta_sensor_async.py
[2022-12-31T21:30:54.187+0700] {processor.py:743} INFO - Processing file /home/dmk/anaconda3/lib/python3.9/site-packages/airflow/example_dags/example_time_delta_sensor_async.py for tasks to queue
[2022-12-31T21:30:54.190+0700] {logging_mixin.py:137} INFO - [2022-12-31T21:30:54.189+0700] {dagbag.py:538} INFO - Filling up the DagBag from /home/dmk/anaconda3/lib/python3.9/site-packages/airflow/example_dags/example_time_delta_sensor_async.py
[2022-12-31T21:30:54.233+0700] {processor.py:753} INFO - DAG(s) dict_keys(['example_time_delta_sensor_async']) retrieved from /home/dmk/anaconda3/lib/python3.9/site-packages/airflow/example_dags/example_time_delta_sensor_async.py
[2022-12-31T21:30:54.273+0700] {logging_mixin.py:137} INFO - [2022-12-31T21:30:54.273+0700] {dag.py:2676} INFO - Sync 1 DAGs
[2022-12-31T21:30:54.294+0700] {logging_mixin.py:137} INFO - [2022-12-31T21:30:54.294+0700] {dag.py:3423} INFO - Setting next_dagrun for example_time_delta_sensor_async to None, run_after=None
[2022-12-31T21:30:54.330+0700] {processor.py:175} INFO - Processing /home/dmk/anaconda3/lib/python3.9/site-packages/airflow/example_dags/example_time_delta_sensor_async.py took 0.161 seconds
[2022-12-31T21:31:58.878+0700] {processor.py:153} INFO - Started process (PID=26619) to work on /home/dmk/anaconda3/lib/python3.9/site-packages/airflow/example_dags/example_time_delta_sensor_async.py
[2022-12-31T21:31:58.884+0700] {processor.py:743} INFO - Processing file /home/dmk/anaconda3/lib/python3.9/site-packages/airflow/example_dags/example_time_delta_sensor_async.py for tasks to queue
[2022-12-31T21:31:58.887+0700] {logging_mixin.py:137} INFO - [2022-12-31T21:31:58.886+0700] {dagbag.py:538} INFO - Filling up the DagBag from /home/dmk/anaconda3/lib/python3.9/site-packages/airflow/example_dags/example_time_delta_sensor_async.py
[2022-12-31T21:31:58.930+0700] {processor.py:753} INFO - DAG(s) dict_keys(['example_time_delta_sensor_async']) retrieved from /home/dmk/anaconda3/lib/python3.9/site-packages/airflow/example_dags/example_time_delta_sensor_async.py
[2022-12-31T21:31:58.968+0700] {logging_mixin.py:137} INFO - [2022-12-31T21:31:58.967+0700] {dag.py:2676} INFO - Sync 1 DAGs
[2022-12-31T21:31:58.992+0700] {logging_mixin.py:137} INFO - [2022-12-31T21:31:58.992+0700] {dag.py:3423} INFO - Setting next_dagrun for example_time_delta_sensor_async to None, run_after=None
[2022-12-31T21:31:59.042+0700] {processor.py:175} INFO - Processing /home/dmk/anaconda3/lib/python3.9/site-packages/airflow/example_dags/example_time_delta_sensor_async.py took 0.174 seconds
[2022-12-31T21:33:18.445+0700] {processor.py:153} INFO - Started process (PID=26783) to work on /home/dmk/anaconda3/lib/python3.9/site-packages/airflow/example_dags/example_time_delta_sensor_async.py
[2022-12-31T21:33:18.451+0700] {processor.py:743} INFO - Processing file /home/dmk/anaconda3/lib/python3.9/site-packages/airflow/example_dags/example_time_delta_sensor_async.py for tasks to queue
[2022-12-31T21:33:18.454+0700] {logging_mixin.py:137} INFO - [2022-12-31T21:33:18.454+0700] {dagbag.py:538} INFO - Filling up the DagBag from /home/dmk/anaconda3/lib/python3.9/site-packages/airflow/example_dags/example_time_delta_sensor_async.py
[2022-12-31T21:33:18.493+0700] {processor.py:753} INFO - DAG(s) dict_keys(['example_time_delta_sensor_async']) retrieved from /home/dmk/anaconda3/lib/python3.9/site-packages/airflow/example_dags/example_time_delta_sensor_async.py
[2022-12-31T21:33:18.531+0700] {logging_mixin.py:137} INFO - [2022-12-31T21:33:18.531+0700] {dag.py:2676} INFO - Sync 1 DAGs
[2022-12-31T21:33:18.551+0700] {logging_mixin.py:137} INFO - [2022-12-31T21:33:18.551+0700] {dag.py:3423} INFO - Setting next_dagrun for example_time_delta_sensor_async to None, run_after=None
[2022-12-31T21:33:18.585+0700] {processor.py:175} INFO - Processing /home/dmk/anaconda3/lib/python3.9/site-packages/airflow/example_dags/example_time_delta_sensor_async.py took 0.151 seconds
[2022-12-31T21:34:06.608+0700] {processor.py:153} INFO - Started process (PID=27262) to work on /home/dmk/anaconda3/lib/python3.9/site-packages/airflow/example_dags/example_time_delta_sensor_async.py
[2022-12-31T21:34:06.612+0700] {processor.py:743} INFO - Processing file /home/dmk/anaconda3/lib/python3.9/site-packages/airflow/example_dags/example_time_delta_sensor_async.py for tasks to queue
[2022-12-31T21:34:06.613+0700] {logging_mixin.py:137} INFO - [2022-12-31T21:34:06.612+0700] {dagbag.py:538} INFO - Filling up the DagBag from /home/dmk/anaconda3/lib/python3.9/site-packages/airflow/example_dags/example_time_delta_sensor_async.py
[2022-12-31T21:34:06.624+0700] {processor.py:753} INFO - DAG(s) dict_keys(['example_time_delta_sensor_async']) retrieved from /home/dmk/anaconda3/lib/python3.9/site-packages/airflow/example_dags/example_time_delta_sensor_async.py
[2022-12-31T21:34:06.650+0700] {logging_mixin.py:137} INFO - [2022-12-31T21:34:06.650+0700] {dag.py:2676} INFO - Sync 1 DAGs
[2022-12-31T21:34:06.667+0700] {logging_mixin.py:137} INFO - [2022-12-31T21:34:06.667+0700] {dag.py:3423} INFO - Setting next_dagrun for example_time_delta_sensor_async to None, run_after=None
[2022-12-31T21:34:06.698+0700] {processor.py:175} INFO - Processing /home/dmk/anaconda3/lib/python3.9/site-packages/airflow/example_dags/example_time_delta_sensor_async.py took 0.092 seconds
[2022-12-31T21:34:54.196+0700] {processor.py:153} INFO - Started process (PID=27683) to work on /home/dmk/anaconda3/lib/python3.9/site-packages/airflow/example_dags/example_time_delta_sensor_async.py
[2022-12-31T21:34:54.197+0700] {processor.py:743} INFO - Processing file /home/dmk/anaconda3/lib/python3.9/site-packages/airflow/example_dags/example_time_delta_sensor_async.py for tasks to queue
[2022-12-31T21:34:54.197+0700] {logging_mixin.py:137} INFO - [2022-12-31T21:34:54.197+0700] {dagbag.py:538} INFO - Filling up the DagBag from /home/dmk/anaconda3/lib/python3.9/site-packages/airflow/example_dags/example_time_delta_sensor_async.py
[2022-12-31T21:34:54.208+0700] {processor.py:753} INFO - DAG(s) dict_keys(['example_time_delta_sensor_async']) retrieved from /home/dmk/anaconda3/lib/python3.9/site-packages/airflow/example_dags/example_time_delta_sensor_async.py
[2022-12-31T21:34:54.236+0700] {logging_mixin.py:137} INFO - [2022-12-31T21:34:54.236+0700] {dag.py:2676} INFO - Sync 1 DAGs
[2022-12-31T21:34:54.255+0700] {logging_mixin.py:137} INFO - [2022-12-31T21:34:54.255+0700] {dag.py:3423} INFO - Setting next_dagrun for example_time_delta_sensor_async to None, run_after=None
[2022-12-31T21:34:54.377+0700] {processor.py:175} INFO - Processing /home/dmk/anaconda3/lib/python3.9/site-packages/airflow/example_dags/example_time_delta_sensor_async.py took 0.183 seconds
[2022-12-31T21:35:46.258+0700] {processor.py:153} INFO - Started process (PID=27915) to work on /home/dmk/anaconda3/lib/python3.9/site-packages/airflow/example_dags/example_time_delta_sensor_async.py
[2022-12-31T21:35:46.262+0700] {processor.py:743} INFO - Processing file /home/dmk/anaconda3/lib/python3.9/site-packages/airflow/example_dags/example_time_delta_sensor_async.py for tasks to queue
[2022-12-31T21:35:46.263+0700] {logging_mixin.py:137} INFO - [2022-12-31T21:35:46.263+0700] {dagbag.py:538} INFO - Filling up the DagBag from /home/dmk/anaconda3/lib/python3.9/site-packages/airflow/example_dags/example_time_delta_sensor_async.py
[2022-12-31T21:35:46.283+0700] {processor.py:753} INFO - DAG(s) dict_keys(['example_time_delta_sensor_async']) retrieved from /home/dmk/anaconda3/lib/python3.9/site-packages/airflow/example_dags/example_time_delta_sensor_async.py
[2022-12-31T21:35:46.464+0700] {logging_mixin.py:137} INFO - [2022-12-31T21:35:46.464+0700] {dag.py:2676} INFO - Sync 1 DAGs
[2022-12-31T21:35:46.487+0700] {logging_mixin.py:137} INFO - [2022-12-31T21:35:46.487+0700] {dag.py:3423} INFO - Setting next_dagrun for example_time_delta_sensor_async to None, run_after=None
[2022-12-31T21:35:46.523+0700] {processor.py:175} INFO - Processing /home/dmk/anaconda3/lib/python3.9/site-packages/airflow/example_dags/example_time_delta_sensor_async.py took 0.269 seconds
[2022-12-31T21:38:30.334+0700] {processor.py:153} INFO - Started process (PID=28901) to work on /home/dmk/anaconda3/lib/python3.9/site-packages/airflow/example_dags/example_time_delta_sensor_async.py
[2022-12-31T21:38:30.337+0700] {processor.py:743} INFO - Processing file /home/dmk/anaconda3/lib/python3.9/site-packages/airflow/example_dags/example_time_delta_sensor_async.py for tasks to queue
[2022-12-31T21:38:30.339+0700] {logging_mixin.py:137} INFO - [2022-12-31T21:38:30.338+0700] {dagbag.py:538} INFO - Filling up the DagBag from /home/dmk/anaconda3/lib/python3.9/site-packages/airflow/example_dags/example_time_delta_sensor_async.py
[2022-12-31T21:38:30.356+0700] {processor.py:753} INFO - DAG(s) dict_keys(['example_time_delta_sensor_async']) retrieved from /home/dmk/anaconda3/lib/python3.9/site-packages/airflow/example_dags/example_time_delta_sensor_async.py
[2022-12-31T21:38:30.589+0700] {logging_mixin.py:137} INFO - [2022-12-31T21:38:30.588+0700] {manager.py:504} INFO - Created Permission View: can delete on DAG:example_time_delta_sensor_async
[2022-12-31T21:38:30.626+0700] {logging_mixin.py:137} INFO - [2022-12-31T21:38:30.625+0700] {manager.py:504} INFO - Created Permission View: can read on DAG:example_time_delta_sensor_async
[2022-12-31T21:38:30.651+0700] {logging_mixin.py:137} INFO - [2022-12-31T21:38:30.650+0700] {manager.py:504} INFO - Created Permission View: can edit on DAG:example_time_delta_sensor_async
[2022-12-31T21:38:30.651+0700] {logging_mixin.py:137} INFO - [2022-12-31T21:38:30.651+0700] {dag.py:2676} INFO - Sync 1 DAGs
[2022-12-31T21:38:30.660+0700] {logging_mixin.py:137} INFO - [2022-12-31T21:38:30.660+0700] {dag.py:2697} INFO - Creating ORM DAG for example_time_delta_sensor_async
[2022-12-31T21:38:30.670+0700] {logging_mixin.py:137} INFO - [2022-12-31T21:38:30.670+0700] {dag.py:3423} INFO - Setting next_dagrun for example_time_delta_sensor_async to None, run_after=None
[2022-12-31T21:38:30.700+0700] {processor.py:175} INFO - Processing /home/dmk/anaconda3/lib/python3.9/site-packages/airflow/example_dags/example_time_delta_sensor_async.py took 0.371 seconds
[2022-12-31T21:39:24.477+0700] {processor.py:153} INFO - Started process (PID=29125) to work on /home/dmk/anaconda3/lib/python3.9/site-packages/airflow/example_dags/example_time_delta_sensor_async.py
[2022-12-31T21:39:24.481+0700] {processor.py:743} INFO - Processing file /home/dmk/anaconda3/lib/python3.9/site-packages/airflow/example_dags/example_time_delta_sensor_async.py for tasks to queue
[2022-12-31T21:39:24.483+0700] {logging_mixin.py:137} INFO - [2022-12-31T21:39:24.483+0700] {dagbag.py:538} INFO - Filling up the DagBag from /home/dmk/anaconda3/lib/python3.9/site-packages/airflow/example_dags/example_time_delta_sensor_async.py
[2022-12-31T21:39:24.514+0700] {processor.py:753} INFO - DAG(s) dict_keys(['example_time_delta_sensor_async']) retrieved from /home/dmk/anaconda3/lib/python3.9/site-packages/airflow/example_dags/example_time_delta_sensor_async.py
[2022-12-31T21:39:24.541+0700] {logging_mixin.py:137} INFO - [2022-12-31T21:39:24.541+0700] {dag.py:2676} INFO - Sync 1 DAGs
[2022-12-31T21:39:24.664+0700] {logging_mixin.py:137} INFO - [2022-12-31T21:39:24.664+0700] {dag.py:3423} INFO - Setting next_dagrun for example_time_delta_sensor_async to None, run_after=None
[2022-12-31T21:39:24.708+0700] {processor.py:175} INFO - Processing /home/dmk/anaconda3/lib/python3.9/site-packages/airflow/example_dags/example_time_delta_sensor_async.py took 0.239 seconds
[2022-12-31T21:40:34.829+0700] {processor.py:153} INFO - Started process (PID=29453) to work on /home/dmk/anaconda3/lib/python3.9/site-packages/airflow/example_dags/example_time_delta_sensor_async.py
[2022-12-31T21:40:34.831+0700] {processor.py:743} INFO - Processing file /home/dmk/anaconda3/lib/python3.9/site-packages/airflow/example_dags/example_time_delta_sensor_async.py for tasks to queue
[2022-12-31T21:40:34.832+0700] {logging_mixin.py:137} INFO - [2022-12-31T21:40:34.831+0700] {dagbag.py:538} INFO - Filling up the DagBag from /home/dmk/anaconda3/lib/python3.9/site-packages/airflow/example_dags/example_time_delta_sensor_async.py
[2022-12-31T21:40:34.842+0700] {processor.py:753} INFO - DAG(s) dict_keys(['example_time_delta_sensor_async']) retrieved from /home/dmk/anaconda3/lib/python3.9/site-packages/airflow/example_dags/example_time_delta_sensor_async.py
[2022-12-31T21:40:34.959+0700] {logging_mixin.py:137} INFO - [2022-12-31T21:40:34.959+0700] {dag.py:2676} INFO - Sync 1 DAGs
[2022-12-31T21:40:34.976+0700] {logging_mixin.py:137} INFO - [2022-12-31T21:40:34.976+0700] {dag.py:3423} INFO - Setting next_dagrun for example_time_delta_sensor_async to None, run_after=None
[2022-12-31T21:40:35.006+0700] {processor.py:175} INFO - Processing /home/dmk/anaconda3/lib/python3.9/site-packages/airflow/example_dags/example_time_delta_sensor_async.py took 0.180 seconds
[2022-12-31T21:41:40.958+0700] {processor.py:153} INFO - Started process (PID=29562) to work on /home/dmk/anaconda3/lib/python3.9/site-packages/airflow/example_dags/example_time_delta_sensor_async.py
[2022-12-31T21:41:40.962+0700] {processor.py:743} INFO - Processing file /home/dmk/anaconda3/lib/python3.9/site-packages/airflow/example_dags/example_time_delta_sensor_async.py for tasks to queue
[2022-12-31T21:41:40.963+0700] {logging_mixin.py:137} INFO - [2022-12-31T21:41:40.963+0700] {dagbag.py:538} INFO - Filling up the DagBag from /home/dmk/anaconda3/lib/python3.9/site-packages/airflow/example_dags/example_time_delta_sensor_async.py
[2022-12-31T21:41:40.976+0700] {processor.py:753} INFO - DAG(s) dict_keys(['example_time_delta_sensor_async']) retrieved from /home/dmk/anaconda3/lib/python3.9/site-packages/airflow/example_dags/example_time_delta_sensor_async.py
[2022-12-31T21:41:41.097+0700] {logging_mixin.py:137} INFO - [2022-12-31T21:41:41.097+0700] {dag.py:2676} INFO - Sync 1 DAGs
[2022-12-31T21:41:41.113+0700] {logging_mixin.py:137} INFO - [2022-12-31T21:41:41.113+0700] {dag.py:3423} INFO - Setting next_dagrun for example_time_delta_sensor_async to None, run_after=None
[2022-12-31T21:41:41.145+0700] {processor.py:175} INFO - Processing /home/dmk/anaconda3/lib/python3.9/site-packages/airflow/example_dags/example_time_delta_sensor_async.py took 0.189 seconds
[2022-12-31T21:42:27.192+0700] {processor.py:153} INFO - Started process (PID=29808) to work on /home/dmk/anaconda3/lib/python3.9/site-packages/airflow/example_dags/example_time_delta_sensor_async.py
[2022-12-31T21:42:27.196+0700] {processor.py:743} INFO - Processing file /home/dmk/anaconda3/lib/python3.9/site-packages/airflow/example_dags/example_time_delta_sensor_async.py for tasks to queue
[2022-12-31T21:42:27.197+0700] {logging_mixin.py:137} INFO - [2022-12-31T21:42:27.197+0700] {dagbag.py:538} INFO - Filling up the DagBag from /home/dmk/anaconda3/lib/python3.9/site-packages/airflow/example_dags/example_time_delta_sensor_async.py
[2022-12-31T21:42:27.212+0700] {processor.py:753} INFO - DAG(s) dict_keys(['example_time_delta_sensor_async']) retrieved from /home/dmk/anaconda3/lib/python3.9/site-packages/airflow/example_dags/example_time_delta_sensor_async.py
[2022-12-31T21:42:27.243+0700] {logging_mixin.py:137} INFO - [2022-12-31T21:42:27.243+0700] {dag.py:2676} INFO - Sync 1 DAGs
[2022-12-31T21:42:27.267+0700] {logging_mixin.py:137} INFO - [2022-12-31T21:42:27.267+0700] {dag.py:3423} INFO - Setting next_dagrun for example_time_delta_sensor_async to None, run_after=None
[2022-12-31T21:42:27.407+0700] {processor.py:175} INFO - Processing /home/dmk/anaconda3/lib/python3.9/site-packages/airflow/example_dags/example_time_delta_sensor_async.py took 0.218 seconds
[2022-12-31T21:43:16.056+0700] {processor.py:153} INFO - Started process (PID=29993) to work on /home/dmk/anaconda3/lib/python3.9/site-packages/airflow/example_dags/example_time_delta_sensor_async.py
[2022-12-31T21:43:16.061+0700] {processor.py:743} INFO - Processing file /home/dmk/anaconda3/lib/python3.9/site-packages/airflow/example_dags/example_time_delta_sensor_async.py for tasks to queue
[2022-12-31T21:43:16.063+0700] {logging_mixin.py:137} INFO - [2022-12-31T21:43:16.062+0700] {dagbag.py:538} INFO - Filling up the DagBag from /home/dmk/anaconda3/lib/python3.9/site-packages/airflow/example_dags/example_time_delta_sensor_async.py
[2022-12-31T21:43:16.085+0700] {processor.py:753} INFO - DAG(s) dict_keys(['example_time_delta_sensor_async']) retrieved from /home/dmk/anaconda3/lib/python3.9/site-packages/airflow/example_dags/example_time_delta_sensor_async.py
[2022-12-31T21:43:16.111+0700] {logging_mixin.py:137} INFO - [2022-12-31T21:43:16.111+0700] {dag.py:2676} INFO - Sync 1 DAGs
[2022-12-31T21:43:16.221+0700] {logging_mixin.py:137} INFO - [2022-12-31T21:43:16.221+0700] {dag.py:3423} INFO - Setting next_dagrun for example_time_delta_sensor_async to None, run_after=None
[2022-12-31T21:43:16.251+0700] {processor.py:175} INFO - Processing /home/dmk/anaconda3/lib/python3.9/site-packages/airflow/example_dags/example_time_delta_sensor_async.py took 0.203 seconds
[2022-12-31T22:23:24.670+0700] {processor.py:153} INFO - Started process (PID=47668) to work on /home/dmk/anaconda3/lib/python3.9/site-packages/airflow/example_dags/example_time_delta_sensor_async.py
[2022-12-31T22:23:24.673+0700] {processor.py:743} INFO - Processing file /home/dmk/anaconda3/lib/python3.9/site-packages/airflow/example_dags/example_time_delta_sensor_async.py for tasks to queue
[2022-12-31T22:23:24.673+0700] {logging_mixin.py:137} INFO - [2022-12-31T22:23:24.673+0700] {dagbag.py:538} INFO - Filling up the DagBag from /home/dmk/anaconda3/lib/python3.9/site-packages/airflow/example_dags/example_time_delta_sensor_async.py
[2022-12-31T22:23:24.689+0700] {processor.py:753} INFO - DAG(s) dict_keys(['example_time_delta_sensor_async']) retrieved from /home/dmk/anaconda3/lib/python3.9/site-packages/airflow/example_dags/example_time_delta_sensor_async.py
[2022-12-31T22:23:24.725+0700] {logging_mixin.py:137} INFO - [2022-12-31T22:23:24.724+0700] {dag.py:2676} INFO - Sync 1 DAGs
[2022-12-31T22:23:24.752+0700] {logging_mixin.py:137} INFO - [2022-12-31T22:23:24.752+0700] {dag.py:3423} INFO - Setting next_dagrun for example_time_delta_sensor_async to None, run_after=None
[2022-12-31T22:23:24.900+0700] {processor.py:175} INFO - Processing /home/dmk/anaconda3/lib/python3.9/site-packages/airflow/example_dags/example_time_delta_sensor_async.py took 0.232 seconds
[2022-12-31T22:24:18.135+0700] {processor.py:153} INFO - Started process (PID=48168) to work on /home/dmk/anaconda3/lib/python3.9/site-packages/airflow/example_dags/example_time_delta_sensor_async.py
[2022-12-31T22:24:18.137+0700] {processor.py:743} INFO - Processing file /home/dmk/anaconda3/lib/python3.9/site-packages/airflow/example_dags/example_time_delta_sensor_async.py for tasks to queue
[2022-12-31T22:24:18.138+0700] {logging_mixin.py:137} INFO - [2022-12-31T22:24:18.138+0700] {dagbag.py:538} INFO - Filling up the DagBag from /home/dmk/anaconda3/lib/python3.9/site-packages/airflow/example_dags/example_time_delta_sensor_async.py
[2022-12-31T22:24:18.153+0700] {processor.py:753} INFO - DAG(s) dict_keys(['example_time_delta_sensor_async']) retrieved from /home/dmk/anaconda3/lib/python3.9/site-packages/airflow/example_dags/example_time_delta_sensor_async.py
[2022-12-31T22:24:18.189+0700] {logging_mixin.py:137} INFO - [2022-12-31T22:24:18.189+0700] {dag.py:2676} INFO - Sync 1 DAGs
[2022-12-31T22:24:18.353+0700] {logging_mixin.py:137} INFO - [2022-12-31T22:24:18.352+0700] {dag.py:3423} INFO - Setting next_dagrun for example_time_delta_sensor_async to None, run_after=None
[2022-12-31T22:24:18.395+0700] {processor.py:175} INFO - Processing /home/dmk/anaconda3/lib/python3.9/site-packages/airflow/example_dags/example_time_delta_sensor_async.py took 0.263 seconds
[2022-12-31T22:25:33.253+0700] {processor.py:153} INFO - Started process (PID=48907) to work on /home/dmk/anaconda3/envs/airflow/lib/python3.7/site-packages/airflow/example_dags/example_time_delta_sensor_async.py
[2022-12-31T22:25:33.258+0700] {processor.py:743} INFO - Processing file /home/dmk/anaconda3/envs/airflow/lib/python3.7/site-packages/airflow/example_dags/example_time_delta_sensor_async.py for tasks to queue
[2022-12-31T22:25:33.260+0700] {logging_mixin.py:137} INFO - [2022-12-31T22:25:33.260+0700] {dagbag.py:538} INFO - Filling up the DagBag from /home/dmk/anaconda3/envs/airflow/lib/python3.7/site-packages/airflow/example_dags/example_time_delta_sensor_async.py
[2022-12-31T22:25:33.292+0700] {processor.py:753} INFO - DAG(s) dict_keys(['example_time_delta_sensor_async']) retrieved from /home/dmk/anaconda3/envs/airflow/lib/python3.7/site-packages/airflow/example_dags/example_time_delta_sensor_async.py
[2022-12-31T22:25:33.539+0700] {logging_mixin.py:137} INFO - [2022-12-31T22:25:33.539+0700] {dag.py:2676} INFO - Sync 1 DAGs
[2022-12-31T22:25:33.561+0700] {logging_mixin.py:137} INFO - [2022-12-31T22:25:33.561+0700] {dag.py:3427} INFO - Setting next_dagrun for example_time_delta_sensor_async to None, run_after=None
[2022-12-31T22:25:33.624+0700] {processor.py:175} INFO - Processing /home/dmk/anaconda3/envs/airflow/lib/python3.7/site-packages/airflow/example_dags/example_time_delta_sensor_async.py took 0.378 seconds
[2022-12-31T22:26:24.410+0700] {processor.py:153} INFO - Started process (PID=49823) to work on /home/dmk/anaconda3/envs/airflow/lib/python3.7/site-packages/airflow/example_dags/example_time_delta_sensor_async.py
[2022-12-31T22:26:24.414+0700] {processor.py:743} INFO - Processing file /home/dmk/anaconda3/envs/airflow/lib/python3.7/site-packages/airflow/example_dags/example_time_delta_sensor_async.py for tasks to queue
[2022-12-31T22:26:24.416+0700] {logging_mixin.py:137} INFO - [2022-12-31T22:26:24.416+0700] {dagbag.py:538} INFO - Filling up the DagBag from /home/dmk/anaconda3/envs/airflow/lib/python3.7/site-packages/airflow/example_dags/example_time_delta_sensor_async.py
[2022-12-31T22:26:24.443+0700] {processor.py:753} INFO - DAG(s) dict_keys(['example_time_delta_sensor_async']) retrieved from /home/dmk/anaconda3/envs/airflow/lib/python3.7/site-packages/airflow/example_dags/example_time_delta_sensor_async.py
[2022-12-31T22:26:24.467+0700] {logging_mixin.py:137} INFO - [2022-12-31T22:26:24.467+0700] {dag.py:2676} INFO - Sync 1 DAGs
[2022-12-31T22:26:24.600+0700] {logging_mixin.py:137} INFO - [2022-12-31T22:26:24.600+0700] {dag.py:3427} INFO - Setting next_dagrun for example_time_delta_sensor_async to None, run_after=None
[2022-12-31T22:26:24.632+0700] {processor.py:175} INFO - Processing /home/dmk/anaconda3/envs/airflow/lib/python3.7/site-packages/airflow/example_dags/example_time_delta_sensor_async.py took 0.228 seconds
[2022-12-31T22:27:14.217+0700] {processor.py:153} INFO - Started process (PID=50175) to work on /home/dmk/anaconda3/envs/airflow/lib/python3.7/site-packages/airflow/example_dags/example_time_delta_sensor_async.py
[2022-12-31T22:27:14.226+0700] {processor.py:743} INFO - Processing file /home/dmk/anaconda3/envs/airflow/lib/python3.7/site-packages/airflow/example_dags/example_time_delta_sensor_async.py for tasks to queue
[2022-12-31T22:27:14.227+0700] {logging_mixin.py:137} INFO - [2022-12-31T22:27:14.227+0700] {dagbag.py:538} INFO - Filling up the DagBag from /home/dmk/anaconda3/envs/airflow/lib/python3.7/site-packages/airflow/example_dags/example_time_delta_sensor_async.py
[2022-12-31T22:27:14.246+0700] {processor.py:753} INFO - DAG(s) dict_keys(['example_time_delta_sensor_async']) retrieved from /home/dmk/anaconda3/envs/airflow/lib/python3.7/site-packages/airflow/example_dags/example_time_delta_sensor_async.py
[2022-12-31T22:27:14.427+0700] {logging_mixin.py:137} INFO - [2022-12-31T22:27:14.427+0700] {dag.py:2676} INFO - Sync 1 DAGs
[2022-12-31T22:27:14.462+0700] {logging_mixin.py:137} INFO - [2022-12-31T22:27:14.461+0700] {dag.py:3427} INFO - Setting next_dagrun for example_time_delta_sensor_async to None, run_after=None
[2022-12-31T22:27:14.501+0700] {processor.py:175} INFO - Processing /home/dmk/anaconda3/envs/airflow/lib/python3.7/site-packages/airflow/example_dags/example_time_delta_sensor_async.py took 0.287 seconds
[2022-12-31T22:28:04.562+0700] {processor.py:153} INFO - Started process (PID=50538) to work on /home/dmk/anaconda3/envs/airflow/lib/python3.7/site-packages/airflow/example_dags/example_time_delta_sensor_async.py
[2022-12-31T22:28:04.567+0700] {processor.py:743} INFO - Processing file /home/dmk/anaconda3/envs/airflow/lib/python3.7/site-packages/airflow/example_dags/example_time_delta_sensor_async.py for tasks to queue
[2022-12-31T22:28:04.567+0700] {logging_mixin.py:137} INFO - [2022-12-31T22:28:04.567+0700] {dagbag.py:538} INFO - Filling up the DagBag from /home/dmk/anaconda3/envs/airflow/lib/python3.7/site-packages/airflow/example_dags/example_time_delta_sensor_async.py
[2022-12-31T22:28:04.688+0700] {processor.py:753} INFO - DAG(s) dict_keys(['example_time_delta_sensor_async']) retrieved from /home/dmk/anaconda3/envs/airflow/lib/python3.7/site-packages/airflow/example_dags/example_time_delta_sensor_async.py
[2022-12-31T22:28:04.707+0700] {logging_mixin.py:137} INFO - [2022-12-31T22:28:04.707+0700] {dag.py:2676} INFO - Sync 1 DAGs
[2022-12-31T22:28:04.726+0700] {logging_mixin.py:137} INFO - [2022-12-31T22:28:04.725+0700] {dag.py:3427} INFO - Setting next_dagrun for example_time_delta_sensor_async to None, run_after=None
[2022-12-31T22:28:04.755+0700] {processor.py:175} INFO - Processing /home/dmk/anaconda3/envs/airflow/lib/python3.7/site-packages/airflow/example_dags/example_time_delta_sensor_async.py took 0.197 seconds
[2022-12-31T22:28:54.385+0700] {processor.py:153} INFO - Started process (PID=50641) to work on /home/dmk/anaconda3/envs/airflow/lib/python3.7/site-packages/airflow/example_dags/example_time_delta_sensor_async.py
[2022-12-31T22:28:54.391+0700] {processor.py:743} INFO - Processing file /home/dmk/anaconda3/envs/airflow/lib/python3.7/site-packages/airflow/example_dags/example_time_delta_sensor_async.py for tasks to queue
[2022-12-31T22:28:54.393+0700] {logging_mixin.py:137} INFO - [2022-12-31T22:28:54.392+0700] {dagbag.py:538} INFO - Filling up the DagBag from /home/dmk/anaconda3/envs/airflow/lib/python3.7/site-packages/airflow/example_dags/example_time_delta_sensor_async.py
[2022-12-31T22:28:54.438+0700] {processor.py:753} INFO - DAG(s) dict_keys(['example_time_delta_sensor_async']) retrieved from /home/dmk/anaconda3/envs/airflow/lib/python3.7/site-packages/airflow/example_dags/example_time_delta_sensor_async.py
[2022-12-31T22:28:54.473+0700] {logging_mixin.py:137} INFO - [2022-12-31T22:28:54.473+0700] {dag.py:2676} INFO - Sync 1 DAGs
[2022-12-31T22:28:54.495+0700] {logging_mixin.py:137} INFO - [2022-12-31T22:28:54.495+0700] {dag.py:3427} INFO - Setting next_dagrun for example_time_delta_sensor_async to None, run_after=None
[2022-12-31T22:28:54.536+0700] {processor.py:175} INFO - Processing /home/dmk/anaconda3/envs/airflow/lib/python3.7/site-packages/airflow/example_dags/example_time_delta_sensor_async.py took 0.161 seconds
[2022-12-31T22:29:39.927+0700] {processor.py:153} INFO - Started process (PID=51240) to work on /home/dmk/anaconda3/envs/airflow/lib/python3.7/site-packages/airflow/example_dags/example_time_delta_sensor_async.py
[2022-12-31T22:29:39.927+0700] {processor.py:743} INFO - Processing file /home/dmk/anaconda3/envs/airflow/lib/python3.7/site-packages/airflow/example_dags/example_time_delta_sensor_async.py for tasks to queue
[2022-12-31T22:29:39.928+0700] {logging_mixin.py:137} INFO - [2022-12-31T22:29:39.928+0700] {dagbag.py:538} INFO - Filling up the DagBag from /home/dmk/anaconda3/envs/airflow/lib/python3.7/site-packages/airflow/example_dags/example_time_delta_sensor_async.py
[2022-12-31T22:29:39.940+0700] {processor.py:753} INFO - DAG(s) dict_keys(['example_time_delta_sensor_async']) retrieved from /home/dmk/anaconda3/envs/airflow/lib/python3.7/site-packages/airflow/example_dags/example_time_delta_sensor_async.py
[2022-12-31T22:29:39.962+0700] {logging_mixin.py:137} INFO - [2022-12-31T22:29:39.962+0700] {dag.py:2676} INFO - Sync 1 DAGs
[2022-12-31T22:29:39.983+0700] {logging_mixin.py:137} INFO - [2022-12-31T22:29:39.983+0700] {dag.py:3427} INFO - Setting next_dagrun for example_time_delta_sensor_async to None, run_after=None
[2022-12-31T22:29:40.018+0700] {processor.py:175} INFO - Processing /home/dmk/anaconda3/envs/airflow/lib/python3.7/site-packages/airflow/example_dags/example_time_delta_sensor_async.py took 0.094 seconds
[2022-12-31T22:30:27.172+0700] {processor.py:153} INFO - Started process (PID=51543) to work on /home/dmk/anaconda3/envs/airflow/lib/python3.7/site-packages/airflow/example_dags/example_time_delta_sensor_async.py
[2022-12-31T22:30:27.176+0700] {processor.py:743} INFO - Processing file /home/dmk/anaconda3/envs/airflow/lib/python3.7/site-packages/airflow/example_dags/example_time_delta_sensor_async.py for tasks to queue
[2022-12-31T22:30:27.178+0700] {logging_mixin.py:137} INFO - [2022-12-31T22:30:27.177+0700] {dagbag.py:538} INFO - Filling up the DagBag from /home/dmk/anaconda3/envs/airflow/lib/python3.7/site-packages/airflow/example_dags/example_time_delta_sensor_async.py
[2022-12-31T22:30:27.212+0700] {processor.py:753} INFO - DAG(s) dict_keys(['example_time_delta_sensor_async']) retrieved from /home/dmk/anaconda3/envs/airflow/lib/python3.7/site-packages/airflow/example_dags/example_time_delta_sensor_async.py
[2022-12-31T22:30:27.246+0700] {logging_mixin.py:137} INFO - [2022-12-31T22:30:27.246+0700] {dag.py:2676} INFO - Sync 1 DAGs
[2022-12-31T22:30:27.273+0700] {logging_mixin.py:137} INFO - [2022-12-31T22:30:27.273+0700] {dag.py:3427} INFO - Setting next_dagrun for example_time_delta_sensor_async to None, run_after=None
[2022-12-31T22:30:27.308+0700] {processor.py:175} INFO - Processing /home/dmk/anaconda3/envs/airflow/lib/python3.7/site-packages/airflow/example_dags/example_time_delta_sensor_async.py took 0.144 seconds
[2022-12-31T22:31:14.439+0700] {processor.py:153} INFO - Started process (PID=51642) to work on /home/dmk/anaconda3/envs/airflow/lib/python3.7/site-packages/airflow/example_dags/example_time_delta_sensor_async.py
[2022-12-31T22:31:14.442+0700] {processor.py:743} INFO - Processing file /home/dmk/anaconda3/envs/airflow/lib/python3.7/site-packages/airflow/example_dags/example_time_delta_sensor_async.py for tasks to queue
[2022-12-31T22:31:14.443+0700] {logging_mixin.py:137} INFO - [2022-12-31T22:31:14.443+0700] {dagbag.py:538} INFO - Filling up the DagBag from /home/dmk/anaconda3/envs/airflow/lib/python3.7/site-packages/airflow/example_dags/example_time_delta_sensor_async.py
[2022-12-31T22:31:14.459+0700] {processor.py:753} INFO - DAG(s) dict_keys(['example_time_delta_sensor_async']) retrieved from /home/dmk/anaconda3/envs/airflow/lib/python3.7/site-packages/airflow/example_dags/example_time_delta_sensor_async.py
[2022-12-31T22:31:14.483+0700] {logging_mixin.py:137} INFO - [2022-12-31T22:31:14.483+0700] {dag.py:2676} INFO - Sync 1 DAGs
[2022-12-31T22:31:14.508+0700] {logging_mixin.py:137} INFO - [2022-12-31T22:31:14.508+0700] {dag.py:3427} INFO - Setting next_dagrun for example_time_delta_sensor_async to None, run_after=None
[2022-12-31T22:31:14.536+0700] {processor.py:175} INFO - Processing /home/dmk/anaconda3/envs/airflow/lib/python3.7/site-packages/airflow/example_dags/example_time_delta_sensor_async.py took 0.101 seconds
[2022-12-31T22:32:03.377+0700] {processor.py:153} INFO - Started process (PID=51837) to work on /home/dmk/anaconda3/envs/airflow/lib/python3.7/site-packages/airflow/example_dags/example_time_delta_sensor_async.py
[2022-12-31T22:32:03.381+0700] {processor.py:743} INFO - Processing file /home/dmk/anaconda3/envs/airflow/lib/python3.7/site-packages/airflow/example_dags/example_time_delta_sensor_async.py for tasks to queue
[2022-12-31T22:32:03.382+0700] {logging_mixin.py:137} INFO - [2022-12-31T22:32:03.382+0700] {dagbag.py:538} INFO - Filling up the DagBag from /home/dmk/anaconda3/envs/airflow/lib/python3.7/site-packages/airflow/example_dags/example_time_delta_sensor_async.py
[2022-12-31T22:32:03.397+0700] {processor.py:753} INFO - DAG(s) dict_keys(['example_time_delta_sensor_async']) retrieved from /home/dmk/anaconda3/envs/airflow/lib/python3.7/site-packages/airflow/example_dags/example_time_delta_sensor_async.py
[2022-12-31T22:32:03.421+0700] {logging_mixin.py:137} INFO - [2022-12-31T22:32:03.421+0700] {dag.py:2676} INFO - Sync 1 DAGs
[2022-12-31T22:32:03.447+0700] {logging_mixin.py:137} INFO - [2022-12-31T22:32:03.446+0700] {dag.py:3427} INFO - Setting next_dagrun for example_time_delta_sensor_async to None, run_after=None
[2022-12-31T22:32:03.480+0700] {processor.py:175} INFO - Processing /home/dmk/anaconda3/envs/airflow/lib/python3.7/site-packages/airflow/example_dags/example_time_delta_sensor_async.py took 0.108 seconds
[2022-12-31T22:32:53.319+0700] {processor.py:153} INFO - Started process (PID=51937) to work on /home/dmk/anaconda3/envs/airflow/lib/python3.7/site-packages/airflow/example_dags/example_time_delta_sensor_async.py
[2022-12-31T22:32:53.328+0700] {processor.py:743} INFO - Processing file /home/dmk/anaconda3/envs/airflow/lib/python3.7/site-packages/airflow/example_dags/example_time_delta_sensor_async.py for tasks to queue
[2022-12-31T22:32:53.334+0700] {logging_mixin.py:137} INFO - [2022-12-31T22:32:53.331+0700] {dagbag.py:538} INFO - Filling up the DagBag from /home/dmk/anaconda3/envs/airflow/lib/python3.7/site-packages/airflow/example_dags/example_time_delta_sensor_async.py
[2022-12-31T22:32:53.386+0700] {processor.py:753} INFO - DAG(s) dict_keys(['example_time_delta_sensor_async']) retrieved from /home/dmk/anaconda3/envs/airflow/lib/python3.7/site-packages/airflow/example_dags/example_time_delta_sensor_async.py
[2022-12-31T22:32:53.434+0700] {logging_mixin.py:137} INFO - [2022-12-31T22:32:53.433+0700] {dag.py:2676} INFO - Sync 1 DAGs
[2022-12-31T22:32:53.473+0700] {logging_mixin.py:137} INFO - [2022-12-31T22:32:53.473+0700] {dag.py:3427} INFO - Setting next_dagrun for example_time_delta_sensor_async to None, run_after=None
[2022-12-31T22:32:53.513+0700] {processor.py:175} INFO - Processing /home/dmk/anaconda3/envs/airflow/lib/python3.7/site-packages/airflow/example_dags/example_time_delta_sensor_async.py took 0.206 seconds
