[2022-12-31T20:49:44.473+0700] {processor.py:153} INFO - Started process (PID=9738) to work on /home/dmk/anaconda3/lib/python3.9/site-packages/airflow/example_dags/example_latest_only.py
[2022-12-31T20:49:44.474+0700] {processor.py:743} INFO - Processing file /home/dmk/anaconda3/lib/python3.9/site-packages/airflow/example_dags/example_latest_only.py for tasks to queue
[2022-12-31T20:49:44.474+0700] {logging_mixin.py:137} INFO - [2022-12-31T20:49:44.474+0700] {dagbag.py:538} INFO - Filling up the DagBag from /home/dmk/anaconda3/lib/python3.9/site-packages/airflow/example_dags/example_latest_only.py
[2022-12-31T20:49:44.488+0700] {processor.py:753} INFO - DAG(s) dict_keys(['latest_only']) retrieved from /home/dmk/anaconda3/lib/python3.9/site-packages/airflow/example_dags/example_latest_only.py
[2022-12-31T20:49:44.536+0700] {logging_mixin.py:137} INFO - [2022-12-31T20:49:44.536+0700] {dag.py:2676} INFO - Sync 1 DAGs
[2022-12-31T20:49:44.645+0700] {logging_mixin.py:137} INFO - [2022-12-31T20:49:44.645+0700] {dag.py:3423} INFO - Setting next_dagrun for latest_only to 2022-12-31T09:49:44.645476+00:00, run_after=2022-12-31T13:49:44.645476+00:00
[2022-12-31T20:49:44.670+0700] {processor.py:175} INFO - Processing /home/dmk/anaconda3/lib/python3.9/site-packages/airflow/example_dags/example_latest_only.py took 0.200 seconds
[2022-12-31T20:55:04.518+0700] {processor.py:153} INFO - Started process (PID=11878) to work on /home/dmk/anaconda3/lib/python3.9/site-packages/airflow/example_dags/example_latest_only.py
[2022-12-31T20:55:04.522+0700] {processor.py:743} INFO - Processing file /home/dmk/anaconda3/lib/python3.9/site-packages/airflow/example_dags/example_latest_only.py for tasks to queue
[2022-12-31T20:55:04.523+0700] {logging_mixin.py:137} INFO - [2022-12-31T20:55:04.523+0700] {dagbag.py:538} INFO - Filling up the DagBag from /home/dmk/anaconda3/lib/python3.9/site-packages/airflow/example_dags/example_latest_only.py
[2022-12-31T20:55:04.543+0700] {processor.py:753} INFO - DAG(s) dict_keys(['latest_only']) retrieved from /home/dmk/anaconda3/lib/python3.9/site-packages/airflow/example_dags/example_latest_only.py
[2022-12-31T20:55:04.586+0700] {logging_mixin.py:137} INFO - [2022-12-31T20:55:04.585+0700] {dag.py:2676} INFO - Sync 1 DAGs
[2022-12-31T20:55:04.736+0700] {logging_mixin.py:137} INFO - [2022-12-31T20:55:04.736+0700] {dag.py:3423} INFO - Setting next_dagrun for latest_only to 2022-12-31T09:55:04.736497+00:00, run_after=2022-12-31T13:55:04.736497+00:00
[2022-12-31T20:55:04.761+0700] {processor.py:175} INFO - Processing /home/dmk/anaconda3/lib/python3.9/site-packages/airflow/example_dags/example_latest_only.py took 0.246 seconds
[2022-12-31T20:55:56.434+0700] {processor.py:153} INFO - Started process (PID=12110) to work on /home/dmk/anaconda3/lib/python3.9/site-packages/airflow/example_dags/example_latest_only.py
[2022-12-31T20:55:56.436+0700] {processor.py:743} INFO - Processing file /home/dmk/anaconda3/lib/python3.9/site-packages/airflow/example_dags/example_latest_only.py for tasks to queue
[2022-12-31T20:55:56.437+0700] {logging_mixin.py:137} INFO - [2022-12-31T20:55:56.437+0700] {dagbag.py:538} INFO - Filling up the DagBag from /home/dmk/anaconda3/lib/python3.9/site-packages/airflow/example_dags/example_latest_only.py
[2022-12-31T20:55:56.453+0700] {processor.py:753} INFO - DAG(s) dict_keys(['latest_only']) retrieved from /home/dmk/anaconda3/lib/python3.9/site-packages/airflow/example_dags/example_latest_only.py
[2022-12-31T20:55:56.482+0700] {logging_mixin.py:137} INFO - [2022-12-31T20:55:56.481+0700] {dag.py:2676} INFO - Sync 1 DAGs
[2022-12-31T20:55:56.621+0700] {logging_mixin.py:137} INFO - [2022-12-31T20:55:56.621+0700] {dag.py:3423} INFO - Setting next_dagrun for latest_only to 2022-12-31T09:55:56.621335+00:00, run_after=2022-12-31T13:55:56.621335+00:00
[2022-12-31T20:55:56.643+0700] {processor.py:175} INFO - Processing /home/dmk/anaconda3/lib/python3.9/site-packages/airflow/example_dags/example_latest_only.py took 0.212 seconds
[2022-12-31T20:56:47.856+0700] {processor.py:153} INFO - Started process (PID=12336) to work on /home/dmk/anaconda3/lib/python3.9/site-packages/airflow/example_dags/example_latest_only.py
[2022-12-31T20:56:47.860+0700] {processor.py:743} INFO - Processing file /home/dmk/anaconda3/lib/python3.9/site-packages/airflow/example_dags/example_latest_only.py for tasks to queue
[2022-12-31T20:56:47.862+0700] {logging_mixin.py:137} INFO - [2022-12-31T20:56:47.861+0700] {dagbag.py:538} INFO - Filling up the DagBag from /home/dmk/anaconda3/lib/python3.9/site-packages/airflow/example_dags/example_latest_only.py
[2022-12-31T20:56:47.920+0700] {processor.py:753} INFO - DAG(s) dict_keys(['latest_only']) retrieved from /home/dmk/anaconda3/lib/python3.9/site-packages/airflow/example_dags/example_latest_only.py
[2022-12-31T20:56:48.059+0700] {logging_mixin.py:137} INFO - [2022-12-31T20:56:48.059+0700] {dag.py:2676} INFO - Sync 1 DAGs
[2022-12-31T20:56:48.078+0700] {logging_mixin.py:137} INFO - [2022-12-31T20:56:48.078+0700] {dag.py:3423} INFO - Setting next_dagrun for latest_only to 2022-12-31T09:56:48.077871+00:00, run_after=2022-12-31T13:56:48.077871+00:00
[2022-12-31T20:56:48.099+0700] {processor.py:175} INFO - Processing /home/dmk/anaconda3/lib/python3.9/site-packages/airflow/example_dags/example_latest_only.py took 0.253 seconds
[2022-12-31T20:57:51.924+0700] {processor.py:153} INFO - Started process (PID=12729) to work on /home/dmk/anaconda3/lib/python3.9/site-packages/airflow/example_dags/example_latest_only.py
[2022-12-31T20:57:51.927+0700] {processor.py:743} INFO - Processing file /home/dmk/anaconda3/lib/python3.9/site-packages/airflow/example_dags/example_latest_only.py for tasks to queue
[2022-12-31T20:57:51.928+0700] {logging_mixin.py:137} INFO - [2022-12-31T20:57:51.928+0700] {dagbag.py:538} INFO - Filling up the DagBag from /home/dmk/anaconda3/lib/python3.9/site-packages/airflow/example_dags/example_latest_only.py
[2022-12-31T20:57:51.950+0700] {processor.py:753} INFO - DAG(s) dict_keys(['latest_only']) retrieved from /home/dmk/anaconda3/lib/python3.9/site-packages/airflow/example_dags/example_latest_only.py
[2022-12-31T20:57:52.122+0700] {logging_mixin.py:137} INFO - [2022-12-31T20:57:52.122+0700] {dag.py:2676} INFO - Sync 1 DAGs
[2022-12-31T20:57:52.146+0700] {logging_mixin.py:137} INFO - [2022-12-31T20:57:52.145+0700] {dag.py:3423} INFO - Setting next_dagrun for latest_only to 2022-12-31T09:57:52.145738+00:00, run_after=2022-12-31T13:57:52.145738+00:00
[2022-12-31T20:57:52.182+0700] {processor.py:175} INFO - Processing /home/dmk/anaconda3/lib/python3.9/site-packages/airflow/example_dags/example_latest_only.py took 0.262 seconds
[2022-12-31T20:58:42.284+0700] {processor.py:153} INFO - Started process (PID=13009) to work on /home/dmk/anaconda3/lib/python3.9/site-packages/airflow/example_dags/example_latest_only.py
[2022-12-31T20:58:42.290+0700] {processor.py:743} INFO - Processing file /home/dmk/anaconda3/lib/python3.9/site-packages/airflow/example_dags/example_latest_only.py for tasks to queue
[2022-12-31T20:58:42.293+0700] {logging_mixin.py:137} INFO - [2022-12-31T20:58:42.292+0700] {dagbag.py:538} INFO - Filling up the DagBag from /home/dmk/anaconda3/lib/python3.9/site-packages/airflow/example_dags/example_latest_only.py
[2022-12-31T20:58:42.457+0700] {processor.py:753} INFO - DAG(s) dict_keys(['latest_only']) retrieved from /home/dmk/anaconda3/lib/python3.9/site-packages/airflow/example_dags/example_latest_only.py
[2022-12-31T20:58:42.483+0700] {logging_mixin.py:137} INFO - [2022-12-31T20:58:42.483+0700] {dag.py:2676} INFO - Sync 1 DAGs
[2022-12-31T20:58:42.502+0700] {logging_mixin.py:137} INFO - [2022-12-31T20:58:42.502+0700] {dag.py:3423} INFO - Setting next_dagrun for latest_only to 2022-12-31T09:58:42.502423+00:00, run_after=2022-12-31T13:58:42.502423+00:00
[2022-12-31T20:58:42.523+0700] {processor.py:175} INFO - Processing /home/dmk/anaconda3/lib/python3.9/site-packages/airflow/example_dags/example_latest_only.py took 0.248 seconds
[2022-12-31T20:59:32.015+0700] {processor.py:153} INFO - Started process (PID=14109) to work on /home/dmk/anaconda3/lib/python3.9/site-packages/airflow/example_dags/example_latest_only.py
[2022-12-31T20:59:32.017+0700] {processor.py:743} INFO - Processing file /home/dmk/anaconda3/lib/python3.9/site-packages/airflow/example_dags/example_latest_only.py for tasks to queue
[2022-12-31T20:59:32.018+0700] {logging_mixin.py:137} INFO - [2022-12-31T20:59:32.017+0700] {dagbag.py:538} INFO - Filling up the DagBag from /home/dmk/anaconda3/lib/python3.9/site-packages/airflow/example_dags/example_latest_only.py
[2022-12-31T20:59:32.034+0700] {processor.py:753} INFO - DAG(s) dict_keys(['latest_only']) retrieved from /home/dmk/anaconda3/lib/python3.9/site-packages/airflow/example_dags/example_latest_only.py
[2022-12-31T20:59:32.064+0700] {logging_mixin.py:137} INFO - [2022-12-31T20:59:32.064+0700] {dag.py:2676} INFO - Sync 1 DAGs
[2022-12-31T20:59:32.089+0700] {logging_mixin.py:137} INFO - [2022-12-31T20:59:32.089+0700] {dag.py:3423} INFO - Setting next_dagrun for latest_only to 2022-12-31T09:59:32.088639+00:00, run_after=2022-12-31T13:59:32.088639+00:00
[2022-12-31T20:59:32.113+0700] {processor.py:175} INFO - Processing /home/dmk/anaconda3/lib/python3.9/site-packages/airflow/example_dags/example_latest_only.py took 0.101 seconds
[2022-12-31T21:00:24.374+0700] {processor.py:153} INFO - Started process (PID=15111) to work on /home/dmk/anaconda3/lib/python3.9/site-packages/airflow/example_dags/example_latest_only.py
[2022-12-31T21:00:24.376+0700] {processor.py:743} INFO - Processing file /home/dmk/anaconda3/lib/python3.9/site-packages/airflow/example_dags/example_latest_only.py for tasks to queue
[2022-12-31T21:00:24.376+0700] {logging_mixin.py:137} INFO - [2022-12-31T21:00:24.376+0700] {dagbag.py:538} INFO - Filling up the DagBag from /home/dmk/anaconda3/lib/python3.9/site-packages/airflow/example_dags/example_latest_only.py
[2022-12-31T21:00:24.391+0700] {processor.py:753} INFO - DAG(s) dict_keys(['latest_only']) retrieved from /home/dmk/anaconda3/lib/python3.9/site-packages/airflow/example_dags/example_latest_only.py
[2022-12-31T21:00:24.419+0700] {logging_mixin.py:137} INFO - [2022-12-31T21:00:24.419+0700] {dag.py:2676} INFO - Sync 1 DAGs
[2022-12-31T21:00:24.440+0700] {logging_mixin.py:137} INFO - [2022-12-31T21:00:24.440+0700] {dag.py:3423} INFO - Setting next_dagrun for latest_only to 2022-12-31T10:00:24.440118+00:00, run_after=2022-12-31T14:00:24.440118+00:00
[2022-12-31T21:00:24.463+0700] {processor.py:175} INFO - Processing /home/dmk/anaconda3/lib/python3.9/site-packages/airflow/example_dags/example_latest_only.py took 0.092 seconds
[2022-12-31T21:01:11.158+0700] {processor.py:153} INFO - Started process (PID=15886) to work on /home/dmk/anaconda3/lib/python3.9/site-packages/airflow/example_dags/example_latest_only.py
[2022-12-31T21:01:11.161+0700] {processor.py:743} INFO - Processing file /home/dmk/anaconda3/lib/python3.9/site-packages/airflow/example_dags/example_latest_only.py for tasks to queue
[2022-12-31T21:01:11.162+0700] {logging_mixin.py:137} INFO - [2022-12-31T21:01:11.162+0700] {dagbag.py:538} INFO - Filling up the DagBag from /home/dmk/anaconda3/lib/python3.9/site-packages/airflow/example_dags/example_latest_only.py
[2022-12-31T21:01:11.186+0700] {processor.py:753} INFO - DAG(s) dict_keys(['latest_only']) retrieved from /home/dmk/anaconda3/lib/python3.9/site-packages/airflow/example_dags/example_latest_only.py
[2022-12-31T21:01:11.212+0700] {logging_mixin.py:137} INFO - [2022-12-31T21:01:11.212+0700] {dag.py:2676} INFO - Sync 1 DAGs
[2022-12-31T21:01:11.231+0700] {logging_mixin.py:137} INFO - [2022-12-31T21:01:11.231+0700] {dag.py:3423} INFO - Setting next_dagrun for latest_only to 2022-12-31T10:01:11.231086+00:00, run_after=2022-12-31T14:01:11.231086+00:00
[2022-12-31T21:01:11.255+0700] {processor.py:175} INFO - Processing /home/dmk/anaconda3/lib/python3.9/site-packages/airflow/example_dags/example_latest_only.py took 0.101 seconds
[2022-12-31T21:02:03.200+0700] {processor.py:153} INFO - Started process (PID=16281) to work on /home/dmk/anaconda3/lib/python3.9/site-packages/airflow/example_dags/example_latest_only.py
[2022-12-31T21:02:03.204+0700] {processor.py:743} INFO - Processing file /home/dmk/anaconda3/lib/python3.9/site-packages/airflow/example_dags/example_latest_only.py for tasks to queue
[2022-12-31T21:02:03.206+0700] {logging_mixin.py:137} INFO - [2022-12-31T21:02:03.206+0700] {dagbag.py:538} INFO - Filling up the DagBag from /home/dmk/anaconda3/lib/python3.9/site-packages/airflow/example_dags/example_latest_only.py
[2022-12-31T21:02:03.232+0700] {processor.py:753} INFO - DAG(s) dict_keys(['latest_only']) retrieved from /home/dmk/anaconda3/lib/python3.9/site-packages/airflow/example_dags/example_latest_only.py
[2022-12-31T21:02:03.261+0700] {logging_mixin.py:137} INFO - [2022-12-31T21:02:03.261+0700] {dag.py:2676} INFO - Sync 1 DAGs
[2022-12-31T21:02:03.280+0700] {logging_mixin.py:137} INFO - [2022-12-31T21:02:03.278+0700] {dag.py:3423} INFO - Setting next_dagrun for latest_only to 2022-12-31T10:02:03.278441+00:00, run_after=2022-12-31T14:02:03.278441+00:00
[2022-12-31T21:02:03.300+0700] {processor.py:175} INFO - Processing /home/dmk/anaconda3/lib/python3.9/site-packages/airflow/example_dags/example_latest_only.py took 0.108 seconds
[2022-12-31T21:02:57.552+0700] {processor.py:153} INFO - Started process (PID=16569) to work on /home/dmk/anaconda3/lib/python3.9/site-packages/airflow/example_dags/example_latest_only.py
[2022-12-31T21:02:57.556+0700] {processor.py:743} INFO - Processing file /home/dmk/anaconda3/lib/python3.9/site-packages/airflow/example_dags/example_latest_only.py for tasks to queue
[2022-12-31T21:02:57.557+0700] {logging_mixin.py:137} INFO - [2022-12-31T21:02:57.556+0700] {dagbag.py:538} INFO - Filling up the DagBag from /home/dmk/anaconda3/lib/python3.9/site-packages/airflow/example_dags/example_latest_only.py
[2022-12-31T21:02:57.570+0700] {processor.py:753} INFO - DAG(s) dict_keys(['latest_only']) retrieved from /home/dmk/anaconda3/lib/python3.9/site-packages/airflow/example_dags/example_latest_only.py
[2022-12-31T21:02:57.594+0700] {logging_mixin.py:137} INFO - [2022-12-31T21:02:57.594+0700] {dag.py:2676} INFO - Sync 1 DAGs
[2022-12-31T21:02:57.612+0700] {logging_mixin.py:137} INFO - [2022-12-31T21:02:57.612+0700] {dag.py:3423} INFO - Setting next_dagrun for latest_only to 2022-12-31T10:02:57.612507+00:00, run_after=2022-12-31T14:02:57.612507+00:00
[2022-12-31T21:02:57.641+0700] {processor.py:175} INFO - Processing /home/dmk/anaconda3/lib/python3.9/site-packages/airflow/example_dags/example_latest_only.py took 0.091 seconds
[2022-12-31T21:03:41.839+0700] {processor.py:153} INFO - Started process (PID=16961) to work on /home/dmk/anaconda3/lib/python3.9/site-packages/airflow/example_dags/example_latest_only.py
[2022-12-31T21:03:41.843+0700] {processor.py:743} INFO - Processing file /home/dmk/anaconda3/lib/python3.9/site-packages/airflow/example_dags/example_latest_only.py for tasks to queue
[2022-12-31T21:03:41.844+0700] {logging_mixin.py:137} INFO - [2022-12-31T21:03:41.844+0700] {dagbag.py:538} INFO - Filling up the DagBag from /home/dmk/anaconda3/lib/python3.9/site-packages/airflow/example_dags/example_latest_only.py
[2022-12-31T21:03:41.856+0700] {processor.py:753} INFO - DAG(s) dict_keys(['latest_only']) retrieved from /home/dmk/anaconda3/lib/python3.9/site-packages/airflow/example_dags/example_latest_only.py
[2022-12-31T21:03:41.882+0700] {logging_mixin.py:137} INFO - [2022-12-31T21:03:41.882+0700] {dag.py:2676} INFO - Sync 1 DAGs
[2022-12-31T21:03:41.902+0700] {logging_mixin.py:137} INFO - [2022-12-31T21:03:41.901+0700] {dag.py:3423} INFO - Setting next_dagrun for latest_only to 2022-12-31T10:03:41.901804+00:00, run_after=2022-12-31T14:03:41.901804+00:00
[2022-12-31T21:03:42.016+0700] {processor.py:175} INFO - Processing /home/dmk/anaconda3/lib/python3.9/site-packages/airflow/example_dags/example_latest_only.py took 0.179 seconds
[2022-12-31T21:04:34.280+0700] {processor.py:153} INFO - Started process (PID=17449) to work on /home/dmk/anaconda3/lib/python3.9/site-packages/airflow/example_dags/example_latest_only.py
[2022-12-31T21:04:34.284+0700] {processor.py:743} INFO - Processing file /home/dmk/anaconda3/lib/python3.9/site-packages/airflow/example_dags/example_latest_only.py for tasks to queue
[2022-12-31T21:04:34.284+0700] {logging_mixin.py:137} INFO - [2022-12-31T21:04:34.284+0700] {dagbag.py:538} INFO - Filling up the DagBag from /home/dmk/anaconda3/lib/python3.9/site-packages/airflow/example_dags/example_latest_only.py
[2022-12-31T21:04:34.297+0700] {processor.py:753} INFO - DAG(s) dict_keys(['latest_only']) retrieved from /home/dmk/anaconda3/lib/python3.9/site-packages/airflow/example_dags/example_latest_only.py
[2022-12-31T21:04:34.442+0700] {logging_mixin.py:137} INFO - [2022-12-31T21:04:34.442+0700] {dag.py:2676} INFO - Sync 1 DAGs
[2022-12-31T21:04:34.457+0700] {logging_mixin.py:137} INFO - [2022-12-31T21:04:34.457+0700] {dag.py:3423} INFO - Setting next_dagrun for latest_only to 2022-12-31T10:04:34.457186+00:00, run_after=2022-12-31T14:04:34.457186+00:00
[2022-12-31T21:04:34.490+0700] {processor.py:175} INFO - Processing /home/dmk/anaconda3/lib/python3.9/site-packages/airflow/example_dags/example_latest_only.py took 0.213 seconds
[2022-12-31T21:05:24.172+0700] {processor.py:153} INFO - Started process (PID=18218) to work on /home/dmk/anaconda3/lib/python3.9/site-packages/airflow/example_dags/example_latest_only.py
[2022-12-31T21:05:24.179+0700] {processor.py:743} INFO - Processing file /home/dmk/anaconda3/lib/python3.9/site-packages/airflow/example_dags/example_latest_only.py for tasks to queue
[2022-12-31T21:05:24.182+0700] {logging_mixin.py:137} INFO - [2022-12-31T21:05:24.182+0700] {dagbag.py:538} INFO - Filling up the DagBag from /home/dmk/anaconda3/lib/python3.9/site-packages/airflow/example_dags/example_latest_only.py
[2022-12-31T21:05:24.219+0700] {processor.py:753} INFO - DAG(s) dict_keys(['latest_only']) retrieved from /home/dmk/anaconda3/lib/python3.9/site-packages/airflow/example_dags/example_latest_only.py
[2022-12-31T21:05:24.392+0700] {logging_mixin.py:137} INFO - [2022-12-31T21:05:24.392+0700] {dag.py:2676} INFO - Sync 1 DAGs
[2022-12-31T21:05:24.409+0700] {logging_mixin.py:137} INFO - [2022-12-31T21:05:24.409+0700] {dag.py:3423} INFO - Setting next_dagrun for latest_only to 2022-12-31T10:05:24.409361+00:00, run_after=2022-12-31T14:05:24.409361+00:00
[2022-12-31T21:05:24.436+0700] {processor.py:175} INFO - Processing /home/dmk/anaconda3/lib/python3.9/site-packages/airflow/example_dags/example_latest_only.py took 0.279 seconds
[2022-12-31T21:06:34.260+0700] {processor.py:153} INFO - Started process (PID=18465) to work on /home/dmk/anaconda3/lib/python3.9/site-packages/airflow/example_dags/example_latest_only.py
[2022-12-31T21:06:34.264+0700] {processor.py:743} INFO - Processing file /home/dmk/anaconda3/lib/python3.9/site-packages/airflow/example_dags/example_latest_only.py for tasks to queue
[2022-12-31T21:06:34.265+0700] {logging_mixin.py:137} INFO - [2022-12-31T21:06:34.264+0700] {dagbag.py:538} INFO - Filling up the DagBag from /home/dmk/anaconda3/lib/python3.9/site-packages/airflow/example_dags/example_latest_only.py
[2022-12-31T21:06:34.277+0700] {processor.py:753} INFO - DAG(s) dict_keys(['latest_only']) retrieved from /home/dmk/anaconda3/lib/python3.9/site-packages/airflow/example_dags/example_latest_only.py
[2022-12-31T21:06:34.393+0700] {logging_mixin.py:137} INFO - [2022-12-31T21:06:34.393+0700] {dag.py:2676} INFO - Sync 1 DAGs
[2022-12-31T21:06:34.408+0700] {logging_mixin.py:137} INFO - [2022-12-31T21:06:34.408+0700] {dag.py:3423} INFO - Setting next_dagrun for latest_only to 2022-12-31T10:06:34.408502+00:00, run_after=2022-12-31T14:06:34.408502+00:00
[2022-12-31T21:06:34.428+0700] {processor.py:175} INFO - Processing /home/dmk/anaconda3/lib/python3.9/site-packages/airflow/example_dags/example_latest_only.py took 0.172 seconds
[2022-12-31T21:07:25.277+0700] {processor.py:153} INFO - Started process (PID=18665) to work on /home/dmk/anaconda3/lib/python3.9/site-packages/airflow/example_dags/example_latest_only.py
[2022-12-31T21:07:25.281+0700] {processor.py:743} INFO - Processing file /home/dmk/anaconda3/lib/python3.9/site-packages/airflow/example_dags/example_latest_only.py for tasks to queue
[2022-12-31T21:07:25.281+0700] {logging_mixin.py:137} INFO - [2022-12-31T21:07:25.281+0700] {dagbag.py:538} INFO - Filling up the DagBag from /home/dmk/anaconda3/lib/python3.9/site-packages/airflow/example_dags/example_latest_only.py
[2022-12-31T21:07:25.292+0700] {processor.py:753} INFO - DAG(s) dict_keys(['latest_only']) retrieved from /home/dmk/anaconda3/lib/python3.9/site-packages/airflow/example_dags/example_latest_only.py
[2022-12-31T21:07:25.409+0700] {logging_mixin.py:137} INFO - [2022-12-31T21:07:25.409+0700] {dag.py:2676} INFO - Sync 1 DAGs
[2022-12-31T21:07:25.424+0700] {logging_mixin.py:137} INFO - [2022-12-31T21:07:25.424+0700] {dag.py:3423} INFO - Setting next_dagrun for latest_only to 2022-12-31T10:07:25.424336+00:00, run_after=2022-12-31T14:07:25.424336+00:00
[2022-12-31T21:07:25.446+0700] {processor.py:175} INFO - Processing /home/dmk/anaconda3/lib/python3.9/site-packages/airflow/example_dags/example_latest_only.py took 0.171 seconds
[2022-12-31T21:08:19.952+0700] {processor.py:153} INFO - Started process (PID=18856) to work on /home/dmk/anaconda3/lib/python3.9/site-packages/airflow/example_dags/example_latest_only.py
[2022-12-31T21:08:19.954+0700] {processor.py:743} INFO - Processing file /home/dmk/anaconda3/lib/python3.9/site-packages/airflow/example_dags/example_latest_only.py for tasks to queue
[2022-12-31T21:08:19.956+0700] {logging_mixin.py:137} INFO - [2022-12-31T21:08:19.956+0700] {dagbag.py:538} INFO - Filling up the DagBag from /home/dmk/anaconda3/lib/python3.9/site-packages/airflow/example_dags/example_latest_only.py
[2022-12-31T21:08:20.076+0700] {processor.py:753} INFO - DAG(s) dict_keys(['latest_only']) retrieved from /home/dmk/anaconda3/lib/python3.9/site-packages/airflow/example_dags/example_latest_only.py
[2022-12-31T21:08:20.097+0700] {logging_mixin.py:137} INFO - [2022-12-31T21:08:20.097+0700] {dag.py:2676} INFO - Sync 1 DAGs
[2022-12-31T21:08:20.113+0700] {logging_mixin.py:137} INFO - [2022-12-31T21:08:20.113+0700] {dag.py:3423} INFO - Setting next_dagrun for latest_only to 2022-12-31T10:08:20.113298+00:00, run_after=2022-12-31T14:08:20.113298+00:00
[2022-12-31T21:08:20.140+0700] {processor.py:175} INFO - Processing /home/dmk/anaconda3/lib/python3.9/site-packages/airflow/example_dags/example_latest_only.py took 0.196 seconds
[2022-12-31T21:09:13.542+0700] {processor.py:153} INFO - Started process (PID=19711) to work on /home/dmk/anaconda3/lib/python3.9/site-packages/airflow/example_dags/example_latest_only.py
[2022-12-31T21:09:13.543+0700] {processor.py:743} INFO - Processing file /home/dmk/anaconda3/lib/python3.9/site-packages/airflow/example_dags/example_latest_only.py for tasks to queue
[2022-12-31T21:09:13.544+0700] {logging_mixin.py:137} INFO - [2022-12-31T21:09:13.543+0700] {dagbag.py:538} INFO - Filling up the DagBag from /home/dmk/anaconda3/lib/python3.9/site-packages/airflow/example_dags/example_latest_only.py
[2022-12-31T21:09:13.559+0700] {processor.py:753} INFO - DAG(s) dict_keys(['latest_only']) retrieved from /home/dmk/anaconda3/lib/python3.9/site-packages/airflow/example_dags/example_latest_only.py
[2022-12-31T21:09:13.586+0700] {logging_mixin.py:137} INFO - [2022-12-31T21:09:13.586+0700] {dag.py:2676} INFO - Sync 1 DAGs
[2022-12-31T21:09:13.604+0700] {logging_mixin.py:137} INFO - [2022-12-31T21:09:13.604+0700] {dag.py:3423} INFO - Setting next_dagrun for latest_only to 2022-12-31T10:09:13.604660+00:00, run_after=2022-12-31T14:09:13.604660+00:00
[2022-12-31T21:09:13.635+0700] {processor.py:175} INFO - Processing /home/dmk/anaconda3/lib/python3.9/site-packages/airflow/example_dags/example_latest_only.py took 0.095 seconds
[2022-12-31T21:09:55.899+0700] {processor.py:153} INFO - Started process (PID=19855) to work on /home/dmk/anaconda3/lib/python3.9/site-packages/airflow/example_dags/example_latest_only.py
[2022-12-31T21:09:55.904+0700] {processor.py:743} INFO - Processing file /home/dmk/anaconda3/lib/python3.9/site-packages/airflow/example_dags/example_latest_only.py for tasks to queue
[2022-12-31T21:09:55.905+0700] {logging_mixin.py:137} INFO - [2022-12-31T21:09:55.905+0700] {dagbag.py:538} INFO - Filling up the DagBag from /home/dmk/anaconda3/lib/python3.9/site-packages/airflow/example_dags/example_latest_only.py
[2022-12-31T21:09:55.934+0700] {processor.py:753} INFO - DAG(s) dict_keys(['latest_only']) retrieved from /home/dmk/anaconda3/lib/python3.9/site-packages/airflow/example_dags/example_latest_only.py
[2022-12-31T21:09:55.963+0700] {logging_mixin.py:137} INFO - [2022-12-31T21:09:55.963+0700] {dag.py:2676} INFO - Sync 1 DAGs
[2022-12-31T21:09:55.980+0700] {logging_mixin.py:137} INFO - [2022-12-31T21:09:55.980+0700] {dag.py:3423} INFO - Setting next_dagrun for latest_only to 2022-12-31T10:09:55.980134+00:00, run_after=2022-12-31T14:09:55.980134+00:00
[2022-12-31T21:09:56.002+0700] {processor.py:175} INFO - Processing /home/dmk/anaconda3/lib/python3.9/site-packages/airflow/example_dags/example_latest_only.py took 0.109 seconds
[2022-12-31T21:10:45.096+0700] {processor.py:153} INFO - Started process (PID=20098) to work on /home/dmk/anaconda3/lib/python3.9/site-packages/airflow/example_dags/example_latest_only.py
[2022-12-31T21:10:45.100+0700] {processor.py:743} INFO - Processing file /home/dmk/anaconda3/lib/python3.9/site-packages/airflow/example_dags/example_latest_only.py for tasks to queue
[2022-12-31T21:10:45.102+0700] {logging_mixin.py:137} INFO - [2022-12-31T21:10:45.102+0700] {dagbag.py:538} INFO - Filling up the DagBag from /home/dmk/anaconda3/lib/python3.9/site-packages/airflow/example_dags/example_latest_only.py
[2022-12-31T21:10:45.123+0700] {processor.py:753} INFO - DAG(s) dict_keys(['latest_only']) retrieved from /home/dmk/anaconda3/lib/python3.9/site-packages/airflow/example_dags/example_latest_only.py
[2022-12-31T21:10:45.150+0700] {logging_mixin.py:137} INFO - [2022-12-31T21:10:45.150+0700] {dag.py:2676} INFO - Sync 1 DAGs
[2022-12-31T21:10:45.171+0700] {logging_mixin.py:137} INFO - [2022-12-31T21:10:45.171+0700] {dag.py:3423} INFO - Setting next_dagrun for latest_only to 2022-12-31T10:10:45.171622+00:00, run_after=2022-12-31T14:10:45.171622+00:00
[2022-12-31T21:10:45.199+0700] {processor.py:175} INFO - Processing /home/dmk/anaconda3/lib/python3.9/site-packages/airflow/example_dags/example_latest_only.py took 0.108 seconds
[2022-12-31T21:11:36.506+0700] {processor.py:153} INFO - Started process (PID=20241) to work on /home/dmk/anaconda3/lib/python3.9/site-packages/airflow/example_dags/example_latest_only.py
[2022-12-31T21:11:36.512+0700] {processor.py:743} INFO - Processing file /home/dmk/anaconda3/lib/python3.9/site-packages/airflow/example_dags/example_latest_only.py for tasks to queue
[2022-12-31T21:11:36.514+0700] {logging_mixin.py:137} INFO - [2022-12-31T21:11:36.514+0700] {dagbag.py:538} INFO - Filling up the DagBag from /home/dmk/anaconda3/lib/python3.9/site-packages/airflow/example_dags/example_latest_only.py
[2022-12-31T21:11:36.551+0700] {processor.py:753} INFO - DAG(s) dict_keys(['latest_only']) retrieved from /home/dmk/anaconda3/lib/python3.9/site-packages/airflow/example_dags/example_latest_only.py
[2022-12-31T21:11:36.583+0700] {logging_mixin.py:137} INFO - [2022-12-31T21:11:36.582+0700] {dag.py:2676} INFO - Sync 1 DAGs
[2022-12-31T21:11:36.602+0700] {logging_mixin.py:137} INFO - [2022-12-31T21:11:36.602+0700] {dag.py:3423} INFO - Setting next_dagrun for latest_only to 2022-12-31T10:11:36.602397+00:00, run_after=2022-12-31T14:11:36.602397+00:00
[2022-12-31T21:11:36.630+0700] {processor.py:175} INFO - Processing /home/dmk/anaconda3/lib/python3.9/site-packages/airflow/example_dags/example_latest_only.py took 0.134 seconds
[2022-12-31T21:12:22.557+0700] {processor.py:153} INFO - Started process (PID=20396) to work on /home/dmk/anaconda3/lib/python3.9/site-packages/airflow/example_dags/example_latest_only.py
[2022-12-31T21:12:22.561+0700] {processor.py:743} INFO - Processing file /home/dmk/anaconda3/lib/python3.9/site-packages/airflow/example_dags/example_latest_only.py for tasks to queue
[2022-12-31T21:12:22.563+0700] {logging_mixin.py:137} INFO - [2022-12-31T21:12:22.562+0700] {dagbag.py:538} INFO - Filling up the DagBag from /home/dmk/anaconda3/lib/python3.9/site-packages/airflow/example_dags/example_latest_only.py
[2022-12-31T21:12:22.602+0700] {processor.py:753} INFO - DAG(s) dict_keys(['latest_only']) retrieved from /home/dmk/anaconda3/lib/python3.9/site-packages/airflow/example_dags/example_latest_only.py
[2022-12-31T21:12:22.637+0700] {logging_mixin.py:137} INFO - [2022-12-31T21:12:22.637+0700] {dag.py:2676} INFO - Sync 1 DAGs
[2022-12-31T21:12:22.660+0700] {logging_mixin.py:137} INFO - [2022-12-31T21:12:22.660+0700] {dag.py:3423} INFO - Setting next_dagrun for latest_only to 2022-12-31T10:12:22.660165+00:00, run_after=2022-12-31T14:12:22.660165+00:00
[2022-12-31T21:12:22.682+0700] {processor.py:175} INFO - Processing /home/dmk/anaconda3/lib/python3.9/site-packages/airflow/example_dags/example_latest_only.py took 0.134 seconds
[2022-12-31T21:13:10.356+0700] {processor.py:153} INFO - Started process (PID=20556) to work on /home/dmk/anaconda3/lib/python3.9/site-packages/airflow/example_dags/example_latest_only.py
[2022-12-31T21:13:10.360+0700] {processor.py:743} INFO - Processing file /home/dmk/anaconda3/lib/python3.9/site-packages/airflow/example_dags/example_latest_only.py for tasks to queue
[2022-12-31T21:13:10.361+0700] {logging_mixin.py:137} INFO - [2022-12-31T21:13:10.361+0700] {dagbag.py:538} INFO - Filling up the DagBag from /home/dmk/anaconda3/lib/python3.9/site-packages/airflow/example_dags/example_latest_only.py
[2022-12-31T21:13:10.379+0700] {processor.py:753} INFO - DAG(s) dict_keys(['latest_only']) retrieved from /home/dmk/anaconda3/lib/python3.9/site-packages/airflow/example_dags/example_latest_only.py
[2022-12-31T21:13:10.404+0700] {logging_mixin.py:137} INFO - [2022-12-31T21:13:10.404+0700] {dag.py:2676} INFO - Sync 1 DAGs
[2022-12-31T21:13:10.422+0700] {logging_mixin.py:137} INFO - [2022-12-31T21:13:10.422+0700] {dag.py:3423} INFO - Setting next_dagrun for latest_only to 2022-12-31T10:13:10.421956+00:00, run_after=2022-12-31T14:13:10.421956+00:00
[2022-12-31T21:13:10.443+0700] {processor.py:175} INFO - Processing /home/dmk/anaconda3/lib/python3.9/site-packages/airflow/example_dags/example_latest_only.py took 0.092 seconds
[2022-12-31T21:13:59.621+0700] {processor.py:153} INFO - Started process (PID=20803) to work on /home/dmk/anaconda3/lib/python3.9/site-packages/airflow/example_dags/example_latest_only.py
[2022-12-31T21:13:59.625+0700] {processor.py:743} INFO - Processing file /home/dmk/anaconda3/lib/python3.9/site-packages/airflow/example_dags/example_latest_only.py for tasks to queue
[2022-12-31T21:13:59.626+0700] {logging_mixin.py:137} INFO - [2022-12-31T21:13:59.626+0700] {dagbag.py:538} INFO - Filling up the DagBag from /home/dmk/anaconda3/lib/python3.9/site-packages/airflow/example_dags/example_latest_only.py
[2022-12-31T21:13:59.638+0700] {processor.py:753} INFO - DAG(s) dict_keys(['latest_only']) retrieved from /home/dmk/anaconda3/lib/python3.9/site-packages/airflow/example_dags/example_latest_only.py
[2022-12-31T21:13:59.667+0700] {logging_mixin.py:137} INFO - [2022-12-31T21:13:59.667+0700] {dag.py:2676} INFO - Sync 1 DAGs
[2022-12-31T21:13:59.686+0700] {logging_mixin.py:137} INFO - [2022-12-31T21:13:59.686+0700] {dag.py:3423} INFO - Setting next_dagrun for latest_only to 2022-12-31T10:13:59.686364+00:00, run_after=2022-12-31T14:13:59.686364+00:00
[2022-12-31T21:13:59.708+0700] {processor.py:175} INFO - Processing /home/dmk/anaconda3/lib/python3.9/site-packages/airflow/example_dags/example_latest_only.py took 0.090 seconds
[2022-12-31T21:14:50.495+0700] {processor.py:153} INFO - Started process (PID=22004) to work on /home/dmk/anaconda3/lib/python3.9/site-packages/airflow/example_dags/example_latest_only.py
[2022-12-31T21:14:50.500+0700] {processor.py:743} INFO - Processing file /home/dmk/anaconda3/lib/python3.9/site-packages/airflow/example_dags/example_latest_only.py for tasks to queue
[2022-12-31T21:14:50.502+0700] {logging_mixin.py:137} INFO - [2022-12-31T21:14:50.501+0700] {dagbag.py:538} INFO - Filling up the DagBag from /home/dmk/anaconda3/lib/python3.9/site-packages/airflow/example_dags/example_latest_only.py
[2022-12-31T21:14:50.528+0700] {processor.py:753} INFO - DAG(s) dict_keys(['latest_only']) retrieved from /home/dmk/anaconda3/lib/python3.9/site-packages/airflow/example_dags/example_latest_only.py
[2022-12-31T21:14:50.555+0700] {logging_mixin.py:137} INFO - [2022-12-31T21:14:50.555+0700] {dag.py:2676} INFO - Sync 1 DAGs
[2022-12-31T21:14:50.577+0700] {logging_mixin.py:137} INFO - [2022-12-31T21:14:50.577+0700] {dag.py:3423} INFO - Setting next_dagrun for latest_only to 2022-12-31T10:14:50.577295+00:00, run_after=2022-12-31T14:14:50.577295+00:00
[2022-12-31T21:14:50.610+0700] {processor.py:175} INFO - Processing /home/dmk/anaconda3/lib/python3.9/site-packages/airflow/example_dags/example_latest_only.py took 0.123 seconds
[2022-12-31T21:15:40.948+0700] {processor.py:153} INFO - Started process (PID=22219) to work on /home/dmk/anaconda3/lib/python3.9/site-packages/airflow/example_dags/example_latest_only.py
[2022-12-31T21:15:40.952+0700] {processor.py:743} INFO - Processing file /home/dmk/anaconda3/lib/python3.9/site-packages/airflow/example_dags/example_latest_only.py for tasks to queue
[2022-12-31T21:15:40.953+0700] {logging_mixin.py:137} INFO - [2022-12-31T21:15:40.952+0700] {dagbag.py:538} INFO - Filling up the DagBag from /home/dmk/anaconda3/lib/python3.9/site-packages/airflow/example_dags/example_latest_only.py
[2022-12-31T21:15:40.966+0700] {processor.py:753} INFO - DAG(s) dict_keys(['latest_only']) retrieved from /home/dmk/anaconda3/lib/python3.9/site-packages/airflow/example_dags/example_latest_only.py
[2022-12-31T21:15:40.991+0700] {logging_mixin.py:137} INFO - [2022-12-31T21:15:40.991+0700] {dag.py:2676} INFO - Sync 1 DAGs
[2022-12-31T21:15:41.008+0700] {logging_mixin.py:137} INFO - [2022-12-31T21:15:41.008+0700] {dag.py:3423} INFO - Setting next_dagrun for latest_only to 2022-12-31T10:15:41.008318+00:00, run_after=2022-12-31T14:15:41.008318+00:00
[2022-12-31T21:15:41.031+0700] {processor.py:175} INFO - Processing /home/dmk/anaconda3/lib/python3.9/site-packages/airflow/example_dags/example_latest_only.py took 0.085 seconds
[2022-12-31T21:16:20.033+0700] {processor.py:153} INFO - Started process (PID=22692) to work on /home/dmk/anaconda3/lib/python3.9/site-packages/airflow/example_dags/example_latest_only.py
[2022-12-31T21:16:20.035+0700] {processor.py:743} INFO - Processing file /home/dmk/anaconda3/lib/python3.9/site-packages/airflow/example_dags/example_latest_only.py for tasks to queue
[2022-12-31T21:16:20.036+0700] {logging_mixin.py:137} INFO - [2022-12-31T21:16:20.036+0700] {dagbag.py:538} INFO - Filling up the DagBag from /home/dmk/anaconda3/lib/python3.9/site-packages/airflow/example_dags/example_latest_only.py
[2022-12-31T21:16:20.049+0700] {processor.py:753} INFO - DAG(s) dict_keys(['latest_only']) retrieved from /home/dmk/anaconda3/lib/python3.9/site-packages/airflow/example_dags/example_latest_only.py
[2022-12-31T21:16:20.074+0700] {logging_mixin.py:137} INFO - [2022-12-31T21:16:20.074+0700] {dag.py:2676} INFO - Sync 1 DAGs
[2022-12-31T21:16:20.093+0700] {logging_mixin.py:137} INFO - [2022-12-31T21:16:20.093+0700] {dag.py:3423} INFO - Setting next_dagrun for latest_only to 2022-12-31T10:16:20.093138+00:00, run_after=2022-12-31T14:16:20.093138+00:00
[2022-12-31T21:16:20.120+0700] {processor.py:175} INFO - Processing /home/dmk/anaconda3/lib/python3.9/site-packages/airflow/example_dags/example_latest_only.py took 0.089 seconds
[2022-12-31T21:17:05.737+0700] {processor.py:153} INFO - Started process (PID=23519) to work on /home/dmk/anaconda3/lib/python3.9/site-packages/airflow/example_dags/example_latest_only.py
[2022-12-31T21:17:05.744+0700] {processor.py:743} INFO - Processing file /home/dmk/anaconda3/lib/python3.9/site-packages/airflow/example_dags/example_latest_only.py for tasks to queue
[2022-12-31T21:17:05.747+0700] {logging_mixin.py:137} INFO - [2022-12-31T21:17:05.746+0700] {dagbag.py:538} INFO - Filling up the DagBag from /home/dmk/anaconda3/lib/python3.9/site-packages/airflow/example_dags/example_latest_only.py
[2022-12-31T21:17:05.772+0700] {processor.py:753} INFO - DAG(s) dict_keys(['latest_only']) retrieved from /home/dmk/anaconda3/lib/python3.9/site-packages/airflow/example_dags/example_latest_only.py
[2022-12-31T21:17:05.798+0700] {logging_mixin.py:137} INFO - [2022-12-31T21:17:05.798+0700] {dag.py:2676} INFO - Sync 1 DAGs
[2022-12-31T21:17:05.816+0700] {logging_mixin.py:137} INFO - [2022-12-31T21:17:05.816+0700] {dag.py:3423} INFO - Setting next_dagrun for latest_only to 2022-12-31T10:17:05.815840+00:00, run_after=2022-12-31T14:17:05.815840+00:00
[2022-12-31T21:17:05.847+0700] {processor.py:175} INFO - Processing /home/dmk/anaconda3/lib/python3.9/site-packages/airflow/example_dags/example_latest_only.py took 0.118 seconds
[2022-12-31T21:17:53.887+0700] {processor.py:153} INFO - Started process (PID=23655) to work on /home/dmk/anaconda3/lib/python3.9/site-packages/airflow/example_dags/example_latest_only.py
[2022-12-31T21:17:53.891+0700] {processor.py:743} INFO - Processing file /home/dmk/anaconda3/lib/python3.9/site-packages/airflow/example_dags/example_latest_only.py for tasks to queue
[2022-12-31T21:17:53.892+0700] {logging_mixin.py:137} INFO - [2022-12-31T21:17:53.892+0700] {dagbag.py:538} INFO - Filling up the DagBag from /home/dmk/anaconda3/lib/python3.9/site-packages/airflow/example_dags/example_latest_only.py
[2022-12-31T21:17:53.905+0700] {processor.py:753} INFO - DAG(s) dict_keys(['latest_only']) retrieved from /home/dmk/anaconda3/lib/python3.9/site-packages/airflow/example_dags/example_latest_only.py
[2022-12-31T21:17:53.931+0700] {logging_mixin.py:137} INFO - [2022-12-31T21:17:53.931+0700] {dag.py:2676} INFO - Sync 1 DAGs
[2022-12-31T21:17:53.954+0700] {logging_mixin.py:137} INFO - [2022-12-31T21:17:53.953+0700] {dag.py:3423} INFO - Setting next_dagrun for latest_only to 2022-12-31T10:17:53.953572+00:00, run_after=2022-12-31T14:17:53.953572+00:00
[2022-12-31T21:17:53.988+0700] {processor.py:175} INFO - Processing /home/dmk/anaconda3/lib/python3.9/site-packages/airflow/example_dags/example_latest_only.py took 0.103 seconds
[2022-12-31T21:19:06.650+0700] {processor.py:153} INFO - Started process (PID=24105) to work on /home/dmk/anaconda3/lib/python3.9/site-packages/airflow/example_dags/example_latest_only.py
[2022-12-31T21:19:06.654+0700] {processor.py:743} INFO - Processing file /home/dmk/anaconda3/lib/python3.9/site-packages/airflow/example_dags/example_latest_only.py for tasks to queue
[2022-12-31T21:19:06.655+0700] {logging_mixin.py:137} INFO - [2022-12-31T21:19:06.655+0700] {dagbag.py:538} INFO - Filling up the DagBag from /home/dmk/anaconda3/lib/python3.9/site-packages/airflow/example_dags/example_latest_only.py
[2022-12-31T21:19:06.671+0700] {processor.py:753} INFO - DAG(s) dict_keys(['latest_only']) retrieved from /home/dmk/anaconda3/lib/python3.9/site-packages/airflow/example_dags/example_latest_only.py
[2022-12-31T21:19:06.694+0700] {logging_mixin.py:137} INFO - [2022-12-31T21:19:06.694+0700] {dag.py:2676} INFO - Sync 1 DAGs
[2022-12-31T21:19:06.721+0700] {logging_mixin.py:137} INFO - [2022-12-31T21:19:06.721+0700] {dag.py:3423} INFO - Setting next_dagrun for latest_only to 2022-12-31T10:19:06.721212+00:00, run_after=2022-12-31T14:19:06.721212+00:00
[2022-12-31T21:19:06.889+0700] {processor.py:175} INFO - Processing /home/dmk/anaconda3/lib/python3.9/site-packages/airflow/example_dags/example_latest_only.py took 0.242 seconds
[2022-12-31T21:20:00.069+0700] {processor.py:153} INFO - Started process (PID=24234) to work on /home/dmk/anaconda3/lib/python3.9/site-packages/airflow/example_dags/example_latest_only.py
[2022-12-31T21:20:00.072+0700] {processor.py:743} INFO - Processing file /home/dmk/anaconda3/lib/python3.9/site-packages/airflow/example_dags/example_latest_only.py for tasks to queue
[2022-12-31T21:20:00.073+0700] {logging_mixin.py:137} INFO - [2022-12-31T21:20:00.073+0700] {dagbag.py:538} INFO - Filling up the DagBag from /home/dmk/anaconda3/lib/python3.9/site-packages/airflow/example_dags/example_latest_only.py
[2022-12-31T21:20:00.086+0700] {processor.py:753} INFO - DAG(s) dict_keys(['latest_only']) retrieved from /home/dmk/anaconda3/lib/python3.9/site-packages/airflow/example_dags/example_latest_only.py
[2022-12-31T21:20:00.114+0700] {logging_mixin.py:137} INFO - [2022-12-31T21:20:00.114+0700] {dag.py:2676} INFO - Sync 1 DAGs
[2022-12-31T21:20:00.249+0700] {logging_mixin.py:137} INFO - [2022-12-31T21:20:00.249+0700] {dag.py:3423} INFO - Setting next_dagrun for latest_only to 2022-12-31T10:20:00.248878+00:00, run_after=2022-12-31T14:20:00.248878+00:00
[2022-12-31T21:20:00.297+0700] {processor.py:175} INFO - Processing /home/dmk/anaconda3/lib/python3.9/site-packages/airflow/example_dags/example_latest_only.py took 0.232 seconds
[2022-12-31T21:20:51.520+0700] {processor.py:153} INFO - Started process (PID=24487) to work on /home/dmk/anaconda3/lib/python3.9/site-packages/airflow/example_dags/example_latest_only.py
[2022-12-31T21:20:51.526+0700] {processor.py:743} INFO - Processing file /home/dmk/anaconda3/lib/python3.9/site-packages/airflow/example_dags/example_latest_only.py for tasks to queue
[2022-12-31T21:20:51.527+0700] {logging_mixin.py:137} INFO - [2022-12-31T21:20:51.527+0700] {dagbag.py:538} INFO - Filling up the DagBag from /home/dmk/anaconda3/lib/python3.9/site-packages/airflow/example_dags/example_latest_only.py
[2022-12-31T21:20:51.552+0700] {processor.py:753} INFO - DAG(s) dict_keys(['latest_only']) retrieved from /home/dmk/anaconda3/lib/python3.9/site-packages/airflow/example_dags/example_latest_only.py
[2022-12-31T21:20:51.675+0700] {logging_mixin.py:137} INFO - [2022-12-31T21:20:51.675+0700] {dag.py:2676} INFO - Sync 1 DAGs
[2022-12-31T21:20:51.692+0700] {logging_mixin.py:137} INFO - [2022-12-31T21:20:51.691+0700] {dag.py:3423} INFO - Setting next_dagrun for latest_only to 2022-12-31T10:20:51.691791+00:00, run_after=2022-12-31T14:20:51.691791+00:00
[2022-12-31T21:20:51.725+0700] {processor.py:175} INFO - Processing /home/dmk/anaconda3/lib/python3.9/site-packages/airflow/example_dags/example_latest_only.py took 0.212 seconds
[2022-12-31T21:22:29.557+0700] {processor.py:153} INFO - Started process (PID=25184) to work on /home/dmk/anaconda3/lib/python3.9/site-packages/airflow/example_dags/example_latest_only.py
[2022-12-31T21:22:29.561+0700] {processor.py:743} INFO - Processing file /home/dmk/anaconda3/lib/python3.9/site-packages/airflow/example_dags/example_latest_only.py for tasks to queue
[2022-12-31T21:22:29.562+0700] {logging_mixin.py:137} INFO - [2022-12-31T21:22:29.562+0700] {dagbag.py:538} INFO - Filling up the DagBag from /home/dmk/anaconda3/lib/python3.9/site-packages/airflow/example_dags/example_latest_only.py
[2022-12-31T21:22:29.577+0700] {processor.py:753} INFO - DAG(s) dict_keys(['latest_only']) retrieved from /home/dmk/anaconda3/lib/python3.9/site-packages/airflow/example_dags/example_latest_only.py
[2022-12-31T21:22:29.608+0700] {logging_mixin.py:137} INFO - [2022-12-31T21:22:29.608+0700] {dag.py:2676} INFO - Sync 1 DAGs
[2022-12-31T21:22:29.630+0700] {logging_mixin.py:137} INFO - [2022-12-31T21:22:29.630+0700] {dag.py:3423} INFO - Setting next_dagrun for latest_only to 2022-12-31T10:22:29.629861+00:00, run_after=2022-12-31T14:22:29.629861+00:00
[2022-12-31T21:22:29.765+0700] {processor.py:175} INFO - Processing /home/dmk/anaconda3/lib/python3.9/site-packages/airflow/example_dags/example_latest_only.py took 0.211 seconds
[2022-12-31T21:23:19.029+0700] {processor.py:153} INFO - Started process (PID=25415) to work on /home/dmk/anaconda3/lib/python3.9/site-packages/airflow/example_dags/example_latest_only.py
[2022-12-31T21:23:19.033+0700] {processor.py:743} INFO - Processing file /home/dmk/anaconda3/lib/python3.9/site-packages/airflow/example_dags/example_latest_only.py for tasks to queue
[2022-12-31T21:23:19.035+0700] {logging_mixin.py:137} INFO - [2022-12-31T21:23:19.034+0700] {dagbag.py:538} INFO - Filling up the DagBag from /home/dmk/anaconda3/lib/python3.9/site-packages/airflow/example_dags/example_latest_only.py
[2022-12-31T21:23:19.063+0700] {processor.py:753} INFO - DAG(s) dict_keys(['latest_only']) retrieved from /home/dmk/anaconda3/lib/python3.9/site-packages/airflow/example_dags/example_latest_only.py
[2022-12-31T21:23:19.089+0700] {logging_mixin.py:137} INFO - [2022-12-31T21:23:19.089+0700] {dag.py:2676} INFO - Sync 1 DAGs
[2022-12-31T21:23:19.199+0700] {logging_mixin.py:137} INFO - [2022-12-31T21:23:19.199+0700] {dag.py:3423} INFO - Setting next_dagrun for latest_only to 2022-12-31T10:23:19.198914+00:00, run_after=2022-12-31T14:23:19.198914+00:00
[2022-12-31T21:23:19.229+0700] {processor.py:175} INFO - Processing /home/dmk/anaconda3/lib/python3.9/site-packages/airflow/example_dags/example_latest_only.py took 0.202 seconds
[2022-12-31T21:24:24.450+0700] {processor.py:153} INFO - Started process (PID=25619) to work on /home/dmk/anaconda3/lib/python3.9/site-packages/airflow/example_dags/example_latest_only.py
[2022-12-31T21:24:24.454+0700] {processor.py:743} INFO - Processing file /home/dmk/anaconda3/lib/python3.9/site-packages/airflow/example_dags/example_latest_only.py for tasks to queue
[2022-12-31T21:24:24.455+0700] {logging_mixin.py:137} INFO - [2022-12-31T21:24:24.455+0700] {dagbag.py:538} INFO - Filling up the DagBag from /home/dmk/anaconda3/lib/python3.9/site-packages/airflow/example_dags/example_latest_only.py
[2022-12-31T21:24:24.471+0700] {processor.py:753} INFO - DAG(s) dict_keys(['latest_only']) retrieved from /home/dmk/anaconda3/lib/python3.9/site-packages/airflow/example_dags/example_latest_only.py
[2022-12-31T21:24:24.623+0700] {logging_mixin.py:137} INFO - [2022-12-31T21:24:24.623+0700] {dag.py:2676} INFO - Sync 1 DAGs
[2022-12-31T21:24:24.642+0700] {logging_mixin.py:137} INFO - [2022-12-31T21:24:24.642+0700] {dag.py:3423} INFO - Setting next_dagrun for latest_only to 2022-12-31T10:24:24.641903+00:00, run_after=2022-12-31T14:24:24.641903+00:00
[2022-12-31T21:24:24.677+0700] {processor.py:175} INFO - Processing /home/dmk/anaconda3/lib/python3.9/site-packages/airflow/example_dags/example_latest_only.py took 0.230 seconds
[2022-12-31T21:25:13.605+0700] {processor.py:153} INFO - Started process (PID=25765) to work on /home/dmk/anaconda3/lib/python3.9/site-packages/airflow/example_dags/example_latest_only.py
[2022-12-31T21:25:13.610+0700] {processor.py:743} INFO - Processing file /home/dmk/anaconda3/lib/python3.9/site-packages/airflow/example_dags/example_latest_only.py for tasks to queue
[2022-12-31T21:25:13.611+0700] {logging_mixin.py:137} INFO - [2022-12-31T21:25:13.611+0700] {dagbag.py:538} INFO - Filling up the DagBag from /home/dmk/anaconda3/lib/python3.9/site-packages/airflow/example_dags/example_latest_only.py
[2022-12-31T21:25:13.634+0700] {processor.py:753} INFO - DAG(s) dict_keys(['latest_only']) retrieved from /home/dmk/anaconda3/lib/python3.9/site-packages/airflow/example_dags/example_latest_only.py
[2022-12-31T21:25:13.891+0700] {logging_mixin.py:137} INFO - [2022-12-31T21:25:13.890+0700] {dag.py:2676} INFO - Sync 1 DAGs
[2022-12-31T21:25:13.919+0700] {logging_mixin.py:137} INFO - [2022-12-31T21:25:13.919+0700] {dag.py:3423} INFO - Setting next_dagrun for latest_only to 2022-12-31T10:25:13.919237+00:00, run_after=2022-12-31T14:25:13.919237+00:00
[2022-12-31T21:25:13.980+0700] {processor.py:175} INFO - Processing /home/dmk/anaconda3/lib/python3.9/site-packages/airflow/example_dags/example_latest_only.py took 0.382 seconds
[2022-12-31T21:25:56.888+0700] {processor.py:153} INFO - Started process (PID=25894) to work on /home/dmk/anaconda3/lib/python3.9/site-packages/airflow/example_dags/example_latest_only.py
[2022-12-31T21:25:56.890+0700] {processor.py:743} INFO - Processing file /home/dmk/anaconda3/lib/python3.9/site-packages/airflow/example_dags/example_latest_only.py for tasks to queue
[2022-12-31T21:25:56.890+0700] {logging_mixin.py:137} INFO - [2022-12-31T21:25:56.890+0700] {dagbag.py:538} INFO - Filling up the DagBag from /home/dmk/anaconda3/lib/python3.9/site-packages/airflow/example_dags/example_latest_only.py
[2022-12-31T21:25:56.905+0700] {processor.py:753} INFO - DAG(s) dict_keys(['latest_only']) retrieved from /home/dmk/anaconda3/lib/python3.9/site-packages/airflow/example_dags/example_latest_only.py
[2022-12-31T21:25:57.047+0700] {logging_mixin.py:137} INFO - [2022-12-31T21:25:57.047+0700] {dag.py:2676} INFO - Sync 1 DAGs
[2022-12-31T21:25:57.066+0700] {logging_mixin.py:137} INFO - [2022-12-31T21:25:57.066+0700] {dag.py:3423} INFO - Setting next_dagrun for latest_only to 2022-12-31T10:25:57.066480+00:00, run_after=2022-12-31T14:25:57.066480+00:00
[2022-12-31T21:25:57.102+0700] {processor.py:175} INFO - Processing /home/dmk/anaconda3/lib/python3.9/site-packages/airflow/example_dags/example_latest_only.py took 0.217 seconds
[2022-12-31T21:26:48.151+0700] {processor.py:153} INFO - Started process (PID=25987) to work on /home/dmk/anaconda3/lib/python3.9/site-packages/airflow/example_dags/example_latest_only.py
[2022-12-31T21:26:48.156+0700] {processor.py:743} INFO - Processing file /home/dmk/anaconda3/lib/python3.9/site-packages/airflow/example_dags/example_latest_only.py for tasks to queue
[2022-12-31T21:26:48.159+0700] {logging_mixin.py:137} INFO - [2022-12-31T21:26:48.159+0700] {dagbag.py:538} INFO - Filling up the DagBag from /home/dmk/anaconda3/lib/python3.9/site-packages/airflow/example_dags/example_latest_only.py
[2022-12-31T21:26:48.330+0700] {processor.py:753} INFO - DAG(s) dict_keys(['latest_only']) retrieved from /home/dmk/anaconda3/lib/python3.9/site-packages/airflow/example_dags/example_latest_only.py
[2022-12-31T21:26:48.357+0700] {logging_mixin.py:137} INFO - [2022-12-31T21:26:48.356+0700] {dag.py:2676} INFO - Sync 1 DAGs
[2022-12-31T21:26:48.375+0700] {logging_mixin.py:137} INFO - [2022-12-31T21:26:48.375+0700] {dag.py:3423} INFO - Setting next_dagrun for latest_only to 2022-12-31T10:26:48.375616+00:00, run_after=2022-12-31T14:26:48.375616+00:00
[2022-12-31T21:26:48.409+0700] {processor.py:175} INFO - Processing /home/dmk/anaconda3/lib/python3.9/site-packages/airflow/example_dags/example_latest_only.py took 0.269 seconds
[2022-12-31T21:27:48.714+0700] {processor.py:153} INFO - Started process (PID=26104) to work on /home/dmk/anaconda3/lib/python3.9/site-packages/airflow/example_dags/example_latest_only.py
[2022-12-31T21:27:48.718+0700] {processor.py:743} INFO - Processing file /home/dmk/anaconda3/lib/python3.9/site-packages/airflow/example_dags/example_latest_only.py for tasks to queue
[2022-12-31T21:27:48.721+0700] {logging_mixin.py:137} INFO - [2022-12-31T21:27:48.720+0700] {dagbag.py:538} INFO - Filling up the DagBag from /home/dmk/anaconda3/lib/python3.9/site-packages/airflow/example_dags/example_latest_only.py
[2022-12-31T21:27:48.755+0700] {processor.py:753} INFO - DAG(s) dict_keys(['latest_only']) retrieved from /home/dmk/anaconda3/lib/python3.9/site-packages/airflow/example_dags/example_latest_only.py
[2022-12-31T21:27:48.785+0700] {logging_mixin.py:137} INFO - [2022-12-31T21:27:48.784+0700] {dag.py:2676} INFO - Sync 1 DAGs
[2022-12-31T21:27:48.805+0700] {logging_mixin.py:137} INFO - [2022-12-31T21:27:48.805+0700] {dag.py:3423} INFO - Setting next_dagrun for latest_only to 2022-12-31T10:27:48.805146+00:00, run_after=2022-12-31T14:27:48.805146+00:00
[2022-12-31T21:27:48.839+0700] {processor.py:175} INFO - Processing /home/dmk/anaconda3/lib/python3.9/site-packages/airflow/example_dags/example_latest_only.py took 0.134 seconds
[2022-12-31T21:28:38.628+0700] {processor.py:153} INFO - Started process (PID=26196) to work on /home/dmk/anaconda3/lib/python3.9/site-packages/airflow/example_dags/example_latest_only.py
[2022-12-31T21:28:38.632+0700] {processor.py:743} INFO - Processing file /home/dmk/anaconda3/lib/python3.9/site-packages/airflow/example_dags/example_latest_only.py for tasks to queue
[2022-12-31T21:28:38.634+0700] {logging_mixin.py:137} INFO - [2022-12-31T21:28:38.633+0700] {dagbag.py:538} INFO - Filling up the DagBag from /home/dmk/anaconda3/lib/python3.9/site-packages/airflow/example_dags/example_latest_only.py
[2022-12-31T21:28:38.654+0700] {processor.py:753} INFO - DAG(s) dict_keys(['latest_only']) retrieved from /home/dmk/anaconda3/lib/python3.9/site-packages/airflow/example_dags/example_latest_only.py
[2022-12-31T21:28:38.681+0700] {logging_mixin.py:137} INFO - [2022-12-31T21:28:38.681+0700] {dag.py:2676} INFO - Sync 1 DAGs
[2022-12-31T21:28:38.700+0700] {logging_mixin.py:137} INFO - [2022-12-31T21:28:38.700+0700] {dag.py:3423} INFO - Setting next_dagrun for latest_only to 2022-12-31T10:28:38.700619+00:00, run_after=2022-12-31T14:28:38.700619+00:00
[2022-12-31T21:28:38.743+0700] {processor.py:175} INFO - Processing /home/dmk/anaconda3/lib/python3.9/site-packages/airflow/example_dags/example_latest_only.py took 0.120 seconds
[2022-12-31T21:29:40.013+0700] {processor.py:153} INFO - Started process (PID=26347) to work on /home/dmk/anaconda3/lib/python3.9/site-packages/airflow/example_dags/example_latest_only.py
[2022-12-31T21:29:40.015+0700] {processor.py:743} INFO - Processing file /home/dmk/anaconda3/lib/python3.9/site-packages/airflow/example_dags/example_latest_only.py for tasks to queue
[2022-12-31T21:29:40.016+0700] {logging_mixin.py:137} INFO - [2022-12-31T21:29:40.016+0700] {dagbag.py:538} INFO - Filling up the DagBag from /home/dmk/anaconda3/lib/python3.9/site-packages/airflow/example_dags/example_latest_only.py
[2022-12-31T21:29:40.030+0700] {processor.py:753} INFO - DAG(s) dict_keys(['latest_only']) retrieved from /home/dmk/anaconda3/lib/python3.9/site-packages/airflow/example_dags/example_latest_only.py
[2022-12-31T21:29:40.060+0700] {logging_mixin.py:137} INFO - [2022-12-31T21:29:40.060+0700] {dag.py:2676} INFO - Sync 1 DAGs
[2022-12-31T21:29:40.080+0700] {logging_mixin.py:137} INFO - [2022-12-31T21:29:40.080+0700] {dag.py:3423} INFO - Setting next_dagrun for latest_only to 2022-12-31T10:29:40.080323+00:00, run_after=2022-12-31T14:29:40.080323+00:00
[2022-12-31T21:29:40.125+0700] {processor.py:175} INFO - Processing /home/dmk/anaconda3/lib/python3.9/site-packages/airflow/example_dags/example_latest_only.py took 0.115 seconds
[2022-12-31T21:30:39.942+0700] {processor.py:153} INFO - Started process (PID=26478) to work on /home/dmk/anaconda3/lib/python3.9/site-packages/airflow/example_dags/example_latest_only.py
[2022-12-31T21:30:39.948+0700] {processor.py:743} INFO - Processing file /home/dmk/anaconda3/lib/python3.9/site-packages/airflow/example_dags/example_latest_only.py for tasks to queue
[2022-12-31T21:30:39.950+0700] {logging_mixin.py:137} INFO - [2022-12-31T21:30:39.950+0700] {dagbag.py:538} INFO - Filling up the DagBag from /home/dmk/anaconda3/lib/python3.9/site-packages/airflow/example_dags/example_latest_only.py
[2022-12-31T21:30:40.010+0700] {processor.py:753} INFO - DAG(s) dict_keys(['latest_only']) retrieved from /home/dmk/anaconda3/lib/python3.9/site-packages/airflow/example_dags/example_latest_only.py
[2022-12-31T21:30:40.047+0700] {logging_mixin.py:137} INFO - [2022-12-31T21:30:40.047+0700] {dag.py:2676} INFO - Sync 1 DAGs
[2022-12-31T21:30:40.072+0700] {logging_mixin.py:137} INFO - [2022-12-31T21:30:40.071+0700] {dag.py:3423} INFO - Setting next_dagrun for latest_only to 2022-12-31T10:30:40.071735+00:00, run_after=2022-12-31T14:30:40.071735+00:00
[2022-12-31T21:30:40.106+0700] {processor.py:175} INFO - Processing /home/dmk/anaconda3/lib/python3.9/site-packages/airflow/example_dags/example_latest_only.py took 0.176 seconds
[2022-12-31T21:31:34.962+0700] {processor.py:153} INFO - Started process (PID=26577) to work on /home/dmk/anaconda3/lib/python3.9/site-packages/airflow/example_dags/example_latest_only.py
[2022-12-31T21:31:34.966+0700] {processor.py:743} INFO - Processing file /home/dmk/anaconda3/lib/python3.9/site-packages/airflow/example_dags/example_latest_only.py for tasks to queue
[2022-12-31T21:31:34.969+0700] {logging_mixin.py:137} INFO - [2022-12-31T21:31:34.968+0700] {dagbag.py:538} INFO - Filling up the DagBag from /home/dmk/anaconda3/lib/python3.9/site-packages/airflow/example_dags/example_latest_only.py
[2022-12-31T21:31:35.018+0700] {processor.py:753} INFO - DAG(s) dict_keys(['latest_only']) retrieved from /home/dmk/anaconda3/lib/python3.9/site-packages/airflow/example_dags/example_latest_only.py
[2022-12-31T21:31:35.056+0700] {logging_mixin.py:137} INFO - [2022-12-31T21:31:35.055+0700] {dag.py:2676} INFO - Sync 1 DAGs
[2022-12-31T21:31:35.078+0700] {logging_mixin.py:137} INFO - [2022-12-31T21:31:35.078+0700] {dag.py:3423} INFO - Setting next_dagrun for latest_only to 2022-12-31T10:31:35.078090+00:00, run_after=2022-12-31T14:31:35.078090+00:00
[2022-12-31T21:31:35.143+0700] {processor.py:175} INFO - Processing /home/dmk/anaconda3/lib/python3.9/site-packages/airflow/example_dags/example_latest_only.py took 0.193 seconds
[2022-12-31T21:32:18.797+0700] {processor.py:153} INFO - Started process (PID=26656) to work on /home/dmk/anaconda3/lib/python3.9/site-packages/airflow/example_dags/example_latest_only.py
[2022-12-31T21:32:18.803+0700] {processor.py:743} INFO - Processing file /home/dmk/anaconda3/lib/python3.9/site-packages/airflow/example_dags/example_latest_only.py for tasks to queue
[2022-12-31T21:32:18.807+0700] {logging_mixin.py:137} INFO - [2022-12-31T21:32:18.806+0700] {dagbag.py:538} INFO - Filling up the DagBag from /home/dmk/anaconda3/lib/python3.9/site-packages/airflow/example_dags/example_latest_only.py
[2022-12-31T21:32:18.844+0700] {processor.py:753} INFO - DAG(s) dict_keys(['latest_only']) retrieved from /home/dmk/anaconda3/lib/python3.9/site-packages/airflow/example_dags/example_latest_only.py
[2022-12-31T21:32:18.879+0700] {logging_mixin.py:137} INFO - [2022-12-31T21:32:18.879+0700] {dag.py:2676} INFO - Sync 1 DAGs
[2022-12-31T21:32:18.901+0700] {logging_mixin.py:137} INFO - [2022-12-31T21:32:18.901+0700] {dag.py:3423} INFO - Setting next_dagrun for latest_only to 2022-12-31T10:32:18.901333+00:00, run_after=2022-12-31T14:32:18.901333+00:00
[2022-12-31T21:32:18.935+0700] {processor.py:175} INFO - Processing /home/dmk/anaconda3/lib/python3.9/site-packages/airflow/example_dags/example_latest_only.py took 0.151 seconds
[2022-12-31T21:33:14.660+0700] {processor.py:153} INFO - Started process (PID=26775) to work on /home/dmk/anaconda3/lib/python3.9/site-packages/airflow/example_dags/example_latest_only.py
[2022-12-31T21:33:14.661+0700] {processor.py:743} INFO - Processing file /home/dmk/anaconda3/lib/python3.9/site-packages/airflow/example_dags/example_latest_only.py for tasks to queue
[2022-12-31T21:33:14.662+0700] {logging_mixin.py:137} INFO - [2022-12-31T21:33:14.662+0700] {dagbag.py:538} INFO - Filling up the DagBag from /home/dmk/anaconda3/lib/python3.9/site-packages/airflow/example_dags/example_latest_only.py
[2022-12-31T21:33:14.682+0700] {processor.py:753} INFO - DAG(s) dict_keys(['latest_only']) retrieved from /home/dmk/anaconda3/lib/python3.9/site-packages/airflow/example_dags/example_latest_only.py
[2022-12-31T21:33:14.715+0700] {logging_mixin.py:137} INFO - [2022-12-31T21:33:14.714+0700] {dag.py:2676} INFO - Sync 1 DAGs
[2022-12-31T21:33:14.734+0700] {logging_mixin.py:137} INFO - [2022-12-31T21:33:14.734+0700] {dag.py:3423} INFO - Setting next_dagrun for latest_only to 2022-12-31T10:33:14.734629+00:00, run_after=2022-12-31T14:33:14.734629+00:00
[2022-12-31T21:33:14.773+0700] {processor.py:175} INFO - Processing /home/dmk/anaconda3/lib/python3.9/site-packages/airflow/example_dags/example_latest_only.py took 0.117 seconds
[2022-12-31T21:34:03.911+0700] {processor.py:153} INFO - Started process (PID=27253) to work on /home/dmk/anaconda3/lib/python3.9/site-packages/airflow/example_dags/example_latest_only.py
[2022-12-31T21:34:03.916+0700] {processor.py:743} INFO - Processing file /home/dmk/anaconda3/lib/python3.9/site-packages/airflow/example_dags/example_latest_only.py for tasks to queue
[2022-12-31T21:34:03.918+0700] {logging_mixin.py:137} INFO - [2022-12-31T21:34:03.918+0700] {dagbag.py:538} INFO - Filling up the DagBag from /home/dmk/anaconda3/lib/python3.9/site-packages/airflow/example_dags/example_latest_only.py
[2022-12-31T21:34:03.936+0700] {processor.py:753} INFO - DAG(s) dict_keys(['latest_only']) retrieved from /home/dmk/anaconda3/lib/python3.9/site-packages/airflow/example_dags/example_latest_only.py
[2022-12-31T21:34:03.964+0700] {logging_mixin.py:137} INFO - [2022-12-31T21:34:03.964+0700] {dag.py:2676} INFO - Sync 1 DAGs
[2022-12-31T21:34:03.982+0700] {logging_mixin.py:137} INFO - [2022-12-31T21:34:03.982+0700] {dag.py:3423} INFO - Setting next_dagrun for latest_only to 2022-12-31T10:34:03.981885+00:00, run_after=2022-12-31T14:34:03.981885+00:00
[2022-12-31T21:34:04.017+0700] {processor.py:175} INFO - Processing /home/dmk/anaconda3/lib/python3.9/site-packages/airflow/example_dags/example_latest_only.py took 0.109 seconds
[2022-12-31T21:34:38.260+0700] {processor.py:153} INFO - Started process (PID=27627) to work on /home/dmk/anaconda3/lib/python3.9/site-packages/airflow/example_dags/example_latest_only.py
[2022-12-31T21:34:38.264+0700] {processor.py:743} INFO - Processing file /home/dmk/anaconda3/lib/python3.9/site-packages/airflow/example_dags/example_latest_only.py for tasks to queue
[2022-12-31T21:34:38.265+0700] {logging_mixin.py:137} INFO - [2022-12-31T21:34:38.265+0700] {dagbag.py:538} INFO - Filling up the DagBag from /home/dmk/anaconda3/lib/python3.9/site-packages/airflow/example_dags/example_latest_only.py
[2022-12-31T21:34:38.278+0700] {processor.py:753} INFO - DAG(s) dict_keys(['latest_only']) retrieved from /home/dmk/anaconda3/lib/python3.9/site-packages/airflow/example_dags/example_latest_only.py
[2022-12-31T21:34:38.295+0700] {logging_mixin.py:137} INFO - [2022-12-31T21:34:38.295+0700] {dag.py:2676} INFO - Sync 1 DAGs
[2022-12-31T21:34:38.314+0700] {logging_mixin.py:137} INFO - [2022-12-31T21:34:38.314+0700] {dag.py:3423} INFO - Setting next_dagrun for latest_only to 2022-12-31T10:34:38.314333+00:00, run_after=2022-12-31T14:34:38.314333+00:00
[2022-12-31T21:34:38.448+0700] {processor.py:175} INFO - Processing /home/dmk/anaconda3/lib/python3.9/site-packages/airflow/example_dags/example_latest_only.py took 0.192 seconds
[2022-12-31T21:35:29.360+0700] {processor.py:153} INFO - Started process (PID=27875) to work on /home/dmk/anaconda3/lib/python3.9/site-packages/airflow/example_dags/example_latest_only.py
[2022-12-31T21:35:29.364+0700] {processor.py:743} INFO - Processing file /home/dmk/anaconda3/lib/python3.9/site-packages/airflow/example_dags/example_latest_only.py for tasks to queue
[2022-12-31T21:35:29.366+0700] {logging_mixin.py:137} INFO - [2022-12-31T21:35:29.366+0700] {dagbag.py:538} INFO - Filling up the DagBag from /home/dmk/anaconda3/lib/python3.9/site-packages/airflow/example_dags/example_latest_only.py
[2022-12-31T21:35:29.379+0700] {processor.py:753} INFO - DAG(s) dict_keys(['latest_only']) retrieved from /home/dmk/anaconda3/lib/python3.9/site-packages/airflow/example_dags/example_latest_only.py
[2022-12-31T21:35:29.396+0700] {logging_mixin.py:137} INFO - [2022-12-31T21:35:29.396+0700] {dag.py:2676} INFO - Sync 1 DAGs
[2022-12-31T21:35:29.417+0700] {logging_mixin.py:137} INFO - [2022-12-31T21:35:29.417+0700] {dag.py:3423} INFO - Setting next_dagrun for latest_only to 2022-12-31T10:35:29.416940+00:00, run_after=2022-12-31T14:35:29.416940+00:00
[2022-12-31T21:35:29.539+0700] {processor.py:175} INFO - Processing /home/dmk/anaconda3/lib/python3.9/site-packages/airflow/example_dags/example_latest_only.py took 0.184 seconds
[2022-12-31T21:38:10.476+0700] {processor.py:153} INFO - Started process (PID=28808) to work on /home/dmk/anaconda3/lib/python3.9/site-packages/airflow/example_dags/example_latest_only.py
[2022-12-31T21:38:10.479+0700] {processor.py:743} INFO - Processing file /home/dmk/anaconda3/lib/python3.9/site-packages/airflow/example_dags/example_latest_only.py for tasks to queue
[2022-12-31T21:38:10.480+0700] {logging_mixin.py:137} INFO - [2022-12-31T21:38:10.479+0700] {dagbag.py:538} INFO - Filling up the DagBag from /home/dmk/anaconda3/lib/python3.9/site-packages/airflow/example_dags/example_latest_only.py
[2022-12-31T21:38:10.496+0700] {processor.py:753} INFO - DAG(s) dict_keys(['latest_only']) retrieved from /home/dmk/anaconda3/lib/python3.9/site-packages/airflow/example_dags/example_latest_only.py
[2022-12-31T21:38:10.735+0700] {logging_mixin.py:137} INFO - [2022-12-31T21:38:10.735+0700] {manager.py:504} INFO - Created Permission View: can delete on DAG:latest_only
[2022-12-31T21:38:10.760+0700] {logging_mixin.py:137} INFO - [2022-12-31T21:38:10.759+0700] {manager.py:504} INFO - Created Permission View: can read on DAG:latest_only
[2022-12-31T21:38:10.793+0700] {logging_mixin.py:137} INFO - [2022-12-31T21:38:10.793+0700] {manager.py:504} INFO - Created Permission View: can edit on DAG:latest_only
[2022-12-31T21:38:10.795+0700] {logging_mixin.py:137} INFO - [2022-12-31T21:38:10.794+0700] {dag.py:2676} INFO - Sync 1 DAGs
[2022-12-31T21:38:10.814+0700] {logging_mixin.py:137} INFO - [2022-12-31T21:38:10.814+0700] {dag.py:2697} INFO - Creating ORM DAG for latest_only
[2022-12-31T21:38:10.825+0700] {logging_mixin.py:137} INFO - [2022-12-31T21:38:10.825+0700] {dag.py:3423} INFO - Setting next_dagrun for latest_only to 2022-12-31T10:38:10.825245+00:00, run_after=2022-12-31T14:38:10.825245+00:00
[2022-12-31T21:38:10.864+0700] {processor.py:175} INFO - Processing /home/dmk/anaconda3/lib/python3.9/site-packages/airflow/example_dags/example_latest_only.py took 0.391 seconds
[2022-12-31T21:39:02.566+0700] {processor.py:153} INFO - Started process (PID=29081) to work on /home/dmk/anaconda3/lib/python3.9/site-packages/airflow/example_dags/example_latest_only.py
[2022-12-31T21:39:02.569+0700] {processor.py:743} INFO - Processing file /home/dmk/anaconda3/lib/python3.9/site-packages/airflow/example_dags/example_latest_only.py for tasks to queue
[2022-12-31T21:39:02.570+0700] {logging_mixin.py:137} INFO - [2022-12-31T21:39:02.569+0700] {dagbag.py:538} INFO - Filling up the DagBag from /home/dmk/anaconda3/lib/python3.9/site-packages/airflow/example_dags/example_latest_only.py
[2022-12-31T21:39:02.587+0700] {processor.py:753} INFO - DAG(s) dict_keys(['latest_only']) retrieved from /home/dmk/anaconda3/lib/python3.9/site-packages/airflow/example_dags/example_latest_only.py
[2022-12-31T21:39:02.616+0700] {logging_mixin.py:137} INFO - [2022-12-31T21:39:02.616+0700] {dag.py:2676} INFO - Sync 1 DAGs
[2022-12-31T21:39:02.743+0700] {logging_mixin.py:137} INFO - [2022-12-31T21:39:02.743+0700] {dag.py:3423} INFO - Setting next_dagrun for latest_only to 2022-12-31T10:39:02.743210+00:00, run_after=2022-12-31T14:39:02.743210+00:00
[2022-12-31T21:39:02.772+0700] {processor.py:175} INFO - Processing /home/dmk/anaconda3/lib/python3.9/site-packages/airflow/example_dags/example_latest_only.py took 0.210 seconds
[2022-12-31T21:39:59.926+0700] {processor.py:153} INFO - Started process (PID=29257) to work on /home/dmk/anaconda3/lib/python3.9/site-packages/airflow/example_dags/example_latest_only.py
[2022-12-31T21:39:59.929+0700] {processor.py:743} INFO - Processing file /home/dmk/anaconda3/lib/python3.9/site-packages/airflow/example_dags/example_latest_only.py for tasks to queue
[2022-12-31T21:39:59.929+0700] {logging_mixin.py:137} INFO - [2022-12-31T21:39:59.929+0700] {dagbag.py:538} INFO - Filling up the DagBag from /home/dmk/anaconda3/lib/python3.9/site-packages/airflow/example_dags/example_latest_only.py
[2022-12-31T21:39:59.943+0700] {processor.py:753} INFO - DAG(s) dict_keys(['latest_only']) retrieved from /home/dmk/anaconda3/lib/python3.9/site-packages/airflow/example_dags/example_latest_only.py
[2022-12-31T21:39:59.970+0700] {logging_mixin.py:137} INFO - [2022-12-31T21:39:59.970+0700] {dag.py:2676} INFO - Sync 1 DAGs
[2022-12-31T21:40:00.082+0700] {logging_mixin.py:137} INFO - [2022-12-31T21:40:00.082+0700] {dag.py:3423} INFO - Setting next_dagrun for latest_only to 2022-12-31T10:40:00.082618+00:00, run_after=2022-12-31T14:40:00.082618+00:00
[2022-12-31T21:40:00.123+0700] {processor.py:175} INFO - Processing /home/dmk/anaconda3/lib/python3.9/site-packages/airflow/example_dags/example_latest_only.py took 0.199 seconds
[2022-12-31T21:40:47.311+0700] {processor.py:153} INFO - Started process (PID=29481) to work on /home/dmk/anaconda3/lib/python3.9/site-packages/airflow/example_dags/example_latest_only.py
[2022-12-31T21:40:47.316+0700] {processor.py:743} INFO - Processing file /home/dmk/anaconda3/lib/python3.9/site-packages/airflow/example_dags/example_latest_only.py for tasks to queue
[2022-12-31T21:40:47.320+0700] {logging_mixin.py:137} INFO - [2022-12-31T21:40:47.319+0700] {dagbag.py:538} INFO - Filling up the DagBag from /home/dmk/anaconda3/lib/python3.9/site-packages/airflow/example_dags/example_latest_only.py
[2022-12-31T21:40:47.351+0700] {processor.py:753} INFO - DAG(s) dict_keys(['latest_only']) retrieved from /home/dmk/anaconda3/lib/python3.9/site-packages/airflow/example_dags/example_latest_only.py
[2022-12-31T21:40:47.475+0700] {logging_mixin.py:137} INFO - [2022-12-31T21:40:47.475+0700] {dag.py:2676} INFO - Sync 1 DAGs
[2022-12-31T21:40:47.491+0700] {logging_mixin.py:137} INFO - [2022-12-31T21:40:47.491+0700] {dag.py:3423} INFO - Setting next_dagrun for latest_only to 2022-12-31T10:40:47.491457+00:00, run_after=2022-12-31T14:40:47.491457+00:00
[2022-12-31T21:40:47.526+0700] {processor.py:175} INFO - Processing /home/dmk/anaconda3/lib/python3.9/site-packages/airflow/example_dags/example_latest_only.py took 0.229 seconds
[2022-12-31T21:41:31.261+0700] {processor.py:153} INFO - Started process (PID=29548) to work on /home/dmk/anaconda3/lib/python3.9/site-packages/airflow/example_dags/example_latest_only.py
[2022-12-31T21:41:31.264+0700] {processor.py:743} INFO - Processing file /home/dmk/anaconda3/lib/python3.9/site-packages/airflow/example_dags/example_latest_only.py for tasks to queue
[2022-12-31T21:41:31.265+0700] {logging_mixin.py:137} INFO - [2022-12-31T21:41:31.265+0700] {dagbag.py:538} INFO - Filling up the DagBag from /home/dmk/anaconda3/lib/python3.9/site-packages/airflow/example_dags/example_latest_only.py
[2022-12-31T21:41:31.277+0700] {processor.py:753} INFO - DAG(s) dict_keys(['latest_only']) retrieved from /home/dmk/anaconda3/lib/python3.9/site-packages/airflow/example_dags/example_latest_only.py
[2022-12-31T21:41:31.395+0700] {logging_mixin.py:137} INFO - [2022-12-31T21:41:31.395+0700] {dag.py:2676} INFO - Sync 1 DAGs
[2022-12-31T21:41:31.411+0700] {logging_mixin.py:137} INFO - [2022-12-31T21:41:31.411+0700] {dag.py:3423} INFO - Setting next_dagrun for latest_only to 2022-12-31T10:41:31.410867+00:00, run_after=2022-12-31T14:41:31.410867+00:00
[2022-12-31T21:41:31.448+0700] {processor.py:175} INFO - Processing /home/dmk/anaconda3/lib/python3.9/site-packages/airflow/example_dags/example_latest_only.py took 0.189 seconds
[2022-12-31T21:42:08.814+0700] {processor.py:153} INFO - Started process (PID=29757) to work on /home/dmk/anaconda3/lib/python3.9/site-packages/airflow/example_dags/example_latest_only.py
[2022-12-31T21:42:08.817+0700] {processor.py:743} INFO - Processing file /home/dmk/anaconda3/lib/python3.9/site-packages/airflow/example_dags/example_latest_only.py for tasks to queue
[2022-12-31T21:42:08.819+0700] {logging_mixin.py:137} INFO - [2022-12-31T21:42:08.819+0700] {dagbag.py:538} INFO - Filling up the DagBag from /home/dmk/anaconda3/lib/python3.9/site-packages/airflow/example_dags/example_latest_only.py
[2022-12-31T21:42:08.848+0700] {processor.py:753} INFO - DAG(s) dict_keys(['latest_only']) retrieved from /home/dmk/anaconda3/lib/python3.9/site-packages/airflow/example_dags/example_latest_only.py
[2022-12-31T21:42:08.878+0700] {logging_mixin.py:137} INFO - [2022-12-31T21:42:08.878+0700] {dag.py:2676} INFO - Sync 1 DAGs
[2022-12-31T21:42:08.897+0700] {logging_mixin.py:137} INFO - [2022-12-31T21:42:08.897+0700] {dag.py:3423} INFO - Setting next_dagrun for latest_only to 2022-12-31T10:42:08.896954+00:00, run_after=2022-12-31T14:42:08.896954+00:00
[2022-12-31T21:42:09.033+0700] {processor.py:175} INFO - Processing /home/dmk/anaconda3/lib/python3.9/site-packages/airflow/example_dags/example_latest_only.py took 0.228 seconds
[2022-12-31T21:42:56.408+0700] {processor.py:153} INFO - Started process (PID=29895) to work on /home/dmk/anaconda3/lib/python3.9/site-packages/airflow/example_dags/example_latest_only.py
[2022-12-31T21:42:56.411+0700] {processor.py:743} INFO - Processing file /home/dmk/anaconda3/lib/python3.9/site-packages/airflow/example_dags/example_latest_only.py for tasks to queue
[2022-12-31T21:42:56.412+0700] {logging_mixin.py:137} INFO - [2022-12-31T21:42:56.412+0700] {dagbag.py:538} INFO - Filling up the DagBag from /home/dmk/anaconda3/lib/python3.9/site-packages/airflow/example_dags/example_latest_only.py
[2022-12-31T21:42:56.426+0700] {processor.py:753} INFO - DAG(s) dict_keys(['latest_only']) retrieved from /home/dmk/anaconda3/lib/python3.9/site-packages/airflow/example_dags/example_latest_only.py
[2022-12-31T21:42:56.452+0700] {logging_mixin.py:137} INFO - [2022-12-31T21:42:56.452+0700] {dag.py:2676} INFO - Sync 1 DAGs
[2022-12-31T21:42:56.567+0700] {logging_mixin.py:137} INFO - [2022-12-31T21:42:56.567+0700] {dag.py:3423} INFO - Setting next_dagrun for latest_only to 2022-12-31T10:42:56.567553+00:00, run_after=2022-12-31T14:42:56.567553+00:00
[2022-12-31T21:42:56.597+0700] {processor.py:175} INFO - Processing /home/dmk/anaconda3/lib/python3.9/site-packages/airflow/example_dags/example_latest_only.py took 0.191 seconds
[2022-12-31T22:20:55.275+0700] {processor.py:153} INFO - Started process (PID=46130) to work on /home/dmk/anaconda3/lib/python3.9/site-packages/airflow/example_dags/example_latest_only.py
[2022-12-31T22:20:55.310+0700] {processor.py:743} INFO - Processing file /home/dmk/anaconda3/lib/python3.9/site-packages/airflow/example_dags/example_latest_only.py for tasks to queue
[2022-12-31T22:20:55.315+0700] {logging_mixin.py:137} INFO - [2022-12-31T22:20:55.313+0700] {dagbag.py:538} INFO - Filling up the DagBag from /home/dmk/anaconda3/lib/python3.9/site-packages/airflow/example_dags/example_latest_only.py
[2022-12-31T22:20:55.375+0700] {processor.py:753} INFO - DAG(s) dict_keys(['latest_only']) retrieved from /home/dmk/anaconda3/lib/python3.9/site-packages/airflow/example_dags/example_latest_only.py
[2022-12-31T22:20:55.424+0700] {logging_mixin.py:137} INFO - [2022-12-31T22:20:55.424+0700] {dag.py:2676} INFO - Sync 1 DAGs
[2022-12-31T22:20:55.455+0700] {logging_mixin.py:137} INFO - [2022-12-31T22:20:55.455+0700] {dag.py:3423} INFO - Setting next_dagrun for latest_only to 2022-12-31T11:20:55.455559+00:00, run_after=2022-12-31T15:20:55.455559+00:00
[2022-12-31T22:20:55.667+0700] {processor.py:175} INFO - Processing /home/dmk/anaconda3/lib/python3.9/site-packages/airflow/example_dags/example_latest_only.py took 0.399 seconds
[2022-12-31T22:23:07.873+0700] {processor.py:153} INFO - Started process (PID=47548) to work on /home/dmk/anaconda3/lib/python3.9/site-packages/airflow/example_dags/example_latest_only.py
[2022-12-31T22:23:07.875+0700] {processor.py:743} INFO - Processing file /home/dmk/anaconda3/lib/python3.9/site-packages/airflow/example_dags/example_latest_only.py for tasks to queue
[2022-12-31T22:23:07.876+0700] {logging_mixin.py:137} INFO - [2022-12-31T22:23:07.875+0700] {dagbag.py:538} INFO - Filling up the DagBag from /home/dmk/anaconda3/lib/python3.9/site-packages/airflow/example_dags/example_latest_only.py
[2022-12-31T22:23:07.892+0700] {processor.py:753} INFO - DAG(s) dict_keys(['latest_only']) retrieved from /home/dmk/anaconda3/lib/python3.9/site-packages/airflow/example_dags/example_latest_only.py
[2022-12-31T22:23:07.922+0700] {logging_mixin.py:137} INFO - [2022-12-31T22:23:07.922+0700] {dag.py:2676} INFO - Sync 1 DAGs
[2022-12-31T22:23:07.943+0700] {logging_mixin.py:137} INFO - [2022-12-31T22:23:07.943+0700] {dag.py:3423} INFO - Setting next_dagrun for latest_only to 2022-12-31T11:23:07.943378+00:00, run_after=2022-12-31T15:23:07.943378+00:00
[2022-12-31T22:23:08.124+0700] {processor.py:175} INFO - Processing /home/dmk/anaconda3/lib/python3.9/site-packages/airflow/example_dags/example_latest_only.py took 0.255 seconds
[2022-12-31T22:23:59.728+0700] {processor.py:153} INFO - Started process (PID=47973) to work on /home/dmk/anaconda3/lib/python3.9/site-packages/airflow/example_dags/example_latest_only.py
[2022-12-31T22:23:59.731+0700] {processor.py:743} INFO - Processing file /home/dmk/anaconda3/lib/python3.9/site-packages/airflow/example_dags/example_latest_only.py for tasks to queue
[2022-12-31T22:23:59.732+0700] {logging_mixin.py:137} INFO - [2022-12-31T22:23:59.732+0700] {dagbag.py:538} INFO - Filling up the DagBag from /home/dmk/anaconda3/lib/python3.9/site-packages/airflow/example_dags/example_latest_only.py
[2022-12-31T22:23:59.755+0700] {processor.py:753} INFO - DAG(s) dict_keys(['latest_only']) retrieved from /home/dmk/anaconda3/lib/python3.9/site-packages/airflow/example_dags/example_latest_only.py
[2022-12-31T22:23:59.787+0700] {logging_mixin.py:137} INFO - [2022-12-31T22:23:59.787+0700] {dag.py:2676} INFO - Sync 1 DAGs
[2022-12-31T22:23:59.910+0700] {logging_mixin.py:137} INFO - [2022-12-31T22:23:59.910+0700] {dag.py:3423} INFO - Setting next_dagrun for latest_only to 2022-12-31T11:23:59.910266+00:00, run_after=2022-12-31T15:23:59.910266+00:00
[2022-12-31T22:23:59.951+0700] {processor.py:175} INFO - Processing /home/dmk/anaconda3/lib/python3.9/site-packages/airflow/example_dags/example_latest_only.py took 0.232 seconds
[2022-12-31T22:25:18.192+0700] {processor.py:153} INFO - Started process (PID=48874) to work on /home/dmk/anaconda3/envs/airflow/lib/python3.7/site-packages/airflow/example_dags/example_latest_only.py
[2022-12-31T22:25:18.197+0700] {processor.py:743} INFO - Processing file /home/dmk/anaconda3/envs/airflow/lib/python3.7/site-packages/airflow/example_dags/example_latest_only.py for tasks to queue
[2022-12-31T22:25:18.199+0700] {logging_mixin.py:137} INFO - [2022-12-31T22:25:18.198+0700] {dagbag.py:538} INFO - Filling up the DagBag from /home/dmk/anaconda3/envs/airflow/lib/python3.7/site-packages/airflow/example_dags/example_latest_only.py
[2022-12-31T22:25:18.231+0700] {processor.py:753} INFO - DAG(s) dict_keys(['latest_only']) retrieved from /home/dmk/anaconda3/envs/airflow/lib/python3.7/site-packages/airflow/example_dags/example_latest_only.py
[2022-12-31T22:25:18.524+0700] {logging_mixin.py:137} INFO - [2022-12-31T22:25:18.524+0700] {dag.py:2676} INFO - Sync 1 DAGs
[2022-12-31T22:25:18.564+0700] {logging_mixin.py:137} INFO - [2022-12-31T22:25:18.563+0700] {dag.py:3427} INFO - Setting next_dagrun for latest_only to 2022-12-31T11:25:18.563624+00:00, run_after=2022-12-31T15:25:18.563624+00:00
[2022-12-31T22:25:18.608+0700] {processor.py:175} INFO - Processing /home/dmk/anaconda3/envs/airflow/lib/python3.7/site-packages/airflow/example_dags/example_latest_only.py took 0.420 seconds
[2022-12-31T22:26:08.252+0700] {processor.py:153} INFO - Started process (PID=49784) to work on /home/dmk/anaconda3/envs/airflow/lib/python3.7/site-packages/airflow/example_dags/example_latest_only.py
[2022-12-31T22:26:08.256+0700] {processor.py:743} INFO - Processing file /home/dmk/anaconda3/envs/airflow/lib/python3.7/site-packages/airflow/example_dags/example_latest_only.py for tasks to queue
[2022-12-31T22:26:08.258+0700] {logging_mixin.py:137} INFO - [2022-12-31T22:26:08.258+0700] {dagbag.py:538} INFO - Filling up the DagBag from /home/dmk/anaconda3/envs/airflow/lib/python3.7/site-packages/airflow/example_dags/example_latest_only.py
[2022-12-31T22:26:08.277+0700] {processor.py:753} INFO - DAG(s) dict_keys(['latest_only']) retrieved from /home/dmk/anaconda3/envs/airflow/lib/python3.7/site-packages/airflow/example_dags/example_latest_only.py
[2022-12-31T22:26:08.299+0700] {logging_mixin.py:137} INFO - [2022-12-31T22:26:08.299+0700] {dag.py:2676} INFO - Sync 1 DAGs
[2022-12-31T22:26:08.426+0700] {logging_mixin.py:137} INFO - [2022-12-31T22:26:08.426+0700] {dag.py:3427} INFO - Setting next_dagrun for latest_only to 2022-12-31T11:26:08.426446+00:00, run_after=2022-12-31T15:26:08.426446+00:00
[2022-12-31T22:26:08.461+0700] {processor.py:175} INFO - Processing /home/dmk/anaconda3/envs/airflow/lib/python3.7/site-packages/airflow/example_dags/example_latest_only.py took 0.220 seconds
[2022-12-31T22:26:59.291+0700] {processor.py:153} INFO - Started process (PID=50081) to work on /home/dmk/anaconda3/envs/airflow/lib/python3.7/site-packages/airflow/example_dags/example_latest_only.py
[2022-12-31T22:26:59.296+0700] {processor.py:743} INFO - Processing file /home/dmk/anaconda3/envs/airflow/lib/python3.7/site-packages/airflow/example_dags/example_latest_only.py for tasks to queue
[2022-12-31T22:26:59.297+0700] {logging_mixin.py:137} INFO - [2022-12-31T22:26:59.297+0700] {dagbag.py:538} INFO - Filling up the DagBag from /home/dmk/anaconda3/envs/airflow/lib/python3.7/site-packages/airflow/example_dags/example_latest_only.py
[2022-12-31T22:26:59.316+0700] {processor.py:753} INFO - DAG(s) dict_keys(['latest_only']) retrieved from /home/dmk/anaconda3/envs/airflow/lib/python3.7/site-packages/airflow/example_dags/example_latest_only.py
[2022-12-31T22:26:59.448+0700] {logging_mixin.py:137} INFO - [2022-12-31T22:26:59.448+0700] {dag.py:2676} INFO - Sync 1 DAGs
[2022-12-31T22:26:59.468+0700] {logging_mixin.py:137} INFO - [2022-12-31T22:26:59.468+0700] {dag.py:3427} INFO - Setting next_dagrun for latest_only to 2022-12-31T11:26:59.467938+00:00, run_after=2022-12-31T15:26:59.467938+00:00
[2022-12-31T22:26:59.506+0700] {processor.py:175} INFO - Processing /home/dmk/anaconda3/envs/airflow/lib/python3.7/site-packages/airflow/example_dags/example_latest_only.py took 0.219 seconds
[2022-12-31T22:27:47.793+0700] {processor.py:153} INFO - Started process (PID=50451) to work on /home/dmk/anaconda3/envs/airflow/lib/python3.7/site-packages/airflow/example_dags/example_latest_only.py
[2022-12-31T22:27:47.794+0700] {processor.py:743} INFO - Processing file /home/dmk/anaconda3/envs/airflow/lib/python3.7/site-packages/airflow/example_dags/example_latest_only.py for tasks to queue
[2022-12-31T22:27:47.795+0700] {logging_mixin.py:137} INFO - [2022-12-31T22:27:47.795+0700] {dagbag.py:538} INFO - Filling up the DagBag from /home/dmk/anaconda3/envs/airflow/lib/python3.7/site-packages/airflow/example_dags/example_latest_only.py
[2022-12-31T22:27:47.808+0700] {processor.py:753} INFO - DAG(s) dict_keys(['latest_only']) retrieved from /home/dmk/anaconda3/envs/airflow/lib/python3.7/site-packages/airflow/example_dags/example_latest_only.py
[2022-12-31T22:27:47.938+0700] {logging_mixin.py:137} INFO - [2022-12-31T22:27:47.938+0700] {dag.py:2676} INFO - Sync 1 DAGs
[2022-12-31T22:27:47.958+0700] {logging_mixin.py:137} INFO - [2022-12-31T22:27:47.958+0700] {dag.py:3427} INFO - Setting next_dagrun for latest_only to 2022-12-31T11:27:47.958050+00:00, run_after=2022-12-31T15:27:47.958050+00:00
[2022-12-31T22:27:47.989+0700] {processor.py:175} INFO - Processing /home/dmk/anaconda3/envs/airflow/lib/python3.7/site-packages/airflow/example_dags/example_latest_only.py took 0.197 seconds
[2022-12-31T22:28:38.132+0700] {processor.py:153} INFO - Started process (PID=50616) to work on /home/dmk/anaconda3/envs/airflow/lib/python3.7/site-packages/airflow/example_dags/example_latest_only.py
[2022-12-31T22:28:38.136+0700] {processor.py:743} INFO - Processing file /home/dmk/anaconda3/envs/airflow/lib/python3.7/site-packages/airflow/example_dags/example_latest_only.py for tasks to queue
[2022-12-31T22:28:38.137+0700] {logging_mixin.py:137} INFO - [2022-12-31T22:28:38.137+0700] {dagbag.py:538} INFO - Filling up the DagBag from /home/dmk/anaconda3/envs/airflow/lib/python3.7/site-packages/airflow/example_dags/example_latest_only.py
[2022-12-31T22:28:38.258+0700] {processor.py:753} INFO - DAG(s) dict_keys(['latest_only']) retrieved from /home/dmk/anaconda3/envs/airflow/lib/python3.7/site-packages/airflow/example_dags/example_latest_only.py
[2022-12-31T22:28:38.275+0700] {logging_mixin.py:137} INFO - [2022-12-31T22:28:38.275+0700] {dag.py:2676} INFO - Sync 1 DAGs
[2022-12-31T22:28:38.295+0700] {logging_mixin.py:137} INFO - [2022-12-31T22:28:38.295+0700] {dag.py:3427} INFO - Setting next_dagrun for latest_only to 2022-12-31T11:28:38.295561+00:00, run_after=2022-12-31T15:28:38.295561+00:00
[2022-12-31T22:28:38.328+0700] {processor.py:175} INFO - Processing /home/dmk/anaconda3/envs/airflow/lib/python3.7/site-packages/airflow/example_dags/example_latest_only.py took 0.199 seconds
[2022-12-31T22:29:24.640+0700] {processor.py:153} INFO - Started process (PID=50721) to work on /home/dmk/anaconda3/envs/airflow/lib/python3.7/site-packages/airflow/example_dags/example_latest_only.py
[2022-12-31T22:29:24.643+0700] {processor.py:743} INFO - Processing file /home/dmk/anaconda3/envs/airflow/lib/python3.7/site-packages/airflow/example_dags/example_latest_only.py for tasks to queue
[2022-12-31T22:29:24.645+0700] {logging_mixin.py:137} INFO - [2022-12-31T22:29:24.645+0700] {dagbag.py:538} INFO - Filling up the DagBag from /home/dmk/anaconda3/envs/airflow/lib/python3.7/site-packages/airflow/example_dags/example_latest_only.py
[2022-12-31T22:29:24.681+0700] {processor.py:753} INFO - DAG(s) dict_keys(['latest_only']) retrieved from /home/dmk/anaconda3/envs/airflow/lib/python3.7/site-packages/airflow/example_dags/example_latest_only.py
[2022-12-31T22:29:24.720+0700] {logging_mixin.py:137} INFO - [2022-12-31T22:29:24.720+0700] {dag.py:2676} INFO - Sync 1 DAGs
[2022-12-31T22:29:24.744+0700] {logging_mixin.py:137} INFO - [2022-12-31T22:29:24.744+0700] {dag.py:3427} INFO - Setting next_dagrun for latest_only to 2022-12-31T11:29:24.744560+00:00, run_after=2022-12-31T15:29:24.744560+00:00
[2022-12-31T22:29:24.778+0700] {processor.py:175} INFO - Processing /home/dmk/anaconda3/envs/airflow/lib/python3.7/site-packages/airflow/example_dags/example_latest_only.py took 0.146 seconds
[2022-12-31T22:30:11.583+0700] {processor.py:153} INFO - Started process (PID=51383) to work on /home/dmk/anaconda3/envs/airflow/lib/python3.7/site-packages/airflow/example_dags/example_latest_only.py
[2022-12-31T22:30:11.587+0700] {processor.py:743} INFO - Processing file /home/dmk/anaconda3/envs/airflow/lib/python3.7/site-packages/airflow/example_dags/example_latest_only.py for tasks to queue
[2022-12-31T22:30:11.588+0700] {logging_mixin.py:137} INFO - [2022-12-31T22:30:11.587+0700] {dagbag.py:538} INFO - Filling up the DagBag from /home/dmk/anaconda3/envs/airflow/lib/python3.7/site-packages/airflow/example_dags/example_latest_only.py
[2022-12-31T22:30:11.604+0700] {processor.py:753} INFO - DAG(s) dict_keys(['latest_only']) retrieved from /home/dmk/anaconda3/envs/airflow/lib/python3.7/site-packages/airflow/example_dags/example_latest_only.py
[2022-12-31T22:30:11.633+0700] {logging_mixin.py:137} INFO - [2022-12-31T22:30:11.633+0700] {dag.py:2676} INFO - Sync 1 DAGs
[2022-12-31T22:30:11.656+0700] {logging_mixin.py:137} INFO - [2022-12-31T22:30:11.656+0700] {dag.py:3427} INFO - Setting next_dagrun for latest_only to 2022-12-31T11:30:11.656228+00:00, run_after=2022-12-31T15:30:11.656228+00:00
[2022-12-31T22:30:11.697+0700] {processor.py:175} INFO - Processing /home/dmk/anaconda3/envs/airflow/lib/python3.7/site-packages/airflow/example_dags/example_latest_only.py took 0.117 seconds
[2022-12-31T22:30:59.862+0700] {processor.py:153} INFO - Started process (PID=51620) to work on /home/dmk/anaconda3/envs/airflow/lib/python3.7/site-packages/airflow/example_dags/example_latest_only.py
[2022-12-31T22:30:59.866+0700] {processor.py:743} INFO - Processing file /home/dmk/anaconda3/envs/airflow/lib/python3.7/site-packages/airflow/example_dags/example_latest_only.py for tasks to queue
[2022-12-31T22:30:59.867+0700] {logging_mixin.py:137} INFO - [2022-12-31T22:30:59.867+0700] {dagbag.py:538} INFO - Filling up the DagBag from /home/dmk/anaconda3/envs/airflow/lib/python3.7/site-packages/airflow/example_dags/example_latest_only.py
[2022-12-31T22:30:59.887+0700] {processor.py:753} INFO - DAG(s) dict_keys(['latest_only']) retrieved from /home/dmk/anaconda3/envs/airflow/lib/python3.7/site-packages/airflow/example_dags/example_latest_only.py
[2022-12-31T22:30:59.914+0700] {logging_mixin.py:137} INFO - [2022-12-31T22:30:59.914+0700] {dag.py:2676} INFO - Sync 1 DAGs
[2022-12-31T22:30:59.941+0700] {logging_mixin.py:137} INFO - [2022-12-31T22:30:59.941+0700] {dag.py:3427} INFO - Setting next_dagrun for latest_only to 2022-12-31T11:30:59.940781+00:00, run_after=2022-12-31T15:30:59.940781+00:00
[2022-12-31T22:30:59.984+0700] {processor.py:175} INFO - Processing /home/dmk/anaconda3/envs/airflow/lib/python3.7/site-packages/airflow/example_dags/example_latest_only.py took 0.128 seconds
[2022-12-31T22:31:47.793+0700] {processor.py:153} INFO - Started process (PID=51812) to work on /home/dmk/anaconda3/envs/airflow/lib/python3.7/site-packages/airflow/example_dags/example_latest_only.py
[2022-12-31T22:31:47.800+0700] {processor.py:743} INFO - Processing file /home/dmk/anaconda3/envs/airflow/lib/python3.7/site-packages/airflow/example_dags/example_latest_only.py for tasks to queue
[2022-12-31T22:31:47.802+0700] {logging_mixin.py:137} INFO - [2022-12-31T22:31:47.802+0700] {dagbag.py:538} INFO - Filling up the DagBag from /home/dmk/anaconda3/envs/airflow/lib/python3.7/site-packages/airflow/example_dags/example_latest_only.py
[2022-12-31T22:31:47.837+0700] {processor.py:753} INFO - DAG(s) dict_keys(['latest_only']) retrieved from /home/dmk/anaconda3/envs/airflow/lib/python3.7/site-packages/airflow/example_dags/example_latest_only.py
[2022-12-31T22:31:47.867+0700] {logging_mixin.py:137} INFO - [2022-12-31T22:31:47.867+0700] {dag.py:2676} INFO - Sync 1 DAGs
[2022-12-31T22:31:47.896+0700] {logging_mixin.py:137} INFO - [2022-12-31T22:31:47.896+0700] {dag.py:3427} INFO - Setting next_dagrun for latest_only to 2022-12-31T11:31:47.896296+00:00, run_after=2022-12-31T15:31:47.896296+00:00
[2022-12-31T22:31:47.930+0700] {processor.py:175} INFO - Processing /home/dmk/anaconda3/envs/airflow/lib/python3.7/site-packages/airflow/example_dags/example_latest_only.py took 0.146 seconds
[2022-12-31T22:32:38.288+0700] {processor.py:153} INFO - Started process (PID=51907) to work on /home/dmk/anaconda3/envs/airflow/lib/python3.7/site-packages/airflow/example_dags/example_latest_only.py
[2022-12-31T22:32:38.292+0700] {processor.py:743} INFO - Processing file /home/dmk/anaconda3/envs/airflow/lib/python3.7/site-packages/airflow/example_dags/example_latest_only.py for tasks to queue
[2022-12-31T22:32:38.294+0700] {logging_mixin.py:137} INFO - [2022-12-31T22:32:38.294+0700] {dagbag.py:538} INFO - Filling up the DagBag from /home/dmk/anaconda3/envs/airflow/lib/python3.7/site-packages/airflow/example_dags/example_latest_only.py
[2022-12-31T22:32:38.316+0700] {processor.py:753} INFO - DAG(s) dict_keys(['latest_only']) retrieved from /home/dmk/anaconda3/envs/airflow/lib/python3.7/site-packages/airflow/example_dags/example_latest_only.py
[2022-12-31T22:32:38.360+0700] {logging_mixin.py:137} INFO - [2022-12-31T22:32:38.360+0700] {dag.py:2676} INFO - Sync 1 DAGs
[2022-12-31T22:32:38.405+0700] {logging_mixin.py:137} INFO - [2022-12-31T22:32:38.404+0700] {dag.py:3427} INFO - Setting next_dagrun for latest_only to 2022-12-31T11:32:38.404645+00:00, run_after=2022-12-31T15:32:38.404645+00:00
[2022-12-31T22:32:38.470+0700] {processor.py:175} INFO - Processing /home/dmk/anaconda3/envs/airflow/lib/python3.7/site-packages/airflow/example_dags/example_latest_only.py took 0.185 seconds
