[2022-12-31T20:48:04.990+0700] {processor.py:153} INFO - Started process (PID=8628) to work on /home/dmk/anaconda3/lib/python3.9/site-packages/airflow/example_dags/tutorial_taskflow_api_virtualenv.py
[2022-12-31T20:48:04.991+0700] {processor.py:743} INFO - Processing file /home/dmk/anaconda3/lib/python3.9/site-packages/airflow/example_dags/tutorial_taskflow_api_virtualenv.py for tasks to queue
[2022-12-31T20:48:04.991+0700] {logging_mixin.py:137} INFO - [2022-12-31T20:48:04.991+0700] {dagbag.py:538} INFO - Filling up the DagBag from /home/dmk/anaconda3/lib/python3.9/site-packages/airflow/example_dags/tutorial_taskflow_api_virtualenv.py
[2022-12-31T20:48:05.008+0700] {logging_mixin.py:137} INFO - [2022-12-31T20:48:05.007+0700] {tutorial_taskflow_api_virtualenv.py:29} WARNING - The tutorial_taskflow_api_virtualenv example DAG requires virtualenv, please install it.
[2022-12-31T20:48:05.008+0700] {processor.py:755} WARNING - No viable dags retrieved from /home/dmk/anaconda3/lib/python3.9/site-packages/airflow/example_dags/tutorial_taskflow_api_virtualenv.py
[2022-12-31T20:48:05.015+0700] {processor.py:175} INFO - Processing /home/dmk/anaconda3/lib/python3.9/site-packages/airflow/example_dags/tutorial_taskflow_api_virtualenv.py took 0.026 seconds
[2022-12-31T20:54:52.231+0700] {processor.py:153} INFO - Started process (PID=11812) to work on /home/dmk/anaconda3/lib/python3.9/site-packages/airflow/example_dags/tutorial_taskflow_api_virtualenv.py
[2022-12-31T20:54:52.233+0700] {processor.py:743} INFO - Processing file /home/dmk/anaconda3/lib/python3.9/site-packages/airflow/example_dags/tutorial_taskflow_api_virtualenv.py for tasks to queue
[2022-12-31T20:54:52.233+0700] {logging_mixin.py:137} INFO - [2022-12-31T20:54:52.233+0700] {dagbag.py:538} INFO - Filling up the DagBag from /home/dmk/anaconda3/lib/python3.9/site-packages/airflow/example_dags/tutorial_taskflow_api_virtualenv.py
[2022-12-31T20:54:52.255+0700] {logging_mixin.py:137} INFO - [2022-12-31T20:54:52.255+0700] {tutorial_taskflow_api_virtualenv.py:29} WARNING - The tutorial_taskflow_api_virtualenv example DAG requires virtualenv, please install it.
[2022-12-31T20:54:52.255+0700] {processor.py:755} WARNING - No viable dags retrieved from /home/dmk/anaconda3/lib/python3.9/site-packages/airflow/example_dags/tutorial_taskflow_api_virtualenv.py
[2022-12-31T20:54:52.265+0700] {processor.py:175} INFO - Processing /home/dmk/anaconda3/lib/python3.9/site-packages/airflow/example_dags/tutorial_taskflow_api_virtualenv.py took 0.037 seconds
[2022-12-31T20:55:36.376+0700] {processor.py:153} INFO - Started process (PID=12035) to work on /home/dmk/anaconda3/lib/python3.9/site-packages/airflow/example_dags/tutorial_taskflow_api_virtualenv.py
[2022-12-31T20:55:36.378+0700] {processor.py:743} INFO - Processing file /home/dmk/anaconda3/lib/python3.9/site-packages/airflow/example_dags/tutorial_taskflow_api_virtualenv.py for tasks to queue
[2022-12-31T20:55:36.379+0700] {logging_mixin.py:137} INFO - [2022-12-31T20:55:36.378+0700] {dagbag.py:538} INFO - Filling up the DagBag from /home/dmk/anaconda3/lib/python3.9/site-packages/airflow/example_dags/tutorial_taskflow_api_virtualenv.py
[2022-12-31T20:55:36.401+0700] {logging_mixin.py:137} INFO - [2022-12-31T20:55:36.400+0700] {tutorial_taskflow_api_virtualenv.py:29} WARNING - The tutorial_taskflow_api_virtualenv example DAG requires virtualenv, please install it.
[2022-12-31T20:55:36.401+0700] {processor.py:755} WARNING - No viable dags retrieved from /home/dmk/anaconda3/lib/python3.9/site-packages/airflow/example_dags/tutorial_taskflow_api_virtualenv.py
[2022-12-31T20:55:36.411+0700] {processor.py:175} INFO - Processing /home/dmk/anaconda3/lib/python3.9/site-packages/airflow/example_dags/tutorial_taskflow_api_virtualenv.py took 0.038 seconds
[2022-12-31T20:56:18.962+0700] {processor.py:153} INFO - Started process (PID=12193) to work on /home/dmk/anaconda3/lib/python3.9/site-packages/airflow/example_dags/tutorial_taskflow_api_virtualenv.py
[2022-12-31T20:56:18.965+0700] {processor.py:743} INFO - Processing file /home/dmk/anaconda3/lib/python3.9/site-packages/airflow/example_dags/tutorial_taskflow_api_virtualenv.py for tasks to queue
[2022-12-31T20:56:18.968+0700] {logging_mixin.py:137} INFO - [2022-12-31T20:56:18.968+0700] {dagbag.py:538} INFO - Filling up the DagBag from /home/dmk/anaconda3/lib/python3.9/site-packages/airflow/example_dags/tutorial_taskflow_api_virtualenv.py
[2022-12-31T20:56:18.984+0700] {logging_mixin.py:137} INFO - [2022-12-31T20:56:18.983+0700] {tutorial_taskflow_api_virtualenv.py:29} WARNING - The tutorial_taskflow_api_virtualenv example DAG requires virtualenv, please install it.
[2022-12-31T20:56:18.984+0700] {processor.py:755} WARNING - No viable dags retrieved from /home/dmk/anaconda3/lib/python3.9/site-packages/airflow/example_dags/tutorial_taskflow_api_virtualenv.py
[2022-12-31T20:56:18.992+0700] {processor.py:175} INFO - Processing /home/dmk/anaconda3/lib/python3.9/site-packages/airflow/example_dags/tutorial_taskflow_api_virtualenv.py took 0.033 seconds
[2022-12-31T20:57:22.723+0700] {processor.py:153} INFO - Started process (PID=12482) to work on /home/dmk/anaconda3/lib/python3.9/site-packages/airflow/example_dags/tutorial_taskflow_api_virtualenv.py
[2022-12-31T20:57:22.727+0700] {processor.py:743} INFO - Processing file /home/dmk/anaconda3/lib/python3.9/site-packages/airflow/example_dags/tutorial_taskflow_api_virtualenv.py for tasks to queue
[2022-12-31T20:57:22.727+0700] {logging_mixin.py:137} INFO - [2022-12-31T20:57:22.727+0700] {dagbag.py:538} INFO - Filling up the DagBag from /home/dmk/anaconda3/lib/python3.9/site-packages/airflow/example_dags/tutorial_taskflow_api_virtualenv.py
[2022-12-31T20:57:22.744+0700] {logging_mixin.py:137} INFO - [2022-12-31T20:57:22.744+0700] {tutorial_taskflow_api_virtualenv.py:29} WARNING - The tutorial_taskflow_api_virtualenv example DAG requires virtualenv, please install it.
[2022-12-31T20:57:22.745+0700] {processor.py:755} WARNING - No viable dags retrieved from /home/dmk/anaconda3/lib/python3.9/site-packages/airflow/example_dags/tutorial_taskflow_api_virtualenv.py
[2022-12-31T20:57:22.755+0700] {processor.py:175} INFO - Processing /home/dmk/anaconda3/lib/python3.9/site-packages/airflow/example_dags/tutorial_taskflow_api_virtualenv.py took 0.038 seconds
[2022-12-31T20:58:15.910+0700] {processor.py:153} INFO - Started process (PID=12908) to work on /home/dmk/anaconda3/lib/python3.9/site-packages/airflow/example_dags/tutorial_taskflow_api_virtualenv.py
[2022-12-31T20:58:15.913+0700] {processor.py:743} INFO - Processing file /home/dmk/anaconda3/lib/python3.9/site-packages/airflow/example_dags/tutorial_taskflow_api_virtualenv.py for tasks to queue
[2022-12-31T20:58:15.914+0700] {logging_mixin.py:137} INFO - [2022-12-31T20:58:15.914+0700] {dagbag.py:538} INFO - Filling up the DagBag from /home/dmk/anaconda3/lib/python3.9/site-packages/airflow/example_dags/tutorial_taskflow_api_virtualenv.py
[2022-12-31T20:58:16.038+0700] {logging_mixin.py:137} INFO - [2022-12-31T20:58:16.038+0700] {tutorial_taskflow_api_virtualenv.py:29} WARNING - The tutorial_taskflow_api_virtualenv example DAG requires virtualenv, please install it.
[2022-12-31T20:58:16.039+0700] {processor.py:755} WARNING - No viable dags retrieved from /home/dmk/anaconda3/lib/python3.9/site-packages/airflow/example_dags/tutorial_taskflow_api_virtualenv.py
[2022-12-31T20:58:16.044+0700] {processor.py:175} INFO - Processing /home/dmk/anaconda3/lib/python3.9/site-packages/airflow/example_dags/tutorial_taskflow_api_virtualenv.py took 0.137 seconds
[2022-12-31T20:59:05.893+0700] {processor.py:153} INFO - Started process (PID=13100) to work on /home/dmk/anaconda3/lib/python3.9/site-packages/airflow/example_dags/tutorial_taskflow_api_virtualenv.py
[2022-12-31T20:59:05.897+0700] {processor.py:743} INFO - Processing file /home/dmk/anaconda3/lib/python3.9/site-packages/airflow/example_dags/tutorial_taskflow_api_virtualenv.py for tasks to queue
[2022-12-31T20:59:05.899+0700] {logging_mixin.py:137} INFO - [2022-12-31T20:59:05.899+0700] {dagbag.py:538} INFO - Filling up the DagBag from /home/dmk/anaconda3/lib/python3.9/site-packages/airflow/example_dags/tutorial_taskflow_api_virtualenv.py
[2022-12-31T20:59:05.954+0700] {logging_mixin.py:137} INFO - [2022-12-31T20:59:05.954+0700] {tutorial_taskflow_api_virtualenv.py:29} WARNING - The tutorial_taskflow_api_virtualenv example DAG requires virtualenv, please install it.
[2022-12-31T20:59:05.955+0700] {processor.py:755} WARNING - No viable dags retrieved from /home/dmk/anaconda3/lib/python3.9/site-packages/airflow/example_dags/tutorial_taskflow_api_virtualenv.py
[2022-12-31T20:59:05.967+0700] {processor.py:175} INFO - Processing /home/dmk/anaconda3/lib/python3.9/site-packages/airflow/example_dags/tutorial_taskflow_api_virtualenv.py took 0.084 seconds
[2022-12-31T20:59:52.321+0700] {processor.py:153} INFO - Started process (PID=14313) to work on /home/dmk/anaconda3/lib/python3.9/site-packages/airflow/example_dags/tutorial_taskflow_api_virtualenv.py
[2022-12-31T20:59:52.325+0700] {processor.py:743} INFO - Processing file /home/dmk/anaconda3/lib/python3.9/site-packages/airflow/example_dags/tutorial_taskflow_api_virtualenv.py for tasks to queue
[2022-12-31T20:59:52.325+0700] {logging_mixin.py:137} INFO - [2022-12-31T20:59:52.325+0700] {dagbag.py:538} INFO - Filling up the DagBag from /home/dmk/anaconda3/lib/python3.9/site-packages/airflow/example_dags/tutorial_taskflow_api_virtualenv.py
[2022-12-31T20:59:52.343+0700] {logging_mixin.py:137} INFO - [2022-12-31T20:59:52.343+0700] {tutorial_taskflow_api_virtualenv.py:29} WARNING - The tutorial_taskflow_api_virtualenv example DAG requires virtualenv, please install it.
[2022-12-31T20:59:52.344+0700] {processor.py:755} WARNING - No viable dags retrieved from /home/dmk/anaconda3/lib/python3.9/site-packages/airflow/example_dags/tutorial_taskflow_api_virtualenv.py
[2022-12-31T20:59:52.351+0700] {processor.py:175} INFO - Processing /home/dmk/anaconda3/lib/python3.9/site-packages/airflow/example_dags/tutorial_taskflow_api_virtualenv.py took 0.033 seconds
[2022-12-31T21:00:50.367+0700] {processor.py:153} INFO - Started process (PID=15520) to work on /home/dmk/anaconda3/lib/python3.9/site-packages/airflow/example_dags/tutorial_taskflow_api_virtualenv.py
[2022-12-31T21:00:50.372+0700] {processor.py:743} INFO - Processing file /home/dmk/anaconda3/lib/python3.9/site-packages/airflow/example_dags/tutorial_taskflow_api_virtualenv.py for tasks to queue
[2022-12-31T21:00:50.373+0700] {logging_mixin.py:137} INFO - [2022-12-31T21:00:50.373+0700] {dagbag.py:538} INFO - Filling up the DagBag from /home/dmk/anaconda3/lib/python3.9/site-packages/airflow/example_dags/tutorial_taskflow_api_virtualenv.py
[2022-12-31T21:00:50.392+0700] {logging_mixin.py:137} INFO - [2022-12-31T21:00:50.392+0700] {tutorial_taskflow_api_virtualenv.py:29} WARNING - The tutorial_taskflow_api_virtualenv example DAG requires virtualenv, please install it.
[2022-12-31T21:00:50.392+0700] {processor.py:755} WARNING - No viable dags retrieved from /home/dmk/anaconda3/lib/python3.9/site-packages/airflow/example_dags/tutorial_taskflow_api_virtualenv.py
[2022-12-31T21:00:50.399+0700] {processor.py:175} INFO - Processing /home/dmk/anaconda3/lib/python3.9/site-packages/airflow/example_dags/tutorial_taskflow_api_virtualenv.py took 0.039 seconds
[2022-12-31T21:01:26.920+0700] {processor.py:153} INFO - Started process (PID=16188) to work on /home/dmk/anaconda3/lib/python3.9/site-packages/airflow/example_dags/tutorial_taskflow_api_virtualenv.py
[2022-12-31T21:01:26.922+0700] {processor.py:743} INFO - Processing file /home/dmk/anaconda3/lib/python3.9/site-packages/airflow/example_dags/tutorial_taskflow_api_virtualenv.py for tasks to queue
[2022-12-31T21:01:26.923+0700] {logging_mixin.py:137} INFO - [2022-12-31T21:01:26.923+0700] {dagbag.py:538} INFO - Filling up the DagBag from /home/dmk/anaconda3/lib/python3.9/site-packages/airflow/example_dags/tutorial_taskflow_api_virtualenv.py
[2022-12-31T21:01:26.940+0700] {logging_mixin.py:137} INFO - [2022-12-31T21:01:26.940+0700] {tutorial_taskflow_api_virtualenv.py:29} WARNING - The tutorial_taskflow_api_virtualenv example DAG requires virtualenv, please install it.
[2022-12-31T21:01:26.940+0700] {processor.py:755} WARNING - No viable dags retrieved from /home/dmk/anaconda3/lib/python3.9/site-packages/airflow/example_dags/tutorial_taskflow_api_virtualenv.py
[2022-12-31T21:01:26.947+0700] {processor.py:175} INFO - Processing /home/dmk/anaconda3/lib/python3.9/site-packages/airflow/example_dags/tutorial_taskflow_api_virtualenv.py took 0.032 seconds
[2022-12-31T21:02:17.904+0700] {processor.py:153} INFO - Started process (PID=16302) to work on /home/dmk/anaconda3/lib/python3.9/site-packages/airflow/example_dags/tutorial_taskflow_api_virtualenv.py
[2022-12-31T21:02:17.908+0700] {processor.py:743} INFO - Processing file /home/dmk/anaconda3/lib/python3.9/site-packages/airflow/example_dags/tutorial_taskflow_api_virtualenv.py for tasks to queue
[2022-12-31T21:02:17.910+0700] {logging_mixin.py:137} INFO - [2022-12-31T21:02:17.909+0700] {dagbag.py:538} INFO - Filling up the DagBag from /home/dmk/anaconda3/lib/python3.9/site-packages/airflow/example_dags/tutorial_taskflow_api_virtualenv.py
[2022-12-31T21:02:17.939+0700] {logging_mixin.py:137} INFO - [2022-12-31T21:02:17.939+0700] {tutorial_taskflow_api_virtualenv.py:29} WARNING - The tutorial_taskflow_api_virtualenv example DAG requires virtualenv, please install it.
[2022-12-31T21:02:17.939+0700] {processor.py:755} WARNING - No viable dags retrieved from /home/dmk/anaconda3/lib/python3.9/site-packages/airflow/example_dags/tutorial_taskflow_api_virtualenv.py
[2022-12-31T21:02:17.949+0700] {processor.py:175} INFO - Processing /home/dmk/anaconda3/lib/python3.9/site-packages/airflow/example_dags/tutorial_taskflow_api_virtualenv.py took 0.052 seconds
[2022-12-31T21:02:54.858+0700] {processor.py:153} INFO - Started process (PID=16562) to work on /home/dmk/anaconda3/lib/python3.9/site-packages/airflow/example_dags/tutorial_taskflow_api_virtualenv.py
[2022-12-31T21:02:54.863+0700] {processor.py:743} INFO - Processing file /home/dmk/anaconda3/lib/python3.9/site-packages/airflow/example_dags/tutorial_taskflow_api_virtualenv.py for tasks to queue
[2022-12-31T21:02:54.863+0700] {logging_mixin.py:137} INFO - [2022-12-31T21:02:54.863+0700] {dagbag.py:538} INFO - Filling up the DagBag from /home/dmk/anaconda3/lib/python3.9/site-packages/airflow/example_dags/tutorial_taskflow_api_virtualenv.py
[2022-12-31T21:02:54.879+0700] {logging_mixin.py:137} INFO - [2022-12-31T21:02:54.879+0700] {tutorial_taskflow_api_virtualenv.py:29} WARNING - The tutorial_taskflow_api_virtualenv example DAG requires virtualenv, please install it.
[2022-12-31T21:02:54.879+0700] {processor.py:755} WARNING - No viable dags retrieved from /home/dmk/anaconda3/lib/python3.9/site-packages/airflow/example_dags/tutorial_taskflow_api_virtualenv.py
[2022-12-31T21:02:54.886+0700] {processor.py:175} INFO - Processing /home/dmk/anaconda3/lib/python3.9/site-packages/airflow/example_dags/tutorial_taskflow_api_virtualenv.py took 0.033 seconds
[2022-12-31T21:03:29.640+0700] {processor.py:153} INFO - Started process (PID=16845) to work on /home/dmk/anaconda3/lib/python3.9/site-packages/airflow/example_dags/tutorial_taskflow_api_virtualenv.py
[2022-12-31T21:03:29.644+0700] {processor.py:743} INFO - Processing file /home/dmk/anaconda3/lib/python3.9/site-packages/airflow/example_dags/tutorial_taskflow_api_virtualenv.py for tasks to queue
[2022-12-31T21:03:29.645+0700] {logging_mixin.py:137} INFO - [2022-12-31T21:03:29.645+0700] {dagbag.py:538} INFO - Filling up the DagBag from /home/dmk/anaconda3/lib/python3.9/site-packages/airflow/example_dags/tutorial_taskflow_api_virtualenv.py
[2022-12-31T21:03:29.663+0700] {logging_mixin.py:137} INFO - [2022-12-31T21:03:29.663+0700] {tutorial_taskflow_api_virtualenv.py:29} WARNING - The tutorial_taskflow_api_virtualenv example DAG requires virtualenv, please install it.
[2022-12-31T21:03:29.663+0700] {processor.py:755} WARNING - No viable dags retrieved from /home/dmk/anaconda3/lib/python3.9/site-packages/airflow/example_dags/tutorial_taskflow_api_virtualenv.py
[2022-12-31T21:03:29.669+0700] {processor.py:175} INFO - Processing /home/dmk/anaconda3/lib/python3.9/site-packages/airflow/example_dags/tutorial_taskflow_api_virtualenv.py took 0.033 seconds
[2022-12-31T21:04:22.044+0700] {processor.py:153} INFO - Started process (PID=17353) to work on /home/dmk/anaconda3/lib/python3.9/site-packages/airflow/example_dags/tutorial_taskflow_api_virtualenv.py
[2022-12-31T21:04:22.050+0700] {processor.py:743} INFO - Processing file /home/dmk/anaconda3/lib/python3.9/site-packages/airflow/example_dags/tutorial_taskflow_api_virtualenv.py for tasks to queue
[2022-12-31T21:04:22.052+0700] {logging_mixin.py:137} INFO - [2022-12-31T21:04:22.051+0700] {dagbag.py:538} INFO - Filling up the DagBag from /home/dmk/anaconda3/lib/python3.9/site-packages/airflow/example_dags/tutorial_taskflow_api_virtualenv.py
[2022-12-31T21:04:22.086+0700] {logging_mixin.py:137} INFO - [2022-12-31T21:04:22.086+0700] {tutorial_taskflow_api_virtualenv.py:29} WARNING - The tutorial_taskflow_api_virtualenv example DAG requires virtualenv, please install it.
[2022-12-31T21:04:22.086+0700] {processor.py:755} WARNING - No viable dags retrieved from /home/dmk/anaconda3/lib/python3.9/site-packages/airflow/example_dags/tutorial_taskflow_api_virtualenv.py
[2022-12-31T21:04:22.095+0700] {processor.py:175} INFO - Processing /home/dmk/anaconda3/lib/python3.9/site-packages/airflow/example_dags/tutorial_taskflow_api_virtualenv.py took 0.059 seconds
[2022-12-31T21:05:12.942+0700] {processor.py:153} INFO - Started process (PID=17861) to work on /home/dmk/anaconda3/lib/python3.9/site-packages/airflow/example_dags/tutorial_taskflow_api_virtualenv.py
[2022-12-31T21:05:12.946+0700] {processor.py:743} INFO - Processing file /home/dmk/anaconda3/lib/python3.9/site-packages/airflow/example_dags/tutorial_taskflow_api_virtualenv.py for tasks to queue
[2022-12-31T21:05:12.946+0700] {logging_mixin.py:137} INFO - [2022-12-31T21:05:12.946+0700] {dagbag.py:538} INFO - Filling up the DagBag from /home/dmk/anaconda3/lib/python3.9/site-packages/airflow/example_dags/tutorial_taskflow_api_virtualenv.py
[2022-12-31T21:05:12.961+0700] {logging_mixin.py:137} INFO - [2022-12-31T21:05:12.961+0700] {tutorial_taskflow_api_virtualenv.py:29} WARNING - The tutorial_taskflow_api_virtualenv example DAG requires virtualenv, please install it.
[2022-12-31T21:05:12.961+0700] {processor.py:755} WARNING - No viable dags retrieved from /home/dmk/anaconda3/lib/python3.9/site-packages/airflow/example_dags/tutorial_taskflow_api_virtualenv.py
[2022-12-31T21:05:12.970+0700] {processor.py:175} INFO - Processing /home/dmk/anaconda3/lib/python3.9/site-packages/airflow/example_dags/tutorial_taskflow_api_virtualenv.py took 0.031 seconds
[2022-12-31T21:06:01.145+0700] {processor.py:153} INFO - Started process (PID=18388) to work on /home/dmk/anaconda3/lib/python3.9/site-packages/airflow/example_dags/tutorial_taskflow_api_virtualenv.py
[2022-12-31T21:06:01.148+0700] {processor.py:743} INFO - Processing file /home/dmk/anaconda3/lib/python3.9/site-packages/airflow/example_dags/tutorial_taskflow_api_virtualenv.py for tasks to queue
[2022-12-31T21:06:01.149+0700] {logging_mixin.py:137} INFO - [2022-12-31T21:06:01.148+0700] {dagbag.py:538} INFO - Filling up the DagBag from /home/dmk/anaconda3/lib/python3.9/site-packages/airflow/example_dags/tutorial_taskflow_api_virtualenv.py
[2022-12-31T21:06:01.178+0700] {logging_mixin.py:137} INFO - [2022-12-31T21:06:01.177+0700] {tutorial_taskflow_api_virtualenv.py:29} WARNING - The tutorial_taskflow_api_virtualenv example DAG requires virtualenv, please install it.
[2022-12-31T21:06:01.178+0700] {processor.py:755} WARNING - No viable dags retrieved from /home/dmk/anaconda3/lib/python3.9/site-packages/airflow/example_dags/tutorial_taskflow_api_virtualenv.py
[2022-12-31T21:06:01.192+0700] {processor.py:175} INFO - Processing /home/dmk/anaconda3/lib/python3.9/site-packages/airflow/example_dags/tutorial_taskflow_api_virtualenv.py took 0.051 seconds
[2022-12-31T21:07:03.688+0700] {processor.py:153} INFO - Started process (PID=18557) to work on /home/dmk/anaconda3/lib/python3.9/site-packages/airflow/example_dags/tutorial_taskflow_api_virtualenv.py
[2022-12-31T21:07:03.692+0700] {processor.py:743} INFO - Processing file /home/dmk/anaconda3/lib/python3.9/site-packages/airflow/example_dags/tutorial_taskflow_api_virtualenv.py for tasks to queue
[2022-12-31T21:07:03.692+0700] {logging_mixin.py:137} INFO - [2022-12-31T21:07:03.692+0700] {dagbag.py:538} INFO - Filling up the DagBag from /home/dmk/anaconda3/lib/python3.9/site-packages/airflow/example_dags/tutorial_taskflow_api_virtualenv.py
[2022-12-31T21:07:03.707+0700] {logging_mixin.py:137} INFO - [2022-12-31T21:07:03.707+0700] {tutorial_taskflow_api_virtualenv.py:29} WARNING - The tutorial_taskflow_api_virtualenv example DAG requires virtualenv, please install it.
[2022-12-31T21:07:03.708+0700] {processor.py:755} WARNING - No viable dags retrieved from /home/dmk/anaconda3/lib/python3.9/site-packages/airflow/example_dags/tutorial_taskflow_api_virtualenv.py
[2022-12-31T21:07:03.715+0700] {processor.py:175} INFO - Processing /home/dmk/anaconda3/lib/python3.9/site-packages/airflow/example_dags/tutorial_taskflow_api_virtualenv.py took 0.030 seconds
[2022-12-31T21:07:48.718+0700] {processor.py:153} INFO - Started process (PID=18738) to work on /home/dmk/anaconda3/lib/python3.9/site-packages/airflow/example_dags/tutorial_taskflow_api_virtualenv.py
[2022-12-31T21:07:48.721+0700] {processor.py:743} INFO - Processing file /home/dmk/anaconda3/lib/python3.9/site-packages/airflow/example_dags/tutorial_taskflow_api_virtualenv.py for tasks to queue
[2022-12-31T21:07:48.721+0700] {logging_mixin.py:137} INFO - [2022-12-31T21:07:48.721+0700] {dagbag.py:538} INFO - Filling up the DagBag from /home/dmk/anaconda3/lib/python3.9/site-packages/airflow/example_dags/tutorial_taskflow_api_virtualenv.py
[2022-12-31T21:07:48.841+0700] {logging_mixin.py:137} INFO - [2022-12-31T21:07:48.841+0700] {tutorial_taskflow_api_virtualenv.py:29} WARNING - The tutorial_taskflow_api_virtualenv example DAG requires virtualenv, please install it.
[2022-12-31T21:07:48.841+0700] {processor.py:755} WARNING - No viable dags retrieved from /home/dmk/anaconda3/lib/python3.9/site-packages/airflow/example_dags/tutorial_taskflow_api_virtualenv.py
[2022-12-31T21:07:48.847+0700] {processor.py:175} INFO - Processing /home/dmk/anaconda3/lib/python3.9/site-packages/airflow/example_dags/tutorial_taskflow_api_virtualenv.py took 0.136 seconds
[2022-12-31T21:08:37.781+0700] {processor.py:153} INFO - Started process (PID=18997) to work on /home/dmk/anaconda3/lib/python3.9/site-packages/airflow/example_dags/tutorial_taskflow_api_virtualenv.py
[2022-12-31T21:08:37.786+0700] {processor.py:743} INFO - Processing file /home/dmk/anaconda3/lib/python3.9/site-packages/airflow/example_dags/tutorial_taskflow_api_virtualenv.py for tasks to queue
[2022-12-31T21:08:37.788+0700] {logging_mixin.py:137} INFO - [2022-12-31T21:08:37.788+0700] {dagbag.py:538} INFO - Filling up the DagBag from /home/dmk/anaconda3/lib/python3.9/site-packages/airflow/example_dags/tutorial_taskflow_api_virtualenv.py
[2022-12-31T21:08:37.812+0700] {logging_mixin.py:137} INFO - [2022-12-31T21:08:37.812+0700] {tutorial_taskflow_api_virtualenv.py:29} WARNING - The tutorial_taskflow_api_virtualenv example DAG requires virtualenv, please install it.
[2022-12-31T21:08:37.812+0700] {processor.py:755} WARNING - No viable dags retrieved from /home/dmk/anaconda3/lib/python3.9/site-packages/airflow/example_dags/tutorial_taskflow_api_virtualenv.py
[2022-12-31T21:08:37.821+0700] {processor.py:175} INFO - Processing /home/dmk/anaconda3/lib/python3.9/site-packages/airflow/example_dags/tutorial_taskflow_api_virtualenv.py took 0.048 seconds
[2022-12-31T21:09:28.254+0700] {processor.py:153} INFO - Started process (PID=19733) to work on /home/dmk/anaconda3/lib/python3.9/site-packages/airflow/example_dags/tutorial_taskflow_api_virtualenv.py
[2022-12-31T21:09:28.258+0700] {processor.py:743} INFO - Processing file /home/dmk/anaconda3/lib/python3.9/site-packages/airflow/example_dags/tutorial_taskflow_api_virtualenv.py for tasks to queue
[2022-12-31T21:09:28.259+0700] {logging_mixin.py:137} INFO - [2022-12-31T21:09:28.259+0700] {dagbag.py:538} INFO - Filling up the DagBag from /home/dmk/anaconda3/lib/python3.9/site-packages/airflow/example_dags/tutorial_taskflow_api_virtualenv.py
[2022-12-31T21:09:28.275+0700] {logging_mixin.py:137} INFO - [2022-12-31T21:09:28.275+0700] {tutorial_taskflow_api_virtualenv.py:29} WARNING - The tutorial_taskflow_api_virtualenv example DAG requires virtualenv, please install it.
[2022-12-31T21:09:28.275+0700] {processor.py:755} WARNING - No viable dags retrieved from /home/dmk/anaconda3/lib/python3.9/site-packages/airflow/example_dags/tutorial_taskflow_api_virtualenv.py
[2022-12-31T21:09:28.284+0700] {processor.py:175} INFO - Processing /home/dmk/anaconda3/lib/python3.9/site-packages/airflow/example_dags/tutorial_taskflow_api_virtualenv.py took 0.033 seconds
[2022-12-31T21:10:09.876+0700] {processor.py:153} INFO - Started process (PID=19876) to work on /home/dmk/anaconda3/lib/python3.9/site-packages/airflow/example_dags/tutorial_taskflow_api_virtualenv.py
[2022-12-31T21:10:09.880+0700] {processor.py:743} INFO - Processing file /home/dmk/anaconda3/lib/python3.9/site-packages/airflow/example_dags/tutorial_taskflow_api_virtualenv.py for tasks to queue
[2022-12-31T21:10:09.883+0700] {logging_mixin.py:137} INFO - [2022-12-31T21:10:09.883+0700] {dagbag.py:538} INFO - Filling up the DagBag from /home/dmk/anaconda3/lib/python3.9/site-packages/airflow/example_dags/tutorial_taskflow_api_virtualenv.py
[2022-12-31T21:10:09.911+0700] {logging_mixin.py:137} INFO - [2022-12-31T21:10:09.911+0700] {tutorial_taskflow_api_virtualenv.py:29} WARNING - The tutorial_taskflow_api_virtualenv example DAG requires virtualenv, please install it.
[2022-12-31T21:10:09.911+0700] {processor.py:755} WARNING - No viable dags retrieved from /home/dmk/anaconda3/lib/python3.9/site-packages/airflow/example_dags/tutorial_taskflow_api_virtualenv.py
[2022-12-31T21:10:09.921+0700] {processor.py:175} INFO - Processing /home/dmk/anaconda3/lib/python3.9/site-packages/airflow/example_dags/tutorial_taskflow_api_virtualenv.py took 0.049 seconds
[2022-12-31T21:10:58.678+0700] {processor.py:153} INFO - Started process (PID=20151) to work on /home/dmk/anaconda3/lib/python3.9/site-packages/airflow/example_dags/tutorial_taskflow_api_virtualenv.py
[2022-12-31T21:10:58.683+0700] {processor.py:743} INFO - Processing file /home/dmk/anaconda3/lib/python3.9/site-packages/airflow/example_dags/tutorial_taskflow_api_virtualenv.py for tasks to queue
[2022-12-31T21:10:58.684+0700] {logging_mixin.py:137} INFO - [2022-12-31T21:10:58.684+0700] {dagbag.py:538} INFO - Filling up the DagBag from /home/dmk/anaconda3/lib/python3.9/site-packages/airflow/example_dags/tutorial_taskflow_api_virtualenv.py
[2022-12-31T21:10:58.717+0700] {logging_mixin.py:137} INFO - [2022-12-31T21:10:58.716+0700] {tutorial_taskflow_api_virtualenv.py:29} WARNING - The tutorial_taskflow_api_virtualenv example DAG requires virtualenv, please install it.
[2022-12-31T21:10:58.717+0700] {processor.py:755} WARNING - No viable dags retrieved from /home/dmk/anaconda3/lib/python3.9/site-packages/airflow/example_dags/tutorial_taskflow_api_virtualenv.py
[2022-12-31T21:10:58.725+0700] {processor.py:175} INFO - Processing /home/dmk/anaconda3/lib/python3.9/site-packages/airflow/example_dags/tutorial_taskflow_api_virtualenv.py took 0.049 seconds
[2022-12-31T21:11:34.363+0700] {processor.py:153} INFO - Started process (PID=20219) to work on /home/dmk/anaconda3/lib/python3.9/site-packages/airflow/example_dags/tutorial_taskflow_api_virtualenv.py
[2022-12-31T21:11:34.367+0700] {processor.py:743} INFO - Processing file /home/dmk/anaconda3/lib/python3.9/site-packages/airflow/example_dags/tutorial_taskflow_api_virtualenv.py for tasks to queue
[2022-12-31T21:11:34.368+0700] {logging_mixin.py:137} INFO - [2022-12-31T21:11:34.368+0700] {dagbag.py:538} INFO - Filling up the DagBag from /home/dmk/anaconda3/lib/python3.9/site-packages/airflow/example_dags/tutorial_taskflow_api_virtualenv.py
[2022-12-31T21:11:34.403+0700] {logging_mixin.py:137} INFO - [2022-12-31T21:11:34.402+0700] {tutorial_taskflow_api_virtualenv.py:29} WARNING - The tutorial_taskflow_api_virtualenv example DAG requires virtualenv, please install it.
[2022-12-31T21:11:34.403+0700] {processor.py:755} WARNING - No viable dags retrieved from /home/dmk/anaconda3/lib/python3.9/site-packages/airflow/example_dags/tutorial_taskflow_api_virtualenv.py
[2022-12-31T21:11:34.413+0700] {processor.py:175} INFO - Processing /home/dmk/anaconda3/lib/python3.9/site-packages/airflow/example_dags/tutorial_taskflow_api_virtualenv.py took 0.062 seconds
[2022-12-31T21:12:20.122+0700] {processor.py:153} INFO - Started process (PID=20391) to work on /home/dmk/anaconda3/lib/python3.9/site-packages/airflow/example_dags/tutorial_taskflow_api_virtualenv.py
[2022-12-31T21:12:20.126+0700] {processor.py:743} INFO - Processing file /home/dmk/anaconda3/lib/python3.9/site-packages/airflow/example_dags/tutorial_taskflow_api_virtualenv.py for tasks to queue
[2022-12-31T21:12:20.130+0700] {logging_mixin.py:137} INFO - [2022-12-31T21:12:20.130+0700] {dagbag.py:538} INFO - Filling up the DagBag from /home/dmk/anaconda3/lib/python3.9/site-packages/airflow/example_dags/tutorial_taskflow_api_virtualenv.py
[2022-12-31T21:12:20.168+0700] {logging_mixin.py:137} INFO - [2022-12-31T21:12:20.168+0700] {tutorial_taskflow_api_virtualenv.py:29} WARNING - The tutorial_taskflow_api_virtualenv example DAG requires virtualenv, please install it.
[2022-12-31T21:12:20.169+0700] {processor.py:755} WARNING - No viable dags retrieved from /home/dmk/anaconda3/lib/python3.9/site-packages/airflow/example_dags/tutorial_taskflow_api_virtualenv.py
[2022-12-31T21:12:20.182+0700] {processor.py:175} INFO - Processing /home/dmk/anaconda3/lib/python3.9/site-packages/airflow/example_dags/tutorial_taskflow_api_virtualenv.py took 0.070 seconds
[2022-12-31T21:13:08.741+0700] {processor.py:153} INFO - Started process (PID=20554) to work on /home/dmk/anaconda3/lib/python3.9/site-packages/airflow/example_dags/tutorial_taskflow_api_virtualenv.py
[2022-12-31T21:13:08.746+0700] {processor.py:743} INFO - Processing file /home/dmk/anaconda3/lib/python3.9/site-packages/airflow/example_dags/tutorial_taskflow_api_virtualenv.py for tasks to queue
[2022-12-31T21:13:08.748+0700] {logging_mixin.py:137} INFO - [2022-12-31T21:13:08.748+0700] {dagbag.py:538} INFO - Filling up the DagBag from /home/dmk/anaconda3/lib/python3.9/site-packages/airflow/example_dags/tutorial_taskflow_api_virtualenv.py
[2022-12-31T21:13:08.796+0700] {logging_mixin.py:137} INFO - [2022-12-31T21:13:08.796+0700] {tutorial_taskflow_api_virtualenv.py:29} WARNING - The tutorial_taskflow_api_virtualenv example DAG requires virtualenv, please install it.
[2022-12-31T21:13:08.796+0700] {processor.py:755} WARNING - No viable dags retrieved from /home/dmk/anaconda3/lib/python3.9/site-packages/airflow/example_dags/tutorial_taskflow_api_virtualenv.py
[2022-12-31T21:13:08.808+0700] {processor.py:175} INFO - Processing /home/dmk/anaconda3/lib/python3.9/site-packages/airflow/example_dags/tutorial_taskflow_api_virtualenv.py took 0.076 seconds
[2022-12-31T21:13:57.340+0700] {processor.py:153} INFO - Started process (PID=20799) to work on /home/dmk/anaconda3/lib/python3.9/site-packages/airflow/example_dags/tutorial_taskflow_api_virtualenv.py
[2022-12-31T21:13:57.343+0700] {processor.py:743} INFO - Processing file /home/dmk/anaconda3/lib/python3.9/site-packages/airflow/example_dags/tutorial_taskflow_api_virtualenv.py for tasks to queue
[2022-12-31T21:13:57.345+0700] {logging_mixin.py:137} INFO - [2022-12-31T21:13:57.344+0700] {dagbag.py:538} INFO - Filling up the DagBag from /home/dmk/anaconda3/lib/python3.9/site-packages/airflow/example_dags/tutorial_taskflow_api_virtualenv.py
[2022-12-31T21:13:57.369+0700] {logging_mixin.py:137} INFO - [2022-12-31T21:13:57.369+0700] {tutorial_taskflow_api_virtualenv.py:29} WARNING - The tutorial_taskflow_api_virtualenv example DAG requires virtualenv, please install it.
[2022-12-31T21:13:57.369+0700] {processor.py:755} WARNING - No viable dags retrieved from /home/dmk/anaconda3/lib/python3.9/site-packages/airflow/example_dags/tutorial_taskflow_api_virtualenv.py
[2022-12-31T21:13:57.377+0700] {processor.py:175} INFO - Processing /home/dmk/anaconda3/lib/python3.9/site-packages/airflow/example_dags/tutorial_taskflow_api_virtualenv.py took 0.045 seconds
[2022-12-31T21:14:48.237+0700] {processor.py:153} INFO - Started process (PID=21999) to work on /home/dmk/anaconda3/lib/python3.9/site-packages/airflow/example_dags/tutorial_taskflow_api_virtualenv.py
[2022-12-31T21:14:48.241+0700] {processor.py:743} INFO - Processing file /home/dmk/anaconda3/lib/python3.9/site-packages/airflow/example_dags/tutorial_taskflow_api_virtualenv.py for tasks to queue
[2022-12-31T21:14:48.243+0700] {logging_mixin.py:137} INFO - [2022-12-31T21:14:48.243+0700] {dagbag.py:538} INFO - Filling up the DagBag from /home/dmk/anaconda3/lib/python3.9/site-packages/airflow/example_dags/tutorial_taskflow_api_virtualenv.py
[2022-12-31T21:14:48.266+0700] {logging_mixin.py:137} INFO - [2022-12-31T21:14:48.266+0700] {tutorial_taskflow_api_virtualenv.py:29} WARNING - The tutorial_taskflow_api_virtualenv example DAG requires virtualenv, please install it.
[2022-12-31T21:14:48.266+0700] {processor.py:755} WARNING - No viable dags retrieved from /home/dmk/anaconda3/lib/python3.9/site-packages/airflow/example_dags/tutorial_taskflow_api_virtualenv.py
[2022-12-31T21:14:48.273+0700] {processor.py:175} INFO - Processing /home/dmk/anaconda3/lib/python3.9/site-packages/airflow/example_dags/tutorial_taskflow_api_virtualenv.py took 0.044 seconds
[2022-12-31T21:15:38.223+0700] {processor.py:153} INFO - Started process (PID=22202) to work on /home/dmk/anaconda3/lib/python3.9/site-packages/airflow/example_dags/tutorial_taskflow_api_virtualenv.py
[2022-12-31T21:15:38.228+0700] {processor.py:743} INFO - Processing file /home/dmk/anaconda3/lib/python3.9/site-packages/airflow/example_dags/tutorial_taskflow_api_virtualenv.py for tasks to queue
[2022-12-31T21:15:38.229+0700] {logging_mixin.py:137} INFO - [2022-12-31T21:15:38.229+0700] {dagbag.py:538} INFO - Filling up the DagBag from /home/dmk/anaconda3/lib/python3.9/site-packages/airflow/example_dags/tutorial_taskflow_api_virtualenv.py
[2022-12-31T21:15:38.252+0700] {logging_mixin.py:137} INFO - [2022-12-31T21:15:38.252+0700] {tutorial_taskflow_api_virtualenv.py:29} WARNING - The tutorial_taskflow_api_virtualenv example DAG requires virtualenv, please install it.
[2022-12-31T21:15:38.252+0700] {processor.py:755} WARNING - No viable dags retrieved from /home/dmk/anaconda3/lib/python3.9/site-packages/airflow/example_dags/tutorial_taskflow_api_virtualenv.py
[2022-12-31T21:15:38.260+0700] {processor.py:175} INFO - Processing /home/dmk/anaconda3/lib/python3.9/site-packages/airflow/example_dags/tutorial_taskflow_api_virtualenv.py took 0.041 seconds
[2022-12-31T21:16:16.551+0700] {processor.py:153} INFO - Started process (PID=22689) to work on /home/dmk/anaconda3/lib/python3.9/site-packages/airflow/example_dags/tutorial_taskflow_api_virtualenv.py
[2022-12-31T21:16:16.554+0700] {processor.py:743} INFO - Processing file /home/dmk/anaconda3/lib/python3.9/site-packages/airflow/example_dags/tutorial_taskflow_api_virtualenv.py for tasks to queue
[2022-12-31T21:16:16.554+0700] {logging_mixin.py:137} INFO - [2022-12-31T21:16:16.554+0700] {dagbag.py:538} INFO - Filling up the DagBag from /home/dmk/anaconda3/lib/python3.9/site-packages/airflow/example_dags/tutorial_taskflow_api_virtualenv.py
[2022-12-31T21:16:16.572+0700] {logging_mixin.py:137} INFO - [2022-12-31T21:16:16.572+0700] {tutorial_taskflow_api_virtualenv.py:29} WARNING - The tutorial_taskflow_api_virtualenv example DAG requires virtualenv, please install it.
[2022-12-31T21:16:16.572+0700] {processor.py:755} WARNING - No viable dags retrieved from /home/dmk/anaconda3/lib/python3.9/site-packages/airflow/example_dags/tutorial_taskflow_api_virtualenv.py
[2022-12-31T21:16:16.580+0700] {processor.py:175} INFO - Processing /home/dmk/anaconda3/lib/python3.9/site-packages/airflow/example_dags/tutorial_taskflow_api_virtualenv.py took 0.034 seconds
[2022-12-31T21:17:03.222+0700] {processor.py:153} INFO - Started process (PID=23514) to work on /home/dmk/anaconda3/lib/python3.9/site-packages/airflow/example_dags/tutorial_taskflow_api_virtualenv.py
[2022-12-31T21:17:03.227+0700] {processor.py:743} INFO - Processing file /home/dmk/anaconda3/lib/python3.9/site-packages/airflow/example_dags/tutorial_taskflow_api_virtualenv.py for tasks to queue
[2022-12-31T21:17:03.229+0700] {logging_mixin.py:137} INFO - [2022-12-31T21:17:03.228+0700] {dagbag.py:538} INFO - Filling up the DagBag from /home/dmk/anaconda3/lib/python3.9/site-packages/airflow/example_dags/tutorial_taskflow_api_virtualenv.py
[2022-12-31T21:17:03.256+0700] {logging_mixin.py:137} INFO - [2022-12-31T21:17:03.256+0700] {tutorial_taskflow_api_virtualenv.py:29} WARNING - The tutorial_taskflow_api_virtualenv example DAG requires virtualenv, please install it.
[2022-12-31T21:17:03.257+0700] {processor.py:755} WARNING - No viable dags retrieved from /home/dmk/anaconda3/lib/python3.9/site-packages/airflow/example_dags/tutorial_taskflow_api_virtualenv.py
[2022-12-31T21:17:03.265+0700] {processor.py:175} INFO - Processing /home/dmk/anaconda3/lib/python3.9/site-packages/airflow/example_dags/tutorial_taskflow_api_virtualenv.py took 0.050 seconds
[2022-12-31T21:17:51.245+0700] {processor.py:153} INFO - Started process (PID=23650) to work on /home/dmk/anaconda3/lib/python3.9/site-packages/airflow/example_dags/tutorial_taskflow_api_virtualenv.py
[2022-12-31T21:17:51.250+0700] {processor.py:743} INFO - Processing file /home/dmk/anaconda3/lib/python3.9/site-packages/airflow/example_dags/tutorial_taskflow_api_virtualenv.py for tasks to queue
[2022-12-31T21:17:51.251+0700] {logging_mixin.py:137} INFO - [2022-12-31T21:17:51.250+0700] {dagbag.py:538} INFO - Filling up the DagBag from /home/dmk/anaconda3/lib/python3.9/site-packages/airflow/example_dags/tutorial_taskflow_api_virtualenv.py
[2022-12-31T21:17:51.272+0700] {logging_mixin.py:137} INFO - [2022-12-31T21:17:51.271+0700] {tutorial_taskflow_api_virtualenv.py:29} WARNING - The tutorial_taskflow_api_virtualenv example DAG requires virtualenv, please install it.
[2022-12-31T21:17:51.272+0700] {processor.py:755} WARNING - No viable dags retrieved from /home/dmk/anaconda3/lib/python3.9/site-packages/airflow/example_dags/tutorial_taskflow_api_virtualenv.py
[2022-12-31T21:17:51.280+0700] {processor.py:175} INFO - Processing /home/dmk/anaconda3/lib/python3.9/site-packages/airflow/example_dags/tutorial_taskflow_api_virtualenv.py took 0.041 seconds
[2022-12-31T21:18:54.298+0700] {processor.py:153} INFO - Started process (PID=23968) to work on /home/dmk/anaconda3/lib/python3.9/site-packages/airflow/example_dags/tutorial_taskflow_api_virtualenv.py
[2022-12-31T21:18:54.301+0700] {processor.py:743} INFO - Processing file /home/dmk/anaconda3/lib/python3.9/site-packages/airflow/example_dags/tutorial_taskflow_api_virtualenv.py for tasks to queue
[2022-12-31T21:18:54.302+0700] {logging_mixin.py:137} INFO - [2022-12-31T21:18:54.302+0700] {dagbag.py:538} INFO - Filling up the DagBag from /home/dmk/anaconda3/lib/python3.9/site-packages/airflow/example_dags/tutorial_taskflow_api_virtualenv.py
[2022-12-31T21:18:54.327+0700] {logging_mixin.py:137} INFO - [2022-12-31T21:18:54.327+0700] {tutorial_taskflow_api_virtualenv.py:29} WARNING - The tutorial_taskflow_api_virtualenv example DAG requires virtualenv, please install it.
[2022-12-31T21:18:54.327+0700] {processor.py:755} WARNING - No viable dags retrieved from /home/dmk/anaconda3/lib/python3.9/site-packages/airflow/example_dags/tutorial_taskflow_api_virtualenv.py
[2022-12-31T21:18:54.338+0700] {processor.py:175} INFO - Processing /home/dmk/anaconda3/lib/python3.9/site-packages/airflow/example_dags/tutorial_taskflow_api_virtualenv.py took 0.043 seconds
[2022-12-31T21:19:44.749+0700] {processor.py:153} INFO - Started process (PID=24205) to work on /home/dmk/anaconda3/lib/python3.9/site-packages/airflow/example_dags/tutorial_taskflow_api_virtualenv.py
[2022-12-31T21:19:44.750+0700] {processor.py:743} INFO - Processing file /home/dmk/anaconda3/lib/python3.9/site-packages/airflow/example_dags/tutorial_taskflow_api_virtualenv.py for tasks to queue
[2022-12-31T21:19:44.750+0700] {logging_mixin.py:137} INFO - [2022-12-31T21:19:44.750+0700] {dagbag.py:538} INFO - Filling up the DagBag from /home/dmk/anaconda3/lib/python3.9/site-packages/airflow/example_dags/tutorial_taskflow_api_virtualenv.py
[2022-12-31T21:19:44.765+0700] {logging_mixin.py:137} INFO - [2022-12-31T21:19:44.765+0700] {tutorial_taskflow_api_virtualenv.py:29} WARNING - The tutorial_taskflow_api_virtualenv example DAG requires virtualenv, please install it.
[2022-12-31T21:19:44.765+0700] {processor.py:755} WARNING - No viable dags retrieved from /home/dmk/anaconda3/lib/python3.9/site-packages/airflow/example_dags/tutorial_taskflow_api_virtualenv.py
[2022-12-31T21:19:44.773+0700] {processor.py:175} INFO - Processing /home/dmk/anaconda3/lib/python3.9/site-packages/airflow/example_dags/tutorial_taskflow_api_virtualenv.py took 0.027 seconds
[2022-12-31T21:20:27.250+0700] {processor.py:153} INFO - Started process (PID=24441) to work on /home/dmk/anaconda3/lib/python3.9/site-packages/airflow/example_dags/tutorial_taskflow_api_virtualenv.py
[2022-12-31T21:20:27.255+0700] {processor.py:743} INFO - Processing file /home/dmk/anaconda3/lib/python3.9/site-packages/airflow/example_dags/tutorial_taskflow_api_virtualenv.py for tasks to queue
[2022-12-31T21:20:27.257+0700] {logging_mixin.py:137} INFO - [2022-12-31T21:20:27.256+0700] {dagbag.py:538} INFO - Filling up the DagBag from /home/dmk/anaconda3/lib/python3.9/site-packages/airflow/example_dags/tutorial_taskflow_api_virtualenv.py
[2022-12-31T21:20:27.289+0700] {logging_mixin.py:137} INFO - [2022-12-31T21:20:27.288+0700] {tutorial_taskflow_api_virtualenv.py:29} WARNING - The tutorial_taskflow_api_virtualenv example DAG requires virtualenv, please install it.
[2022-12-31T21:20:27.289+0700] {processor.py:755} WARNING - No viable dags retrieved from /home/dmk/anaconda3/lib/python3.9/site-packages/airflow/example_dags/tutorial_taskflow_api_virtualenv.py
[2022-12-31T21:20:27.304+0700] {processor.py:175} INFO - Processing /home/dmk/anaconda3/lib/python3.9/site-packages/airflow/example_dags/tutorial_taskflow_api_virtualenv.py took 0.060 seconds
[2022-12-31T21:22:17.741+0700] {processor.py:153} INFO - Started process (PID=25161) to work on /home/dmk/anaconda3/lib/python3.9/site-packages/airflow/example_dags/tutorial_taskflow_api_virtualenv.py
[2022-12-31T21:22:17.744+0700] {processor.py:743} INFO - Processing file /home/dmk/anaconda3/lib/python3.9/site-packages/airflow/example_dags/tutorial_taskflow_api_virtualenv.py for tasks to queue
[2022-12-31T21:22:17.745+0700] {logging_mixin.py:137} INFO - [2022-12-31T21:22:17.745+0700] {dagbag.py:538} INFO - Filling up the DagBag from /home/dmk/anaconda3/lib/python3.9/site-packages/airflow/example_dags/tutorial_taskflow_api_virtualenv.py
[2022-12-31T21:22:17.763+0700] {logging_mixin.py:137} INFO - [2022-12-31T21:22:17.763+0700] {tutorial_taskflow_api_virtualenv.py:29} WARNING - The tutorial_taskflow_api_virtualenv example DAG requires virtualenv, please install it.
[2022-12-31T21:22:17.764+0700] {processor.py:755} WARNING - No viable dags retrieved from /home/dmk/anaconda3/lib/python3.9/site-packages/airflow/example_dags/tutorial_taskflow_api_virtualenv.py
[2022-12-31T21:22:17.771+0700] {processor.py:175} INFO - Processing /home/dmk/anaconda3/lib/python3.9/site-packages/airflow/example_dags/tutorial_taskflow_api_virtualenv.py took 0.033 seconds
[2022-12-31T21:23:06.803+0700] {processor.py:153} INFO - Started process (PID=25372) to work on /home/dmk/anaconda3/lib/python3.9/site-packages/airflow/example_dags/tutorial_taskflow_api_virtualenv.py
[2022-12-31T21:23:06.808+0700] {processor.py:743} INFO - Processing file /home/dmk/anaconda3/lib/python3.9/site-packages/airflow/example_dags/tutorial_taskflow_api_virtualenv.py for tasks to queue
[2022-12-31T21:23:06.809+0700] {logging_mixin.py:137} INFO - [2022-12-31T21:23:06.809+0700] {dagbag.py:538} INFO - Filling up the DagBag from /home/dmk/anaconda3/lib/python3.9/site-packages/airflow/example_dags/tutorial_taskflow_api_virtualenv.py
[2022-12-31T21:23:06.831+0700] {logging_mixin.py:137} INFO - [2022-12-31T21:23:06.831+0700] {tutorial_taskflow_api_virtualenv.py:29} WARNING - The tutorial_taskflow_api_virtualenv example DAG requires virtualenv, please install it.
[2022-12-31T21:23:06.832+0700] {processor.py:755} WARNING - No viable dags retrieved from /home/dmk/anaconda3/lib/python3.9/site-packages/airflow/example_dags/tutorial_taskflow_api_virtualenv.py
[2022-12-31T21:23:06.841+0700] {processor.py:175} INFO - Processing /home/dmk/anaconda3/lib/python3.9/site-packages/airflow/example_dags/tutorial_taskflow_api_virtualenv.py took 0.046 seconds
[2022-12-31T21:23:50.334+0700] {processor.py:153} INFO - Started process (PID=25462) to work on /home/dmk/anaconda3/lib/python3.9/site-packages/airflow/example_dags/tutorial_taskflow_api_virtualenv.py
[2022-12-31T21:23:50.339+0700] {processor.py:743} INFO - Processing file /home/dmk/anaconda3/lib/python3.9/site-packages/airflow/example_dags/tutorial_taskflow_api_virtualenv.py for tasks to queue
[2022-12-31T21:23:50.341+0700] {logging_mixin.py:137} INFO - [2022-12-31T21:23:50.341+0700] {dagbag.py:538} INFO - Filling up the DagBag from /home/dmk/anaconda3/lib/python3.9/site-packages/airflow/example_dags/tutorial_taskflow_api_virtualenv.py
[2022-12-31T21:23:50.366+0700] {logging_mixin.py:137} INFO - [2022-12-31T21:23:50.365+0700] {tutorial_taskflow_api_virtualenv.py:29} WARNING - The tutorial_taskflow_api_virtualenv example DAG requires virtualenv, please install it.
[2022-12-31T21:23:50.366+0700] {processor.py:755} WARNING - No viable dags retrieved from /home/dmk/anaconda3/lib/python3.9/site-packages/airflow/example_dags/tutorial_taskflow_api_virtualenv.py
[2022-12-31T21:23:50.374+0700] {processor.py:175} INFO - Processing /home/dmk/anaconda3/lib/python3.9/site-packages/airflow/example_dags/tutorial_taskflow_api_virtualenv.py took 0.045 seconds
[2022-12-31T21:24:51.856+0700] {processor.py:153} INFO - Started process (PID=25701) to work on /home/dmk/anaconda3/lib/python3.9/site-packages/airflow/example_dags/tutorial_taskflow_api_virtualenv.py
[2022-12-31T21:24:51.860+0700] {processor.py:743} INFO - Processing file /home/dmk/anaconda3/lib/python3.9/site-packages/airflow/example_dags/tutorial_taskflow_api_virtualenv.py for tasks to queue
[2022-12-31T21:24:51.861+0700] {logging_mixin.py:137} INFO - [2022-12-31T21:24:51.861+0700] {dagbag.py:538} INFO - Filling up the DagBag from /home/dmk/anaconda3/lib/python3.9/site-packages/airflow/example_dags/tutorial_taskflow_api_virtualenv.py
[2022-12-31T21:24:51.875+0700] {logging_mixin.py:137} INFO - [2022-12-31T21:24:51.875+0700] {tutorial_taskflow_api_virtualenv.py:29} WARNING - The tutorial_taskflow_api_virtualenv example DAG requires virtualenv, please install it.
[2022-12-31T21:24:51.876+0700] {processor.py:755} WARNING - No viable dags retrieved from /home/dmk/anaconda3/lib/python3.9/site-packages/airflow/example_dags/tutorial_taskflow_api_virtualenv.py
[2022-12-31T21:24:51.883+0700] {processor.py:175} INFO - Processing /home/dmk/anaconda3/lib/python3.9/site-packages/airflow/example_dags/tutorial_taskflow_api_virtualenv.py took 0.029 seconds
[2022-12-31T21:25:31.027+0700] {processor.py:153} INFO - Started process (PID=25846) to work on /home/dmk/anaconda3/lib/python3.9/site-packages/airflow/example_dags/tutorial_taskflow_api_virtualenv.py
[2022-12-31T21:25:31.031+0700] {processor.py:743} INFO - Processing file /home/dmk/anaconda3/lib/python3.9/site-packages/airflow/example_dags/tutorial_taskflow_api_virtualenv.py for tasks to queue
[2022-12-31T21:25:31.034+0700] {logging_mixin.py:137} INFO - [2022-12-31T21:25:31.033+0700] {dagbag.py:538} INFO - Filling up the DagBag from /home/dmk/anaconda3/lib/python3.9/site-packages/airflow/example_dags/tutorial_taskflow_api_virtualenv.py
[2022-12-31T21:25:31.061+0700] {logging_mixin.py:137} INFO - [2022-12-31T21:25:31.061+0700] {tutorial_taskflow_api_virtualenv.py:29} WARNING - The tutorial_taskflow_api_virtualenv example DAG requires virtualenv, please install it.
[2022-12-31T21:25:31.061+0700] {processor.py:755} WARNING - No viable dags retrieved from /home/dmk/anaconda3/lib/python3.9/site-packages/airflow/example_dags/tutorial_taskflow_api_virtualenv.py
[2022-12-31T21:25:31.069+0700] {processor.py:175} INFO - Processing /home/dmk/anaconda3/lib/python3.9/site-packages/airflow/example_dags/tutorial_taskflow_api_virtualenv.py took 0.049 seconds
[2022-12-31T21:26:15.832+0700] {processor.py:153} INFO - Started process (PID=25931) to work on /home/dmk/anaconda3/lib/python3.9/site-packages/airflow/example_dags/tutorial_taskflow_api_virtualenv.py
[2022-12-31T21:26:15.837+0700] {processor.py:743} INFO - Processing file /home/dmk/anaconda3/lib/python3.9/site-packages/airflow/example_dags/tutorial_taskflow_api_virtualenv.py for tasks to queue
[2022-12-31T21:26:15.840+0700] {logging_mixin.py:137} INFO - [2022-12-31T21:26:15.839+0700] {dagbag.py:538} INFO - Filling up the DagBag from /home/dmk/anaconda3/lib/python3.9/site-packages/airflow/example_dags/tutorial_taskflow_api_virtualenv.py
[2022-12-31T21:26:15.893+0700] {logging_mixin.py:137} INFO - [2022-12-31T21:26:15.893+0700] {tutorial_taskflow_api_virtualenv.py:29} WARNING - The tutorial_taskflow_api_virtualenv example DAG requires virtualenv, please install it.
[2022-12-31T21:26:15.893+0700] {processor.py:755} WARNING - No viable dags retrieved from /home/dmk/anaconda3/lib/python3.9/site-packages/airflow/example_dags/tutorial_taskflow_api_virtualenv.py
[2022-12-31T21:26:16.018+0700] {processor.py:175} INFO - Processing /home/dmk/anaconda3/lib/python3.9/site-packages/airflow/example_dags/tutorial_taskflow_api_virtualenv.py took 0.197 seconds
[2022-12-31T21:27:19.100+0700] {processor.py:153} INFO - Started process (PID=26045) to work on /home/dmk/anaconda3/lib/python3.9/site-packages/airflow/example_dags/tutorial_taskflow_api_virtualenv.py
[2022-12-31T21:27:19.103+0700] {processor.py:743} INFO - Processing file /home/dmk/anaconda3/lib/python3.9/site-packages/airflow/example_dags/tutorial_taskflow_api_virtualenv.py for tasks to queue
[2022-12-31T21:27:19.104+0700] {logging_mixin.py:137} INFO - [2022-12-31T21:27:19.103+0700] {dagbag.py:538} INFO - Filling up the DagBag from /home/dmk/anaconda3/lib/python3.9/site-packages/airflow/example_dags/tutorial_taskflow_api_virtualenv.py
[2022-12-31T21:27:19.123+0700] {logging_mixin.py:137} INFO - [2022-12-31T21:27:19.123+0700] {tutorial_taskflow_api_virtualenv.py:29} WARNING - The tutorial_taskflow_api_virtualenv example DAG requires virtualenv, please install it.
[2022-12-31T21:27:19.123+0700] {processor.py:755} WARNING - No viable dags retrieved from /home/dmk/anaconda3/lib/python3.9/site-packages/airflow/example_dags/tutorial_taskflow_api_virtualenv.py
[2022-12-31T21:27:19.133+0700] {processor.py:175} INFO - Processing /home/dmk/anaconda3/lib/python3.9/site-packages/airflow/example_dags/tutorial_taskflow_api_virtualenv.py took 0.038 seconds
[2022-12-31T21:28:10.885+0700] {processor.py:153} INFO - Started process (PID=26136) to work on /home/dmk/anaconda3/lib/python3.9/site-packages/airflow/example_dags/tutorial_taskflow_api_virtualenv.py
[2022-12-31T21:28:10.889+0700] {processor.py:743} INFO - Processing file /home/dmk/anaconda3/lib/python3.9/site-packages/airflow/example_dags/tutorial_taskflow_api_virtualenv.py for tasks to queue
[2022-12-31T21:28:10.892+0700] {logging_mixin.py:137} INFO - [2022-12-31T21:28:10.891+0700] {dagbag.py:538} INFO - Filling up the DagBag from /home/dmk/anaconda3/lib/python3.9/site-packages/airflow/example_dags/tutorial_taskflow_api_virtualenv.py
[2022-12-31T21:28:10.934+0700] {logging_mixin.py:137} INFO - [2022-12-31T21:28:10.934+0700] {tutorial_taskflow_api_virtualenv.py:29} WARNING - The tutorial_taskflow_api_virtualenv example DAG requires virtualenv, please install it.
[2022-12-31T21:28:10.935+0700] {processor.py:755} WARNING - No viable dags retrieved from /home/dmk/anaconda3/lib/python3.9/site-packages/airflow/example_dags/tutorial_taskflow_api_virtualenv.py
[2022-12-31T21:28:10.943+0700] {processor.py:175} INFO - Processing /home/dmk/anaconda3/lib/python3.9/site-packages/airflow/example_dags/tutorial_taskflow_api_virtualenv.py took 0.068 seconds
[2022-12-31T21:28:52.712+0700] {processor.py:153} INFO - Started process (PID=26231) to work on /home/dmk/anaconda3/lib/python3.9/site-packages/airflow/example_dags/tutorial_taskflow_api_virtualenv.py
[2022-12-31T21:28:52.719+0700] {processor.py:743} INFO - Processing file /home/dmk/anaconda3/lib/python3.9/site-packages/airflow/example_dags/tutorial_taskflow_api_virtualenv.py for tasks to queue
[2022-12-31T21:28:52.722+0700] {logging_mixin.py:137} INFO - [2022-12-31T21:28:52.720+0700] {dagbag.py:538} INFO - Filling up the DagBag from /home/dmk/anaconda3/lib/python3.9/site-packages/airflow/example_dags/tutorial_taskflow_api_virtualenv.py
[2022-12-31T21:28:52.754+0700] {logging_mixin.py:137} INFO - [2022-12-31T21:28:52.754+0700] {tutorial_taskflow_api_virtualenv.py:29} WARNING - The tutorial_taskflow_api_virtualenv example DAG requires virtualenv, please install it.
[2022-12-31T21:28:52.754+0700] {processor.py:755} WARNING - No viable dags retrieved from /home/dmk/anaconda3/lib/python3.9/site-packages/airflow/example_dags/tutorial_taskflow_api_virtualenv.py
[2022-12-31T21:28:52.769+0700] {processor.py:175} INFO - Processing /home/dmk/anaconda3/lib/python3.9/site-packages/airflow/example_dags/tutorial_taskflow_api_virtualenv.py took 0.061 seconds
[2022-12-31T21:29:34.947+0700] {processor.py:153} INFO - Started process (PID=26312) to work on /home/dmk/anaconda3/lib/python3.9/site-packages/airflow/example_dags/tutorial_taskflow_api_virtualenv.py
[2022-12-31T21:29:34.952+0700] {processor.py:743} INFO - Processing file /home/dmk/anaconda3/lib/python3.9/site-packages/airflow/example_dags/tutorial_taskflow_api_virtualenv.py for tasks to queue
[2022-12-31T21:29:34.954+0700] {logging_mixin.py:137} INFO - [2022-12-31T21:29:34.953+0700] {dagbag.py:538} INFO - Filling up the DagBag from /home/dmk/anaconda3/lib/python3.9/site-packages/airflow/example_dags/tutorial_taskflow_api_virtualenv.py
[2022-12-31T21:29:34.976+0700] {logging_mixin.py:137} INFO - [2022-12-31T21:29:34.976+0700] {tutorial_taskflow_api_virtualenv.py:29} WARNING - The tutorial_taskflow_api_virtualenv example DAG requires virtualenv, please install it.
[2022-12-31T21:29:34.976+0700] {processor.py:755} WARNING - No viable dags retrieved from /home/dmk/anaconda3/lib/python3.9/site-packages/airflow/example_dags/tutorial_taskflow_api_virtualenv.py
[2022-12-31T21:29:34.985+0700] {processor.py:175} INFO - Processing /home/dmk/anaconda3/lib/python3.9/site-packages/airflow/example_dags/tutorial_taskflow_api_virtualenv.py took 0.045 seconds
[2022-12-31T21:30:33.234+0700] {processor.py:153} INFO - Started process (PID=26465) to work on /home/dmk/anaconda3/lib/python3.9/site-packages/airflow/example_dags/tutorial_taskflow_api_virtualenv.py
[2022-12-31T21:30:33.236+0700] {processor.py:743} INFO - Processing file /home/dmk/anaconda3/lib/python3.9/site-packages/airflow/example_dags/tutorial_taskflow_api_virtualenv.py for tasks to queue
[2022-12-31T21:30:33.238+0700] {logging_mixin.py:137} INFO - [2022-12-31T21:30:33.237+0700] {dagbag.py:538} INFO - Filling up the DagBag from /home/dmk/anaconda3/lib/python3.9/site-packages/airflow/example_dags/tutorial_taskflow_api_virtualenv.py
[2022-12-31T21:30:33.257+0700] {logging_mixin.py:137} INFO - [2022-12-31T21:30:33.257+0700] {tutorial_taskflow_api_virtualenv.py:29} WARNING - The tutorial_taskflow_api_virtualenv example DAG requires virtualenv, please install it.
[2022-12-31T21:30:33.258+0700] {processor.py:755} WARNING - No viable dags retrieved from /home/dmk/anaconda3/lib/python3.9/site-packages/airflow/example_dags/tutorial_taskflow_api_virtualenv.py
[2022-12-31T21:30:33.265+0700] {processor.py:175} INFO - Processing /home/dmk/anaconda3/lib/python3.9/site-packages/airflow/example_dags/tutorial_taskflow_api_virtualenv.py took 0.034 seconds
[2022-12-31T21:31:28.463+0700] {processor.py:153} INFO - Started process (PID=26567) to work on /home/dmk/anaconda3/lib/python3.9/site-packages/airflow/example_dags/tutorial_taskflow_api_virtualenv.py
[2022-12-31T21:31:28.469+0700] {processor.py:743} INFO - Processing file /home/dmk/anaconda3/lib/python3.9/site-packages/airflow/example_dags/tutorial_taskflow_api_virtualenv.py for tasks to queue
[2022-12-31T21:31:28.473+0700] {logging_mixin.py:137} INFO - [2022-12-31T21:31:28.472+0700] {dagbag.py:538} INFO - Filling up the DagBag from /home/dmk/anaconda3/lib/python3.9/site-packages/airflow/example_dags/tutorial_taskflow_api_virtualenv.py
[2022-12-31T21:31:28.536+0700] {logging_mixin.py:137} INFO - [2022-12-31T21:31:28.535+0700] {tutorial_taskflow_api_virtualenv.py:29} WARNING - The tutorial_taskflow_api_virtualenv example DAG requires virtualenv, please install it.
[2022-12-31T21:31:28.536+0700] {processor.py:755} WARNING - No viable dags retrieved from /home/dmk/anaconda3/lib/python3.9/site-packages/airflow/example_dags/tutorial_taskflow_api_virtualenv.py
[2022-12-31T21:31:28.551+0700] {processor.py:175} INFO - Processing /home/dmk/anaconda3/lib/python3.9/site-packages/airflow/example_dags/tutorial_taskflow_api_virtualenv.py took 0.100 seconds
[2022-12-31T21:32:12.195+0700] {processor.py:153} INFO - Started process (PID=26646) to work on /home/dmk/anaconda3/lib/python3.9/site-packages/airflow/example_dags/tutorial_taskflow_api_virtualenv.py
[2022-12-31T21:32:12.201+0700] {processor.py:743} INFO - Processing file /home/dmk/anaconda3/lib/python3.9/site-packages/airflow/example_dags/tutorial_taskflow_api_virtualenv.py for tasks to queue
[2022-12-31T21:32:12.203+0700] {logging_mixin.py:137} INFO - [2022-12-31T21:32:12.203+0700] {dagbag.py:538} INFO - Filling up the DagBag from /home/dmk/anaconda3/lib/python3.9/site-packages/airflow/example_dags/tutorial_taskflow_api_virtualenv.py
[2022-12-31T21:32:12.283+0700] {logging_mixin.py:137} INFO - [2022-12-31T21:32:12.283+0700] {tutorial_taskflow_api_virtualenv.py:29} WARNING - The tutorial_taskflow_api_virtualenv example DAG requires virtualenv, please install it.
[2022-12-31T21:32:12.284+0700] {processor.py:755} WARNING - No viable dags retrieved from /home/dmk/anaconda3/lib/python3.9/site-packages/airflow/example_dags/tutorial_taskflow_api_virtualenv.py
[2022-12-31T21:32:12.297+0700] {processor.py:175} INFO - Processing /home/dmk/anaconda3/lib/python3.9/site-packages/airflow/example_dags/tutorial_taskflow_api_virtualenv.py took 0.113 seconds
[2022-12-31T21:32:57.190+0700] {processor.py:153} INFO - Started process (PID=26729) to work on /home/dmk/anaconda3/lib/python3.9/site-packages/airflow/example_dags/tutorial_taskflow_api_virtualenv.py
[2022-12-31T21:32:57.195+0700] {processor.py:743} INFO - Processing file /home/dmk/anaconda3/lib/python3.9/site-packages/airflow/example_dags/tutorial_taskflow_api_virtualenv.py for tasks to queue
[2022-12-31T21:32:57.198+0700] {logging_mixin.py:137} INFO - [2022-12-31T21:32:57.198+0700] {dagbag.py:538} INFO - Filling up the DagBag from /home/dmk/anaconda3/lib/python3.9/site-packages/airflow/example_dags/tutorial_taskflow_api_virtualenv.py
[2022-12-31T21:32:57.248+0700] {logging_mixin.py:137} INFO - [2022-12-31T21:32:57.248+0700] {tutorial_taskflow_api_virtualenv.py:29} WARNING - The tutorial_taskflow_api_virtualenv example DAG requires virtualenv, please install it.
[2022-12-31T21:32:57.249+0700] {processor.py:755} WARNING - No viable dags retrieved from /home/dmk/anaconda3/lib/python3.9/site-packages/airflow/example_dags/tutorial_taskflow_api_virtualenv.py
[2022-12-31T21:32:57.261+0700] {processor.py:175} INFO - Processing /home/dmk/anaconda3/lib/python3.9/site-packages/airflow/example_dags/tutorial_taskflow_api_virtualenv.py took 0.080 seconds
[2022-12-31T21:33:57.359+0700] {processor.py:153} INFO - Started process (PID=26848) to work on /home/dmk/anaconda3/lib/python3.9/site-packages/airflow/example_dags/tutorial_taskflow_api_virtualenv.py
[2022-12-31T21:33:57.363+0700] {processor.py:743} INFO - Processing file /home/dmk/anaconda3/lib/python3.9/site-packages/airflow/example_dags/tutorial_taskflow_api_virtualenv.py for tasks to queue
[2022-12-31T21:33:57.365+0700] {logging_mixin.py:137} INFO - [2022-12-31T21:33:57.365+0700] {dagbag.py:538} INFO - Filling up the DagBag from /home/dmk/anaconda3/lib/python3.9/site-packages/airflow/example_dags/tutorial_taskflow_api_virtualenv.py
[2022-12-31T21:33:57.393+0700] {logging_mixin.py:137} INFO - [2022-12-31T21:33:57.393+0700] {tutorial_taskflow_api_virtualenv.py:29} WARNING - The tutorial_taskflow_api_virtualenv example DAG requires virtualenv, please install it.
[2022-12-31T21:33:57.394+0700] {processor.py:755} WARNING - No viable dags retrieved from /home/dmk/anaconda3/lib/python3.9/site-packages/airflow/example_dags/tutorial_taskflow_api_virtualenv.py
[2022-12-31T21:33:57.403+0700] {processor.py:175} INFO - Processing /home/dmk/anaconda3/lib/python3.9/site-packages/airflow/example_dags/tutorial_taskflow_api_virtualenv.py took 0.046 seconds
[2022-12-31T21:34:26.253+0700] {processor.py:153} INFO - Started process (PID=27491) to work on /home/dmk/anaconda3/lib/python3.9/site-packages/airflow/example_dags/tutorial_taskflow_api_virtualenv.py
[2022-12-31T21:34:26.254+0700] {processor.py:743} INFO - Processing file /home/dmk/anaconda3/lib/python3.9/site-packages/airflow/example_dags/tutorial_taskflow_api_virtualenv.py for tasks to queue
[2022-12-31T21:34:26.254+0700] {logging_mixin.py:137} INFO - [2022-12-31T21:34:26.254+0700] {dagbag.py:538} INFO - Filling up the DagBag from /home/dmk/anaconda3/lib/python3.9/site-packages/airflow/example_dags/tutorial_taskflow_api_virtualenv.py
[2022-12-31T21:34:26.269+0700] {logging_mixin.py:137} INFO - [2022-12-31T21:34:26.269+0700] {tutorial_taskflow_api_virtualenv.py:29} WARNING - The tutorial_taskflow_api_virtualenv example DAG requires virtualenv, please install it.
[2022-12-31T21:34:26.270+0700] {processor.py:755} WARNING - No viable dags retrieved from /home/dmk/anaconda3/lib/python3.9/site-packages/airflow/example_dags/tutorial_taskflow_api_virtualenv.py
[2022-12-31T21:34:26.276+0700] {processor.py:175} INFO - Processing /home/dmk/anaconda3/lib/python3.9/site-packages/airflow/example_dags/tutorial_taskflow_api_virtualenv.py took 0.025 seconds
[2022-12-31T21:35:15.409+0700] {processor.py:153} INFO - Started process (PID=27788) to work on /home/dmk/anaconda3/lib/python3.9/site-packages/airflow/example_dags/tutorial_taskflow_api_virtualenv.py
[2022-12-31T21:35:15.412+0700] {processor.py:743} INFO - Processing file /home/dmk/anaconda3/lib/python3.9/site-packages/airflow/example_dags/tutorial_taskflow_api_virtualenv.py for tasks to queue
[2022-12-31T21:35:15.413+0700] {logging_mixin.py:137} INFO - [2022-12-31T21:35:15.413+0700] {dagbag.py:538} INFO - Filling up the DagBag from /home/dmk/anaconda3/lib/python3.9/site-packages/airflow/example_dags/tutorial_taskflow_api_virtualenv.py
[2022-12-31T21:35:15.428+0700] {logging_mixin.py:137} INFO - [2022-12-31T21:35:15.427+0700] {tutorial_taskflow_api_virtualenv.py:29} WARNING - The tutorial_taskflow_api_virtualenv example DAG requires virtualenv, please install it.
[2022-12-31T21:35:15.428+0700] {processor.py:755} WARNING - No viable dags retrieved from /home/dmk/anaconda3/lib/python3.9/site-packages/airflow/example_dags/tutorial_taskflow_api_virtualenv.py
[2022-12-31T21:35:15.437+0700] {processor.py:175} INFO - Processing /home/dmk/anaconda3/lib/python3.9/site-packages/airflow/example_dags/tutorial_taskflow_api_virtualenv.py took 0.032 seconds
[2022-12-31T21:35:55.471+0700] {processor.py:153} INFO - Started process (PID=27934) to work on /home/dmk/anaconda3/lib/python3.9/site-packages/airflow/example_dags/tutorial_taskflow_api_virtualenv.py
[2022-12-31T21:35:55.477+0700] {processor.py:743} INFO - Processing file /home/dmk/anaconda3/lib/python3.9/site-packages/airflow/example_dags/tutorial_taskflow_api_virtualenv.py for tasks to queue
[2022-12-31T21:35:55.481+0700] {logging_mixin.py:137} INFO - [2022-12-31T21:35:55.480+0700] {dagbag.py:538} INFO - Filling up the DagBag from /home/dmk/anaconda3/lib/python3.9/site-packages/airflow/example_dags/tutorial_taskflow_api_virtualenv.py
[2022-12-31T21:35:55.541+0700] {logging_mixin.py:137} INFO - [2022-12-31T21:35:55.541+0700] {tutorial_taskflow_api_virtualenv.py:29} WARNING - The tutorial_taskflow_api_virtualenv example DAG requires virtualenv, please install it.
[2022-12-31T21:35:55.542+0700] {processor.py:755} WARNING - No viable dags retrieved from /home/dmk/anaconda3/lib/python3.9/site-packages/airflow/example_dags/tutorial_taskflow_api_virtualenv.py
[2022-12-31T21:35:55.563+0700] {processor.py:175} INFO - Processing /home/dmk/anaconda3/lib/python3.9/site-packages/airflow/example_dags/tutorial_taskflow_api_virtualenv.py took 0.100 seconds
[2022-12-31T21:37:57.452+0700] {processor.py:153} INFO - Started process (PID=28679) to work on /home/dmk/anaconda3/lib/python3.9/site-packages/airflow/example_dags/tutorial_taskflow_api_virtualenv.py
[2022-12-31T21:37:57.454+0700] {processor.py:743} INFO - Processing file /home/dmk/anaconda3/lib/python3.9/site-packages/airflow/example_dags/tutorial_taskflow_api_virtualenv.py for tasks to queue
[2022-12-31T21:37:57.455+0700] {logging_mixin.py:137} INFO - [2022-12-31T21:37:57.455+0700] {dagbag.py:538} INFO - Filling up the DagBag from /home/dmk/anaconda3/lib/python3.9/site-packages/airflow/example_dags/tutorial_taskflow_api_virtualenv.py
[2022-12-31T21:37:57.473+0700] {logging_mixin.py:137} INFO - [2022-12-31T21:37:57.473+0700] {tutorial_taskflow_api_virtualenv.py:29} WARNING - The tutorial_taskflow_api_virtualenv example DAG requires virtualenv, please install it.
[2022-12-31T21:37:57.474+0700] {processor.py:755} WARNING - No viable dags retrieved from /home/dmk/anaconda3/lib/python3.9/site-packages/airflow/example_dags/tutorial_taskflow_api_virtualenv.py
[2022-12-31T21:37:57.481+0700] {processor.py:175} INFO - Processing /home/dmk/anaconda3/lib/python3.9/site-packages/airflow/example_dags/tutorial_taskflow_api_virtualenv.py took 0.034 seconds
[2022-12-31T21:38:51.234+0700] {processor.py:153} INFO - Started process (PID=29012) to work on /home/dmk/anaconda3/lib/python3.9/site-packages/airflow/example_dags/tutorial_taskflow_api_virtualenv.py
[2022-12-31T21:38:51.237+0700] {processor.py:743} INFO - Processing file /home/dmk/anaconda3/lib/python3.9/site-packages/airflow/example_dags/tutorial_taskflow_api_virtualenv.py for tasks to queue
[2022-12-31T21:38:51.237+0700] {logging_mixin.py:137} INFO - [2022-12-31T21:38:51.237+0700] {dagbag.py:538} INFO - Filling up the DagBag from /home/dmk/anaconda3/lib/python3.9/site-packages/airflow/example_dags/tutorial_taskflow_api_virtualenv.py
[2022-12-31T21:38:51.255+0700] {logging_mixin.py:137} INFO - [2022-12-31T21:38:51.255+0700] {tutorial_taskflow_api_virtualenv.py:29} WARNING - The tutorial_taskflow_api_virtualenv example DAG requires virtualenv, please install it.
[2022-12-31T21:38:51.255+0700] {processor.py:755} WARNING - No viable dags retrieved from /home/dmk/anaconda3/lib/python3.9/site-packages/airflow/example_dags/tutorial_taskflow_api_virtualenv.py
[2022-12-31T21:38:51.262+0700] {processor.py:175} INFO - Processing /home/dmk/anaconda3/lib/python3.9/site-packages/airflow/example_dags/tutorial_taskflow_api_virtualenv.py took 0.031 seconds
[2022-12-31T21:39:37.303+0700] {processor.py:153} INFO - Started process (PID=29142) to work on /home/dmk/anaconda3/lib/python3.9/site-packages/airflow/example_dags/tutorial_taskflow_api_virtualenv.py
[2022-12-31T21:39:37.306+0700] {processor.py:743} INFO - Processing file /home/dmk/anaconda3/lib/python3.9/site-packages/airflow/example_dags/tutorial_taskflow_api_virtualenv.py for tasks to queue
[2022-12-31T21:39:37.308+0700] {logging_mixin.py:137} INFO - [2022-12-31T21:39:37.308+0700] {dagbag.py:538} INFO - Filling up the DagBag from /home/dmk/anaconda3/lib/python3.9/site-packages/airflow/example_dags/tutorial_taskflow_api_virtualenv.py
[2022-12-31T21:39:37.336+0700] {logging_mixin.py:137} INFO - [2022-12-31T21:39:37.335+0700] {tutorial_taskflow_api_virtualenv.py:29} WARNING - The tutorial_taskflow_api_virtualenv example DAG requires virtualenv, please install it.
[2022-12-31T21:39:37.336+0700] {processor.py:755} WARNING - No viable dags retrieved from /home/dmk/anaconda3/lib/python3.9/site-packages/airflow/example_dags/tutorial_taskflow_api_virtualenv.py
[2022-12-31T21:39:37.343+0700] {processor.py:175} INFO - Processing /home/dmk/anaconda3/lib/python3.9/site-packages/airflow/example_dags/tutorial_taskflow_api_virtualenv.py took 0.052 seconds
[2022-12-31T21:40:25.820+0700] {processor.py:153} INFO - Started process (PID=29363) to work on /home/dmk/anaconda3/lib/python3.9/site-packages/airflow/example_dags/tutorial_taskflow_api_virtualenv.py
[2022-12-31T21:40:25.824+0700] {processor.py:743} INFO - Processing file /home/dmk/anaconda3/lib/python3.9/site-packages/airflow/example_dags/tutorial_taskflow_api_virtualenv.py for tasks to queue
[2022-12-31T21:40:25.824+0700] {logging_mixin.py:137} INFO - [2022-12-31T21:40:25.824+0700] {dagbag.py:538} INFO - Filling up the DagBag from /home/dmk/anaconda3/lib/python3.9/site-packages/airflow/example_dags/tutorial_taskflow_api_virtualenv.py
[2022-12-31T21:40:25.838+0700] {logging_mixin.py:137} INFO - [2022-12-31T21:40:25.838+0700] {tutorial_taskflow_api_virtualenv.py:29} WARNING - The tutorial_taskflow_api_virtualenv example DAG requires virtualenv, please install it.
[2022-12-31T21:40:25.838+0700] {processor.py:755} WARNING - No viable dags retrieved from /home/dmk/anaconda3/lib/python3.9/site-packages/airflow/example_dags/tutorial_taskflow_api_virtualenv.py
[2022-12-31T21:40:25.845+0700] {processor.py:175} INFO - Processing /home/dmk/anaconda3/lib/python3.9/site-packages/airflow/example_dags/tutorial_taskflow_api_virtualenv.py took 0.028 seconds
[2022-12-31T21:41:10.475+0700] {processor.py:153} INFO - Started process (PID=29518) to work on /home/dmk/anaconda3/lib/python3.9/site-packages/airflow/example_dags/tutorial_taskflow_api_virtualenv.py
[2022-12-31T21:41:10.477+0700] {processor.py:743} INFO - Processing file /home/dmk/anaconda3/lib/python3.9/site-packages/airflow/example_dags/tutorial_taskflow_api_virtualenv.py for tasks to queue
[2022-12-31T21:41:10.479+0700] {logging_mixin.py:137} INFO - [2022-12-31T21:41:10.479+0700] {dagbag.py:538} INFO - Filling up the DagBag from /home/dmk/anaconda3/lib/python3.9/site-packages/airflow/example_dags/tutorial_taskflow_api_virtualenv.py
[2022-12-31T21:41:10.503+0700] {logging_mixin.py:137} INFO - [2022-12-31T21:41:10.503+0700] {tutorial_taskflow_api_virtualenv.py:29} WARNING - The tutorial_taskflow_api_virtualenv example DAG requires virtualenv, please install it.
[2022-12-31T21:41:10.504+0700] {processor.py:755} WARNING - No viable dags retrieved from /home/dmk/anaconda3/lib/python3.9/site-packages/airflow/example_dags/tutorial_taskflow_api_virtualenv.py
[2022-12-31T21:41:10.511+0700] {processor.py:175} INFO - Processing /home/dmk/anaconda3/lib/python3.9/site-packages/airflow/example_dags/tutorial_taskflow_api_virtualenv.py took 0.043 seconds
[2022-12-31T21:41:58.220+0700] {processor.py:153} INFO - Started process (PID=29721) to work on /home/dmk/anaconda3/lib/python3.9/site-packages/airflow/example_dags/tutorial_taskflow_api_virtualenv.py
[2022-12-31T21:41:58.224+0700] {processor.py:743} INFO - Processing file /home/dmk/anaconda3/lib/python3.9/site-packages/airflow/example_dags/tutorial_taskflow_api_virtualenv.py for tasks to queue
[2022-12-31T21:41:58.225+0700] {logging_mixin.py:137} INFO - [2022-12-31T21:41:58.225+0700] {dagbag.py:538} INFO - Filling up the DagBag from /home/dmk/anaconda3/lib/python3.9/site-packages/airflow/example_dags/tutorial_taskflow_api_virtualenv.py
[2022-12-31T21:41:58.255+0700] {logging_mixin.py:137} INFO - [2022-12-31T21:41:58.254+0700] {tutorial_taskflow_api_virtualenv.py:29} WARNING - The tutorial_taskflow_api_virtualenv example DAG requires virtualenv, please install it.
[2022-12-31T21:41:58.255+0700] {processor.py:755} WARNING - No viable dags retrieved from /home/dmk/anaconda3/lib/python3.9/site-packages/airflow/example_dags/tutorial_taskflow_api_virtualenv.py
[2022-12-31T21:41:58.265+0700] {processor.py:175} INFO - Processing /home/dmk/anaconda3/lib/python3.9/site-packages/airflow/example_dags/tutorial_taskflow_api_virtualenv.py took 0.050 seconds
[2022-12-31T21:42:47.076+0700] {processor.py:153} INFO - Started process (PID=29873) to work on /home/dmk/anaconda3/lib/python3.9/site-packages/airflow/example_dags/tutorial_taskflow_api_virtualenv.py
[2022-12-31T21:42:47.080+0700] {processor.py:743} INFO - Processing file /home/dmk/anaconda3/lib/python3.9/site-packages/airflow/example_dags/tutorial_taskflow_api_virtualenv.py for tasks to queue
[2022-12-31T21:42:47.080+0700] {logging_mixin.py:137} INFO - [2022-12-31T21:42:47.080+0700] {dagbag.py:538} INFO - Filling up the DagBag from /home/dmk/anaconda3/lib/python3.9/site-packages/airflow/example_dags/tutorial_taskflow_api_virtualenv.py
[2022-12-31T21:42:47.100+0700] {logging_mixin.py:137} INFO - [2022-12-31T21:42:47.100+0700] {tutorial_taskflow_api_virtualenv.py:29} WARNING - The tutorial_taskflow_api_virtualenv example DAG requires virtualenv, please install it.
[2022-12-31T21:42:47.100+0700] {processor.py:755} WARNING - No viable dags retrieved from /home/dmk/anaconda3/lib/python3.9/site-packages/airflow/example_dags/tutorial_taskflow_api_virtualenv.py
[2022-12-31T21:42:47.110+0700] {processor.py:175} INFO - Processing /home/dmk/anaconda3/lib/python3.9/site-packages/airflow/example_dags/tutorial_taskflow_api_virtualenv.py took 0.037 seconds
[2022-12-31T21:43:25.232+0700] {processor.py:153} INFO - Started process (PID=30086) to work on /home/dmk/anaconda3/lib/python3.9/site-packages/airflow/example_dags/tutorial_taskflow_api_virtualenv.py
[2022-12-31T21:43:25.237+0700] {processor.py:743} INFO - Processing file /home/dmk/anaconda3/lib/python3.9/site-packages/airflow/example_dags/tutorial_taskflow_api_virtualenv.py for tasks to queue
[2022-12-31T21:43:25.238+0700] {logging_mixin.py:137} INFO - [2022-12-31T21:43:25.238+0700] {dagbag.py:538} INFO - Filling up the DagBag from /home/dmk/anaconda3/lib/python3.9/site-packages/airflow/example_dags/tutorial_taskflow_api_virtualenv.py
[2022-12-31T21:43:25.262+0700] {logging_mixin.py:137} INFO - [2022-12-31T21:43:25.262+0700] {tutorial_taskflow_api_virtualenv.py:29} WARNING - The tutorial_taskflow_api_virtualenv example DAG requires virtualenv, please install it.
[2022-12-31T21:43:25.263+0700] {processor.py:755} WARNING - No viable dags retrieved from /home/dmk/anaconda3/lib/python3.9/site-packages/airflow/example_dags/tutorial_taskflow_api_virtualenv.py
[2022-12-31T21:43:25.271+0700] {processor.py:175} INFO - Processing /home/dmk/anaconda3/lib/python3.9/site-packages/airflow/example_dags/tutorial_taskflow_api_virtualenv.py took 0.049 seconds
[2022-12-31T22:20:43.315+0700] {processor.py:153} INFO - Started process (PID=46108) to work on /home/dmk/anaconda3/lib/python3.9/site-packages/airflow/example_dags/tutorial_taskflow_api_virtualenv.py
[2022-12-31T22:20:43.318+0700] {processor.py:743} INFO - Processing file /home/dmk/anaconda3/lib/python3.9/site-packages/airflow/example_dags/tutorial_taskflow_api_virtualenv.py for tasks to queue
[2022-12-31T22:20:43.319+0700] {logging_mixin.py:137} INFO - [2022-12-31T22:20:43.319+0700] {dagbag.py:538} INFO - Filling up the DagBag from /home/dmk/anaconda3/lib/python3.9/site-packages/airflow/example_dags/tutorial_taskflow_api_virtualenv.py
[2022-12-31T22:20:43.359+0700] {logging_mixin.py:137} INFO - [2022-12-31T22:20:43.359+0700] {tutorial_taskflow_api_virtualenv.py:29} WARNING - The tutorial_taskflow_api_virtualenv example DAG requires virtualenv, please install it.
[2022-12-31T22:20:43.359+0700] {processor.py:755} WARNING - No viable dags retrieved from /home/dmk/anaconda3/lib/python3.9/site-packages/airflow/example_dags/tutorial_taskflow_api_virtualenv.py
[2022-12-31T22:20:43.375+0700] {processor.py:175} INFO - Processing /home/dmk/anaconda3/lib/python3.9/site-packages/airflow/example_dags/tutorial_taskflow_api_virtualenv.py took 0.064 seconds
[2022-12-31T22:22:19.042+0700] {processor.py:153} INFO - Started process (PID=47184) to work on /home/dmk/anaconda3/lib/python3.9/site-packages/airflow/example_dags/tutorial_taskflow_api_virtualenv.py
[2022-12-31T22:22:19.046+0700] {processor.py:743} INFO - Processing file /home/dmk/anaconda3/lib/python3.9/site-packages/airflow/example_dags/tutorial_taskflow_api_virtualenv.py for tasks to queue
[2022-12-31T22:22:19.048+0700] {logging_mixin.py:137} INFO - [2022-12-31T22:22:19.048+0700] {dagbag.py:538} INFO - Filling up the DagBag from /home/dmk/anaconda3/lib/python3.9/site-packages/airflow/example_dags/tutorial_taskflow_api_virtualenv.py
[2022-12-31T22:22:19.079+0700] {logging_mixin.py:137} INFO - [2022-12-31T22:22:19.079+0700] {tutorial_taskflow_api_virtualenv.py:29} WARNING - The tutorial_taskflow_api_virtualenv example DAG requires virtualenv, please install it.
[2022-12-31T22:22:19.079+0700] {processor.py:755} WARNING - No viable dags retrieved from /home/dmk/anaconda3/lib/python3.9/site-packages/airflow/example_dags/tutorial_taskflow_api_virtualenv.py
[2022-12-31T22:22:19.090+0700] {processor.py:175} INFO - Processing /home/dmk/anaconda3/lib/python3.9/site-packages/airflow/example_dags/tutorial_taskflow_api_virtualenv.py took 0.057 seconds
[2022-12-31T22:22:57.329+0700] {processor.py:153} INFO - Started process (PID=47530) to work on /home/dmk/anaconda3/lib/python3.9/site-packages/airflow/example_dags/tutorial_taskflow_api_virtualenv.py
[2022-12-31T22:22:57.331+0700] {processor.py:743} INFO - Processing file /home/dmk/anaconda3/lib/python3.9/site-packages/airflow/example_dags/tutorial_taskflow_api_virtualenv.py for tasks to queue
[2022-12-31T22:22:57.332+0700] {logging_mixin.py:137} INFO - [2022-12-31T22:22:57.332+0700] {dagbag.py:538} INFO - Filling up the DagBag from /home/dmk/anaconda3/lib/python3.9/site-packages/airflow/example_dags/tutorial_taskflow_api_virtualenv.py
[2022-12-31T22:22:57.353+0700] {logging_mixin.py:137} INFO - [2022-12-31T22:22:57.353+0700] {tutorial_taskflow_api_virtualenv.py:29} WARNING - The tutorial_taskflow_api_virtualenv example DAG requires virtualenv, please install it.
[2022-12-31T22:22:57.353+0700] {processor.py:755} WARNING - No viable dags retrieved from /home/dmk/anaconda3/lib/python3.9/site-packages/airflow/example_dags/tutorial_taskflow_api_virtualenv.py
[2022-12-31T22:22:57.361+0700] {processor.py:175} INFO - Processing /home/dmk/anaconda3/lib/python3.9/site-packages/airflow/example_dags/tutorial_taskflow_api_virtualenv.py took 0.035 seconds
[2022-12-31T22:23:44.907+0700] {processor.py:153} INFO - Started process (PID=47862) to work on /home/dmk/anaconda3/lib/python3.9/site-packages/airflow/example_dags/tutorial_taskflow_api_virtualenv.py
[2022-12-31T22:23:44.911+0700] {processor.py:743} INFO - Processing file /home/dmk/anaconda3/lib/python3.9/site-packages/airflow/example_dags/tutorial_taskflow_api_virtualenv.py for tasks to queue
[2022-12-31T22:23:44.914+0700] {logging_mixin.py:137} INFO - [2022-12-31T22:23:44.913+0700] {dagbag.py:538} INFO - Filling up the DagBag from /home/dmk/anaconda3/lib/python3.9/site-packages/airflow/example_dags/tutorial_taskflow_api_virtualenv.py
[2022-12-31T22:23:44.933+0700] {logging_mixin.py:137} INFO - [2022-12-31T22:23:44.933+0700] {tutorial_taskflow_api_virtualenv.py:29} WARNING - The tutorial_taskflow_api_virtualenv example DAG requires virtualenv, please install it.
[2022-12-31T22:23:44.934+0700] {processor.py:755} WARNING - No viable dags retrieved from /home/dmk/anaconda3/lib/python3.9/site-packages/airflow/example_dags/tutorial_taskflow_api_virtualenv.py
[2022-12-31T22:23:44.941+0700] {processor.py:175} INFO - Processing /home/dmk/anaconda3/lib/python3.9/site-packages/airflow/example_dags/tutorial_taskflow_api_virtualenv.py took 0.039 seconds
[2022-12-31T22:24:27.776+0700] {processor.py:153} INFO - Started process (PID=48288) to work on /home/dmk/anaconda3/lib/python3.9/site-packages/airflow/example_dags/tutorial_taskflow_api_virtualenv.py
[2022-12-31T22:24:27.780+0700] {processor.py:743} INFO - Processing file /home/dmk/anaconda3/lib/python3.9/site-packages/airflow/example_dags/tutorial_taskflow_api_virtualenv.py for tasks to queue
[2022-12-31T22:24:27.781+0700] {logging_mixin.py:137} INFO - [2022-12-31T22:24:27.781+0700] {dagbag.py:538} INFO - Filling up the DagBag from /home/dmk/anaconda3/lib/python3.9/site-packages/airflow/example_dags/tutorial_taskflow_api_virtualenv.py
[2022-12-31T22:24:27.804+0700] {logging_mixin.py:137} INFO - [2022-12-31T22:24:27.804+0700] {tutorial_taskflow_api_virtualenv.py:29} WARNING - The tutorial_taskflow_api_virtualenv example DAG requires virtualenv, please install it.
[2022-12-31T22:24:27.804+0700] {processor.py:755} WARNING - No viable dags retrieved from /home/dmk/anaconda3/lib/python3.9/site-packages/airflow/example_dags/tutorial_taskflow_api_virtualenv.py
[2022-12-31T22:24:27.811+0700] {processor.py:175} INFO - Processing /home/dmk/anaconda3/lib/python3.9/site-packages/airflow/example_dags/tutorial_taskflow_api_virtualenv.py took 0.045 seconds
[2022-12-31T22:25:04.719+0700] {processor.py:153} INFO - Started process (PID=48757) to work on /home/dmk/anaconda3/envs/airflow/lib/python3.7/site-packages/airflow/example_dags/tutorial_taskflow_api_virtualenv.py
[2022-12-31T22:25:04.725+0700] {processor.py:743} INFO - Processing file /home/dmk/anaconda3/envs/airflow/lib/python3.7/site-packages/airflow/example_dags/tutorial_taskflow_api_virtualenv.py for tasks to queue
[2022-12-31T22:25:04.727+0700] {logging_mixin.py:137} INFO - [2022-12-31T22:25:04.727+0700] {dagbag.py:538} INFO - Filling up the DagBag from /home/dmk/anaconda3/envs/airflow/lib/python3.7/site-packages/airflow/example_dags/tutorial_taskflow_api_virtualenv.py
[2022-12-31T22:25:04.754+0700] {logging_mixin.py:137} INFO - [2022-12-31T22:25:04.754+0700] {tutorial_taskflow_api_virtualenv.py:29} WARNING - The tutorial_taskflow_api_virtualenv example DAG requires virtualenv, please install it.
[2022-12-31T22:25:04.754+0700] {processor.py:755} WARNING - No viable dags retrieved from /home/dmk/anaconda3/envs/airflow/lib/python3.7/site-packages/airflow/example_dags/tutorial_taskflow_api_virtualenv.py
[2022-12-31T22:25:04.766+0700] {processor.py:175} INFO - Processing /home/dmk/anaconda3/envs/airflow/lib/python3.7/site-packages/airflow/example_dags/tutorial_taskflow_api_virtualenv.py took 0.062 seconds
[2022-12-31T22:25:56.023+0700] {processor.py:153} INFO - Started process (PID=49732) to work on /home/dmk/anaconda3/envs/airflow/lib/python3.7/site-packages/airflow/example_dags/tutorial_taskflow_api_virtualenv.py
[2022-12-31T22:25:56.027+0700] {processor.py:743} INFO - Processing file /home/dmk/anaconda3/envs/airflow/lib/python3.7/site-packages/airflow/example_dags/tutorial_taskflow_api_virtualenv.py for tasks to queue
[2022-12-31T22:25:56.028+0700] {logging_mixin.py:137} INFO - [2022-12-31T22:25:56.027+0700] {dagbag.py:538} INFO - Filling up the DagBag from /home/dmk/anaconda3/envs/airflow/lib/python3.7/site-packages/airflow/example_dags/tutorial_taskflow_api_virtualenv.py
[2022-12-31T22:25:56.046+0700] {logging_mixin.py:137} INFO - [2022-12-31T22:25:56.045+0700] {tutorial_taskflow_api_virtualenv.py:29} WARNING - The tutorial_taskflow_api_virtualenv example DAG requires virtualenv, please install it.
[2022-12-31T22:25:56.046+0700] {processor.py:755} WARNING - No viable dags retrieved from /home/dmk/anaconda3/envs/airflow/lib/python3.7/site-packages/airflow/example_dags/tutorial_taskflow_api_virtualenv.py
[2022-12-31T22:25:56.060+0700] {processor.py:175} INFO - Processing /home/dmk/anaconda3/envs/airflow/lib/python3.7/site-packages/airflow/example_dags/tutorial_taskflow_api_virtualenv.py took 0.040 seconds
[2022-12-31T22:26:46.190+0700] {processor.py:153} INFO - Started process (PID=49930) to work on /home/dmk/anaconda3/envs/airflow/lib/python3.7/site-packages/airflow/example_dags/tutorial_taskflow_api_virtualenv.py
[2022-12-31T22:26:46.194+0700] {processor.py:743} INFO - Processing file /home/dmk/anaconda3/envs/airflow/lib/python3.7/site-packages/airflow/example_dags/tutorial_taskflow_api_virtualenv.py for tasks to queue
[2022-12-31T22:26:46.194+0700] {logging_mixin.py:137} INFO - [2022-12-31T22:26:46.194+0700] {dagbag.py:538} INFO - Filling up the DagBag from /home/dmk/anaconda3/envs/airflow/lib/python3.7/site-packages/airflow/example_dags/tutorial_taskflow_api_virtualenv.py
[2022-12-31T22:26:46.208+0700] {logging_mixin.py:137} INFO - [2022-12-31T22:26:46.208+0700] {tutorial_taskflow_api_virtualenv.py:29} WARNING - The tutorial_taskflow_api_virtualenv example DAG requires virtualenv, please install it.
[2022-12-31T22:26:46.208+0700] {processor.py:755} WARNING - No viable dags retrieved from /home/dmk/anaconda3/envs/airflow/lib/python3.7/site-packages/airflow/example_dags/tutorial_taskflow_api_virtualenv.py
[2022-12-31T22:26:46.216+0700] {processor.py:175} INFO - Processing /home/dmk/anaconda3/envs/airflow/lib/python3.7/site-packages/airflow/example_dags/tutorial_taskflow_api_virtualenv.py took 0.028 seconds
[2022-12-31T22:27:34.342+0700] {processor.py:153} INFO - Started process (PID=50228) to work on /home/dmk/anaconda3/envs/airflow/lib/python3.7/site-packages/airflow/example_dags/tutorial_taskflow_api_virtualenv.py
[2022-12-31T22:27:34.346+0700] {processor.py:743} INFO - Processing file /home/dmk/anaconda3/envs/airflow/lib/python3.7/site-packages/airflow/example_dags/tutorial_taskflow_api_virtualenv.py for tasks to queue
[2022-12-31T22:27:34.347+0700] {logging_mixin.py:137} INFO - [2022-12-31T22:27:34.347+0700] {dagbag.py:538} INFO - Filling up the DagBag from /home/dmk/anaconda3/envs/airflow/lib/python3.7/site-packages/airflow/example_dags/tutorial_taskflow_api_virtualenv.py
[2022-12-31T22:27:34.362+0700] {logging_mixin.py:137} INFO - [2022-12-31T22:27:34.362+0700] {tutorial_taskflow_api_virtualenv.py:29} WARNING - The tutorial_taskflow_api_virtualenv example DAG requires virtualenv, please install it.
[2022-12-31T22:27:34.363+0700] {processor.py:755} WARNING - No viable dags retrieved from /home/dmk/anaconda3/envs/airflow/lib/python3.7/site-packages/airflow/example_dags/tutorial_taskflow_api_virtualenv.py
[2022-12-31T22:27:34.372+0700] {processor.py:175} INFO - Processing /home/dmk/anaconda3/envs/airflow/lib/python3.7/site-packages/airflow/example_dags/tutorial_taskflow_api_virtualenv.py took 0.033 seconds
[2022-12-31T22:28:24.844+0700] {processor.py:153} INFO - Started process (PID=50591) to work on /home/dmk/anaconda3/envs/airflow/lib/python3.7/site-packages/airflow/example_dags/tutorial_taskflow_api_virtualenv.py
[2022-12-31T22:28:24.849+0700] {processor.py:743} INFO - Processing file /home/dmk/anaconda3/envs/airflow/lib/python3.7/site-packages/airflow/example_dags/tutorial_taskflow_api_virtualenv.py for tasks to queue
[2022-12-31T22:28:24.851+0700] {logging_mixin.py:137} INFO - [2022-12-31T22:28:24.850+0700] {dagbag.py:538} INFO - Filling up the DagBag from /home/dmk/anaconda3/envs/airflow/lib/python3.7/site-packages/airflow/example_dags/tutorial_taskflow_api_virtualenv.py
[2022-12-31T22:28:25.013+0700] {logging_mixin.py:137} INFO - [2022-12-31T22:28:25.013+0700] {tutorial_taskflow_api_virtualenv.py:29} WARNING - The tutorial_taskflow_api_virtualenv example DAG requires virtualenv, please install it.
[2022-12-31T22:28:25.013+0700] {processor.py:755} WARNING - No viable dags retrieved from /home/dmk/anaconda3/envs/airflow/lib/python3.7/site-packages/airflow/example_dags/tutorial_taskflow_api_virtualenv.py
[2022-12-31T22:28:25.023+0700] {processor.py:175} INFO - Processing /home/dmk/anaconda3/envs/airflow/lib/python3.7/site-packages/airflow/example_dags/tutorial_taskflow_api_virtualenv.py took 0.189 seconds
[2022-12-31T22:29:12.858+0700] {processor.py:153} INFO - Started process (PID=50692) to work on /home/dmk/anaconda3/envs/airflow/lib/python3.7/site-packages/airflow/example_dags/tutorial_taskflow_api_virtualenv.py
[2022-12-31T22:29:12.864+0700] {processor.py:743} INFO - Processing file /home/dmk/anaconda3/envs/airflow/lib/python3.7/site-packages/airflow/example_dags/tutorial_taskflow_api_virtualenv.py for tasks to queue
[2022-12-31T22:29:12.866+0700] {logging_mixin.py:137} INFO - [2022-12-31T22:29:12.865+0700] {dagbag.py:538} INFO - Filling up the DagBag from /home/dmk/anaconda3/envs/airflow/lib/python3.7/site-packages/airflow/example_dags/tutorial_taskflow_api_virtualenv.py
[2022-12-31T22:29:12.909+0700] {logging_mixin.py:137} INFO - [2022-12-31T22:29:12.909+0700] {tutorial_taskflow_api_virtualenv.py:29} WARNING - The tutorial_taskflow_api_virtualenv example DAG requires virtualenv, please install it.
[2022-12-31T22:29:12.909+0700] {processor.py:755} WARNING - No viable dags retrieved from /home/dmk/anaconda3/envs/airflow/lib/python3.7/site-packages/airflow/example_dags/tutorial_taskflow_api_virtualenv.py
[2022-12-31T22:29:12.921+0700] {processor.py:175} INFO - Processing /home/dmk/anaconda3/envs/airflow/lib/python3.7/site-packages/airflow/example_dags/tutorial_taskflow_api_virtualenv.py took 0.072 seconds
[2022-12-31T22:29:59.890+0700] {processor.py:153} INFO - Started process (PID=51285) to work on /home/dmk/anaconda3/envs/airflow/lib/python3.7/site-packages/airflow/example_dags/tutorial_taskflow_api_virtualenv.py
[2022-12-31T22:29:59.894+0700] {processor.py:743} INFO - Processing file /home/dmk/anaconda3/envs/airflow/lib/python3.7/site-packages/airflow/example_dags/tutorial_taskflow_api_virtualenv.py for tasks to queue
[2022-12-31T22:29:59.895+0700] {logging_mixin.py:137} INFO - [2022-12-31T22:29:59.894+0700] {dagbag.py:538} INFO - Filling up the DagBag from /home/dmk/anaconda3/envs/airflow/lib/python3.7/site-packages/airflow/example_dags/tutorial_taskflow_api_virtualenv.py
[2022-12-31T22:29:59.909+0700] {logging_mixin.py:137} INFO - [2022-12-31T22:29:59.909+0700] {tutorial_taskflow_api_virtualenv.py:29} WARNING - The tutorial_taskflow_api_virtualenv example DAG requires virtualenv, please install it.
[2022-12-31T22:29:59.910+0700] {processor.py:755} WARNING - No viable dags retrieved from /home/dmk/anaconda3/envs/airflow/lib/python3.7/site-packages/airflow/example_dags/tutorial_taskflow_api_virtualenv.py
[2022-12-31T22:29:59.917+0700] {processor.py:175} INFO - Processing /home/dmk/anaconda3/envs/airflow/lib/python3.7/site-packages/airflow/example_dags/tutorial_taskflow_api_virtualenv.py took 0.032 seconds
[2022-12-31T22:30:48.108+0700] {processor.py:153} INFO - Started process (PID=51599) to work on /home/dmk/anaconda3/envs/airflow/lib/python3.7/site-packages/airflow/example_dags/tutorial_taskflow_api_virtualenv.py
[2022-12-31T22:30:48.111+0700] {processor.py:743} INFO - Processing file /home/dmk/anaconda3/envs/airflow/lib/python3.7/site-packages/airflow/example_dags/tutorial_taskflow_api_virtualenv.py for tasks to queue
[2022-12-31T22:30:48.112+0700] {logging_mixin.py:137} INFO - [2022-12-31T22:30:48.112+0700] {dagbag.py:538} INFO - Filling up the DagBag from /home/dmk/anaconda3/envs/airflow/lib/python3.7/site-packages/airflow/example_dags/tutorial_taskflow_api_virtualenv.py
[2022-12-31T22:30:48.126+0700] {logging_mixin.py:137} INFO - [2022-12-31T22:30:48.126+0700] {tutorial_taskflow_api_virtualenv.py:29} WARNING - The tutorial_taskflow_api_virtualenv example DAG requires virtualenv, please install it.
[2022-12-31T22:30:48.127+0700] {processor.py:755} WARNING - No viable dags retrieved from /home/dmk/anaconda3/envs/airflow/lib/python3.7/site-packages/airflow/example_dags/tutorial_taskflow_api_virtualenv.py
[2022-12-31T22:30:48.134+0700] {processor.py:175} INFO - Processing /home/dmk/anaconda3/envs/airflow/lib/python3.7/site-packages/airflow/example_dags/tutorial_taskflow_api_virtualenv.py took 0.030 seconds
[2022-12-31T22:31:35.837+0700] {processor.py:153} INFO - Started process (PID=51789) to work on /home/dmk/anaconda3/envs/airflow/lib/python3.7/site-packages/airflow/example_dags/tutorial_taskflow_api_virtualenv.py
[2022-12-31T22:31:35.841+0700] {processor.py:743} INFO - Processing file /home/dmk/anaconda3/envs/airflow/lib/python3.7/site-packages/airflow/example_dags/tutorial_taskflow_api_virtualenv.py for tasks to queue
[2022-12-31T22:31:35.844+0700] {logging_mixin.py:137} INFO - [2022-12-31T22:31:35.843+0700] {dagbag.py:538} INFO - Filling up the DagBag from /home/dmk/anaconda3/envs/airflow/lib/python3.7/site-packages/airflow/example_dags/tutorial_taskflow_api_virtualenv.py
[2022-12-31T22:31:35.887+0700] {logging_mixin.py:137} INFO - [2022-12-31T22:31:35.887+0700] {tutorial_taskflow_api_virtualenv.py:29} WARNING - The tutorial_taskflow_api_virtualenv example DAG requires virtualenv, please install it.
[2022-12-31T22:31:35.887+0700] {processor.py:755} WARNING - No viable dags retrieved from /home/dmk/anaconda3/envs/airflow/lib/python3.7/site-packages/airflow/example_dags/tutorial_taskflow_api_virtualenv.py
[2022-12-31T22:31:35.907+0700] {processor.py:175} INFO - Processing /home/dmk/anaconda3/envs/airflow/lib/python3.7/site-packages/airflow/example_dags/tutorial_taskflow_api_virtualenv.py took 0.079 seconds
[2022-12-31T22:32:24.330+0700] {processor.py:153} INFO - Started process (PID=51867) to work on /home/dmk/anaconda3/envs/airflow/lib/python3.7/site-packages/airflow/example_dags/tutorial_taskflow_api_virtualenv.py
[2022-12-31T22:32:24.332+0700] {processor.py:743} INFO - Processing file /home/dmk/anaconda3/envs/airflow/lib/python3.7/site-packages/airflow/example_dags/tutorial_taskflow_api_virtualenv.py for tasks to queue
[2022-12-31T22:32:24.333+0700] {logging_mixin.py:137} INFO - [2022-12-31T22:32:24.333+0700] {dagbag.py:538} INFO - Filling up the DagBag from /home/dmk/anaconda3/envs/airflow/lib/python3.7/site-packages/airflow/example_dags/tutorial_taskflow_api_virtualenv.py
[2022-12-31T22:32:24.349+0700] {logging_mixin.py:137} INFO - [2022-12-31T22:32:24.349+0700] {tutorial_taskflow_api_virtualenv.py:29} WARNING - The tutorial_taskflow_api_virtualenv example DAG requires virtualenv, please install it.
[2022-12-31T22:32:24.349+0700] {processor.py:755} WARNING - No viable dags retrieved from /home/dmk/anaconda3/envs/airflow/lib/python3.7/site-packages/airflow/example_dags/tutorial_taskflow_api_virtualenv.py
[2022-12-31T22:32:24.357+0700] {processor.py:175} INFO - Processing /home/dmk/anaconda3/envs/airflow/lib/python3.7/site-packages/airflow/example_dags/tutorial_taskflow_api_virtualenv.py took 0.030 seconds
