[2023-01-01T11:53:42.642+0700] {manager.py:483} INFO - Processing files using up to 1 processes at a time 
[2023-01-01T11:53:42.642+0700] {manager.py:484} INFO - Process each file at most once every 30 seconds
[2023-01-01T11:53:42.643+0700] {manager.py:486} INFO - Checking for new files in /home/dmk/airflow/dags every 300 seconds
[2023-01-01T11:53:42.643+0700] {manager.py:726} INFO - Searching for files in /home/dmk/airflow/dags
[2023-01-01T11:53:42.719+0700] {manager.py:729} INFO - There are 43 files in /home/dmk/airflow/dags
[2023-01-01T11:53:43.057+0700] {manager.py:851} INFO - 
================================================================================
DAG File Processing Stats

File Path                                                                                                                     PID    Runtime      # DAGs    # Errors  Last Runtime    Last Run
----------------------------------------------------------------------------------------------------------------------------  -----  ---------  --------  ----------  --------------  -------------------
/home/dmk/airflow/dags/tutorial.py                                                                                                                     0           0
/home/dmk/airflow/dags/test.py                                                                                                                         0           0
/home/dmk/airflow/dags/variable_dag.py                                                                                                                 0           0
/home/dmk/airflow/dags/twitter_dag.py                                                                                                                  0           0
/home/dmk/anaconda3/envs/airflow/lib/python3.7/site-packages/airflow/example_dags/example_local_kubernetes_executor.py                                 0           0
/home/dmk/anaconda3/envs/airflow/lib/python3.7/site-packages/airflow/example_dags/example_short_circuit_operator.py                                    0           0
/home/dmk/anaconda3/envs/airflow/lib/python3.7/site-packages/airflow/example_dags/example_nested_branch_dag.py                                         0           0
/home/dmk/anaconda3/envs/airflow/lib/python3.7/site-packages/airflow/example_dags/example_sla_dag.py                                                   0           0
/home/dmk/anaconda3/envs/airflow/lib/python3.7/site-packages/airflow/example_dags/tutorial_dag.py                                                      0           0
/home/dmk/anaconda3/envs/airflow/lib/python3.7/site-packages/airflow/example_dags/example_dag_decorator.py                                             0           0
/home/dmk/anaconda3/envs/airflow/lib/python3.7/site-packages/airflow/example_dags/example_branch_datetime_operator.py                                  0           0
/home/dmk/anaconda3/envs/airflow/lib/python3.7/site-packages/airflow/example_dags/tutorial.py                                                          0           0
/home/dmk/anaconda3/envs/airflow/lib/python3.7/site-packages/airflow/example_dags/example_subdag_operator.py                                           0           0
/home/dmk/anaconda3/envs/airflow/lib/python3.7/site-packages/airflow/example_dags/example_branch_operator.py                                           0           0
/home/dmk/anaconda3/envs/airflow/lib/python3.7/site-packages/airflow/example_dags/example_complex.py                                                   0           0
/home/dmk/anaconda3/envs/airflow/lib/python3.7/site-packages/airflow/example_dags/example_trigger_controller_dag.py                                    0           0
/home/dmk/anaconda3/envs/airflow/lib/python3.7/site-packages/airflow/example_dags/example_latest_only.py                                               0           0
/home/dmk/anaconda3/envs/airflow/lib/python3.7/site-packages/airflow/example_dags/example_xcom.py                                                      0           0
/home/dmk/anaconda3/envs/airflow/lib/python3.7/site-packages/airflow/example_dags/example_passing_params_via_test_command.py                           0           0
/home/dmk/anaconda3/envs/airflow/lib/python3.7/site-packages/airflow/example_dags/example_sensors.py                                                   0           0
/home/dmk/anaconda3/envs/airflow/lib/python3.7/site-packages/airflow/example_dags/example_datasets.py                                                  0           0
/home/dmk/anaconda3/envs/airflow/lib/python3.7/site-packages/airflow/example_dags/example_branch_python_dop_operator_3.py                              0           0
/home/dmk/anaconda3/envs/airflow/lib/python3.7/site-packages/airflow/example_dags/example_xcomargs.py                                                  0           0
/home/dmk/anaconda3/envs/airflow/lib/python3.7/site-packages/airflow/example_dags/example_trigger_target_dag.py                                        0           0
/home/dmk/anaconda3/envs/airflow/lib/python3.7/site-packages/airflow/example_dags/tutorial_taskflow_api.py                                             0           0
/home/dmk/anaconda3/envs/airflow/lib/python3.7/site-packages/airflow/example_dags/example_short_circuit_decorator.py                                   0           0
/home/dmk/anaconda3/envs/airflow/lib/python3.7/site-packages/airflow/example_dags/example_task_group_decorator.py                                      0           0
/home/dmk/anaconda3/envs/airflow/lib/python3.7/site-packages/airflow/example_dags/example_branch_labels.py                                             0           0
/home/dmk/anaconda3/envs/airflow/lib/python3.7/site-packages/airflow/example_dags/example_latest_only_with_trigger.py                                  0           0
/home/dmk/anaconda3/envs/airflow/lib/python3.7/site-packages/airflow/example_dags/example_task_group.py                                                0           0
/home/dmk/anaconda3/envs/airflow/lib/python3.7/site-packages/airflow/example_dags/example_skip_dag.py                                                  0           0
/home/dmk/anaconda3/envs/airflow/lib/python3.7/site-packages/airflow/example_dags/example_bash_operator.py                                             0           0
/home/dmk/anaconda3/envs/airflow/lib/python3.7/site-packages/airflow/example_dags/example_python_operator.py                                           0           0
/home/dmk/anaconda3/envs/airflow/lib/python3.7/site-packages/airflow/example_dags/example_kubernetes_executor.py                                       0           0
/home/dmk/anaconda3/envs/airflow/lib/python3.7/site-packages/airflow/example_dags/example_branch_operator_decorator.py                                 0           0
/home/dmk/anaconda3/envs/airflow/lib/python3.7/site-packages/airflow/example_dags/example_time_delta_sensor_async.py                                   0           0
/home/dmk/anaconda3/envs/airflow/lib/python3.7/site-packages/airflow/example_dags/tutorial_taskflow_api_virtualenv.py                                  0           0
/home/dmk/anaconda3/envs/airflow/lib/python3.7/site-packages/airflow/example_dags/example_branch_day_of_week_operator.py                               0           0
/home/dmk/anaconda3/envs/airflow/lib/python3.7/site-packages/airflow/example_dags/example_external_task_marker_dag.py                                  0           0
/home/dmk/anaconda3/envs/airflow/lib/python3.7/site-packages/airflow/example_dags/example_sensor_decorator.py                                          0           0
/home/dmk/anaconda3/envs/airflow/lib/python3.7/site-packages/airflow/example_dags/subdags/subdag.py                                                    0           0
/home/dmk/anaconda3/envs/airflow/lib/python3.7/site-packages/airflow/example_dags/plugins/workday.py                                                   0           0
/home/dmk/airflow/dags/run_daily.py                                                                                                                    1           0  0.31s           2023-01-01T04:53:43
================================================================================
[2023-01-01T11:54:13.568+0700] {manager.py:851} INFO - 
================================================================================
DAG File Processing Stats

File Path                                                                                                                     PID    Runtime      # DAGs    # Errors  Last Runtime    Last Run
----------------------------------------------------------------------------------------------------------------------------  -----  ---------  --------  ----------  --------------  -------------------
/home/dmk/airflow/dags/tutorial.py                                                                                                                     0           0
/home/dmk/airflow/dags/test.py                                                                                                                         0           0
/home/dmk/anaconda3/envs/airflow/lib/python3.7/site-packages/airflow/example_dags/example_dag_decorator.py                                             0           0
/home/dmk/anaconda3/envs/airflow/lib/python3.7/site-packages/airflow/example_dags/example_branch_datetime_operator.py                                  0           0
/home/dmk/anaconda3/envs/airflow/lib/python3.7/site-packages/airflow/example_dags/example_branch_operator.py                                           0           0
/home/dmk/anaconda3/envs/airflow/lib/python3.7/site-packages/airflow/example_dags/example_complex.py                                                   0           0
/home/dmk/anaconda3/envs/airflow/lib/python3.7/site-packages/airflow/example_dags/example_datasets.py                                                  0           0
/home/dmk/anaconda3/envs/airflow/lib/python3.7/site-packages/airflow/example_dags/example_branch_python_dop_operator_3.py                              0           0
/home/dmk/anaconda3/envs/airflow/lib/python3.7/site-packages/airflow/example_dags/example_branch_labels.py                                             0           0
/home/dmk/anaconda3/envs/airflow/lib/python3.7/site-packages/airflow/example_dags/example_task_group.py                                                0           0
/home/dmk/anaconda3/envs/airflow/lib/python3.7/site-packages/airflow/example_dags/example_skip_dag.py                                                  0           0
/home/dmk/anaconda3/envs/airflow/lib/python3.7/site-packages/airflow/example_dags/example_bash_operator.py                                             0           0
/home/dmk/anaconda3/envs/airflow/lib/python3.7/site-packages/airflow/example_dags/example_python_operator.py                                           0           0
/home/dmk/anaconda3/envs/airflow/lib/python3.7/site-packages/airflow/example_dags/example_kubernetes_executor.py                                       0           0
/home/dmk/anaconda3/envs/airflow/lib/python3.7/site-packages/airflow/example_dags/example_branch_operator_decorator.py                                 0           0
/home/dmk/anaconda3/envs/airflow/lib/python3.7/site-packages/airflow/example_dags/example_time_delta_sensor_async.py                                   0           0
/home/dmk/anaconda3/envs/airflow/lib/python3.7/site-packages/airflow/example_dags/tutorial_taskflow_api_virtualenv.py                                  0           0  0.10s           2023-01-01T04:53:47
/home/dmk/anaconda3/envs/airflow/lib/python3.7/site-packages/airflow/example_dags/example_branch_day_of_week_operator.py                               0           0
/home/dmk/anaconda3/envs/airflow/lib/python3.7/site-packages/airflow/example_dags/example_external_task_marker_dag.py                                  0           0
/home/dmk/anaconda3/envs/airflow/lib/python3.7/site-packages/airflow/example_dags/example_sensor_decorator.py                                          0           0
/home/dmk/anaconda3/envs/airflow/lib/python3.7/site-packages/airflow/example_dags/subdags/subdag.py                                                    0           0  0.10s           2023-01-01T04:53:48
/home/dmk/anaconda3/envs/airflow/lib/python3.7/site-packages/airflow/example_dags/plugins/workday.py                                                   0           0  0.10s           2023-01-01T04:53:50
/home/dmk/airflow/dags/variable_dag.py                                                                                                                 1           0  0.31s           2023-01-01T04:53:44
/home/dmk/airflow/dags/twitter_dag.py                                                                                                                  1           0  0.51s           2023-01-01T04:53:46
/home/dmk/airflow/dags/run_daily.py                                                                                                                    1           0  0.31s           2023-01-01T04:53:43
/home/dmk/anaconda3/envs/airflow/lib/python3.7/site-packages/airflow/example_dags/example_local_kubernetes_executor.py                                 1           0  0.31s           2023-01-01T04:53:51
/home/dmk/anaconda3/envs/airflow/lib/python3.7/site-packages/airflow/example_dags/example_short_circuit_operator.py                                    1           0  0.30s           2023-01-01T04:53:52
/home/dmk/anaconda3/envs/airflow/lib/python3.7/site-packages/airflow/example_dags/example_nested_branch_dag.py                                         1           0  0.31s           2023-01-01T04:53:54
/home/dmk/anaconda3/envs/airflow/lib/python3.7/site-packages/airflow/example_dags/example_sla_dag.py                                                   1           0  0.41s           2023-01-01T04:53:55
/home/dmk/anaconda3/envs/airflow/lib/python3.7/site-packages/airflow/example_dags/tutorial_dag.py                                                      1           0  0.31s           2023-01-01T04:53:57
/home/dmk/anaconda3/envs/airflow/lib/python3.7/site-packages/airflow/example_dags/tutorial.py                                                          1           0  0.41s           2023-01-01T04:53:58
/home/dmk/anaconda3/envs/airflow/lib/python3.7/site-packages/airflow/example_dags/example_trigger_controller_dag.py                                    1           0  0.32s           2023-01-01T04:54:00
/home/dmk/anaconda3/envs/airflow/lib/python3.7/site-packages/airflow/example_dags/example_latest_only.py                                               1           0  0.51s           2023-01-01T04:54:02
/home/dmk/anaconda3/envs/airflow/lib/python3.7/site-packages/airflow/example_dags/example_xcom.py                                                      1           0  0.51s           2023-01-01T04:54:03
/home/dmk/anaconda3/envs/airflow/lib/python3.7/site-packages/airflow/example_dags/example_passing_params_via_test_command.py                           1           0  0.41s           2023-01-01T04:54:04
/home/dmk/anaconda3/envs/airflow/lib/python3.7/site-packages/airflow/example_dags/example_sensors.py                                                   1           0  0.51s           2023-01-01T04:54:06
/home/dmk/anaconda3/envs/airflow/lib/python3.7/site-packages/airflow/example_dags/example_trigger_target_dag.py                                        1           0  0.41s           2023-01-01T04:54:08
/home/dmk/anaconda3/envs/airflow/lib/python3.7/site-packages/airflow/example_dags/tutorial_taskflow_api.py                                             1           0  0.31s           2023-01-01T04:53:47
/home/dmk/anaconda3/envs/airflow/lib/python3.7/site-packages/airflow/example_dags/example_short_circuit_decorator.py                                   1           0  0.41s           2023-01-01T04:54:10
/home/dmk/anaconda3/envs/airflow/lib/python3.7/site-packages/airflow/example_dags/example_task_group_decorator.py                                      1           0  0.51s           2023-01-01T04:54:12
/home/dmk/anaconda3/envs/airflow/lib/python3.7/site-packages/airflow/example_dags/example_latest_only_with_trigger.py                                  1           0  0.41s           2023-01-01T04:54:13
/home/dmk/anaconda3/envs/airflow/lib/python3.7/site-packages/airflow/example_dags/example_xcomargs.py                                                  2           0  0.51s           2023-01-01T04:54:08
/home/dmk/anaconda3/envs/airflow/lib/python3.7/site-packages/airflow/example_dags/example_subdag_operator.py                                           3           0  0.31s           2023-01-01T04:53:59
================================================================================
[2023-01-01T11:54:45.606+0700] {manager.py:851} INFO - 
================================================================================
DAG File Processing Stats

File Path                                                                                                                     PID    Runtime      # DAGs    # Errors  Last Runtime    Last Run
----------------------------------------------------------------------------------------------------------------------------  -----  ---------  --------  ----------  --------------  -------------------
/home/dmk/airflow/dags/tutorial.py                                                                                                                     0           0
/home/dmk/airflow/dags/test.py                                                                                                                         0           0
/home/dmk/anaconda3/envs/airflow/lib/python3.7/site-packages/airflow/example_dags/example_branch_labels.py                                             0           0
/home/dmk/anaconda3/envs/airflow/lib/python3.7/site-packages/airflow/example_dags/example_bash_operator.py                                             0           0
/home/dmk/anaconda3/envs/airflow/lib/python3.7/site-packages/airflow/example_dags/example_branch_operator_decorator.py                                 0           0
/home/dmk/anaconda3/envs/airflow/lib/python3.7/site-packages/airflow/example_dags/tutorial_taskflow_api_virtualenv.py                                  0           0  0.10s           2023-01-01T04:53:47
/home/dmk/anaconda3/envs/airflow/lib/python3.7/site-packages/airflow/example_dags/example_branch_day_of_week_operator.py                               0           0
/home/dmk/anaconda3/envs/airflow/lib/python3.7/site-packages/airflow/example_dags/example_external_task_marker_dag.py                                  0           0
/home/dmk/anaconda3/envs/airflow/lib/python3.7/site-packages/airflow/example_dags/subdags/subdag.py                                                    0           0  0.10s           2023-01-01T04:53:48
/home/dmk/anaconda3/envs/airflow/lib/python3.7/site-packages/airflow/example_dags/plugins/workday.py                                                   0           0  0.10s           2023-01-01T04:53:50
/home/dmk/airflow/dags/variable_dag.py                                                                                                                 1           0  0.31s           2023-01-01T04:53:44
/home/dmk/airflow/dags/twitter_dag.py                                                                                                                  1           0  0.51s           2023-01-01T04:53:46
/home/dmk/airflow/dags/run_daily.py                                                                                                                    1           0  0.31s           2023-01-01T04:53:43
/home/dmk/anaconda3/envs/airflow/lib/python3.7/site-packages/airflow/example_dags/example_local_kubernetes_executor.py                                 1           0  0.31s           2023-01-01T04:53:51
/home/dmk/anaconda3/envs/airflow/lib/python3.7/site-packages/airflow/example_dags/example_short_circuit_operator.py                                    1           0  0.30s           2023-01-01T04:53:52
/home/dmk/anaconda3/envs/airflow/lib/python3.7/site-packages/airflow/example_dags/example_nested_branch_dag.py                                         1           0  0.31s           2023-01-01T04:53:54
/home/dmk/anaconda3/envs/airflow/lib/python3.7/site-packages/airflow/example_dags/example_sla_dag.py                                                   1           0  0.41s           2023-01-01T04:53:55
/home/dmk/anaconda3/envs/airflow/lib/python3.7/site-packages/airflow/example_dags/tutorial_dag.py                                                      1           0  0.31s           2023-01-01T04:53:57
/home/dmk/anaconda3/envs/airflow/lib/python3.7/site-packages/airflow/example_dags/example_dag_decorator.py                                             1           0  0.30s           2023-01-01T04:54:22
/home/dmk/anaconda3/envs/airflow/lib/python3.7/site-packages/airflow/example_dags/tutorial.py                                                          1           0  0.41s           2023-01-01T04:53:58
/home/dmk/anaconda3/envs/airflow/lib/python3.7/site-packages/airflow/example_dags/example_branch_operator.py                                           1           0  0.31s           2023-01-01T04:54:28
/home/dmk/anaconda3/envs/airflow/lib/python3.7/site-packages/airflow/example_dags/example_complex.py                                                   1           0  0.31s           2023-01-01T04:54:35
/home/dmk/anaconda3/envs/airflow/lib/python3.7/site-packages/airflow/example_dags/example_trigger_controller_dag.py                                    1           0  0.32s           2023-01-01T04:54:00
/home/dmk/anaconda3/envs/airflow/lib/python3.7/site-packages/airflow/example_dags/example_latest_only.py                                               1           0  0.51s           2023-01-01T04:54:02
/home/dmk/anaconda3/envs/airflow/lib/python3.7/site-packages/airflow/example_dags/example_xcom.py                                                      1           0  0.51s           2023-01-01T04:54:03
/home/dmk/anaconda3/envs/airflow/lib/python3.7/site-packages/airflow/example_dags/example_passing_params_via_test_command.py                           1           0  0.41s           2023-01-01T04:54:04
/home/dmk/anaconda3/envs/airflow/lib/python3.7/site-packages/airflow/example_dags/example_sensors.py                                                   1           0  0.51s           2023-01-01T04:54:06
/home/dmk/anaconda3/envs/airflow/lib/python3.7/site-packages/airflow/example_dags/example_branch_python_dop_operator_3.py                              1           0  0.31s           2023-01-01T04:54:45
/home/dmk/anaconda3/envs/airflow/lib/python3.7/site-packages/airflow/example_dags/example_trigger_target_dag.py                                        1           0  0.41s           2023-01-01T04:54:08
/home/dmk/anaconda3/envs/airflow/lib/python3.7/site-packages/airflow/example_dags/tutorial_taskflow_api.py                                             1           0  0.31s           2023-01-01T04:53:47
/home/dmk/anaconda3/envs/airflow/lib/python3.7/site-packages/airflow/example_dags/example_short_circuit_decorator.py                                   1           0  0.41s           2023-01-01T04:54:10
/home/dmk/anaconda3/envs/airflow/lib/python3.7/site-packages/airflow/example_dags/example_task_group_decorator.py                                      1           0  0.51s           2023-01-01T04:54:12
/home/dmk/anaconda3/envs/airflow/lib/python3.7/site-packages/airflow/example_dags/example_latest_only_with_trigger.py                                  1           0  0.41s           2023-01-01T04:54:13
/home/dmk/anaconda3/envs/airflow/lib/python3.7/site-packages/airflow/example_dags/example_task_group.py                                                1           0  0.41s           2023-01-01T04:54:14
/home/dmk/anaconda3/envs/airflow/lib/python3.7/site-packages/airflow/example_dags/example_skip_dag.py                                                  1           0  0.32s           2023-01-01T04:54:15
/home/dmk/anaconda3/envs/airflow/lib/python3.7/site-packages/airflow/example_dags/example_python_operator.py                                           1           0  0.31s           2023-01-01T04:54:17
/home/dmk/anaconda3/envs/airflow/lib/python3.7/site-packages/airflow/example_dags/example_kubernetes_executor.py                                       1           0  0.32s           2023-01-01T04:54:18
/home/dmk/anaconda3/envs/airflow/lib/python3.7/site-packages/airflow/example_dags/example_time_delta_sensor_async.py                                   1           0  0.31s           2023-01-01T04:54:19
/home/dmk/anaconda3/envs/airflow/lib/python3.7/site-packages/airflow/example_dags/example_sensor_decorator.py                                          1           0  0.31s           2023-01-01T04:54:21
/home/dmk/anaconda3/envs/airflow/lib/python3.7/site-packages/airflow/example_dags/example_xcomargs.py                                                  2           0  0.51s           2023-01-01T04:54:08
/home/dmk/anaconda3/envs/airflow/lib/python3.7/site-packages/airflow/example_dags/example_branch_datetime_operator.py                                  3           0  0.51s           2023-01-01T04:54:24
/home/dmk/anaconda3/envs/airflow/lib/python3.7/site-packages/airflow/example_dags/example_subdag_operator.py                                           3           0  0.31s           2023-01-01T04:53:59
/home/dmk/anaconda3/envs/airflow/lib/python3.7/site-packages/airflow/example_dags/example_datasets.py                                                  6           0  0.41s           2023-01-01T04:54:41
================================================================================
[2023-01-01T11:55:19.120+0700] {manager.py:851} INFO - 
================================================================================
DAG File Processing Stats

File Path                                                                                                                     PID    Runtime      # DAGs    # Errors  Last Runtime    Last Run
----------------------------------------------------------------------------------------------------------------------------  -----  ---------  --------  ----------  --------------  -------------------
/home/dmk/anaconda3/envs/airflow/lib/python3.7/site-packages/airflow/example_dags/tutorial_taskflow_api_virtualenv.py                                  0           0  0.10s           2023-01-01T04:53:47
/home/dmk/anaconda3/envs/airflow/lib/python3.7/site-packages/airflow/example_dags/subdags/subdag.py                                                    0           0  0.10s           2023-01-01T04:53:48
/home/dmk/anaconda3/envs/airflow/lib/python3.7/site-packages/airflow/example_dags/plugins/workday.py                                                   0           0  0.10s           2023-01-01T04:53:50
/home/dmk/airflow/dags/tutorial.py                                                                                                                     1           0  0.31s           2023-01-01T04:55:09
/home/dmk/airflow/dags/test.py                                                                                                                         1           0  0.30s           2023-01-01T04:55:13
/home/dmk/airflow/dags/variable_dag.py                                                                                                                 1           0  0.31s           2023-01-01T04:53:44
/home/dmk/airflow/dags/twitter_dag.py                                                                                                                  1           0  0.51s           2023-01-01T04:53:46
/home/dmk/airflow/dags/run_daily.py                                                                                                                    1           0  0.51s           2023-01-01T04:55:19
/home/dmk/anaconda3/envs/airflow/lib/python3.7/site-packages/airflow/example_dags/example_local_kubernetes_executor.py                                 1           0  0.31s           2023-01-01T04:53:51
/home/dmk/anaconda3/envs/airflow/lib/python3.7/site-packages/airflow/example_dags/example_short_circuit_operator.py                                    1           0  0.30s           2023-01-01T04:53:52
/home/dmk/anaconda3/envs/airflow/lib/python3.7/site-packages/airflow/example_dags/example_nested_branch_dag.py                                         1           0  0.31s           2023-01-01T04:53:54
/home/dmk/anaconda3/envs/airflow/lib/python3.7/site-packages/airflow/example_dags/example_sla_dag.py                                                   1           0  0.41s           2023-01-01T04:53:55
/home/dmk/anaconda3/envs/airflow/lib/python3.7/site-packages/airflow/example_dags/tutorial_dag.py                                                      1           0  0.31s           2023-01-01T04:53:57
/home/dmk/anaconda3/envs/airflow/lib/python3.7/site-packages/airflow/example_dags/example_dag_decorator.py                                             1           0  0.30s           2023-01-01T04:54:22
/home/dmk/anaconda3/envs/airflow/lib/python3.7/site-packages/airflow/example_dags/tutorial.py                                                          1           0  0.41s           2023-01-01T04:53:58
/home/dmk/anaconda3/envs/airflow/lib/python3.7/site-packages/airflow/example_dags/example_branch_operator.py                                           1           0  0.31s           2023-01-01T04:54:28
/home/dmk/anaconda3/envs/airflow/lib/python3.7/site-packages/airflow/example_dags/example_complex.py                                                   1           0  0.31s           2023-01-01T04:54:35
/home/dmk/anaconda3/envs/airflow/lib/python3.7/site-packages/airflow/example_dags/example_trigger_controller_dag.py                                    1           0  0.32s           2023-01-01T04:54:00
/home/dmk/anaconda3/envs/airflow/lib/python3.7/site-packages/airflow/example_dags/example_latest_only.py                                               1           0  0.51s           2023-01-01T04:54:02
/home/dmk/anaconda3/envs/airflow/lib/python3.7/site-packages/airflow/example_dags/example_xcom.py                                                      1           0  0.51s           2023-01-01T04:54:03
/home/dmk/anaconda3/envs/airflow/lib/python3.7/site-packages/airflow/example_dags/example_passing_params_via_test_command.py                           1           0  0.41s           2023-01-01T04:54:04
/home/dmk/anaconda3/envs/airflow/lib/python3.7/site-packages/airflow/example_dags/example_sensors.py                                                   1           0  0.51s           2023-01-01T04:54:06
/home/dmk/anaconda3/envs/airflow/lib/python3.7/site-packages/airflow/example_dags/example_branch_python_dop_operator_3.py                              1           0  0.31s           2023-01-01T04:54:45
/home/dmk/anaconda3/envs/airflow/lib/python3.7/site-packages/airflow/example_dags/example_trigger_target_dag.py                                        1           0  0.41s           2023-01-01T04:54:08
/home/dmk/anaconda3/envs/airflow/lib/python3.7/site-packages/airflow/example_dags/tutorial_taskflow_api.py                                             1           0  0.31s           2023-01-01T04:53:47
/home/dmk/anaconda3/envs/airflow/lib/python3.7/site-packages/airflow/example_dags/example_short_circuit_decorator.py                                   1           0  0.41s           2023-01-01T04:54:10
/home/dmk/anaconda3/envs/airflow/lib/python3.7/site-packages/airflow/example_dags/example_task_group_decorator.py                                      1           0  0.51s           2023-01-01T04:54:12
/home/dmk/anaconda3/envs/airflow/lib/python3.7/site-packages/airflow/example_dags/example_branch_labels.py                                             1           0  0.32s           2023-01-01T04:54:46
/home/dmk/anaconda3/envs/airflow/lib/python3.7/site-packages/airflow/example_dags/example_latest_only_with_trigger.py                                  1           0  0.41s           2023-01-01T04:54:13
/home/dmk/anaconda3/envs/airflow/lib/python3.7/site-packages/airflow/example_dags/example_task_group.py                                                1           0  0.41s           2023-01-01T04:54:14
/home/dmk/anaconda3/envs/airflow/lib/python3.7/site-packages/airflow/example_dags/example_skip_dag.py                                                  1           0  0.32s           2023-01-01T04:54:15
/home/dmk/anaconda3/envs/airflow/lib/python3.7/site-packages/airflow/example_dags/example_bash_operator.py                                             1           0  0.31s           2023-01-01T04:54:50
/home/dmk/anaconda3/envs/airflow/lib/python3.7/site-packages/airflow/example_dags/example_python_operator.py                                           1           0  0.31s           2023-01-01T04:54:17
/home/dmk/anaconda3/envs/airflow/lib/python3.7/site-packages/airflow/example_dags/example_kubernetes_executor.py                                       1           0  0.32s           2023-01-01T04:54:18
/home/dmk/anaconda3/envs/airflow/lib/python3.7/site-packages/airflow/example_dags/example_branch_operator_decorator.py                                 1           0  0.61s           2023-01-01T04:54:57
/home/dmk/anaconda3/envs/airflow/lib/python3.7/site-packages/airflow/example_dags/example_time_delta_sensor_async.py                                   1           0  0.31s           2023-01-01T04:54:19
/home/dmk/anaconda3/envs/airflow/lib/python3.7/site-packages/airflow/example_dags/example_branch_day_of_week_operator.py                               1           0  0.31s           2023-01-01T04:55:04
/home/dmk/anaconda3/envs/airflow/lib/python3.7/site-packages/airflow/example_dags/example_sensor_decorator.py                                          1           0  0.31s           2023-01-01T04:54:21
/home/dmk/anaconda3/envs/airflow/lib/python3.7/site-packages/airflow/example_dags/example_xcomargs.py                                                  2           0  0.51s           2023-01-01T04:54:08
/home/dmk/anaconda3/envs/airflow/lib/python3.7/site-packages/airflow/example_dags/example_external_task_marker_dag.py                                  2           0  0.32s           2023-01-01T04:55:07
/home/dmk/anaconda3/envs/airflow/lib/python3.7/site-packages/airflow/example_dags/example_branch_datetime_operator.py                                  3           0  0.51s           2023-01-01T04:54:24
/home/dmk/anaconda3/envs/airflow/lib/python3.7/site-packages/airflow/example_dags/example_subdag_operator.py                                           3           0  0.31s           2023-01-01T04:53:59
/home/dmk/anaconda3/envs/airflow/lib/python3.7/site-packages/airflow/example_dags/example_datasets.py                                                  6           0  0.41s           2023-01-01T04:54:41
================================================================================
