[2022-12-31T20:48:28.454+0700] {processor.py:153} INFO - Started process (PID=8821) to work on /home/dmk/anaconda3/lib/python3.9/site-packages/airflow/example_dags/plugins/workday.py
[2022-12-31T20:48:28.455+0700] {processor.py:743} INFO - Processing file /home/dmk/anaconda3/lib/python3.9/site-packages/airflow/example_dags/plugins/workday.py for tasks to queue
[2022-12-31T20:48:28.455+0700] {logging_mixin.py:137} INFO - [2022-12-31T20:48:28.455+0700] {dagbag.py:538} INFO - Filling up the DagBag from /home/dmk/anaconda3/lib/python3.9/site-packages/airflow/example_dags/plugins/workday.py
[2022-12-31T20:48:28.457+0700] {processor.py:755} WARNING - No viable dags retrieved from /home/dmk/anaconda3/lib/python3.9/site-packages/airflow/example_dags/plugins/workday.py
[2022-12-31T20:48:28.466+0700] {processor.py:175} INFO - Processing /home/dmk/anaconda3/lib/python3.9/site-packages/airflow/example_dags/plugins/workday.py took 0.016 seconds
[2022-12-31T20:54:54.511+0700] {processor.py:153} INFO - Started process (PID=11827) to work on /home/dmk/anaconda3/lib/python3.9/site-packages/airflow/example_dags/plugins/workday.py
[2022-12-31T20:54:54.516+0700] {processor.py:743} INFO - Processing file /home/dmk/anaconda3/lib/python3.9/site-packages/airflow/example_dags/plugins/workday.py for tasks to queue
[2022-12-31T20:54:54.517+0700] {logging_mixin.py:137} INFO - [2022-12-31T20:54:54.517+0700] {dagbag.py:538} INFO - Filling up the DagBag from /home/dmk/anaconda3/lib/python3.9/site-packages/airflow/example_dags/plugins/workday.py
[2022-12-31T20:54:54.519+0700] {processor.py:755} WARNING - No viable dags retrieved from /home/dmk/anaconda3/lib/python3.9/site-packages/airflow/example_dags/plugins/workday.py
[2022-12-31T20:54:54.531+0700] {processor.py:175} INFO - Processing /home/dmk/anaconda3/lib/python3.9/site-packages/airflow/example_dags/plugins/workday.py took 0.022 seconds
[2022-12-31T20:55:37.824+0700] {processor.py:153} INFO - Started process (PID=12039) to work on /home/dmk/anaconda3/lib/python3.9/site-packages/airflow/example_dags/plugins/workday.py
[2022-12-31T20:55:37.828+0700] {processor.py:743} INFO - Processing file /home/dmk/anaconda3/lib/python3.9/site-packages/airflow/example_dags/plugins/workday.py for tasks to queue
[2022-12-31T20:55:37.829+0700] {logging_mixin.py:137} INFO - [2022-12-31T20:55:37.828+0700] {dagbag.py:538} INFO - Filling up the DagBag from /home/dmk/anaconda3/lib/python3.9/site-packages/airflow/example_dags/plugins/workday.py
[2022-12-31T20:55:37.830+0700] {processor.py:755} WARNING - No viable dags retrieved from /home/dmk/anaconda3/lib/python3.9/site-packages/airflow/example_dags/plugins/workday.py
[2022-12-31T20:55:37.839+0700] {processor.py:175} INFO - Processing /home/dmk/anaconda3/lib/python3.9/site-packages/airflow/example_dags/plugins/workday.py took 0.017 seconds
[2022-12-31T20:56:20.990+0700] {processor.py:153} INFO - Started process (PID=12196) to work on /home/dmk/anaconda3/lib/python3.9/site-packages/airflow/example_dags/plugins/workday.py
[2022-12-31T20:56:20.992+0700] {processor.py:743} INFO - Processing file /home/dmk/anaconda3/lib/python3.9/site-packages/airflow/example_dags/plugins/workday.py for tasks to queue
[2022-12-31T20:56:20.992+0700] {logging_mixin.py:137} INFO - [2022-12-31T20:56:20.992+0700] {dagbag.py:538} INFO - Filling up the DagBag from /home/dmk/anaconda3/lib/python3.9/site-packages/airflow/example_dags/plugins/workday.py
[2022-12-31T20:56:20.994+0700] {processor.py:755} WARNING - No viable dags retrieved from /home/dmk/anaconda3/lib/python3.9/site-packages/airflow/example_dags/plugins/workday.py
[2022-12-31T20:56:21.004+0700] {processor.py:175} INFO - Processing /home/dmk/anaconda3/lib/python3.9/site-packages/airflow/example_dags/plugins/workday.py took 0.017 seconds
[2022-12-31T20:57:25.018+0700] {processor.py:153} INFO - Started process (PID=12495) to work on /home/dmk/anaconda3/lib/python3.9/site-packages/airflow/example_dags/plugins/workday.py
[2022-12-31T20:57:25.021+0700] {processor.py:743} INFO - Processing file /home/dmk/anaconda3/lib/python3.9/site-packages/airflow/example_dags/plugins/workday.py for tasks to queue
[2022-12-31T20:57:25.022+0700] {logging_mixin.py:137} INFO - [2022-12-31T20:57:25.022+0700] {dagbag.py:538} INFO - Filling up the DagBag from /home/dmk/anaconda3/lib/python3.9/site-packages/airflow/example_dags/plugins/workday.py
[2022-12-31T20:57:25.024+0700] {processor.py:755} WARNING - No viable dags retrieved from /home/dmk/anaconda3/lib/python3.9/site-packages/airflow/example_dags/plugins/workday.py
[2022-12-31T20:57:25.036+0700] {processor.py:175} INFO - Processing /home/dmk/anaconda3/lib/python3.9/site-packages/airflow/example_dags/plugins/workday.py took 0.021 seconds
[2022-12-31T20:58:17.468+0700] {processor.py:153} INFO - Started process (PID=12923) to work on /home/dmk/anaconda3/lib/python3.9/site-packages/airflow/example_dags/plugins/workday.py
[2022-12-31T20:58:17.476+0700] {processor.py:743} INFO - Processing file /home/dmk/anaconda3/lib/python3.9/site-packages/airflow/example_dags/plugins/workday.py for tasks to queue
[2022-12-31T20:58:17.481+0700] {logging_mixin.py:137} INFO - [2022-12-31T20:58:17.478+0700] {dagbag.py:538} INFO - Filling up the DagBag from /home/dmk/anaconda3/lib/python3.9/site-packages/airflow/example_dags/plugins/workday.py
[2022-12-31T20:58:17.500+0700] {processor.py:755} WARNING - No viable dags retrieved from /home/dmk/anaconda3/lib/python3.9/site-packages/airflow/example_dags/plugins/workday.py
[2022-12-31T20:58:17.541+0700] {processor.py:175} INFO - Processing /home/dmk/anaconda3/lib/python3.9/site-packages/airflow/example_dags/plugins/workday.py took 0.076 seconds
[2022-12-31T20:59:07.796+0700] {processor.py:153} INFO - Started process (PID=13104) to work on /home/dmk/anaconda3/lib/python3.9/site-packages/airflow/example_dags/plugins/workday.py
[2022-12-31T20:59:07.800+0700] {processor.py:743} INFO - Processing file /home/dmk/anaconda3/lib/python3.9/site-packages/airflow/example_dags/plugins/workday.py for tasks to queue
[2022-12-31T20:59:07.801+0700] {logging_mixin.py:137} INFO - [2022-12-31T20:59:07.801+0700] {dagbag.py:538} INFO - Filling up the DagBag from /home/dmk/anaconda3/lib/python3.9/site-packages/airflow/example_dags/plugins/workday.py
[2022-12-31T20:59:07.812+0700] {processor.py:755} WARNING - No viable dags retrieved from /home/dmk/anaconda3/lib/python3.9/site-packages/airflow/example_dags/plugins/workday.py
[2022-12-31T20:59:07.824+0700] {processor.py:175} INFO - Processing /home/dmk/anaconda3/lib/python3.9/site-packages/airflow/example_dags/plugins/workday.py took 0.032 seconds
[2022-12-31T20:59:54.035+0700] {processor.py:153} INFO - Started process (PID=14318) to work on /home/dmk/anaconda3/lib/python3.9/site-packages/airflow/example_dags/plugins/workday.py
[2022-12-31T20:59:54.039+0700] {processor.py:743} INFO - Processing file /home/dmk/anaconda3/lib/python3.9/site-packages/airflow/example_dags/plugins/workday.py for tasks to queue
[2022-12-31T20:59:54.039+0700] {logging_mixin.py:137} INFO - [2022-12-31T20:59:54.039+0700] {dagbag.py:538} INFO - Filling up the DagBag from /home/dmk/anaconda3/lib/python3.9/site-packages/airflow/example_dags/plugins/workday.py
[2022-12-31T20:59:54.041+0700] {processor.py:755} WARNING - No viable dags retrieved from /home/dmk/anaconda3/lib/python3.9/site-packages/airflow/example_dags/plugins/workday.py
[2022-12-31T20:59:54.049+0700] {processor.py:175} INFO - Processing /home/dmk/anaconda3/lib/python3.9/site-packages/airflow/example_dags/plugins/workday.py took 0.018 seconds
[2022-12-31T21:00:52.687+0700] {processor.py:153} INFO - Started process (PID=15522) to work on /home/dmk/anaconda3/lib/python3.9/site-packages/airflow/example_dags/plugins/workday.py
[2022-12-31T21:00:52.691+0700] {processor.py:743} INFO - Processing file /home/dmk/anaconda3/lib/python3.9/site-packages/airflow/example_dags/plugins/workday.py for tasks to queue
[2022-12-31T21:00:52.692+0700] {logging_mixin.py:137} INFO - [2022-12-31T21:00:52.692+0700] {dagbag.py:538} INFO - Filling up the DagBag from /home/dmk/anaconda3/lib/python3.9/site-packages/airflow/example_dags/plugins/workday.py
[2022-12-31T21:00:52.693+0700] {processor.py:755} WARNING - No viable dags retrieved from /home/dmk/anaconda3/lib/python3.9/site-packages/airflow/example_dags/plugins/workday.py
[2022-12-31T21:00:52.703+0700] {processor.py:175} INFO - Processing /home/dmk/anaconda3/lib/python3.9/site-packages/airflow/example_dags/plugins/workday.py took 0.019 seconds
[2022-12-31T21:01:43.618+0700] {processor.py:153} INFO - Started process (PID=16231) to work on /home/dmk/anaconda3/lib/python3.9/site-packages/airflow/example_dags/plugins/workday.py
[2022-12-31T21:01:43.622+0700] {processor.py:743} INFO - Processing file /home/dmk/anaconda3/lib/python3.9/site-packages/airflow/example_dags/plugins/workday.py for tasks to queue
[2022-12-31T21:01:43.622+0700] {logging_mixin.py:137} INFO - [2022-12-31T21:01:43.622+0700] {dagbag.py:538} INFO - Filling up the DagBag from /home/dmk/anaconda3/lib/python3.9/site-packages/airflow/example_dags/plugins/workday.py
[2022-12-31T21:01:43.624+0700] {processor.py:755} WARNING - No viable dags retrieved from /home/dmk/anaconda3/lib/python3.9/site-packages/airflow/example_dags/plugins/workday.py
[2022-12-31T21:01:43.632+0700] {processor.py:175} INFO - Processing /home/dmk/anaconda3/lib/python3.9/site-packages/airflow/example_dags/plugins/workday.py took 0.016 seconds
[2022-12-31T21:02:37.139+0700] {processor.py:153} INFO - Started process (PID=16372) to work on /home/dmk/anaconda3/lib/python3.9/site-packages/airflow/example_dags/plugins/workday.py
[2022-12-31T21:02:37.143+0700] {processor.py:743} INFO - Processing file /home/dmk/anaconda3/lib/python3.9/site-packages/airflow/example_dags/plugins/workday.py for tasks to queue
[2022-12-31T21:02:37.144+0700] {logging_mixin.py:137} INFO - [2022-12-31T21:02:37.144+0700] {dagbag.py:538} INFO - Filling up the DagBag from /home/dmk/anaconda3/lib/python3.9/site-packages/airflow/example_dags/plugins/workday.py
[2022-12-31T21:02:37.146+0700] {processor.py:755} WARNING - No viable dags retrieved from /home/dmk/anaconda3/lib/python3.9/site-packages/airflow/example_dags/plugins/workday.py
[2022-12-31T21:02:37.158+0700] {processor.py:175} INFO - Processing /home/dmk/anaconda3/lib/python3.9/site-packages/airflow/example_dags/plugins/workday.py took 0.024 seconds
[2022-12-31T21:03:31.992+0700] {processor.py:153} INFO - Started process (PID=16849) to work on /home/dmk/anaconda3/lib/python3.9/site-packages/airflow/example_dags/plugins/workday.py
[2022-12-31T21:03:31.996+0700] {processor.py:743} INFO - Processing file /home/dmk/anaconda3/lib/python3.9/site-packages/airflow/example_dags/plugins/workday.py for tasks to queue
[2022-12-31T21:03:31.999+0700] {logging_mixin.py:137} INFO - [2022-12-31T21:03:31.999+0700] {dagbag.py:538} INFO - Filling up the DagBag from /home/dmk/anaconda3/lib/python3.9/site-packages/airflow/example_dags/plugins/workday.py
[2022-12-31T21:03:32.001+0700] {processor.py:755} WARNING - No viable dags retrieved from /home/dmk/anaconda3/lib/python3.9/site-packages/airflow/example_dags/plugins/workday.py
[2022-12-31T21:03:32.008+0700] {processor.py:175} INFO - Processing /home/dmk/anaconda3/lib/python3.9/site-packages/airflow/example_dags/plugins/workday.py took 0.020 seconds
[2022-12-31T21:04:24.227+0700] {processor.py:153} INFO - Started process (PID=17357) to work on /home/dmk/anaconda3/lib/python3.9/site-packages/airflow/example_dags/plugins/workday.py
[2022-12-31T21:04:24.232+0700] {processor.py:743} INFO - Processing file /home/dmk/anaconda3/lib/python3.9/site-packages/airflow/example_dags/plugins/workday.py for tasks to queue
[2022-12-31T21:04:24.233+0700] {logging_mixin.py:137} INFO - [2022-12-31T21:04:24.232+0700] {dagbag.py:538} INFO - Filling up the DagBag from /home/dmk/anaconda3/lib/python3.9/site-packages/airflow/example_dags/plugins/workday.py
[2022-12-31T21:04:24.235+0700] {processor.py:755} WARNING - No viable dags retrieved from /home/dmk/anaconda3/lib/python3.9/site-packages/airflow/example_dags/plugins/workday.py
[2022-12-31T21:04:24.249+0700] {processor.py:175} INFO - Processing /home/dmk/anaconda3/lib/python3.9/site-packages/airflow/example_dags/plugins/workday.py took 0.027 seconds
[2022-12-31T21:05:14.175+0700] {processor.py:153} INFO - Started process (PID=17863) to work on /home/dmk/anaconda3/lib/python3.9/site-packages/airflow/example_dags/plugins/workday.py
[2022-12-31T21:05:14.178+0700] {processor.py:743} INFO - Processing file /home/dmk/anaconda3/lib/python3.9/site-packages/airflow/example_dags/plugins/workday.py for tasks to queue
[2022-12-31T21:05:14.180+0700] {logging_mixin.py:137} INFO - [2022-12-31T21:05:14.180+0700] {dagbag.py:538} INFO - Filling up the DagBag from /home/dmk/anaconda3/lib/python3.9/site-packages/airflow/example_dags/plugins/workday.py
[2022-12-31T21:05:14.185+0700] {processor.py:755} WARNING - No viable dags retrieved from /home/dmk/anaconda3/lib/python3.9/site-packages/airflow/example_dags/plugins/workday.py
[2022-12-31T21:05:14.200+0700] {processor.py:175} INFO - Processing /home/dmk/anaconda3/lib/python3.9/site-packages/airflow/example_dags/plugins/workday.py took 0.029 seconds
[2022-12-31T21:06:14.670+0700] {processor.py:153} INFO - Started process (PID=18414) to work on /home/dmk/anaconda3/lib/python3.9/site-packages/airflow/example_dags/plugins/workday.py
[2022-12-31T21:06:14.672+0700] {processor.py:743} INFO - Processing file /home/dmk/anaconda3/lib/python3.9/site-packages/airflow/example_dags/plugins/workday.py for tasks to queue
[2022-12-31T21:06:14.673+0700] {logging_mixin.py:137} INFO - [2022-12-31T21:06:14.673+0700] {dagbag.py:538} INFO - Filling up the DagBag from /home/dmk/anaconda3/lib/python3.9/site-packages/airflow/example_dags/plugins/workday.py
[2022-12-31T21:06:14.676+0700] {processor.py:755} WARNING - No viable dags retrieved from /home/dmk/anaconda3/lib/python3.9/site-packages/airflow/example_dags/plugins/workday.py
[2022-12-31T21:06:14.702+0700] {processor.py:175} INFO - Processing /home/dmk/anaconda3/lib/python3.9/site-packages/airflow/example_dags/plugins/workday.py took 0.036 seconds
[2022-12-31T21:07:05.927+0700] {processor.py:153} INFO - Started process (PID=18636) to work on /home/dmk/anaconda3/lib/python3.9/site-packages/airflow/example_dags/plugins/workday.py
[2022-12-31T21:07:05.932+0700] {processor.py:743} INFO - Processing file /home/dmk/anaconda3/lib/python3.9/site-packages/airflow/example_dags/plugins/workday.py for tasks to queue
[2022-12-31T21:07:05.933+0700] {logging_mixin.py:137} INFO - [2022-12-31T21:07:05.933+0700] {dagbag.py:538} INFO - Filling up the DagBag from /home/dmk/anaconda3/lib/python3.9/site-packages/airflow/example_dags/plugins/workday.py
[2022-12-31T21:07:05.936+0700] {processor.py:755} WARNING - No viable dags retrieved from /home/dmk/anaconda3/lib/python3.9/site-packages/airflow/example_dags/plugins/workday.py
[2022-12-31T21:07:05.955+0700] {processor.py:175} INFO - Processing /home/dmk/anaconda3/lib/python3.9/site-packages/airflow/example_dags/plugins/workday.py took 0.029 seconds
[2022-12-31T21:07:50.294+0700] {processor.py:153} INFO - Started process (PID=18740) to work on /home/dmk/anaconda3/lib/python3.9/site-packages/airflow/example_dags/plugins/workday.py
[2022-12-31T21:07:50.295+0700] {processor.py:743} INFO - Processing file /home/dmk/anaconda3/lib/python3.9/site-packages/airflow/example_dags/plugins/workday.py for tasks to queue
[2022-12-31T21:07:50.297+0700] {logging_mixin.py:137} INFO - [2022-12-31T21:07:50.296+0700] {dagbag.py:538} INFO - Filling up the DagBag from /home/dmk/anaconda3/lib/python3.9/site-packages/airflow/example_dags/plugins/workday.py
[2022-12-31T21:07:50.299+0700] {processor.py:755} WARNING - No viable dags retrieved from /home/dmk/anaconda3/lib/python3.9/site-packages/airflow/example_dags/plugins/workday.py
[2022-12-31T21:07:50.308+0700] {processor.py:175} INFO - Processing /home/dmk/anaconda3/lib/python3.9/site-packages/airflow/example_dags/plugins/workday.py took 0.018 seconds
[2022-12-31T21:08:39.229+0700] {processor.py:153} INFO - Started process (PID=19002) to work on /home/dmk/anaconda3/lib/python3.9/site-packages/airflow/example_dags/plugins/workday.py
[2022-12-31T21:08:39.233+0700] {processor.py:743} INFO - Processing file /home/dmk/anaconda3/lib/python3.9/site-packages/airflow/example_dags/plugins/workday.py for tasks to queue
[2022-12-31T21:08:39.234+0700] {logging_mixin.py:137} INFO - [2022-12-31T21:08:39.233+0700] {dagbag.py:538} INFO - Filling up the DagBag from /home/dmk/anaconda3/lib/python3.9/site-packages/airflow/example_dags/plugins/workday.py
[2022-12-31T21:08:39.235+0700] {processor.py:755} WARNING - No viable dags retrieved from /home/dmk/anaconda3/lib/python3.9/site-packages/airflow/example_dags/plugins/workday.py
[2022-12-31T21:08:39.243+0700] {processor.py:175} INFO - Processing /home/dmk/anaconda3/lib/python3.9/site-packages/airflow/example_dags/plugins/workday.py took 0.016 seconds
[2022-12-31T21:09:29.726+0700] {processor.py:153} INFO - Started process (PID=19740) to work on /home/dmk/anaconda3/lib/python3.9/site-packages/airflow/example_dags/plugins/workday.py
[2022-12-31T21:09:29.730+0700] {processor.py:743} INFO - Processing file /home/dmk/anaconda3/lib/python3.9/site-packages/airflow/example_dags/plugins/workday.py for tasks to queue
[2022-12-31T21:09:29.732+0700] {logging_mixin.py:137} INFO - [2022-12-31T21:09:29.732+0700] {dagbag.py:538} INFO - Filling up the DagBag from /home/dmk/anaconda3/lib/python3.9/site-packages/airflow/example_dags/plugins/workday.py
[2022-12-31T21:09:29.737+0700] {processor.py:755} WARNING - No viable dags retrieved from /home/dmk/anaconda3/lib/python3.9/site-packages/airflow/example_dags/plugins/workday.py
[2022-12-31T21:09:29.769+0700] {processor.py:175} INFO - Processing /home/dmk/anaconda3/lib/python3.9/site-packages/airflow/example_dags/plugins/workday.py took 0.047 seconds
[2022-12-31T21:10:11.511+0700] {processor.py:153} INFO - Started process (PID=19879) to work on /home/dmk/anaconda3/lib/python3.9/site-packages/airflow/example_dags/plugins/workday.py
[2022-12-31T21:10:11.514+0700] {processor.py:743} INFO - Processing file /home/dmk/anaconda3/lib/python3.9/site-packages/airflow/example_dags/plugins/workday.py for tasks to queue
[2022-12-31T21:10:11.516+0700] {logging_mixin.py:137} INFO - [2022-12-31T21:10:11.516+0700] {dagbag.py:538} INFO - Filling up the DagBag from /home/dmk/anaconda3/lib/python3.9/site-packages/airflow/example_dags/plugins/workday.py
[2022-12-31T21:10:11.518+0700] {processor.py:755} WARNING - No viable dags retrieved from /home/dmk/anaconda3/lib/python3.9/site-packages/airflow/example_dags/plugins/workday.py
[2022-12-31T21:10:11.537+0700] {processor.py:175} INFO - Processing /home/dmk/anaconda3/lib/python3.9/site-packages/airflow/example_dags/plugins/workday.py took 0.031 seconds
[2022-12-31T21:11:01.002+0700] {processor.py:153} INFO - Started process (PID=20153) to work on /home/dmk/anaconda3/lib/python3.9/site-packages/airflow/example_dags/plugins/workday.py
[2022-12-31T21:11:01.006+0700] {processor.py:743} INFO - Processing file /home/dmk/anaconda3/lib/python3.9/site-packages/airflow/example_dags/plugins/workday.py for tasks to queue
[2022-12-31T21:11:01.007+0700] {logging_mixin.py:137} INFO - [2022-12-31T21:11:01.006+0700] {dagbag.py:538} INFO - Filling up the DagBag from /home/dmk/anaconda3/lib/python3.9/site-packages/airflow/example_dags/plugins/workday.py
[2022-12-31T21:11:01.008+0700] {processor.py:755} WARNING - No viable dags retrieved from /home/dmk/anaconda3/lib/python3.9/site-packages/airflow/example_dags/plugins/workday.py
[2022-12-31T21:11:01.016+0700] {processor.py:175} INFO - Processing /home/dmk/anaconda3/lib/python3.9/site-packages/airflow/example_dags/plugins/workday.py took 0.016 seconds
[2022-12-31T21:11:52.345+0700] {processor.py:153} INFO - Started process (PID=20327) to work on /home/dmk/anaconda3/lib/python3.9/site-packages/airflow/example_dags/plugins/workday.py
[2022-12-31T21:11:52.346+0700] {processor.py:743} INFO - Processing file /home/dmk/anaconda3/lib/python3.9/site-packages/airflow/example_dags/plugins/workday.py for tasks to queue
[2022-12-31T21:11:52.347+0700] {logging_mixin.py:137} INFO - [2022-12-31T21:11:52.346+0700] {dagbag.py:538} INFO - Filling up the DagBag from /home/dmk/anaconda3/lib/python3.9/site-packages/airflow/example_dags/plugins/workday.py
[2022-12-31T21:11:52.349+0700] {processor.py:755} WARNING - No viable dags retrieved from /home/dmk/anaconda3/lib/python3.9/site-packages/airflow/example_dags/plugins/workday.py
[2022-12-31T21:11:52.361+0700] {processor.py:175} INFO - Processing /home/dmk/anaconda3/lib/python3.9/site-packages/airflow/example_dags/plugins/workday.py took 0.020 seconds
[2022-12-31T21:12:49.521+0700] {processor.py:153} INFO - Started process (PID=20476) to work on /home/dmk/anaconda3/lib/python3.9/site-packages/airflow/example_dags/plugins/workday.py
[2022-12-31T21:12:49.524+0700] {processor.py:743} INFO - Processing file /home/dmk/anaconda3/lib/python3.9/site-packages/airflow/example_dags/plugins/workday.py for tasks to queue
[2022-12-31T21:12:49.525+0700] {logging_mixin.py:137} INFO - [2022-12-31T21:12:49.525+0700] {dagbag.py:538} INFO - Filling up the DagBag from /home/dmk/anaconda3/lib/python3.9/site-packages/airflow/example_dags/plugins/workday.py
[2022-12-31T21:12:49.527+0700] {processor.py:755} WARNING - No viable dags retrieved from /home/dmk/anaconda3/lib/python3.9/site-packages/airflow/example_dags/plugins/workday.py
[2022-12-31T21:12:49.535+0700] {processor.py:175} INFO - Processing /home/dmk/anaconda3/lib/python3.9/site-packages/airflow/example_dags/plugins/workday.py took 0.017 seconds
[2022-12-31T21:13:25.093+0700] {processor.py:153} INFO - Started process (PID=20624) to work on /home/dmk/anaconda3/lib/python3.9/site-packages/airflow/example_dags/plugins/workday.py
[2022-12-31T21:13:25.094+0700] {processor.py:743} INFO - Processing file /home/dmk/anaconda3/lib/python3.9/site-packages/airflow/example_dags/plugins/workday.py for tasks to queue
[2022-12-31T21:13:25.095+0700] {logging_mixin.py:137} INFO - [2022-12-31T21:13:25.095+0700] {dagbag.py:538} INFO - Filling up the DagBag from /home/dmk/anaconda3/lib/python3.9/site-packages/airflow/example_dags/plugins/workday.py
[2022-12-31T21:13:25.096+0700] {processor.py:755} WARNING - No viable dags retrieved from /home/dmk/anaconda3/lib/python3.9/site-packages/airflow/example_dags/plugins/workday.py
[2022-12-31T21:13:25.104+0700] {processor.py:175} INFO - Processing /home/dmk/anaconda3/lib/python3.9/site-packages/airflow/example_dags/plugins/workday.py took 0.016 seconds
[2022-12-31T21:14:15.478+0700] {processor.py:153} INFO - Started process (PID=21150) to work on /home/dmk/anaconda3/lib/python3.9/site-packages/airflow/example_dags/plugins/workday.py
[2022-12-31T21:14:15.482+0700] {processor.py:743} INFO - Processing file /home/dmk/anaconda3/lib/python3.9/site-packages/airflow/example_dags/plugins/workday.py for tasks to queue
[2022-12-31T21:14:15.484+0700] {logging_mixin.py:137} INFO - [2022-12-31T21:14:15.484+0700] {dagbag.py:538} INFO - Filling up the DagBag from /home/dmk/anaconda3/lib/python3.9/site-packages/airflow/example_dags/plugins/workday.py
[2022-12-31T21:14:15.489+0700] {processor.py:755} WARNING - No viable dags retrieved from /home/dmk/anaconda3/lib/python3.9/site-packages/airflow/example_dags/plugins/workday.py
[2022-12-31T21:14:15.504+0700] {processor.py:175} INFO - Processing /home/dmk/anaconda3/lib/python3.9/site-packages/airflow/example_dags/plugins/workday.py took 0.030 seconds
[2022-12-31T21:15:17.612+0700] {processor.py:153} INFO - Started process (PID=22083) to work on /home/dmk/anaconda3/lib/python3.9/site-packages/airflow/example_dags/plugins/workday.py
[2022-12-31T21:15:17.617+0700] {processor.py:743} INFO - Processing file /home/dmk/anaconda3/lib/python3.9/site-packages/airflow/example_dags/plugins/workday.py for tasks to queue
[2022-12-31T21:15:17.618+0700] {logging_mixin.py:137} INFO - [2022-12-31T21:15:17.617+0700] {dagbag.py:538} INFO - Filling up the DagBag from /home/dmk/anaconda3/lib/python3.9/site-packages/airflow/example_dags/plugins/workday.py
[2022-12-31T21:15:17.620+0700] {processor.py:755} WARNING - No viable dags retrieved from /home/dmk/anaconda3/lib/python3.9/site-packages/airflow/example_dags/plugins/workday.py
[2022-12-31T21:15:17.630+0700] {processor.py:175} INFO - Processing /home/dmk/anaconda3/lib/python3.9/site-packages/airflow/example_dags/plugins/workday.py took 0.025 seconds
[2022-12-31T21:16:01.941+0700] {processor.py:153} INFO - Started process (PID=22538) to work on /home/dmk/anaconda3/lib/python3.9/site-packages/airflow/example_dags/plugins/workday.py
[2022-12-31T21:16:01.945+0700] {processor.py:743} INFO - Processing file /home/dmk/anaconda3/lib/python3.9/site-packages/airflow/example_dags/plugins/workday.py for tasks to queue
[2022-12-31T21:16:01.946+0700] {logging_mixin.py:137} INFO - [2022-12-31T21:16:01.945+0700] {dagbag.py:538} INFO - Filling up the DagBag from /home/dmk/anaconda3/lib/python3.9/site-packages/airflow/example_dags/plugins/workday.py
[2022-12-31T21:16:01.947+0700] {processor.py:755} WARNING - No viable dags retrieved from /home/dmk/anaconda3/lib/python3.9/site-packages/airflow/example_dags/plugins/workday.py
[2022-12-31T21:16:01.955+0700] {processor.py:175} INFO - Processing /home/dmk/anaconda3/lib/python3.9/site-packages/airflow/example_dags/plugins/workday.py took 0.017 seconds
[2022-12-31T21:16:46.921+0700] {processor.py:153} INFO - Started process (PID=23242) to work on /home/dmk/anaconda3/lib/python3.9/site-packages/airflow/example_dags/plugins/workday.py
[2022-12-31T21:16:46.926+0700] {processor.py:743} INFO - Processing file /home/dmk/anaconda3/lib/python3.9/site-packages/airflow/example_dags/plugins/workday.py for tasks to queue
[2022-12-31T21:16:46.929+0700] {logging_mixin.py:137} INFO - [2022-12-31T21:16:46.928+0700] {dagbag.py:538} INFO - Filling up the DagBag from /home/dmk/anaconda3/lib/python3.9/site-packages/airflow/example_dags/plugins/workday.py
[2022-12-31T21:16:46.933+0700] {processor.py:755} WARNING - No viable dags retrieved from /home/dmk/anaconda3/lib/python3.9/site-packages/airflow/example_dags/plugins/workday.py
[2022-12-31T21:16:46.947+0700] {processor.py:175} INFO - Processing /home/dmk/anaconda3/lib/python3.9/site-packages/airflow/example_dags/plugins/workday.py took 0.028 seconds
[2022-12-31T21:17:35.421+0700] {processor.py:153} INFO - Started process (PID=23618) to work on /home/dmk/anaconda3/lib/python3.9/site-packages/airflow/example_dags/plugins/workday.py
[2022-12-31T21:17:35.422+0700] {processor.py:743} INFO - Processing file /home/dmk/anaconda3/lib/python3.9/site-packages/airflow/example_dags/plugins/workday.py for tasks to queue
[2022-12-31T21:17:35.423+0700] {logging_mixin.py:137} INFO - [2022-12-31T21:17:35.423+0700] {dagbag.py:538} INFO - Filling up the DagBag from /home/dmk/anaconda3/lib/python3.9/site-packages/airflow/example_dags/plugins/workday.py
[2022-12-31T21:17:35.424+0700] {processor.py:755} WARNING - No viable dags retrieved from /home/dmk/anaconda3/lib/python3.9/site-packages/airflow/example_dags/plugins/workday.py
[2022-12-31T21:17:35.432+0700] {processor.py:175} INFO - Processing /home/dmk/anaconda3/lib/python3.9/site-packages/airflow/example_dags/plugins/workday.py took 0.013 seconds
[2022-12-31T21:18:56.650+0700] {processor.py:153} INFO - Started process (PID=23974) to work on /home/dmk/anaconda3/lib/python3.9/site-packages/airflow/example_dags/plugins/workday.py
[2022-12-31T21:18:56.655+0700] {processor.py:743} INFO - Processing file /home/dmk/anaconda3/lib/python3.9/site-packages/airflow/example_dags/plugins/workday.py for tasks to queue
[2022-12-31T21:18:56.667+0700] {logging_mixin.py:137} INFO - [2022-12-31T21:18:56.667+0700] {dagbag.py:538} INFO - Filling up the DagBag from /home/dmk/anaconda3/lib/python3.9/site-packages/airflow/example_dags/plugins/workday.py
[2022-12-31T21:18:56.672+0700] {processor.py:755} WARNING - No viable dags retrieved from /home/dmk/anaconda3/lib/python3.9/site-packages/airflow/example_dags/plugins/workday.py
[2022-12-31T21:18:56.697+0700] {processor.py:175} INFO - Processing /home/dmk/anaconda3/lib/python3.9/site-packages/airflow/example_dags/plugins/workday.py took 0.056 seconds
[2022-12-31T21:19:46.973+0700] {processor.py:153} INFO - Started process (PID=24211) to work on /home/dmk/anaconda3/lib/python3.9/site-packages/airflow/example_dags/plugins/workday.py
[2022-12-31T21:19:46.978+0700] {processor.py:743} INFO - Processing file /home/dmk/anaconda3/lib/python3.9/site-packages/airflow/example_dags/plugins/workday.py for tasks to queue
[2022-12-31T21:19:46.979+0700] {logging_mixin.py:137} INFO - [2022-12-31T21:19:46.979+0700] {dagbag.py:538} INFO - Filling up the DagBag from /home/dmk/anaconda3/lib/python3.9/site-packages/airflow/example_dags/plugins/workday.py
[2022-12-31T21:19:46.983+0700] {processor.py:755} WARNING - No viable dags retrieved from /home/dmk/anaconda3/lib/python3.9/site-packages/airflow/example_dags/plugins/workday.py
[2022-12-31T21:19:47.006+0700] {processor.py:175} INFO - Processing /home/dmk/anaconda3/lib/python3.9/site-packages/airflow/example_dags/plugins/workday.py took 0.036 seconds
[2022-12-31T21:20:29.636+0700] {processor.py:153} INFO - Started process (PID=24445) to work on /home/dmk/anaconda3/lib/python3.9/site-packages/airflow/example_dags/plugins/workday.py
[2022-12-31T21:20:29.643+0700] {processor.py:743} INFO - Processing file /home/dmk/anaconda3/lib/python3.9/site-packages/airflow/example_dags/plugins/workday.py for tasks to queue
[2022-12-31T21:20:29.647+0700] {logging_mixin.py:137} INFO - [2022-12-31T21:20:29.645+0700] {dagbag.py:538} INFO - Filling up the DagBag from /home/dmk/anaconda3/lib/python3.9/site-packages/airflow/example_dags/plugins/workday.py
[2022-12-31T21:20:29.656+0700] {processor.py:755} WARNING - No viable dags retrieved from /home/dmk/anaconda3/lib/python3.9/site-packages/airflow/example_dags/plugins/workday.py
[2022-12-31T21:20:29.683+0700] {processor.py:175} INFO - Processing /home/dmk/anaconda3/lib/python3.9/site-packages/airflow/example_dags/plugins/workday.py took 0.060 seconds
[2022-12-31T21:22:20.073+0700] {processor.py:153} INFO - Started process (PID=25165) to work on /home/dmk/anaconda3/lib/python3.9/site-packages/airflow/example_dags/plugins/workday.py
[2022-12-31T21:22:20.077+0700] {processor.py:743} INFO - Processing file /home/dmk/anaconda3/lib/python3.9/site-packages/airflow/example_dags/plugins/workday.py for tasks to queue
[2022-12-31T21:22:20.080+0700] {logging_mixin.py:137} INFO - [2022-12-31T21:22:20.080+0700] {dagbag.py:538} INFO - Filling up the DagBag from /home/dmk/anaconda3/lib/python3.9/site-packages/airflow/example_dags/plugins/workday.py
[2022-12-31T21:22:20.081+0700] {processor.py:755} WARNING - No viable dags retrieved from /home/dmk/anaconda3/lib/python3.9/site-packages/airflow/example_dags/plugins/workday.py
[2022-12-31T21:22:20.089+0700] {processor.py:175} INFO - Processing /home/dmk/anaconda3/lib/python3.9/site-packages/airflow/example_dags/plugins/workday.py took 0.018 seconds
[2022-12-31T21:23:09.103+0700] {processor.py:153} INFO - Started process (PID=25376) to work on /home/dmk/anaconda3/lib/python3.9/site-packages/airflow/example_dags/plugins/workday.py
[2022-12-31T21:23:09.108+0700] {processor.py:743} INFO - Processing file /home/dmk/anaconda3/lib/python3.9/site-packages/airflow/example_dags/plugins/workday.py for tasks to queue
[2022-12-31T21:23:09.110+0700] {logging_mixin.py:137} INFO - [2022-12-31T21:23:09.109+0700] {dagbag.py:538} INFO - Filling up the DagBag from /home/dmk/anaconda3/lib/python3.9/site-packages/airflow/example_dags/plugins/workday.py
[2022-12-31T21:23:09.114+0700] {processor.py:755} WARNING - No viable dags retrieved from /home/dmk/anaconda3/lib/python3.9/site-packages/airflow/example_dags/plugins/workday.py
[2022-12-31T21:23:09.130+0700] {processor.py:175} INFO - Processing /home/dmk/anaconda3/lib/python3.9/site-packages/airflow/example_dags/plugins/workday.py took 0.032 seconds
[2022-12-31T21:23:52.670+0700] {processor.py:153} INFO - Started process (PID=25468) to work on /home/dmk/anaconda3/lib/python3.9/site-packages/airflow/example_dags/plugins/workday.py
[2022-12-31T21:23:52.676+0700] {processor.py:743} INFO - Processing file /home/dmk/anaconda3/lib/python3.9/site-packages/airflow/example_dags/plugins/workday.py for tasks to queue
[2022-12-31T21:23:52.677+0700] {logging_mixin.py:137} INFO - [2022-12-31T21:23:52.677+0700] {dagbag.py:538} INFO - Filling up the DagBag from /home/dmk/anaconda3/lib/python3.9/site-packages/airflow/example_dags/plugins/workday.py
[2022-12-31T21:23:52.681+0700] {processor.py:755} WARNING - No viable dags retrieved from /home/dmk/anaconda3/lib/python3.9/site-packages/airflow/example_dags/plugins/workday.py
[2022-12-31T21:23:52.699+0700] {processor.py:175} INFO - Processing /home/dmk/anaconda3/lib/python3.9/site-packages/airflow/example_dags/plugins/workday.py took 0.035 seconds
[2022-12-31T21:24:53.592+0700] {processor.py:153} INFO - Started process (PID=25705) to work on /home/dmk/anaconda3/lib/python3.9/site-packages/airflow/example_dags/plugins/workday.py
[2022-12-31T21:24:53.597+0700] {processor.py:743} INFO - Processing file /home/dmk/anaconda3/lib/python3.9/site-packages/airflow/example_dags/plugins/workday.py for tasks to queue
[2022-12-31T21:24:53.599+0700] {logging_mixin.py:137} INFO - [2022-12-31T21:24:53.598+0700] {dagbag.py:538} INFO - Filling up the DagBag from /home/dmk/anaconda3/lib/python3.9/site-packages/airflow/example_dags/plugins/workday.py
[2022-12-31T21:24:53.602+0700] {processor.py:755} WARNING - No viable dags retrieved from /home/dmk/anaconda3/lib/python3.9/site-packages/airflow/example_dags/plugins/workday.py
[2022-12-31T21:24:53.618+0700] {processor.py:175} INFO - Processing /home/dmk/anaconda3/lib/python3.9/site-packages/airflow/example_dags/plugins/workday.py took 0.033 seconds
[2022-12-31T21:25:33.341+0700] {processor.py:153} INFO - Started process (PID=25850) to work on /home/dmk/anaconda3/lib/python3.9/site-packages/airflow/example_dags/plugins/workday.py
[2022-12-31T21:25:33.346+0700] {processor.py:743} INFO - Processing file /home/dmk/anaconda3/lib/python3.9/site-packages/airflow/example_dags/plugins/workday.py for tasks to queue
[2022-12-31T21:25:33.347+0700] {logging_mixin.py:137} INFO - [2022-12-31T21:25:33.347+0700] {dagbag.py:538} INFO - Filling up the DagBag from /home/dmk/anaconda3/lib/python3.9/site-packages/airflow/example_dags/plugins/workday.py
[2022-12-31T21:25:33.349+0700] {processor.py:755} WARNING - No viable dags retrieved from /home/dmk/anaconda3/lib/python3.9/site-packages/airflow/example_dags/plugins/workday.py
[2022-12-31T21:25:33.370+0700] {processor.py:175} INFO - Processing /home/dmk/anaconda3/lib/python3.9/site-packages/airflow/example_dags/plugins/workday.py took 0.031 seconds
[2022-12-31T21:26:18.346+0700] {processor.py:153} INFO - Started process (PID=25935) to work on /home/dmk/anaconda3/lib/python3.9/site-packages/airflow/example_dags/plugins/workday.py
[2022-12-31T21:26:18.351+0700] {processor.py:743} INFO - Processing file /home/dmk/anaconda3/lib/python3.9/site-packages/airflow/example_dags/plugins/workday.py for tasks to queue
[2022-12-31T21:26:18.353+0700] {logging_mixin.py:137} INFO - [2022-12-31T21:26:18.352+0700] {dagbag.py:538} INFO - Filling up the DagBag from /home/dmk/anaconda3/lib/python3.9/site-packages/airflow/example_dags/plugins/workday.py
[2022-12-31T21:26:18.358+0700] {processor.py:755} WARNING - No viable dags retrieved from /home/dmk/anaconda3/lib/python3.9/site-packages/airflow/example_dags/plugins/workday.py
[2022-12-31T21:26:18.390+0700] {processor.py:175} INFO - Processing /home/dmk/anaconda3/lib/python3.9/site-packages/airflow/example_dags/plugins/workday.py took 0.054 seconds
[2022-12-31T21:27:21.468+0700] {processor.py:153} INFO - Started process (PID=26049) to work on /home/dmk/anaconda3/lib/python3.9/site-packages/airflow/example_dags/plugins/workday.py
[2022-12-31T21:27:21.472+0700] {processor.py:743} INFO - Processing file /home/dmk/anaconda3/lib/python3.9/site-packages/airflow/example_dags/plugins/workday.py for tasks to queue
[2022-12-31T21:27:21.474+0700] {logging_mixin.py:137} INFO - [2022-12-31T21:27:21.474+0700] {dagbag.py:538} INFO - Filling up the DagBag from /home/dmk/anaconda3/lib/python3.9/site-packages/airflow/example_dags/plugins/workday.py
[2022-12-31T21:27:21.477+0700] {processor.py:755} WARNING - No viable dags retrieved from /home/dmk/anaconda3/lib/python3.9/site-packages/airflow/example_dags/plugins/workday.py
[2022-12-31T21:27:21.493+0700] {processor.py:175} INFO - Processing /home/dmk/anaconda3/lib/python3.9/site-packages/airflow/example_dags/plugins/workday.py took 0.037 seconds
[2022-12-31T21:28:13.205+0700] {processor.py:153} INFO - Started process (PID=26144) to work on /home/dmk/anaconda3/lib/python3.9/site-packages/airflow/example_dags/plugins/workday.py
[2022-12-31T21:28:13.210+0700] {processor.py:743} INFO - Processing file /home/dmk/anaconda3/lib/python3.9/site-packages/airflow/example_dags/plugins/workday.py for tasks to queue
[2022-12-31T21:28:13.213+0700] {logging_mixin.py:137} INFO - [2022-12-31T21:28:13.212+0700] {dagbag.py:538} INFO - Filling up the DagBag from /home/dmk/anaconda3/lib/python3.9/site-packages/airflow/example_dags/plugins/workday.py
[2022-12-31T21:28:13.221+0700] {processor.py:755} WARNING - No viable dags retrieved from /home/dmk/anaconda3/lib/python3.9/site-packages/airflow/example_dags/plugins/workday.py
[2022-12-31T21:28:13.257+0700] {processor.py:175} INFO - Processing /home/dmk/anaconda3/lib/python3.9/site-packages/airflow/example_dags/plugins/workday.py took 0.063 seconds
[2022-12-31T21:28:55.091+0700] {processor.py:153} INFO - Started process (PID=26237) to work on /home/dmk/anaconda3/lib/python3.9/site-packages/airflow/example_dags/plugins/workday.py
[2022-12-31T21:28:55.095+0700] {processor.py:743} INFO - Processing file /home/dmk/anaconda3/lib/python3.9/site-packages/airflow/example_dags/plugins/workday.py for tasks to queue
[2022-12-31T21:28:55.098+0700] {logging_mixin.py:137} INFO - [2022-12-31T21:28:55.097+0700] {dagbag.py:538} INFO - Filling up the DagBag from /home/dmk/anaconda3/lib/python3.9/site-packages/airflow/example_dags/plugins/workday.py
[2022-12-31T21:28:55.105+0700] {processor.py:755} WARNING - No viable dags retrieved from /home/dmk/anaconda3/lib/python3.9/site-packages/airflow/example_dags/plugins/workday.py
[2022-12-31T21:28:55.128+0700] {processor.py:175} INFO - Processing /home/dmk/anaconda3/lib/python3.9/site-packages/airflow/example_dags/plugins/workday.py took 0.050 seconds
[2022-12-31T21:29:37.310+0700] {processor.py:153} INFO - Started process (PID=26315) to work on /home/dmk/anaconda3/lib/python3.9/site-packages/airflow/example_dags/plugins/workday.py
[2022-12-31T21:29:37.316+0700] {processor.py:743} INFO - Processing file /home/dmk/anaconda3/lib/python3.9/site-packages/airflow/example_dags/plugins/workday.py for tasks to queue
[2022-12-31T21:29:37.319+0700] {logging_mixin.py:137} INFO - [2022-12-31T21:29:37.319+0700] {dagbag.py:538} INFO - Filling up the DagBag from /home/dmk/anaconda3/lib/python3.9/site-packages/airflow/example_dags/plugins/workday.py
[2022-12-31T21:29:37.327+0700] {processor.py:755} WARNING - No viable dags retrieved from /home/dmk/anaconda3/lib/python3.9/site-packages/airflow/example_dags/plugins/workday.py
[2022-12-31T21:29:37.357+0700] {processor.py:175} INFO - Processing /home/dmk/anaconda3/lib/python3.9/site-packages/airflow/example_dags/plugins/workday.py took 0.059 seconds
[2022-12-31T21:30:35.273+0700] {processor.py:153} INFO - Started process (PID=26472) to work on /home/dmk/anaconda3/lib/python3.9/site-packages/airflow/example_dags/plugins/workday.py
[2022-12-31T21:30:35.278+0700] {processor.py:743} INFO - Processing file /home/dmk/anaconda3/lib/python3.9/site-packages/airflow/example_dags/plugins/workday.py for tasks to queue
[2022-12-31T21:30:35.279+0700] {logging_mixin.py:137} INFO - [2022-12-31T21:30:35.279+0700] {dagbag.py:538} INFO - Filling up the DagBag from /home/dmk/anaconda3/lib/python3.9/site-packages/airflow/example_dags/plugins/workday.py
[2022-12-31T21:30:35.282+0700] {processor.py:755} WARNING - No viable dags retrieved from /home/dmk/anaconda3/lib/python3.9/site-packages/airflow/example_dags/plugins/workday.py
[2022-12-31T21:30:35.299+0700] {processor.py:175} INFO - Processing /home/dmk/anaconda3/lib/python3.9/site-packages/airflow/example_dags/plugins/workday.py took 0.037 seconds
[2022-12-31T21:31:30.965+0700] {processor.py:153} INFO - Started process (PID=26571) to work on /home/dmk/anaconda3/lib/python3.9/site-packages/airflow/example_dags/plugins/workday.py
[2022-12-31T21:31:30.972+0700] {processor.py:743} INFO - Processing file /home/dmk/anaconda3/lib/python3.9/site-packages/airflow/example_dags/plugins/workday.py for tasks to queue
[2022-12-31T21:31:30.976+0700] {logging_mixin.py:137} INFO - [2022-12-31T21:31:30.975+0700] {dagbag.py:538} INFO - Filling up the DagBag from /home/dmk/anaconda3/lib/python3.9/site-packages/airflow/example_dags/plugins/workday.py
[2022-12-31T21:31:30.983+0700] {processor.py:755} WARNING - No viable dags retrieved from /home/dmk/anaconda3/lib/python3.9/site-packages/airflow/example_dags/plugins/workday.py
[2022-12-31T21:31:31.014+0700] {processor.py:175} INFO - Processing /home/dmk/anaconda3/lib/python3.9/site-packages/airflow/example_dags/plugins/workday.py took 0.060 seconds
[2022-12-31T21:32:14.666+0700] {processor.py:153} INFO - Started process (PID=26650) to work on /home/dmk/anaconda3/lib/python3.9/site-packages/airflow/example_dags/plugins/workday.py
[2022-12-31T21:32:14.672+0700] {processor.py:743} INFO - Processing file /home/dmk/anaconda3/lib/python3.9/site-packages/airflow/example_dags/plugins/workday.py for tasks to queue
[2022-12-31T21:32:14.676+0700] {logging_mixin.py:137} INFO - [2022-12-31T21:32:14.675+0700] {dagbag.py:538} INFO - Filling up the DagBag from /home/dmk/anaconda3/lib/python3.9/site-packages/airflow/example_dags/plugins/workday.py
[2022-12-31T21:32:14.682+0700] {processor.py:755} WARNING - No viable dags retrieved from /home/dmk/anaconda3/lib/python3.9/site-packages/airflow/example_dags/plugins/workday.py
[2022-12-31T21:32:14.724+0700] {processor.py:175} INFO - Processing /home/dmk/anaconda3/lib/python3.9/site-packages/airflow/example_dags/plugins/workday.py took 0.070 seconds
[2022-12-31T21:32:58.518+0700] {processor.py:153} INFO - Started process (PID=26733) to work on /home/dmk/anaconda3/lib/python3.9/site-packages/airflow/example_dags/plugins/workday.py
[2022-12-31T21:32:58.520+0700] {processor.py:743} INFO - Processing file /home/dmk/anaconda3/lib/python3.9/site-packages/airflow/example_dags/plugins/workday.py for tasks to queue
[2022-12-31T21:32:58.521+0700] {logging_mixin.py:137} INFO - [2022-12-31T21:32:58.521+0700] {dagbag.py:538} INFO - Filling up the DagBag from /home/dmk/anaconda3/lib/python3.9/site-packages/airflow/example_dags/plugins/workday.py
[2022-12-31T21:32:58.524+0700] {processor.py:755} WARNING - No viable dags retrieved from /home/dmk/anaconda3/lib/python3.9/site-packages/airflow/example_dags/plugins/workday.py
[2022-12-31T21:32:58.535+0700] {processor.py:175} INFO - Processing /home/dmk/anaconda3/lib/python3.9/site-packages/airflow/example_dags/plugins/workday.py took 0.020 seconds
[2022-12-31T21:33:59.673+0700] {processor.py:153} INFO - Started process (PID=26856) to work on /home/dmk/anaconda3/lib/python3.9/site-packages/airflow/example_dags/plugins/workday.py
[2022-12-31T21:33:59.676+0700] {processor.py:743} INFO - Processing file /home/dmk/anaconda3/lib/python3.9/site-packages/airflow/example_dags/plugins/workday.py for tasks to queue
[2022-12-31T21:33:59.678+0700] {logging_mixin.py:137} INFO - [2022-12-31T21:33:59.677+0700] {dagbag.py:538} INFO - Filling up the DagBag from /home/dmk/anaconda3/lib/python3.9/site-packages/airflow/example_dags/plugins/workday.py
[2022-12-31T21:33:59.680+0700] {processor.py:755} WARNING - No viable dags retrieved from /home/dmk/anaconda3/lib/python3.9/site-packages/airflow/example_dags/plugins/workday.py
[2022-12-31T21:33:59.691+0700] {processor.py:175} INFO - Processing /home/dmk/anaconda3/lib/python3.9/site-packages/airflow/example_dags/plugins/workday.py took 0.021 seconds
[2022-12-31T21:34:28.624+0700] {processor.py:153} INFO - Started process (PID=27495) to work on /home/dmk/anaconda3/lib/python3.9/site-packages/airflow/example_dags/plugins/workday.py
[2022-12-31T21:34:28.628+0700] {processor.py:743} INFO - Processing file /home/dmk/anaconda3/lib/python3.9/site-packages/airflow/example_dags/plugins/workday.py for tasks to queue
[2022-12-31T21:34:28.639+0700] {logging_mixin.py:137} INFO - [2022-12-31T21:34:28.638+0700] {dagbag.py:538} INFO - Filling up the DagBag from /home/dmk/anaconda3/lib/python3.9/site-packages/airflow/example_dags/plugins/workday.py
[2022-12-31T21:34:28.645+0700] {processor.py:755} WARNING - No viable dags retrieved from /home/dmk/anaconda3/lib/python3.9/site-packages/airflow/example_dags/plugins/workday.py
[2022-12-31T21:34:28.670+0700] {processor.py:175} INFO - Processing /home/dmk/anaconda3/lib/python3.9/site-packages/airflow/example_dags/plugins/workday.py took 0.054 seconds
[2022-12-31T21:35:17.699+0700] {processor.py:153} INFO - Started process (PID=27851) to work on /home/dmk/anaconda3/lib/python3.9/site-packages/airflow/example_dags/plugins/workday.py
[2022-12-31T21:35:17.703+0700] {processor.py:743} INFO - Processing file /home/dmk/anaconda3/lib/python3.9/site-packages/airflow/example_dags/plugins/workday.py for tasks to queue
[2022-12-31T21:35:17.704+0700] {logging_mixin.py:137} INFO - [2022-12-31T21:35:17.704+0700] {dagbag.py:538} INFO - Filling up the DagBag from /home/dmk/anaconda3/lib/python3.9/site-packages/airflow/example_dags/plugins/workday.py
[2022-12-31T21:35:17.706+0700] {processor.py:755} WARNING - No viable dags retrieved from /home/dmk/anaconda3/lib/python3.9/site-packages/airflow/example_dags/plugins/workday.py
[2022-12-31T21:35:17.719+0700] {processor.py:175} INFO - Processing /home/dmk/anaconda3/lib/python3.9/site-packages/airflow/example_dags/plugins/workday.py took 0.025 seconds
[2022-12-31T21:37:59.749+0700] {processor.py:153} INFO - Started process (PID=28777) to work on /home/dmk/anaconda3/lib/python3.9/site-packages/airflow/example_dags/plugins/workday.py
[2022-12-31T21:37:59.751+0700] {processor.py:743} INFO - Processing file /home/dmk/anaconda3/lib/python3.9/site-packages/airflow/example_dags/plugins/workday.py for tasks to queue
[2022-12-31T21:37:59.752+0700] {logging_mixin.py:137} INFO - [2022-12-31T21:37:59.751+0700] {dagbag.py:538} INFO - Filling up the DagBag from /home/dmk/anaconda3/lib/python3.9/site-packages/airflow/example_dags/plugins/workday.py
[2022-12-31T21:37:59.753+0700] {processor.py:755} WARNING - No viable dags retrieved from /home/dmk/anaconda3/lib/python3.9/site-packages/airflow/example_dags/plugins/workday.py
[2022-12-31T21:37:59.768+0700] {processor.py:175} INFO - Processing /home/dmk/anaconda3/lib/python3.9/site-packages/airflow/example_dags/plugins/workday.py took 0.021 seconds
[2022-12-31T21:38:52.422+0700] {processor.py:153} INFO - Started process (PID=29014) to work on /home/dmk/anaconda3/lib/python3.9/site-packages/airflow/example_dags/plugins/workday.py
[2022-12-31T21:38:52.426+0700] {processor.py:743} INFO - Processing file /home/dmk/anaconda3/lib/python3.9/site-packages/airflow/example_dags/plugins/workday.py for tasks to queue
[2022-12-31T21:38:52.427+0700] {logging_mixin.py:137} INFO - [2022-12-31T21:38:52.427+0700] {dagbag.py:538} INFO - Filling up the DagBag from /home/dmk/anaconda3/lib/python3.9/site-packages/airflow/example_dags/plugins/workday.py
[2022-12-31T21:38:52.430+0700] {processor.py:755} WARNING - No viable dags retrieved from /home/dmk/anaconda3/lib/python3.9/site-packages/airflow/example_dags/plugins/workday.py
[2022-12-31T21:38:52.441+0700] {processor.py:175} INFO - Processing /home/dmk/anaconda3/lib/python3.9/site-packages/airflow/example_dags/plugins/workday.py took 0.027 seconds
[2022-12-31T21:39:39.682+0700] {processor.py:153} INFO - Started process (PID=29158) to work on /home/dmk/anaconda3/lib/python3.9/site-packages/airflow/example_dags/plugins/workday.py
[2022-12-31T21:39:39.688+0700] {processor.py:743} INFO - Processing file /home/dmk/anaconda3/lib/python3.9/site-packages/airflow/example_dags/plugins/workday.py for tasks to queue
[2022-12-31T21:39:39.693+0700] {logging_mixin.py:137} INFO - [2022-12-31T21:39:39.693+0700] {dagbag.py:538} INFO - Filling up the DagBag from /home/dmk/anaconda3/lib/python3.9/site-packages/airflow/example_dags/plugins/workday.py
[2022-12-31T21:39:39.700+0700] {processor.py:755} WARNING - No viable dags retrieved from /home/dmk/anaconda3/lib/python3.9/site-packages/airflow/example_dags/plugins/workday.py
[2022-12-31T21:39:39.724+0700] {processor.py:175} INFO - Processing /home/dmk/anaconda3/lib/python3.9/site-packages/airflow/example_dags/plugins/workday.py took 0.054 seconds
[2022-12-31T21:40:28.103+0700] {processor.py:153} INFO - Started process (PID=29432) to work on /home/dmk/anaconda3/lib/python3.9/site-packages/airflow/example_dags/plugins/workday.py
[2022-12-31T21:40:28.105+0700] {processor.py:743} INFO - Processing file /home/dmk/anaconda3/lib/python3.9/site-packages/airflow/example_dags/plugins/workday.py for tasks to queue
[2022-12-31T21:40:28.106+0700] {logging_mixin.py:137} INFO - [2022-12-31T21:40:28.105+0700] {dagbag.py:538} INFO - Filling up the DagBag from /home/dmk/anaconda3/lib/python3.9/site-packages/airflow/example_dags/plugins/workday.py
[2022-12-31T21:40:28.107+0700] {processor.py:755} WARNING - No viable dags retrieved from /home/dmk/anaconda3/lib/python3.9/site-packages/airflow/example_dags/plugins/workday.py
[2022-12-31T21:40:28.115+0700] {processor.py:175} INFO - Processing /home/dmk/anaconda3/lib/python3.9/site-packages/airflow/example_dags/plugins/workday.py took 0.014 seconds
[2022-12-31T21:41:12.654+0700] {processor.py:153} INFO - Started process (PID=29520) to work on /home/dmk/anaconda3/lib/python3.9/site-packages/airflow/example_dags/plugins/workday.py
[2022-12-31T21:41:12.658+0700] {processor.py:743} INFO - Processing file /home/dmk/anaconda3/lib/python3.9/site-packages/airflow/example_dags/plugins/workday.py for tasks to queue
[2022-12-31T21:41:12.659+0700] {logging_mixin.py:137} INFO - [2022-12-31T21:41:12.658+0700] {dagbag.py:538} INFO - Filling up the DagBag from /home/dmk/anaconda3/lib/python3.9/site-packages/airflow/example_dags/plugins/workday.py
[2022-12-31T21:41:12.660+0700] {processor.py:755} WARNING - No viable dags retrieved from /home/dmk/anaconda3/lib/python3.9/site-packages/airflow/example_dags/plugins/workday.py
[2022-12-31T21:41:12.668+0700] {processor.py:175} INFO - Processing /home/dmk/anaconda3/lib/python3.9/site-packages/airflow/example_dags/plugins/workday.py took 0.017 seconds
[2022-12-31T21:42:00.448+0700] {processor.py:153} INFO - Started process (PID=29725) to work on /home/dmk/anaconda3/lib/python3.9/site-packages/airflow/example_dags/plugins/workday.py
[2022-12-31T21:42:00.453+0700] {processor.py:743} INFO - Processing file /home/dmk/anaconda3/lib/python3.9/site-packages/airflow/example_dags/plugins/workday.py for tasks to queue
[2022-12-31T21:42:00.462+0700] {logging_mixin.py:137} INFO - [2022-12-31T21:42:00.462+0700] {dagbag.py:538} INFO - Filling up the DagBag from /home/dmk/anaconda3/lib/python3.9/site-packages/airflow/example_dags/plugins/workday.py
[2022-12-31T21:42:00.465+0700] {processor.py:755} WARNING - No viable dags retrieved from /home/dmk/anaconda3/lib/python3.9/site-packages/airflow/example_dags/plugins/workday.py
[2022-12-31T21:42:00.476+0700] {processor.py:175} INFO - Processing /home/dmk/anaconda3/lib/python3.9/site-packages/airflow/example_dags/plugins/workday.py took 0.035 seconds
[2022-12-31T21:42:48.590+0700] {processor.py:153} INFO - Started process (PID=29881) to work on /home/dmk/anaconda3/lib/python3.9/site-packages/airflow/example_dags/plugins/workday.py
[2022-12-31T21:42:48.595+0700] {processor.py:743} INFO - Processing file /home/dmk/anaconda3/lib/python3.9/site-packages/airflow/example_dags/plugins/workday.py for tasks to queue
[2022-12-31T21:42:48.596+0700] {logging_mixin.py:137} INFO - [2022-12-31T21:42:48.596+0700] {dagbag.py:538} INFO - Filling up the DagBag from /home/dmk/anaconda3/lib/python3.9/site-packages/airflow/example_dags/plugins/workday.py
[2022-12-31T21:42:48.601+0700] {processor.py:755} WARNING - No viable dags retrieved from /home/dmk/anaconda3/lib/python3.9/site-packages/airflow/example_dags/plugins/workday.py
[2022-12-31T21:42:48.623+0700] {processor.py:175} INFO - Processing /home/dmk/anaconda3/lib/python3.9/site-packages/airflow/example_dags/plugins/workday.py took 0.035 seconds
[2022-12-31T22:20:45.072+0700] {processor.py:153} INFO - Started process (PID=46110) to work on /home/dmk/anaconda3/lib/python3.9/site-packages/airflow/example_dags/plugins/workday.py
[2022-12-31T22:20:45.074+0700] {processor.py:743} INFO - Processing file /home/dmk/anaconda3/lib/python3.9/site-packages/airflow/example_dags/plugins/workday.py for tasks to queue
[2022-12-31T22:20:45.082+0700] {logging_mixin.py:137} INFO - [2022-12-31T22:20:45.081+0700] {dagbag.py:538} INFO - Filling up the DagBag from /home/dmk/anaconda3/lib/python3.9/site-packages/airflow/example_dags/plugins/workday.py
[2022-12-31T22:20:45.083+0700] {processor.py:755} WARNING - No viable dags retrieved from /home/dmk/anaconda3/lib/python3.9/site-packages/airflow/example_dags/plugins/workday.py
[2022-12-31T22:20:45.092+0700] {processor.py:175} INFO - Processing /home/dmk/anaconda3/lib/python3.9/site-packages/airflow/example_dags/plugins/workday.py took 0.023 seconds
[2022-12-31T22:22:59.616+0700] {processor.py:153} INFO - Started process (PID=47534) to work on /home/dmk/anaconda3/lib/python3.9/site-packages/airflow/example_dags/plugins/workday.py
[2022-12-31T22:22:59.620+0700] {processor.py:743} INFO - Processing file /home/dmk/anaconda3/lib/python3.9/site-packages/airflow/example_dags/plugins/workday.py for tasks to queue
[2022-12-31T22:22:59.631+0700] {logging_mixin.py:137} INFO - [2022-12-31T22:22:59.631+0700] {dagbag.py:538} INFO - Filling up the DagBag from /home/dmk/anaconda3/lib/python3.9/site-packages/airflow/example_dags/plugins/workday.py
[2022-12-31T22:22:59.635+0700] {processor.py:755} WARNING - No viable dags retrieved from /home/dmk/anaconda3/lib/python3.9/site-packages/airflow/example_dags/plugins/workday.py
[2022-12-31T22:22:59.650+0700] {processor.py:175} INFO - Processing /home/dmk/anaconda3/lib/python3.9/site-packages/airflow/example_dags/plugins/workday.py took 0.046 seconds
[2022-12-31T22:23:47.329+0700] {processor.py:153} INFO - Started process (PID=47867) to work on /home/dmk/anaconda3/lib/python3.9/site-packages/airflow/example_dags/plugins/workday.py
[2022-12-31T22:23:47.332+0700] {processor.py:743} INFO - Processing file /home/dmk/anaconda3/lib/python3.9/site-packages/airflow/example_dags/plugins/workday.py for tasks to queue
[2022-12-31T22:23:47.332+0700] {logging_mixin.py:137} INFO - [2022-12-31T22:23:47.332+0700] {dagbag.py:538} INFO - Filling up the DagBag from /home/dmk/anaconda3/lib/python3.9/site-packages/airflow/example_dags/plugins/workday.py
[2022-12-31T22:23:47.334+0700] {processor.py:755} WARNING - No viable dags retrieved from /home/dmk/anaconda3/lib/python3.9/site-packages/airflow/example_dags/plugins/workday.py
[2022-12-31T22:23:47.343+0700] {processor.py:175} INFO - Processing /home/dmk/anaconda3/lib/python3.9/site-packages/airflow/example_dags/plugins/workday.py took 0.017 seconds
[2022-12-31T22:24:30.070+0700] {processor.py:153} INFO - Started process (PID=48290) to work on /home/dmk/anaconda3/lib/python3.9/site-packages/airflow/example_dags/plugins/workday.py
[2022-12-31T22:24:30.072+0700] {processor.py:743} INFO - Processing file /home/dmk/anaconda3/lib/python3.9/site-packages/airflow/example_dags/plugins/workday.py for tasks to queue
[2022-12-31T22:24:30.073+0700] {logging_mixin.py:137} INFO - [2022-12-31T22:24:30.073+0700] {dagbag.py:538} INFO - Filling up the DagBag from /home/dmk/anaconda3/lib/python3.9/site-packages/airflow/example_dags/plugins/workday.py
[2022-12-31T22:24:30.075+0700] {processor.py:755} WARNING - No viable dags retrieved from /home/dmk/anaconda3/lib/python3.9/site-packages/airflow/example_dags/plugins/workday.py
[2022-12-31T22:24:30.085+0700] {processor.py:175} INFO - Processing /home/dmk/anaconda3/lib/python3.9/site-packages/airflow/example_dags/plugins/workday.py took 0.021 seconds
[2022-12-31T22:25:06.370+0700] {processor.py:153} INFO - Started process (PID=48761) to work on /home/dmk/anaconda3/envs/airflow/lib/python3.7/site-packages/airflow/example_dags/plugins/workday.py
[2022-12-31T22:25:06.372+0700] {processor.py:743} INFO - Processing file /home/dmk/anaconda3/envs/airflow/lib/python3.7/site-packages/airflow/example_dags/plugins/workday.py for tasks to queue
[2022-12-31T22:25:06.374+0700] {logging_mixin.py:137} INFO - [2022-12-31T22:25:06.373+0700] {dagbag.py:538} INFO - Filling up the DagBag from /home/dmk/anaconda3/envs/airflow/lib/python3.7/site-packages/airflow/example_dags/plugins/workday.py
[2022-12-31T22:25:06.376+0700] {processor.py:755} WARNING - No viable dags retrieved from /home/dmk/anaconda3/envs/airflow/lib/python3.7/site-packages/airflow/example_dags/plugins/workday.py
[2022-12-31T22:25:06.389+0700] {processor.py:175} INFO - Processing /home/dmk/anaconda3/envs/airflow/lib/python3.7/site-packages/airflow/example_dags/plugins/workday.py took 0.023 seconds
[2022-12-31T22:25:58.372+0700] {processor.py:153} INFO - Started process (PID=49749) to work on /home/dmk/anaconda3/envs/airflow/lib/python3.7/site-packages/airflow/example_dags/plugins/workday.py
[2022-12-31T22:25:58.373+0700] {processor.py:743} INFO - Processing file /home/dmk/anaconda3/envs/airflow/lib/python3.7/site-packages/airflow/example_dags/plugins/workday.py for tasks to queue
[2022-12-31T22:25:58.373+0700] {logging_mixin.py:137} INFO - [2022-12-31T22:25:58.373+0700] {dagbag.py:538} INFO - Filling up the DagBag from /home/dmk/anaconda3/envs/airflow/lib/python3.7/site-packages/airflow/example_dags/plugins/workday.py
[2022-12-31T22:25:58.374+0700] {processor.py:755} WARNING - No viable dags retrieved from /home/dmk/anaconda3/envs/airflow/lib/python3.7/site-packages/airflow/example_dags/plugins/workday.py
[2022-12-31T22:25:58.386+0700] {processor.py:175} INFO - Processing /home/dmk/anaconda3/envs/airflow/lib/python3.7/site-packages/airflow/example_dags/plugins/workday.py took 0.017 seconds
[2022-12-31T22:26:48.439+0700] {processor.py:153} INFO - Started process (PID=49937) to work on /home/dmk/anaconda3/envs/airflow/lib/python3.7/site-packages/airflow/example_dags/plugins/workday.py
[2022-12-31T22:26:48.442+0700] {processor.py:743} INFO - Processing file /home/dmk/anaconda3/envs/airflow/lib/python3.7/site-packages/airflow/example_dags/plugins/workday.py for tasks to queue
[2022-12-31T22:26:48.443+0700] {logging_mixin.py:137} INFO - [2022-12-31T22:26:48.443+0700] {dagbag.py:538} INFO - Filling up the DagBag from /home/dmk/anaconda3/envs/airflow/lib/python3.7/site-packages/airflow/example_dags/plugins/workday.py
[2022-12-31T22:26:48.446+0700] {processor.py:755} WARNING - No viable dags retrieved from /home/dmk/anaconda3/envs/airflow/lib/python3.7/site-packages/airflow/example_dags/plugins/workday.py
[2022-12-31T22:26:48.461+0700] {processor.py:175} INFO - Processing /home/dmk/anaconda3/envs/airflow/lib/python3.7/site-packages/airflow/example_dags/plugins/workday.py took 0.028 seconds
[2022-12-31T22:27:36.383+0700] {processor.py:153} INFO - Started process (PID=50230) to work on /home/dmk/anaconda3/envs/airflow/lib/python3.7/site-packages/airflow/example_dags/plugins/workday.py
[2022-12-31T22:27:36.387+0700] {processor.py:743} INFO - Processing file /home/dmk/anaconda3/envs/airflow/lib/python3.7/site-packages/airflow/example_dags/plugins/workday.py for tasks to queue
[2022-12-31T22:27:36.389+0700] {logging_mixin.py:137} INFO - [2022-12-31T22:27:36.388+0700] {dagbag.py:538} INFO - Filling up the DagBag from /home/dmk/anaconda3/envs/airflow/lib/python3.7/site-packages/airflow/example_dags/plugins/workday.py
[2022-12-31T22:27:36.394+0700] {processor.py:755} WARNING - No viable dags retrieved from /home/dmk/anaconda3/envs/airflow/lib/python3.7/site-packages/airflow/example_dags/plugins/workday.py
[2022-12-31T22:27:36.410+0700] {processor.py:175} INFO - Processing /home/dmk/anaconda3/envs/airflow/lib/python3.7/site-packages/airflow/example_dags/plugins/workday.py took 0.032 seconds
[2022-12-31T22:28:27.408+0700] {processor.py:153} INFO - Started process (PID=50595) to work on /home/dmk/anaconda3/envs/airflow/lib/python3.7/site-packages/airflow/example_dags/plugins/workday.py
[2022-12-31T22:28:27.412+0700] {processor.py:743} INFO - Processing file /home/dmk/anaconda3/envs/airflow/lib/python3.7/site-packages/airflow/example_dags/plugins/workday.py for tasks to queue
[2022-12-31T22:28:27.413+0700] {logging_mixin.py:137} INFO - [2022-12-31T22:28:27.413+0700] {dagbag.py:538} INFO - Filling up the DagBag from /home/dmk/anaconda3/envs/airflow/lib/python3.7/site-packages/airflow/example_dags/plugins/workday.py
[2022-12-31T22:28:27.415+0700] {processor.py:755} WARNING - No viable dags retrieved from /home/dmk/anaconda3/envs/airflow/lib/python3.7/site-packages/airflow/example_dags/plugins/workday.py
[2022-12-31T22:28:27.423+0700] {processor.py:175} INFO - Processing /home/dmk/anaconda3/envs/airflow/lib/python3.7/site-packages/airflow/example_dags/plugins/workday.py took 0.020 seconds
[2022-12-31T22:29:15.193+0700] {processor.py:153} INFO - Started process (PID=50698) to work on /home/dmk/anaconda3/envs/airflow/lib/python3.7/site-packages/airflow/example_dags/plugins/workday.py
[2022-12-31T22:29:15.195+0700] {processor.py:743} INFO - Processing file /home/dmk/anaconda3/envs/airflow/lib/python3.7/site-packages/airflow/example_dags/plugins/workday.py for tasks to queue
[2022-12-31T22:29:15.195+0700] {logging_mixin.py:137} INFO - [2022-12-31T22:29:15.195+0700] {dagbag.py:538} INFO - Filling up the DagBag from /home/dmk/anaconda3/envs/airflow/lib/python3.7/site-packages/airflow/example_dags/plugins/workday.py
[2022-12-31T22:29:15.197+0700] {processor.py:755} WARNING - No viable dags retrieved from /home/dmk/anaconda3/envs/airflow/lib/python3.7/site-packages/airflow/example_dags/plugins/workday.py
[2022-12-31T22:29:15.209+0700] {processor.py:175} INFO - Processing /home/dmk/anaconda3/envs/airflow/lib/python3.7/site-packages/airflow/example_dags/plugins/workday.py took 0.020 seconds
[2022-12-31T22:30:02.529+0700] {processor.py:153} INFO - Started process (PID=51292) to work on /home/dmk/anaconda3/envs/airflow/lib/python3.7/site-packages/airflow/example_dags/plugins/workday.py
[2022-12-31T22:30:02.534+0700] {processor.py:743} INFO - Processing file /home/dmk/anaconda3/envs/airflow/lib/python3.7/site-packages/airflow/example_dags/plugins/workday.py for tasks to queue
[2022-12-31T22:30:02.536+0700] {logging_mixin.py:137} INFO - [2022-12-31T22:30:02.536+0700] {dagbag.py:538} INFO - Filling up the DagBag from /home/dmk/anaconda3/envs/airflow/lib/python3.7/site-packages/airflow/example_dags/plugins/workday.py
[2022-12-31T22:30:02.540+0700] {processor.py:755} WARNING - No viable dags retrieved from /home/dmk/anaconda3/envs/airflow/lib/python3.7/site-packages/airflow/example_dags/plugins/workday.py
[2022-12-31T22:30:02.555+0700] {processor.py:175} INFO - Processing /home/dmk/anaconda3/envs/airflow/lib/python3.7/site-packages/airflow/example_dags/plugins/workday.py took 0.033 seconds
[2022-12-31T22:30:50.531+0700] {processor.py:153} INFO - Started process (PID=51605) to work on /home/dmk/anaconda3/envs/airflow/lib/python3.7/site-packages/airflow/example_dags/plugins/workday.py
[2022-12-31T22:30:50.537+0700] {processor.py:743} INFO - Processing file /home/dmk/anaconda3/envs/airflow/lib/python3.7/site-packages/airflow/example_dags/plugins/workday.py for tasks to queue
[2022-12-31T22:30:50.539+0700] {logging_mixin.py:137} INFO - [2022-12-31T22:30:50.539+0700] {dagbag.py:538} INFO - Filling up the DagBag from /home/dmk/anaconda3/envs/airflow/lib/python3.7/site-packages/airflow/example_dags/plugins/workday.py
[2022-12-31T22:30:50.544+0700] {processor.py:755} WARNING - No viable dags retrieved from /home/dmk/anaconda3/envs/airflow/lib/python3.7/site-packages/airflow/example_dags/plugins/workday.py
[2022-12-31T22:30:50.559+0700] {processor.py:175} INFO - Processing /home/dmk/anaconda3/envs/airflow/lib/python3.7/site-packages/airflow/example_dags/plugins/workday.py took 0.036 seconds
[2022-12-31T22:31:38.312+0700] {processor.py:153} INFO - Started process (PID=51798) to work on /home/dmk/anaconda3/envs/airflow/lib/python3.7/site-packages/airflow/example_dags/plugins/workday.py
[2022-12-31T22:31:38.318+0700] {processor.py:743} INFO - Processing file /home/dmk/anaconda3/envs/airflow/lib/python3.7/site-packages/airflow/example_dags/plugins/workday.py for tasks to queue
[2022-12-31T22:31:38.320+0700] {logging_mixin.py:137} INFO - [2022-12-31T22:31:38.320+0700] {dagbag.py:538} INFO - Filling up the DagBag from /home/dmk/anaconda3/envs/airflow/lib/python3.7/site-packages/airflow/example_dags/plugins/workday.py
[2022-12-31T22:31:38.323+0700] {processor.py:755} WARNING - No viable dags retrieved from /home/dmk/anaconda3/envs/airflow/lib/python3.7/site-packages/airflow/example_dags/plugins/workday.py
[2022-12-31T22:31:38.337+0700] {processor.py:175} INFO - Processing /home/dmk/anaconda3/envs/airflow/lib/python3.7/site-packages/airflow/example_dags/plugins/workday.py took 0.034 seconds
[2022-12-31T22:32:26.768+0700] {processor.py:153} INFO - Started process (PID=51873) to work on /home/dmk/anaconda3/envs/airflow/lib/python3.7/site-packages/airflow/example_dags/plugins/workday.py
[2022-12-31T22:32:26.771+0700] {processor.py:743} INFO - Processing file /home/dmk/anaconda3/envs/airflow/lib/python3.7/site-packages/airflow/example_dags/plugins/workday.py for tasks to queue
[2022-12-31T22:32:26.773+0700] {logging_mixin.py:137} INFO - [2022-12-31T22:32:26.772+0700] {dagbag.py:538} INFO - Filling up the DagBag from /home/dmk/anaconda3/envs/airflow/lib/python3.7/site-packages/airflow/example_dags/plugins/workday.py
[2022-12-31T22:32:26.776+0700] {processor.py:755} WARNING - No viable dags retrieved from /home/dmk/anaconda3/envs/airflow/lib/python3.7/site-packages/airflow/example_dags/plugins/workday.py
[2022-12-31T22:32:26.803+0700] {processor.py:175} INFO - Processing /home/dmk/anaconda3/envs/airflow/lib/python3.7/site-packages/airflow/example_dags/plugins/workday.py took 0.058 seconds
