[2022-12-31T20:37:13.590+0700] {taskinstance.py:1077} INFO - Dependencies not met for <TaskInstance: tutorial.sleep manual__2022-12-31T13:03:43.883841+00:00 [up_for_retry]>, dependency 'Not In Retry Period' FAILED: Task is not ready for retry yet but will be retried automatically. Current date is 2022-12-31T13:37:13.590410+00:00 and task will be retried at 2022-12-31T13:41:54.348169+00:00.
[2022-12-31T20:37:13.592+0700] {local_task_job.py:98} INFO - Task is not able to be run
[2022-12-31T20:46:43.515+0700] {taskinstance.py:1087} INFO - Dependencies all met for <TaskInstance: tutorial.sleep manual__2022-12-31T13:03:43.883841+00:00 [queued]>
[2022-12-31T20:46:43.522+0700] {taskinstance.py:1087} INFO - Dependencies all met for <TaskInstance: tutorial.sleep manual__2022-12-31T13:03:43.883841+00:00 [queued]>
[2022-12-31T20:46:43.522+0700] {taskinstance.py:1283} INFO - 
--------------------------------------------------------------------------------
[2022-12-31T20:46:43.522+0700] {taskinstance.py:1284} INFO - Starting attempt 2 of 4
[2022-12-31T20:46:43.522+0700] {taskinstance.py:1285} INFO - 
--------------------------------------------------------------------------------
[2022-12-31T20:46:43.559+0700] {taskinstance.py:1304} INFO - Executing <Task(BashOperator): sleep> on 2022-12-31 13:03:43.883841+00:00
[2022-12-31T20:46:43.567+0700] {standard_task_runner.py:55} INFO - Started process 7051 to run task
[2022-12-31T20:46:43.573+0700] {standard_task_runner.py:82} INFO - Running: ['airflow', 'tasks', 'run', 'tutorial', 'sleep', 'manual__2022-12-31T13:03:43.883841+00:00', '--job-id', '31', '--raw', '--subdir', 'DAGS_FOLDER/tutorial.py', '--cfg-path', '/tmp/tmpk1ismsyp']
[2022-12-31T20:46:43.576+0700] {standard_task_runner.py:83} INFO - Job 31: Subtask sleep
[2022-12-31T20:46:43.623+0700] {task_command.py:389} INFO - Running <TaskInstance: tutorial.sleep manual__2022-12-31T13:03:43.883841+00:00 [running]> on host daominhkhanh
[2022-12-31T20:46:43.667+0700] {taskinstance.py:1511} INFO - Exporting the following env vars:
AIRFLOW_CTX_DAG_EMAIL=airflow@example.com
AIRFLOW_CTX_DAG_OWNER=airflow
AIRFLOW_CTX_DAG_ID=tutorial
AIRFLOW_CTX_TASK_ID=sleep
AIRFLOW_CTX_EXECUTION_DATE=2022-12-31T13:03:43.883841+00:00
AIRFLOW_CTX_TRY_NUMBER=2
AIRFLOW_CTX_DAG_RUN_ID=manual__2022-12-31T13:03:43.883841+00:00
[2022-12-31T20:46:43.668+0700] {subprocess.py:63} INFO - Tmp dir root location: 
 /tmp
[2022-12-31T20:46:43.668+0700] {subprocess.py:75} INFO - Running command: ['/usr/bin/bash', '-c', 'sleep 5']
[2022-12-31T20:46:43.674+0700] {subprocess.py:86} INFO - Output:
[2022-12-31T20:46:48.676+0700] {subprocess.py:97} INFO - Command exited with return code 0
[2022-12-31T20:46:48.725+0700] {taskinstance.py:1322} INFO - Marking task as SUCCESS. dag_id=tutorial, task_id=sleep, execution_date=20221231T130343, start_date=20221231T134643, end_date=20221231T134648
[2022-12-31T20:46:48.788+0700] {local_task_job.py:159} INFO - Task exited with return code 0
[2022-12-31T20:46:48.802+0700] {taskinstance.py:2582} INFO - 0 downstream tasks scheduled from follow-on schedule check
