[2022-12-31T20:36:41.395+0700] {taskinstance.py:1087} INFO - Dependencies all met for <TaskInstance: tutorial.sleep scheduled__2022-12-30T13:03:00.889962+00:00 [queued]>
[2022-12-31T20:36:41.402+0700] {taskinstance.py:1087} INFO - Dependencies all met for <TaskInstance: tutorial.sleep scheduled__2022-12-30T13:03:00.889962+00:00 [queued]>
[2022-12-31T20:36:41.402+0700] {taskinstance.py:1283} INFO - 
--------------------------------------------------------------------------------
[2022-12-31T20:36:41.402+0700] {taskinstance.py:1284} INFO - Starting attempt 1 of 4
[2022-12-31T20:36:41.402+0700] {taskinstance.py:1285} INFO - 
--------------------------------------------------------------------------------
[2022-12-31T20:36:41.417+0700] {taskinstance.py:1304} INFO - Executing <Task(BashOperator): sleep> on 2022-12-30 13:03:00.889962+00:00
[2022-12-31T20:36:41.420+0700] {standard_task_runner.py:55} INFO - Started process 155356 to run task
[2022-12-31T20:36:41.422+0700] {standard_task_runner.py:82} INFO - Running: ['airflow', 'tasks', 'run', 'tutorial', 'sleep', 'scheduled__2022-12-30T13:03:00.889962+00:00', '--job-id', '14', '--raw', '--subdir', 'DAGS_FOLDER/tutorial.py', '--cfg-path', '/tmp/tmpk6wbq0ym']
[2022-12-31T20:36:41.423+0700] {standard_task_runner.py:83} INFO - Job 14: Subtask sleep
[2022-12-31T20:36:41.464+0700] {task_command.py:389} INFO - Running <TaskInstance: tutorial.sleep scheduled__2022-12-30T13:03:00.889962+00:00 [running]> on host daominhkhanh
[2022-12-31T20:36:41.513+0700] {taskinstance.py:1511} INFO - Exporting the following env vars:
AIRFLOW_CTX_DAG_EMAIL=airflow@example.com
AIRFLOW_CTX_DAG_OWNER=airflow
AIRFLOW_CTX_DAG_ID=tutorial
AIRFLOW_CTX_TASK_ID=sleep
AIRFLOW_CTX_EXECUTION_DATE=2022-12-30T13:03:00.889962+00:00
AIRFLOW_CTX_TRY_NUMBER=1
AIRFLOW_CTX_DAG_RUN_ID=scheduled__2022-12-30T13:03:00.889962+00:00
[2022-12-31T20:36:41.514+0700] {subprocess.py:63} INFO - Tmp dir root location: 
 /tmp
[2022-12-31T20:36:41.514+0700] {subprocess.py:75} INFO - Running command: ['/usr/bin/bash', '-c', 'sleep 5']
[2022-12-31T20:36:41.521+0700] {subprocess.py:86} INFO - Output:
[2022-12-31T20:36:46.523+0700] {subprocess.py:97} INFO - Command exited with return code 0
[2022-12-31T20:36:46.555+0700] {taskinstance.py:1322} INFO - Marking task as SUCCESS. dag_id=tutorial, task_id=sleep, execution_date=20221230T130300, start_date=20221231T133641, end_date=20221231T133646
[2022-12-31T20:36:46.584+0700] {local_task_job.py:159} INFO - Task exited with return code 0
[2022-12-31T20:36:46.593+0700] {taskinstance.py:2582} INFO - 0 downstream tasks scheduled from follow-on schedule check
