[2023-01-01T11:54:34.567+0700] {taskinstance.py:1087} INFO - Dependencies all met for <TaskInstance: run_daily.run_script scheduled__2022-12-30T00:00:00+00:00 [queued]>
[2023-01-01T11:54:34.584+0700] {taskinstance.py:1087} INFO - Dependencies all met for <TaskInstance: run_daily.run_script scheduled__2022-12-30T00:00:00+00:00 [queued]>
[2023-01-01T11:54:34.584+0700] {taskinstance.py:1283} INFO - 
--------------------------------------------------------------------------------
[2023-01-01T11:54:34.584+0700] {taskinstance.py:1284} INFO - Starting attempt 1 of 2
[2023-01-01T11:54:34.584+0700] {taskinstance.py:1285} INFO - 
--------------------------------------------------------------------------------
[2023-01-01T11:54:34.638+0700] {taskinstance.py:1304} INFO - Executing <Task(BashOperator): run_script> on 2022-12-30 00:00:00+00:00
[2023-01-01T11:54:34.644+0700] {standard_task_runner.py:55} INFO - Started process 95748 to run task
[2023-01-01T11:54:34.662+0700] {standard_task_runner.py:82} INFO - Running: ['airflow', 'tasks', 'run', 'run_daily', 'run_script', 'scheduled__2022-12-30T00:00:00+00:00', '--job-id', '12', '--raw', '--subdir', 'DAGS_FOLDER/run_daily.py', '--cfg-path', '/tmp/tmp7abt4s4i']
[2023-01-01T11:54:34.674+0700] {standard_task_runner.py:83} INFO - Job 12: Subtask run_script
[2023-01-01T11:54:34.728+0700] {task_command.py:389} INFO - Running <TaskInstance: run_daily.run_script scheduled__2022-12-30T00:00:00+00:00 [running]> on host daominhkhanh
[2023-01-01T11:54:34.815+0700] {taskinstance.py:1513} INFO - Exporting the following env vars:
AIRFLOW_CTX_DAG_EMAIL=airflow@example.com
AIRFLOW_CTX_DAG_OWNER=airflow
AIRFLOW_CTX_DAG_ID=run_daily
AIRFLOW_CTX_TASK_ID=run_script
AIRFLOW_CTX_EXECUTION_DATE=2022-12-30T00:00:00+00:00
AIRFLOW_CTX_TRY_NUMBER=1
AIRFLOW_CTX_DAG_RUN_ID=scheduled__2022-12-30T00:00:00+00:00
[2023-01-01T11:54:34.817+0700] {subprocess.py:63} INFO - Tmp dir root location: 
 /tmp
[2023-01-01T11:54:34.818+0700] {subprocess.py:75} INFO - Running command: ['/usr/bin/bash', '-c', 'python3 /home/dmk/main.py']
[2023-01-01T11:54:34.827+0700] {subprocess.py:86} INFO - Output:
[2023-01-01T11:54:34.851+0700] {subprocess.py:93} INFO - 0
[2023-01-01T11:54:34.851+0700] {subprocess.py:93} INFO - 1
[2023-01-01T11:54:34.851+0700] {subprocess.py:93} INFO - 2
[2023-01-01T11:54:34.852+0700] {subprocess.py:93} INFO - 3
[2023-01-01T11:54:34.852+0700] {subprocess.py:93} INFO - 4
[2023-01-01T11:54:34.852+0700] {subprocess.py:93} INFO - 5
[2023-01-01T11:54:34.852+0700] {subprocess.py:93} INFO - 6
[2023-01-01T11:54:34.852+0700] {subprocess.py:93} INFO - 7
[2023-01-01T11:54:34.852+0700] {subprocess.py:93} INFO - 8
[2023-01-01T11:54:34.852+0700] {subprocess.py:93} INFO - 9
[2023-01-01T11:54:34.854+0700] {subprocess.py:97} INFO - Command exited with return code 0
[2023-01-01T11:54:34.889+0700] {taskinstance.py:1327} INFO - Marking task as SUCCESS. dag_id=run_daily, task_id=run_script, execution_date=20221230T000000, start_date=20230101T045434, end_date=20230101T045434
[2023-01-01T11:54:34.960+0700] {local_task_job.py:159} INFO - Task exited with return code 0
[2023-01-01T11:54:34.988+0700] {taskinstance.py:2582} INFO - 0 downstream tasks scheduled from follow-on schedule check
